-------------------------------------------------------------------
         SDDP.jl (c) Oscar Dowson and contributors, 2017-24
-------------------------------------------------------------------
problem
  nodes           : 30
  state variables : 5
  scenarios       : 9.08203e+11
  existing cuts   : false
options
  solver          : serial mode
  risk measure    : A convex combination of 0.5 * SDDP.Expectation() + 0.5 * SDDP.AVaR(0.25)
  sampling scheme : SDDP.SimulatorSamplingScheme{typeof(Main.__atexample__named__example_milk_producer.simulator)}
subproblem structure
  VariableRef                             : [15, 15]
  AffExpr in MOI.EqualTo{Float64}         : [5, 5]
  VariableRef in MOI.GreaterThan{Float64} : [8, 9]
  VariableRef in MOI.LessThan{Float64}    : [4, 4]
numerical stability report
  matrix range     [1e+00, 1e+00]
  objective range  [1e+00, 1e+01]
  bounds range     [2e+00, 1e+02]
  rhs range        [0e+00, 0e+00]
-------------------------------------------------------------------
 iteration    simulation      bound        time (s)     solves  pid
-------------------------------------------------------------------
         1  -1.114799e+01  3.545185e+01  1.180311e+00       137   1
        62   9.040970e+00  7.626399e+00  2.198252e+00      8949   1
       113   1.062684e+01  7.603280e+00  3.216751e+00     16271   1
       153   9.681231e+00  7.600214e+00  4.226271e+00     22116   1
       193   8.013342e+00  7.599034e+00  5.247021e+00     27906   1
       230   1.142325e+01  7.597171e+00  6.255217e+00     33210   1
       266   8.622312e+00  7.597171e+00  7.269634e+00     38307   1
       298   9.866154e+00  7.597171e+00  8.282487e+00     42971   1
       330   1.065602e+01  7.596541e+00  9.299610e+00     47525   1
       467   1.243049e+01  7.595657e+00  1.430977e+01     67449   1
       587   1.030624e+01  7.593185e+00  1.935196e+01     84809   1
       601   6.318977e+00  7.593185e+00  2.003671e+01     86827   1
-------------------------------------------------------------------
status         : time_limit
total time (s) : 2.003671e+01
total solves   : 86827
best bound     :  7.593185e+00
simulation ci  :  8.863992e+00 ± 2.521656e-01
numeric issues : 0
-------------------------------------------------------------------

-------------------------------------------------------------------
         SDDP.jl (c) Oscar Dowson and contributors, 2017-24
-------------------------------------------------------------------
problem
  nodes           : 2
  state variables : 1
  scenarios       : 1.00000e+02
  existing cuts   : false
options
  solver          : serial mode
  risk measure    : SDDP.Expectation()
  sampling scheme : SDDP.InSampleMonteCarlo
subproblem structure
  VariableRef                             : [4, 4]
  AffExpr in MOI.EqualTo{Float64}         : [1, 1]
  AffExpr in MOI.LessThan{Float64}        : [1, 1]
  VariableRef in MOI.GreaterThan{Float64} : [2, 3]
  VariableRef in MOI.LessThan{Float64}    : [1, 1]
numerical stability report
  matrix range     [1e+00, 1e+00]
  objective range  [1e-01, 5e+00]
  bounds range     [2e+02, 1e+03]
  rhs range        [0e+00, 0e+00]
-------------------------------------------------------------------
 iteration    simulation      bound        time (s)     solves  pid
-------------------------------------------------------------------
         1   0.000000e+00  7.374254e+02  6.705046e-03       103   1
         2   4.244256e+02  5.989266e+02  2.396798e-02       406   1
         3   5.464028e+02  5.651849e+02  2.863884e-02       509   1
         4   5.243923e+02  5.627496e+02  3.351402e-02       612   1
         5   5.614871e+02  5.615709e+02  3.839087e-02       715   1
         6   6.106244e+02  5.611340e+02  4.310703e-02       818   1
         7   5.928934e+02  5.610855e+02  4.787207e-02       921   1
         8   5.171604e+02  5.610746e+02  5.263805e-02      1024   1
         9   5.524314e+02  5.610717e+02  5.741787e-02      1127   1
        10   6.093238e+02  5.610711e+02  6.224799e-02      1230   1
        11   6.092758e+02  5.610711e+02  6.712103e-02      1333   1
        12   5.664527e+02  5.610711e+02  7.177687e-02      1436   1
        13   6.092758e+02  5.610711e+02  7.662487e-02      1539   1
        14   5.529416e+02  5.610711e+02  8.149600e-02      1642   1
        15   5.391584e+02  5.610711e+02  8.661604e-02      1745   1
        16   6.092758e+02  5.610711e+02  9.151602e-02      1848   1
        17   5.247308e+02  5.610711e+02  9.641886e-02      1951   1
        18   6.092758e+02  5.610711e+02  1.013319e-01      2054   1
        19   5.350120e+02  5.610711e+02  1.063030e-01      2157   1
        20   5.477569e+02  5.610711e+02  1.113179e-01      2260   1
        21   6.092758e+02  5.610711e+02  1.314960e-01      2563   1
        22   5.949172e+02  5.610711e+02  1.364689e-01      2666   1
        23   4.901623e+02  5.610711e+02  1.414790e-01      2769   1
        24   6.092758e+02  5.610711e+02  1.465120e-01      2872   1
        25   6.092758e+02  5.610711e+02  1.514549e-01      2975   1
        26   6.092758e+02  5.610711e+02  1.564379e-01      3078   1
        27   5.473925e+02  5.610711e+02  1.615329e-01      3181   1
        28   5.723504e+02  5.610711e+02  1.669009e-01      3284   1
        29   4.553356e+02  5.610711e+02  1.723020e-01      3387   1
        30   4.337632e+02  5.610711e+02  1.776159e-01      3490   1
        31   5.115485e+02  5.610711e+02  1.830750e-01      3593   1
        32   6.092758e+02  5.610711e+02  1.885409e-01      3696   1
        33   6.092758e+02  5.610711e+02  1.940379e-01      3799   1
        34   5.247308e+02  5.610711e+02  1.994469e-01      3902   1
        35   4.048318e+02  5.610711e+02  2.049239e-01      4005   1
        36   6.092758e+02  5.610711e+02  2.103970e-01      4108   1
        37   6.092758e+02  5.610711e+02  2.158589e-01      4211   1
        38   5.907479e+02  5.610711e+02  2.213590e-01      4314   1
        39   5.907479e+02  5.610711e+02  2.268779e-01      4417   1
        40   6.092758e+02  5.610711e+02  2.323411e-01      4520   1
-------------------------------------------------------------------
status         : simulation_stopping
total time (s) : 2.323411e-01
total solves   : 4520
best bound     :  5.610711e+02
simulation ci  :  5.460577e+02 ± 3.256338e+01
numeric issues : 0
-------------------------------------------------------------------

-------------------------------------------------------------------
         SDDP.jl (c) Oscar Dowson and contributors, 2017-24
-------------------------------------------------------------------
problem
  nodes           : 52
  state variables : 1
  scenarios       : 1.00000e+00
  existing cuts   : false
options
  solver          : serial mode
  risk measure    : SDDP.Expectation()
  sampling scheme : SDDP.InSampleMonteCarlo
subproblem structure
  VariableRef                             : [7, 7]
  AffExpr in MOI.EqualTo{Float64}         : [2, 2]
  VariableRef in MOI.EqualTo{Float64}     : [1, 1]
  VariableRef in MOI.GreaterThan{Float64} : [5, 5]
  VariableRef in MOI.LessThan{Float64}    : [2, 3]
numerical stability report
  matrix range     [1e+00, 1e+00]
  objective range  [1e+00, 2e+01]
  bounds range     [1e+01, 3e+02]
  rhs range        [7e+00, 1e+01]
-------------------------------------------------------------------
 iteration    simulation      bound        time (s)     solves  pid
-------------------------------------------------------------------
         1   1.079600e+03  3.157700e+02  4.580998e-02       104   1
        10   6.829100e+02  6.829100e+02  1.463311e-01      1040   1
-------------------------------------------------------------------
status         : iteration_limit
total time (s) : 1.463311e-01
total solves   : 1040
best bound     :  6.829100e+02
simulation ci  :  7.289889e+02 ± 7.726064e+01
numeric issues : 0
-------------------------------------------------------------------

-------------------------------------------------------------------
         SDDP.jl (c) Oscar Dowson and contributors, 2017-24
-------------------------------------------------------------------
problem
  nodes           : 52
  state variables : 1
  scenarios       : 6.46108e+24
  existing cuts   : false
options
  solver          : serial mode
  risk measure    : SDDP.Expectation()
  sampling scheme : SDDP.InSampleMonteCarlo
subproblem structure
  VariableRef                             : [7, 7]
  AffExpr in MOI.EqualTo{Float64}         : [2, 2]
  VariableRef in MOI.GreaterThan{Float64} : [5, 5]
  VariableRef in MOI.LessThan{Float64}    : [2, 3]
numerical stability report
  matrix range     [1e+00, 1e+00]
  objective range  [1e+00, 2e+01]
  bounds range     [1e+01, 3e+02]
  rhs range        [7e+00, 1e+01]
-------------------------------------------------------------------
 iteration    simulation      bound        time (s)     solves  pid
-------------------------------------------------------------------
         1   5.459100e+02  2.208065e+01  5.047488e-02       208   1
        44   2.711867e+02  2.474696e+02  1.060123e+00      9152   1
        82   2.670100e+02  2.606039e+02  2.089415e+00     17056   1
       100   1.175771e+02  2.664916e+02  2.616401e+00     20800   1
-------------------------------------------------------------------
status         : iteration_limit
total time (s) : 2.616401e+00
total solves   : 20800
best bound     :  2.664916e+02
simulation ci  :  3.168376e+02 ± 4.673540e+01
numeric issues : 0
-------------------------------------------------------------------

-------------------------------------------------------------------
         SDDP.jl (c) Oscar Dowson and contributors, 2017-24
-------------------------------------------------------------------
problem
  nodes           : 52
  state variables : 1
  scenarios       : Inf
  existing cuts   : false
options
  solver          : serial mode
  risk measure    : SDDP.Expectation()
  sampling scheme : SDDP.InSampleMonteCarlo
subproblem structure
  VariableRef                             : [7, 7]
  AffExpr in MOI.EqualTo{Float64}         : [2, 2]
  VariableRef in MOI.GreaterThan{Float64} : [5, 5]
  VariableRef in MOI.LessThan{Float64}    : [2, 2]
numerical stability report
  matrix range     [1e+00, 1e+00]
  objective range  [1e+00, 2e+01]
  bounds range     [1e+01, 3e+02]
  rhs range        [7e+00, 1e+01]
-------------------------------------------------------------------
 iteration    simulation      bound        time (s)     solves  pid
-------------------------------------------------------------------
         1   2.801072e+04  2.050539e+04  1.333351e-01      1251   1
         5   1.492780e+05  9.039899e+04  1.475097e+00     16447   1
        10   3.094022e+04  9.258298e+04  2.565136e+00     27278   1
        15   5.015099e+04  9.307897e+04  3.735509e+00     37069   1
        18   2.362928e+05  9.323927e+04  6.036497e+00     54134   1
        21   2.764119e+05  9.325647e+04  7.946907e+00     67039   1
        24   1.432765e+04  9.333281e+04  9.028758e+00     74120   1
        31   9.289154e+04  9.335845e+04  1.420924e+01    103677   1
        45   9.875017e+04  9.336932e+04  1.991525e+01    132423   1
        55   3.503338e+04  9.337380e+04  2.523988e+01    156581   1
        61   2.587587e+05  9.337534e+04  3.118000e+01    181351   1
        65   3.282236e+05  9.338074e+04  3.855641e+01    209859   1
        72   1.454298e+05  9.338258e+04  4.472728e+01    231928   1
        77   1.894625e+04  9.338448e+04  4.979448e+01    248999   1
        82   1.136197e+05  9.338573e+04  5.619704e+01    269606   1
        87   3.512442e+05  9.338646e+04  6.360455e+01    292501   1
        91   2.080396e+05  9.338704e+04  6.980207e+01    311025   1
        94   8.467875e+04  9.338715e+04  7.564137e+01    327882   1
        99   2.251275e+05  9.338747e+04  8.286249e+01    347865   1
       100   5.010096e+04  9.338862e+04  8.369873e+01    350156   1
-------------------------------------------------------------------
status         : iteration_limit
total time (s) : 8.369873e+01
total solves   : 350156
best bound     :  9.338862e+04
simulation ci  :  7.787294e+04 ± 1.496403e+04
numeric issues : 0
-------------------------------------------------------------------

-------------------------------------------------------------------
         SDDP.jl (c) Oscar Dowson and contributors, 2017-24
-------------------------------------------------------------------
problem
  nodes           : 3
  state variables : 1
  scenarios       : 2.70000e+01
  existing cuts   : false
options
  solver          : serial mode
  risk measure    : SDDP.Expectation()
  sampling scheme : SDDP.InSampleMonteCarlo
subproblem structure
  VariableRef                             : [7, 7]
  AffExpr in MOI.EqualTo{Float64}         : [2, 2]
  VariableRef in MOI.GreaterThan{Float64} : [5, 5]
  VariableRef in MOI.LessThan{Float64}    : [1, 2]
numerical stability report
  matrix range     [1e+00, 1e+00]
  objective range  [1e+00, 2e+02]
  bounds range     [2e+02, 2e+02]
  rhs range        [2e+02, 2e+02]
-------------------------------------------------------------------
 iteration    simulation      bound        time (s)     solves  pid
-------------------------------------------------------------------
         1   2.000000e+04  3.437500e+03  3.767967e-03        12   1
        10   2.500000e+03  8.333333e+03  1.431990e-02       120   1
-------------------------------------------------------------------
status         : iteration_limit
total time (s) : 1.431990e-02
total solves   : 120
best bound     :  8.333333e+03
simulation ci  :  9.406250e+03 ± 3.080753e+03
numeric issues : 0
-------------------------------------------------------------------

-------------------------------------------------------------------
         SDDP.jl (c) Oscar Dowson and contributors, 2017-24
-------------------------------------------------------------------
problem
  nodes           : 5
  state variables : 1
  scenarios       : 1.08000e+02
  existing cuts   : false
options
  solver          : serial mode
  risk measure    : SDDP.Expectation()
  sampling scheme : SDDP.InSampleMonteCarlo
subproblem structure
  VariableRef                             : [7, 7]
  AffExpr in MOI.EqualTo{Float64}         : [2, 2]
  VariableRef in MOI.GreaterThan{Float64} : [5, 5]
  VariableRef in MOI.LessThan{Float64}    : [1, 2]
numerical stability report
  matrix range     [1e+00, 1e+00]
  objective range  [1e+00, 2e+02]
  bounds range     [2e+02, 2e+02]
  rhs range        [2e+02, 2e+02]
-------------------------------------------------------------------
 iteration    simulation      bound        time (s)     solves  pid
-------------------------------------------------------------------
         1   2.500000e+04  1.991887e+03  5.815983e-03        18   1
        40   5.000000e+03  8.072917e+03  1.371391e-01      1320   1
-------------------------------------------------------------------
status         : simulation_stopping
total time (s) : 1.371391e-01
total solves   : 1320
best bound     :  8.072917e+03
simulation ci  :  7.033616e+03 ± 2.136483e+03
numeric issues : 0
-------------------------------------------------------------------

-------------------------------------------------------------------
         SDDP.jl (c) Oscar Dowson and contributors, 2017-24
-------------------------------------------------------------------
problem
  nodes           : 3
  state variables : 1
  scenarios       : 1.00000e+00
  existing cuts   : false
options
  solver          : serial mode
  risk measure    : SDDP.Expectation()
  sampling scheme : SDDP.InSampleMonteCarlo
subproblem structure
  VariableRef                             : [4, 4]
  AffExpr in MOI.EqualTo{Float64}         : [1, 1]
  AffExpr in MOI.LessThan{Float64}        : [1, 1]
  VariableRef in MOI.EqualTo{Float64}     : [1, 1]
  VariableRef in MOI.GreaterThan{Float64} : [2, 3]
  VariableRef in MOI.LessThan{Float64}    : [1, 1]
numerical stability report
  matrix range     [1e+00, 1e+00]
  objective range  [0e+00, 0e+00]
  bounds range     [0e+00, 0e+00]
  rhs range        [0e+00, 0e+00]
-------------------------------------------------------------------
 iteration    simulation      bound        time (s)     solves  pid
-------------------------------------------------------------------
         1   2.499895e+01  1.562631e+00  1.635599e-02         6   1
        40   8.333333e+00  8.333333e+00  6.673639e-01       246   1
-------------------------------------------------------------------
status         : simulation_stopping
total time (s) : 6.673639e-01
total solves   : 246
best bound     :  8.333333e+00
simulation ci  :  8.810723e+00 ± 8.167195e-01
numeric issues : 0
-------------------------------------------------------------------

-------------------------------------------------------------------
         SDDP.jl (c) Oscar Dowson and contributors, 2017-24
-------------------------------------------------------------------
problem
  nodes           : 1
  state variables : 12
  scenarios       : Inf
  existing cuts   : false
options
  solver          : serial mode
  risk measure    : SDDP.Expectation()
  sampling scheme : SDDP.InSampleMonteCarlo
subproblem structure
  VariableRef                          : [25, 25]
  AffExpr in MOI.EqualTo{Float64}      : [1, 1]
  AffExpr in MOI.LessThan{Float64}     : [13, 13]
  VariableRef in MOI.LessThan{Float64} : [1, 1]
  VariableRef in MOI.ZeroOne           : [12, 12]
numerical stability report
  matrix range     [1e+00, 1e+00]
  objective range  [1e+00, 1e+00]
  bounds range     [1e+01, 1e+01]
  rhs range        [1e+00, 1e+00]
-------------------------------------------------------------------
 iteration    simulation      bound        time (s)     solves  pid
-------------------------------------------------------------------
         1   0.000000e+00  7.217100e+00  1.307917e-02        37   1
        50   2.000000e+00  6.561000e+00  1.225024e+00      4195   1
        69   0.000000e+00  6.561000e+00  1.553666e+00      4496   1
-------------------------------------------------------------------
status         : simulation_stopping
total time (s) : 1.553666e+00
total solves   : 4496
best bound     :  6.561000e+00
simulation ci  :  5.652174e+00 ± 2.080695e+00
numeric issues : 0
-------------------------------------------------------------------

-------------------------------------------------------------------
         SDDP.jl (c) Oscar Dowson and contributors, 2017-24
-------------------------------------------------------------------
problem
  nodes           : 3
  state variables : 1
  scenarios       : 1.72800e+03
  existing cuts   : false
options
  solver          : serial mode
  risk measure    : SDDP.Expectation()
  sampling scheme : SDDP.InSampleMonteCarlo
subproblem structure
  VariableRef                             : [8, 8]
  AffExpr in MOI.EqualTo{Float64}         : [2, 4]
  AffExpr in MOI.GreaterThan{Float64}     : [2, 2]
  VariableRef in MOI.GreaterThan{Float64} : [6, 6]
  VariableRef in MOI.LessThan{Float64}    : [2, 3]
-------------------------------------------------------------------
 iteration    simulation      bound        time (s)     solves  pid
-------------------------------------------------------------------
         1   8.765625e+03  3.081897e+03  2.418208e-02        39   1
       218   1.856250e+03  5.092593e+03  1.026665e+00     10302   1
       421   1.875000e+03  5.092593e+03  2.028323e+00     18819   1
       605   1.203125e+04  5.092593e+03  3.030241e+00     26595   1
       685   4.921875e+03  5.092593e+03  3.498135e+00     29715   1
-------------------------------------------------------------------
status         : simulation_stopping
total time (s) : 3.498135e+00
total solves   : 29715
best bound     :  5.092593e+03
simulation ci  :  5.057262e+03 ± 2.822343e+02
numeric issues : 0
-------------------------------------------------------------------

-------------------------------------------------------------------
         SDDP.jl (c) Oscar Dowson and contributors, 2017-24
-------------------------------------------------------------------
problem
  nodes           : 3
  state variables : 1
  scenarios       : 1.72800e+03
  existing cuts   : false
options
  solver          : serial mode
  risk measure    : SDDP.Expectation()
  sampling scheme : SDDP.InSampleMonteCarlo
subproblem structure
  VariableRef                             : [9, 9]
  AffExpr in MOI.EqualTo{Float64}         : [2, 10]
  AffExpr in MOI.GreaterThan{Float64}     : [4, 4]
  VariableRef in MOI.GreaterThan{Float64} : [7, 7]
  VariableRef in MOI.LessThan{Float64}    : [3, 4]
-------------------------------------------------------------------
 iteration    simulation      bound        time (s)     solves  pid
-------------------------------------------------------------------
         1   7.312500e+03  3.209583e+03  2.617311e-02        39   1
       198   1.000000e+03  5.135984e+03  1.043861e+00      9522   1
       297   2.187500e+03  5.135984e+03  1.482583e+00     13383   1
-------------------------------------------------------------------
status         : simulation_stopping
total time (s) : 1.482583e+00
total solves   : 13383
best bound     :  5.135984e+03
simulation ci  :  5.007542e+03 ± 4.268444e+02
numeric issues : 0
-------------------------------------------------------------------

-------------------------------------------------------------------
         SDDP.jl (c) Oscar Dowson and contributors, 2017-24
-------------------------------------------------------------------
problem
  nodes           : 3
  state variables : 1
  scenarios       : 2.70000e+01
  existing cuts   : false
options
  solver          : serial mode
  risk measure    : SDDP.Expectation()
  sampling scheme : SDDP.InSampleMonteCarlo
subproblem structure
  VariableRef                             : [7, 7]
  AffExpr in MOI.EqualTo{Float64}         : [2, 2]
  VariableRef in MOI.GreaterThan{Float64} : [5, 5]
  VariableRef in MOI.LessThan{Float64}    : [1, 2]
numerical stability report
  matrix range     [1e+00, 1e+00]
  objective range  [1e+00, 2e+02]
  bounds range     [2e+02, 2e+02]
  rhs range        [2e+02, 2e+02]
-------------------------------------------------------------------
 iteration    simulation      bound        time (s)     solves  pid
-------------------------------------------------------------------
         1   3.750000e+04  3.958333e+03  3.880978e-03        12   1
        40   1.875000e+03  1.062500e+04  8.122897e-02       642   1
-------------------------------------------------------------------
status         : simulation_stopping
total time (s) : 8.122897e-02
total solves   : 642
best bound     :  1.062500e+04
simulation ci  :  1.174519e+04 ± 3.045890e+03
numeric issues : 0
-------------------------------------------------------------------

-------------------------------------------------------------------
         SDDP.jl (c) Oscar Dowson and contributors, 2017-24
-------------------------------------------------------------------
problem
  nodes           : 1
  state variables : 1
  scenarios       : Inf
  existing cuts   : false
options
  solver          : serial mode
  risk measure    : SDDP.Expectation()
  sampling scheme : SDDP.InSampleMonteCarlo
subproblem structure
  VariableRef                             : [20, 20]
  AffExpr in MOI.EqualTo{Float64}         : [13, 13]
  AffExpr in MOI.Interval{Float64}        : [6, 6]
  VariableRef in MOI.GreaterThan{Float64} : [14, 14]
  VariableRef in MOI.LessThan{Float64}    : [11, 11]
numerical stability report
  matrix range     [1e+00, 2e+02]
  objective range  [1e+00, 1e+06]
  bounds range     [4e-01, 6e+00]
  rhs range        [5e-01, 5e+00]
-------------------------------------------------------------------
 iteration    simulation      bound        time (s)     solves  pid
-------------------------------------------------------------------
         1   5.675589e+06  5.201041e+04  4.748330e-01       135   1
         4   1.039870e+06  3.224577e+05  1.501349e+00       320   1
         6   9.620571e+05  3.629577e+05  2.681712e+00       514   1
        10   8.222997e+05  3.923559e+05  3.911380e+00       678   1
-------------------------------------------------------------------
status         : iteration_limit
total time (s) : 3.911380e+00
total solves   : 678
best bound     :  3.923559e+05
simulation ci  :  1.414032e+06 ± 1.246196e+06
numeric issues : 0
-------------------------------------------------------------------

-------------------------------------------------------------------
         SDDP.jl (c) Oscar Dowson and contributors, 2017-24
-------------------------------------------------------------------
problem
  nodes           : 1
  state variables : 1
  scenarios       : Inf
  existing cuts   : false
options
  solver          : serial mode
  risk measure    : SDDP.Expectation()
  sampling scheme : SDDP.InSampleMonteCarlo
subproblem structure
  VariableRef                             : [48, 48]
  AffExpr in MOI.EqualTo{Float64}         : [12, 12]
  AffExpr in MOI.Interval{Float64}        : [6, 6]
  NonlinearExpr in MOI.EqualTo{Float64}   : [24, 24]
  QuadExpr in MOI.LessThan{Float64}       : [12, 12]
  VariableRef in MOI.GreaterThan{Float64} : [42, 42]
  VariableRef in MOI.LessThan{Float64}    : [39, 39]
numerical stability report
  matrix range     [1e+00, 1e+00]
  objective range  [1e+00, 1e+06]
  bounds range     [3e-01, 6e+00]
  rhs range        [5e-01, 2e+01]
-------------------------------------------------------------------
 iteration    simulation      bound        time (s)     solves  pid
-------------------------------------------------------------------
         1   6.013419e+06  5.040897e+04  7.621410e-01        91   1
         2   1.903214e+06  9.128217e+04  3.021736e+00       254   1
         3   1.163740e+06  3.593501e+05  5.936977e+00       449   1
         6   3.737051e+05  3.803225e+05  7.713229e+00       582   1
         7   5.688983e+05  4.062659e+05  9.225627e+00       685   1
        10   1.406370e+05  4.243436e+05  1.085964e+01       806   1
-------------------------------------------------------------------
status         : iteration_limit
total time (s) : 1.085964e+01
total solves   : 806
best bound     :  4.243436e+05
simulation ci  :  1.126575e+06 ± 1.120805e+06
numeric issues : 0
-------------------------------------------------------------------

-------------------------------------------------------------------
         SDDP.jl (c) Oscar Dowson and contributors, 2017-24
-------------------------------------------------------------------
problem
  nodes           : 1
  state variables : 1
  scenarios       : Inf
  existing cuts   : false
options
  solver          : serial mode
  risk measure    : SDDP.Expectation()
  sampling scheme : SDDP.InSampleMonteCarlo
subproblem structure
  VariableRef                             : [20, 20]
  AffExpr in MOI.EqualTo{Float64}         : [13, 13]
  AffExpr in MOI.Interval{Float64}        : [6, 6]
  VariableRef in MOI.GreaterThan{Float64} : [14, 14]
  VariableRef in MOI.LessThan{Float64}    : [11, 11]
numerical stability report
  matrix range     [1e+00, 2e+02]
  objective range  [1e+00, 1e+06]
  bounds range     [4e-01, 6e+00]
  rhs range        [5e-01, 5e+00]
-------------------------------------------------------------------
 iteration    simulation      bound        time (s)     solves  pid
-------------------------------------------------------------------
         1   4.900043e+06  5.068024e+04  5.297189e-01        87   1
         3   1.022622e+06  3.575705e+05  2.513237e+00       285   1
         5   1.996832e+05  3.820920e+05  3.580229e+00       390   1
         9   9.585606e+04  4.126646e+05  4.693878e+00       492   1
        10   8.814026e+04  4.141112e+05  4.871042e+00       510   1
-------------------------------------------------------------------
status         : iteration_limit
total time (s) : 4.871042e+00
total solves   : 510
best bound     :  4.141112e+05
simulation ci  :  8.867141e+05 ± 9.276429e+05
numeric issues : 0
-------------------------------------------------------------------

-------------------------------------------------------------------
         SDDP.jl (c) Oscar Dowson and contributors, 2017-24
-------------------------------------------------------------------
problem
  nodes           : 5
  state variables : 1
  scenarios       : 1.08000e+02
  existing cuts   : false
options
  solver          : serial mode
  risk measure    : SDDP.Expectation()
  sampling scheme : SDDP.InSampleMonteCarlo
subproblem structure
  VariableRef                             : [7, 7]
  AffExpr in MOI.EqualTo{Float64}         : [2, 2]
  VariableRef in MOI.GreaterThan{Float64} : [5, 5]
  VariableRef in MOI.LessThan{Float64}    : [1, 2]
-------------------------------------------------------------------
 iteration    simulation      bound        time (s)     solves  pid
-------------------------------------------------------------------
         1   5.625000e+04  1.991887e+03  1.532102e-02        18   1
        20   1.875000e+04  8.072917e+03  5.307794e-02       360   1
-------------------------------------------------------------------
status         : iteration_limit
total time (s) : 5.307794e-02
total solves   : 360
best bound     :  8.072917e+03
simulation ci  :  1.173871e+04 ± 5.417925e+03
numeric issues : 0
-------------------------------------------------------------------

-------------------------------------------------------------------
         SDDP.jl (c) Oscar Dowson and contributors, 2017-24
-------------------------------------------------------------------
problem
  nodes           : 3
  state variables : 1
  scenarios       : 1.00000e+00
  existing cuts   : false
options
  solver          : serial mode
  risk measure    : SDDP.Expectation()
  sampling scheme : SDDP.InSampleMonteCarlo
subproblem structure
  VariableRef                             : [5, 5]
  AffExpr in MOI.EqualTo{Float64}         : [2, 2]
  VariableRef in MOI.GreaterThan{Float64} : [4, 4]
  VariableRef in MOI.LessThan{Float64}    : [1, 1]
-------------------------------------------------------------------
 iteration    simulation      bound        time (s)     solves  pid
-------------------------------------------------------------------
         1   6.500000e+00  3.000000e+00  3.906965e-03         6   1
         5   3.500000e+00  3.500000e+00  7.241964e-03        30   1
-------------------------------------------------------------------
status         : iteration_limit
total time (s) : 7.241964e-03
total solves   : 30
best bound     :  3.500000e+00
simulation ci  :  4.100000e+00 ± 1.176000e+00
numeric issues : 0
-------------------------------------------------------------------

-------------------------------------------------------------------
         SDDP.jl (c) Oscar Dowson and contributors, 2017-24
-------------------------------------------------------------------
problem
  nodes           : 3
  state variables : 1
  scenarios       : 1.00000e+00
  existing cuts   : false
options
  solver          : serial mode
  risk measure    : SDDP.Expectation()
  sampling scheme : SDDP.InSampleMonteCarlo
subproblem structure
  VariableRef                             : [5, 5]
  AffExpr in MOI.EqualTo{Float64}         : [2, 2]
  VariableRef in MOI.GreaterThan{Float64} : [4, 4]
  VariableRef in MOI.LessThan{Float64}    : [1, 1]
-------------------------------------------------------------------
 iteration    simulation      bound        time (s)     solves  pid
-------------------------------------------------------------------
         1   6.500000e+00  1.100000e+01  3.526926e-03         6   1
         5   5.500000e+00  1.100000e+01  6.249905e-03        30   1
-------------------------------------------------------------------
status         : iteration_limit
total time (s) : 6.249905e-03
total solves   : 30
best bound     :  1.100000e+01
simulation ci  :  5.700000e+00 ± 3.920000e-01
numeric issues : 0
-------------------------------------------------------------------

