-------------------------------------------------------------------
         SDDP.jl (c) Oscar Dowson and contributors, 2017-23
-------------------------------------------------------------------
problem
  nodes           : 60
  state variables : 9
  scenarios       : 2.77629e+14
  existing cuts   : false
options
  solver          : serial mode
  risk measure    : A convex combination of 0.5 * SDDP.Expectation() + 0.5 * SDDP.AVaR(0.25)
  sampling scheme : SDDP.SimulatorSamplingScheme{typeof(Main.__atexample__named__example_milk_producer.simulator)}
subproblem structure
  VariableRef                             : [35, 35]
  VariableRef in MOI.EqualTo{Float64}     : [1, 4]
  VariableRef in MOI.LessThan{Float64}    : [1, 5]
  VariableRef in MOI.GreaterThan{Float64} : [21, 25]
  AffExpr in MOI.EqualTo{Float64}         : [10, 10]
numerical stability report
  matrix range     [9e-01, 1e+00]
  objective range  [1e+00, 1e+01]
  bounds range     [1e-01, 1e+04]
  rhs range        [0e+00, 0e+00]
-------------------------------------------------------------------
 iteration    simulation      bound        time (s)     solves  pid
-------------------------------------------------------------------
         1  -7.299254e+02  6.258253e+02  8.061221e-01       222   1
        33   7.243168e+00  7.005344e+00  2.023705e+00      7411   1
        76   8.487912e+00  6.316416e+00  4.042128e+00     16997   1
       113   1.004997e+01  6.255304e+00  6.010785e+00     25176   1
       147   9.158080e+00  6.221299e+00  8.043518e+00     32719   1
       177   9.181364e+00  6.214054e+00  1.000852e+01     39399   1
       207   9.395343e+00  6.207596e+00  1.201860e+01     46029   1
       236   8.671104e+00  6.207002e+00  1.404175e+01     52407   1
       263   8.775090e+00  6.206290e+00  1.600739e+01     58206   1
       288   9.615545e+00  6.205632e+00  1.801659e+01     63931   1
       312   7.237917e+00  6.202096e+00  2.002210e+01     69299   1
-------------------------------------------------------------------
status         : time_limit
total time (s) : 2.002210e+01
total solves   : 69299
best bound     :  6.202096e+00
simulation ci  : -1.041518e+01 ± 2.276287e+01
numeric issues : 0
-------------------------------------------------------------------

-------------------------------------------------------------------
         SDDP.jl (c) Oscar Dowson and contributors, 2017-23
-------------------------------------------------------------------
problem
  nodes           : 2
  state variables : 1
  scenarios       : 1.00000e+01
  existing cuts   : false
options
  solver          : serial mode
  risk measure    : SDDP.Expectation()
  sampling scheme : SDDP.InSampleMonteCarlo
subproblem structure
  VariableRef                             : [4, 4]
  VariableRef in MOI.LessThan{Float64}    : [1, 1]
  AffExpr in MOI.LessThan{Float64}        : [1, 1]
  VariableRef in MOI.GreaterThan{Float64} : [2, 3]
  AffExpr in MOI.EqualTo{Float64}         : [1, 1]
numerical stability report
  matrix range     [1e+00, 1e+00]
  objective range  [1e+00, 1e+00]
  bounds range     [1e+00, 3e+00]
  rhs range        [0e+00, 0e+00]
-------------------------------------------------------------------
 iteration    simulation      bound        time (s)     solves  pid
-------------------------------------------------------------------
         1   0.000000e+00  4.330523e-01  2.386808e-03        13   1
         2  -7.734026e-01  3.011138e-01  3.381014e-03        26   1
         3  -9.984876e-03  2.536231e-01  4.613876e-03        39   1
         4   2.536231e-01  2.360181e-01  5.801916e-03        52   1
         5   2.360181e-01  2.293951e-01  6.950855e-03        65   1
         6   2.293951e-01  2.288788e-01  7.941961e-03        78   1
         7   2.319765e-01  2.288788e-01  9.063005e-03        91   1
         8   2.319765e-01  2.288788e-01  1.021981e-02       104   1
         9   2.319765e-01  2.288788e-01  1.139498e-02       117   1
        10   2.319765e-01  2.288788e-01  1.255298e-02       130   1
        11   2.319765e-01  2.288788e-01  1.371694e-02       143   1
-------------------------------------------------------------------
status         : bound_stalling
total time (s) : 1.371694e-02
total solves   : 143
best bound     :  2.288788e-01
simulation ci  :  9.959375e-02 ± 1.803026e-01
numeric issues : 0
-------------------------------------------------------------------

-------------------------------------------------------------------
         SDDP.jl (c) Oscar Dowson and contributors, 2017-23
-------------------------------------------------------------------
problem
  nodes           : 52
  state variables : 1
  scenarios       : 1.00000e+00
  existing cuts   : false
options
  solver          : serial mode
  risk measure    : SDDP.Expectation()
  sampling scheme : SDDP.InSampleMonteCarlo
subproblem structure
  VariableRef                             : [7, 7]
  VariableRef in MOI.EqualTo{Float64}     : [1, 1]
  VariableRef in MOI.LessThan{Float64}    : [2, 3]
  VariableRef in MOI.GreaterThan{Float64} : [5, 5]
  AffExpr in MOI.EqualTo{Float64}         : [2, 2]
numerical stability report
  matrix range     [1e+00, 1e+00]
  objective range  [1e+00, 2e+01]
  bounds range     [1e+01, 3e+02]
  rhs range        [7e+00, 1e+01]
-------------------------------------------------------------------
 iteration    simulation      bound        time (s)     solves  pid
-------------------------------------------------------------------
         1   1.079600e+03  3.157700e+02  3.709698e-02       104   1
         2   7.437727e+02  6.288200e+02  4.977703e-02       208   1
         3   6.861466e+02  6.829100e+02  5.969501e-02       312   1
         4   6.829100e+02  6.829100e+02  6.973290e-02       416   1
         5   6.829100e+02  6.829100e+02  8.117294e-02       520   1
         6   6.829100e+02  6.829100e+02  9.303784e-02       624   1
         7   6.829100e+02  6.829100e+02  1.053309e-01       728   1
         8   6.829100e+02  6.829100e+02  1.179469e-01       832   1
         9   6.829100e+02  6.829100e+02  1.309729e-01       936   1
        10   6.829100e+02  6.829100e+02  1.445398e-01      1040   1
-------------------------------------------------------------------
status         : iteration_limit
total time (s) : 1.445398e-01
total solves   : 1040
best bound     :  6.829100e+02
simulation ci  :  7.289889e+02 ± 7.726064e+01
numeric issues : 0
-------------------------------------------------------------------

-------------------------------------------------------------------
         SDDP.jl (c) Oscar Dowson and contributors, 2017-23
-------------------------------------------------------------------
problem
  nodes           : 52
  state variables : 1
  scenarios       : 6.46108e+24
  existing cuts   : false
options
  solver          : serial mode
  risk measure    : SDDP.Expectation()
  sampling scheme : SDDP.InSampleMonteCarlo
subproblem structure
  VariableRef                             : [7, 7]
  VariableRef in MOI.LessThan{Float64}    : [2, 3]
  VariableRef in MOI.GreaterThan{Float64} : [5, 5]
  AffExpr in MOI.EqualTo{Float64}         : [2, 2]
numerical stability report
  matrix range     [1e+00, 1e+00]
  objective range  [1e+00, 2e+01]
  bounds range     [1e+01, 3e+02]
  rhs range        [7e+00, 1e+01]
-------------------------------------------------------------------
 iteration    simulation      bound        time (s)     solves  pid
-------------------------------------------------------------------
         1   3.307500e+02  1.441371e+02  4.217196e-02       208   1
         2   5.934099e+02  1.472721e+02  6.013894e-02       416   1
         3   1.737984e+02  1.607059e+02  8.187294e-02       624   1
         4   6.057733e+02  1.955679e+02  1.038980e-01       832   1
         5   4.247024e+02  1.961367e+02  1.243620e-01      1040   1
         6   1.040575e+02  1.971967e+02  1.457520e-01      1248   1
         7   7.899716e+02  1.990759e+02  1.698639e-01      1456   1
         8   1.714870e+02  1.994504e+02  1.938810e-01      1664   1
         9   1.863189e+02  1.996007e+02  2.184110e-01      1872   1
        10   1.433086e+02  1.996660e+02  2.424099e-01      2080   1
        11   5.435205e+01  1.997623e+02  2.664800e-01      2288   1
        12   3.960206e+02  2.033113e+02  2.922609e-01      2496   1
        13   2.977286e+02  2.116252e+02  3.177879e-01      2704   1
        14   3.176514e+02  2.164721e+02  3.420329e-01      2912   1
        15   2.393742e+02  2.204902e+02  3.678930e-01      3120   1
        16   9.417096e+02  2.207862e+02  3.952439e-01      3328   1
        17   2.549385e+02  2.233287e+02  4.202468e-01      3536   1
        18   8.289451e+02  2.234785e+02  4.472980e-01      3744   1
        19   1.444446e+02  2.235936e+02  4.734490e-01      3952   1
        20   5.952703e+02  2.264391e+02  5.023658e-01      4160   1
        21   6.450588e+02  2.265293e+02  5.301030e-01      4368   1
        22   5.263819e+01  2.273717e+02  5.560379e-01      4576   1
        23   1.076995e+02  2.278105e+02  5.813160e-01      4784   1
        24   4.244684e+02  2.281165e+02  6.099839e-01      4992   1
        25   2.616833e+02  2.292479e+02  6.367049e-01      5200   1
        26   2.955430e+02  2.294731e+02  6.633930e-01      5408   1
        27   5.443281e+02  2.307065e+02  6.919260e-01      5616   1
        28   4.817993e+02  2.310785e+02  7.194130e-01      5824   1
        29   6.836226e+02  2.315742e+02  7.470210e-01      6032   1
        30   4.076843e+02  2.324645e+02  7.750080e-01      6240   1
        31   7.785746e+02  2.326634e+02  8.028769e-01      6448   1
        32   7.140000e+01  2.327193e+02  8.311570e-01      6656   1
        33   5.365695e+02  2.329062e+02  8.602939e-01      6864   1
        34   1.414682e+02  2.346897e+02  8.861980e-01      7072   1
        35   3.339580e+02  2.349691e+02  9.149458e-01      7280   1
        36   1.301476e+02  2.361328e+02  9.401839e-01      7488   1
        37   2.722022e+02  2.371242e+02  9.692121e-01      7696   1
        38   9.499397e+01  2.379916e+02  9.959741e-01      7904   1
        39   6.323722e+02  2.385802e+02  1.026789e+00      8112   1
        40   1.737850e+02  2.394450e+02  1.055589e+00      8320   1
        41   7.140000e+01  2.395464e+02  1.084858e+00      8528   1
        42   2.394066e+02  2.410457e+02  1.115081e+00      8736   1
        43   2.526272e+02  2.434587e+02  1.144063e+00      8944   1
        44   1.342298e+02  2.439685e+02  1.171855e+00      9152   1
        45   1.962201e+02  2.440987e+02  1.202228e+00      9360   1
        46   3.736800e+02  2.445185e+02  1.232087e+00      9568   1
        47   1.774702e+02  2.448149e+02  1.262236e+00      9776   1
        48   4.175695e+02  2.449409e+02  1.292709e+00      9984   1
        49   2.939976e+02  2.452520e+02  1.322744e+00     10192   1
        50   1.231933e+02  2.454572e+02  1.354011e+00     10400   1
        51   6.147179e+02  2.458369e+02  1.384691e+00     10608   1
        52   7.389363e+02  2.466120e+02  1.411861e+00     10816   1
        53   7.140000e+01  2.470376e+02  1.441473e+00     11024   1
        54   1.677066e+02  2.479649e+02  1.471164e+00     11232   1
        55   2.830395e+02  2.485898e+02  1.501130e+00     11440   1
        56   1.095180e+02  2.490964e+02  1.529938e+00     11648   1
        57   6.437405e+02  2.493359e+02  1.561427e+00     11856   1
        58   7.140000e+01  2.499367e+02  1.591429e+00     12064   1
        59   2.840000e+02  2.500630e+02  1.622469e+00     12272   1
        60   3.399031e+02  2.502558e+02  1.652910e+00     12480   1
        61   3.036898e+02  2.535987e+02  1.684892e+00     12688   1
        62   4.963000e+02  2.541444e+02  1.715896e+00     12896   1
        63   1.131639e+02  2.543359e+02  1.744386e+00     13104   1
        64   2.301300e+02  2.545153e+02  1.776324e+00     13312   1
        65   2.530607e+02  2.553345e+02  1.808952e+00     13520   1
        66   2.425945e+02  2.556465e+02  1.839636e+00     13728   1
        67   4.584376e+01  2.576849e+02  1.870991e+00     13936   1
        68   1.164450e+02  2.582465e+02  1.898484e+00     14144   1
        69   8.184729e+02  2.593026e+02  1.930942e+00     14352   1
        70   1.703934e+02  2.594773e+02  1.960717e+00     14560   1
        71   9.888433e+01  2.595959e+02  1.989686e+00     14768   1
        72   7.177907e+02  2.602492e+02  2.022598e+00     14976   1
        73   9.937400e+01  2.604796e+02  2.050761e+00     15184   1
        74   1.121692e+02  2.607802e+02  2.082947e+00     15392   1
        75   5.540572e+02  2.620285e+02  2.113828e+00     15600   1
        76   1.764354e+02  2.631775e+02  2.145739e+00     15808   1
        77   4.668043e+02  2.636410e+02  2.177034e+00     16016   1
        78   3.217775e+02  2.647643e+02  2.208942e+00     16224   1
        79   1.891473e+02  2.649225e+02  2.242288e+00     16432   1
        80   1.809371e+02  2.651558e+02  2.273982e+00     16640   1
        81   6.904646e+02  2.654876e+02  2.306964e+00     16848   1
        82   7.140000e+01  2.655777e+02  2.340295e+00     17056   1
        83   1.408713e+02  2.657590e+02  2.372118e+00     17264   1
        84   2.095771e+02  2.657797e+02  2.405951e+00     17472   1
        85   1.645897e+02  2.659001e+02  2.439756e+00     17680   1
        86   1.080314e+02  2.659652e+02  2.472642e+00     17888   1
        87   1.095294e+02  2.660475e+02  2.506678e+00     18096   1
        88   1.266051e+02  2.662728e+02  2.540838e+00     18304   1
        89   1.426000e+02  2.664090e+02  2.576560e+00     18512   1
        90   4.618848e+02  2.664810e+02  2.699541e+00     18720   1
        91   1.491762e+02  2.667043e+02  2.734697e+00     18928   1
        92   1.747578e+02  2.667920e+02  2.765702e+00     19136   1
        93   2.205520e+02  2.668055e+02  2.799783e+00     19344   1
        94   7.140000e+01  2.670192e+02  2.834236e+00     19552   1
        95   2.963741e+02  2.671821e+02  2.869383e+00     19760   1
        96   1.103146e+02  2.678223e+02  2.902849e+00     19968   1
        97   1.530977e+02  2.679837e+02  2.937275e+00     20176   1
        98   3.592373e+02  2.680364e+02  2.969953e+00     20384   1
        99   5.166309e+02  2.680605e+02  3.004271e+00     20592   1
       100   3.961764e+02  2.682035e+02  3.038875e+00     20800   1
-------------------------------------------------------------------
status         : iteration_limit
total time (s) : 3.038875e+00
total solves   : 20800
best bound     :  2.682035e+02
simulation ci  :  3.064891e+02 ± 4.277958e+01
numeric issues : 0
-------------------------------------------------------------------

-------------------------------------------------------------------
         SDDP.jl (c) Oscar Dowson and contributors, 2017-23
-------------------------------------------------------------------
problem
  nodes           : 3
  state variables : 1
  scenarios       : 2.70000e+01
  existing cuts   : false
options
  solver          : serial mode
  risk measure    : SDDP.Expectation()
  sampling scheme : SDDP.InSampleMonteCarlo
subproblem structure
  VariableRef                             : [7, 7]
  VariableRef in MOI.LessThan{Float64}    : [1, 2]
  VariableRef in MOI.GreaterThan{Float64} : [5, 5]
  AffExpr in MOI.EqualTo{Float64}         : [2, 2]
numerical stability report
  matrix range     [1e+00, 1e+00]
  objective range  [1e+00, 2e+02]
  bounds range     [2e+02, 2e+02]
  rhs range        [2e+02, 2e+02]
-------------------------------------------------------------------
 iteration    simulation      bound        time (s)     solves  pid
-------------------------------------------------------------------
         1   3.250000e+04  3.437500e+03  3.160000e-03        12   1
         2   1.156250e+04  7.500000e+03  4.384995e-03        24   1
         3   1.250000e+04  7.916667e+03  5.783081e-03        36   1
         4   5.000000e+03  8.333333e+03  7.184029e-03        48   1
         5   1.500000e+04  8.333333e+03  8.841991e-03        60   1
         6   7.500000e+03  8.333333e+03  1.059699e-02        72   1
         7   7.500000e+03  8.333333e+03  1.230192e-02        84   1
         8   1.000000e+04  8.333333e+03  1.398110e-02        96   1
         9   7.500000e+03  8.333333e+03  1.565003e-02       108   1
        10   7.500000e+03  8.333333e+03  1.692414e-02       120   1
-------------------------------------------------------------------
status         : iteration_limit
total time (s) : 1.692414e-02
total solves   : 120
best bound     :  8.333333e+03
simulation ci  :  1.165625e+04 ± 4.900043e+03
numeric issues : 0
-------------------------------------------------------------------

-------------------------------------------------------------------
         SDDP.jl (c) Oscar Dowson and contributors, 2017-23
-------------------------------------------------------------------
problem
  nodes           : 5
  state variables : 1
  scenarios       : 1.08000e+02
  existing cuts   : false
options
  solver          : serial mode
  risk measure    : SDDP.Expectation()
  sampling scheme : SDDP.InSampleMonteCarlo
subproblem structure
  VariableRef                             : [7, 7]
  VariableRef in MOI.LessThan{Float64}    : [1, 2]
  VariableRef in MOI.GreaterThan{Float64} : [5, 5]
  AffExpr in MOI.EqualTo{Float64}         : [2, 2]
numerical stability report
  matrix range     [1e+00, 1e+00]
  objective range  [1e+00, 2e+02]
  bounds range     [2e+02, 2e+02]
  rhs range        [2e+02, 2e+02]
-------------------------------------------------------------------
 iteration    simulation      bound        time (s)     solves  pid
-------------------------------------------------------------------
         1   9.375000e+03  1.991887e+03  4.688025e-03        18   1
         2   9.565857e+03  7.701344e+03  6.798983e-03        36   1
         3   1.875000e+03  8.072917e+03  9.186983e-03        54   1
         4   1.875000e+03  8.072917e+03  1.166582e-02        72   1
         5   5.000000e+03  8.072917e+03  1.396585e-02        90   1
         6   3.181452e+04  8.072917e+03  1.632881e-02       108   1
         7   1.875000e+03  8.072917e+03  1.893997e-02       126   1
         8   2.437500e+04  8.072917e+03  2.150297e-02       144   1
         9   2.437500e+04  8.072917e+03  2.386594e-02       162   1
        10   2.750000e+04  8.072917e+03  2.633500e-02       180   1
-------------------------------------------------------------------
status         : iteration_limit
total time (s) : 2.633500e-02
total solves   : 180
best bound     :  8.072917e+03
simulation ci  :  1.376304e+04 ± 7.384187e+03
numeric issues : 0
-------------------------------------------------------------------

-------------------------------------------------------------------
         SDDP.jl (c) Oscar Dowson and contributors, 2017-23
-------------------------------------------------------------------
problem
  nodes           : 3
  state variables : 1
  scenarios       : 1.00000e+00
  existing cuts   : false
options
  solver          : serial mode
  risk measure    : SDDP.Expectation()
  sampling scheme : SDDP.InSampleMonteCarlo
subproblem structure
  VariableRef                             : [4, 4]
  VariableRef in MOI.EqualTo{Float64}     : [1, 1]
  VariableRef in MOI.LessThan{Float64}    : [1, 1]
  AffExpr in MOI.LessThan{Float64}        : [1, 1]
  VariableRef in MOI.GreaterThan{Float64} : [2, 3]
  AffExpr in MOI.EqualTo{Float64}         : [1, 1]
numerical stability report
  matrix range     [1e+00, 1e+00]
  objective range  [0e+00, 0e+00]
  bounds range     [0e+00, 0e+00]
  rhs range        [0e+00, 0e+00]
-------------------------------------------------------------------
 iteration    simulation      bound        time (s)     solves  pid
-------------------------------------------------------------------
         1   2.499895e+01  1.562631e+00  2.651000e-02         6   1
         2   9.374869e+00  6.250337e+00  6.721115e-02        12   1
         3   9.374777e+00  7.812434e+00  9.432197e-02        18   1
         4   8.593609e+00  8.203174e+00  1.245022e-01        24   1
         5   8.398407e+00  8.300761e+00  1.550782e-01        30   1
         6   8.349577e+00  8.325206e+00  1.873000e-01        36   1
         7   8.337394e+00  8.331293e+00  2.191620e-01        42   1
         8   8.334343e+00  8.332827e+00  2.532232e-01        48   1
         9   8.333586e+00  8.333205e+00  2.880402e-01        54   1
        10   8.333395e+00  8.333302e+00  3.215580e-01        60   1
        11   8.333349e+00  8.333325e+00  3.564122e-01        66   1
        12   8.333337e+00  8.333331e+00  3.908331e-01        72   1
        13   8.333334e+00  8.333333e+00  4.247720e-01        78   1
        14   8.333333e+00  8.333333e+00  4.592471e-01        84   1
        15   8.333333e+00  8.333333e+00  4.933751e-01        90   1
        16   8.333333e+00  8.333333e+00  5.284340e-01        96   1
        17   8.333333e+00  8.333333e+00  5.645220e-01       102   1
        18   8.333333e+00  8.333333e+00  6.005430e-01       108   1
-------------------------------------------------------------------
status         : bound_stalling
total time (s) : 6.005430e-01
total solves   : 108
best bound     :  8.333333e+00
simulation ci  :  9.394200e+00 ± 1.805733e+00
numeric issues : 0
-------------------------------------------------------------------

-------------------------------------------------------------------
         SDDP.jl (c) Oscar Dowson and contributors, 2017-23
-------------------------------------------------------------------
problem
  nodes           : 1
  state variables : 12
  scenarios       : Inf
  existing cuts   : false
options
  solver          : serial mode
  risk measure    : SDDP.Expectation()
  sampling scheme : SDDP.InSampleMonteCarlo
subproblem structure
  VariableRef                          : [25, 25]
  VariableRef in MOI.LessThan{Float64} : [1, 1]
  VariableRef in MOI.ZeroOne           : [12, 12]
  AffExpr in MOI.LessThan{Float64}     : [13, 13]
  AffExpr in MOI.EqualTo{Float64}      : [1, 1]
numerical stability report
  matrix range     [1e+00, 1e+00]
  objective range  [1e+00, 1e+00]
  bounds range     [1e+01, 1e+01]
  rhs range        [1e+00, 1e+00]
-------------------------------------------------------------------
 iteration    simulation      bound        time (s)     solves  pid
-------------------------------------------------------------------
         1   0.000000e+00  7.217100e+00  4.040956e-03         9   1
         2   0.000000e+00  7.217100e+00  8.430004e-03        20   1
         3   0.000000e+00  7.217100e+00  1.667190e-02        43   1
         4   0.000000e+00  7.217100e+00  1.983380e-02        50   1
         5   0.000000e+00  7.217100e+00  2.238798e-02        55   1
         6   1.000000e+00  7.151490e+00  2.687693e-02        66   1
         7   2.000000e+00  6.948420e+00  3.163385e-02        79   1
         8   2.000000e+00  6.815187e+00  3.644800e-02        92   1
         9   0.000000e+00  6.789768e+00  3.831792e-02        95   1
        10   0.000000e+00  6.789768e+00  4.016900e-02        98   1
        11   0.000000e+00  6.789768e+00  4.204679e-02       101   1
        12   2.000000e+00  6.727772e+00  4.713893e-02       114   1
        13   0.000000e+00  6.696085e+00  5.087686e-02       123   1
        14   4.000000e+00  6.632790e+00  5.700088e-02       140   1
        15   3.000000e+00  6.603391e+00  6.259179e-02       155   1
        16   1.800000e+01  6.566154e+00  7.738185e-02       200   1
        17   3.000000e+00  6.564043e+00  8.311987e-02       215   1
        18   1.600000e+01  6.561457e+00  9.705877e-02       256   1
        19   0.000000e+00  6.561370e+00  1.009438e-01       265   1
        20   7.000000e+00  6.561143e+00  1.094048e-01       288   1
        21   1.700000e+01  6.561019e+00  1.244860e-01       331   1
        22   1.300000e+01  6.561004e+00  1.371379e-01       366   1
        23   1.000000e+01  6.561001e+00  1.479080e-01       395   1
        24   1.200000e+01  6.561000e+00  1.601298e-01       428   1
        25   0.000000e+00  6.561000e+00  1.652820e-01       441   1
        26   1.800000e+01  6.561000e+00  1.824830e-01       486   1
        27   0.000000e+00  6.561000e+00  1.859758e-01       493   1
        28   2.000000e+00  6.561000e+00  1.919339e-01       506   1
-------------------------------------------------------------------
status         : bound_stalling
total time (s) : 1.919339e-01
total solves   : 506
best bound     :  6.561000e+00
simulation ci  :  4.642857e+00 ± 2.366848e+00
numeric issues : 0
-------------------------------------------------------------------

-------------------------------------------------------------------
         SDDP.jl (c) Oscar Dowson and contributors, 2017-23
-------------------------------------------------------------------
problem
  nodes           : 3
  state variables : 1
  scenarios       : 1.72800e+03
  existing cuts   : false
options
  solver          : serial mode
  risk measure    : SDDP.Expectation()
  sampling scheme : SDDP.InSampleMonteCarlo
subproblem structure
  VariableRef                             : [8, 8]
  VariableRef in MOI.LessThan{Float64}    : [2, 3]
  AffExpr in MOI.GreaterThan{Float64}     : [2, 2]
  AffExpr in MOI.EqualTo{Float64}         : [2, 4]
  VariableRef in MOI.GreaterThan{Float64} : [6, 6]
-------------------------------------------------------------------
 iteration    simulation      bound        time (s)     solves  pid
-------------------------------------------------------------------
         1   8.100000e+03  2.741935e+03  2.228594e-02        39   1
         2   7.734375e+03  3.545740e+03  2.546811e-02        78   1
         3   1.106929e+04  3.998540e+03  2.962494e-02       117   1
         4   1.065625e+04  4.703947e+03  3.268504e-02       156   1
         5   4.453125e+03  4.909856e+03  3.579211e-02       195   1
         6   5.719266e+03  4.948050e+03  4.009390e-02       234   1
         7   5.334052e+03  4.948050e+03  4.392695e-02       273   1
         8   3.234375e+03  4.948050e+03  4.772496e-02       312   1
         9   6.120968e+03  4.973513e+03  5.217290e-02       351   1
        10   0.000000e+00  4.973513e+03  5.613303e-02       390   1
-------------------------------------------------------------------
status         : iteration_limit
total time (s) : 5.613303e-02
total solves   : 390
best bound     :  4.973513e+03
simulation ci  :  6.242170e+03 ± 2.074150e+03
numeric issues : 0
-------------------------------------------------------------------

-------------------------------------------------------------------
         SDDP.jl (c) Oscar Dowson and contributors, 2017-23
-------------------------------------------------------------------
problem
  nodes           : 3
  state variables : 1
  scenarios       : 1.72800e+03
  existing cuts   : false
options
  solver          : serial mode
  risk measure    : SDDP.Expectation()
  sampling scheme : SDDP.InSampleMonteCarlo
subproblem structure
  VariableRef                             : [9, 9]
  VariableRef in MOI.LessThan{Float64}    : [3, 4]
  AffExpr in MOI.GreaterThan{Float64}     : [4, 4]
  AffExpr in MOI.EqualTo{Float64}         : [2, 10]
  VariableRef in MOI.GreaterThan{Float64} : [7, 7]
-------------------------------------------------------------------
 iteration    simulation      bound        time (s)     solves  pid
-------------------------------------------------------------------
         1   1.275000e+04  3.994992e+03  3.007889e-02        39   1
         2   3.750000e+03  4.183682e+03  3.322887e-02        78   1
         3   8.074488e+03  4.367887e+03  3.755307e-02       117   1
         4   8.906915e+03  4.473605e+03  4.235601e-02       156   1
         5   9.896664e+03  4.509706e+03  4.633999e-02       195   1
         6   1.350000e+04  4.519300e+03  5.052185e-02       234   1
         7   2.812500e+03  4.675297e+03  5.443692e-02       273   1
         8   4.500000e+03  4.675297e+03  5.765986e-02       312   1
         9   5.836785e+03  4.742607e+03  6.196404e-02       351   1
        10   1.000000e+04  4.780129e+03  6.617403e-02       390   1
-------------------------------------------------------------------
status         : iteration_limit
total time (s) : 6.617403e-02
total solves   : 390
best bound     :  4.780129e+03
simulation ci  :  8.002735e+03 ± 2.292632e+03
numeric issues : 0
-------------------------------------------------------------------

-------------------------------------------------------------------
         SDDP.jl (c) Oscar Dowson and contributors, 2017-23
-------------------------------------------------------------------
problem
  nodes           : 3
  state variables : 1
  scenarios       : 2.70000e+01
  existing cuts   : false
options
  solver          : serial mode
  risk measure    : SDDP.Expectation()
  sampling scheme : SDDP.InSampleMonteCarlo
subproblem structure
  VariableRef                             : [7, 7]
  VariableRef in MOI.LessThan{Float64}    : [1, 2]
  VariableRef in MOI.GreaterThan{Float64} : [5, 5]
  AffExpr in MOI.EqualTo{Float64}         : [2, 2]
numerical stability report
  matrix range     [1e+00, 1e+00]
  objective range  [1e+00, 2e+02]
  bounds range     [2e+02, 2e+02]
  rhs range        [2e+02, 2e+02]
-------------------------------------------------------------------
 iteration    simulation      bound        time (s)     solves  pid
-------------------------------------------------------------------
         1   4.875000e+04  5.735677e+03  3.104925e-03        12   1
         2   2.344952e+04  1.050595e+04  4.564047e-03        24   1
         3   6.160714e+03  1.062500e+04  6.138086e-03        36   1
         4   1.250000e+04  1.062500e+04  7.766962e-03        48   1
         5   1.125000e+04  1.062500e+04  9.299040e-03        60   1
         6   5.000000e+03  1.062500e+04  1.088810e-02        72   1
         7   1.875000e+03  1.062500e+04  1.252699e-02        84   1
         8   1.875000e+03  1.062500e+04  1.387906e-02        96   1
         9   1.875000e+03  1.062500e+04  1.535106e-02       108   1
        10   1.875000e+03  1.062500e+04  1.706100e-02       120   1
-------------------------------------------------------------------
status         : iteration_limit
total time (s) : 1.706100e-02
total solves   : 120
best bound     :  1.062500e+04
simulation ci  :  1.146102e+04 ± 9.176302e+03
numeric issues : 0
-------------------------------------------------------------------

-------------------------------------------------------------------
         SDDP.jl (c) Oscar Dowson and contributors, 2017-23
-------------------------------------------------------------------
problem
  nodes           : 5
  state variables : 1
  scenarios       : 1.08000e+02
  existing cuts   : false
options
  solver          : serial mode
  risk measure    : SDDP.Expectation()
  sampling scheme : SDDP.InSampleMonteCarlo
subproblem structure
  VariableRef                             : [7, 7]
  VariableRef in MOI.LessThan{Float64}    : [1, 2]
  VariableRef in MOI.GreaterThan{Float64} : [5, 5]
  AffExpr in MOI.EqualTo{Float64}         : [2, 2]
-------------------------------------------------------------------
 iteration    simulation      bound        time (s)     solves  pid
-------------------------------------------------------------------
         1   3.750000e+04  1.991887e+03  1.360297e-02        18   1
         2   4.647404e+02  7.701344e+03  1.561999e-02        36   1
         3   1.875000e+03  8.072917e+03  1.788402e-02        54   1
         4   5.000000e+03  8.072917e+03  1.984310e-02        72   1
         5   2.250000e+04  8.072917e+03  2.239704e-02        90   1
         6   5.000000e+03  8.072917e+03  2.465200e-02       108   1
         7   2.750000e+04  8.072917e+03  2.713895e-02       126   1
         8   1.875000e+03  8.072917e+03  2.957606e-02       144   1
         9   1.875000e+03  8.072917e+03  3.217912e-02       162   1
        10   2.250000e+04  8.072917e+03  3.487611e-02       180   1
        11   1.875000e+03  8.072917e+03  3.745794e-02       198   1
        12   2.437500e+04  8.072917e+03  3.990293e-02       216   1
        13   1.875000e+03  8.072917e+03  4.239607e-02       234   1
        14   1.625000e+04  8.072917e+03  4.502392e-02       252   1
        15   1.875000e+03  8.072917e+03  4.735589e-02       270   1
        16   5.000000e+03  8.072917e+03  4.975390e-02       288   1
        17   1.875000e+03  8.072917e+03  5.242610e-02       306   1
        18   5.000000e+03  8.072917e+03  5.514097e-02       324   1
        19   5.000000e+03  8.072917e+03  5.795407e-02       342   1
        20   1.875000e+03  8.072917e+03  6.053901e-02       360   1
-------------------------------------------------------------------
status         : iteration_limit
total time (s) : 6.053901e-02
total solves   : 360
best bound     :  8.072917e+03
simulation ci  :  9.554487e+03 ± 4.885309e+03
numeric issues : 0
-------------------------------------------------------------------

-------------------------------------------------------------------
         SDDP.jl (c) Oscar Dowson and contributors, 2017-23
-------------------------------------------------------------------
problem
  nodes           : 3
  state variables : 1
  scenarios       : 1.00000e+00
  existing cuts   : false
options
  solver          : serial mode
  risk measure    : SDDP.Expectation()
  sampling scheme : SDDP.InSampleMonteCarlo
subproblem structure
  VariableRef                             : [5, 5]
  VariableRef in MOI.LessThan{Float64}    : [1, 1]
  VariableRef in MOI.GreaterThan{Float64} : [4, 4]
  AffExpr in MOI.EqualTo{Float64}         : [2, 2]
-------------------------------------------------------------------
 iteration    simulation      bound        time (s)     solves  pid
-------------------------------------------------------------------
         1   6.500000e+00  3.000000e+00  2.683878e-03         6   1
         2   3.500000e+00  3.500000e+00  3.632069e-03        12   1
         3   3.500000e+00  3.500000e+00  4.613876e-03        18   1
         4   3.500000e+00  3.500000e+00  5.571842e-03        24   1
         5   3.500000e+00  3.500000e+00  6.512880e-03        30   1
-------------------------------------------------------------------
status         : iteration_limit
total time (s) : 6.512880e-03
total solves   : 30
best bound     :  3.500000e+00
simulation ci  :  4.100000e+00 ± 1.176000e+00
numeric issues : 0
-------------------------------------------------------------------

-------------------------------------------------------------------
         SDDP.jl (c) Oscar Dowson and contributors, 2017-23
-------------------------------------------------------------------
problem
  nodes           : 3
  state variables : 1
  scenarios       : 1.00000e+00
  existing cuts   : false
options
  solver          : serial mode
  risk measure    : SDDP.Expectation()
  sampling scheme : SDDP.InSampleMonteCarlo
subproblem structure
  VariableRef                             : [5, 5]
  VariableRef in MOI.LessThan{Float64}    : [1, 1]
  VariableRef in MOI.GreaterThan{Float64} : [4, 4]
  AffExpr in MOI.EqualTo{Float64}         : [2, 2]
-------------------------------------------------------------------
 iteration    simulation      bound        time (s)     solves  pid
-------------------------------------------------------------------
         1   6.500000e+00  1.100000e+01  2.518177e-03         6   1
         2   5.500000e+00  1.100000e+01  3.192186e-03        12   1
         3   5.500000e+00  1.100000e+01  4.038095e-03        18   1
         4   5.500000e+00  1.100000e+01  4.885197e-03        24   1
         5   5.500000e+00  1.100000e+01  5.731106e-03        30   1
-------------------------------------------------------------------
status         : iteration_limit
total time (s) : 5.731106e-03
total solves   : 30
best bound     :  1.100000e+01
simulation ci  :  5.700000e+00 ± 3.920000e-01
numeric issues : 0
-------------------------------------------------------------------

