-------------------------------------------------------------------
         SDDP.jl (c) Oscar Dowson and contributors, 2017-23
-------------------------------------------------------------------
problem
  nodes           : 30
  state variables : 5
  scenarios       : 9.27734e+11
  existing cuts   : false
options
  solver          : serial mode
  risk measure    : A convex combination of 0.5 * SDDP.Expectation() + 0.5 * SDDP.AVaR(0.25)
  sampling scheme : SDDP.SimulatorSamplingScheme{typeof(Main.__atexample__named__example_milk_producer.simulator)}
subproblem structure
  VariableRef                             : [15, 15]
  AffExpr in MOI.EqualTo{Float64}         : [5, 5]
  VariableRef in MOI.GreaterThan{Float64} : [8, 9]
  VariableRef in MOI.LessThan{Float64}    : [4, 4]
numerical stability report
  matrix range     [1e+00, 1e+00]
  objective range  [1e+00, 1e+01]
  bounds range     [2e+00, 1e+02]
  rhs range        [0e+00, 0e+00]
-------------------------------------------------------------------
 iteration    simulation      bound        time (s)     solves  pid
-------------------------------------------------------------------
         1  -4.061777e+01  3.527426e+01  8.206720e-01       142   1
        62   1.080898e+01  7.740888e+00  1.825963e+00      8754   1
       114   8.800654e+00  7.631905e+00  2.844811e+00     16313   1
       160   7.742589e+00  7.630779e+00  3.849935e+00     22985   1
       202   9.511399e+00  7.628358e+00  4.864908e+00     29184   1
       240   8.383084e+00  7.626999e+00  5.867805e+00     34805   1
       279   7.922826e+00  7.626914e+00  6.890587e+00     40423   1
       316   9.473383e+00  7.625587e+00  7.901933e+00     45702   1
       349   8.719179e+00  7.624982e+00  8.908525e+00     50498   1
       382   1.055316e+01  7.624946e+00  9.916176e+00     55259   1
       528   9.927991e+00  7.624055e+00  1.493246e+01     76691   1
       655   8.935401e+00  7.624032e+00  1.995943e+01     95230   1
       656   9.250887e+00  7.624032e+00  2.000022e+01     95382   1
-------------------------------------------------------------------
status         : time_limit
total time (s) : 2.000022e+01
total solves   : 95382
best bound     :  7.624032e+00
simulation ci  :  8.771656e+00 ± 3.095189e-01
numeric issues : 0
-------------------------------------------------------------------

-------------------------------------------------------------------
         SDDP.jl (c) Oscar Dowson and contributors, 2017-23
-------------------------------------------------------------------
problem
  nodes           : 2
  state variables : 1
  scenarios       : 1.00000e+02
  existing cuts   : false
options
  solver          : serial mode
  risk measure    : SDDP.Expectation()
  sampling scheme : SDDP.InSampleMonteCarlo
subproblem structure
  VariableRef                             : [4, 4]
  AffExpr in MOI.EqualTo{Float64}         : [1, 1]
  AffExpr in MOI.LessThan{Float64}        : [1, 1]
  VariableRef in MOI.GreaterThan{Float64} : [2, 3]
  VariableRef in MOI.LessThan{Float64}    : [1, 1]
numerical stability report
  matrix range     [1e+00, 1e+00]
  objective range  [1e-01, 5e+00]
  bounds range     [2e+02, 1e+03]
  rhs range        [0e+00, 0e+00]
-------------------------------------------------------------------
 iteration    simulation      bound        time (s)     solves  pid
-------------------------------------------------------------------
         1   0.000000e+00  7.370163e+02  5.840063e-03       103   1
         2   4.924954e+02  6.032288e+02  2.183604e-02       406   1
         3   5.479172e+02  5.725050e+02  2.641106e-02       509   1
         4   5.884840e+02  5.681389e+02  3.096890e-02       612   1
         5   4.427522e+02  5.654324e+02  3.557491e-02       715   1
         6   6.119326e+02  5.649248e+02  4.010010e-02       818   1
         7   5.011652e+02  5.647065e+02  4.476595e-02       921   1
         8   6.145332e+02  5.647006e+02  4.944491e-02      1024   1
         9   4.661893e+02  5.647006e+02  5.419493e-02      1127   1
        10   3.743814e+02  5.647006e+02  5.892396e-02      1230   1
        11   4.665151e+02  5.647006e+02  6.357503e-02      1333   1
        12   5.693961e+02  5.647006e+02  6.826401e-02      1436   1
        13   5.588678e+02  5.647006e+02  7.298899e-02      1539   1
        14   5.326599e+02  5.647006e+02  7.777190e-02      1642   1
        15   6.165210e+02  5.647006e+02  8.246303e-02      1745   1
        16   4.040827e+02  5.647006e+02  8.720994e-02      1848   1
        17   6.165210e+02  5.647006e+02  9.194493e-02      1951   1
        18   4.786316e+02  5.647006e+02  9.666896e-02      2054   1
        19   4.071733e+02  5.647006e+02  1.489921e-01      2157   1
        20   6.165210e+02  5.647006e+02  1.540000e-01      2260   1
        21   4.634762e+02  5.647006e+02  1.724031e-01      2563   1
        22   5.649130e+02  5.647006e+02  1.773410e-01      2666   1
        23   4.387658e+02  5.647006e+02  1.821449e-01      2769   1
        24   5.277046e+02  5.647006e+02  1.869559e-01      2872   1
        25   4.896871e+02  5.647006e+02  1.917391e-01      2975   1
        26   4.786316e+02  5.647006e+02  1.965280e-01      3078   1
        27   6.165210e+02  5.647006e+02  2.014301e-01      3181   1
        28   6.165210e+02  5.647006e+02  2.062650e-01      3284   1
        29   4.279278e+02  5.647006e+02  2.111270e-01      3387   1
        30   6.165210e+02  5.647006e+02  2.159350e-01      3490   1
        31   5.029574e+02  5.647006e+02  2.207339e-01      3593   1
        32   6.165210e+02  5.647006e+02  2.256849e-01      3696   1
        33   6.165210e+02  5.647006e+02  2.306089e-01      3799   1
        34   6.165210e+02  5.647006e+02  2.355881e-01      3902   1
        35   6.099031e+02  5.647006e+02  2.405019e-01      4005   1
        36   3.931240e+02  5.647006e+02  2.455039e-01      4108   1
        37   6.165210e+02  5.647006e+02  2.504771e-01      4211   1
        38   6.165210e+02  5.647006e+02  2.554600e-01      4314   1
        39   5.390068e+02  5.647006e+02  2.604599e-01      4417   1
        40   5.362215e+02  5.647006e+02  2.655261e-01      4520   1
-------------------------------------------------------------------
status         : simulation_stopping
total time (s) : 2.655261e-01
total solves   : 4520
best bound     :  5.647006e+02
simulation ci  :  5.202807e+02 ± 3.543306e+01
numeric issues : 0
-------------------------------------------------------------------

-------------------------------------------------------------------
         SDDP.jl (c) Oscar Dowson and contributors, 2017-23
-------------------------------------------------------------------
problem
  nodes           : 52
  state variables : 1
  scenarios       : 1.00000e+00
  existing cuts   : false
options
  solver          : serial mode
  risk measure    : SDDP.Expectation()
  sampling scheme : SDDP.InSampleMonteCarlo
subproblem structure
  VariableRef                             : [7, 7]
  AffExpr in MOI.EqualTo{Float64}         : [2, 2]
  VariableRef in MOI.EqualTo{Float64}     : [1, 1]
  VariableRef in MOI.GreaterThan{Float64} : [5, 5]
  VariableRef in MOI.LessThan{Float64}    : [2, 3]
numerical stability report
  matrix range     [1e+00, 1e+00]
  objective range  [1e+00, 2e+01]
  bounds range     [1e+01, 3e+02]
  rhs range        [7e+00, 1e+01]
-------------------------------------------------------------------
 iteration    simulation      bound        time (s)     solves  pid
-------------------------------------------------------------------
         1   1.079600e+03  3.157700e+02  3.523588e-02       104   1
        10   6.829100e+02  6.829100e+02  1.704550e-01      1040   1
-------------------------------------------------------------------
status         : iteration_limit
total time (s) : 1.704550e-01
total solves   : 1040
best bound     :  6.829100e+02
simulation ci  :  7.289889e+02 ± 7.726064e+01
numeric issues : 0
-------------------------------------------------------------------

-------------------------------------------------------------------
         SDDP.jl (c) Oscar Dowson and contributors, 2017-23
-------------------------------------------------------------------
problem
  nodes           : 52
  state variables : 1
  scenarios       : 6.46108e+24
  existing cuts   : false
options
  solver          : serial mode
  risk measure    : SDDP.Expectation()
  sampling scheme : SDDP.InSampleMonteCarlo
subproblem structure
  VariableRef                             : [7, 7]
  AffExpr in MOI.EqualTo{Float64}         : [2, 2]
  VariableRef in MOI.GreaterThan{Float64} : [5, 5]
  VariableRef in MOI.LessThan{Float64}    : [2, 3]
numerical stability report
  matrix range     [1e+00, 1e+00]
  objective range  [1e+00, 2e+01]
  bounds range     [1e+01, 3e+02]
  rhs range        [7e+00, 1e+01]
-------------------------------------------------------------------
 iteration    simulation      bound        time (s)     solves  pid
-------------------------------------------------------------------
         1   0.000000e+00  0.000000e+00  3.624010e-02       208   1
        45   7.203605e+02  2.464020e+02  1.067988e+00      9360   1
        83   5.233433e+02  2.624817e+02  2.080507e+00     17264   1
       100   1.510852e+02  2.671904e+02  2.549320e+00     20800   1
-------------------------------------------------------------------
status         : iteration_limit
total time (s) : 2.549320e+00
total solves   : 20800
best bound     :  2.671904e+02
simulation ci  :  3.006095e+02 ± 4.553010e+01
numeric issues : 0
-------------------------------------------------------------------

-------------------------------------------------------------------
         SDDP.jl (c) Oscar Dowson and contributors, 2017-23
-------------------------------------------------------------------
problem
  nodes           : 52
  state variables : 1
  scenarios       : Inf
  existing cuts   : false
options
  solver          : serial mode
  risk measure    : SDDP.Expectation()
  sampling scheme : SDDP.InSampleMonteCarlo
subproblem structure
  VariableRef                             : [7, 7]
  AffExpr in MOI.EqualTo{Float64}         : [2, 2]
  VariableRef in MOI.GreaterThan{Float64} : [5, 5]
  VariableRef in MOI.LessThan{Float64}    : [2, 2]
numerical stability report
  matrix range     [1e+00, 1e+00]
  objective range  [1e+00, 2e+01]
  bounds range     [1e+01, 3e+02]
  rhs range        [7e+00, 1e+01]
-------------------------------------------------------------------
 iteration    simulation      bound        time (s)     solves  pid
-------------------------------------------------------------------
         1   1.461636e+05  6.915108e+04  5.054822e-01      5827   1
         6   1.090771e+05  9.071383e+04  1.710037e+00     19362   1
         8   6.514377e+04  9.267003e+04  2.879791e+00     31848   1
        13   1.723839e+05  9.319223e+04  4.089832e+00     42471   1
        14   1.970125e+05  9.320680e+04  5.160019e+00     51210   1
        18   1.844298e+05  9.329329e+04  6.597711e+00     62246   1
        20   1.919832e+05  9.331665e+04  7.948600e+00     72028   1
        25   4.962627e+04  9.332963e+04  9.125800e+00     80155   1
        32   6.236394e+05  9.336375e+04  1.527419e+01    117408   1
        40   2.485302e+05  9.336836e+04  2.189402e+01    152376   1
        46   2.908215e+05  9.337351e+04  2.841359e+01    183178   1
        54   1.666051e+05  9.337816e+04  3.428909e+01    209202   1
        61   1.834219e+05  9.338178e+04  4.034262e+01    233767   1
        69   5.440974e+04  9.338355e+04  4.567342e+01    254383   1
        74   9.143936e+04  9.338412e+04  5.097549e+01    273742   1
        78   2.008575e+04  9.338459e+04  5.617424e+01    291850   1
        81   6.054156e+04  9.338655e+04  6.134080e+01    308915   1
        90   1.865582e+05  9.338848e+04  6.773759e+01    329534   1
        95   1.373544e+05  9.338925e+04  7.452901e+01    350765   1
        98   1.274455e+05  9.339000e+04  7.954032e+01    365958   1
       100   3.404796e+04  9.339099e+04  8.224990e+01    374076   1
-------------------------------------------------------------------
status         : iteration_limit
total time (s) : 8.224990e+01
total solves   : 374076
best bound     :  9.339099e+04
simulation ci  :  8.351572e+04 ± 1.802039e+04
numeric issues : 0
-------------------------------------------------------------------

-------------------------------------------------------------------
         SDDP.jl (c) Oscar Dowson and contributors, 2017-23
-------------------------------------------------------------------
problem
  nodes           : 3
  state variables : 1
  scenarios       : 2.70000e+01
  existing cuts   : false
options
  solver          : serial mode
  risk measure    : SDDP.Expectation()
  sampling scheme : SDDP.InSampleMonteCarlo
subproblem structure
  VariableRef                             : [7, 7]
  AffExpr in MOI.EqualTo{Float64}         : [2, 2]
  VariableRef in MOI.GreaterThan{Float64} : [5, 5]
  VariableRef in MOI.LessThan{Float64}    : [1, 2]
numerical stability report
  matrix range     [1e+00, 1e+00]
  objective range  [1e+00, 2e+02]
  bounds range     [2e+02, 2e+02]
  rhs range        [2e+02, 2e+02]
-------------------------------------------------------------------
 iteration    simulation      bound        time (s)     solves  pid
-------------------------------------------------------------------
         1   3.000000e+04  2.500000e+03  2.702951e-03        12   1
        10   5.000000e+03  8.333333e+03  1.252007e-02       120   1
-------------------------------------------------------------------
status         : iteration_limit
total time (s) : 1.252007e-02
total solves   : 120
best bound     :  8.333333e+03
simulation ci  :  1.212500e+04 ± 4.677868e+03
numeric issues : 0
-------------------------------------------------------------------

-------------------------------------------------------------------
         SDDP.jl (c) Oscar Dowson and contributors, 2017-23
-------------------------------------------------------------------
problem
  nodes           : 5
  state variables : 1
  scenarios       : 1.08000e+02
  existing cuts   : false
options
  solver          : serial mode
  risk measure    : SDDP.Expectation()
  sampling scheme : SDDP.InSampleMonteCarlo
subproblem structure
  VariableRef                             : [7, 7]
  AffExpr in MOI.EqualTo{Float64}         : [2, 2]
  VariableRef in MOI.GreaterThan{Float64} : [5, 5]
  VariableRef in MOI.LessThan{Float64}    : [1, 2]
numerical stability report
  matrix range     [1e+00, 1e+00]
  objective range  [1e+00, 2e+02]
  bounds range     [2e+02, 2e+02]
  rhs range        [2e+02, 2e+02]
-------------------------------------------------------------------
 iteration    simulation      bound        time (s)     solves  pid
-------------------------------------------------------------------
         1   2.812500e+04  1.991887e+03  4.308224e-03        18   1
        40   1.875000e+04  8.072917e+03  1.301291e-01      1320   1
-------------------------------------------------------------------
status         : simulation_stopping
total time (s) : 1.301291e-01
total solves   : 1320
best bound     :  8.072917e+03
simulation ci  :  8.390491e+03 ± 2.281638e+03
numeric issues : 0
-------------------------------------------------------------------

-------------------------------------------------------------------
         SDDP.jl (c) Oscar Dowson and contributors, 2017-23
-------------------------------------------------------------------
problem
  nodes           : 3
  state variables : 1
  scenarios       : 1.00000e+00
  existing cuts   : false
options
  solver          : serial mode
  risk measure    : SDDP.Expectation()
  sampling scheme : SDDP.InSampleMonteCarlo
subproblem structure
  VariableRef                             : [4, 4]
  AffExpr in MOI.EqualTo{Float64}         : [1, 1]
  AffExpr in MOI.LessThan{Float64}        : [1, 1]
  VariableRef in MOI.EqualTo{Float64}     : [1, 1]
  VariableRef in MOI.GreaterThan{Float64} : [2, 3]
  VariableRef in MOI.LessThan{Float64}    : [1, 1]
numerical stability report
  matrix range     [1e+00, 1e+00]
  objective range  [0e+00, 0e+00]
  bounds range     [0e+00, 0e+00]
  rhs range        [0e+00, 0e+00]
-------------------------------------------------------------------
 iteration    simulation      bound        time (s)     solves  pid
-------------------------------------------------------------------
         1   2.499895e+01  1.562631e+00  2.162600e-02         6   1
        37   8.333333e+00  8.333333e+00  1.037723e+00       228   1
        40   8.333333e+00  8.333333e+00  1.120131e+00       246   1
-------------------------------------------------------------------
status         : simulation_stopping
total time (s) : 1.120131e+00
total solves   : 246
best bound     :  8.333333e+00
simulation ci  :  8.810723e+00 ± 8.167195e-01
numeric issues : 0
-------------------------------------------------------------------

-------------------------------------------------------------------
         SDDP.jl (c) Oscar Dowson and contributors, 2017-23
-------------------------------------------------------------------
problem
  nodes           : 1
  state variables : 12
  scenarios       : Inf
  existing cuts   : false
options
  solver          : serial mode
  risk measure    : SDDP.Expectation()
  sampling scheme : SDDP.InSampleMonteCarlo
subproblem structure
  VariableRef                          : [25, 25]
  AffExpr in MOI.EqualTo{Float64}      : [1, 1]
  AffExpr in MOI.LessThan{Float64}     : [13, 13]
  VariableRef in MOI.LessThan{Float64} : [1, 1]
  VariableRef in MOI.ZeroOne           : [12, 12]
numerical stability report
  matrix range     [1e+00, 1e+00]
  objective range  [1e+00, 1e+00]
  bounds range     [1e+01, 1e+01]
  rhs range        [1e+00, 1e+00]
-------------------------------------------------------------------
 iteration    simulation      bound        time (s)     solves  pid
-------------------------------------------------------------------
         1   0.000000e+00  7.217100e+00  5.979061e-03        19   1
        34   1.900000e+01  6.561000e+00  1.013335e+00      2958   1
        40   7.000000e+00  6.561000e+00  1.050016e+00      3070   1
-------------------------------------------------------------------
status         : simulation_stopping
total time (s) : 1.050016e+00
total solves   : 3070
best bound     :  6.561000e+00
simulation ci  :  6.425000e+00 ± 2.437037e+00
numeric issues : 0
-------------------------------------------------------------------

-------------------------------------------------------------------
         SDDP.jl (c) Oscar Dowson and contributors, 2017-23
-------------------------------------------------------------------
problem
  nodes           : 3
  state variables : 1
  scenarios       : 1.72800e+03
  existing cuts   : false
options
  solver          : serial mode
  risk measure    : SDDP.Expectation()
  sampling scheme : SDDP.InSampleMonteCarlo
subproblem structure
  VariableRef                             : [8, 8]
  AffExpr in MOI.EqualTo{Float64}         : [2, 4]
  AffExpr in MOI.GreaterThan{Float64}     : [2, 2]
  VariableRef in MOI.GreaterThan{Float64} : [6, 6]
  VariableRef in MOI.LessThan{Float64}    : [2, 3]
-------------------------------------------------------------------
 iteration    simulation      bound        time (s)     solves  pid
-------------------------------------------------------------------
         1   7.171875e+03  2.721774e+03  1.912594e-02        39   1
        89   5.906250e+03  5.092593e+03  4.570889e-01      4671   1
-------------------------------------------------------------------
status         : simulation_stopping
total time (s) : 4.570889e-01
total solves   : 4671
best bound     :  5.092593e+03
simulation ci  :  5.937623e+03 ± 7.720855e+02
numeric issues : 0
-------------------------------------------------------------------

-------------------------------------------------------------------
         SDDP.jl (c) Oscar Dowson and contributors, 2017-23
-------------------------------------------------------------------
problem
  nodes           : 3
  state variables : 1
  scenarios       : 1.72800e+03
  existing cuts   : false
options
  solver          : serial mode
  risk measure    : SDDP.Expectation()
  sampling scheme : SDDP.InSampleMonteCarlo
subproblem structure
  VariableRef                             : [9, 9]
  AffExpr in MOI.EqualTo{Float64}         : [2, 10]
  AffExpr in MOI.GreaterThan{Float64}     : [4, 4]
  VariableRef in MOI.GreaterThan{Float64} : [7, 7]
  VariableRef in MOI.LessThan{Float64}    : [3, 4]
-------------------------------------------------------------------
 iteration    simulation      bound        time (s)     solves  pid
-------------------------------------------------------------------
         1   1.387500e+04  4.443582e+03  2.284598e-02        39   1
       197   7.000000e+03  5.135984e+03  1.043150e+00      9483   1
       403   1.181250e+04  5.135984e+03  2.043186e+00     18117   1
       594   4.750000e+03  5.135984e+03  3.082649e+00     26166   1
       778   2.375000e+03  5.135984e+03  4.082701e+00     33642   1
       793   3.000000e+03  5.135984e+03  4.174854e+00     34227   1
-------------------------------------------------------------------
status         : simulation_stopping
total time (s) : 4.174854e+00
total solves   : 34227
best bound     :  5.135984e+03
simulation ci  :  5.048570e+03 ± 2.730826e+02
numeric issues : 0
-------------------------------------------------------------------

-------------------------------------------------------------------
         SDDP.jl (c) Oscar Dowson and contributors, 2017-23
-------------------------------------------------------------------
problem
  nodes           : 3
  state variables : 1
  scenarios       : 2.70000e+01
  existing cuts   : false
options
  solver          : serial mode
  risk measure    : SDDP.Expectation()
  sampling scheme : SDDP.InSampleMonteCarlo
subproblem structure
  VariableRef                             : [7, 7]
  AffExpr in MOI.EqualTo{Float64}         : [2, 2]
  VariableRef in MOI.GreaterThan{Float64} : [5, 5]
  VariableRef in MOI.LessThan{Float64}    : [1, 2]
numerical stability report
  matrix range     [1e+00, 1e+00]
  objective range  [1e+00, 2e+02]
  bounds range     [2e+02, 2e+02]
  rhs range        [2e+02, 2e+02]
-------------------------------------------------------------------
 iteration    simulation      bound        time (s)     solves  pid
-------------------------------------------------------------------
         1   9.375000e+03  3.958333e+03  2.817154e-03        12   1
        40   1.125000e+04  1.062500e+04  6.500316e-02       642   1
-------------------------------------------------------------------
status         : simulation_stopping
total time (s) : 6.500316e-02
total solves   : 642
best bound     :  1.062500e+04
simulation ci  :  1.169368e+04 ± 2.551313e+03
numeric issues : 0
-------------------------------------------------------------------

-------------------------------------------------------------------
         SDDP.jl (c) Oscar Dowson and contributors, 2017-23
-------------------------------------------------------------------
problem
  nodes           : 1
  state variables : 1
  scenarios       : Inf
  existing cuts   : false
options
  solver          : serial mode
  risk measure    : SDDP.Expectation()
  sampling scheme : SDDP.InSampleMonteCarlo
subproblem structure
  VariableRef                             : [20, 20]
  AffExpr in MOI.EqualTo{Float64}         : [13, 13]
  AffExpr in MOI.GreaterThan{Float64}     : [6, 6]
  AffExpr in MOI.LessThan{Float64}        : [6, 6]
  VariableRef in MOI.GreaterThan{Float64} : [14, 14]
  VariableRef in MOI.LessThan{Float64}    : [11, 11]
numerical stability report
  matrix range     [1e+00, 2e+02]
  objective range  [1e+00, 1e+06]
  bounds range     [4e-01, 6e+00]
  rhs range        [5e-01, 5e+00]
-------------------------------------------------------------------
 iteration    simulation      bound        time (s)     solves  pid
-------------------------------------------------------------------
         1   1.154170e+06  2.409902e+05  7.930980e-01        99   1
         6   2.569199e+05  3.622598e+05  2.314659e+00       254   1
         8   6.635999e+05  3.718415e+05  3.644772e+00       396   1
        10   2.140999e+04  3.835049e+05  4.464428e+00       486   1
-------------------------------------------------------------------
status         : iteration_limit
total time (s) : 4.464428e+00
total solves   : 486
best bound     :  3.835049e+05
simulation ci  :  3.408529e+05 ± 2.162632e+05
numeric issues : 0
-------------------------------------------------------------------

-------------------------------------------------------------------
         SDDP.jl (c) Oscar Dowson and contributors, 2017-23
-------------------------------------------------------------------
problem
  nodes           : 1
  state variables : 1
  scenarios       : Inf
  existing cuts   : false
options
  solver          : serial mode
  risk measure    : SDDP.Expectation()
  sampling scheme : SDDP.InSampleMonteCarlo
subproblem structure
  VariableRef                             : [48, 48]
  AffExpr in MOI.EqualTo{Float64}         : [12, 12]
  AffExpr in MOI.GreaterThan{Float64}     : [6, 6]
  AffExpr in MOI.LessThan{Float64}        : [6, 6]
  QuadExpr in MOI.LessThan{Float64}       : [12, 12]
  VariableRef in MOI.GreaterThan{Float64} : [42, 42]
  VariableRef in MOI.LessThan{Float64}    : [39, 39]
numerical stability report
  matrix range     [1e+00, 1e+00]
  objective range  [1e+00, 1e+06]
  bounds range     [3e-01, 6e+00]
  rhs range        [5e-01, 2e+01]
-------------------------------------------------------------------
 iteration    simulation      bound        time (s)     solves  pid
-------------------------------------------------------------------
         1   5.265564e+04  6.478405e+04  2.228971e-01        15   1
         3   9.956241e+04  1.641751e+05  1.224417e+00        65   1
         4   1.636449e+06  2.239846e+05  3.550363e+00       196   1
         5   3.000673e+05  3.239771e+05  4.816405e+00       255   1
         7   5.969683e+05  3.667183e+05  7.756723e+00       409   1
         9   2.472210e+05  3.965234e+05  8.886619e+00       467   1
        10   6.430012e+04  4.022571e+05  9.231029e+00       482   1
-------------------------------------------------------------------
status         : iteration_limit
total time (s) : 9.231029e+00
total solves   : 482
best bound     :  4.022571e+05
simulation ci  :  3.449106e+05 ± 3.001779e+05
numeric issues : 0
-------------------------------------------------------------------

-------------------------------------------------------------------
         SDDP.jl (c) Oscar Dowson and contributors, 2017-23
-------------------------------------------------------------------
problem
  nodes           : 1
  state variables : 1
  scenarios       : Inf
  existing cuts   : false
options
  solver          : serial mode
  risk measure    : SDDP.Expectation()
  sampling scheme : SDDP.InSampleMonteCarlo
subproblem structure
  VariableRef                             : [20, 20]
  AffExpr in MOI.EqualTo{Float64}         : [13, 13]
  AffExpr in MOI.GreaterThan{Float64}     : [6, 6]
  AffExpr in MOI.LessThan{Float64}        : [6, 6]
  VariableRef in MOI.GreaterThan{Float64} : [14, 14]
  VariableRef in MOI.LessThan{Float64}    : [11, 11]
numerical stability report
  matrix range     [1e+00, 2e+02]
  objective range  [1e+00, 1e+06]
  bounds range     [4e-01, 6e+00]
  rhs range        [5e-01, 5e+00]
-------------------------------------------------------------------
 iteration    simulation      bound        time (s)     solves  pid
-------------------------------------------------------------------
         1   1.302141e+07  4.875069e+04  1.771343e+00       198   1
         2   1.828339e+06  8.635951e+04  3.259826e+00       297   1
         4   7.133571e+05  3.548539e+05  5.565694e+00       438   1
         6   1.966870e+06  3.650987e+05  7.596739e+00       576   1
         7   6.927744e+05  3.703264e+05  9.148307e+00       666   1
        10   1.535551e+06  3.981442e+05  1.625708e+01      1080   1
-------------------------------------------------------------------
status         : iteration_limit
total time (s) : 1.625708e+01
total solves   : 1080
best bound     :  3.981442e+05
simulation ci  :  2.258456e+06 ± 2.382748e+06
numeric issues : 0
-------------------------------------------------------------------

-------------------------------------------------------------------
         SDDP.jl (c) Oscar Dowson and contributors, 2017-23
-------------------------------------------------------------------
problem
  nodes           : 5
  state variables : 1
  scenarios       : 1.08000e+02
  existing cuts   : false
options
  solver          : serial mode
  risk measure    : SDDP.Expectation()
  sampling scheme : SDDP.InSampleMonteCarlo
subproblem structure
  VariableRef                             : [7, 7]
  AffExpr in MOI.EqualTo{Float64}         : [2, 2]
  VariableRef in MOI.GreaterThan{Float64} : [5, 5]
  VariableRef in MOI.LessThan{Float64}    : [1, 2]
-------------------------------------------------------------------
 iteration    simulation      bound        time (s)     solves  pid
-------------------------------------------------------------------
         1   1.875000e+04  1.991887e+03  1.365590e-02        18   1
        20   2.437500e+04  8.072917e+03  5.029392e-02       360   1
-------------------------------------------------------------------
status         : iteration_limit
total time (s) : 5.029392e-02
total solves   : 360
best bound     :  8.072917e+03
simulation ci  :  1.045755e+04 ± 3.785614e+03
numeric issues : 0
-------------------------------------------------------------------

-------------------------------------------------------------------
         SDDP.jl (c) Oscar Dowson and contributors, 2017-23
-------------------------------------------------------------------
problem
  nodes           : 3
  state variables : 1
  scenarios       : 1.00000e+00
  existing cuts   : false
options
  solver          : serial mode
  risk measure    : SDDP.Expectation()
  sampling scheme : SDDP.InSampleMonteCarlo
subproblem structure
  VariableRef                             : [5, 5]
  AffExpr in MOI.EqualTo{Float64}         : [2, 2]
  VariableRef in MOI.GreaterThan{Float64} : [4, 4]
  VariableRef in MOI.LessThan{Float64}    : [1, 1]
-------------------------------------------------------------------
 iteration    simulation      bound        time (s)     solves  pid
-------------------------------------------------------------------
         1   6.500000e+00  3.000000e+00  2.471924e-03         6   1
         5   3.500000e+00  3.500000e+00  5.300999e-03        30   1
-------------------------------------------------------------------
status         : iteration_limit
total time (s) : 5.300999e-03
total solves   : 30
best bound     :  3.500000e+00
simulation ci  :  4.100000e+00 ± 1.176000e+00
numeric issues : 0
-------------------------------------------------------------------

-------------------------------------------------------------------
         SDDP.jl (c) Oscar Dowson and contributors, 2017-23
-------------------------------------------------------------------
problem
  nodes           : 3
  state variables : 1
  scenarios       : 1.00000e+00
  existing cuts   : false
options
  solver          : serial mode
  risk measure    : SDDP.Expectation()
  sampling scheme : SDDP.InSampleMonteCarlo
subproblem structure
  VariableRef                             : [5, 5]
  AffExpr in MOI.EqualTo{Float64}         : [2, 2]
  VariableRef in MOI.GreaterThan{Float64} : [4, 4]
  VariableRef in MOI.LessThan{Float64}    : [1, 1]
-------------------------------------------------------------------
 iteration    simulation      bound        time (s)     solves  pid
-------------------------------------------------------------------
         1   6.500000e+00  1.100000e+01  2.853870e-03         6   1
         5   5.500000e+00  1.100000e+01  5.187988e-03        30   1
-------------------------------------------------------------------
status         : iteration_limit
total time (s) : 5.187988e-03
total solves   : 30
best bound     :  1.100000e+01
simulation ci  :  5.700000e+00 ± 3.920000e-01
numeric issues : 0
-------------------------------------------------------------------

