-------------------------------------------------------------------
         SDDP.jl (c) Oscar Dowson and contributors, 2017-23
-------------------------------------------------------------------
problem
  nodes           : 3
  state variables : 1
  scenarios       : 1.33100e+03
  existing cuts   : true
options
  solver          : serial mode
  risk measure    : SDDP.Expectation()
  sampling scheme : SDDP.InSampleMonteCarlo
subproblem structure
  VariableRef                             : [9, 9]
  AffExpr in MOI.EqualTo{Float64}         : [2, 4]
  AffExpr in MOI.GreaterThan{Float64}     : [3, 41]
  VariableRef in MOI.EqualTo{Float64}     : [1, 1]
  VariableRef in MOI.GreaterThan{Float64} : [8, 8]
  VariableRef in MOI.LessThan{Float64}    : [5, 6]
-------------------------------------------------------------------
 iteration    simulation      bound        time (s)     solves  pid
-------------------------------------------------------------------
         1   6.775000e+02  4.069295e+02  3.767967e-03      4733   1
        10   6.445745e+02  4.078859e+02  9.200501e-02      5357   1
-------------------------------------------------------------------
status         : iteration_limit
total time (s) : 9.200501e-02
total solves   : 5357
best bound     :  4.078859e+02
simulation ci  :  5.066792e+02 ± 1.075729e+02
numeric issues : 0
-------------------------------------------------------------------

