-------------------------------------------------------------------
         SDDP.jl (c) Oscar Dowson and contributors, 2017-23
-------------------------------------------------------------------
problem
  nodes           : 3
  state variables : 1
  scenarios       : 1.33100e+03
  existing cuts   : true
options
  solver          : serial mode
  risk measure    : SDDP.Expectation()
  sampling scheme : SDDP.InSampleMonteCarlo
subproblem structure
  VariableRef                             : [9, 9]
  AffExpr in MOI.EqualTo{Float64}         : [2, 4]
  AffExpr in MOI.GreaterThan{Float64}     : [3, 25]
  VariableRef in MOI.EqualTo{Float64}     : [1, 1]
  VariableRef in MOI.GreaterThan{Float64} : [8, 8]
  VariableRef in MOI.LessThan{Float64}    : [5, 6]
-------------------------------------------------------------------
 iteration    simulation      bound        time (s)     solves  pid
-------------------------------------------------------------------
         1   5.658333e+02  4.640036e+02  3.726959e-03      2720   1
        10   5.225000e+02  4.660290e+02  8.568287e-02      3344   1
-------------------------------------------------------------------
status         : iteration_limit
total time (s) : 8.568287e-02
total solves   : 3344
best bound     :  4.660290e+02
simulation ci  :  5.192132e+02 ± 9.666502e+01
numeric issues : 0
-------------------------------------------------------------------

