-------------------------------------------------------------------
         SDDP.jl (c) Oscar Dowson and contributors, 2017-23
-------------------------------------------------------------------
problem
  nodes           : 3
  state variables : 1
  scenarios       : 1.33100e+03
  existing cuts   : true
options
  solver          : serial mode
  risk measure    : SDDP.Expectation()
  sampling scheme : SDDP.InSampleMonteCarlo
subproblem structure
  VariableRef                             : [9, 9]
  AffExpr in MOI.EqualTo{Float64}         : [2, 4]
  AffExpr in MOI.GreaterThan{Float64}     : [3, 33]
  VariableRef in MOI.EqualTo{Float64}     : [1, 1]
  VariableRef in MOI.GreaterThan{Float64} : [8, 8]
  VariableRef in MOI.LessThan{Float64}    : [5, 6]
-------------------------------------------------------------------
 iteration    simulation      bound        time (s)     solves  pid
-------------------------------------------------------------------
         1   1.675000e+02  1.129545e+02  3.242016e-03      1891   1
         2   1.070005e+02  1.129545e+02  6.585121e-03      1927   1
         3   1.112500e+02  1.129545e+02  1.021004e-02      1963   1
         4   1.237500e+02  1.129545e+02  1.377797e-02      1999   1
         5   1.175000e+02  1.129715e+02  1.730108e-02      2035   1
         6   9.875000e+01  1.129771e+02  2.105498e-02      2071   1
         7   1.050000e+02  1.129771e+02  2.476692e-02      2107   1
         8   9.250000e+01  1.129771e+02  2.843904e-02      2143   1
         9   1.168750e+02  1.129771e+02  3.211093e-02      2179   1
        10   1.362500e+02  1.129771e+02  3.579903e-02      2215   1
-------------------------------------------------------------------
status         : iteration_limit
total time (s) : 3.579903e-02
total solves   : 2215
best bound     :  1.129771e+02
simulation ci  :  1.176375e+02 ± 1.334615e+01
numeric issues : 0
-------------------------------------------------------------------

