-------------------------------------------------------------------
         SDDP.jl (c) Oscar Dowson and contributors, 2017-23
-------------------------------------------------------------------
problem
  nodes           : 3
  state variables : 1
  scenarios       : 1.33100e+03
  existing cuts   : false
options
  solver          : serial mode
  risk measure    : SDDP.Expectation()
  sampling scheme : SDDP.InSampleMonteCarlo
subproblem structure
  VariableRef                             : [9, 9]
  AffExpr in MOI.EqualTo{Float64}         : [2, 4]
  AffExpr in MOI.GreaterThan{Float64}     : [3, 5]
  VariableRef in MOI.GreaterThan{Float64} : [8, 8]
  VariableRef in MOI.LessThan{Float64}    : [5, 6]
-------------------------------------------------------------------
 iteration    simulation      bound        time (s)     solves  pid
-------------------------------------------------------------------
         1   0.000000e+00  0.000000e+00  2.822130e-01        36   1
         2   0.000000e+00  0.000000e+00  2.848129e-01        72   1
         3   0.000000e+00  0.000000e+00  2.872961e-01       108   1
         4   0.000000e+00  0.000000e+00  2.897611e-01       144   1
         5   0.000000e+00  0.000000e+00  2.921691e-01       180   1
         6   0.000000e+00  0.000000e+00  2.946110e-01       216   1
         7   0.000000e+00  0.000000e+00  2.970469e-01       252   1
         8   0.000000e+00  0.000000e+00  2.994809e-01       288   1
         9   0.000000e+00  0.000000e+00  3.020070e-01       324   1
        10   0.000000e+00  0.000000e+00  3.044660e-01       360   1
-------------------------------------------------------------------
status         : iteration_limit
total time (s) : 3.044660e-01
total solves   : 360
best bound     :  0.000000e+00
simulation ci  :  0.000000e+00 ± 0.000000e+00
numeric issues : 0
-------------------------------------------------------------------

