-------------------------------------------------------------------
         SDDP.jl (c) Oscar Dowson and contributors, 2017-23
-------------------------------------------------------------------
problem
  nodes           : 2
  state variables : 1
  scenarios       : 2.00000e+00
  existing cuts   : false
options
  solver          : serial mode
  risk measure    : SDDP.Expectation()
  sampling scheme : SDDP.InSampleMonteCarlo
subproblem structure
  VariableRef                             : [6, 6]
  AffExpr in MOI.GreaterThan{Float64}     : [1, 1]
  AffExpr in MOI.LessThan{Float64}        : [1, 1]
  VariableRef in MOI.EqualTo{Float64}     : [1, 1]
  VariableRef in MOI.GreaterThan{Float64} : [4, 4]
  VariableRef in MOI.LessThan{Float64}    : [1, 2]
numerical stability report
  matrix range     [1e+00, 1e+00]
  objective range  [1e+00, 5e+00]
  bounds range     [8e+00, 8e+00]
  rhs range        [6e+00, 6e+00]
-------------------------------------------------------------------
 iteration    simulation      bound        time (s)     solves  pid
-------------------------------------------------------------------
         1   0.000000e+00  1.000000e+01  2.346039e-03         5   1
         2   2.000000e+01  1.000000e+01  1.321697e-02        14   1
         3   0.000000e+00  1.000000e+01  1.411295e-02        19   1
         4   0.000000e+00  1.000000e+01  1.496387e-02        24   1
         5   0.000000e+00  1.000000e+01  1.586795e-02        29   1
         6   0.000000e+00  1.000000e+01  1.672602e-02        34   1
         7   0.000000e+00  1.000000e+01  1.758885e-02        39   1
         8   2.000000e+01  1.000000e+01  1.846004e-02        44   1
         9   2.000000e+01  1.000000e+01  1.936293e-02        49   1
        10   0.000000e+00  1.000000e+01  2.026296e-02        54   1
        11   2.000000e+01  1.000000e+01  2.116203e-02        59   1
        12   2.000000e+01  1.000000e+01  2.207804e-02        64   1
        13   0.000000e+00  1.000000e+01  2.299500e-02        69   1
        14   0.000000e+00  1.000000e+01  2.393985e-02        74   1
        15   0.000000e+00  1.000000e+01  2.487493e-02        79   1
        16   2.000000e+01  1.000000e+01  2.581191e-02        84   1
        17   2.000000e+01  1.000000e+01  2.676201e-02        89   1
        18   2.000000e+01  1.000000e+01  2.776003e-02        94   1
        19   2.000000e+01  1.000000e+01  2.873492e-02        99   1
        20   2.000000e+01  1.000000e+01  2.970386e-02       104   1
-------------------------------------------------------------------
status         : simulation_stopping
total time (s) : 2.970386e-02
total solves   : 104
best bound     :  1.000000e+01
simulation ci  :  1.000000e+01 ± 4.496548e+00
numeric issues : 0
-------------------------------------------------------------------

-------------------------------------------------------------------
         SDDP.jl (c) Oscar Dowson and contributors, 2017-23
-------------------------------------------------------------------
problem
  nodes           : 3
  state variables : 2
  scenarios       : 4.00000e+00
  existing cuts   : false
options
  solver          : serial mode
  risk measure    : SDDP.Expectation()
  sampling scheme : SDDP.InSampleMonteCarlo
subproblem structure
  VariableRef                             : [8, 8]
  AffExpr in MOI.LessThan{Float64}        : [3, 3]
  VariableRef in MOI.GreaterThan{Float64} : [5, 5]
  VariableRef in MOI.LessThan{Float64}    : [1, 1]
numerical stability report
  matrix range     [1e+00, 1e+00]
  objective range  [2e-01, 3e+00]
  bounds range     [5e+01, 5e+01]
  rhs range        [0e+00, 0e+00]
-------------------------------------------------------------------
 iteration    simulation      bound        time (s)     solves  pid
-------------------------------------------------------------------
         5  -5.320000e+00 -2.396000e+01  7.850170e-03        52   1
        10  -2.396000e+01 -2.396000e+01  1.225519e-02        92   1
        15  -4.260000e+01 -2.396000e+01  1.706004e-02       132   1
        20  -2.396000e+01 -2.396000e+01  2.231717e-02       172   1
        25  -2.396000e+01 -2.396000e+01  2.896118e-02       224   1
        30  -4.260000e+01 -2.396000e+01  3.508401e-02       264   1
        35  -4.260000e+01 -2.396000e+01  4.160500e-02       304   1
        40  -2.396000e+01 -2.396000e+01  4.847908e-02       344   1
-------------------------------------------------------------------
status         : simulation_stopping
total time (s) : 4.847908e-02
total solves   : 344
best bound     : -2.396000e+01
simulation ci  : -2.565714e+01 ± 4.427403e+00
numeric issues : 0
-------------------------------------------------------------------

 ────────────────────────────────────────────────────────────────────────────────
                                        Time                    Allocations      
                               ───────────────────────   ────────────────────────
       Tot / % measured:            346ms /  12.8%           23.9MiB /  27.6%    

 Section               ncalls     time    %tot     avg     alloc    %tot      avg
 ────────────────────────────────────────────────────────────────────────────────
 backward_pass             40   28.0ms   63.1%   701μs   5.60MiB   84.8%   143KiB
   solve_subproblem       160   14.4ms   32.3%  89.8μs    768KiB   11.4%  4.80KiB
     get_dual_solution    160    768μs    1.7%  4.80μs    160KiB    2.4%  1.00KiB
   prepare_backward...     80   73.2μs    0.2%   915ns   12.5KiB    0.2%     160B
 forward_pass              40   9.75ms   21.9%   244μs    785KiB   11.6%  19.6KiB
   solve_subproblem       120   8.62ms   19.4%  71.9μs    579KiB    8.6%  4.82KiB
     get_dual_solution    120    132μs    0.3%  1.10μs   65.6KiB    1.0%     560B
   sample_scenario         40    255μs    0.6%  6.38μs   37.0KiB    0.5%     946B
 calculate_bound           40   6.64ms   14.9%   166μs    227KiB    3.4%  5.67KiB
   get_dual_solution       40   60.1μs    0.1%  1.50μs   21.9KiB    0.3%     560B
 get_dual_solution         36   36.1μs    0.1%  1.00μs   19.7KiB    0.3%     560B
 ────────────────────────────────────────────────────────────────────────────────

-------------------------------------------------------------------
         SDDP.jl (c) Oscar Dowson and contributors, 2017-23
-------------------------------------------------------------------
problem
  nodes           : 3
  state variables : 2
  scenarios       : 4.00000e+00
  existing cuts   : false
options
  solver          : serial mode
  risk measure    : SDDP.Expectation()
  sampling scheme : SDDP.InSampleMonteCarlo
subproblem structure
  VariableRef                             : [8, 8]
  AffExpr in MOI.LessThan{Float64}        : [3, 3]
  VariableRef in MOI.GreaterThan{Float64} : [5, 5]
  VariableRef in MOI.LessThan{Float64}    : [1, 1]
numerical stability report
  matrix range     [1e+00, 1e+00]
  objective range  [2e-01, 3e+00]
  bounds range     [5e+01, 5e+01]
  rhs range        [0e+00, 0e+00]
-------------------------------------------------------------------
 iteration    simulation      bound        time (s)     solves  pid
-------------------------------------------------------------------
         5  -2.396000e+01 -2.396000e+01  7.450819e-03        52   1
        10  -2.396000e+01 -2.396000e+01  1.162386e-02        92   1
        15  -4.260000e+01 -2.396000e+01  1.621699e-02       132   1
        20  -2.396000e+01 -2.396000e+01  2.123785e-02       172   1
        25  -2.396000e+01 -2.396000e+01  2.764392e-02       224   1
        30  -2.396000e+01 -2.396000e+01  3.356600e-02       264   1
        35  -4.260000e+01 -2.396000e+01  3.985500e-02       304   1
        40  -2.396000e+01 -2.396000e+01  4.658484e-02       344   1
-------------------------------------------------------------------
status         : simulation_stopping
total time (s) : 4.658484e-02
total solves   : 344
best bound     : -2.396000e+01
simulation ci  : -2.379314e+01 ± 4.251732e+00
numeric issues : 0
-------------------------------------------------------------------

 ────────────────────────────────────────────────────────────────────────────────
                                        Time                    Allocations      
                               ───────────────────────   ────────────────────────
       Tot / % measured:           50.6ms /  84.3%           7.52MiB /  87.8%    

 Section               ncalls     time    %tot     avg     alloc    %tot      avg
 ────────────────────────────────────────────────────────────────────────────────
 backward_pass             40   27.3ms   64.1%   683μs   5.60MiB   84.8%   143KiB
   solve_subproblem       160   13.5ms   31.6%  84.3μs    768KiB   11.4%  4.80KiB
     get_dual_solution    160    688μs    1.6%  4.30μs    160KiB    2.4%  1.00KiB
   prepare_backward...     80   73.4μs    0.2%   918ns   12.5KiB    0.2%     160B
 forward_pass              40   9.03ms   21.2%   226μs    784KiB   11.6%  19.6KiB
   solve_subproblem       120   7.95ms   18.6%  66.2μs    579KiB    8.6%  4.82KiB
     get_dual_solution    120    113μs    0.3%   940ns   65.6KiB    1.0%     560B
   sample_scenario         40    251μs    0.6%  6.26μs   36.9KiB    0.5%     945B
 calculate_bound           40   6.28ms   14.7%   157μs    227KiB    3.4%  5.67KiB
   get_dual_solution       40   49.9μs    0.1%  1.25μs   21.9KiB    0.3%     560B
 get_dual_solution         36   29.2μs    0.1%   811ns   19.7KiB    0.3%     560B
 ────────────────────────────────────────────────────────────────────────────────

-------------------------------------------------------------------
         SDDP.jl (c) Oscar Dowson and contributors, 2017-23
-------------------------------------------------------------------
problem
  nodes           : 2
  state variables : 1
  scenarios       : 2.00000e+00
  existing cuts   : false
options
  solver          : serial mode
  risk measure    : SDDP.Expectation()
  sampling scheme : SDDP.InSampleMonteCarlo
subproblem structure
  VariableRef                             : [3, 4]
  AffExpr in MOI.LessThan{Float64}        : [1, 1]
  VariableRef in MOI.GreaterThan{Float64} : [2, 3]
  VariableRef in MOI.LessThan{Float64}    : [2, 2]
numerical stability report
  matrix range     [1e+00, 1e+00]
  objective range  [1e+00, 2e+00]
  bounds range     [2e+00, 5e+00]
  rhs range        [0e+00, 0e+00]
-------------------------------------------------------------------
 iteration    simulation      bound        time (s)     solves  pid
-------------------------------------------------------------------
         1   0.000000e+00 -2.500000e+00  1.777887e-03         5   1
         2  -1.500000e+00 -2.000000e+00  2.907991e-03        14   1
         3  -3.000000e+00 -2.000000e+00  3.461838e-03        19   1
         4  -1.000000e+00 -2.000000e+00  4.112005e-03        24   1
         5  -2.000000e+00 -2.000000e+00  4.877806e-03        29   1
         6  -2.000000e+00 -2.000000e+00  5.569935e-03        34   1
         7  -2.000000e+00 -2.000000e+00  6.258011e-03        39   1
         8  -2.000000e+00 -2.000000e+00  6.951809e-03        44   1
         9  -2.000000e+00 -2.000000e+00  7.649899e-03        49   1
        10  -2.000000e+00 -2.000000e+00  8.386850e-03        54   1
        11  -2.000000e+00 -2.000000e+00  9.110928e-03        59   1
        12  -2.000000e+00 -2.000000e+00  9.829998e-03        64   1
        13  -2.000000e+00 -2.000000e+00  1.055884e-02        69   1
        14  -2.000000e+00 -2.000000e+00  1.129198e-02        74   1
        15  -2.000000e+00 -2.000000e+00  1.202798e-02        79   1
        16  -2.000000e+00 -2.000000e+00  1.280403e-02        84   1
        17  -2.000000e+00 -2.000000e+00  1.356196e-02        89   1
        18  -2.000000e+00 -2.000000e+00  1.433396e-02        94   1
        19  -2.000000e+00 -2.000000e+00  1.510596e-02        99   1
        20  -2.000000e+00 -2.000000e+00  1.589489e-02       104   1
        21  -2.000000e+00 -2.000000e+00  5.798483e-02       113   1
        22  -2.000000e+00 -2.000000e+00  5.894899e-02       118   1
        23  -2.000000e+00 -2.000000e+00  5.977702e-02       123   1
        24  -2.000000e+00 -2.000000e+00  6.063199e-02       128   1
        25  -2.000000e+00 -2.000000e+00  6.145501e-02       133   1
        26  -2.000000e+00 -2.000000e+00  6.227803e-02       138   1
        27  -2.000000e+00 -2.000000e+00  6.310987e-02       143   1
        28  -2.000000e+00 -2.000000e+00  6.394601e-02       148   1
        29  -2.000000e+00 -2.000000e+00  6.481194e-02       153   1
        30  -2.000000e+00 -2.000000e+00  6.566000e-02       158   1
        31  -2.000000e+00 -2.000000e+00  6.652999e-02       163   1
        32  -2.000000e+00 -2.000000e+00  6.739998e-02       168   1
        33  -2.000000e+00 -2.000000e+00  6.830096e-02       173   1
        34  -2.000000e+00 -2.000000e+00  6.918383e-02       178   1
        35  -2.000000e+00 -2.000000e+00  7.007885e-02       183   1
        36  -2.000000e+00 -2.000000e+00  7.097793e-02       188   1
        37  -2.000000e+00 -2.000000e+00  7.187581e-02       193   1
        38  -2.000000e+00 -2.000000e+00  7.280588e-02       198   1
        39  -2.000000e+00 -2.000000e+00  7.373381e-02       203   1
        40  -2.000000e+00 -2.000000e+00  7.466793e-02       208   1
-------------------------------------------------------------------
status         : simulation_stopping
total time (s) : 7.466793e-02
total solves   : 208
best bound     : -2.000000e+00
simulation ci  : -1.937500e+00 ± 1.225000e-01
numeric issues : 0
-------------------------------------------------------------------

-------------------------------------------------------------------
         SDDP.jl (c) Oscar Dowson and contributors, 2017-23
-------------------------------------------------------------------
problem
  nodes           : 3
  state variables : 1
  scenarios       : Inf
  existing cuts   : false
options
  solver          : serial mode
  risk measure    : SDDP.Expectation()
  sampling scheme : SDDP.InSampleMonteCarlo
subproblem structure
  VariableRef                             : [6, 6]
  AffExpr in MOI.EqualTo{Float64}         : [2, 2]
  VariableRef in MOI.GreaterThan{Float64} : [5, 5]
  VariableRef in MOI.LessThan{Float64}    : [1, 1]
numerical stability report
  matrix range     [1e+00, 1e+00]
  objective range  [1e+00, 3e+00]
  bounds range     [5e+00, 2e+01]
  rhs range        [2e+00, 1e+01]
-------------------------------------------------------------------
 iteration    simulation      bound        time (s)     solves  pid
-------------------------------------------------------------------
         1   1.555000e+02  1.259101e+01  7.621050e-03        51   1
         2   3.591879e+02  7.384014e+01  5.218697e-02       378   1
         3   7.400000e+01  9.758149e+01  6.861210e-02       501   1
         4   2.394675e+02  1.298495e+02  9.721708e-02       708   1
         5   1.750000e+01  1.307116e+02  9.924102e-02       723   1
         6   2.211378e+02  1.517041e+02  1.284091e-01       930   1
         7   4.661980e+01  1.553187e+02  1.322241e-01       957   1
         8   1.518997e+02  1.655949e+02  1.540730e-01      1104   1
         9   3.060000e+02  1.813202e+02  1.989310e-01      1419   1
        10   3.135777e+02  1.914407e+02  2.403111e-01      1686   1
        11   5.000000e-01  1.918431e+02  2.428491e-01      1701   1
        12   6.022864e+02  2.085430e+02  3.286521e-01      2256   1
        13   5.073854e+02  2.138649e+02  4.134560e-01      2763   1
        14   1.044437e+02  2.162386e+02  4.427810e-01      2934   1
        15   6.053845e+01  2.176607e+02  4.574041e-01      3021   1
        16   2.018354e+02  2.201870e+02  4.948051e-01      3240   1
        17   2.620861e+02  2.220658e+02  5.435190e-01      3519   1
        18   3.912512e+02  2.254186e+02  6.374710e-01      3846   1
        19   4.768123e+02  2.268177e+02  7.366431e-01      4389   1
        20   2.890040e+02  2.278991e+02  7.827752e-01      4644   1
        21   1.264278e+01  2.279131e+02  7.855091e-01      4659   1
        22   6.031851e+02  2.297599e+02  8.725221e-01      5154   1
        23   1.543156e+02  2.298506e+02  8.966160e-01      5289   1
        24   5.809834e+02  2.313708e+02  1.007168e+00      5880   1
        25   5.455058e+01  2.316746e+02  1.021097e+00      5955   1
        26   1.133778e+02  2.318331e+02  1.039566e+00      6054   1
        27   1.052236e+02  2.322076e+02  1.060519e+00      6165   1
        28   4.663481e+01  2.322320e+02  1.065441e+00      6192   1
        29   1.357615e+02  2.326011e+02  1.106021e+00      6411   1
        30   9.421161e+01  2.328387e+02  1.128976e+00      6534   1
        31   3.750000e+01  2.329240e+02  1.142892e+00      6609   1
        32   4.259975e+01  2.330762e+02  1.147516e+00      6636   1
        33   1.118586e+01  2.331938e+02  1.155057e+00      6675   1
        34   7.299612e+02  2.340529e+02  1.287588e+00      7374   1
        35   2.391704e+02  2.343286e+02  1.333143e+00      7605   1
        36   1.000001e+02  2.344236e+02  1.354445e+00      7716   1
        37   1.053455e+02  2.345290e+02  1.370584e+00      7803   1
        38   1.000000e+01  2.345331e+02  1.373651e+00      7818   1
        39   3.540845e+02  2.347382e+02  1.451227e+00      8217   1
        40   3.778849e+02  2.350510e+02  1.526154e+00      8592   1
        41   2.028563e+02  2.351640e+02  1.569457e+00      8811   1
        42   2.574374e+02  2.352445e+02  1.633769e+00      9126   1
        43   6.687910e+01  2.353100e+02  1.647207e+00      9189   1
        44   2.271897e+01  2.353152e+02  1.652657e+00      9216   1
        45   1.030665e+02  2.353371e+02  1.677940e+00      9339   1
        46   3.509271e+02  2.355251e+02  1.751093e+00      9702   1
        47   9.342971e+01  2.355779e+02  1.774347e+00      9813   1
        48   7.528788e+02  2.357504e+02  1.935377e+00     10584   1
        49   1.111757e+02  2.357666e+02  1.946805e+00     10647   1
        50   5.407616e+02  2.358094e+02  2.097768e+00     11178   1
        51   5.918567e+01  2.358132e+02  2.110585e+00     11241   1
        52   3.630734e+01  2.358466e+02  2.119028e+00     11280   1
        53   1.242137e+02  2.358982e+02  2.166179e+00     11499   1
        54   3.109667e+02  2.359265e+02  2.232330e+00     11802   1
        55   4.537689e+01  2.359493e+02  2.248145e+00     11877   1
        56   1.119779e+02  2.359625e+02  2.266570e+00     11964   1
        57   4.824763e+01  2.359697e+02  2.281901e+00     12039   1
        58   6.618613e+00  2.359843e+02  2.285227e+00     12054   1
        59   4.671599e+02  2.360297e+02  2.379371e+00     12489   1
        60   2.572330e+02  2.360653e+02  2.451220e+00     12816   1
        61   1.757258e+01  2.360826e+02  2.457185e+00     12843   1
        62   4.137427e+02  2.361138e+02  2.529315e+00     13182   1
        63   9.950518e+01  2.361294e+02  2.550683e+00     13281   1
        64   1.000000e+01  2.361297e+02  2.553989e+00     13296   1
        65   1.627001e+02  2.361435e+02  2.579214e+00     13419   1
        66   1.695101e+02  2.361574e+02  2.611306e+00     13566   1
        67   8.643509e+01  2.361744e+02  2.632509e+00     13665   1
        68   1.670280e+02  2.361744e+02  2.661617e+00     13800   1
        69   1.024491e+02  2.361966e+02  2.683321e+00     13899   1
        70   2.414365e+02  2.362249e+02  2.748064e+00     14202   1
        71   6.410003e+01  2.362316e+02  2.761665e+00     14265   1
        72   3.541140e+02  2.362395e+02  2.828323e+00     14568   1
        73   9.191217e+01  2.362509e+02  2.854936e+00     14691   1
        74   2.796742e+01  2.362527e+02  2.863551e+00     14730   1
        75   1.135018e+02  2.362610e+02  2.888682e+00     14841   1
        76   7.248622e+01  2.362628e+02  2.902571e+00     14904   1
        77   2.154245e+02  2.362685e+02  2.945233e+00     15099   1
        78   6.348778e+01  2.362776e+02  2.967924e+00     15198   1
        79   2.849066e+01  2.362812e+02  2.973801e+00     15225   1
        80   3.934956e+02  2.362935e+02  3.055890e+00     15588   1
        81   2.615916e+02  2.363048e+02  3.105746e+00     15819   1
        82   5.195804e+01  2.363077e+02  3.125788e+00     15906   1
        83   2.140188e+02  2.363155e+02  3.175086e+00     16125   1
        84   1.960092e+02  2.363234e+02  3.216972e+00     16308   1
        85   3.979152e+02  2.363289e+02  3.300218e+00     16671   1
        86   6.948055e+01  2.363367e+02  3.314907e+00     16734   1
        87   3.055154e+01  2.363373e+02  3.326359e+00     16785   1
        88   1.170637e+02  2.363387e+02  3.358598e+00     16920   1
        89   4.168574e+02  2.363448e+02  3.440381e+00     17271   1
        90   4.504836e+01  2.363482e+02  3.454757e+00     17334   1
        91   6.485026e+02  2.363554e+02  3.650674e+00     17997   1
        92   5.554532e+02  2.363725e+02  3.776611e+00     18528   1
        93   1.935549e+02  2.363737e+02  3.808394e+00     18663   1
        94   5.500271e+01  2.363751e+02  3.823340e+00     18726   1
        95   1.704978e+02  2.363762e+02  3.873047e+00     18933   1
        96   1.759120e+01  2.363762e+02  3.882262e+00     18972   1
        97   7.416166e+02  2.363948e+02  4.098115e+00     19863   1
        98   5.204069e+01  2.363949e+02  4.112660e+00     19926   1
        99   2.450076e+01  2.363955e+02  4.125069e+00     19977   1
       100   2.239136e+02  2.363965e+02  4.165452e+00     20148   1
-------------------------------------------------------------------
status         : iteration_limit
total time (s) : 4.165452e+00
total solves   : 20148
best bound     :  2.363965e+02
simulation ci  :  2.003760e+02 ± 3.685315e+01
numeric issues : 0
-------------------------------------------------------------------

-------------------------------------------------------------------
         SDDP.jl (c) Oscar Dowson and contributors, 2017-23
-------------------------------------------------------------------
problem
  nodes           : 5
  state variables : 3
  scenarios       : 1.43489e+07
  existing cuts   : false
options
  solver          : serial mode
  risk measure    : SDDP.Expectation()
  sampling scheme : SDDP.InSampleMonteCarlo
subproblem structure
  VariableRef                             : [13, 13]
  AffExpr in MOI.EqualTo{Float64}         : [3, 3]
  AffExpr in MOI.LessThan{Float64}        : [1, 1]
  VariableRef in MOI.GreaterThan{Float64} : [7, 7]
  VariableRef in MOI.LessThan{Float64}    : [6, 7]
numerical stability report
  matrix range     [1e+00, 1e+00]
  objective range  [3e-01, 2e+00]
  bounds range     [5e-01, 5e+00]
  rhs range        [2e+00, 2e+00]
-------------------------------------------------------------------
 iteration    simulation      bound        time (s)     solves  pid
-------------------------------------------------------------------
        10  -4.432173e+00 -4.456170e+00  2.263799e-01      1900   1
        20  -4.395817e+00 -4.393676e+00  3.650610e-01      3300   1
        30  -3.071553e+00 -4.379996e+00  5.111330e-01      4700   1
        40  -4.282518e+00 -4.371126e+00  6.695440e-01      6100   1
        50  -4.855085e+00 -4.364195e+00  8.383610e-01      7500   1
        60  -4.464943e+00 -4.360041e+00  1.052277e+00      8900   1
        70  -4.404655e+00 -4.356470e+00  1.227511e+00     10300   1
        80  -4.698884e+00 -4.354048e+00  1.404165e+00     11700   1
        90  -4.697367e+00 -4.351484e+00  1.588497e+00     13100   1
       100  -4.106649e+00 -4.350112e+00  1.907014e+00     15000   1
-------------------------------------------------------------------
status         : iteration_limit
total time (s) : 1.907014e+00
total solves   : 15000
best bound     : -4.350112e+00
simulation ci  : -4.320196e+00 ± 8.752183e-02
numeric issues : 0
-------------------------------------------------------------------

-------------------------------------------------------------------
         SDDP.jl (c) Oscar Dowson and contributors, 2017-23
-------------------------------------------------------------------
problem
  nodes           : 5
  state variables : 1
  scenarios       : 1.00000e+05
  existing cuts   : false
options
  solver          : serial mode
  risk measure    : SDDP.Expectation()
  sampling scheme : SDDP.InSampleMonteCarlo
subproblem structure
  VariableRef                             : [5, 5]
  AffExpr in MOI.EqualTo{Float64}         : [1, 1]
  VariableRef in MOI.GreaterThan{Float64} : [3, 3]
  VariableRef in MOI.LessThan{Float64}    : [2, 3]
numerical stability report
  matrix range     [1e+00, 1e+00]
  objective range  [3e-01, 2e+00]
  bounds range     [5e-01, 2e+00]
  rhs range        [0e+00, 0e+00]
-------------------------------------------------------------------
 iteration    simulation      bound        time (s)     solves  pid
-------------------------------------------------------------------
        10  -1.462561e+00 -1.473424e+00  7.527089e-02      1050   1
        20  -1.515130e+00 -1.472392e+00  1.194630e-01      1600   1
        30  -1.756457e+00 -1.471896e+00  2.165020e-01      2650   1
        40  -1.507931e+00 -1.471273e+00  2.652309e-01      3200   1
        50  -1.605708e+00 -1.471146e+00  4.234071e-01      4250   1
        60  -1.684616e+00 -1.471115e+00  4.766729e-01      4800   1
        70  -1.328870e+00 -1.471087e+00  5.850239e-01      5850   1
        80  -1.466702e+00 -1.471087e+00  6.426790e-01      6400   1
        90  -1.599823e+00 -1.471083e+00  7.527969e-01      7450   1
       100  -1.520980e+00 -1.471080e+00  8.119740e-01      8000   1
       110  -1.626398e+00 -1.471078e+00  8.708510e-01      8550   1
       120  -1.601420e+00 -1.471078e+00  9.766450e-01      9100   1
       130  -1.644397e+00 -1.471078e+00  1.038251e+00      9650   1
       140  -1.574455e+00 -1.471076e+00  1.102084e+00     10200   1
       150  -1.602446e+00 -1.471075e+00  1.162982e+00     10750   1
       160  -1.398813e+00 -1.471075e+00  1.232698e+00     11300   1
       170  -1.614674e+00 -1.471075e+00  1.304792e+00     11850   1
       180  -1.621083e+00 -1.471075e+00  1.405989e+00     12400   1
       190  -1.061540e+00 -1.471075e+00  1.531232e+00     13450   1
       200  -1.473044e+00 -1.471075e+00  1.608755e+00     14000   1
       210  -1.583353e+00 -1.471075e+00  1.703286e+00     14550   1
       220  -1.537228e+00 -1.471075e+00  1.776869e+00     15100   1
       230  -1.528786e+00 -1.471075e+00  1.845454e+00     15650   1
       240  -1.563825e+00 -1.471075e+00  1.938357e+00     16200   1
       250  -1.250642e+00 -1.471075e+00  2.010486e+00     16750   1
       260  -1.512908e+00 -1.471075e+00  2.086869e+00     17300   1
       270  -1.673027e+00 -1.471075e+00  2.177669e+00     17850   1
       280  -1.356775e+00 -1.471075e+00  2.248572e+00     18400   1
-------------------------------------------------------------------
status         : simulation_stopping
total time (s) : 2.270964e+00
total solves   : 18565
best bound     : -1.471075e+00
simulation ci  : -1.481288e+00 ± 2.052604e-02
numeric issues : 0
-------------------------------------------------------------------

-------------------------------------------------------------------
         SDDP.jl (c) Oscar Dowson and contributors, 2017-23
-------------------------------------------------------------------
problem
  nodes           : 2
  state variables : 4
  scenarios       : 2.00000e+00
  existing cuts   : false
options
  solver          : serial mode
  risk measure    : SDDP.Expectation()
  sampling scheme : SDDP.InSampleMonteCarlo
subproblem structure
  VariableRef                             : [29, 29]
  AffExpr in MOI.EqualTo{Float64}         : [4, 5]
  AffExpr in MOI.GreaterThan{Float64}     : [3, 3]
  AffExpr in MOI.LessThan{Float64}        : [4, 4]
  VariableRef in MOI.GreaterThan{Float64} : [22, 22]
  VariableRef in MOI.LessThan{Float64}    : [1, 1]
numerical stability report
  matrix range     [1e+00, 1e+00]
  objective range  [1e+00, 1e+06]
  bounds range     [0e+00, 0e+00]
  rhs range        [0e+00, 0e+00]
-------------------------------------------------------------------
 iteration    simulation      bound        time (s)     solves  pid
-------------------------------------------------------------------
        10   3.455904e+05  3.147347e+05  7.678032e-03        54   1
        20   3.336455e+05  3.402383e+05  1.486492e-02       104   1
        30   3.337559e+05  3.403155e+05  2.337599e-02       158   1
        40   3.337559e+05  3.403155e+05  3.191710e-02       208   1
-------------------------------------------------------------------
status         : simulation_stopping
total time (s) : 3.931594e-02
total solves   : 248
best bound     :  3.403155e+05
simulation ci  :  1.298413e+08 ± 1.785866e+08
numeric issues : 0
-------------------------------------------------------------------

-------------------------------------------------------------------
         SDDP.jl (c) Oscar Dowson and contributors, 2017-23
-------------------------------------------------------------------
problem
  nodes           : 3
  state variables : 4
  scenarios       : 4.00000e+00
  existing cuts   : false
options
  solver          : serial mode
  risk measure    : SDDP.Expectation()
  sampling scheme : SDDP.InSampleMonteCarlo
subproblem structure
  VariableRef                             : [29, 29]
  AffExpr in MOI.EqualTo{Float64}         : [4, 5]
  AffExpr in MOI.GreaterThan{Float64}     : [3, 3]
  AffExpr in MOI.LessThan{Float64}        : [4, 4]
  VariableRef in MOI.EqualTo{Float64}     : [3, 3]
  VariableRef in MOI.GreaterThan{Float64} : [22, 22]
  VariableRef in MOI.LessThan{Float64}    : [1, 1]
numerical stability report
  matrix range     [1e+00, 1e+00]
  objective range  [1e+00, 1e+05]
  bounds range     [0e+00, 0e+00]
  rhs range        [0e+00, 0e+00]
-------------------------------------------------------------------
 iteration    simulation      bound        time (s)     solves  pid
-------------------------------------------------------------------
        10   4.403329e+05  3.509666e+05  1.582718e-02        92   1
        20   4.548285e+05  4.054833e+05  2.952003e-02       172   1
        30   3.959476e+05  4.067125e+05  4.588699e-02       264   1
        40   4.497721e+05  4.067125e+05  6.296015e-02       344   1
-------------------------------------------------------------------
status         : simulation_stopping
total time (s) : 7.599711e-02
total solves   : 400
best bound     :  4.067125e+05
simulation ci  :  2.695799e+07 ± 3.645326e+07
numeric issues : 0
-------------------------------------------------------------------

-------------------------------------------------------------------
         SDDP.jl (c) Oscar Dowson and contributors, 2017-23
-------------------------------------------------------------------
problem
  nodes           : 10
  state variables : 4
  scenarios       : 2.70000e+01
  existing cuts   : false
options
  solver          : serial mode
  risk measure    : SDDP.Expectation()
  sampling scheme : SDDP.InSampleMonteCarlo
subproblem structure
  VariableRef                             : [24, 24]
  AffExpr in MOI.EqualTo{Float64}         : [3, 3]
  AffExpr in MOI.GreaterThan{Float64}     : [1, 1]
  AffExpr in MOI.LessThan{Float64}        : [1, 6]
  VariableRef in MOI.GreaterThan{Float64} : [20, 20]
  VariableRef in MOI.LessThan{Float64}    : [1, 2]
numerical stability report
  matrix range     [1e+00, 8e+01]
  objective range  [1e+00, 1e+03]
  bounds range     [6e+01, 6e+01]
  rhs range        [2e+02, 3e+03]
-------------------------------------------------------------------
 iteration    simulation      bound        time (s)     solves  pid
-------------------------------------------------------------------
         1   8.316000e+03  0.000000e+00  4.631209e-02        14   1
         2   5.008500e+03  3.171195e+03  5.821204e-02       136   1
         3   4.500000e+03  4.057980e+03  6.045103e-02       150   1
         4   2.314272e+03  4.074139e+03  6.323504e-02       164   1
         5   2.308500e+03  4.074139e+03  6.626916e-02       178   1
         6   2.308500e+03  4.074139e+03  6.957006e-02       192   1
         7   2.308500e+03  4.074139e+03  7.281804e-02       206   1
         8   4.716000e+03  4.074139e+03  7.615709e-02       220   1
         9   2.308500e+03  4.074139e+03  7.871509e-02       234   1
        10   2.308500e+03  4.074139e+03  8.202100e-02       248   1
        11   2.308500e+03  4.074139e+03  8.544302e-02       262   1
        12   7.539730e+03  4.074139e+03  8.893919e-02       276   1
        13   2.308500e+03  4.074139e+03  9.243703e-02       290   1
        14   2.308500e+03  4.074139e+03  9.601712e-02       304   1
        15   2.308500e+03  4.074139e+03  9.961700e-02       318   1
        16   5.132230e+03  4.074139e+03  1.032851e-01       332   1
        17   2.308500e+03  4.074139e+03  1.070151e-01       346   1
        18   5.197500e+03  4.074139e+03  1.108332e-01       360   1
        19   5.679000e+03  4.074139e+03  1.146882e-01       374   1
        20   4.716000e+03  4.074139e+03  1.184812e-01       388   1
        21   2.308500e+03  4.074139e+03  1.308742e-01       510   1
        22   5.679000e+03  4.074139e+03  1.348822e-01       524   1
        23   8.086500e+03  4.074139e+03  1.388130e-01       538   1
        24   2.308500e+03  4.074139e+03  1.429100e-01       552   1
        25   4.716000e+03  4.074139e+03  1.469021e-01       566   1
        26   5.132230e+03  4.074139e+03  1.511290e-01       580   1
        27   7.539730e+03  4.074139e+03  1.552341e-01       594   1
        28   2.308500e+03  4.074139e+03  1.595700e-01       608   1
        29   5.132230e+03  4.074139e+03  1.639712e-01       622   1
        30   4.716000e+03  4.074139e+03  1.682022e-01       636   1
        31   7.539730e+03  4.074139e+03  1.723990e-01       650   1
        32   4.716000e+03  4.074139e+03  1.766460e-01       664   1
        33   2.308500e+03  4.074139e+03  1.813781e-01       678   1
        34   5.132230e+03  4.074139e+03  1.860840e-01       692   1
        35   4.716000e+03  4.074139e+03  1.905661e-01       706   1
        36   5.197500e+03  4.074139e+03  1.950252e-01       720   1
        37   2.308500e+03  4.074139e+03  1.999612e-01       734   1
        38   2.308500e+03  4.074139e+03  2.049451e-01       748   1
        39   5.197500e+03  4.074139e+03  2.097511e-01       762   1
        40   5.132230e+03  4.074139e+03  2.148750e-01       776   1
-------------------------------------------------------------------
status         : simulation_stopping
total time (s) : 2.148750e-01
total solves   : 776
best bound     :  4.074139e+03
simulation ci  :  4.217203e+03 ± 5.878798e+02
numeric issues : 0
-------------------------------------------------------------------

-------------------------------------------------------------------
         SDDP.jl (c) Oscar Dowson and contributors, 2017-23
-------------------------------------------------------------------
problem
  nodes           : 3
  state variables : 1
  scenarios       : 4.00000e+00
  existing cuts   : false
options
  solver          : serial mode
  risk measure    : SDDP.Expectation()
  sampling scheme : SDDP.InSampleMonteCarlo
subproblem structure
  VariableRef                             : [6, 6]
  AffExpr in MOI.EqualTo{Float64}         : [1, 1]
  VariableRef in MOI.GreaterThan{Float64} : [4, 4]
  VariableRef in MOI.Integer              : [3, 3]
  VariableRef in MOI.LessThan{Float64}    : [2, 3]
numerical stability report
  matrix range     [1e+00, 1e+00]
  objective range  [1e+00, 3e+02]
  bounds range     [1e+02, 2e+02]
  rhs range        [0e+00, 0e+00]
-------------------------------------------------------------------
 iteration    simulation      bound        time (s)     solves  pid
-------------------------------------------------------------------
         1L  7.000000e+04  6.166667e+04  2.018061e-01         8   1
         2L  5.500000e+04  6.225000e+04  2.112939e-01        28   1
         3L  9.650000e+04  6.250000e+04  2.185819e-01        36   1
         4L  9.500000e+04  6.250000e+04  2.252171e-01        44   1
         5L  9.500000e+04  6.250000e+04  2.321601e-01        52   1
         6L  4.000000e+04  6.250000e+04  2.381451e-01        60   1
         7L  9.500000e+04  6.250000e+04  2.450800e-01        68   1
         8L  4.000000e+04  6.250000e+04  2.534380e-01        76   1
         9L  4.000000e+04  6.250000e+04  2.619960e-01        84   1
        10L  6.000000e+04  6.250000e+04  2.705181e-01        92   1
        11L  5.500000e+04  6.250000e+04  2.774980e-01       100   1
        12L  9.500000e+04  6.250000e+04  2.844830e-01       108   1
        13L  6.000000e+04  6.250000e+04  2.928500e-01       116   1
        14L  6.000000e+04  6.250000e+04  3.014650e-01       124   1
        15L  6.000000e+04  6.250000e+04  3.100779e-01       132   1
        16L  9.500000e+04  6.250000e+04  3.170390e-01       140   1
        17L  4.000000e+04  6.250000e+04  3.254271e-01       148   1
        18L  9.500000e+04  6.250000e+04  3.323979e-01       156   1
        19L  6.000000e+04  6.250000e+04  3.407600e-01       164   1
        20L  6.000000e+04  6.250000e+04  3.493929e-01       172   1
        21L  4.000000e+04  6.250000e+04  3.625720e-01       192   1
        22L  5.500000e+04  6.250000e+04  3.695920e-01       200   1
        23L  6.000000e+04  6.250000e+04  3.779919e-01       208   1
        24L  6.000000e+04  6.250000e+04  3.867500e-01       216   1
        25L  5.500000e+04  6.250000e+04  3.938501e-01       224   1
        26L  5.500000e+04  6.250000e+04  4.009221e-01       232   1
        27L  9.500000e+04  6.250000e+04  4.079850e-01       240   1
        28L  6.000000e+04  6.250000e+04  4.165061e-01       248   1
        29L  6.000000e+04  6.250000e+04  4.253459e-01       256   1
        30L  4.000000e+04  6.250000e+04  4.341440e-01       264   1
        31L  6.000000e+04  6.250000e+04  4.429021e-01       272   1
        32L  4.000000e+04  6.250000e+04  4.517500e-01       280   1
        33L  6.000000e+04  6.250000e+04  4.605429e-01       288   1
        34L  5.500000e+04  6.250000e+04  4.676890e-01       296   1
        35L  9.500000e+04  6.250000e+04  4.748070e-01       304   1
        36L  9.500000e+04  6.250000e+04  4.819691e-01       312   1
        37L  9.500000e+04  6.250000e+04  4.891520e-01       320   1
        38L  6.000000e+04  6.250000e+04  4.978750e-01       328   1
        39L  5.500000e+04  6.250000e+04  5.051329e-01       336   1
        40L  9.500000e+04  6.250000e+04  5.123899e-01       344   1
-------------------------------------------------------------------
status         : simulation_stopping
total time (s) : 5.123899e-01
total solves   : 344
best bound     :  6.250000e+04
simulation ci  :  6.641250e+04 ± 6.323428e+03
numeric issues : 0
-------------------------------------------------------------------

-------------------------------------------------------------------
         SDDP.jl (c) Oscar Dowson and contributors, 2017-23
-------------------------------------------------------------------
problem
  nodes           : 3
  state variables : 1
  scenarios       : 4.00000e+00
  existing cuts   : false
options
  solver          : serial mode
  risk measure    : SDDP.Expectation()
  sampling scheme : SDDP.InSampleMonteCarlo
subproblem structure
  VariableRef                             : [6, 6]
  AffExpr in MOI.EqualTo{Float64}         : [1, 1]
  VariableRef in MOI.GreaterThan{Float64} : [4, 4]
  VariableRef in MOI.Integer              : [3, 3]
  VariableRef in MOI.LessThan{Float64}    : [2, 3]
numerical stability report
  matrix range     [1e+00, 1e+00]
  objective range  [1e+00, 3e+02]
  bounds range     [1e+02, 2e+02]
  rhs range        [0e+00, 0e+00]
-------------------------------------------------------------------
 iteration    simulation      bound        time (s)     solves  pid
-------------------------------------------------------------------
         1   7.000000e+04  6.250000e+04  4.011869e-03         8   1
         2   6.000000e+04  6.250000e+04  9.152889e-03        28   1
         3   4.000000e+04  6.250000e+04  1.240587e-02        36   1
         4   9.500000e+04  6.250000e+04  1.525903e-02        44   1
         5   4.000000e+04  6.250000e+04  1.823401e-02        52   1
         6   9.500000e+04  6.250000e+04  2.107692e-02        60   1
         7   9.500000e+04  6.250000e+04  2.396202e-02        68   1
         8   4.000000e+04  6.250000e+04  2.700901e-02        76   1
         9   6.000000e+04  6.250000e+04  3.025103e-02        84   1
        10   4.000000e+04  6.250000e+04  3.356004e-02        92   1
        11   4.000000e+04  6.250000e+04  3.688192e-02       100   1
        12   4.000000e+04  6.250000e+04  4.019904e-02       108   1
        13   9.500000e+04  6.250000e+04  4.315591e-02       116   1
        14   5.500000e+04  6.250000e+04  4.607391e-02       124   1
        15   6.000000e+04  6.250000e+04  4.923701e-02       132   1
        16   6.000000e+04  6.250000e+04  5.262899e-02       140   1
        17   5.500000e+04  6.250000e+04  5.563998e-02       148   1
        18   4.000000e+04  6.250000e+04  5.879903e-02       156   1
        19   5.500000e+04  6.250000e+04  6.178594e-02       164   1
        20   5.500000e+04  6.250000e+04  6.481194e-02       172   1
-------------------------------------------------------------------
status         : simulation_stopping
total time (s) : 6.481194e-02
total solves   : 172
best bound     :  6.250000e+04
simulation ci  :  5.950000e+04 ± 8.933885e+03
numeric issues : 0
-------------------------------------------------------------------

-------------------------------------------------------------------
         SDDP.jl (c) Oscar Dowson and contributors, 2017-23
-------------------------------------------------------------------
problem
  nodes           : 3
  state variables : 1
  scenarios       : 4.00000e+00
  existing cuts   : false
options
  solver          : serial mode
  risk measure    : SDDP.Expectation()
  sampling scheme : SDDP.InSampleMonteCarlo
subproblem structure
  VariableRef                             : [5, 5]
  AffExpr in MOI.EqualTo{Float64}         : [1, 1]
  VariableRef in MOI.GreaterThan{Float64} : [4, 4]
  VariableRef in MOI.LessThan{Float64}    : [2, 3]
numerical stability report
  matrix range     [1e+00, 1e+00]
  objective range  [1e+00, 3e+02]
  bounds range     [1e+02, 2e+02]
  rhs range        [1e+02, 3e+02]
-------------------------------------------------------------------
 iteration    simulation      bound        time (s)     solves  pid
-------------------------------------------------------------------
         1   7.000000e+04  6.250000e+04  4.801035e-03         5   1
         2   5.500000e+04  6.250000e+04  6.385088e-03        10   1
         3   9.500000e+04  6.250000e+04  8.376122e-03        15   1
         4   6.000000e+04  6.250000e+04  1.034403e-02        20   1
         5   9.500000e+04  6.250000e+04  1.225209e-02        25   1
         6   5.500000e+04  6.250000e+04  1.429200e-02        30   1
         7   4.000000e+04  6.250000e+04  1.640296e-02        35   1
         8   6.000000e+04  6.250000e+04  1.868701e-02        40   1
         9   4.000000e+04  6.250000e+04  2.102113e-02        45   1
        10   5.500000e+04  6.250000e+04  2.306914e-02        50   1
-------------------------------------------------------------------
status         : iteration_limit
total time (s) : 2.306914e-02
total solves   : 50
best bound     :  6.250000e+04
simulation ci  :  6.250000e+04 ± 1.198025e+04
numeric issues : 0
-------------------------------------------------------------------

-------------------------------------------------------------------
         SDDP.jl (c) Oscar Dowson and contributors, 2017-23
-------------------------------------------------------------------
problem
  nodes           : 3
  state variables : 2
  scenarios       : 1.00000e+00
  existing cuts   : false
options
  solver          : serial mode
  risk measure    : SDDP.Expectation()
  sampling scheme : SDDP.InSampleMonteCarlo
subproblem structure
  VariableRef                             : [6, 6]
  AffExpr in MOI.EqualTo{Float64}         : [2, 2]
  VariableRef in MOI.GreaterThan{Float64} : [2, 3]
  VariableRef in MOI.LessThan{Float64}    : [3, 3]
  VariableRef in MOI.ZeroOne              : [3, 3]
numerical stability report
  matrix range     [1e+00, 1e+00]
  objective range  [1e+00, 6e+00]
  bounds range     [1e+00, 1e+02]
  rhs range        [0e+00, 0e+00]
-------------------------------------------------------------------
 iteration    simulation      bound        time (s)     solves  pid
-------------------------------------------------------------------
         1L  6.000000e+00  9.000000e+00  5.161047e-03         6   1
         2L  9.000000e+00  9.000000e+00  9.063005e-03        15   1
         3L  9.000000e+00  9.000000e+00  1.214504e-02        21   1
         4L  9.000000e+00  9.000000e+00  1.523995e-02        27   1
         5L  9.000000e+00  9.000000e+00  1.829791e-02        33   1
         6L  9.000000e+00  9.000000e+00  2.141690e-02        39   1
         7L  9.000000e+00  9.000000e+00  2.455711e-02        45   1
         8L  9.000000e+00  9.000000e+00  2.770901e-02        51   1
         9L  9.000000e+00  9.000000e+00  3.084207e-02        57   1
        10L  9.000000e+00  9.000000e+00  3.401899e-02        63   1
        11L  9.000000e+00  9.000000e+00  3.719997e-02        69   1
        12L  9.000000e+00  9.000000e+00  4.041100e-02        75   1
        13L  9.000000e+00  9.000000e+00  4.364991e-02        81   1
        14L  9.000000e+00  9.000000e+00  4.685593e-02        87   1
        15L  9.000000e+00  9.000000e+00  5.012894e-02        93   1
        16L  9.000000e+00  9.000000e+00  5.338407e-02        99   1
        17L  9.000000e+00  9.000000e+00  5.666494e-02       105   1
        18L  9.000000e+00  9.000000e+00  5.995512e-02       111   1
        19L  9.000000e+00  9.000000e+00  6.326509e-02       117   1
        20L  9.000000e+00  9.000000e+00  6.654191e-02       123   1
-------------------------------------------------------------------
status         : simulation_stopping
total time (s) : 6.654191e-02
total solves   : 123
best bound     :  9.000000e+00
simulation ci  :  8.850000e+00 ± 2.940000e-01
numeric issues : 0
-------------------------------------------------------------------

-------------------------------------------------------------------
         SDDP.jl (c) Oscar Dowson and contributors, 2017-23
-------------------------------------------------------------------
problem
  nodes           : 7
  state variables : 2
  scenarios       : 8.00000e+00
  existing cuts   : false
options
  solver          : serial mode
  risk measure    : SDDP.Expectation()
  sampling scheme : SDDP.InSampleMonteCarlo
subproblem structure
  VariableRef                             : [5, 7]
  AffExpr in MOI.EqualTo{Float64}         : [1, 1]
  VariableRef in MOI.GreaterThan{Float64} : [3, 5]
  VariableRef in MOI.LessThan{Float64}    : [1, 1]
numerical stability report
  matrix range     [1e+00, 1e+00]
  objective range  [1e+00, 4e+00]
  bounds range     [1e+03, 1e+03]
  rhs range        [6e+01, 8e+01]
-------------------------------------------------------------------
 iteration    simulation      bound        time (s)     solves  pid
-------------------------------------------------------------------
         5   3.820112e+01  3.200100e-01  1.357579e-02        87   1
        10   1.705303e-13  1.468527e+00  2.180600e-02       142   1
        15  -2.700062e-13  1.514085e+00  2.990079e-02       197   1
        20  -1.428571e+00  1.514085e+00  3.951383e-02       252   1
        25  -2.131628e-13  1.514085e+00  1.286218e-01       339   1
        30  -8.870299e+00  1.514085e+00  1.397009e-01       394   1
        35   0.000000e+00  1.514085e+00  1.515319e-01       449   1
        40  -2.479988e+01  1.514085e+00  1.636479e-01       504   1
-------------------------------------------------------------------
status         : simulation_stopping
total time (s) : 1.636479e-01
total solves   : 504
best bound     :  1.514085e+00
simulation ci  : -1.227718e+00 ± 4.881609e+00
numeric issues : 0
-------------------------------------------------------------------

-------------------------------------------------------------------
         SDDP.jl (c) Oscar Dowson and contributors, 2017-23
-------------------------------------------------------------------
problem
  nodes           : 7
  state variables : 2
  scenarios       : 3.20000e+01
  existing cuts   : false
options
  solver          : serial mode
  risk measure    : #4
  sampling scheme : SDDP.InSampleMonteCarlo
subproblem structure
  VariableRef                             : [5, 7]
  AffExpr in MOI.EqualTo{Float64}         : [1, 1]
  VariableRef in MOI.GreaterThan{Float64} : [2, 5]
  VariableRef in MOI.LessThan{Float64}    : [1, 1]
numerical stability report
  matrix range     [1e+00, 1e+00]
  objective range  [2e-02, 4e+00]
  bounds range     [1e+03, 1e+03]
  rhs range        [6e+01, 8e+01]
-------------------------------------------------------------------
 iteration    simulation      bound        time (s)     solves  pid
-------------------------------------------------------------------
        10   1.707324e+01  1.354236e+00  8.382988e-02       278   1
        20   2.115547e+01  1.278410e+00  1.093278e-01       428   1
        30   1.111084e+01  1.278410e+00  1.515968e-01       706   1
        40   2.825352e+00  1.278410e+00  1.814170e-01       856   1
-------------------------------------------------------------------
status         : simulation_stopping
total time (s) : 1.814170e-01
total solves   : 856
best bound     :  1.278410e+00
simulation ci  :  1.997688e+00 ± 6.884823e+00
numeric issues : 0
-------------------------------------------------------------------

-------------------------------------------------------------------
         SDDP.jl (c) Oscar Dowson and contributors, 2017-23
-------------------------------------------------------------------
problem
  nodes           : 7
  state variables : 2
  scenarios       : 3.20000e+01
  existing cuts   : false
options
  solver          : serial mode
  risk measure    : #4
  sampling scheme : SDDP.InSampleMonteCarlo
subproblem structure
  VariableRef                             : [5, 7]
  AffExpr in MOI.EqualTo{Float64}         : [1, 1]
  VariableRef in MOI.GreaterThan{Float64} : [2, 5]
  VariableRef in MOI.LessThan{Float64}    : [1, 1]
numerical stability report
  matrix range     [1e+00, 1e+00]
  objective range  [2e-02, 4e+00]
  bounds range     [1e+03, 1e+03]
  rhs range        [6e+01, 8e+01]
-------------------------------------------------------------------
 iteration    simulation      bound        time (s)     solves  pid
-------------------------------------------------------------------
        10   6.799444e+00  1.925145e+00  7.338715e-02       278   1
        20   7.331619e+00  1.278421e+00  9.872007e-02       428   1
        30   2.825352e+00  1.278410e+00  1.407020e-01       706   1
        40  -1.787775e+01  1.278410e+00  1.708641e-01       856   1
-------------------------------------------------------------------
status         : simulation_stopping
total time (s) : 1.871002e-01
total solves   : 931
best bound     :  1.278410e+00
simulation ci  :  1.918886e+00 ± 5.537215e+00
numeric issues : 0
-------------------------------------------------------------------

-------------------------------------------------------------------
         SDDP.jl (c) Oscar Dowson and contributors, 2017-23
-------------------------------------------------------------------
problem
  nodes           : 4
  state variables : 1
  scenarios       : Inf
  existing cuts   : false
options
  solver          : serial mode
  risk measure    : SDDP.Expectation()
  sampling scheme : SDDP.InSampleMonteCarlo
subproblem structure
  VariableRef                             : [7, 7]
  AffExpr in MOI.EqualTo{Float64}         : [1, 1]
  AffExpr in MOI.GreaterThan{Float64}     : [2, 2]
  VariableRef in MOI.EqualTo{Float64}     : [1, 1]
  VariableRef in MOI.GreaterThan{Float64} : [5, 5]
  VariableRef in MOI.LessThan{Float64}    : [3, 3]
numerical stability report
  matrix range     [1e+00, 1e+00]
  objective range  [1e+00, 2e+00]
  bounds range     [2e+00, 1e+02]
  rhs range        [0e+00, 0e+00]
-------------------------------------------------------------------
 iteration    simulation      bound        time (s)     solves  pid
-------------------------------------------------------------------
        10   4.787277e+00  9.346930e+00  4.690001e-01       900   1
        20   6.374753e+00  1.361934e+01  6.832271e-01      1720   1
        30   2.813321e+01  1.651297e+01  1.119287e+00      3036   1
        40   1.654759e+01  1.632970e+01  1.557428e+00      4192   1
        50   3.570941e+00  1.846889e+01  1.888457e+00      5020   1
        60   1.087425e+01  1.890254e+01  2.230764e+00      5808   1
        70   9.381610e+00  1.940320e+01  2.573963e+00      6540   1
        80   5.648731e+01  1.962435e+01  2.831942e+00      7088   1
        90   3.879273e+01  1.981008e+01  3.398398e+00      8180   1
       100   7.870187e+00  1.997117e+01  3.654212e+00      8664   1
-------------------------------------------------------------------
status         : iteration_limit
total time (s) : 3.654212e+00
total solves   : 8664
best bound     :  1.997117e+01
simulation ci  :  2.275399e+01 ± 4.541987e+00
numeric issues : 0
-------------------------------------------------------------------

-------------------------------------------------------------------
         SDDP.jl (c) Oscar Dowson and contributors, 2017-23
-------------------------------------------------------------------
problem
  nodes           : 5
  state variables : 2
  scenarios       : 3.20000e+01
  existing cuts   : false
options
  solver          : serial mode
  risk measure    : SDDP.Expectation()
  sampling scheme : SDDP.InSampleMonteCarlo
subproblem structure
  VariableRef                             : [10, 10]
  AffExpr in MOI.EqualTo{Float64}         : [2, 2]
  AffExpr in MOI.GreaterThan{Float64}     : [2, 2]
  AffExpr in MOI.LessThan{Float64}        : [6, 6]
  VariableRef in MOI.GreaterThan{Float64} : [5, 6]
  VariableRef in MOI.LessThan{Float64}    : [6, 6]
  VariableRef in MOI.ZeroOne              : [5, 5]
numerical stability report
  matrix range     [1e+00, 1e+00]
  objective range  [1e+00, 6e+00]
  bounds range     [1e+00, 1e+01]
  rhs range        [1e+00, 1e+00]
-------------------------------------------------------------------
 iteration    simulation      bound        time (s)     solves  pid
-------------------------------------------------------------------
         5   9.000000e+00  9.002950e+00  6.269813e-02       235   1
        10   4.000000e+00  9.002950e+00  9.394717e-02       310   1
        15   4.000000e+00  9.002950e+00  1.259551e-01       385   1
        20   4.000000e+00  9.002950e+00  1.583772e-01       460   1
        25   1.000000e+01  9.002950e+00  2.861781e-01       695   1
        30   5.000000e+00  9.002950e+00  3.202951e-01       770   1
        35   1.000000e+01  9.002950e+00  3.554962e-01       845   1
        40   5.000000e+00  9.002950e+00  3.914011e-01       920   1
-------------------------------------------------------------------
status         : simulation_stopping
total time (s) : 3.914011e-01
total solves   : 920
best bound     :  9.002950e+00
simulation ci  :  6.375000e+00 ± 7.930178e-01
numeric issues : 0
-------------------------------------------------------------------

-------------------------------------------------------------------
         SDDP.jl (c) Oscar Dowson and contributors, 2017-23
-------------------------------------------------------------------
problem
  nodes           : 3
  state variables : 4
  scenarios       : 2.16000e+02
  existing cuts   : false
options
  solver          : serial mode
  risk measure    : SDDP.Expectation()
  sampling scheme : SDDP.InSampleMonteCarlo
subproblem structure
  VariableRef                             : [18, 18]
  AffExpr in MOI.EqualTo{Float64}         : [4, 4]
  AffExpr in MOI.GreaterThan{Float64}     : [4, 4]
  AffExpr in MOI.LessThan{Float64}        : [12, 12]
  VariableRef in MOI.GreaterThan{Float64} : [9, 10]
  VariableRef in MOI.LessThan{Float64}    : [10, 10]
  VariableRef in MOI.ZeroOne              : [9, 9]
numerical stability report
  matrix range     [1e+00, 1e+00]
  objective range  [1e+00, 4e+00]
  bounds range     [1e+00, 2e+01]
  rhs range        [1e+00, 1e+00]
-------------------------------------------------------------------
 iteration    simulation      bound        time (s)     solves  pid
-------------------------------------------------------------------
        10   1.000000e+01  6.868919e+00  1.322730e-01       510   1
        20   2.000000e+00  6.834387e+00  2.077999e-01       720   1
        30   1.200000e+01  6.834387e+00  3.844280e-01      1230   1
        40   7.000000e+00  6.823805e+00  4.625580e-01      1440   1
        50   7.000000e+00  6.823805e+00  6.445899e-01      1950   1
        60   5.000000e+00  6.823805e+00  7.236459e-01      2160   1
-------------------------------------------------------------------
status         : simulation_stopping
total time (s) : 7.236459e-01
total solves   : 2160
best bound     :  6.823805e+00
simulation ci  :  6.200000e+00 ± 6.281544e-01
numeric issues : 0
-------------------------------------------------------------------

-------------------------------------------------------------------
         SDDP.jl (c) Oscar Dowson and contributors, 2017-23
-------------------------------------------------------------------
problem
  nodes           : 5
  state variables : 5
  scenarios       : 3.27680e+04
  existing cuts   : false
options
  solver          : serial mode
  risk measure    : SDDP.Expectation()
  sampling scheme : SDDP.InSampleMonteCarlo
subproblem structure
  VariableRef                             : [14, 14]
  AffExpr in MOI.GreaterThan{Float64}     : [7, 7]
  AffExpr in MOI.LessThan{Float64}        : [4, 4]
  VariableRef in MOI.GreaterThan{Float64} : [8, 8]
  VariableRef in MOI.Integer              : [5, 5]
  VariableRef in MOI.LessThan{Float64}    : [5, 6]
numerical stability report
  matrix range     [1e+00, 1e+00]
  objective range  [1e+00, 5e+05]
  bounds range     [1e+00, 1e+00]
  rhs range        [0e+00, 0e+00]
-------------------------------------------------------------------
 iteration    simulation      bound        time (s)     solves  pid
-------------------------------------------------------------------
        10   2.549668e+06  2.078257e+06  8.442650e-01       920   1
        20   5.494568e+05  2.078257e+06  1.179003e+00      1340   1
        30   4.985879e+04  2.078257e+06  2.038847e+00      2260   1
        40   3.799447e+06  2.078257e+06  2.398009e+00      2680   1
        50   1.049867e+06  2.078257e+06  3.271597e+00      3600   1
        60   3.985191e+04  2.078257e+06  3.663080e+00      4020   1
-------------------------------------------------------------------
status         : simulation_stopping
total time (s) : 3.663080e+00
total solves   : 4020
best bound     :  2.078257e+06
simulation ci  :  2.031697e+06 ± 3.922745e+05
numeric issues : 0
-------------------------------------------------------------------

-------------------------------------------------------------------
         SDDP.jl (c) Oscar Dowson and contributors, 2017-23
-------------------------------------------------------------------
problem
  nodes           : 5
  state variables : 5
  scenarios       : 3.27680e+04
  existing cuts   : false
options
  solver          : serial mode
  risk measure    : SDDP.Expectation()
  sampling scheme : SDDP.InSampleMonteCarlo
subproblem structure
  VariableRef                             : [14, 14]
  AffExpr in MOI.GreaterThan{Float64}     : [7, 7]
  AffExpr in MOI.LessThan{Float64}        : [4, 4]
  VariableRef in MOI.GreaterThan{Float64} : [8, 8]
  VariableRef in MOI.Integer              : [5, 5]
  VariableRef in MOI.LessThan{Float64}    : [5, 6]
numerical stability report
  matrix range     [1e+00, 1e+00]
  objective range  [1e+00, 5e+05]
  bounds range     [1e+00, 1e+00]
  rhs range        [0e+00, 0e+00]
-------------------------------------------------------------------
 iteration    simulation      bound        time (s)     solves  pid
-------------------------------------------------------------------
        10L  4.986663e+04  2.079056e+06  1.514783e+00       920   1
        20L  3.799878e+06  2.079267e+06  2.724646e+00      1340   1
        30L  3.003923e+04  2.079457e+06  4.559123e+00      2260   1
        40L  5.549882e+06  2.079457e+06  5.882957e+00      2680   1
        50L  2.799466e+06  2.079457e+06  7.756025e+00      3600   1
        60L  3.549880e+06  2.079457e+06  9.050418e+00      4020   1
-------------------------------------------------------------------
status         : simulation_stopping
total time (s) : 9.050418e+00
total solves   : 4020
best bound     :  2.079457e+06
simulation ci  :  2.352197e+06 ± 5.377546e+05
numeric issues : 0
-------------------------------------------------------------------

-------------------------------------------------------------------
         SDDP.jl (c) Oscar Dowson and contributors, 2017-23
-------------------------------------------------------------------
problem
  nodes           : 1
  state variables : 1
  scenarios       : Inf
  existing cuts   : false
options
  solver          : serial mode
  risk measure    : SDDP.Expectation()
  sampling scheme : SDDP.InSampleMonteCarlo
subproblem structure
  VariableRef                             : [8, 8]
  AffExpr in MOI.EqualTo{Float64}         : [2, 2]
  VariableRef in MOI.GreaterThan{Float64} : [5, 5]
  VariableRef in MOI.LessThan{Float64}    : [1, 1]
numerical stability report
  matrix range     [1e+00, 1e+00]
  objective range  [1e+00, 1e+01]
  bounds range     [5e+00, 2e+01]
  rhs range        [0e+00, 0e+00]
-------------------------------------------------------------------
 iteration    simulation      bound        time (s)     solves  pid
-------------------------------------------------------------------
       100   2.500000e+01  1.188965e+02  2.361372e-01      1946   1
       200   2.500000e+01  1.191634e+02  5.460172e-01      3920   1
       300   0.000000e+00  1.191666e+02  8.034530e-01      5902   1
-------------------------------------------------------------------
status         : simulation_stopping
total time (s) : 8.555181e-01
total solves   : 6224
best bound     :  1.191667e+02
simulation ci  :  2.158333e+01 ± 3.290252e+00
numeric issues : 0
-------------------------------------------------------------------

-------------------------------------------------------------------
         SDDP.jl (c) Oscar Dowson and contributors, 2017-23
-------------------------------------------------------------------
problem
  nodes           : 1
  state variables : 1
  scenarios       : Inf
  existing cuts   : false
options
  solver          : serial mode
  risk measure    : SDDP.Expectation()
  sampling scheme : SDDP.InSampleMonteCarlo
subproblem structure
  VariableRef                             : [8, 8]
  AffExpr in MOI.EqualTo{Float64}         : [2, 2]
  VariableRef in MOI.GreaterThan{Float64} : [5, 5]
  VariableRef in MOI.LessThan{Float64}    : [1, 1]
numerical stability report
  matrix range     [1e+00, 1e+00]
  objective range  [1e+00, 1e+01]
  bounds range     [5e+00, 2e+01]
  rhs range        [0e+00, 0e+00]
-------------------------------------------------------------------
 iteration    simulation      bound        time (s)     solves  pid
-------------------------------------------------------------------
       100   0.000000e+00  1.189199e+02  2.340951e-01      1965   1
       200   2.500000e+00  1.191652e+02  4.880881e-01      3946   1
       300   5.000000e+00  1.191667e+02  7.884941e-01      5919   1
-------------------------------------------------------------------
status         : simulation_stopping
total time (s) : 8.359511e-01
total solves   : 6222
best bound     :  1.191667e+02
simulation ci  :  1.962006e+01 ± 3.153745e+00
numeric issues : 0
-------------------------------------------------------------------

-------------------------------------------------------------------
         SDDP.jl (c) Oscar Dowson and contributors, 2017-23
-------------------------------------------------------------------
problem
  nodes           : 1
  state variables : 1
  scenarios       : Inf
  existing cuts   : false
options
  solver          : serial mode
  risk measure    : SDDP.Expectation()
  sampling scheme : SDDP.InSampleMonteCarlo
subproblem structure
  VariableRef                             : [3, 3]
  AffExpr in MOI.EqualTo{Float64}         : [1, 1]
  VariableRef in MOI.GreaterThan{Float64} : [1, 1]
numerical stability report
  matrix range     [1e+00, 1e+00]
  objective range  [1e+00, 1e+00]
  bounds range     [0e+00, 0e+00]
  rhs range        [0e+00, 0e+00]
-------------------------------------------------------------------
 iteration    simulation      bound        time (s)     solves  pid
-------------------------------------------------------------------
        10   4.000000e+00  1.999985e+01  7.491994e-02      1247   1
        20   2.000000e+00  2.000000e+01  8.751988e-02      1359   1
        30   1.000000e+01  2.000000e+01  1.506720e-01      2476   1
        40   1.400000e+01  2.000000e+01  1.731329e-01      2656   1
-------------------------------------------------------------------
status         : simulation_stopping
total time (s) : 1.731329e-01
total solves   : 2656
best bound     :  2.000000e+01
simulation ci  :  1.465000e+01 ± 5.123350e+00
numeric issues : 0
-------------------------------------------------------------------

-------------------------------------------------------------------
         SDDP.jl (c) Oscar Dowson and contributors, 2017-23
-------------------------------------------------------------------
problem
  nodes           : 1
  state variables : 1
  scenarios       : Inf
  existing cuts   : false
options
  solver          : serial mode
  risk measure    : SDDP.Expectation()
  sampling scheme : SDDP.InSampleMonteCarlo
subproblem structure
  VariableRef                             : [3, 3]
  AffExpr in MOI.EqualTo{Float64}         : [1, 1]
  VariableRef in MOI.GreaterThan{Float64} : [1, 1]
numerical stability report
  matrix range     [1e+00, 1e+00]
  objective range  [1e+00, 1e+00]
  bounds range     [0e+00, 0e+00]
  rhs range        [0e+00, 0e+00]
-------------------------------------------------------------------
 iteration    simulation      bound        time (s)     solves  pid
-------------------------------------------------------------------
         1   1.000000e+00  1.500000e+00  1.349926e-03         3   1
         2   1.000000e+00  1.750000e+00  1.380491e-02       217   1
         3   2.000000e+00  1.937500e+00  1.450586e-02       222   1
         4   1.000000e+00  1.968750e+00  1.498103e-02       225   1
         5   1.000000e+00  1.984375e+00  1.548100e-02       228   1
         6   1.000000e+00  1.992188e+00  1.594400e-02       231   1
         7   1.000000e+00  1.996094e+00  1.639891e-02       234   1
         8   2.000000e+00  1.999023e+00  1.706505e-02       239   1
         9   1.000000e+00  1.999512e+00  1.752400e-02       242   1
        10   3.000000e+00  1.999939e+00  1.839900e-02       249   1
        11   1.000000e+00  1.999969e+00  1.886082e-02       252   1
        12   1.000000e+00  1.999985e+00  1.931000e-02       255   1
        13   2.000000e+00  1.999996e+00  2.001882e-02       260   1
        14   6.000000e+00  2.000000e+00  2.152896e-02       273   1
        15   1.000000e+00  2.000000e+00  2.199697e-02       276   1
        16   4.000000e+00  2.000000e+00  2.309895e-02       285   1
        17   1.000000e+00  2.000000e+00  2.358484e-02       288   1
        18   2.000000e+00  2.000000e+00  2.425885e-02       293   1
        19   1.000000e+00  2.000000e+00  2.471590e-02       296   1
        20   3.000000e+00  2.000000e+00  2.559900e-02       303   1
        21   2.000000e+00  2.000000e+00  3.796697e-02       519   1
        22   2.000000e+00  2.000000e+00  3.865099e-02       524   1
        23   1.000000e+00  2.000000e+00  3.911686e-02       527   1
        24   1.000000e+00  2.000000e+00  3.963494e-02       530   1
        25   4.000000e+00  2.000000e+00  4.074097e-02       539   1
        26   1.000000e+00  2.000000e+00  4.122186e-02       542   1
        27   2.000000e+00  2.000000e+00  4.189301e-02       547   1
        28   1.000000e+00  2.000000e+00  4.234791e-02       550   1
        29   1.000000e+00  2.000000e+00  4.279685e-02       553   1
        30   1.000000e+00  2.000000e+00  4.324698e-02       556   1
        31   1.000000e+00  2.000000e+00  4.372597e-02       559   1
        32   2.000000e+00  2.000000e+00  4.439592e-02       564   1
        33   2.000000e+00  2.000000e+00  4.513001e-02       569   1
        34   1.000000e+00  2.000000e+00  4.561901e-02       572   1
        35   2.000000e+00  2.000000e+00  4.637098e-02       577   1
        36   2.000000e+00  2.000000e+00  4.715204e-02       582   1
        37   1.000000e+00  2.000000e+00  4.771686e-02       585   1
        38   1.000000e+00  2.000000e+00  4.824686e-02       588   1
        39   1.000000e+00  2.000000e+00  4.877782e-02       591   1
        40   5.000000e+00  2.000000e+00  5.057883e-02       602   1
-------------------------------------------------------------------
status         : simulation_stopping
total time (s) : 5.057883e-02
total solves   : 602
best bound     :  2.000000e+00
simulation ci  :  1.750000e+00 ± 3.696922e-01
numeric issues : 0
-------------------------------------------------------------------

-------------------------------------------------------------------
         SDDP.jl (c) Oscar Dowson and contributors, 2017-23
-------------------------------------------------------------------
problem
  nodes           : 3
  state variables : 1
  scenarios       : 8.51840e+04
  existing cuts   : false
options
  solver          : serial mode
  risk measure    : SDDP.Expectation()
  sampling scheme : SDDP.InSampleMonteCarlo
subproblem structure
  VariableRef                             : [6, 6]
  AffExpr in MOI.EqualTo{Float64}         : [1, 3]
  AffExpr in MOI.LessThan{Float64}        : [2, 2]
  VariableRef in MOI.GreaterThan{Float64} : [3, 4]
  VariableRef in MOI.LessThan{Float64}    : [3, 3]
numerical stability report
  matrix range     [8e-01, 2e+00]
  objective range  [1e+00, 2e+00]
  bounds range     [1e+00, 1e+02]
  rhs range        [5e+01, 5e+01]
-------------------------------------------------------------------
 iteration    simulation      bound        time (s)     solves  pid
-------------------------------------------------------------------
        10   3.750000e+00  8.126146e+00  1.216378e-01      1650   1
        20   4.293750e+00  4.124986e+00  2.141159e-01      3000   1
        30   3.325000e+00  4.110817e+00  3.215549e-01      4350   1
        40   3.125000e+00  4.092645e+00  4.809809e-01      5700   1
        50   4.525000e+00  4.091479e+00  6.578879e-01      7350   1
        60   4.012500e+00  4.091066e+00  7.921810e-01      8700   1
        70   3.812500e+00  4.088157e+00  9.257779e-01     10050   1
        80   3.525000e+00  4.087831e+00  1.155176e+00     11700   1
        90   5.125000e+00  4.087087e+00  1.295416e+00     13050   1
       100   4.987500e+00  4.086806e+00  1.490369e+00     14700   1
       110   4.681250e+00  4.086742e+00  1.632862e+00     16050   1
       120   3.968750e+00  4.086728e+00  1.782126e+00     17400   1
       130   4.575000e+00  4.086624e+00  1.966968e+00     18750   1
       140   4.343750e+00  4.086485e+00  2.125520e+00     20100   1
       150   3.312500e+00  4.086470e+00  2.274464e+00     21450   1
       160   3.375000e+00  4.086085e+00  2.434578e+00     22800   1
       170   4.350000e+00  4.085963e+00  2.593444e+00     24150   1
       180   5.437500e+00  4.085950e+00  2.772231e+00     25500   1
       190   3.681250e+00  4.085803e+00  2.932590e+00     26850   1
       200   3.437500e+00  4.085762e+00  3.149797e+00     28500   1
       210   3.725000e+00  4.085693e+00  3.313747e+00     29850   1
       220   3.637500e+00  4.085688e+00  3.495494e+00     31200   1
       230   3.937500e+00  4.085656e+00  3.657360e+00     32550   1
       240   4.687500e+00  4.085643e+00  3.818638e+00     33900   1
       250   4.875000e+00  4.085514e+00  3.996695e+00     35250   1
       260   4.056250e+00  4.085508e+00  4.174801e+00     36600   1
       270   3.437500e+00  4.085498e+00  4.367336e+00     37950   1
       280   3.975000e+00  4.085492e+00  4.554692e+00     39300   1
       290   3.375000e+00  4.085487e+00  4.717712e+00     40650   1
       300   5.450000e+00  4.085157e+00  4.944687e+00     42300   1
       310   3.643750e+00  4.085101e+00  5.146937e+00     43650   1
       320   3.612500e+00  4.085007e+00  5.329228e+00     45000   1
       330   4.375000e+00  4.085007e+00  5.498723e+00     46350   1
       340   4.900000e+00  4.085007e+00  5.673172e+00     47700   1
       350   4.187500e+00  4.085001e+00  5.854120e+00     49050   1
       360   4.462500e+00  4.084947e+00  6.070114e+00     50400   1
       370   2.900000e+00  4.084861e+00  6.254438e+00     51750   1
       380   4.668750e+00  4.084861e+00  6.423335e+00     53100   1
       390   4.068750e+00  4.084859e+00  6.597715e+00     54450   1
       400   3.625000e+00  4.084859e+00  6.880333e+00     56100   1
       410   5.625000e+00  4.084859e+00  7.070173e+00     57450   1
       420   3.862500e+00  4.084859e+00  7.259696e+00     58800   1
       430   5.331250e+00  4.084859e+00  7.462004e+00     60150   1
       440   4.475000e+00  4.084859e+00  7.687477e+00     61500   1
       450   3.787500e+00  4.084859e+00  7.877459e+00     62850   1
       460   4.125000e+00  4.084859e+00  8.071311e+00     64200   1
       470   3.525000e+00  4.084859e+00  8.268013e+00     65550   1
       480   3.250000e+00  4.084859e+00  8.466824e+00     66900   1
       490   5.875000e+00  4.084859e+00  8.690168e+00     68250   1
       500   2.625000e+00  4.084846e+00  8.950002e+00     69900   1
       510   4.612500e+00  4.084846e+00  9.144531e+00     71250   1
       520   3.062500e+00  4.084841e+00  9.347483e+00     72600   1
       530   4.100000e+00  4.084838e+00  9.582556e+00     73950   1
       540   3.000000e+00  4.084836e+00  9.776186e+00     75300   1
       550   3.968750e+00  4.084836e+00  9.969651e+00     76650   1
       560   3.875000e+00  4.084834e+00  1.016868e+01     78000   1
       570   4.625000e+00  4.084834e+00  1.038088e+01     79350   1
       580   4.075000e+00  4.084834e+00  1.057583e+01     80700   1
       590   3.162500e+00  4.084834e+00  1.077438e+01     82050   1
       600   3.600000e+00  4.084833e+00  1.105944e+01     83700   1
       610   4.843750e+00  4.084833e+00  1.128206e+01     85050   1
       620   2.718750e+00  4.084831e+00  1.149945e+01     86400   1
       630   4.875000e+00  4.084831e+00  1.172343e+01     87750   1
       640   4.800000e+00  4.084831e+00  1.193233e+01     89100   1
       650   4.187500e+00  4.084831e+00  1.217191e+01     90450   1
       660   4.468750e+00  4.084831e+00  1.238829e+01     91800   1
       670   4.293750e+00  4.084831e+00  1.260819e+01     93150   1
       680   2.906250e+00  4.084831e+00  1.282728e+01     94500   1
       690   3.562500e+00  4.084831e+00  1.306589e+01     95850   1
       700   3.275000e+00  4.084831e+00  1.336338e+01     97500   1
       710   4.125000e+00  4.084831e+00  1.359230e+01     98850   1
       720   4.168750e+00  4.084831e+00  1.381463e+01    100200   1
       730   3.000000e+00  4.084831e+00  1.405731e+01    101550   1
       740   3.843750e+00  4.084831e+00  1.427015e+01    102900   1
       750   3.687500e+00  4.084831e+00  1.448732e+01    104250   1
       760   4.543750e+00  4.084831e+00  1.470038e+01    105600   1
       770   4.275000e+00  4.084831e+00  1.492823e+01    106950   1
       780   3.875000e+00  4.084831e+00  1.516328e+01    108300   1
       790   3.300000e+00  4.084831e+00  1.538878e+01    109650   1
       800   3.625000e+00  4.084822e+00  1.569707e+01    111300   1
       810   3.500000e+00  4.084817e+00  1.594645e+01    112650   1
       820   2.993750e+00  4.084817e+00  1.615574e+01    114000   1
       830   3.250000e+00  4.084817e+00  1.636668e+01    115350   1
       840   4.875000e+00  4.084817e+00  1.658864e+01    116700   1
       850   4.168750e+00  4.084813e+00  1.681556e+01    118050   1
       860   3.750000e+00  4.084813e+00  1.705692e+01    119400   1
       870   3.675000e+00  4.084808e+00  1.727934e+01    120750   1
       880   4.700000e+00  4.084808e+00  1.750257e+01    122100   1
       890   4.250000e+00  4.084808e+00  1.772018e+01    123450   1
       900   4.125000e+00  4.084803e+00  1.805071e+01    125100   1
       910   4.375000e+00  4.084803e+00  1.828764e+01    126450   1
       920   4.812500e+00  4.084803e+00  1.850431e+01    127800   1
       930   4.218750e+00  4.084803e+00  1.874838e+01    129150   1
       940   4.050000e+00  4.084803e+00  1.897760e+01    130500   1
       950   2.775000e+00  4.084803e+00  1.920477e+01    131850   1
       960   4.018750e+00  4.084803e+00  1.942595e+01    133200   1
       970   4.968750e+00  4.084803e+00  1.967416e+01    134550   1
       980   3.187500e+00  4.084803e+00  1.989470e+01    135900   1
-------------------------------------------------------------------
status         : time_limit
total time (s) : 2.000917e+01
total solves   : 136575
best bound     :  4.084803e+00
simulation ci  :  4.060304e+00 ± 4.610382e-02
numeric issues : 0
-------------------------------------------------------------------

-------------------------------------------------------------------
         SDDP.jl (c) Oscar Dowson and contributors, 2017-23
-------------------------------------------------------------------
problem
  nodes           : 3
  state variables : 1
  scenarios       : 8.51840e+04
  existing cuts   : false
options
  solver          : serial mode
  risk measure    : SDDP.Expectation()
  sampling scheme : SDDP.InSampleMonteCarlo
subproblem structure
  VariableRef                             : [6, 6]
  AffExpr in MOI.EqualTo{Float64}         : [1, 3]
  AffExpr in MOI.LessThan{Float64}        : [2, 2]
  VariableRef in MOI.GreaterThan{Float64} : [3, 4]
  VariableRef in MOI.LessThan{Float64}    : [3, 3]
numerical stability report
  matrix range     [8e-01, 2e+00]
  objective range  [1e+00, 2e+00]
  bounds range     [1e+00, 1e+02]
  rhs range        [5e+01, 5e+01]
-------------------------------------------------------------------
 iteration    simulation      bound        time (s)     solves  pid
-------------------------------------------------------------------
        10   5.500000e+00  4.119666e+00  3.105471e-01      1650   1
        20   3.081250e+00  4.050311e+00  8.176332e-01      3000   1
        30   4.506250e+00  4.039850e+00  1.492929e+00      4350   1
        40   3.437500e+00  4.039439e+00  2.687061e+00      6000   1
        50   3.843750e+00  4.039026e+00  3.745132e+00      7350   1
        60   4.200000e+00  4.038863e+00  5.429919e+00      9000   1
        70   5.437500e+00  4.037658e+00  6.829790e+00     10350   1
        80   4.706250e+00  4.037494e+00  8.945249e+00     12000   1
        90   3.462500e+00  4.037361e+00  1.063130e+01     13350   1
       100   3.975000e+00  4.037364e+00  1.322219e+01     15000   1
       110   5.625000e+00  4.037362e+00  1.509445e+01     16350   1
       120   4.031250e+00  4.037359e+00  1.721494e+01     17700   1
       130   4.825000e+00  4.037359e+00  1.946453e+01     19050   1
-------------------------------------------------------------------
status         : time_limit
total time (s) : 2.017360e+01
total solves   : 19455
best bound     :  4.037359e+00
simulation ci  :  4.091259e+00 ± 1.364420e-01
numeric issues : 0
-------------------------------------------------------------------

-------------------------------------------------------------------
         SDDP.jl (c) Oscar Dowson and contributors, 2017-23
-------------------------------------------------------------------
problem
  nodes           : 8
  state variables : 1
  scenarios       : 1.00000e+08
  existing cuts   : false
options
  solver          : serial mode
  risk measure    : SDDP.Expectation()
  sampling scheme : SDDP.InSampleMonteCarlo
subproblem structure
  VariableRef                             : [7, 7]
  AffExpr in MOI.EqualTo{Float64}         : [1, 1]
  AffExpr in MOI.GreaterThan{Float64}     : [2, 2]
  VariableRef in MOI.GreaterThan{Float64} : [4, 4]
  VariableRef in MOI.LessThan{Float64}    : [1, 2]
  VariableRef in MOI.ZeroOne              : [1, 1]
numerical stability report
  matrix range     [1e+00, 2e+00]
  objective range  [5e-01, 1e+00]
  bounds range     [1e+00, 1e+00]
  rhs range        [1e+00, 1e+00]
-------------------------------------------------------------------
 iteration    simulation      bound        time (s)     solves  pid
-------------------------------------------------------------------
        10   3.117387e+00  1.160556e+00  3.891711e-01      1680   1
        20   3.665250e+00  1.167299e+00  4.935939e-01      2560   1
        30   3.181170e+00  1.167299e+00  8.926380e-01      4240   1
        40   3.180955e+00  1.167410e+00  1.036896e+00      5120   1
        50   3.479074e+00  1.167410e+00  1.445974e+00      6800   1
        60   3.236301e+00  1.167410e+00  1.563475e+00      7680   1
-------------------------------------------------------------------
status         : simulation_stopping
total time (s) : 1.598429e+00
total solves   : 7944
best bound     :  1.167410e+00
simulation ci  :  3.228515e+00 ± 1.249460e-01
numeric issues : 0
-------------------------------------------------------------------

-------------------------------------------------------------------
         SDDP.jl (c) Oscar Dowson and contributors, 2017-23
-------------------------------------------------------------------
problem
  nodes           : 2
  state variables : 2
  scenarios       : 4.00000e+00
  existing cuts   : false
options
  solver          : serial mode
  risk measure    : SDDP.Expectation()
  sampling scheme : SDDP.InSampleMonteCarlo
subproblem structure
  VariableRef                             : [7, 11]
  AffExpr in MOI.EqualTo{Float64}         : [2, 2]
  AffExpr in MOI.LessThan{Float64}        : [2, 2]
  VariableRef in MOI.GreaterThan{Float64} : [5, 7]
  VariableRef in MOI.Integer              : [2, 2]
  VariableRef in MOI.LessThan{Float64}    : [4, 7]
  VariableRef in MOI.ZeroOne              : [4, 4]
numerical stability report
  matrix range     [1e+00, 6e+00]
  objective range  [1e+00, 3e+01]
  bounds range     [1e+00, 1e+02]
  rhs range        [0e+00, 0e+00]
-------------------------------------------------------------------
 iteration    simulation      bound        time (s)     solves  pid
-------------------------------------------------------------------
        10  -9.800000e+01 -5.809615e+01  5.086017e-02        78   1
        20  -9.800000e+01 -5.809615e+01  1.069610e-01       148   1
        30  -9.800000e+01 -5.809615e+01  1.736131e-01       226   1
        40  -4.000000e+01 -5.809615e+01  2.309852e-01       296   1
-------------------------------------------------------------------
status         : simulation_stopping
total time (s) : 2.309852e-01
total solves   : 296
best bound     : -5.809615e+01
simulation ci  : -4.788750e+01 ± 6.148949e+00
numeric issues : 0
-------------------------------------------------------------------

-------------------------------------------------------------------
         SDDP.jl (c) Oscar Dowson and contributors, 2017-23
-------------------------------------------------------------------
problem
  nodes           : 2
  state variables : 2
  scenarios       : 9.00000e+00
  existing cuts   : false
options
  solver          : serial mode
  risk measure    : SDDP.Expectation()
  sampling scheme : SDDP.InSampleMonteCarlo
subproblem structure
  VariableRef                             : [7, 11]
  AffExpr in MOI.EqualTo{Float64}         : [2, 2]
  AffExpr in MOI.LessThan{Float64}        : [2, 2]
  VariableRef in MOI.GreaterThan{Float64} : [5, 7]
  VariableRef in MOI.Integer              : [2, 2]
  VariableRef in MOI.LessThan{Float64}    : [4, 7]
  VariableRef in MOI.ZeroOne              : [4, 4]
numerical stability report
  matrix range     [1e+00, 6e+00]
  objective range  [1e+00, 3e+01]
  bounds range     [1e+00, 1e+02]
  rhs range        [0e+00, 0e+00]
-------------------------------------------------------------------
 iteration    simulation      bound        time (s)     solves  pid
-------------------------------------------------------------------
        10  -4.700000e+01 -6.196125e+01  5.818915e-02       138   1
        20  -4.000000e+01 -6.196125e+01  1.136961e-01       258   1
        30  -4.000000e+01 -6.196125e+01  1.919930e-01       396   1
        40  -6.300000e+01 -6.196125e+01  2.502730e-01       516   1
-------------------------------------------------------------------
status         : simulation_stopping
total time (s) : 2.502730e-01
total solves   : 516
best bound     : -6.196125e+01
simulation ci  : -5.693750e+01 ± 6.135990e+00
numeric issues : 0
-------------------------------------------------------------------

-------------------------------------------------------------------
         SDDP.jl (c) Oscar Dowson and contributors, 2017-23
-------------------------------------------------------------------
problem
  nodes           : 2
  state variables : 2
  scenarios       : 3.60000e+01
  existing cuts   : false
options
  solver          : serial mode
  risk measure    : SDDP.Expectation()
  sampling scheme : SDDP.InSampleMonteCarlo
subproblem structure
  VariableRef                             : [7, 11]
  AffExpr in MOI.EqualTo{Float64}         : [2, 2]
  AffExpr in MOI.LessThan{Float64}        : [2, 2]
  VariableRef in MOI.GreaterThan{Float64} : [5, 7]
  VariableRef in MOI.Integer              : [2, 2]
  VariableRef in MOI.LessThan{Float64}    : [4, 7]
  VariableRef in MOI.ZeroOne              : [4, 4]
numerical stability report
  matrix range     [1e+00, 6e+00]
  objective range  [1e+00, 3e+01]
  bounds range     [1e+00, 1e+02]
  rhs range        [0e+00, 0e+00]
-------------------------------------------------------------------
 iteration    simulation      bound        time (s)     solves  pid
-------------------------------------------------------------------
        10  -4.000000e+01 -6.546793e+01  1.318021e-01       462   1
        20  -5.900000e+01 -6.546793e+01  2.081711e-01       852   1
        30  -4.000000e+01 -6.546793e+01  3.519471e-01      1314   1
        40  -6.300000e+01 -6.546793e+01  4.293022e-01      1704   1
-------------------------------------------------------------------
status         : simulation_stopping
total time (s) : 4.293022e-01
total solves   : 1704
best bound     : -6.546793e+01
simulation ci  : -6.056250e+01 ± 5.110475e+00
numeric issues : 0
-------------------------------------------------------------------

-------------------------------------------------------------------
         SDDP.jl (c) Oscar Dowson and contributors, 2017-23
-------------------------------------------------------------------
problem
  nodes           : 3
  state variables : 2
  scenarios       : 2.70000e+01
  existing cuts   : false
options
  solver          : serial mode
  risk measure    : SDDP.Expectation()
  sampling scheme : SDDP.InSampleMonteCarlo
subproblem structure
  VariableRef                             : [9, 9]
  AffExpr in MOI.EqualTo{Float64}         : [2, 2]
  AffExpr in MOI.LessThan{Float64}        : [2, 2]
  VariableRef in MOI.GreaterThan{Float64} : [2, 3]
  VariableRef in MOI.LessThan{Float64}    : [3, 3]
  VariableRef in MOI.ZeroOne              : [4, 4]
numerical stability report
  matrix range     [1e+00, 1e+00]
  objective range  [1e+00, 6e+00]
  bounds range     [1e+00, 1e+02]
  rhs range        [0e+00, 0e+00]
-------------------------------------------------------------------
 iteration    simulation      bound        time (s)     solves  pid
-------------------------------------------------------------------
         1L  6.000000e+00  1.200000e+01  8.945942e-03        11   1
         2L  1.200000e+01  8.777778e+00  3.523898e-02       103   1
         3L  9.000000e+00  8.777778e+00  4.890704e-02       114   1
         4L  3.000000e+00  8.666667e+00  6.162810e-02       125   1
         5L  9.000000e+00  8.000000e+00  7.248092e-02       136   1
         6L  1.200000e+01  8.000000e+00  8.366895e-02       147   1
         7L  6.000000e+00  8.000000e+00  9.555292e-02       158   1
         8L  1.200000e+01  8.000000e+00  1.074760e-01       169   1
         9L  1.200000e+01  8.000000e+00  1.182210e-01       180   1
        10L  6.000000e+00  8.000000e+00  1.289730e-01       191   1
        11L  1.200000e+01  8.000000e+00  1.403191e-01       202   1
        12L  1.200000e+01  8.000000e+00  1.517050e-01       213   1
        13L  6.000000e+00  8.000000e+00  1.625099e-01       224   1
        14L  1.200000e+01  8.000000e+00  1.739600e-01       235   1
        15L  6.000000e+00  8.000000e+00  1.854460e-01       246   1
        16L  1.200000e+01  8.000000e+00  1.962821e-01       257   1
        17L  6.000000e+00  8.000000e+00  2.071359e-01       268   1
        18L  1.200000e+01  8.000000e+00  2.187390e-01       279   1
        19L  6.000000e+00  8.000000e+00  2.308509e-01       290   1
        20L  6.000000e+00  8.000000e+00  2.423680e-01       301   1
        21L  6.000000e+00  8.000000e+00  2.872550e-01       393   1
        22L  6.000000e+00  8.000000e+00  2.989261e-01       404   1
        23L  6.000000e+00  8.000000e+00  3.486049e-01       415   1
        24L  6.000000e+00  8.000000e+00  3.602700e-01       426   1
        25L  1.200000e+01  8.000000e+00  3.713980e-01       437   1
        26L  6.000000e+00  8.000000e+00  3.830621e-01       448   1
        27L  6.000000e+00  8.000000e+00  3.947561e-01       459   1
        28L  6.000000e+00  8.000000e+00  4.064810e-01       470   1
        29L  1.200000e+01  8.000000e+00  4.182241e-01       481   1
        30L  6.000000e+00  8.000000e+00  4.300060e-01       492   1
        31L  6.000000e+00  8.000000e+00  4.417281e-01       503   1
        32L  1.200000e+01  8.000000e+00  4.534230e-01       514   1
        33L  6.000000e+00  8.000000e+00  4.651179e-01       525   1
        34L  6.000000e+00  8.000000e+00  4.761841e-01       536   1
        35L  6.000000e+00  8.000000e+00  4.884980e-01       547   1
        36L  6.000000e+00  8.000000e+00  4.995961e-01       558   1
        37L  6.000000e+00  8.000000e+00  5.112979e-01       569   1
        38L  6.000000e+00  8.000000e+00  5.229690e-01       580   1
        39L  6.000000e+00  8.000000e+00  5.347080e-01       591   1
        40L  6.000000e+00  8.000000e+00  5.470920e-01       602   1
-------------------------------------------------------------------
status         : simulation_stopping
total time (s) : 5.470920e-01
total solves   : 602
best bound     :  8.000000e+00
simulation ci  :  7.875000e+00 ± 8.854484e-01
numeric issues : 0
-------------------------------------------------------------------

-------------------------------------------------------------------
         SDDP.jl (c) Oscar Dowson and contributors, 2017-23
-------------------------------------------------------------------
problem
  nodes           : 2
  state variables : 3
  scenarios       : 3.00000e+00
  existing cuts   : false
options
  solver          : serial mode
  risk measure    : SDDP.Expectation()
  sampling scheme : SDDP.InSampleMonteCarlo
subproblem structure
  VariableRef                             : [7, 19]
  AffExpr in MOI.EqualTo{Float64}         : [3, 3]
  AffExpr in MOI.GreaterThan{Float64}     : [3, 3]
  AffExpr in MOI.LessThan{Float64}        : [1, 1]
  VariableRef in MOI.GreaterThan{Float64} : [3, 16]
  VariableRef in MOI.LessThan{Float64}    : [1, 2]
numerical stability report
  matrix range     [1e+00, 2e+01]
  objective range  [1e+00, 1e+03]
  bounds range     [6e+03, 5e+05]
  rhs range        [2e+02, 5e+02]
-------------------------------------------------------------------
 iteration    simulation      bound        time (s)     solves  pid
-------------------------------------------------------------------
         1  -9.800000e+04  4.922260e+05  2.300024e-03         6   1
         2  -8.855160e+04  1.320000e+05  3.304005e-03        12   1
         3   4.800000e+04  1.290000e+05  4.134178e-03        18   1
         4   1.376000e+05  1.268139e+05  5.045176e-03        24   1
         5   1.332391e+05  1.219636e+05  5.769014e-03        30   1
         6   1.098545e+05  1.121210e+05  6.787062e-03        36   1
         7   1.589371e+05  1.104195e+05  7.687092e-03        42   1
         8   1.047405e+05  1.095042e+05  8.479118e-03        48   1
         9   1.095042e+05  1.088611e+05  9.387970e-03        54   1
        10   1.665556e+05  1.088021e+05  1.018500e-02        60   1
        11   4.988974e+04  1.083900e+05  1.112604e-02        66   1
        12   1.093500e+05  1.083900e+05  1.216412e-02        72   1
        13   1.670000e+05  1.083900e+05  1.324701e-02        78   1
        14   1.093500e+05  1.083900e+05  1.431608e-02        84   1
        15   4.882000e+04  1.083900e+05  1.538801e-02        90   1
        16   4.882000e+04  1.083900e+05  1.646113e-02        96   1
        17   1.670000e+05  1.083900e+05  1.758003e-02       102   1
        18   1.670000e+05  1.083900e+05  1.868916e-02       108   1
        19   1.670000e+05  1.083900e+05  1.979113e-02       114   1
        20   1.670000e+05  1.083900e+05  2.089000e-02       120   1
-------------------------------------------------------------------
status         : iteration_limit
total time (s) : 2.089000e-02
total solves   : 120
best bound     :  1.083900e+05
simulation ci  :  9.915546e+04 ± 3.460398e+04
numeric issues : 0
-------------------------------------------------------------------

