-------------------------------------------------------------------
         SDDP.jl (c) Oscar Dowson and contributors, 2017-23
-------------------------------------------------------------------
problem
  nodes           : 3
  state variables : 1
  scenarios       : 1.33100e+03
  existing cuts   : true
options
  solver          : serial mode
  risk measure    : SDDP.Expectation()
  sampling scheme : SDDP.InSampleMonteCarlo
subproblem structure
  VariableRef                             : [9, 9]
  AffExpr in MOI.EqualTo{Float64}         : [2, 4]
  AffExpr in MOI.GreaterThan{Float64}     : [3, 36]
  VariableRef in MOI.EqualTo{Float64}     : [1, 1]
  VariableRef in MOI.GreaterThan{Float64} : [8, 8]
  VariableRef in MOI.LessThan{Float64}    : [5, 6]
-------------------------------------------------------------------
 iteration    simulation      bound        time (s)     solves  pid
-------------------------------------------------------------------
         1   2.562500e+02  2.788373e+02  4.102945e-03      2262   1
         2   3.437500e+02  2.788373e+02  8.166075e-03      2298   1
         3   2.375000e+02  2.791872e+02  1.245403e-02      2334   1
         4   2.375000e+02  2.791872e+02  1.654291e-02      2370   1
         5   2.500000e+02  2.794614e+02  2.068090e-02      2406   1
         6   2.312500e+02  2.794614e+02  2.500200e-02      2442   1
         7   2.500000e+02  2.794614e+02  2.940798e-02      2478   1
         8   1.562500e+02  2.794614e+02  3.382993e-02      2514   1
         9   1.750000e+02  2.795671e+02  3.803205e-02      2550   1
        10   2.375000e+02  2.795671e+02  4.254198e-02      2586   1
-------------------------------------------------------------------
status         : iteration_limit
total time (s) : 4.254198e-02
total solves   : 2586
best bound     :  2.795671e+02
simulation ci  :  2.375000e+02 ± 3.099032e+01
numeric issues : 0
-------------------------------------------------------------------

