-------------------------------------------------------------------
         SDDP.jl (c) Oscar Dowson and contributors, 2017-23
-------------------------------------------------------------------
problem
  nodes           : 2
  state variables : 1
  scenarios       : 2.00000e+00
  existing cuts   : false
options
  solver          : serial mode
  risk measure    : SDDP.Expectation()
  sampling scheme : SDDP.InSampleMonteCarlo
subproblem structure
  VariableRef                             : [6, 6]
  AffExpr in MOI.GreaterThan{Float64}     : [1, 1]
  AffExpr in MOI.LessThan{Float64}        : [1, 1]
  VariableRef in MOI.EqualTo{Float64}     : [1, 1]
  VariableRef in MOI.GreaterThan{Float64} : [4, 4]
  VariableRef in MOI.LessThan{Float64}    : [1, 2]
numerical stability report
  matrix range     [1e+00, 1e+00]
  objective range  [1e+00, 5e+00]
  bounds range     [8e+00, 8e+00]
  rhs range        [6e+00, 6e+00]
-------------------------------------------------------------------
 iteration    simulation      bound        time (s)     solves  pid
-------------------------------------------------------------------
         1   0.000000e+00  1.000000e+01  2.352953e-03         5   1
         2   2.000000e+01  1.000000e+01  1.270390e-02        14   1
         3   0.000000e+00  1.000000e+01  1.363397e-02        19   1
         4   0.000000e+00  1.000000e+01  1.449203e-02        24   1
         5   0.000000e+00  1.000000e+01  1.534510e-02        29   1
         6   0.000000e+00  1.000000e+01  1.620197e-02        34   1
         7   0.000000e+00  1.000000e+01  1.706791e-02        39   1
         8   2.000000e+01  1.000000e+01  1.797795e-02        44   1
         9   2.000000e+01  1.000000e+01  1.885295e-02        49   1
        10   0.000000e+00  1.000000e+01  1.973605e-02        54   1
        11   2.000000e+01  1.000000e+01  2.062607e-02        59   1
        12   2.000000e+01  1.000000e+01  2.155590e-02        64   1
        13   0.000000e+00  1.000000e+01  2.246308e-02        69   1
        14   0.000000e+00  1.000000e+01  2.337003e-02        74   1
        15   0.000000e+00  1.000000e+01  2.428889e-02        79   1
        16   2.000000e+01  1.000000e+01  2.521992e-02        84   1
        17   2.000000e+01  1.000000e+01  2.620006e-02        89   1
        18   2.000000e+01  1.000000e+01  2.715087e-02        94   1
        19   2.000000e+01  1.000000e+01  2.811289e-02        99   1
        20   2.000000e+01  1.000000e+01  2.907491e-02       104   1
-------------------------------------------------------------------
status         : simulation_stopping
total time (s) : 2.907491e-02
total solves   : 104
best bound     :  1.000000e+01
simulation ci  :  1.000000e+01 ± 4.496548e+00
numeric issues : 0
-------------------------------------------------------------------

-------------------------------------------------------------------
         SDDP.jl (c) Oscar Dowson and contributors, 2017-23
-------------------------------------------------------------------
problem
  nodes           : 3
  state variables : 2
  scenarios       : 4.00000e+00
  existing cuts   : false
options
  solver          : serial mode
  risk measure    : SDDP.Expectation()
  sampling scheme : SDDP.InSampleMonteCarlo
subproblem structure
  VariableRef                             : [8, 8]
  AffExpr in MOI.LessThan{Float64}        : [3, 3]
  VariableRef in MOI.GreaterThan{Float64} : [5, 5]
  VariableRef in MOI.LessThan{Float64}    : [1, 1]
numerical stability report
  matrix range     [1e+00, 1e+00]
  objective range  [2e-01, 3e+00]
  bounds range     [5e+01, 5e+01]
  rhs range        [0e+00, 0e+00]
-------------------------------------------------------------------
 iteration    simulation      bound        time (s)     solves  pid
-------------------------------------------------------------------
         5  -5.320000e+00 -2.396000e+01  7.984161e-03        52   1
        10  -2.396000e+01 -2.396000e+01  1.236200e-02        92   1
        15  -4.260000e+01 -2.396000e+01  1.707411e-02       132   1
        20  -2.396000e+01 -2.396000e+01  2.218008e-02       172   1
        25  -2.396000e+01 -2.396000e+01  2.867317e-02       224   1
        30  -4.260000e+01 -2.396000e+01  3.464007e-02       264   1
        35  -4.260000e+01 -2.396000e+01  4.099703e-02       304   1
        40  -2.396000e+01 -2.396000e+01  4.777908e-02       344   1
-------------------------------------------------------------------
status         : simulation_stopping
total time (s) : 4.777908e-02
total solves   : 344
best bound     : -2.396000e+01
simulation ci  : -2.565714e+01 ± 4.427403e+00
numeric issues : 0
-------------------------------------------------------------------

 ────────────────────────────────────────────────────────────────────────────────
                                        Time                    Allocations      
                               ───────────────────────   ────────────────────────
       Tot / % measured:            270ms /  16.2%           33.7MiB /  19.7%    

 Section               ncalls     time    %tot     avg     alloc    %tot      avg
 ────────────────────────────────────────────────────────────────────────────────
 backward_pass             40   27.0ms   61.8%   675μs   5.64MiB   84.9%   144KiB
   solve_subproblem       160   14.4ms   32.9%  89.7μs    768KiB   11.3%  4.80KiB
     get_dual_solution    160    700μs    1.6%  4.37μs    160KiB    2.4%  1.00KiB
   prepare_backward...     80   74.7μs    0.2%   934ns   11.9KiB    0.2%     152B
 forward_pass              40   9.91ms   22.7%   248μs    780KiB   11.5%  19.5KiB
   solve_subproblem       120   8.78ms   20.1%  73.2μs    580KiB    8.5%  4.83KiB
     get_dual_solution    120    113μs    0.3%   938ns   65.6KiB    1.0%     560B
   sample_scenario         40    249μs    0.6%  6.23μs   37.0KiB    0.5%     946B
 calculate_bound           40   6.78ms   15.5%   169μs    227KiB    3.3%  5.67KiB
   get_dual_solution       40   52.5μs    0.1%  1.31μs   21.9KiB    0.3%     560B
 get_dual_solution         36   30.0μs    0.1%   833ns   19.7KiB    0.3%     560B
 ────────────────────────────────────────────────────────────────────────────────

-------------------------------------------------------------------
         SDDP.jl (c) Oscar Dowson and contributors, 2017-23
-------------------------------------------------------------------
problem
  nodes           : 3
  state variables : 2
  scenarios       : 4.00000e+00
  existing cuts   : false
options
  solver          : serial mode
  risk measure    : SDDP.Expectation()
  sampling scheme : SDDP.InSampleMonteCarlo
subproblem structure
  VariableRef                             : [8, 8]
  AffExpr in MOI.LessThan{Float64}        : [3, 3]
  VariableRef in MOI.GreaterThan{Float64} : [5, 5]
  VariableRef in MOI.LessThan{Float64}    : [1, 1]
numerical stability report
  matrix range     [1e+00, 1e+00]
  objective range  [2e-01, 3e+00]
  bounds range     [5e+01, 5e+01]
  rhs range        [0e+00, 0e+00]
-------------------------------------------------------------------
 iteration    simulation      bound        time (s)     solves  pid
-------------------------------------------------------------------
         5  -2.396000e+01 -2.396000e+01  7.426023e-03        52   1
        10  -2.396000e+01 -2.396000e+01  1.155901e-02        92   1
        15  -4.260000e+01 -2.396000e+01  1.597691e-02       132   1
        20  -2.396000e+01 -2.396000e+01  2.082491e-02       172   1
        25  -2.396000e+01 -2.396000e+01  2.700400e-02       224   1
        30  -2.396000e+01 -2.396000e+01  3.266907e-02       264   1
        35  -4.260000e+01 -2.396000e+01  3.878498e-02       304   1
        40  -2.396000e+01 -2.396000e+01  4.532599e-02       344   1
-------------------------------------------------------------------
status         : simulation_stopping
total time (s) : 4.532599e-02
total solves   : 344
best bound     : -2.396000e+01
simulation ci  : -2.379314e+01 ± 4.251732e+00
numeric issues : 0
-------------------------------------------------------------------

 ────────────────────────────────────────────────────────────────────────────────
                                        Time                    Allocations      
                               ───────────────────────   ────────────────────────
       Tot / % measured:           49.5ms /  83.9%           7.62MiB /  87.2%    

 Section               ncalls     time    %tot     avg     alloc    %tot      avg
 ────────────────────────────────────────────────────────────────────────────────
 backward_pass             40   26.2ms   63.1%   655μs   5.64MiB   84.9%   144KiB
   solve_subproblem       160   13.6ms   32.7%  85.0μs    768KiB   11.3%  4.80KiB
     get_dual_solution    160    723μs    1.7%  4.52μs    160KiB    2.4%  1.00KiB
   prepare_backward...     80   67.7μs    0.2%   846ns   11.9KiB    0.2%     152B
 forward_pass              40   9.11ms   21.9%   228μs    780KiB   11.5%  19.5KiB
   solve_subproblem       120   8.01ms   19.3%  66.7μs    580KiB    8.5%  4.83KiB
     get_dual_solution    120    111μs    0.3%   926ns   65.6KiB    1.0%     560B
   sample_scenario         40    237μs    0.6%  5.91μs   36.9KiB    0.5%     945B
 calculate_bound           40   6.21ms   15.0%   155μs    227KiB    3.3%  5.67KiB
   get_dual_solution       40   51.6μs    0.1%  1.29μs   21.9KiB    0.3%     560B
 get_dual_solution         36   29.4μs    0.1%   817ns   19.7KiB    0.3%     560B
 ────────────────────────────────────────────────────────────────────────────────

-------------------------------------------------------------------
         SDDP.jl (c) Oscar Dowson and contributors, 2017-23
-------------------------------------------------------------------
problem
  nodes           : 2
  state variables : 1
  scenarios       : 2.00000e+00
  existing cuts   : false
options
  solver          : serial mode
  risk measure    : SDDP.Expectation()
  sampling scheme : SDDP.InSampleMonteCarlo
subproblem structure
  VariableRef                             : [3, 4]
  AffExpr in MOI.LessThan{Float64}        : [1, 1]
  VariableRef in MOI.GreaterThan{Float64} : [2, 3]
  VariableRef in MOI.LessThan{Float64}    : [2, 2]
numerical stability report
  matrix range     [1e+00, 1e+00]
  objective range  [1e+00, 2e+00]
  bounds range     [2e+00, 5e+00]
  rhs range        [0e+00, 0e+00]
-------------------------------------------------------------------
 iteration    simulation      bound        time (s)     solves  pid
-------------------------------------------------------------------
         1   0.000000e+00 -2.500000e+00  1.395488e-02         5   1
         2  -1.500000e+00 -2.000000e+00  1.514006e-02        14   1
         3  -3.000000e+00 -2.000000e+00  1.571202e-02        19   1
         4  -1.000000e+00 -2.000000e+00  1.637292e-02        24   1
         5  -2.000000e+00 -2.000000e+00  1.714087e-02        29   1
         6  -2.000000e+00 -2.000000e+00  1.786304e-02        34   1
         7  -2.000000e+00 -2.000000e+00  1.856804e-02        39   1
         8  -2.000000e+00 -2.000000e+00  1.926899e-02        44   1
         9  -2.000000e+00 -2.000000e+00  1.997900e-02        49   1
        10  -2.000000e+00 -2.000000e+00  2.071500e-02        54   1
        11  -2.000000e+00 -2.000000e+00  2.143407e-02        59   1
        12  -2.000000e+00 -2.000000e+00  2.219391e-02        64   1
        13  -2.000000e+00 -2.000000e+00  2.294397e-02        69   1
        14  -2.000000e+00 -2.000000e+00  2.368808e-02        74   1
        15  -2.000000e+00 -2.000000e+00  2.443504e-02        79   1
        16  -2.000000e+00 -2.000000e+00  2.519894e-02        84   1
        17  -2.000000e+00 -2.000000e+00  2.598190e-02        89   1
        18  -2.000000e+00 -2.000000e+00  2.676201e-02        94   1
        19  -2.000000e+00 -2.000000e+00  2.755499e-02        99   1
        20  -2.000000e+00 -2.000000e+00  2.833390e-02       104   1
        21  -2.000000e+00 -2.000000e+00  2.948403e-02       113   1
        22  -2.000000e+00 -2.000000e+00  3.031993e-02       118   1
        23  -2.000000e+00 -2.000000e+00  3.113890e-02       123   1
        24  -2.000000e+00 -2.000000e+00  3.195691e-02       128   1
        25  -2.000000e+00 -2.000000e+00  3.278995e-02       133   1
        26  -2.000000e+00 -2.000000e+00  3.365088e-02       138   1
        27  -2.000000e+00 -2.000000e+00  3.450298e-02       143   1
        28  -2.000000e+00 -2.000000e+00  3.534603e-02       148   1
        29  -2.000000e+00 -2.000000e+00  3.620505e-02       153   1
        30  -2.000000e+00 -2.000000e+00  3.708386e-02       158   1
        31  -2.000000e+00 -2.000000e+00  3.800106e-02       163   1
        32  -2.000000e+00 -2.000000e+00  3.888392e-02       168   1
        33  -2.000000e+00 -2.000000e+00  3.976393e-02       173   1
        34  -2.000000e+00 -2.000000e+00  4.066396e-02       178   1
        35  -2.000000e+00 -2.000000e+00  4.159093e-02       183   1
        36  -2.000000e+00 -2.000000e+00  4.253197e-02       188   1
        37  -2.000000e+00 -2.000000e+00  4.345703e-02       193   1
        38  -2.000000e+00 -2.000000e+00  4.438901e-02       198   1
        39  -2.000000e+00 -2.000000e+00  4.533792e-02       203   1
        40  -2.000000e+00 -2.000000e+00  4.636502e-02       208   1
-------------------------------------------------------------------
status         : simulation_stopping
total time (s) : 4.636502e-02
total solves   : 208
best bound     : -2.000000e+00
simulation ci  : -1.937500e+00 ± 1.225000e-01
numeric issues : 0
-------------------------------------------------------------------

-------------------------------------------------------------------
         SDDP.jl (c) Oscar Dowson and contributors, 2017-23
-------------------------------------------------------------------
problem
  nodes           : 3
  state variables : 1
  scenarios       : Inf
  existing cuts   : false
options
  solver          : serial mode
  risk measure    : SDDP.Expectation()
  sampling scheme : SDDP.InSampleMonteCarlo
subproblem structure
  VariableRef                             : [6, 6]
  AffExpr in MOI.EqualTo{Float64}         : [2, 2]
  VariableRef in MOI.GreaterThan{Float64} : [5, 5]
  VariableRef in MOI.LessThan{Float64}    : [1, 1]
numerical stability report
  matrix range     [1e+00, 1e+00]
  objective range  [1e+00, 3e+00]
  bounds range     [5e+00, 2e+01]
  rhs range        [2e+00, 1e+01]
-------------------------------------------------------------------
 iteration    simulation      bound        time (s)     solves  pid
-------------------------------------------------------------------
         1   1.555000e+02  1.259101e+01  2.030921e-01        51   1
         2   3.591879e+02  7.384014e+01  2.479920e-01       378   1
         3   7.400000e+01  9.758149e+01  2.645500e-01       501   1
         4   2.394675e+02  1.298495e+02  2.939610e-01       708   1
         5   1.750000e+01  1.307116e+02  2.960961e-01       723   1
         6   2.211378e+02  1.517041e+02  3.261940e-01       930   1
         7   4.661980e+01  1.553187e+02  3.301821e-01       957   1
         8   1.518997e+02  1.655949e+02  3.526099e-01      1104   1
         9   3.060000e+02  1.813202e+02  3.985209e-01      1419   1
        10   3.135777e+02  1.914407e+02  4.410000e-01      1686   1
        11   5.000000e-01  1.918431e+02  4.436970e-01      1701   1
        12   6.022864e+02  2.085430e+02  5.329521e-01      2256   1
        13   5.073854e+02  2.138649e+02  6.226070e-01      2763   1
        14   1.044437e+02  2.162386e+02  6.533980e-01      2934   1
        15   6.053845e+01  2.176607e+02  6.691170e-01      3021   1
        16   2.018354e+02  2.201870e+02  7.092719e-01      3240   1
        17   2.620861e+02  2.220658e+02  7.622221e-01      3519   1
        18   3.912512e+02  2.254186e+02  8.225920e-01      3846   1
        19   4.768123e+02  2.268177e+02  9.288180e-01      4389   1
        20   2.890040e+02  2.278991e+02  9.791291e-01      4644   1
        21   1.264278e+01  2.279131e+02  9.820991e-01      4659   1
        22   6.031851e+02  2.297599e+02  1.078015e+00      5154   1
        23   1.543156e+02  2.298506e+02  1.104518e+00      5289   1
        24   5.809834e+02  2.313708e+02  1.227898e+00      5880   1
        25   5.455058e+01  2.316746e+02  1.243302e+00      5955   1
        26   1.133778e+02  2.318331e+02  1.263973e+00      6054   1
        27   1.052236e+02  2.322076e+02  1.287455e+00      6165   1
        28   4.663481e+01  2.322320e+02  1.292977e+00      6192   1
        29   1.357615e+02  2.326011e+02  1.338952e+00      6411   1
        30   9.421161e+01  2.328387e+02  1.364949e+00      6534   1
        31   3.750000e+01  2.329240e+02  1.380620e+00      6609   1
        32   4.259975e+01  2.330762e+02  1.385948e+00      6636   1
        33   1.118586e+01  2.331938e+02  1.394356e+00      6675   1
        34   7.299612e+02  2.340529e+02  1.544785e+00      7374   1
        35   2.391704e+02  2.343286e+02  1.596043e+00      7605   1
        36   1.000001e+02  2.344236e+02  1.620270e+00      7716   1
        37   1.053455e+02  2.345290e+02  1.638745e+00      7803   1
        38   1.000000e+01  2.345331e+02  1.642188e+00      7818   1
        39   3.540845e+02  2.347382e+02  1.731354e+00      8217   1
        40   3.778849e+02  2.350510e+02  1.817205e+00      8592   1
        41   2.028563e+02  2.351640e+02  1.867517e+00      8811   1
        42   2.574374e+02  2.352445e+02  1.941733e+00      9126   1
        43   6.687910e+01  2.353100e+02  1.956444e+00      9189   1
        44   2.271897e+01  2.353152e+02  1.962620e+00      9216   1
        45   1.030665e+02  2.353371e+02  1.991898e+00      9339   1
        46   3.509271e+02  2.355251e+02  2.077356e+00      9702   1
        47   9.342971e+01  2.355779e+02  2.103908e+00      9813   1
        48   7.528788e+02  2.357504e+02  2.290073e+00     10584   1
        49   1.111757e+02  2.357666e+02  2.303634e+00     10647   1
        50   5.407616e+02  2.358094e+02  2.436570e+00     11178   1
        51   5.918567e+01  2.358132e+02  2.451701e+00     11241   1
        52   3.630734e+01  2.358466e+02  2.461473e+00     11280   1
        53   1.242137e+02  2.358982e+02  2.516880e+00     11499   1
        54   3.109667e+02  2.359265e+02  2.594358e+00     11802   1
        55   4.537689e+01  2.359493e+02  2.612887e+00     11877   1
        56   1.119779e+02  2.359625e+02  2.634599e+00     11964   1
        57   4.824763e+01  2.359697e+02  2.653017e+00     12039   1
        58   6.618613e+00  2.359843e+02  2.656850e+00     12054   1
        59   4.671599e+02  2.360297e+02  2.770576e+00     12489   1
        60   2.572330e+02  2.360653e+02  2.857589e+00     12816   1
        61   1.757258e+01  2.360826e+02  2.864581e+00     12843   1
        62   4.137427e+02  2.361138e+02  2.951874e+00     13182   1
        63   9.950518e+01  2.361294e+02  2.978410e+00     13281   1
        64   1.000000e+01  2.361297e+02  2.982298e+00     13296   1
        65   1.627001e+02  2.361435e+02  3.013601e+00     13419   1
        66   1.695101e+02  2.361574e+02  3.052229e+00     13566   1
        67   8.643509e+01  2.361744e+02  3.078041e+00     13665   1
        68   1.670280e+02  2.361744e+02  3.112931e+00     13800   1
        69   1.024491e+02  2.361966e+02  3.139354e+00     13899   1
        70   2.414365e+02  2.362249e+02  3.219803e+00     14202   1
        71   6.410003e+01  2.362316e+02  3.236547e+00     14265   1
        72   3.541140e+02  2.362395e+02  3.318440e+00     14568   1
        73   9.191217e+01  2.362509e+02  3.350912e+00     14691   1
        74   2.796742e+01  2.362527e+02  3.361012e+00     14730   1
        75   1.135018e+02  2.362610e+02  3.391059e+00     14841   1
        76   7.248622e+01  2.362628e+02  3.408027e+00     14904   1
        77   2.154245e+02  2.362685e+02  3.460072e+00     15099   1
        78   6.348778e+01  2.362776e+02  3.487268e+00     15198   1
        79   2.849066e+01  2.362812e+02  3.494381e+00     15225   1
        80   3.934956e+02  2.362935e+02  3.592908e+00     15588   1
        81   2.615916e+02  2.363048e+02  3.653133e+00     15819   1
        82   5.195804e+01  2.363077e+02  3.677175e+00     15906   1
        83   2.140188e+02  2.363155e+02  3.736699e+00     16125   1
        84   1.960092e+02  2.363234e+02  3.787263e+00     16308   1
        85   3.979152e+02  2.363289e+02  3.889568e+00     16671   1
        86   6.948055e+01  2.363367e+02  3.907231e+00     16734   1
        87   3.055154e+01  2.363373e+02  3.921553e+00     16785   1
        88   1.170637e+02  2.363387e+02  3.960923e+00     16920   1
        89   4.168574e+02  2.363448e+02  4.063616e+00     17271   1
        90   4.504836e+01  2.363482e+02  4.081073e+00     17334   1
        91   6.485026e+02  2.363554e+02  4.276351e+00     17997   1
        92   5.554532e+02  2.363725e+02  4.430434e+00     18528   1
        93   1.935549e+02  2.363737e+02  4.469425e+00     18663   1
        94   5.500271e+01  2.363751e+02  4.488600e+00     18726   1
        95   1.704978e+02  2.363762e+02  4.549193e+00     18933   1
        96   1.759120e+01  2.363762e+02  4.560515e+00     18972   1
        97   7.416166e+02  2.363948e+02  4.828762e+00     19863   1
        98   5.204069e+01  2.363949e+02  4.846641e+00     19926   1
        99   2.450076e+01  2.363955e+02  4.861559e+00     19977   1
       100   2.239136e+02  2.363965e+02  4.911774e+00     20148   1
-------------------------------------------------------------------
status         : iteration_limit
total time (s) : 4.911774e+00
total solves   : 20148
best bound     :  2.363965e+02
simulation ci  :  2.003760e+02 ± 3.685315e+01
numeric issues : 0
-------------------------------------------------------------------

-------------------------------------------------------------------
         SDDP.jl (c) Oscar Dowson and contributors, 2017-23
-------------------------------------------------------------------
problem
  nodes           : 5
  state variables : 3
  scenarios       : 1.43489e+07
  existing cuts   : false
options
  solver          : serial mode
  risk measure    : SDDP.Expectation()
  sampling scheme : SDDP.InSampleMonteCarlo
subproblem structure
  VariableRef                             : [13, 13]
  AffExpr in MOI.EqualTo{Float64}         : [3, 3]
  AffExpr in MOI.LessThan{Float64}        : [1, 1]
  VariableRef in MOI.GreaterThan{Float64} : [7, 7]
  VariableRef in MOI.LessThan{Float64}    : [6, 7]
numerical stability report
  matrix range     [1e+00, 1e+00]
  objective range  [3e-01, 2e+00]
  bounds range     [5e-01, 5e+00]
  rhs range        [2e+00, 2e+00]
-------------------------------------------------------------------
 iteration    simulation      bound        time (s)     solves  pid
-------------------------------------------------------------------
        10  -4.432173e+00 -4.456170e+00  3.746650e-01      1900   1
        20  -4.395817e+00 -4.393676e+00  5.181501e-01      3300   1
        30  -3.071553e+00 -4.379996e+00  6.686571e-01      4700   1
        40  -4.282518e+00 -4.371126e+00  8.305061e-01      6100   1
        50  -4.855085e+00 -4.364195e+00  1.002668e+00      7500   1
        60  -4.464943e+00 -4.360041e+00  1.178794e+00      8900   1
        70  -4.404655e+00 -4.356470e+00  1.361644e+00     10300   1
        80  -4.698884e+00 -4.354048e+00  1.543959e+00     11700   1
        90  -4.697367e+00 -4.351484e+00  1.736764e+00     13100   1
       100  -4.106649e+00 -4.350112e+00  2.031739e+00     15000   1
-------------------------------------------------------------------
status         : iteration_limit
total time (s) : 2.031739e+00
total solves   : 15000
best bound     : -4.350112e+00
simulation ci  : -4.320196e+00 ± 8.752183e-02
numeric issues : 0
-------------------------------------------------------------------

-------------------------------------------------------------------
         SDDP.jl (c) Oscar Dowson and contributors, 2017-23
-------------------------------------------------------------------
problem
  nodes           : 5
  state variables : 1
  scenarios       : 1.00000e+05
  existing cuts   : false
options
  solver          : serial mode
  risk measure    : SDDP.Expectation()
  sampling scheme : SDDP.InSampleMonteCarlo
subproblem structure
  VariableRef                             : [5, 5]
  AffExpr in MOI.EqualTo{Float64}         : [1, 1]
  VariableRef in MOI.GreaterThan{Float64} : [3, 3]
  VariableRef in MOI.LessThan{Float64}    : [2, 3]
numerical stability report
  matrix range     [1e+00, 1e+00]
  objective range  [3e-01, 2e+00]
  bounds range     [5e-01, 2e+00]
  rhs range        [0e+00, 0e+00]
-------------------------------------------------------------------
 iteration    simulation      bound        time (s)     solves  pid
-------------------------------------------------------------------
        10  -1.462561e+00 -1.473424e+00  7.815695e-02      1050   1
        20  -1.515130e+00 -1.472392e+00  1.234400e-01      1600   1
        30  -1.756457e+00 -1.471896e+00  2.243919e-01      2650   1
        40  -1.507931e+00 -1.471273e+00  2.751079e-01      3200   1
        50  -1.605708e+00 -1.471146e+00  3.858399e-01      4250   1
        60  -1.684616e+00 -1.471115e+00  4.412260e-01      4800   1
        70  -1.328870e+00 -1.471087e+00  5.543139e-01      5850   1
        80  -1.466702e+00 -1.471087e+00  6.146960e-01      6400   1
        90  -1.599823e+00 -1.471083e+00  8.029709e-01      7450   1
       100  -1.520980e+00 -1.471080e+00  8.664830e-01      8000   1
       110  -1.626398e+00 -1.471078e+00  9.294610e-01      8550   1
       120  -1.601420e+00 -1.471078e+00  9.981840e-01      9100   1
       130  -1.644397e+00 -1.471078e+00  1.064743e+00      9650   1
       140  -1.574455e+00 -1.471076e+00  1.134483e+00     10200   1
       150  -1.602446e+00 -1.471075e+00  1.200372e+00     10750   1
       160  -1.398813e+00 -1.471075e+00  1.277507e+00     11300   1
       170  -1.614674e+00 -1.471075e+00  1.355886e+00     11850   1
       180  -1.621083e+00 -1.471075e+00  1.431052e+00     12400   1
       190  -1.061540e+00 -1.471075e+00  1.564104e+00     13450   1
       200  -1.473044e+00 -1.471075e+00  1.648546e+00     14000   1
       210  -1.583353e+00 -1.471075e+00  1.735777e+00     14550   1
       220  -1.537228e+00 -1.471075e+00  1.818178e+00     15100   1
       230  -1.528786e+00 -1.471075e+00  1.892819e+00     15650   1
       240  -1.563825e+00 -1.471075e+00  1.978764e+00     16200   1
       250  -1.250642e+00 -1.471075e+00  2.059569e+00     16750   1
       260  -1.512908e+00 -1.471075e+00  2.145377e+00     17300   1
       270  -1.673027e+00 -1.471075e+00  2.228077e+00     17850   1
       280  -1.356775e+00 -1.471075e+00  2.359547e+00     18400   1
-------------------------------------------------------------------
status         : simulation_stopping
total time (s) : 2.383297e+00
total solves   : 18565
best bound     : -1.471075e+00
simulation ci  : -1.481288e+00 ± 2.052604e-02
numeric issues : 0
-------------------------------------------------------------------

-------------------------------------------------------------------
         SDDP.jl (c) Oscar Dowson and contributors, 2017-23
-------------------------------------------------------------------
problem
  nodes           : 2
  state variables : 4
  scenarios       : 2.00000e+00
  existing cuts   : false
options
  solver          : serial mode
  risk measure    : SDDP.Expectation()
  sampling scheme : SDDP.InSampleMonteCarlo
subproblem structure
  VariableRef                             : [29, 29]
  AffExpr in MOI.EqualTo{Float64}         : [4, 5]
  AffExpr in MOI.GreaterThan{Float64}     : [3, 3]
  AffExpr in MOI.LessThan{Float64}        : [4, 4]
  VariableRef in MOI.GreaterThan{Float64} : [22, 22]
  VariableRef in MOI.LessThan{Float64}    : [1, 1]
numerical stability report
  matrix range     [1e+00, 1e+00]
  objective range  [1e+00, 1e+06]
  bounds range     [0e+00, 0e+00]
  rhs range        [0e+00, 0e+00]
-------------------------------------------------------------------
 iteration    simulation      bound        time (s)     solves  pid
-------------------------------------------------------------------
        10   3.455904e+05  3.147347e+05  8.064985e-03        54   1
        20   3.336455e+05  3.402383e+05  1.552701e-02       104   1
        30   3.337559e+05  3.403155e+05  2.438498e-02       158   1
        40   3.337559e+05  3.403155e+05  3.321886e-02       208   1
-------------------------------------------------------------------
status         : simulation_stopping
total time (s) : 4.084492e-02
total solves   : 248
best bound     :  3.403155e+05
simulation ci  :  1.298413e+08 ± 1.785866e+08
numeric issues : 0
-------------------------------------------------------------------

-------------------------------------------------------------------
         SDDP.jl (c) Oscar Dowson and contributors, 2017-23
-------------------------------------------------------------------
problem
  nodes           : 3
  state variables : 4
  scenarios       : 4.00000e+00
  existing cuts   : false
options
  solver          : serial mode
  risk measure    : SDDP.Expectation()
  sampling scheme : SDDP.InSampleMonteCarlo
subproblem structure
  VariableRef                             : [29, 29]
  AffExpr in MOI.EqualTo{Float64}         : [4, 5]
  AffExpr in MOI.GreaterThan{Float64}     : [3, 3]
  AffExpr in MOI.LessThan{Float64}        : [4, 4]
  VariableRef in MOI.EqualTo{Float64}     : [3, 3]
  VariableRef in MOI.GreaterThan{Float64} : [22, 22]
  VariableRef in MOI.LessThan{Float64}    : [1, 1]
numerical stability report
  matrix range     [1e+00, 1e+00]
  objective range  [1e+00, 1e+05]
  bounds range     [0e+00, 0e+00]
  rhs range        [0e+00, 0e+00]
-------------------------------------------------------------------
 iteration    simulation      bound        time (s)     solves  pid
-------------------------------------------------------------------
        10   4.403329e+05  3.509666e+05  1.636791e-02        92   1
        20   4.548285e+05  4.054833e+05  3.044415e-02       172   1
        30   3.959476e+05  4.067125e+05  4.740095e-02       264   1
        40   4.497721e+05  4.067125e+05  6.526804e-02       344   1
-------------------------------------------------------------------
status         : simulation_stopping
total time (s) : 7.920313e-02
total solves   : 400
best bound     :  4.067125e+05
simulation ci  :  2.695799e+07 ± 3.645326e+07
numeric issues : 0
-------------------------------------------------------------------

-------------------------------------------------------------------
         SDDP.jl (c) Oscar Dowson and contributors, 2017-23
-------------------------------------------------------------------
problem
  nodes           : 10
  state variables : 4
  scenarios       : 2.70000e+01
  existing cuts   : false
options
  solver          : serial mode
  risk measure    : SDDP.Expectation()
  sampling scheme : SDDP.InSampleMonteCarlo
subproblem structure
  VariableRef                             : [24, 24]
  AffExpr in MOI.EqualTo{Float64}         : [3, 3]
  AffExpr in MOI.GreaterThan{Float64}     : [1, 1]
  AffExpr in MOI.LessThan{Float64}        : [1, 6]
  VariableRef in MOI.GreaterThan{Float64} : [20, 20]
  VariableRef in MOI.LessThan{Float64}    : [1, 2]
numerical stability report
  matrix range     [1e+00, 8e+01]
  objective range  [1e+00, 1e+03]
  bounds range     [6e+01, 6e+01]
  rhs range        [2e+02, 3e+03]
-------------------------------------------------------------------
 iteration    simulation      bound        time (s)     solves  pid
-------------------------------------------------------------------
         1   8.316000e+03  0.000000e+00  1.249580e-01        14   1
         2   5.008500e+03  3.171195e+03  1.371181e-01       136   1
         3   4.500000e+03  4.057980e+03  1.394041e-01       150   1
         4   2.314272e+03  4.074139e+03  1.422882e-01       164   1
         5   2.308500e+03  4.074139e+03  1.454701e-01       178   1
         6   2.308500e+03  4.074139e+03  1.488092e-01       192   1
         7   2.308500e+03  4.074139e+03  1.521380e-01       206   1
         8   4.716000e+03  4.074139e+03  1.556392e-01       220   1
         9   2.308500e+03  4.074139e+03  1.582570e-01       234   1
        10   2.308500e+03  4.074139e+03  1.616721e-01       248   1
        11   2.308500e+03  4.074139e+03  1.651502e-01       262   1
        12   7.539730e+03  4.074139e+03  1.687291e-01       276   1
        13   2.308500e+03  4.074139e+03  1.723812e-01       290   1
        14   2.308500e+03  4.074139e+03  1.760621e-01       304   1
        15   2.308500e+03  4.074139e+03  1.797881e-01       318   1
        16   5.132230e+03  4.074139e+03  1.835761e-01       332   1
        17   2.308500e+03  4.074139e+03  1.874530e-01       346   1
        18   5.197500e+03  4.074139e+03  1.914010e-01       360   1
        19   5.679000e+03  4.074139e+03  1.953392e-01       374   1
        20   4.716000e+03  4.074139e+03  1.992340e-01       388   1
        21   2.308500e+03  4.074139e+03  2.119172e-01       510   1
        22   5.679000e+03  4.074139e+03  2.160952e-01       524   1
        23   8.086500e+03  4.074139e+03  2.202342e-01       538   1
        24   2.308500e+03  4.074139e+03  2.245321e-01       552   1
        25   4.716000e+03  4.074139e+03  2.287202e-01       566   1
        26   5.132230e+03  4.074139e+03  2.331791e-01       580   1
        27   7.539730e+03  4.074139e+03  2.374771e-01       594   1
        28   2.308500e+03  4.074139e+03  2.420211e-01       608   1
        29   5.132230e+03  4.074139e+03  2.465761e-01       622   1
        30   4.716000e+03  4.074139e+03  2.509382e-01       636   1
        31   7.539730e+03  4.074139e+03  2.553270e-01       650   1
        32   4.716000e+03  4.074139e+03  2.597580e-01       664   1
        33   2.308500e+03  4.074139e+03  2.645402e-01       678   1
        34   5.132230e+03  4.074139e+03  2.694662e-01       692   1
        35   4.716000e+03  4.074139e+03  2.741411e-01       706   1
        36   5.197500e+03  4.074139e+03  2.787690e-01       720   1
        37   2.308500e+03  4.074139e+03  2.839200e-01       734   1
        38   2.308500e+03  4.074139e+03  2.890780e-01       748   1
        39   5.197500e+03  4.074139e+03  2.940102e-01       762   1
        40   5.132230e+03  4.074139e+03  2.992151e-01       776   1
-------------------------------------------------------------------
status         : simulation_stopping
total time (s) : 2.992151e-01
total solves   : 776
best bound     :  4.074139e+03
simulation ci  :  4.217203e+03 ± 5.878798e+02
numeric issues : 0
-------------------------------------------------------------------

-------------------------------------------------------------------
         SDDP.jl (c) Oscar Dowson and contributors, 2017-23
-------------------------------------------------------------------
problem
  nodes           : 3
  state variables : 1
  scenarios       : 4.00000e+00
  existing cuts   : false
options
  solver          : serial mode
  risk measure    : SDDP.Expectation()
  sampling scheme : SDDP.InSampleMonteCarlo
subproblem structure
  VariableRef                             : [6, 6]
  AffExpr in MOI.EqualTo{Float64}         : [1, 1]
  VariableRef in MOI.GreaterThan{Float64} : [4, 4]
  VariableRef in MOI.Integer              : [3, 3]
  VariableRef in MOI.LessThan{Float64}    : [2, 3]
numerical stability report
  matrix range     [1e+00, 1e+00]
  objective range  [1e+00, 3e+02]
  bounds range     [1e+02, 2e+02]
  rhs range        [0e+00, 0e+00]
-------------------------------------------------------------------
 iteration    simulation      bound        time (s)     solves  pid
-------------------------------------------------------------------
         1L  7.000000e+04  6.166667e+04  4.618471e-01         8   1
         2L  5.500000e+04  6.225000e+04  4.709990e-01        28   1
         3L  9.650000e+04  6.250000e+04  4.781489e-01        36   1
         4L  9.500000e+04  6.250000e+04  4.846580e-01        44   1
         5L  9.500000e+04  6.250000e+04  4.915140e-01        52   1
         6L  4.000000e+04  6.250000e+04  4.974890e-01        60   1
         7L  9.500000e+04  6.250000e+04  5.042889e-01        68   1
         8L  4.000000e+04  6.250000e+04  5.126729e-01        76   1
         9L  4.000000e+04  6.250000e+04  5.212879e-01        84   1
        10L  6.000000e+04  6.250000e+04  5.298951e-01        92   1
        11L  5.500000e+04  6.250000e+04  5.367770e-01       100   1
        12L  9.500000e+04  6.250000e+04  5.436900e-01       108   1
        13L  6.000000e+04  6.250000e+04  5.521319e-01       116   1
        14L  6.000000e+04  6.250000e+04  5.608230e-01       124   1
        15L  6.000000e+04  6.250000e+04  5.694830e-01       132   1
        16L  9.500000e+04  6.250000e+04  5.763490e-01       140   1
        17L  4.000000e+04  6.250000e+04  5.847681e-01       148   1
        18L  9.500000e+04  6.250000e+04  5.916560e-01       156   1
        19L  6.000000e+04  6.250000e+04  6.000760e-01       164   1
        20L  6.000000e+04  6.250000e+04  6.087589e-01       172   1
        21L  4.000000e+04  6.250000e+04  6.218660e-01       192   1
        22L  5.500000e+04  6.250000e+04  6.288300e-01       200   1
        23L  6.000000e+04  6.250000e+04  6.373351e-01       208   1
        24L  6.000000e+04  6.250000e+04  6.461179e-01       216   1
        25L  5.500000e+04  6.250000e+04  6.531410e-01       224   1
        26L  5.500000e+04  6.250000e+04  6.602039e-01       232   1
        27L  9.500000e+04  6.250000e+04  6.672070e-01       240   1
        28L  6.000000e+04  6.250000e+04  6.758311e-01       248   1
        29L  6.000000e+04  6.250000e+04  6.846759e-01       256   1
        30L  4.000000e+04  6.250000e+04  6.936169e-01       264   1
        31L  6.000000e+04  6.250000e+04  7.028539e-01       272   1
        32L  4.000000e+04  6.250000e+04  7.121871e-01       280   1
        33L  6.000000e+04  6.250000e+04  7.213790e-01       288   1
        34L  5.500000e+04  6.250000e+04  7.286429e-01       296   1
        35L  9.500000e+04  6.250000e+04  7.358589e-01       304   1
        36L  9.500000e+04  6.250000e+04  7.430670e-01       312   1
        37L  9.500000e+04  6.250000e+04  7.502689e-01       320   1
        38L  6.000000e+04  6.250000e+04  7.592900e-01       328   1
        39L  5.500000e+04  6.250000e+04  7.666819e-01       336   1
        40L  9.500000e+04  6.250000e+04  7.739649e-01       344   1
-------------------------------------------------------------------
status         : simulation_stopping
total time (s) : 7.739649e-01
total solves   : 344
best bound     :  6.250000e+04
simulation ci  :  6.641250e+04 ± 6.323428e+03
numeric issues : 0
-------------------------------------------------------------------

-------------------------------------------------------------------
         SDDP.jl (c) Oscar Dowson and contributors, 2017-23
-------------------------------------------------------------------
problem
  nodes           : 3
  state variables : 1
  scenarios       : 4.00000e+00
  existing cuts   : false
options
  solver          : serial mode
  risk measure    : SDDP.Expectation()
  sampling scheme : SDDP.InSampleMonteCarlo
subproblem structure
  VariableRef                             : [6, 6]
  AffExpr in MOI.EqualTo{Float64}         : [1, 1]
  VariableRef in MOI.GreaterThan{Float64} : [4, 4]
  VariableRef in MOI.Integer              : [3, 3]
  VariableRef in MOI.LessThan{Float64}    : [2, 3]
numerical stability report
  matrix range     [1e+00, 1e+00]
  objective range  [1e+00, 3e+02]
  bounds range     [1e+02, 2e+02]
  rhs range        [0e+00, 0e+00]
-------------------------------------------------------------------
 iteration    simulation      bound        time (s)     solves  pid
-------------------------------------------------------------------
         1   7.000000e+04  6.250000e+04  4.343033e-03         8   1
         2   6.000000e+04  6.250000e+04  9.622097e-03        28   1
         3   4.000000e+04  6.250000e+04  1.291299e-02        36   1
         4   9.500000e+04  6.250000e+04  1.580906e-02        44   1
         5   4.000000e+04  6.250000e+04  1.882815e-02        52   1
         6   9.500000e+04  6.250000e+04  2.172303e-02        60   1
         7   9.500000e+04  6.250000e+04  2.462101e-02        68   1
         8   4.000000e+04  6.250000e+04  2.769518e-02        76   1
         9   6.000000e+04  6.250000e+04  3.099799e-02        84   1
        10   4.000000e+04  6.250000e+04  3.432608e-02        92   1
        11   4.000000e+04  6.250000e+04  3.767610e-02       100   1
        12   4.000000e+04  6.250000e+04  4.106402e-02       108   1
        13   9.500000e+04  6.250000e+04  4.404116e-02       116   1
        14   5.500000e+04  6.250000e+04  4.699206e-02       124   1
        15   6.000000e+04  6.250000e+04  5.017018e-02       132   1
        16   6.000000e+04  6.250000e+04  5.358505e-02       140   1
        17   5.500000e+04  6.250000e+04  5.661297e-02       148   1
        18   4.000000e+04  6.250000e+04  5.984402e-02       156   1
        19   5.500000e+04  6.250000e+04  6.287718e-02       164   1
        20   5.500000e+04  6.250000e+04  6.593609e-02       172   1
-------------------------------------------------------------------
status         : simulation_stopping
total time (s) : 6.593609e-02
total solves   : 172
best bound     :  6.250000e+04
simulation ci  :  5.950000e+04 ± 8.933885e+03
numeric issues : 0
-------------------------------------------------------------------

-------------------------------------------------------------------
         SDDP.jl (c) Oscar Dowson and contributors, 2017-23
-------------------------------------------------------------------
problem
  nodes           : 3
  state variables : 2
  scenarios       : 1.00000e+00
  existing cuts   : false
options
  solver          : serial mode
  risk measure    : SDDP.Expectation()
  sampling scheme : SDDP.InSampleMonteCarlo
subproblem structure
  VariableRef                             : [6, 6]
  AffExpr in MOI.EqualTo{Float64}         : [2, 2]
  VariableRef in MOI.GreaterThan{Float64} : [2, 3]
  VariableRef in MOI.LessThan{Float64}    : [3, 3]
  VariableRef in MOI.ZeroOne              : [3, 3]
numerical stability report
  matrix range     [1e+00, 1e+00]
  objective range  [1e+00, 6e+00]
  bounds range     [1e+00, 1e+02]
  rhs range        [0e+00, 0e+00]
-------------------------------------------------------------------
 iteration    simulation      bound        time (s)     solves  pid
-------------------------------------------------------------------
         1L  6.000000e+00  9.000000e+00  5.317187e-02         6   1
         2L  9.000000e+00  9.000000e+00  5.733991e-02        15   1
         3L  9.000000e+00  9.000000e+00  6.059289e-02        21   1
         4L  9.000000e+00  9.000000e+00  6.383204e-02        27   1
         5L  9.000000e+00  9.000000e+00  6.704593e-02        33   1
         6L  9.000000e+00  9.000000e+00  7.026887e-02        39   1
         7L  9.000000e+00  9.000000e+00  7.348990e-02        45   1
         8L  9.000000e+00  9.000000e+00  7.674289e-02        51   1
         9L  9.000000e+00  9.000000e+00  7.998705e-02        57   1
        10L  9.000000e+00  9.000000e+00  8.327007e-02        63   1
        11L  9.000000e+00  9.000000e+00  8.654404e-02        69   1
        12L  9.000000e+00  9.000000e+00  8.985090e-02        75   1
        13L  9.000000e+00  9.000000e+00  9.315705e-02        81   1
        14L  9.000000e+00  9.000000e+00  9.641409e-02        87   1
        15L  9.000000e+00  9.000000e+00  9.976792e-02        93   1
        16L  9.000000e+00  9.000000e+00  1.031470e-01        99   1
        17L  9.000000e+00  9.000000e+00  1.065040e-01       105   1
        18L  9.000000e+00  9.000000e+00  1.098840e-01       111   1
        19L  9.000000e+00  9.000000e+00  1.133010e-01       117   1
        20L  9.000000e+00  9.000000e+00  1.167181e-01       123   1
-------------------------------------------------------------------
status         : simulation_stopping
total time (s) : 1.167181e-01
total solves   : 123
best bound     :  9.000000e+00
simulation ci  :  8.850000e+00 ± 2.940000e-01
numeric issues : 0
-------------------------------------------------------------------

-------------------------------------------------------------------
         SDDP.jl (c) Oscar Dowson and contributors, 2017-23
-------------------------------------------------------------------
problem
  nodes           : 7
  state variables : 2
  scenarios       : 8.00000e+00
  existing cuts   : false
options
  solver          : serial mode
  risk measure    : SDDP.Expectation()
  sampling scheme : SDDP.InSampleMonteCarlo
subproblem structure
  VariableRef                             : [5, 7]
  AffExpr in MOI.EqualTo{Float64}         : [1, 1]
  VariableRef in MOI.GreaterThan{Float64} : [3, 5]
  VariableRef in MOI.LessThan{Float64}    : [1, 1]
numerical stability report
  matrix range     [1e+00, 1e+00]
  objective range  [1e+00, 4e+00]
  bounds range     [1e+03, 1e+03]
  rhs range        [6e+01, 8e+01]
-------------------------------------------------------------------
 iteration    simulation      bound        time (s)     solves  pid
-------------------------------------------------------------------
         5  -1.030689e+01  3.973304e-01  1.450300e-02        87   1
        10  -6.252776e-12  1.502470e+00  2.298594e-02       142   1
        15  -1.428571e+00  1.514085e+00  3.251600e-02       197   1
        20  -1.428571e+00  1.514085e+00  4.278207e-02       252   1
        25  -8.526513e-14  1.514085e+00  1.388621e-01       339   1
        30   4.864000e+01  1.514085e+00  1.504011e-01       394   1
        35  -2.842171e-14  1.514085e+00  1.619811e-01       449   1
        40  -2.458478e-12  1.514085e+00  1.744421e-01       504   1
-------------------------------------------------------------------
status         : simulation_stopping
total time (s) : 1.744421e-01
total solves   : 504
best bound     :  1.514085e+00
simulation ci  :  2.986931e+00 ± 5.818589e+00
numeric issues : 0
-------------------------------------------------------------------

-------------------------------------------------------------------
         SDDP.jl (c) Oscar Dowson and contributors, 2017-23
-------------------------------------------------------------------
problem
  nodes           : 7
  state variables : 2
  scenarios       : 3.20000e+01
  existing cuts   : false
options
  solver          : serial mode
  risk measure    : #4
  sampling scheme : SDDP.InSampleMonteCarlo
subproblem structure
  VariableRef                             : [5, 7]
  AffExpr in MOI.EqualTo{Float64}         : [1, 1]
  VariableRef in MOI.GreaterThan{Float64} : [2, 5]
  VariableRef in MOI.LessThan{Float64}    : [1, 1]
numerical stability report
  matrix range     [1e+00, 1e+00]
  objective range  [2e-02, 4e+00]
  bounds range     [1e+03, 1e+03]
  rhs range        [6e+01, 8e+01]
-------------------------------------------------------------------
 iteration    simulation      bound        time (s)     solves  pid
-------------------------------------------------------------------
        10   1.173750e+01  2.320949e+00  1.918659e-01       278   1
        20   1.848250e+01  1.290147e+00  2.150249e-01       428   1
        30   2.152395e-02  1.278609e+00  2.404799e-01       578   1
        40   1.111084e+01  1.278410e+00  2.816799e-01       856   1
        50   2.825352e+00  1.278410e+00  3.118129e-01      1006   1
        60   2.825352e+00  1.278410e+00  3.570528e-01      1284   1
        70   2.690283e+01  1.278410e+00  3.901699e-01      1434   1
-------------------------------------------------------------------
status         : simulation_stopping
total time (s) : 4.118919e-01
total solves   : 1524
best bound     :  1.278410e+00
simulation ci  :  2.141057e+00 ± 4.942989e+00
numeric issues : 0
-------------------------------------------------------------------

-------------------------------------------------------------------
         SDDP.jl (c) Oscar Dowson and contributors, 2017-23
-------------------------------------------------------------------
problem
  nodes           : 7
  state variables : 2
  scenarios       : 3.20000e+01
  existing cuts   : false
options
  solver          : serial mode
  risk measure    : #4
  sampling scheme : SDDP.InSampleMonteCarlo
subproblem structure
  VariableRef                             : [5, 7]
  AffExpr in MOI.EqualTo{Float64}         : [1, 1]
  VariableRef in MOI.GreaterThan{Float64} : [2, 5]
  VariableRef in MOI.LessThan{Float64}    : [1, 1]
numerical stability report
  matrix range     [1e+00, 1e+00]
  objective range  [2e-02, 4e+00]
  bounds range     [1e+03, 1e+03]
  rhs range        [6e+01, 8e+01]
-------------------------------------------------------------------
 iteration    simulation      bound        time (s)     solves  pid
-------------------------------------------------------------------
        10   2.002551e+01  1.349113e+00  3.644514e-02       278   1
        20  -1.051817e+00  1.278410e+00  6.223512e-02       428   1
        30   1.786499e+01  1.278410e+00  1.043770e-01       706   1
        40   2.690283e+01  1.278410e+00  1.349900e-01       856   1
-------------------------------------------------------------------
status         : simulation_stopping
total time (s) : 1.349900e-01
total solves   : 856
best bound     :  1.278410e+00
simulation ci  :  4.755274e+00 ± 6.125196e+00
numeric issues : 0
-------------------------------------------------------------------

-------------------------------------------------------------------
         SDDP.jl (c) Oscar Dowson and contributors, 2017-23
-------------------------------------------------------------------
problem
  nodes           : 4
  state variables : 1
  scenarios       : Inf
  existing cuts   : false
options
  solver          : serial mode
  risk measure    : SDDP.Expectation()
  sampling scheme : SDDP.InSampleMonteCarlo
subproblem structure
  VariableRef                             : [7, 7]
  AffExpr in MOI.EqualTo{Float64}         : [1, 1]
  AffExpr in MOI.GreaterThan{Float64}     : [2, 2]
  VariableRef in MOI.EqualTo{Float64}     : [1, 1]
  VariableRef in MOI.GreaterThan{Float64} : [5, 5]
  VariableRef in MOI.LessThan{Float64}    : [3, 3]
numerical stability report
  matrix range     [1e+00, 1e+00]
  objective range  [1e+00, 2e+00]
  bounds range     [2e+00, 1e+02]
  rhs range        [0e+00, 0e+00]
-------------------------------------------------------------------
 iteration    simulation      bound        time (s)     solves  pid
-------------------------------------------------------------------
        10   4.787277e+00  9.346930e+00  1.095663e+00       900   1
        20   6.374753e+00  1.361934e+01  1.327066e+00      1720   1
        30   2.813321e+01  1.651297e+01  1.780850e+00      3036   1
        40   1.654759e+01  1.632970e+01  2.327924e+00      4192   1
        50   3.570941e+00  1.846889e+01  2.693581e+00      5020   1
        60   1.087425e+01  1.890254e+01  3.083907e+00      5808   1
        70   9.381610e+00  1.940320e+01  3.485123e+00      6540   1
        80   5.648731e+01  1.962435e+01  3.782084e+00      7088   1
        90   3.879273e+01  1.981008e+01  4.524426e+00      8180   1
       100   7.870187e+00  1.997117e+01  4.824337e+00      8664   1
-------------------------------------------------------------------
status         : iteration_limit
total time (s) : 4.824337e+00
total solves   : 8664
best bound     :  1.997117e+01
simulation ci  :  2.275399e+01 ± 4.541987e+00
numeric issues : 0
-------------------------------------------------------------------

-------------------------------------------------------------------
         SDDP.jl (c) Oscar Dowson and contributors, 2017-23
-------------------------------------------------------------------
problem
  nodes           : 5
  state variables : 2
  scenarios       : 3.20000e+01
  existing cuts   : false
options
  solver          : serial mode
  risk measure    : SDDP.Expectation()
  sampling scheme : SDDP.InSampleMonteCarlo
subproblem structure
  VariableRef                             : [10, 10]
  AffExpr in MOI.EqualTo{Float64}         : [2, 2]
  AffExpr in MOI.GreaterThan{Float64}     : [2, 2]
  AffExpr in MOI.LessThan{Float64}        : [6, 6]
  VariableRef in MOI.GreaterThan{Float64} : [5, 6]
  VariableRef in MOI.LessThan{Float64}    : [6, 6]
  VariableRef in MOI.ZeroOne              : [5, 5]
numerical stability report
  matrix range     [1e+00, 1e+00]
  objective range  [1e+00, 6e+00]
  bounds range     [1e+00, 1e+01]
  rhs range        [1e+00, 1e+00]
-------------------------------------------------------------------
 iteration    simulation      bound        time (s)     solves  pid
-------------------------------------------------------------------
         5   9.000000e+00  9.002950e+00  1.812551e-01       235   1
        10   4.000000e+00  9.002950e+00  2.123251e-01       310   1
        15   4.000000e+00  9.002950e+00  2.442250e-01       385   1
        20   4.000000e+00  9.002950e+00  2.767732e-01       460   1
        25   1.000000e+01  9.002950e+00  3.690801e-01       695   1
        30   5.000000e+00  9.002950e+00  4.033091e-01       770   1
        35   1.000000e+01  9.002950e+00  4.390662e-01       845   1
        40   5.000000e+00  9.002950e+00  4.757981e-01       920   1
-------------------------------------------------------------------
status         : simulation_stopping
total time (s) : 4.757981e-01
total solves   : 920
best bound     :  9.002950e+00
simulation ci  :  6.375000e+00 ± 7.930178e-01
numeric issues : 0
-------------------------------------------------------------------

-------------------------------------------------------------------
         SDDP.jl (c) Oscar Dowson and contributors, 2017-23
-------------------------------------------------------------------
problem
  nodes           : 3
  state variables : 4
  scenarios       : 2.16000e+02
  existing cuts   : false
options
  solver          : serial mode
  risk measure    : SDDP.Expectation()
  sampling scheme : SDDP.InSampleMonteCarlo
subproblem structure
  VariableRef                             : [18, 18]
  AffExpr in MOI.EqualTo{Float64}         : [4, 4]
  AffExpr in MOI.GreaterThan{Float64}     : [4, 4]
  AffExpr in MOI.LessThan{Float64}        : [12, 12]
  VariableRef in MOI.GreaterThan{Float64} : [9, 10]
  VariableRef in MOI.LessThan{Float64}    : [10, 10]
  VariableRef in MOI.ZeroOne              : [9, 9]
numerical stability report
  matrix range     [1e+00, 1e+00]
  objective range  [1e+00, 4e+00]
  bounds range     [1e+00, 2e+01]
  rhs range        [1e+00, 1e+00]
-------------------------------------------------------------------
 iteration    simulation      bound        time (s)     solves  pid
-------------------------------------------------------------------
        10   1.000000e+01  6.868919e+00  1.348820e-01       510   1
        20   2.000000e+00  6.834387e+00  2.116308e-01       720   1
        30   1.200000e+01  6.834387e+00  3.928590e-01      1230   1
        40   7.000000e+00  6.823805e+00  4.719830e-01      1440   1
        50   7.000000e+00  6.823805e+00  6.585109e-01      1950   1
        60   5.000000e+00  6.823805e+00  7.394369e-01      2160   1
-------------------------------------------------------------------
status         : simulation_stopping
total time (s) : 7.394369e-01
total solves   : 2160
best bound     :  6.823805e+00
simulation ci  :  6.200000e+00 ± 6.281544e-01
numeric issues : 0
-------------------------------------------------------------------

-------------------------------------------------------------------
         SDDP.jl (c) Oscar Dowson and contributors, 2017-23
-------------------------------------------------------------------
problem
  nodes           : 5
  state variables : 5
  scenarios       : 3.27680e+04
  existing cuts   : false
options
  solver          : serial mode
  risk measure    : SDDP.Expectation()
  sampling scheme : SDDP.InSampleMonteCarlo
subproblem structure
  VariableRef                             : [14, 14]
  AffExpr in MOI.GreaterThan{Float64}     : [7, 7]
  AffExpr in MOI.LessThan{Float64}        : [4, 4]
  VariableRef in MOI.GreaterThan{Float64} : [8, 8]
  VariableRef in MOI.Integer              : [5, 5]
  VariableRef in MOI.LessThan{Float64}    : [5, 6]
numerical stability report
  matrix range     [1e+00, 1e+00]
  objective range  [1e+00, 5e+05]
  bounds range     [1e+00, 1e+00]
  rhs range        [0e+00, 0e+00]
-------------------------------------------------------------------
 iteration    simulation      bound        time (s)     solves  pid
-------------------------------------------------------------------
        10   2.549668e+06  2.078257e+06  8.422279e-01       920   1
        20   5.494568e+05  2.078257e+06  1.191435e+00      1340   1
        30   4.985879e+04  2.078257e+06  2.079120e+00      2260   1
        40   3.799447e+06  2.078257e+06  2.447540e+00      2680   1
        50   1.049867e+06  2.078257e+06  3.346089e+00      3600   1
        60   3.985191e+04  2.078257e+06  3.711318e+00      4020   1
-------------------------------------------------------------------
status         : simulation_stopping
total time (s) : 3.711318e+00
total solves   : 4020
best bound     :  2.078257e+06
simulation ci  :  2.031697e+06 ± 3.922745e+05
numeric issues : 0
-------------------------------------------------------------------

-------------------------------------------------------------------
         SDDP.jl (c) Oscar Dowson and contributors, 2017-23
-------------------------------------------------------------------
problem
  nodes           : 5
  state variables : 5
  scenarios       : 3.27680e+04
  existing cuts   : false
options
  solver          : serial mode
  risk measure    : SDDP.Expectation()
  sampling scheme : SDDP.InSampleMonteCarlo
subproblem structure
  VariableRef                             : [14, 14]
  AffExpr in MOI.GreaterThan{Float64}     : [7, 7]
  AffExpr in MOI.LessThan{Float64}        : [4, 4]
  VariableRef in MOI.GreaterThan{Float64} : [8, 8]
  VariableRef in MOI.Integer              : [5, 5]
  VariableRef in MOI.LessThan{Float64}    : [5, 6]
numerical stability report
  matrix range     [1e+00, 1e+00]
  objective range  [1e+00, 5e+05]
  bounds range     [1e+00, 1e+00]
  rhs range        [0e+00, 0e+00]
-------------------------------------------------------------------
 iteration    simulation      bound        time (s)     solves  pid
-------------------------------------------------------------------
        10L  4.986663e+04  2.079056e+06  1.560690e+00       920   1
        20L  3.799878e+06  2.079267e+06  2.742553e+00      1340   1
        30L  3.003923e+04  2.079457e+06  4.582260e+00      2260   1
        40L  5.549882e+06  2.079457e+06  5.896862e+00      2680   1
        50L  2.799466e+06  2.079457e+06  7.880626e+00      3600   1
        60L  3.549880e+06  2.079457e+06  9.171838e+00      4020   1
-------------------------------------------------------------------
status         : simulation_stopping
total time (s) : 9.171838e+00
total solves   : 4020
best bound     :  2.079457e+06
simulation ci  :  2.352197e+06 ± 5.377546e+05
numeric issues : 0
-------------------------------------------------------------------

-------------------------------------------------------------------
         SDDP.jl (c) Oscar Dowson and contributors, 2017-23
-------------------------------------------------------------------
problem
  nodes           : 1
  state variables : 1
  scenarios       : Inf
  existing cuts   : false
options
  solver          : serial mode
  risk measure    : SDDP.Expectation()
  sampling scheme : SDDP.InSampleMonteCarlo
subproblem structure
  VariableRef                             : [8, 8]
  AffExpr in MOI.EqualTo{Float64}         : [2, 2]
  VariableRef in MOI.GreaterThan{Float64} : [5, 5]
  VariableRef in MOI.LessThan{Float64}    : [1, 1]
numerical stability report
  matrix range     [1e+00, 1e+00]
  objective range  [1e+00, 1e+01]
  bounds range     [5e+00, 2e+01]
  rhs range        [0e+00, 0e+00]
-------------------------------------------------------------------
 iteration    simulation      bound        time (s)     solves  pid
-------------------------------------------------------------------
       100   2.500000e+01  1.188965e+02  7.495341e-01      1946   1
       200   2.500000e+01  1.191634e+02  1.010407e+00      3920   1
       300   0.000000e+00  1.191666e+02  1.281516e+00      5902   1
-------------------------------------------------------------------
status         : simulation_stopping
total time (s) : 1.338690e+00
total solves   : 6224
best bound     :  1.191667e+02
simulation ci  :  2.158333e+01 ± 3.290252e+00
numeric issues : 0
-------------------------------------------------------------------

-------------------------------------------------------------------
         SDDP.jl (c) Oscar Dowson and contributors, 2017-23
-------------------------------------------------------------------
problem
  nodes           : 1
  state variables : 1
  scenarios       : Inf
  existing cuts   : false
options
  solver          : serial mode
  risk measure    : SDDP.Expectation()
  sampling scheme : SDDP.InSampleMonteCarlo
subproblem structure
  VariableRef                             : [8, 8]
  AffExpr in MOI.EqualTo{Float64}         : [2, 2]
  VariableRef in MOI.GreaterThan{Float64} : [5, 5]
  VariableRef in MOI.LessThan{Float64}    : [1, 1]
numerical stability report
  matrix range     [1e+00, 1e+00]
  objective range  [1e+00, 1e+01]
  bounds range     [5e+00, 2e+01]
  rhs range        [0e+00, 0e+00]
-------------------------------------------------------------------
 iteration    simulation      bound        time (s)     solves  pid
-------------------------------------------------------------------
       100   0.000000e+00  1.189199e+02  2.434571e-01      1965   1
       200   2.500000e+00  1.191652e+02  5.769889e-01      3946   1
       300   5.000000e+00  1.191667e+02  8.545480e-01      5919   1
-------------------------------------------------------------------
status         : simulation_stopping
total time (s) : 9.074152e-01
total solves   : 6222
best bound     :  1.191667e+02
simulation ci  :  1.962006e+01 ± 3.153745e+00
numeric issues : 0
-------------------------------------------------------------------

-------------------------------------------------------------------
         SDDP.jl (c) Oscar Dowson and contributors, 2017-23
-------------------------------------------------------------------
problem
  nodes           : 1
  state variables : 1
  scenarios       : Inf
  existing cuts   : false
options
  solver          : serial mode
  risk measure    : SDDP.Expectation()
  sampling scheme : SDDP.InSampleMonteCarlo
subproblem structure
  VariableRef                             : [3, 3]
  AffExpr in MOI.EqualTo{Float64}         : [1, 1]
  VariableRef in MOI.GreaterThan{Float64} : [1, 1]
numerical stability report
  matrix range     [1e+00, 1e+00]
  objective range  [1e+00, 1e+00]
  bounds range     [0e+00, 0e+00]
  rhs range        [0e+00, 0e+00]
-------------------------------------------------------------------
 iteration    simulation      bound        time (s)     solves  pid
-------------------------------------------------------------------
        10   4.000000e+00  1.999985e+01  8.010197e-02      1247   1
        20   2.000000e+00  2.000000e+01  9.335518e-02      1359   1
        30   1.000000e+01  2.000000e+01  1.613450e-01      2476   1
        40   1.400000e+01  2.000000e+01  1.855750e-01      2656   1
-------------------------------------------------------------------
status         : simulation_stopping
total time (s) : 1.855750e-01
total solves   : 2656
best bound     :  2.000000e+01
simulation ci  :  1.465000e+01 ± 5.123350e+00
numeric issues : 0
-------------------------------------------------------------------

-------------------------------------------------------------------
         SDDP.jl (c) Oscar Dowson and contributors, 2017-23
-------------------------------------------------------------------
problem
  nodes           : 1
  state variables : 1
  scenarios       : Inf
  existing cuts   : false
options
  solver          : serial mode
  risk measure    : SDDP.Expectation()
  sampling scheme : SDDP.InSampleMonteCarlo
subproblem structure
  VariableRef                             : [3, 3]
  AffExpr in MOI.EqualTo{Float64}         : [1, 1]
  VariableRef in MOI.GreaterThan{Float64} : [1, 1]
numerical stability report
  matrix range     [1e+00, 1e+00]
  objective range  [1e+00, 1e+00]
  bounds range     [0e+00, 0e+00]
  rhs range        [0e+00, 0e+00]
-------------------------------------------------------------------
 iteration    simulation      bound        time (s)     solves  pid
-------------------------------------------------------------------
         1   1.000000e+00  1.500000e+00  1.423836e-03         3   1
         2   1.000000e+00  1.750000e+00  1.430297e-02       217   1
         3   2.000000e+00  1.937500e+00  1.503682e-02       222   1
         4   1.000000e+00  1.968750e+00  1.550794e-02       225   1
         5   1.000000e+00  1.984375e+00  1.597190e-02       228   1
         6   1.000000e+00  1.992188e+00  1.642585e-02       231   1
         7   1.000000e+00  1.996094e+00  1.691484e-02       234   1
         8   2.000000e+00  1.999023e+00  1.759195e-02       239   1
         9   1.000000e+00  1.999512e+00  1.805782e-02       242   1
        10   3.000000e+00  1.999939e+00  1.895595e-02       249   1
        11   1.000000e+00  1.999969e+00  1.943088e-02       252   1
        12   1.000000e+00  1.999985e+00  1.987386e-02       255   1
        13   2.000000e+00  1.999996e+00  2.057481e-02       260   1
        14   6.000000e+00  2.000000e+00  2.212882e-02       273   1
        15   1.000000e+00  2.000000e+00  2.260399e-02       276   1
        16   4.000000e+00  2.000000e+00  2.372479e-02       285   1
        17   1.000000e+00  2.000000e+00  2.418590e-02       288   1
        18   2.000000e+00  2.000000e+00  2.496481e-02       293   1
        19   1.000000e+00  2.000000e+00  2.544284e-02       296   1
        20   3.000000e+00  2.000000e+00  2.634692e-02       303   1
        21   2.000000e+00  2.000000e+00  3.915191e-02       519   1
        22   2.000000e+00  2.000000e+00  3.986287e-02       524   1
        23   1.000000e+00  2.000000e+00  4.034495e-02       527   1
        24   1.000000e+00  2.000000e+00  4.083490e-02       530   1
        25   4.000000e+00  2.000000e+00  4.198194e-02       539   1
        26   1.000000e+00  2.000000e+00  4.246593e-02       542   1
        27   2.000000e+00  2.000000e+00  4.316092e-02       547   1
        28   1.000000e+00  2.000000e+00  4.363394e-02       550   1
        29   1.000000e+00  2.000000e+00  4.410195e-02       553   1
        30   1.000000e+00  2.000000e+00  4.458380e-02       556   1
        31   1.000000e+00  2.000000e+00  4.505992e-02       559   1
        32   2.000000e+00  2.000000e+00  4.576492e-02       564   1
        33   2.000000e+00  2.000000e+00  4.652381e-02       569   1
        34   1.000000e+00  2.000000e+00  4.703689e-02       572   1
        35   2.000000e+00  2.000000e+00  4.782200e-02       577   1
        36   2.000000e+00  2.000000e+00  4.866099e-02       582   1
        37   1.000000e+00  2.000000e+00  4.921389e-02       585   1
        38   1.000000e+00  2.000000e+00  4.976678e-02       588   1
        39   1.000000e+00  2.000000e+00  5.032992e-02       591   1
        40   5.000000e+00  2.000000e+00  5.227900e-02       602   1
-------------------------------------------------------------------
status         : simulation_stopping
total time (s) : 5.227900e-02
total solves   : 602
best bound     :  2.000000e+00
simulation ci  :  1.750000e+00 ± 3.696922e-01
numeric issues : 0
-------------------------------------------------------------------

-------------------------------------------------------------------
         SDDP.jl (c) Oscar Dowson and contributors, 2017-23
-------------------------------------------------------------------
problem
  nodes           : 3
  state variables : 1
  scenarios       : 8.51840e+04
  existing cuts   : false
options
  solver          : serial mode
  risk measure    : SDDP.Expectation()
  sampling scheme : SDDP.InSampleMonteCarlo
subproblem structure
  VariableRef                             : [6, 6]
  AffExpr in MOI.EqualTo{Float64}         : [1, 3]
  AffExpr in MOI.LessThan{Float64}        : [2, 2]
  VariableRef in MOI.GreaterThan{Float64} : [3, 4]
  VariableRef in MOI.LessThan{Float64}    : [3, 3]
numerical stability report
  matrix range     [8e-01, 2e+00]
  objective range  [1e+00, 2e+00]
  bounds range     [1e+00, 1e+02]
  rhs range        [5e+01, 5e+01]
-------------------------------------------------------------------
 iteration    simulation      bound        time (s)     solves  pid
-------------------------------------------------------------------
        10   3.750000e+00  8.126146e+00  2.426939e-01      1650   1
        20   4.293750e+00  4.124986e+00  4.004841e-01      3000   1
        30   3.325000e+00  4.110817e+00  5.130949e-01      4350   1
        40   3.125000e+00  4.092645e+00  6.402850e-01      5700   1
        50   4.525000e+00  4.091479e+00  8.270960e-01      7350   1
        60   4.012500e+00  4.091066e+00  9.694221e-01      8700   1
        70   3.812500e+00  4.088157e+00  1.114233e+00     10050   1
        80   3.525000e+00  4.087831e+00  1.318688e+00     11700   1
        90   5.125000e+00  4.087087e+00  1.472146e+00     13050   1
       100   4.987500e+00  4.086806e+00  1.680644e+00     14700   1
       110   4.681250e+00  4.086742e+00  1.833592e+00     16050   1
       120   3.968750e+00  4.086728e+00  1.994461e+00     17400   1
       130   4.575000e+00  4.086624e+00  2.155859e+00     18750   1
       140   4.343750e+00  4.086485e+00  2.327953e+00     20100   1
       150   3.312500e+00  4.086470e+00  2.488509e+00     21450   1
       160   3.375000e+00  4.086085e+00  2.662200e+00     22800   1
       170   4.350000e+00  4.085963e+00  2.834921e+00     24150   1
       180   5.437500e+00  4.085950e+00  3.004177e+00     25500   1
       190   3.681250e+00  4.085803e+00  3.180555e+00     26850   1
       200   3.437500e+00  4.085762e+00  3.417894e+00     28500   1
       210   3.725000e+00  4.085693e+00  3.598902e+00     29850   1
       220   3.637500e+00  4.085688e+00  3.835927e+00     31200   1
       230   3.937500e+00  4.085656e+00  4.009690e+00     32550   1
       240   4.687500e+00  4.085643e+00  4.182698e+00     33900   1
       250   4.875000e+00  4.085514e+00  4.371472e+00     35250   1
       260   4.056250e+00  4.085508e+00  4.562767e+00     36600   1
       270   3.437500e+00  4.085498e+00  4.743755e+00     37950   1
       280   3.975000e+00  4.085492e+00  4.947578e+00     39300   1
       290   3.375000e+00  4.085487e+00  5.127139e+00     40650   1
       300   5.450000e+00  4.085157e+00  5.371935e+00     42300   1
       310   3.643750e+00  4.085101e+00  5.564085e+00     43650   1
       320   3.612500e+00  4.085007e+00  5.760748e+00     45000   1
       330   4.375000e+00  4.085007e+00  5.941296e+00     46350   1
       340   4.900000e+00  4.085007e+00  6.130660e+00     47700   1
       350   4.187500e+00  4.085001e+00  6.325242e+00     49050   1
       360   4.462500e+00  4.084947e+00  6.529800e+00     50400   1
       370   2.900000e+00  4.084861e+00  6.728640e+00     51750   1
       380   4.668750e+00  4.084861e+00  6.912510e+00     53100   1
       390   4.068750e+00  4.084859e+00  7.100591e+00     54450   1
       400   3.625000e+00  4.084859e+00  7.378177e+00     56100   1
       410   5.625000e+00  4.084859e+00  7.584607e+00     57450   1
       420   3.862500e+00  4.084859e+00  7.790737e+00     58800   1
       430   5.331250e+00  4.084859e+00  8.067734e+00     60150   1
       440   4.475000e+00  4.084859e+00  8.280247e+00     61500   1
       450   3.787500e+00  4.084859e+00  8.484905e+00     62850   1
       460   4.125000e+00  4.084859e+00  8.691655e+00     64200   1
       470   3.525000e+00  4.084859e+00  8.898741e+00     65550   1
       480   3.250000e+00  4.084859e+00  9.110499e+00     66900   1
       490   5.875000e+00  4.084859e+00  9.327440e+00     68250   1
       500   2.625000e+00  4.084846e+00  9.608106e+00     69900   1
       510   4.612500e+00  4.084846e+00  9.821203e+00     71250   1
       520   3.062500e+00  4.084841e+00  1.004028e+01     72600   1
       530   4.100000e+00  4.084838e+00  1.027089e+01     73950   1
       540   3.000000e+00  4.084836e+00  1.048140e+01     75300   1
       550   3.968750e+00  4.084836e+00  1.069045e+01     76650   1
       560   3.875000e+00  4.084834e+00  1.090441e+01     78000   1
       570   4.625000e+00  4.084834e+00  1.110956e+01     79350   1
       580   4.075000e+00  4.084834e+00  1.132327e+01     80700   1
       590   3.162500e+00  4.084834e+00  1.154005e+01     82050   1
       600   3.600000e+00  4.084833e+00  1.184618e+01     83700   1
       610   4.843750e+00  4.084833e+00  1.206405e+01     85050   1
       620   2.718750e+00  4.084831e+00  1.235031e+01     86400   1
       630   4.875000e+00  4.084831e+00  1.258852e+01     87750   1
       640   4.800000e+00  4.084831e+00  1.281036e+01     89100   1
       650   4.187500e+00  4.084831e+00  1.304037e+01     90450   1
       660   4.468750e+00  4.084831e+00  1.327272e+01     91800   1
       670   4.293750e+00  4.084831e+00  1.350466e+01     93150   1
       680   2.906250e+00  4.084831e+00  1.373832e+01     94500   1
       690   3.562500e+00  4.084831e+00  1.396499e+01     95850   1
       700   3.275000e+00  4.084831e+00  1.428400e+01     97500   1
       710   4.125000e+00  4.084831e+00  1.453197e+01     98850   1
       720   4.168750e+00  4.084831e+00  1.477293e+01    100200   1
       730   3.000000e+00  4.084831e+00  1.501086e+01    101550   1
       740   3.843750e+00  4.084831e+00  1.524401e+01    102900   1
       750   3.687500e+00  4.084831e+00  1.548100e+01    104250   1
       760   4.543750e+00  4.084831e+00  1.570901e+01    105600   1
       770   4.275000e+00  4.084831e+00  1.595081e+01    106950   1
       780   3.875000e+00  4.084831e+00  1.617683e+01    108300   1
       790   3.300000e+00  4.084831e+00  1.641422e+01    109650   1
       800   3.625000e+00  4.084822e+00  1.673600e+01    111300   1
       810   3.500000e+00  4.084817e+00  1.702174e+01    112650   1
       820   2.993750e+00  4.084817e+00  1.724530e+01    114000   1
       830   3.250000e+00  4.084817e+00  1.746657e+01    115350   1
       840   4.875000e+00  4.084817e+00  1.769590e+01    116700   1
       850   4.168750e+00  4.084813e+00  1.793433e+01    118050   1
       860   3.750000e+00  4.084813e+00  1.816888e+01    119400   1
       870   3.675000e+00  4.084808e+00  1.840806e+01    120750   1
       880   4.700000e+00  4.084808e+00  1.864974e+01    122100   1
       890   4.250000e+00  4.084808e+00  1.888546e+01    123450   1
       900   4.125000e+00  4.084803e+00  1.921232e+01    125100   1
       910   4.375000e+00  4.084803e+00  1.946549e+01    126450   1
       920   4.812500e+00  4.084803e+00  1.969578e+01    127800   1
       930   4.218750e+00  4.084803e+00  1.992606e+01    129150   1
-------------------------------------------------------------------
status         : time_limit
total time (s) : 2.000187e+01
total solves   : 129555
best bound     :  4.084803e+00
simulation ci  :  4.059224e+00 ± 4.725384e-02
numeric issues : 0
-------------------------------------------------------------------

-------------------------------------------------------------------
         SDDP.jl (c) Oscar Dowson and contributors, 2017-23
-------------------------------------------------------------------
problem
  nodes           : 3
  state variables : 1
  scenarios       : 8.51840e+04
  existing cuts   : false
options
  solver          : serial mode
  risk measure    : SDDP.Expectation()
  sampling scheme : SDDP.InSampleMonteCarlo
subproblem structure
  VariableRef                             : [6, 6]
  AffExpr in MOI.EqualTo{Float64}         : [1, 3]
  AffExpr in MOI.LessThan{Float64}        : [2, 2]
  VariableRef in MOI.GreaterThan{Float64} : [3, 4]
  VariableRef in MOI.LessThan{Float64}    : [3, 3]
numerical stability report
  matrix range     [8e-01, 2e+00]
  objective range  [1e+00, 2e+00]
  bounds range     [1e+00, 1e+02]
  rhs range        [5e+01, 5e+01]
-------------------------------------------------------------------
 iteration    simulation      bound        time (s)     solves  pid
-------------------------------------------------------------------
        10   4.000000e+00  4.620274e+00  3.051910e-01      1650   1
        20   5.375000e+00  4.057647e+00  8.216190e-01      3000   1
        30   4.125000e+00  4.054604e+00  1.812193e+00      4650   1
        40   4.412500e+00  4.048513e+00  2.649613e+00      6000   1
        50   3.125000e+00  4.048221e+00  4.186804e+00      7650   1
        60   2.862500e+00  4.043944e+00  5.343408e+00      9000   1
        70   3.562500e+00  4.040713e+00  7.248235e+00     10650   1
        80   4.762500e+00  4.038086e+00  8.622776e+00     12000   1
        90   3.481250e+00  4.037743e+00  1.089202e+01     13650   1
       100   3.975000e+00  4.037621e+00  1.278180e+01     15000   1
       110   5.250000e+00  4.037619e+00  1.460015e+01     16350   1
       120   4.068750e+00  4.037608e+00  1.667093e+01     17700   1
       130   3.800000e+00  4.037462e+00  1.877588e+01     19050   1
-------------------------------------------------------------------
status         : time_limit
total time (s) : 2.019829e+01
total solves   : 19860
best bound     :  4.037452e+00
simulation ci  :  4.059239e+00 ± 1.278436e-01
numeric issues : 0
-------------------------------------------------------------------

-------------------------------------------------------------------
         SDDP.jl (c) Oscar Dowson and contributors, 2017-23
-------------------------------------------------------------------
problem
  nodes           : 8
  state variables : 1
  scenarios       : 1.00000e+08
  existing cuts   : false
options
  solver          : serial mode
  risk measure    : SDDP.Expectation()
  sampling scheme : SDDP.InSampleMonteCarlo
subproblem structure
  VariableRef                             : [7, 7]
  AffExpr in MOI.EqualTo{Float64}         : [1, 1]
  AffExpr in MOI.GreaterThan{Float64}     : [2, 2]
  VariableRef in MOI.GreaterThan{Float64} : [4, 4]
  VariableRef in MOI.LessThan{Float64}    : [1, 2]
  VariableRef in MOI.ZeroOne              : [1, 1]
numerical stability report
  matrix range     [1e+00, 2e+00]
  objective range  [5e-01, 1e+00]
  bounds range     [1e+00, 1e+00]
  rhs range        [1e+00, 1e+00]
-------------------------------------------------------------------
 iteration    simulation      bound        time (s)     solves  pid
-------------------------------------------------------------------
        10   3.611456e+00  1.163472e+00  4.295561e-01      1680   1
        20   2.914138e+00  1.164572e+00  5.424302e-01      2560   1
        30   3.286884e+00  1.164572e+00  9.794650e-01      4240   1
        40   3.253084e+00  1.164617e+00  1.101706e+00      5120   1
        50   3.385043e+00  1.166901e+00  1.553485e+00      6800   1
        60   3.265229e+00  1.166901e+00  1.712845e+00      7680   1
        70   3.077959e+00  1.166901e+00  2.141720e+00      9360   1
        80   4.158226e+00  1.167155e+00  2.265773e+00     10240   1
        90   3.074136e+00  1.167349e+00  2.702457e+00     11920   1
       100   2.550264e+00  1.167410e+00  2.832617e+00     12800   1
       110   2.585905e+00  1.167410e+00  2.961538e+00     13680   1
       120   3.122685e+00  1.167410e+00  3.098373e+00     14560   1
       130   3.130992e+00  1.167410e+00  3.238276e+00     15440   1
       140   3.022026e+00  1.167410e+00  3.382238e+00     16320   1
       150   2.865937e+00  1.167410e+00  3.528865e+00     17200   1
       160   3.027623e+00  1.167410e+00  3.677448e+00     18080   1
       170   3.872916e+00  1.167416e+00  3.832167e+00     18960   1
       180   2.912230e+00  1.167416e+00  3.995313e+00     19840   1
-------------------------------------------------------------------
status         : simulation_stopping
total time (s) : 4.140034e+00
total solves   : 20280
best bound     :  1.167416e+00
simulation ci  :  3.214499e+00 ± 6.135095e-02
numeric issues : 0
-------------------------------------------------------------------

-------------------------------------------------------------------
         SDDP.jl (c) Oscar Dowson and contributors, 2017-23
-------------------------------------------------------------------
problem
  nodes           : 2
  state variables : 2
  scenarios       : 4.00000e+00
  existing cuts   : false
options
  solver          : serial mode
  risk measure    : SDDP.Expectation()
  sampling scheme : SDDP.InSampleMonteCarlo
subproblem structure
  VariableRef                             : [7, 11]
  AffExpr in MOI.EqualTo{Float64}         : [2, 2]
  AffExpr in MOI.LessThan{Float64}        : [2, 2]
  VariableRef in MOI.GreaterThan{Float64} : [5, 7]
  VariableRef in MOI.Integer              : [2, 2]
  VariableRef in MOI.LessThan{Float64}    : [4, 7]
  VariableRef in MOI.ZeroOne              : [4, 4]
numerical stability report
  matrix range     [1e+00, 6e+00]
  objective range  [1e+00, 3e+01]
  bounds range     [1e+00, 1e+02]
  rhs range        [0e+00, 0e+00]
-------------------------------------------------------------------
 iteration    simulation      bound        time (s)     solves  pid
-------------------------------------------------------------------
        10  -9.800000e+01 -5.809615e+01  5.112290e-02        78   1
        20  -4.700000e+01 -5.809615e+01  1.078429e-01       148   1
        30  -4.700000e+01 -5.809615e+01  1.737580e-01       226   1
        40  -9.800000e+01 -5.809615e+01  2.308609e-01       296   1
-------------------------------------------------------------------
status         : simulation_stopping
total time (s) : 2.308609e-01
total solves   : 296
best bound     : -5.809615e+01
simulation ci  : -5.786250e+01 ± 8.413684e+00
numeric issues : 0
-------------------------------------------------------------------

-------------------------------------------------------------------
         SDDP.jl (c) Oscar Dowson and contributors, 2017-23
-------------------------------------------------------------------
problem
  nodes           : 2
  state variables : 2
  scenarios       : 9.00000e+00
  existing cuts   : false
options
  solver          : serial mode
  risk measure    : SDDP.Expectation()
  sampling scheme : SDDP.InSampleMonteCarlo
subproblem structure
  VariableRef                             : [7, 11]
  AffExpr in MOI.EqualTo{Float64}         : [2, 2]
  AffExpr in MOI.LessThan{Float64}        : [2, 2]
  VariableRef in MOI.GreaterThan{Float64} : [5, 7]
  VariableRef in MOI.Integer              : [2, 2]
  VariableRef in MOI.LessThan{Float64}    : [4, 7]
  VariableRef in MOI.ZeroOne              : [4, 4]
numerical stability report
  matrix range     [1e+00, 6e+00]
  objective range  [1e+00, 3e+01]
  bounds range     [1e+00, 1e+02]
  rhs range        [0e+00, 0e+00]
-------------------------------------------------------------------
 iteration    simulation      bound        time (s)     solves  pid
-------------------------------------------------------------------
        10  -9.800000e+01 -6.196125e+01  5.827999e-02       138   1
        20  -4.700000e+01 -6.196125e+01  1.144009e-01       258   1
        30  -8.200000e+01 -6.196125e+01  1.912379e-01       396   1
        40  -6.300000e+01 -6.196125e+01  2.492769e-01       516   1
-------------------------------------------------------------------
status         : simulation_stopping
total time (s) : 2.492769e-01
total solves   : 516
best bound     : -6.196125e+01
simulation ci  : -5.838750e+01 ± 6.784967e+00
numeric issues : 0
-------------------------------------------------------------------

-------------------------------------------------------------------
         SDDP.jl (c) Oscar Dowson and contributors, 2017-23
-------------------------------------------------------------------
problem
  nodes           : 2
  state variables : 2
  scenarios       : 3.60000e+01
  existing cuts   : false
options
  solver          : serial mode
  risk measure    : SDDP.Expectation()
  sampling scheme : SDDP.InSampleMonteCarlo
subproblem structure
  VariableRef                             : [7, 11]
  AffExpr in MOI.EqualTo{Float64}         : [2, 2]
  AffExpr in MOI.LessThan{Float64}        : [2, 2]
  VariableRef in MOI.GreaterThan{Float64} : [5, 7]
  VariableRef in MOI.Integer              : [2, 2]
  VariableRef in MOI.LessThan{Float64}    : [4, 7]
  VariableRef in MOI.ZeroOne              : [4, 4]
numerical stability report
  matrix range     [1e+00, 6e+00]
  objective range  [1e+00, 3e+01]
  bounds range     [1e+00, 1e+02]
  rhs range        [0e+00, 0e+00]
-------------------------------------------------------------------
 iteration    simulation      bound        time (s)     solves  pid
-------------------------------------------------------------------
        10  -7.500000e+01 -6.546793e+01  9.497881e-02       462   1
        20  -8.200000e+01 -6.546793e+01  1.690559e-01       852   1
        30  -5.400000e+01 -6.546793e+01  3.091059e-01      1314   1
        40  -5.900000e+01 -6.546793e+01  3.845930e-01      1704   1
-------------------------------------------------------------------
status         : simulation_stopping
total time (s) : 3.845930e-01
total solves   : 1704
best bound     : -6.546793e+01
simulation ci  : -6.031250e+01 ± 5.256268e+00
numeric issues : 0
-------------------------------------------------------------------

-------------------------------------------------------------------
         SDDP.jl (c) Oscar Dowson and contributors, 2017-23
-------------------------------------------------------------------
problem
  nodes           : 3
  state variables : 2
  scenarios       : 2.70000e+01
  existing cuts   : false
options
  solver          : serial mode
  risk measure    : SDDP.Expectation()
  sampling scheme : SDDP.InSampleMonteCarlo
subproblem structure
  VariableRef                             : [9, 9]
  AffExpr in MOI.EqualTo{Float64}         : [2, 2]
  AffExpr in MOI.LessThan{Float64}        : [2, 2]
  VariableRef in MOI.GreaterThan{Float64} : [2, 3]
  VariableRef in MOI.LessThan{Float64}    : [3, 3]
  VariableRef in MOI.ZeroOne              : [4, 4]
numerical stability report
  matrix range     [1e+00, 1e+00]
  objective range  [1e+00, 6e+00]
  bounds range     [1e+00, 1e+02]
  rhs range        [0e+00, 0e+00]
-------------------------------------------------------------------
 iteration    simulation      bound        time (s)     solves  pid
-------------------------------------------------------------------
         1L  6.000000e+00  1.200000e+01  1.059761e-01        11   1
         2L  1.200000e+01  8.777778e+00  1.316490e-01       103   1
         3L  6.000000e+00  8.777778e+00  1.424792e-01       114   1
         4L  1.200000e+01  8.777778e+00  1.533151e-01       125   1
         5L  9.000000e+00  8.777778e+00  1.667991e-01       136   1
         6L  1.200000e+01  8.777778e+00  1.795251e-01       147   1
         7L  9.000000e+00  8.333333e+00  1.903732e-01       158   1
         8L  6.000000e+00  8.000000e+00  2.010031e-01       169   1
         9L  1.200000e+01  8.000000e+00  2.116060e-01       180   1
        10L  1.200000e+01  8.000000e+00  2.222211e-01       191   1
        11L  1.200000e+01  8.000000e+00  2.341950e-01       202   1
        12L  6.000000e+00  8.000000e+00  2.449081e-01       213   1
        13L  6.000000e+00  8.000000e+00  2.562461e-01       224   1
        14L  6.000000e+00  8.000000e+00  2.669861e-01       235   1
        15L  6.000000e+00  8.000000e+00  2.783771e-01       246   1
        16L  1.200000e+01  8.000000e+00  2.903130e-01       257   1
        17L  6.000000e+00  8.000000e+00  3.016820e-01       268   1
        18L  1.200000e+01  8.000000e+00  3.124142e-01       279   1
        19L  1.200000e+01  8.000000e+00  3.243432e-01       290   1
        20L  6.000000e+00  8.000000e+00  3.363571e-01       301   1
        21L  6.000000e+00  8.000000e+00  3.821971e-01       393   1
        22L  6.000000e+00  8.000000e+00  3.942142e-01       404   1
        23L  1.200000e+01  8.000000e+00  4.056642e-01       415   1
        24L  1.200000e+01  8.000000e+00  4.171472e-01       426   1
        25L  1.200000e+01  8.000000e+00  4.280500e-01       437   1
        26L  6.000000e+00  8.000000e+00  4.395111e-01       448   1
        27L  1.200000e+01  8.000000e+00  4.509790e-01       459   1
        28L  6.000000e+00  8.000000e+00  4.624882e-01       470   1
        29L  1.200000e+01  8.000000e+00  4.734941e-01       481   1
        30L  1.200000e+01  8.000000e+00  4.857900e-01       492   1
        31L  6.000000e+00  8.000000e+00  4.981720e-01       503   1
        32L  6.000000e+00  8.000000e+00  5.099761e-01       514   1
        33L  6.000000e+00  8.000000e+00  5.216951e-01       525   1
        34L  6.000000e+00  8.000000e+00  5.334401e-01       536   1
        35L  6.000000e+00  8.000000e+00  5.458002e-01       547   1
        36L  6.000000e+00  8.000000e+00  5.576420e-01       558   1
        37L  6.000000e+00  8.000000e+00  5.695961e-01       569   1
        38L  6.000000e+00  8.000000e+00  5.815520e-01       580   1
        39L  6.000000e+00  8.000000e+00  5.928640e-01       591   1
        40L  6.000000e+00  8.000000e+00  6.048391e-01       602   1
-------------------------------------------------------------------
status         : simulation_stopping
total time (s) : 6.048391e-01
total solves   : 602
best bound     :  8.000000e+00
simulation ci  :  8.400000e+00 ± 8.981848e-01
numeric issues : 0
-------------------------------------------------------------------

-------------------------------------------------------------------
         SDDP.jl (c) Oscar Dowson and contributors, 2017-23
-------------------------------------------------------------------
problem
  nodes           : 2
  state variables : 3
  scenarios       : 3.00000e+00
  existing cuts   : false
options
  solver          : serial mode
  risk measure    : SDDP.Expectation()
  sampling scheme : SDDP.InSampleMonteCarlo
subproblem structure
  VariableRef                             : [7, 19]
  AffExpr in MOI.EqualTo{Float64}         : [3, 3]
  AffExpr in MOI.GreaterThan{Float64}     : [3, 3]
  AffExpr in MOI.LessThan{Float64}        : [1, 1]
  VariableRef in MOI.GreaterThan{Float64} : [3, 16]
  VariableRef in MOI.LessThan{Float64}    : [1, 2]
numerical stability report
  matrix range     [1e+00, 2e+01]
  objective range  [1e+00, 1e+03]
  bounds range     [6e+03, 5e+05]
  rhs range        [2e+02, 5e+02]
-------------------------------------------------------------------
 iteration    simulation      bound        time (s)     solves  pid
-------------------------------------------------------------------
         1  -9.800000e+04  4.922260e+05  1.078141e-01         6   1
         2  -8.424600e+04  1.320000e+05  1.089411e-01        12   1
         3   4.800000e+04  1.290000e+05  1.097889e-01        18   1
         4   4.840000e+04  1.268139e+05  1.108019e-01        24   1
         5   1.332391e+05  1.219636e+05  1.115251e-01        30   1
         6   1.550000e+05  1.121210e+05  1.124859e-01        36   1
         7   1.121210e+05  1.104195e+05  1.134601e-01        42   1
         8   1.616316e+05  1.095042e+05  1.142890e-01        48   1
         9   5.125161e+04  1.088611e+05  1.151679e-01        54   1
        10   1.665556e+05  1.088021e+05  1.159670e-01        60   1
        11   1.093355e+05  1.083900e+05  1.169999e-01        66   1
        12   1.670000e+05  1.083900e+05  1.180770e-01        72   1
        13   1.093500e+05  1.083900e+05  1.191769e-01        78   1
        14   1.093500e+05  1.083900e+05  1.202729e-01        84   1
        15   1.093500e+05  1.083900e+05  1.213801e-01        90   1
        16   4.882000e+04  1.083900e+05  1.225181e-01        96   1
        17   1.093500e+05  1.083900e+05  1.236169e-01       102   1
        18   4.882000e+04  1.083900e+05  1.247220e-01       108   1
        19   4.882000e+04  1.083900e+05  1.258290e-01       114   1
        20   1.670000e+05  1.083900e+05  1.269739e-01       120   1
-------------------------------------------------------------------
status         : iteration_limit
total time (s) : 1.269739e-01
total solves   : 120
best bound     :  1.083900e+05
simulation ci  :  8.605742e+04 ± 3.285613e+04
numeric issues : 0
-------------------------------------------------------------------

