-------------------------------------------------------------------
         SDDP.jl (c) Oscar Dowson and contributors, 2017-23
-------------------------------------------------------------------
problem
  nodes           : 3
  state variables : 1
  scenarios       : 1.33100e+03
  existing cuts   : true
options
  solver          : serial mode
  risk measure    : SDDP.Expectation()
  sampling scheme : SDDP.InSampleMonteCarlo
subproblem structure
  VariableRef                             : [9, 9]
  AffExpr in MOI.EqualTo{Float64}         : [2, 4]
  AffExpr in MOI.GreaterThan{Float64}     : [3, 19]
  VariableRef in MOI.EqualTo{Float64}     : [1, 1]
  VariableRef in MOI.GreaterThan{Float64} : [8, 8]
  VariableRef in MOI.LessThan{Float64}    : [5, 6]
-------------------------------------------------------------------
 iteration    simulation      bound        time (s)     solves  pid
-------------------------------------------------------------------
         1   1.887500e+02  1.995243e+02  3.357887e-03      1149   1
         2   1.753930e+02  1.999460e+02  6.889105e-03      1185   1
         3   1.035576e+02  2.002992e+02  1.017189e-02      1221   1
         4   1.575000e+02  2.036148e+02  1.403093e-02      1257   1
         5   1.562500e+02  2.051277e+02  1.744509e-02      1293   1
         6   1.962500e+02  2.052517e+02  2.133703e-02      1329   1
         7   2.987500e+02  2.052517e+02  2.522707e-02      1365   1
         8   2.212500e+02  2.052855e+02  2.925897e-02      1401   1
         9   2.462500e+02  2.052855e+02  3.322792e-02      1437   1
        10   2.962500e+02  2.052855e+02  3.721094e-02      1473   1
-------------------------------------------------------------------
status         : iteration_limit
total time (s) : 3.721094e-02
total solves   : 1473
best bound     :  2.052855e+02
simulation ci  :  2.040201e+02 ± 3.876873e+01
numeric issues : 0
-------------------------------------------------------------------

