-------------------------------------------------------------------
         SDDP.jl (c) Oscar Dowson and contributors, 2017-23
-------------------------------------------------------------------
problem
  nodes           : 3
  state variables : 1
  scenarios       : 1.33100e+03
  existing cuts   : true
options
  solver          : serial mode
  risk measure    : SDDP.Expectation()
  sampling scheme : SDDP.InSampleMonteCarlo
subproblem structure
  VariableRef                             : [9, 9]
  AffExpr in MOI.EqualTo{Float64}         : [2, 4]
  AffExpr in MOI.GreaterThan{Float64}     : [3, 25]
  VariableRef in MOI.EqualTo{Float64}     : [1, 1]
  VariableRef in MOI.GreaterThan{Float64} : [8, 8]
  VariableRef in MOI.LessThan{Float64}    : [5, 6]
-------------------------------------------------------------------
 iteration    simulation      bound        time (s)     solves  pid
-------------------------------------------------------------------
         1   3.737500e+02  4.626061e+02  4.166842e-03      1520   1
         2   3.333333e+02  4.628015e+02  8.286953e-03      1556   1
         3   7.150000e+02  4.650660e+02  1.238799e-02      1592   1
         4   2.950000e+02  4.652274e+02  1.640987e-02      1628   1
         5   4.425000e+02  4.652614e+02  2.097297e-02      1664   1
         6   2.950000e+02  4.652614e+02  2.549791e-02      1700   1
         7   4.850000e+02  4.654624e+02  3.012896e-02      1736   1
         8   2.387500e+02  4.656172e+02  3.441501e-02      1772   1
         9   4.840423e+02  4.656602e+02  3.873801e-02      1808   1
        10   2.450000e+02  4.658509e+02  4.307699e-02      1844   1
-------------------------------------------------------------------
status         : iteration_limit
total time (s) : 4.307699e-02
total solves   : 1844
best bound     :  4.658509e+02
simulation ci  :  3.907376e+02 ± 9.045105e+01
numeric issues : 0
-------------------------------------------------------------------

