-------------------------------------------------------------------
         SDDP.jl (c) Oscar Dowson and contributors, 2017-24
-------------------------------------------------------------------
problem
  nodes           : 30
  state variables : 5
  scenarios       : 9.49219e+11
  existing cuts   : false
options
  solver          : serial mode
  risk measure    : A convex combination of 0.5 * SDDP.Expectation() + 0.5 * SDDP.AVaR(0.25)
  sampling scheme : SDDP.SimulatorSamplingScheme{typeof(Main.__atexample__named__example_milk_producer.simulator)}
subproblem structure
  VariableRef                             : [15, 15]
  AffExpr in MOI.EqualTo{Float64}         : [5, 5]
  VariableRef in MOI.GreaterThan{Float64} : [8, 9]
  VariableRef in MOI.LessThan{Float64}    : [4, 4]
numerical stability report
  matrix range     [1e+00, 1e+00]
  objective range  [1e+00, 1e+01]
  bounds range     [2e+00, 1e+02]
  rhs range        [0e+00, 0e+00]
-------------------------------------------------------------------
 iteration    simulation      bound        time (s)     solves  pid
-------------------------------------------------------------------
         1  -3.046519e+01  3.267718e+01  1.251979e+00       132   1
        69   1.001548e+01  7.682946e+00  2.264426e+00      9743   1
       124   7.656795e+00  7.617355e+00  3.274958e+00     17543   1
       170   9.406017e+00  7.614538e+00  4.277284e+00     24030   1
       215   1.003550e+01  7.610979e+00  5.300910e+00     30430   1
       252   1.351375e+01  7.608482e+00  6.315508e+00     35714   1
       287   1.023466e+01  7.601848e+00  7.319744e+00     40724   1
       324   7.097595e+00  7.601549e+00  8.339034e+00     46023   1
       356   8.874196e+00  7.601452e+00  9.364529e+00     50697   1
       499   9.287207e+00  7.600979e+00  1.437043e+01     71263   1
       629   7.790087e+00  7.600656e+00  1.938328e+01     89658   1
       645   9.910287e+00  7.600361e+00  2.002643e+01     91855   1
-------------------------------------------------------------------
status         : time_limit
total time (s) : 2.002643e+01
total solves   : 91855
best bound     :  7.600361e+00
simulation ci  :  8.762852e+00 ± 2.777135e-01
numeric issues : 0
-------------------------------------------------------------------

-------------------------------------------------------------------
         SDDP.jl (c) Oscar Dowson and contributors, 2017-24
-------------------------------------------------------------------
problem
  nodes           : 2
  state variables : 1
  scenarios       : 1.00000e+02
  existing cuts   : false
options
  solver          : serial mode
  risk measure    : SDDP.Expectation()
  sampling scheme : SDDP.InSampleMonteCarlo
subproblem structure
  VariableRef                             : [4, 4]
  AffExpr in MOI.EqualTo{Float64}         : [1, 1]
  AffExpr in MOI.LessThan{Float64}        : [1, 1]
  VariableRef in MOI.GreaterThan{Float64} : [2, 3]
  VariableRef in MOI.LessThan{Float64}    : [1, 1]
numerical stability report
  matrix range     [1e+00, 1e+00]
  objective range  [1e-01, 5e+00]
  bounds range     [2e+02, 1e+03]
  rhs range        [0e+00, 0e+00]
-------------------------------------------------------------------
 iteration    simulation      bound        time (s)     solves  pid
-------------------------------------------------------------------
         1   0.000000e+00  7.326979e+02  6.211042e-03       103   1
         2   2.866290e+02  6.012022e+02  2.276301e-02       406   1
         3   4.941799e+02  5.651609e+02  2.724791e-02       509   1
         4   4.994825e+02  5.593222e+02  3.174496e-02       612   1
         5   3.809475e+02  5.570826e+02  3.628802e-02       715   1
         6   5.070989e+02  5.564463e+02  4.078507e-02       818   1
         7   6.197311e+02  5.563282e+02  4.528904e-02       921   1
         8   4.838753e+02  5.563193e+02  4.989696e-02      1024   1
         9   5.893206e+02  5.563193e+02  5.454397e-02      1127   1
        10   4.817843e+02  5.563193e+02  5.921292e-02      1230   1
        11   5.231282e+02  5.563193e+02  6.385207e-02      1333   1
        12   4.512421e+02  5.563193e+02  6.854200e-02      1436   1
        13   5.756574e+02  5.563193e+02  7.316399e-02      1539   1
        14   5.561426e+02  5.563193e+02  7.793403e-02      1642   1
        15   5.893206e+02  5.563193e+02  8.256888e-02      1745   1
        16   6.189102e+02  5.563193e+02  8.721495e-02      1848   1
        17   5.221465e+02  5.563193e+02  9.189296e-02      1951   1
        18   6.189102e+02  5.563193e+02  9.663010e-02      2054   1
        19   6.189102e+02  5.563193e+02  1.013610e-01      2157   1
        20   4.817843e+02  5.563193e+02  1.061850e-01      2260   1
        21   4.911302e+02  5.563193e+02  1.249969e-01      2563   1
        22   5.991059e+02  5.563193e+02  1.297309e-01      2666   1
        23   5.221465e+02  5.563193e+02  1.344111e-01      2769   1
        24   5.671271e+02  5.563193e+02  1.391129e-01      2872   1
        25   5.308532e+02  5.563193e+02  1.438260e-01      2975   1
        26   5.026114e+02  5.563193e+02  1.485341e-01      3078   1
        27   4.226286e+02  5.563193e+02  1.532180e-01      3181   1
        28   4.788986e+02  5.563193e+02  1.579671e-01      3284   1
        29   6.189102e+02  5.563193e+02  1.626909e-01      3387   1
        30   6.189102e+02  5.563193e+02  1.674190e-01      3490   1
        31   6.189102e+02  5.563193e+02  1.721530e-01      3593   1
        32   4.621656e+02  5.563193e+02  1.768630e-01      3696   1
        33   6.189102e+02  5.563193e+02  1.815920e-01      3799   1
        34   6.189102e+02  5.563193e+02  1.863520e-01      3902   1
        35   5.231282e+02  5.563193e+02  1.910760e-01      4005   1
        36   6.189102e+02  5.563193e+02  1.958129e-01      4108   1
        37   6.189102e+02  5.563193e+02  2.005670e-01      4211   1
        38   5.671271e+02  5.563193e+02  2.054620e-01      4314   1
        39   4.512421e+02  5.563193e+02  2.102399e-01      4417   1
        40   3.710380e+02  5.563193e+02  2.150149e-01      4520   1
-------------------------------------------------------------------
status         : simulation_stopping
total time (s) : 2.150149e-01
total solves   : 4520
best bound     :  5.563193e+02
simulation ci  :  5.180194e+02 ± 3.610845e+01
numeric issues : 0
-------------------------------------------------------------------

-------------------------------------------------------------------
         SDDP.jl (c) Oscar Dowson and contributors, 2017-24
-------------------------------------------------------------------
problem
  nodes           : 52
  state variables : 1
  scenarios       : 1.00000e+00
  existing cuts   : false
options
  solver          : serial mode
  risk measure    : SDDP.Expectation()
  sampling scheme : SDDP.InSampleMonteCarlo
subproblem structure
  VariableRef                             : [7, 7]
  AffExpr in MOI.EqualTo{Float64}         : [2, 2]
  VariableRef in MOI.EqualTo{Float64}     : [1, 1]
  VariableRef in MOI.GreaterThan{Float64} : [5, 5]
  VariableRef in MOI.LessThan{Float64}    : [2, 3]
numerical stability report
  matrix range     [1e+00, 1e+00]
  objective range  [1e+00, 2e+01]
  bounds range     [1e+01, 3e+02]
  rhs range        [7e+00, 1e+01]
-------------------------------------------------------------------
 iteration    simulation      bound        time (s)     solves  pid
-------------------------------------------------------------------
         1   1.079600e+03  3.157700e+02  4.181504e-02       104   1
        10   6.829100e+02  6.829100e+02  1.356449e-01      1040   1
-------------------------------------------------------------------
status         : iteration_limit
total time (s) : 1.356449e-01
total solves   : 1040
best bound     :  6.829100e+02
simulation ci  :  7.289889e+02 ± 7.726064e+01
numeric issues : 0
-------------------------------------------------------------------

-------------------------------------------------------------------
         SDDP.jl (c) Oscar Dowson and contributors, 2017-24
-------------------------------------------------------------------
problem
  nodes           : 52
  state variables : 1
  scenarios       : 6.46108e+24
  existing cuts   : false
options
  solver          : serial mode
  risk measure    : SDDP.Expectation()
  sampling scheme : SDDP.InSampleMonteCarlo
subproblem structure
  VariableRef                             : [7, 7]
  AffExpr in MOI.EqualTo{Float64}         : [2, 2]
  VariableRef in MOI.GreaterThan{Float64} : [5, 5]
  VariableRef in MOI.LessThan{Float64}    : [2, 3]
numerical stability report
  matrix range     [1e+00, 1e+00]
  objective range  [1e+00, 2e+01]
  bounds range     [1e+01, 3e+02]
  rhs range        [7e+00, 1e+01]
-------------------------------------------------------------------
 iteration    simulation      bound        time (s)     solves  pid
-------------------------------------------------------------------
         1   0.000000e+00  0.000000e+00  4.365516e-02       208   1
        48   2.662000e+02  2.502381e+02  1.062306e+00      9984   1
        89   4.739614e+01  2.660767e+02  2.074633e+00     18512   1
       100   3.834686e+02  2.688378e+02  2.418907e+00     20800   1
-------------------------------------------------------------------
status         : iteration_limit
total time (s) : 2.418907e+00
total solves   : 20800
best bound     :  2.688378e+02
simulation ci  :  3.123942e+02 ± 4.325759e+01
numeric issues : 0
-------------------------------------------------------------------

-------------------------------------------------------------------
         SDDP.jl (c) Oscar Dowson and contributors, 2017-24
-------------------------------------------------------------------
problem
  nodes           : 52
  state variables : 1
  scenarios       : Inf
  existing cuts   : false
options
  solver          : serial mode
  risk measure    : SDDP.Expectation()
  sampling scheme : SDDP.InSampleMonteCarlo
subproblem structure
  VariableRef                             : [7, 7]
  AffExpr in MOI.EqualTo{Float64}         : [2, 2]
  VariableRef in MOI.GreaterThan{Float64} : [5, 5]
  VariableRef in MOI.LessThan{Float64}    : [2, 2]
numerical stability report
  matrix range     [1e+00, 1e+00]
  objective range  [1e+00, 2e+01]
  bounds range     [1e+01, 3e+02]
  rhs range        [7e+00, 1e+01]
-------------------------------------------------------------------
 iteration    simulation      bound        time (s)     solves  pid
-------------------------------------------------------------------
         1   1.780702e+05  7.531437e+04  6.238661e-01      7075   1
         6   2.736014e+05  9.189040e+04  2.528074e+00     27474   1
        10   4.875596e+04  9.280348e+04  3.649500e+00     38302   1
        15   1.379909e+05  9.318342e+04  5.098288e+00     49965   1
        18   2.371089e+04  9.330048e+04  6.104185e+00     58086   1
        21   1.245299e+05  9.334118e+04  7.670318e+00     69327   1
        24   1.100204e+05  9.335329e+04  9.176583e+00     79944   1
        32   3.047760e+05  9.336165e+04  1.558869e+01    116160   1
        40   9.646169e+04  9.337258e+04  2.152183e+01    143848   1
        51   1.685405e+05  9.337610e+04  2.729509e+01    168841   1
        61   2.326039e+05  9.337852e+04  3.430534e+01    196119   1
        66   1.343397e+05  9.337965e+04  3.947715e+01    214854   1
        73   1.596606e+05  9.338133e+04  4.531491e+01    235051   1
        76   7.179117e+04  9.338212e+04  5.047332e+01    250244   1
        80   3.996493e+04  9.338487e+04  5.582770e+01    266688   1
        86   2.268337e+05  9.338618e+04  6.234686e+01    286050   1
        91   3.389824e+05  9.338745e+04  7.177826e+01    313313   1
        99   5.054894e+03  9.338955e+04  7.691182e+01    327689   1
       100   1.911285e+05  9.338973e+04  7.987867e+01    335804   1
-------------------------------------------------------------------
status         : iteration_limit
total time (s) : 7.987867e+01
total solves   : 335804
best bound     :  9.338973e+04
simulation ci  :  7.456817e+04 ± 1.514864e+04
numeric issues : 0
-------------------------------------------------------------------

-------------------------------------------------------------------
         SDDP.jl (c) Oscar Dowson and contributors, 2017-24
-------------------------------------------------------------------
problem
  nodes           : 3
  state variables : 1
  scenarios       : 2.70000e+01
  existing cuts   : false
options
  solver          : serial mode
  risk measure    : SDDP.Expectation()
  sampling scheme : SDDP.InSampleMonteCarlo
subproblem structure
  VariableRef                             : [7, 7]
  AffExpr in MOI.EqualTo{Float64}         : [2, 2]
  VariableRef in MOI.GreaterThan{Float64} : [5, 5]
  VariableRef in MOI.LessThan{Float64}    : [1, 2]
numerical stability report
  matrix range     [1e+00, 1e+00]
  objective range  [1e+00, 2e+02]
  bounds range     [2e+02, 2e+02]
  rhs range        [2e+02, 2e+02]
-------------------------------------------------------------------
 iteration    simulation      bound        time (s)     solves  pid
-------------------------------------------------------------------
         1   1.250000e+04  2.500000e+03  3.603935e-03        12   1
        10   2.500000e+03  8.333333e+03  1.364398e-02       120   1
-------------------------------------------------------------------
status         : iteration_limit
total time (s) : 1.364398e-02
total solves   : 120
best bound     :  8.333333e+03
simulation ci  :  8.500000e+03 ± 2.551348e+03
numeric issues : 0
-------------------------------------------------------------------

-------------------------------------------------------------------
         SDDP.jl (c) Oscar Dowson and contributors, 2017-24
-------------------------------------------------------------------
problem
  nodes           : 11
  state variables : 3
  scenarios       : 1.00000e+10
  existing cuts   : false
options
  solver          : serial mode
  risk measure    : SDDP.Expectation()
  sampling scheme : SDDP.InSampleMonteCarlo
subproblem structure
  VariableRef                             : [9, 9]
  AffExpr in MOI.EqualTo{Float64}         : [2, 2]
  VariableRef in MOI.EqualTo{Float64}     : [1, 2]
  VariableRef in MOI.GreaterThan{Float64} : [4, 5]
  VariableRef in MOI.LessThan{Float64}    : [1, 1]
numerical stability report
  matrix range     [1e+00, 1e+00]
  objective range  [1e+00, 4e+01]
  bounds range     [0e+00, 0e+00]
  rhs range        [0e+00, 0e+00]
-------------------------------------------------------------------
 iteration    simulation      bound        time (s)     solves  pid
-------------------------------------------------------------------
         1   3.671889e+05  4.649757e+04  1.383686e-02       112   1
        64   1.538278e+05  1.446604e+05  7.858779e-01     10468   1
-------------------------------------------------------------------
status         : simulation_stopping
total time (s) : 7.858779e-01
total solves   : 10468
best bound     :  1.446604e+05
simulation ci  :  1.500288e+05 ± 9.893702e+03
numeric issues : 0
-------------------------------------------------------------------

-------------------------------------------------------------------
         SDDP.jl (c) Oscar Dowson and contributors, 2017-24
-------------------------------------------------------------------
problem
  nodes           : 2
  state variables : 3
  scenarios       : Inf
  existing cuts   : false
options
  solver          : serial mode
  risk measure    : SDDP.Expectation()
  sampling scheme : SDDP.InSampleMonteCarlo
subproblem structure
  VariableRef                             : [9, 9]
  AffExpr in MOI.EqualTo{Float64}         : [2, 2]
  VariableRef in MOI.EqualTo{Float64}     : [1, 2]
  VariableRef in MOI.GreaterThan{Float64} : [4, 5]
numerical stability report
  matrix range     [1e+00, 1e+00]
  objective range  [1e+00, 4e+01]
  bounds range     [0e+00, 0e+00]
  rhs range        [0e+00, 0e+00]
-------------------------------------------------------------------
 iteration    simulation      bound        time (s)     solves  pid
-------------------------------------------------------------------
         1   1.000000e+01  1.653070e+04  3.365040e-03        23   1
        39   8.933599e+05  3.107260e+05  1.061975e+00     10764   1
        72   5.092602e+05  3.135559e+05  2.089934e+00     19267   1
        99   3.355612e+05  3.135637e+05  3.099295e+00     25916   1
       118   6.575166e+05  3.135638e+05  4.136749e+00     31842   1
       136   2.219611e+05  3.135638e+05  5.157850e+00     37107   1
       157   1.138406e+06  3.135638e+05  6.296742e+00     42276   1
       170   4.808056e+05  3.135638e+05  7.336887e+00     46887   1
       185   9.136944e+05  3.135638e+05  8.460984e+00     51027   1
       197   6.246278e+05  3.135638e+05  9.608750e+00     54042   1
       238   6.485389e+05  3.135638e+05  1.493969e+01     64126   1
       272   1.287206e+06  3.135638e+05  2.049339e+01     71266   1
       293   2.660500e+05  3.135638e+05  2.562704e+01     76160   1
       300   2.557389e+05  3.135638e+05  2.768407e+01     77927   1
-------------------------------------------------------------------
status         : iteration_limit
total time (s) : 2.768407e+01
total solves   : 77927
best bound     :  3.135638e+05
simulation ci  :  3.601367e+05 ± 3.596807e+04
numeric issues : 0
-------------------------------------------------------------------

-------------------------------------------------------------------
         SDDP.jl (c) Oscar Dowson and contributors, 2017-24
-------------------------------------------------------------------
problem
  nodes           : 5
  state variables : 1
  scenarios       : 1.08000e+02
  existing cuts   : false
options
  solver          : serial mode
  risk measure    : SDDP.Expectation()
  sampling scheme : SDDP.InSampleMonteCarlo
subproblem structure
  VariableRef                             : [7, 7]
  AffExpr in MOI.EqualTo{Float64}         : [2, 2]
  VariableRef in MOI.GreaterThan{Float64} : [5, 5]
  VariableRef in MOI.LessThan{Float64}    : [1, 2]
numerical stability report
  matrix range     [1e+00, 1e+00]
  objective range  [1e+00, 2e+02]
  bounds range     [2e+02, 2e+02]
  rhs range        [2e+02, 2e+02]
-------------------------------------------------------------------
 iteration    simulation      bound        time (s)     solves  pid
-------------------------------------------------------------------
         1   9.375000e+03  1.991887e+03  5.144835e-03        18   1
        40   2.750000e+04  8.072917e+03  1.307769e-01      1320   1
-------------------------------------------------------------------
status         : simulation_stopping
total time (s) : 1.307769e-01
total solves   : 1320
best bound     :  8.072917e+03
simulation ci  :  8.574072e+03 ± 2.333035e+03
numeric issues : 0
-------------------------------------------------------------------

-------------------------------------------------------------------
         SDDP.jl (c) Oscar Dowson and contributors, 2017-24
-------------------------------------------------------------------
problem
  nodes           : 3
  state variables : 1
  scenarios       : 1.00000e+00
  existing cuts   : false
options
  solver          : serial mode
  risk measure    : SDDP.Expectation()
  sampling scheme : SDDP.InSampleMonteCarlo
subproblem structure
  VariableRef                             : [4, 4]
  AffExpr in MOI.EqualTo{Float64}         : [1, 1]
  AffExpr in MOI.LessThan{Float64}        : [1, 1]
  VariableRef in MOI.EqualTo{Float64}     : [1, 1]
  VariableRef in MOI.GreaterThan{Float64} : [2, 3]
  VariableRef in MOI.LessThan{Float64}    : [1, 1]
numerical stability report
  matrix range     [1e+00, 1e+00]
  objective range  [0e+00, 0e+00]
  bounds range     [0e+00, 0e+00]
  rhs range        [0e+00, 0e+00]
-------------------------------------------------------------------
 iteration    simulation      bound        time (s)     solves  pid
-------------------------------------------------------------------
         1   2.499895e+01  1.562631e+00  1.612496e-02         6   1
        40   8.333333e+00  8.333333e+00  6.822350e-01       246   1
-------------------------------------------------------------------
status         : simulation_stopping
total time (s) : 6.822350e-01
total solves   : 246
best bound     :  8.333333e+00
simulation ci  :  8.810723e+00 ± 8.167195e-01
numeric issues : 0
-------------------------------------------------------------------

-------------------------------------------------------------------
         SDDP.jl (c) Oscar Dowson and contributors, 2017-24
-------------------------------------------------------------------
problem
  nodes           : 1
  state variables : 12
  scenarios       : Inf
  existing cuts   : false
options
  solver          : serial mode
  risk measure    : SDDP.Expectation()
  sampling scheme : SDDP.InSampleMonteCarlo
subproblem structure
  VariableRef                          : [25, 25]
  AffExpr in MOI.EqualTo{Float64}      : [1, 1]
  AffExpr in MOI.LessThan{Float64}     : [13, 13]
  VariableRef in MOI.LessThan{Float64} : [1, 1]
  VariableRef in MOI.ZeroOne           : [12, 12]
numerical stability report
  matrix range     [1e+00, 1e+00]
  objective range  [1e+00, 1e+00]
  bounds range     [1e+01, 1e+01]
  rhs range        [1e+00, 1e+00]
-------------------------------------------------------------------
 iteration    simulation      bound        time (s)     solves  pid
-------------------------------------------------------------------
         1   0.000000e+00  8.100000e+00  2.608061e-03         5   1
        41   0.000000e+00  6.561000e+00  1.076546e+00      3992   1
        60   1.100000e+01  6.561000e+00  1.350836e+00      4429   1
-------------------------------------------------------------------
status         : simulation_stopping
total time (s) : 1.350836e+00
total solves   : 4429
best bound     :  6.561000e+00
simulation ci  :  6.650000e+00 ± 1.993393e+00
numeric issues : 0
-------------------------------------------------------------------

-------------------------------------------------------------------
         SDDP.jl (c) Oscar Dowson and contributors, 2017-24
-------------------------------------------------------------------
problem
  nodes           : 3
  state variables : 1
  scenarios       : 1.72800e+03
  existing cuts   : false
options
  solver          : serial mode
  risk measure    : SDDP.Expectation()
  sampling scheme : SDDP.InSampleMonteCarlo
subproblem structure
  VariableRef                             : [8, 8]
  AffExpr in MOI.EqualTo{Float64}         : [2, 4]
  AffExpr in MOI.GreaterThan{Float64}     : [2, 2]
  VariableRef in MOI.GreaterThan{Float64} : [6, 6]
  VariableRef in MOI.LessThan{Float64}    : [2, 3]
-------------------------------------------------------------------
 iteration    simulation      bound        time (s)     solves  pid
-------------------------------------------------------------------
         1   3.609375e+03  3.160920e+03  2.154994e-02        39   1
       249   0.000000e+00  5.092593e+03  1.022989e+00     11511   1
       382   1.547562e-12  5.092593e+03  1.683695e+00     16998   1
-------------------------------------------------------------------
status         : simulation_stopping
total time (s) : 1.683695e+00
total solves   : 16998
best bound     :  5.092593e+03
simulation ci  :  5.364840e+03 ± 3.845643e+02
numeric issues : 0
-------------------------------------------------------------------

-------------------------------------------------------------------
         SDDP.jl (c) Oscar Dowson and contributors, 2017-24
-------------------------------------------------------------------
problem
  nodes           : 3
  state variables : 1
  scenarios       : 1.72800e+03
  existing cuts   : false
options
  solver          : serial mode
  risk measure    : SDDP.Expectation()
  sampling scheme : SDDP.InSampleMonteCarlo
subproblem structure
  VariableRef                             : [9, 9]
  AffExpr in MOI.EqualTo{Float64}         : [2, 10]
  AffExpr in MOI.GreaterThan{Float64}     : [4, 4]
  VariableRef in MOI.GreaterThan{Float64} : [7, 7]
  VariableRef in MOI.LessThan{Float64}    : [3, 4]
-------------------------------------------------------------------
 iteration    simulation      bound        time (s)     solves  pid
-------------------------------------------------------------------
         1   7.125000e+03  2.869318e+03  2.368617e-02        39   1
       213   1.200000e+04  5.135984e+03  1.027047e+00     10107   1
       428   2.000000e+03  5.135984e+03  2.028415e+00     19092   1
       612   8.750000e+03  5.135984e+03  3.033066e+00     26868   1
       785   8.437500e+03  5.135984e+03  4.034655e+00     34215   1
       954   5.750000e+03  5.135984e+03  5.035021e+00     41106   1
       984   0.000000e+00  5.135984e+03  5.211346e+00     42276   1
-------------------------------------------------------------------
status         : simulation_stopping
total time (s) : 5.211346e+00
total solves   : 42276
best bound     :  5.135984e+03
simulation ci  :  5.039994e+03 ± 2.370369e+02
numeric issues : 0
-------------------------------------------------------------------

-------------------------------------------------------------------
         SDDP.jl (c) Oscar Dowson and contributors, 2017-24
-------------------------------------------------------------------
problem
  nodes           : 3
  state variables : 1
  scenarios       : 2.70000e+01
  existing cuts   : false
options
  solver          : serial mode
  risk measure    : SDDP.Expectation()
  sampling scheme : SDDP.InSampleMonteCarlo
subproblem structure
  VariableRef                             : [7, 7]
  AffExpr in MOI.EqualTo{Float64}         : [2, 2]
  VariableRef in MOI.GreaterThan{Float64} : [5, 5]
  VariableRef in MOI.LessThan{Float64}    : [1, 2]
numerical stability report
  matrix range     [1e+00, 1e+00]
  objective range  [1e+00, 2e+02]
  bounds range     [2e+02, 2e+02]
  rhs range        [2e+02, 2e+02]
-------------------------------------------------------------------
 iteration    simulation      bound        time (s)     solves  pid
-------------------------------------------------------------------
         1   2.062500e+04  5.735677e+03  3.659964e-03        12   1
        40   9.375000e+03  1.062500e+04  6.858683e-02       642   1
-------------------------------------------------------------------
status         : simulation_stopping
total time (s) : 6.858683e-02
total solves   : 642
best bound     :  1.062500e+04
simulation ci  :  1.238533e+04 ± 3.151250e+03
numeric issues : 0
-------------------------------------------------------------------

-------------------------------------------------------------------
         SDDP.jl (c) Oscar Dowson and contributors, 2017-24
-------------------------------------------------------------------
problem
  nodes           : 1
  state variables : 1
  scenarios       : Inf
  existing cuts   : false
options
  solver          : serial mode
  risk measure    : SDDP.Expectation()
  sampling scheme : SDDP.InSampleMonteCarlo
subproblem structure
  VariableRef                             : [20, 20]
  AffExpr in MOI.EqualTo{Float64}         : [13, 13]
  AffExpr in MOI.Interval{Float64}        : [6, 6]
  VariableRef in MOI.GreaterThan{Float64} : [14, 14]
  VariableRef in MOI.LessThan{Float64}    : [11, 11]
numerical stability report
  matrix range     [1e+00, 2e+02]
  objective range  [1e+00, 1e+06]
  bounds range     [4e-01, 6e+00]
  rhs range        [5e-01, 5e+00]
-------------------------------------------------------------------
 iteration    simulation      bound        time (s)     solves  pid
-------------------------------------------------------------------
         1   5.243966e+04  6.551580e+04  7.261896e-02        15   1
         2   1.053747e+07  1.153492e+05  1.267771e+00       246   1
         6   1.547882e+06  4.147682e+05  3.659139e+00       670   1
         9   9.922839e+06  4.170686e+05  5.847645e+00       983   1
        10   1.382871e+05  4.213124e+05  6.032793e+00      1014   1
-------------------------------------------------------------------
status         : iteration_limit
total time (s) : 6.032793e+00
total solves   : 1014
best bound     :  4.213124e+05
simulation ci  :  2.364766e+06 ± 2.587582e+06
numeric issues : 0
-------------------------------------------------------------------

-------------------------------------------------------------------
         SDDP.jl (c) Oscar Dowson and contributors, 2017-24
-------------------------------------------------------------------
problem
  nodes           : 1
  state variables : 1
  scenarios       : Inf
  existing cuts   : false
options
  solver          : serial mode
  risk measure    : SDDP.Expectation()
  sampling scheme : SDDP.InSampleMonteCarlo
subproblem structure
  VariableRef                             : [48, 48]
  AffExpr in MOI.EqualTo{Float64}         : [12, 12]
  AffExpr in MOI.Interval{Float64}        : [6, 6]
  NonlinearExpr in MOI.EqualTo{Float64}   : [24, 24]
  QuadExpr in MOI.LessThan{Float64}       : [12, 12]
  VariableRef in MOI.GreaterThan{Float64} : [42, 42]
  VariableRef in MOI.LessThan{Float64}    : [39, 39]
numerical stability report
  matrix range     [1e+00, 1e+00]
  objective range  [1e+00, 1e+06]
  bounds range     [3e-01, 6e+00]
  rhs range        [5e-01, 2e+01]
-------------------------------------------------------------------
 iteration    simulation      bound        time (s)     solves  pid
-------------------------------------------------------------------
         1   2.129014e+06  3.367777e+04  5.329771e-01        55   1
         3   2.250004e+06  6.962651e+04  4.741409e+00       381   1
         5   1.939902e+06  3.827026e+05  1.062237e+01       787   1
        10   3.895543e+05  4.199287e+05  1.581799e+01      1114   1
-------------------------------------------------------------------
status         : iteration_limit
total time (s) : 1.581799e+01
total solves   : 1114
best bound     :  4.199287e+05
simulation ci  :  8.195248e+05 ± 5.602184e+05
numeric issues : 0
-------------------------------------------------------------------

-------------------------------------------------------------------
         SDDP.jl (c) Oscar Dowson and contributors, 2017-24
-------------------------------------------------------------------
problem
  nodes           : 1
  state variables : 1
  scenarios       : Inf
  existing cuts   : false
options
  solver          : serial mode
  risk measure    : SDDP.Expectation()
  sampling scheme : SDDP.InSampleMonteCarlo
subproblem structure
  VariableRef                             : [20, 20]
  AffExpr in MOI.EqualTo{Float64}         : [13, 13]
  AffExpr in MOI.Interval{Float64}        : [6, 6]
  VariableRef in MOI.GreaterThan{Float64} : [14, 14]
  VariableRef in MOI.LessThan{Float64}    : [11, 11]
numerical stability report
  matrix range     [1e+00, 2e+02]
  objective range  [1e+00, 1e+06]
  bounds range     [4e-01, 6e+00]
  rhs range        [5e-01, 5e+00]
-------------------------------------------------------------------
 iteration    simulation      bound        time (s)     solves  pid
-------------------------------------------------------------------
         1   5.265564e+04  6.484820e+04  7.732606e-02        12   1
         4   3.408406e+05  2.139245e+05  1.110962e+00       120   1
         6   1.431319e+06  3.749508e+05  2.500386e+00       267   1
         9   7.204088e+05  4.141070e+05  4.136555e+00       435   1
        10   2.329565e+05  4.170374e+05  4.450815e+00       468   1
-------------------------------------------------------------------
status         : iteration_limit
total time (s) : 4.450815e+00
total solves   : 468
best bound     :  4.170374e+05
simulation ci  :  4.188943e+05 ± 2.594881e+05
numeric issues : 0
-------------------------------------------------------------------

-------------------------------------------------------------------
         SDDP.jl (c) Oscar Dowson and contributors, 2017-24
-------------------------------------------------------------------
problem
  nodes           : 5
  state variables : 1
  scenarios       : 1.08000e+02
  existing cuts   : false
options
  solver          : serial mode
  risk measure    : SDDP.Expectation()
  sampling scheme : SDDP.InSampleMonteCarlo
subproblem structure
  VariableRef                             : [7, 7]
  AffExpr in MOI.EqualTo{Float64}         : [2, 2]
  VariableRef in MOI.GreaterThan{Float64} : [5, 5]
  VariableRef in MOI.LessThan{Float64}    : [1, 2]
-------------------------------------------------------------------
 iteration    simulation      bound        time (s)     solves  pid
-------------------------------------------------------------------
         1   2.812500e+04  1.991887e+03  1.458597e-02        18   1
        20   2.750000e+04  8.072917e+03  4.909205e-02       360   1
-------------------------------------------------------------------
status         : iteration_limit
total time (s) : 4.909205e-02
total solves   : 360
best bound     :  8.072917e+03
simulation ci  :  1.034244e+04 ± 3.637685e+03
numeric issues : 0
-------------------------------------------------------------------

-------------------------------------------------------------------
         SDDP.jl (c) Oscar Dowson and contributors, 2017-24
-------------------------------------------------------------------
problem
  nodes           : 3
  state variables : 1
  scenarios       : 1.00000e+00
  existing cuts   : false
options
  solver          : serial mode
  risk measure    : SDDP.Expectation()
  sampling scheme : SDDP.InSampleMonteCarlo
subproblem structure
  VariableRef                             : [5, 5]
  AffExpr in MOI.EqualTo{Float64}         : [2, 2]
  VariableRef in MOI.GreaterThan{Float64} : [4, 4]
  VariableRef in MOI.LessThan{Float64}    : [1, 1]
-------------------------------------------------------------------
 iteration    simulation      bound        time (s)     solves  pid
-------------------------------------------------------------------
         1   6.500000e+00  3.000000e+00  3.181934e-03         6   1
         5   3.500000e+00  3.500000e+00  6.058931e-03        30   1
-------------------------------------------------------------------
status         : iteration_limit
total time (s) : 6.058931e-03
total solves   : 30
best bound     :  3.500000e+00
simulation ci  :  4.100000e+00 ± 1.176000e+00
numeric issues : 0
-------------------------------------------------------------------

-------------------------------------------------------------------
         SDDP.jl (c) Oscar Dowson and contributors, 2017-24
-------------------------------------------------------------------
problem
  nodes           : 3
  state variables : 1
  scenarios       : 1.00000e+00
  existing cuts   : false
options
  solver          : serial mode
  risk measure    : SDDP.Expectation()
  sampling scheme : SDDP.InSampleMonteCarlo
subproblem structure
  VariableRef                             : [5, 5]
  AffExpr in MOI.EqualTo{Float64}         : [2, 2]
  VariableRef in MOI.GreaterThan{Float64} : [4, 4]
  VariableRef in MOI.LessThan{Float64}    : [1, 1]
-------------------------------------------------------------------
 iteration    simulation      bound        time (s)     solves  pid
-------------------------------------------------------------------
         1   6.500000e+00  1.100000e+01  3.015995e-03         6   1
         5   5.500000e+00  1.100000e+01  5.410910e-03        30   1
-------------------------------------------------------------------
status         : iteration_limit
total time (s) : 5.410910e-03
total solves   : 30
best bound     :  1.100000e+01
simulation ci  :  5.700000e+00 ± 3.920000e-01
numeric issues : 0
-------------------------------------------------------------------

