-------------------------------------------------------------------
         SDDP.jl (c) Oscar Dowson and contributors, 2017-24
-------------------------------------------------------------------
problem
  nodes           : 2
  state variables : 1
  scenarios       : 2.00000e+00
  existing cuts   : false
options
  solver          : serial mode
  risk measure    : SDDP.Expectation()
  sampling scheme : SDDP.InSampleMonteCarlo
subproblem structure
  VariableRef                             : [6, 6]
  AffExpr in MOI.GreaterThan{Float64}     : [1, 1]
  AffExpr in MOI.LessThan{Float64}        : [1, 1]
  VariableRef in MOI.EqualTo{Float64}     : [1, 1]
  VariableRef in MOI.GreaterThan{Float64} : [3, 4]
  VariableRef in MOI.LessThan{Float64}    : [2, 2]
numerical stability report
  matrix range     [1e+00, 1e+00]
  objective range  [1e+00, 5e+00]
  bounds range     [8e+00, 8e+00]
  rhs range        [6e+00, 6e+00]
-------------------------------------------------------------------
 iteration    simulation      bound        time (s)     solves  pid
-------------------------------------------------------------------
         1   0.000000e+00 -1.000000e+01  2.517939e-03         5   1
        20   0.000000e+00 -1.000000e+01  1.449895e-02       104   1
-------------------------------------------------------------------
status         : simulation_stopping
total time (s) : 1.449895e-02
total solves   : 104
best bound     : -1.000000e+01
simulation ci  : -9.000000e+00 ± 4.474009e+00
numeric issues : 0
-------------------------------------------------------------------

-------------------------------------------------------------------
         SDDP.jl (c) Oscar Dowson and contributors, 2017-24
-------------------------------------------------------------------
problem
  nodes           : 3
  state variables : 2
  scenarios       : 4.00000e+00
  existing cuts   : false
options
  solver          : serial mode
  risk measure    : SDDP.Expectation()
  sampling scheme : SDDP.InSampleMonteCarlo
subproblem structure
  VariableRef                             : [8, 8]
  AffExpr in MOI.LessThan{Float64}        : [3, 3]
  VariableRef in MOI.GreaterThan{Float64} : [5, 5]
  VariableRef in MOI.LessThan{Float64}    : [1, 1]
numerical stability report
  matrix range     [1e+00, 1e+00]
  objective range  [2e-01, 3e+00]
  bounds range     [5e+01, 5e+01]
  rhs range        [0e+00, 0e+00]
-------------------------------------------------------------------
 iteration    simulation      bound        time (s)     solves  pid
-------------------------------------------------------------------
         5  -2.396000e+01 -2.396000e+01  7.050991e-03        52   1
        10  -4.260000e+01 -2.396000e+01  5.224111e-01        92   1
        15  -4.260000e+01 -2.396000e+01  5.262010e-01       132   1
        20  -4.260000e+01 -2.396000e+01  5.302491e-01       172   1
        25  -2.396000e+01 -2.396000e+01  5.353501e-01       224   1
        30  -4.260000e+01 -2.396000e+01  5.398960e-01       264   1
        35  -2.396000e+01 -2.396000e+01  5.447099e-01       304   1
        40  -2.396000e+01 -2.396000e+01  5.497301e-01       344   1
-------------------------------------------------------------------
status         : simulation_stopping
total time (s) : 5.497301e-01
total solves   : 344
best bound     : -2.396000e+01
simulation ci  : -2.660914e+01 ± 3.908038e+00
numeric issues : 0
-------------------------------------------------------------------

────────────────────────────────────────────────────────────────────────────────
                                       Time                    Allocations      
                              ───────────────────────   ────────────────────────
      Tot / % measured:            558ms /   6.1%           33.0MiB /  21.0%    

Section               ncalls     time    %tot     avg     alloc    %tot      avg
────────────────────────────────────────────────────────────────────────────────
backward_pass             40   20.8ms   60.9%   519μs   5.96MiB   86.0%   153KiB
  solve_subproblem       160   12.0ms   35.1%  74.8μs    871KiB   12.3%  5.44KiB
    get_dual_solution    160    583μs    1.7%  3.64μs    190KiB    2.7%  1.19KiB
  prepare_backward...    160   26.6μs    0.1%   166ns     0.00B    0.0%    0.00B
forward_pass              40   8.10ms   23.8%   203μs    768KiB   10.8%  19.2KiB
  solve_subproblem       120   7.18ms   21.1%  59.8μs    588KiB    8.3%  4.90KiB
    get_dual_solution    120   73.9μs    0.2%   615ns   16.9KiB    0.2%     144B
  sample_scenario         40    146μs    0.4%  3.66μs   24.5KiB    0.3%     628B
calculate_bound           40   5.18ms   15.2%   130μs    224KiB    3.2%  5.59KiB
  get_dual_solution       40   34.2μs    0.1%   854ns   5.62KiB    0.1%     144B
get_dual_solution         36   20.6μs    0.1%   571ns   5.06KiB    0.1%     144B
────────────────────────────────────────────────────────────────────────────────

-------------------------------------------------------------------
         SDDP.jl (c) Oscar Dowson and contributors, 2017-24
-------------------------------------------------------------------
problem
  nodes           : 3
  state variables : 2
  scenarios       : 4.00000e+00
  existing cuts   : false
options
  solver          : serial mode
  risk measure    : SDDP.Expectation()
  sampling scheme : SDDP.InSampleMonteCarlo
subproblem structure
  VariableRef                             : [8, 8]
  AffExpr in MOI.LessThan{Float64}        : [3, 3]
  VariableRef in MOI.GreaterThan{Float64} : [5, 5]
  VariableRef in MOI.LessThan{Float64}    : [1, 1]
numerical stability report
  matrix range     [1e+00, 1e+00]
  objective range  [2e-01, 3e+00]
  bounds range     [5e+01, 5e+01]
  rhs range        [0e+00, 0e+00]
-------------------------------------------------------------------
 iteration    simulation      bound        time (s)     solves  pid
-------------------------------------------------------------------
         5  -5.320000e+00 -2.396000e+01  7.402897e-03        52   1
        10  -5.320000e+00 -2.396000e+01  1.147795e-02        92   1
        15  -2.396000e+01 -2.396000e+01  1.618695e-02       132   1
        20  -5.320000e+00 -2.396000e+01  2.120996e-02       172   1
        25  -4.260000e+01 -2.396000e+01  2.758288e-02       224   1
        30  -2.396000e+01 -2.396000e+01  3.358388e-02       264   1
        35  -2.396000e+01 -2.396000e+01  4.027796e-02       304   1
        40  -2.396000e+01 -2.396000e+01  4.746199e-02       344   1
-------------------------------------------------------------------
status         : simulation_stopping
total time (s) : 4.746199e-02
total solves   : 344
best bound     : -2.396000e+01
simulation ci  : -1.957570e+01 ± 3.890802e+00
numeric issues : 0
-------------------------------------------------------------------

────────────────────────────────────────────────────────────────────────────────
                                       Time                    Allocations      
                              ───────────────────────   ────────────────────────
      Tot / % measured:           52.2ms /  82.0%           39.0MiB /  33.3%    

Section               ncalls     time    %tot     avg     alloc    %tot      avg
────────────────────────────────────────────────────────────────────────────────
backward_pass             40   29.1ms   67.9%   726μs   12.0MiB   92.5%   307KiB
  solve_subproblem       160   12.5ms   29.3%  78.3μs    872KiB    6.6%  5.45KiB
    get_dual_solution    160    586μs    1.4%  3.66μs    190KiB    1.4%  1.19KiB
  prepare_backward...    160   25.9μs    0.1%   162ns     0.00B    0.0%    0.00B
forward_pass              40   8.02ms   18.7%   200μs    768KiB    5.8%  19.2KiB
  solve_subproblem       120   7.15ms   16.7%  59.6μs    588KiB    4.4%  4.90KiB
    get_dual_solution    120   70.8μs    0.2%   590ns   16.9KiB    0.1%     144B
  sample_scenario         40    130μs    0.3%  3.24μs   24.2KiB    0.2%     620B
calculate_bound           40   5.69ms   13.3%   142μs    226KiB    1.7%  5.64KiB
  get_dual_solution       40   38.2μs    0.1%   955ns   5.62KiB    0.0%     144B
get_dual_solution         36   21.0μs    0.0%   583ns   5.06KiB    0.0%     144B
────────────────────────────────────────────────────────────────────────────────

-------------------------------------------------------------------
         SDDP.jl (c) Oscar Dowson and contributors, 2017-24
-------------------------------------------------------------------
problem
  nodes           : 2
  state variables : 1
  scenarios       : 2.00000e+00
  existing cuts   : false
options
  solver          : serial mode
  risk measure    : SDDP.Expectation()
  sampling scheme : SDDP.InSampleMonteCarlo
subproblem structure
  VariableRef                             : [3, 4]
  AffExpr in MOI.LessThan{Float64}        : [1, 1]
  VariableRef in MOI.GreaterThan{Float64} : [2, 3]
  VariableRef in MOI.LessThan{Float64}    : [2, 2]
numerical stability report
  matrix range     [1e+00, 1e+00]
  objective range  [1e+00, 2e+00]
  bounds range     [2e+00, 5e+00]
  rhs range        [0e+00, 0e+00]
-------------------------------------------------------------------
 iteration    simulation      bound        time (s)     solves  pid
-------------------------------------------------------------------
         1   0.000000e+00 -2.500000e+00  1.899958e-03         5   1
         2  -1.500000e+00 -2.000000e+00  2.887964e-03        14   1
         3  -1.000000e+00 -2.000000e+00  3.391027e-03        19   1
         4  -1.000000e+00 -2.000000e+00  4.007816e-03        24   1
         5  -2.000000e+00 -2.000000e+00  4.655838e-03        29   1
         6  -2.000000e+00 -2.000000e+00  5.251884e-03        34   1
         7  -2.000000e+00 -2.000000e+00  5.838871e-03        39   1
         8  -2.000000e+00 -2.000000e+00  6.428003e-03        44   1
         9  -2.000000e+00 -2.000000e+00  7.030010e-03        49   1
        10  -2.000000e+00 -2.000000e+00  7.623911e-03        54   1
        11  -2.000000e+00 -2.000000e+00  8.263826e-03        59   1
        12  -2.000000e+00 -2.000000e+00  8.874893e-03        64   1
        13  -2.000000e+00 -2.000000e+00  9.488821e-03        69   1
        14  -2.000000e+00 -2.000000e+00  1.010585e-02        74   1
        15  -2.000000e+00 -2.000000e+00  1.073289e-02        79   1
        16  -2.000000e+00 -2.000000e+00  1.136398e-02        84   1
        17  -2.000000e+00 -2.000000e+00  1.202083e-02        89   1
        18  -2.000000e+00 -2.000000e+00  1.266289e-02        94   1
        19  -2.000000e+00 -2.000000e+00  1.330400e-02        99   1
        20  -2.000000e+00 -2.000000e+00  1.403880e-02       104   1
        21  -2.000000e+00 -2.000000e+00  1.501799e-02       113   1
        22  -2.000000e+00 -2.000000e+00  1.570797e-02       118   1
        23  -2.000000e+00 -2.000000e+00  1.638389e-02       123   1
        24  -2.000000e+00 -2.000000e+00  1.706100e-02       128   1
        25  -2.000000e+00 -2.000000e+00  1.773000e-02       133   1
        26  -2.000000e+00 -2.000000e+00  1.840591e-02       138   1
        27  -2.000000e+00 -2.000000e+00  1.909184e-02       143   1
        28  -2.000000e+00 -2.000000e+00  1.982403e-02       148   1
        29  -2.000000e+00 -2.000000e+00  2.052498e-02       153   1
        30  -2.000000e+00 -2.000000e+00  2.122903e-02       158   1
        31  -2.000000e+00 -2.000000e+00  2.193499e-02       163   1
        32  -2.000000e+00 -2.000000e+00  2.263880e-02       168   1
        33  -2.000000e+00 -2.000000e+00  2.334499e-02       173   1
        34  -2.000000e+00 -2.000000e+00  2.408886e-02       178   1
        35  -2.000000e+00 -2.000000e+00  2.480984e-02       183   1
        36  -2.000000e+00 -2.000000e+00  2.553487e-02       188   1
        37  -2.000000e+00 -2.000000e+00  2.626586e-02       193   1
        38  -2.000000e+00 -2.000000e+00  2.701783e-02       198   1
        39  -2.000000e+00 -2.000000e+00  2.781487e-02       203   1
        40  -2.000000e+00 -2.000000e+00  2.862501e-02       208   1
-------------------------------------------------------------------
status         : simulation_stopping
total time (s) : 2.862501e-02
total solves   : 208
best bound     : -2.000000e+00
simulation ci  : -1.887500e+00 ± 1.189300e-01
numeric issues : 0
-------------------------------------------------------------------

-------------------------------------------------------------------
         SDDP.jl (c) Oscar Dowson and contributors, 2017-24
-------------------------------------------------------------------
problem
  nodes           : 3
  state variables : 1
  scenarios       : Inf
  existing cuts   : false
options
  solver          : serial mode
  risk measure    : SDDP.Expectation()
  sampling scheme : SDDP.InSampleMonteCarlo
subproblem structure
  VariableRef                             : [6, 6]
  AffExpr in MOI.EqualTo{Float64}         : [2, 2]
  VariableRef in MOI.GreaterThan{Float64} : [5, 5]
  VariableRef in MOI.LessThan{Float64}    : [1, 1]
numerical stability report
  matrix range     [1e+00, 1e+00]
  objective range  [1e+00, 3e+00]
  bounds range     [5e+00, 2e+01]
  rhs range        [2e+00, 1e+01]
-------------------------------------------------------------------
 iteration    simulation      bound        time (s)     solves  pid
-------------------------------------------------------------------
         1   2.390000e+02  6.304440e+01  1.066239e-01       183   1
        31   8.517170e+02  2.346450e+02  1.141596e+00      7701   1
        53   2.848993e+02  2.362264e+02  2.196272e+00     13899   1
        71   2.110123e+02  2.363880e+02  3.210312e+00     19101   1
        81   2.720751e+02  2.364227e+02  4.235627e+00     23895   1
       100   1.135002e+02  2.364293e+02  4.852480e+00     26640   1
-------------------------------------------------------------------
status         : iteration_limit
total time (s) : 4.852480e+00
total solves   : 26640
best bound     :  2.364293e+02
simulation ci  :  2.593398e+02 ± 5.186931e+01
numeric issues : 0
-------------------------------------------------------------------

-------------------------------------------------------------------
         SDDP.jl (c) Oscar Dowson and contributors, 2017-24
-------------------------------------------------------------------
problem
  nodes           : 5
  state variables : 3
  scenarios       : 1.43489e+07
  existing cuts   : false
options
  solver          : serial mode
  risk measure    : SDDP.Expectation()
  sampling scheme : SDDP.InSampleMonteCarlo
subproblem structure
  VariableRef                             : [13, 13]
  AffExpr in MOI.EqualTo{Float64}         : [3, 3]
  AffExpr in MOI.LessThan{Float64}        : [1, 1]
  VariableRef in MOI.GreaterThan{Float64} : [7, 7]
  VariableRef in MOI.LessThan{Float64}    : [6, 7]
numerical stability report
  matrix range     [1e+00, 1e+00]
  objective range  [3e-01, 2e+00]
  bounds range     [5e-01, 5e+00]
  rhs range        [2e+00, 2e+00]
-------------------------------------------------------------------
 iteration    simulation      bound        time (s)     solves  pid
-------------------------------------------------------------------
        10  -3.878303e+00 -4.434982e+00  2.004669e-01      1400   1
        20  -4.262885e+00 -4.399265e+00  3.184679e-01      2800   1
        30  -3.075162e+00 -4.382527e+00  4.480591e-01      4200   1
        40  -3.761147e+00 -4.369587e+00  5.855141e-01      5600   1
        50  -4.323162e+00 -4.362199e+00  7.287149e-01      7000   1
        60  -3.654943e+00 -4.358401e+00  8.734219e-01      8400   1
        70  -4.010883e+00 -4.357368e+00  1.019525e+00      9800   1
        80  -4.314412e+00 -4.355714e+00  1.172076e+00     11200   1
        90  -4.542422e+00 -4.353708e+00  1.325114e+00     12600   1
       100  -4.178952e+00 -4.351685e+00  1.479654e+00     14000   1
-------------------------------------------------------------------
status         : iteration_limit
total time (s) : 1.479654e+00
total solves   : 14000
best bound     : -4.351685e+00
simulation ci  : -4.246786e+00 ± 8.703997e-02
numeric issues : 0
-------------------------------------------------------------------

-------------------------------------------------------------------
         SDDP.jl (c) Oscar Dowson and contributors, 2017-24
-------------------------------------------------------------------
problem
  nodes           : 5
  state variables : 1
  scenarios       : 1.00000e+05
  existing cuts   : false
options
  solver          : serial mode
  risk measure    : SDDP.Expectation()
  sampling scheme : SDDP.InSampleMonteCarlo
subproblem structure
  VariableRef                             : [5, 5]
  AffExpr in MOI.EqualTo{Float64}         : [1, 1]
  VariableRef in MOI.GreaterThan{Float64} : [3, 3]
  VariableRef in MOI.LessThan{Float64}    : [2, 3]
numerical stability report
  matrix range     [1e+00, 1e+00]
  objective range  [3e-01, 2e+00]
  bounds range     [5e-01, 2e+00]
  rhs range        [0e+00, 0e+00]
-------------------------------------------------------------------
 iteration    simulation      bound        time (s)     solves  pid
-------------------------------------------------------------------
        10  -1.573154e+00 -1.474247e+00  1.136632e-01      1050   1
        20  -1.346690e+00 -1.471483e+00  1.564140e-01      1600   1
        30  -1.308031e+00 -1.471307e+00  2.434871e-01      2650   1
        40  -1.401200e+00 -1.471167e+00  2.863221e-01      3200   1
        50  -1.557483e+00 -1.471097e+00  3.771541e-01      4250   1
        60  -1.534169e+00 -1.471075e+00  4.234672e-01      4800   1
        65  -1.689864e+00 -1.471075e+00  4.467990e-01      5075   1
-------------------------------------------------------------------
status         : simulation_stopping
total time (s) : 4.467990e-01
total solves   : 5075
best bound     : -1.471075e+00
simulation ci  : -1.484094e+00 ± 4.058993e-02
numeric issues : 0
-------------------------------------------------------------------

-------------------------------------------------------------------
         SDDP.jl (c) Oscar Dowson and contributors, 2017-24
-------------------------------------------------------------------
problem
  nodes           : 2
  state variables : 4
  scenarios       : 2.00000e+00
  existing cuts   : false
options
  solver          : serial mode
  risk measure    : SDDP.Expectation()
  sampling scheme : SDDP.InSampleMonteCarlo
subproblem structure
  VariableRef                             : [29, 29]
  AffExpr in MOI.EqualTo{Float64}         : [4, 5]
  AffExpr in MOI.GreaterThan{Float64}     : [3, 3]
  AffExpr in MOI.LessThan{Float64}        : [4, 4]
  VariableRef in MOI.GreaterThan{Float64} : [22, 22]
  VariableRef in MOI.LessThan{Float64}    : [1, 1]
numerical stability report
  matrix range     [1e+00, 1e+00]
  objective range  [1e+00, 1e+06]
  bounds range     [0e+00, 0e+00]
  rhs range        [0e+00, 0e+00]
-------------------------------------------------------------------
 iteration    simulation      bound        time (s)     solves  pid
-------------------------------------------------------------------
        10   3.455904e+05  3.147347e+05  8.471012e-03        54   1
        20   3.336455e+05  3.402383e+05  1.479387e-02       104   1
        30   3.337559e+05  3.403155e+05  2.216887e-02       158   1
        40   3.337559e+05  3.403155e+05  2.928090e-02       208   1
        48   3.337559e+05  3.403155e+05  3.561497e-02       248   1
-------------------------------------------------------------------
status         : simulation_stopping
total time (s) : 3.561497e-02
total solves   : 248
best bound     :  3.403155e+05
simulation ci  :  1.351676e+08 ± 1.785770e+08
numeric issues : 0
-------------------------------------------------------------------

-------------------------------------------------------------------
         SDDP.jl (c) Oscar Dowson and contributors, 2017-24
-------------------------------------------------------------------
problem
  nodes           : 3
  state variables : 4
  scenarios       : 4.00000e+00
  existing cuts   : false
options
  solver          : serial mode
  risk measure    : SDDP.Expectation()
  sampling scheme : SDDP.InSampleMonteCarlo
subproblem structure
  VariableRef                             : [29, 29]
  AffExpr in MOI.EqualTo{Float64}         : [4, 5]
  AffExpr in MOI.GreaterThan{Float64}     : [3, 3]
  AffExpr in MOI.LessThan{Float64}        : [4, 4]
  VariableRef in MOI.EqualTo{Float64}     : [3, 3]
  VariableRef in MOI.GreaterThan{Float64} : [22, 22]
  VariableRef in MOI.LessThan{Float64}    : [1, 1]
numerical stability report
  matrix range     [1e+00, 1e+00]
  objective range  [1e+00, 1e+05]
  bounds range     [0e+00, 0e+00]
  rhs range        [0e+00, 0e+00]
-------------------------------------------------------------------
 iteration    simulation      bound        time (s)     solves  pid
-------------------------------------------------------------------
        10   4.403329e+05  3.509666e+05  1.379895e-02        92   1
        20   4.055335e+05  4.054833e+05  2.470899e-02       172   1
        30   3.959476e+05  4.067125e+05  3.812289e-02       264   1
        40   3.959476e+05  4.067125e+05  5.158091e-02       344   1
        47   3.959476e+05  4.067125e+05  6.194997e-02       400   1
-------------------------------------------------------------------
status         : simulation_stopping
total time (s) : 6.194997e-02
total solves   : 400
best bound     :  4.067125e+05
simulation ci  :  2.695623e+07 ± 3.645336e+07
numeric issues : 0
-------------------------------------------------------------------

-------------------------------------------------------------------
         SDDP.jl (c) Oscar Dowson and contributors, 2017-24
-------------------------------------------------------------------
problem
  nodes           : 10
  state variables : 4
  scenarios       : 2.70000e+01
  existing cuts   : false
options
  solver          : serial mode
  risk measure    : SDDP.Expectation()
  sampling scheme : SDDP.InSampleMonteCarlo
subproblem structure
  VariableRef                             : [24, 24]
  AffExpr in MOI.EqualTo{Float64}         : [3, 3]
  AffExpr in MOI.GreaterThan{Float64}     : [1, 1]
  AffExpr in MOI.LessThan{Float64}        : [1, 6]
  VariableRef in MOI.GreaterThan{Float64} : [20, 20]
  VariableRef in MOI.LessThan{Float64}    : [1, 2]
numerical stability report
  matrix range     [1e+00, 8e+01]
  objective range  [1e+00, 1e+03]
  bounds range     [6e+01, 6e+01]
  rhs range        [2e+02, 3e+03]
-------------------------------------------------------------------
 iteration    simulation      bound        time (s)     solves  pid
-------------------------------------------------------------------
         1   8.316000e+03  0.000000e+00  9.461689e-02        14   1
        40   4.716000e+03  4.074139e+03  2.206578e-01       776   1
-------------------------------------------------------------------
status         : simulation_stopping
total time (s) : 2.206578e-01
total solves   : 776
best bound     :  4.074139e+03
simulation ci  :  4.477341e+03 ± 6.593738e+02
numeric issues : 0
-------------------------------------------------------------------

-------------------------------------------------------------------
         SDDP.jl (c) Oscar Dowson and contributors, 2017-24
-------------------------------------------------------------------
problem
  nodes           : 3
  state variables : 1
  scenarios       : 4.00000e+00
  existing cuts   : false
options
  solver          : serial mode
  risk measure    : SDDP.Expectation()
  sampling scheme : SDDP.InSampleMonteCarlo
subproblem structure
  VariableRef                             : [6, 6]
  AffExpr in MOI.EqualTo{Float64}         : [1, 1]
  VariableRef in MOI.GreaterThan{Float64} : [4, 4]
  VariableRef in MOI.Integer              : [3, 3]
  VariableRef in MOI.LessThan{Float64}    : [2, 3]
numerical stability report
  matrix range     [1e+00, 1e+00]
  objective range  [1e+00, 3e+02]
  bounds range     [1e+02, 2e+02]
  rhs range        [0e+00, 0e+00]
-------------------------------------------------------------------
 iteration    simulation      bound        time (s)     solves  pid
-------------------------------------------------------------------
         1L  7.000000e+04  6.166667e+04  5.641191e-01         8   1
        40L  5.500000e+04  6.250000e+04  7.981429e-01       344   1
-------------------------------------------------------------------
status         : simulation_stopping
total time (s) : 7.981429e-01
total solves   : 344
best bound     :  6.250000e+04
simulation ci  :  6.091250e+04 ± 6.325667e+03
numeric issues : 0
-------------------------------------------------------------------

-------------------------------------------------------------------
         SDDP.jl (c) Oscar Dowson and contributors, 2017-24
-------------------------------------------------------------------
problem
  nodes           : 3
  state variables : 1
  scenarios       : 4.00000e+00
  existing cuts   : false
options
  solver          : serial mode
  risk measure    : SDDP.Expectation()
  sampling scheme : SDDP.InSampleMonteCarlo
subproblem structure
  VariableRef                             : [6, 6]
  AffExpr in MOI.EqualTo{Float64}         : [1, 1]
  VariableRef in MOI.GreaterThan{Float64} : [4, 4]
  VariableRef in MOI.Integer              : [3, 3]
  VariableRef in MOI.LessThan{Float64}    : [2, 3]
numerical stability report
  matrix range     [1e+00, 1e+00]
  objective range  [1e+00, 3e+02]
  bounds range     [1e+02, 2e+02]
  rhs range        [0e+00, 0e+00]
-------------------------------------------------------------------
 iteration    simulation      bound        time (s)     solves  pid
-------------------------------------------------------------------
         1   3.000000e+04  6.250000e+04  3.618002e-03         8   1
        20   4.000000e+04  6.250000e+04  4.256105e-02       172   1
-------------------------------------------------------------------
status         : simulation_stopping
total time (s) : 4.256105e-02
total solves   : 172
best bound     :  6.250000e+04
simulation ci  :  5.650000e+04 ± 6.785916e+03
numeric issues : 0
-------------------------------------------------------------------

-------------------------------------------------------------------
         SDDP.jl (c) Oscar Dowson and contributors, 2017-24
-------------------------------------------------------------------
problem
  nodes           : 3
  state variables : 1
  scenarios       : 4.00000e+00
  existing cuts   : false
options
  solver          : serial mode
  risk measure    : SDDP.Expectation()
  sampling scheme : SDDP.InSampleMonteCarlo
subproblem structure
  VariableRef                             : [5, 5]
  AffExpr in MOI.EqualTo{Float64}         : [1, 1]
  VariableRef in MOI.GreaterThan{Float64} : [4, 4]
  VariableRef in MOI.LessThan{Float64}    : [2, 3]
numerical stability report
  matrix range     [1e+00, 1e+00]
  objective range  [1e+00, 3e+02]
  bounds range     [1e+02, 2e+02]
  rhs range        [1e+02, 3e+02]
-------------------------------------------------------------------
 iteration    simulation      bound        time (s)     solves  pid
-------------------------------------------------------------------
         1   7.000000e+04  6.250000e+04  5.125999e-03         5   1
        10   6.000000e+04  6.250000e+04  1.968598e-02        50   1
-------------------------------------------------------------------
status         : iteration_limit
total time (s) : 1.968598e-02
total solves   : 50
best bound     :  6.250000e+04
simulation ci  :  6.150000e+04 ± 1.265596e+04
numeric issues : 0
-------------------------------------------------------------------

-------------------------------------------------------------------
         SDDP.jl (c) Oscar Dowson and contributors, 2017-24
-------------------------------------------------------------------
problem
  nodes           : 3
  state variables : 2
  scenarios       : 1.00000e+00
  existing cuts   : false
options
  solver          : serial mode
  risk measure    : SDDP.Expectation()
  sampling scheme : SDDP.InSampleMonteCarlo
subproblem structure
  VariableRef                             : [6, 6]
  AffExpr in MOI.EqualTo{Float64}         : [2, 2]
  VariableRef in MOI.GreaterThan{Float64} : [2, 3]
  VariableRef in MOI.LessThan{Float64}    : [3, 3]
  VariableRef in MOI.ZeroOne              : [3, 3]
numerical stability report
  matrix range     [1e+00, 1e+00]
  objective range  [1e+00, 6e+00]
  bounds range     [1e+00, 1e+02]
  rhs range        [0e+00, 0e+00]
-------------------------------------------------------------------
 iteration    simulation      bound        time (s)     solves  pid
-------------------------------------------------------------------
         1L  6.000000e+00  9.000000e+00  3.937197e-02         6   1
        20L  9.000000e+00  9.000000e+00  8.032703e-02       123   1
-------------------------------------------------------------------
status         : simulation_stopping
total time (s) : 8.032703e-02
total solves   : 123
best bound     :  9.000000e+00
simulation ci  :  8.850000e+00 ± 2.940000e-01
numeric issues : 0
-------------------------------------------------------------------

-------------------------------------------------------------------
         SDDP.jl (c) Oscar Dowson and contributors, 2017-24
-------------------------------------------------------------------
problem
  nodes           : 7
  state variables : 2
  scenarios       : 8.00000e+00
  existing cuts   : false
options
  solver          : serial mode
  risk measure    : SDDP.Expectation()
  sampling scheme : SDDP.InSampleMonteCarlo
subproblem structure
  VariableRef                             : [5, 7]
  AffExpr in MOI.EqualTo{Float64}         : [1, 1]
  VariableRef in MOI.GreaterThan{Float64} : [3, 5]
  VariableRef in MOI.LessThan{Float64}    : [1, 1]
numerical stability report
  matrix range     [1e+00, 1e+00]
  objective range  [1e+00, 4e+00]
  bounds range     [1e+03, 1e+03]
  rhs range        [6e+01, 8e+01]
-------------------------------------------------------------------
 iteration    simulation      bound        time (s)     solves  pid
-------------------------------------------------------------------
         5  -1.620000e+00 -8.522173e-01  1.316595e-02        87   1
        10  -1.847411e-13  1.392784e+00  2.008581e-02       142   1
        15  -6.963319e-13  1.514085e+00  2.761292e-02       197   1
        20   1.136868e-13  1.514085e+00  3.533483e-02       252   1
        25  -1.080025e-12  1.514085e+00  8.869886e-02       339   1
        30   1.136868e-13  1.514085e+00  9.736395e-02       394   1
        35  -2.479988e+01  1.514085e+00  1.064658e-01       449   1
        40   1.136868e-13  1.514085e+00  1.160090e-01       504   1
-------------------------------------------------------------------
status         : simulation_stopping
total time (s) : 1.160090e-01
total solves   : 504
best bound     :  1.514085e+00
simulation ci  :  3.429060e+00 ± 6.665883e+00
numeric issues : 0
-------------------------------------------------------------------

-------------------------------------------------------------------
         SDDP.jl (c) Oscar Dowson and contributors, 2017-24
-------------------------------------------------------------------
problem
  nodes           : 7
  state variables : 2
  scenarios       : 3.20000e+01
  existing cuts   : false
options
  solver          : serial mode
  risk measure    : #4
  sampling scheme : SDDP.InSampleMonteCarlo
subproblem structure
  VariableRef                             : [5, 7]
  AffExpr in MOI.EqualTo{Float64}         : [1, 1]
  VariableRef in MOI.GreaterThan{Float64} : [2, 5]
  VariableRef in MOI.LessThan{Float64}    : [1, 1]
numerical stability report
  matrix range     [1e+00, 1e+00]
  objective range  [2e-02, 4e+00]
  bounds range     [1e+03, 1e+03]
  rhs range        [6e+01, 8e+01]
-------------------------------------------------------------------
 iteration    simulation      bound        time (s)     solves  pid
-------------------------------------------------------------------
        10   4.375000e+00  6.798204e+00  1.811402e-01       278   1
        20   1.230957e+01  1.358825e+00  1.990581e-01       428   1
        30   8.859026e+00  1.278410e+00  2.317102e-01       706   1
        40  -2.315795e+01  1.278410e+00  2.551870e-01       856   1
        49   3.014193e+01  1.278410e+00  2.766991e-01       991   1
-------------------------------------------------------------------
status         : simulation_stopping
total time (s) : 2.766991e-01
total solves   : 991
best bound     :  1.278410e+00
simulation ci  : -1.755629e+00 ± 5.526921e+00
numeric issues : 0
-------------------------------------------------------------------

-------------------------------------------------------------------
         SDDP.jl (c) Oscar Dowson and contributors, 2017-24
-------------------------------------------------------------------
problem
  nodes           : 7
  state variables : 2
  scenarios       : 3.20000e+01
  existing cuts   : false
options
  solver          : serial mode
  risk measure    : #4
  sampling scheme : SDDP.InSampleMonteCarlo
subproblem structure
  VariableRef                             : [5, 7]
  AffExpr in MOI.EqualTo{Float64}         : [1, 1]
  VariableRef in MOI.GreaterThan{Float64} : [2, 5]
  VariableRef in MOI.LessThan{Float64}    : [1, 1]
numerical stability report
  matrix range     [1e+00, 1e+00]
  objective range  [2e-02, 4e+00]
  bounds range     [1e+03, 1e+03]
  rhs range        [6e+01, 8e+01]
-------------------------------------------------------------------
 iteration    simulation      bound        time (s)     solves  pid
-------------------------------------------------------------------
        10  -2.454000e+00  1.647363e+00  3.645301e-02       278   1
        20  -3.575118e+00  1.278410e+00  6.618094e-02       428   1
        30  -5.003795e+01  1.278410e+00  1.134281e-01       706   1
        40   6.835609e+00  1.278410e+00  1.528971e-01       856   1
-------------------------------------------------------------------
status         : simulation_stopping
total time (s) : 1.528971e-01
total solves   : 856
best bound     :  1.278410e+00
simulation ci  :  4.369345e+00 ± 4.780393e+00
numeric issues : 0
-------------------------------------------------------------------

-------------------------------------------------------------------
         SDDP.jl (c) Oscar Dowson and contributors, 2017-24
-------------------------------------------------------------------
problem
  nodes           : 4
  state variables : 1
  scenarios       : Inf
  existing cuts   : false
options
  solver          : serial mode
  risk measure    : SDDP.Expectation()
  sampling scheme : SDDP.InSampleMonteCarlo
subproblem structure
  VariableRef                             : [7, 7]
  AffExpr in MOI.EqualTo{Float64}         : [1, 1]
  AffExpr in MOI.GreaterThan{Float64}     : [2, 2]
  VariableRef in MOI.EqualTo{Float64}     : [1, 1]
  VariableRef in MOI.GreaterThan{Float64} : [5, 5]
  VariableRef in MOI.LessThan{Float64}    : [3, 3]
numerical stability report
  matrix range     [1e+00, 1e+00]
  objective range  [1e+00, 2e+00]
  bounds range     [2e+00, 1e+02]
  rhs range        [0e+00, 0e+00]
-------------------------------------------------------------------
 iteration    simulation      bound        time (s)     solves  pid
-------------------------------------------------------------------
        10   4.787277e+00  9.346930e+00  1.378068e+00       900   1
        20   6.374753e+00  1.361934e+01  1.547765e+00      1720   1
        30   2.813321e+01  1.651297e+01  1.905519e+00      3036   1
        40   1.654759e+01  1.632970e+01  2.243655e+00      4192   1
        50   3.570941e+00  1.846889e+01  2.512752e+00      5020   1
        60   1.087425e+01  1.890254e+01  2.801421e+00      5808   1
        70   9.381610e+00  1.940320e+01  3.094340e+00      6540   1
        80   5.648731e+01  1.962435e+01  3.325991e+00      7088   1
        90   3.879273e+01  1.981008e+01  3.817506e+00      8180   1
       100   7.870187e+00  1.997117e+01  4.042378e+00      8664   1
-------------------------------------------------------------------
status         : iteration_limit
total time (s) : 4.042378e+00
total solves   : 8664
best bound     :  1.997117e+01
simulation ci  :  2.275399e+01 ± 4.541987e+00
numeric issues : 0
-------------------------------------------------------------------

-------------------------------------------------------------------
         SDDP.jl (c) Oscar Dowson and contributors, 2017-24
-------------------------------------------------------------------
problem
  nodes           : 5
  state variables : 2
  scenarios       : 3.20000e+01
  existing cuts   : false
options
  solver          : serial mode
  risk measure    : SDDP.Expectation()
  sampling scheme : SDDP.InSampleMonteCarlo
subproblem structure
  VariableRef                             : [10, 10]
  AffExpr in MOI.EqualTo{Float64}         : [2, 2]
  AffExpr in MOI.GreaterThan{Float64}     : [2, 2]
  AffExpr in MOI.LessThan{Float64}        : [6, 6]
  VariableRef in MOI.GreaterThan{Float64} : [5, 6]
  VariableRef in MOI.LessThan{Float64}    : [6, 6]
  VariableRef in MOI.ZeroOne              : [5, 5]
numerical stability report
  matrix range     [1e+00, 1e+00]
  objective range  [1e+00, 6e+00]
  bounds range     [1e+00, 1e+01]
  rhs range        [1e+00, 1e+00]
-------------------------------------------------------------------
 iteration    simulation      bound        time (s)     solves  pid
-------------------------------------------------------------------
         5   9.000000e+00  9.002950e+00  1.345620e-01       235   1
        10   4.000000e+00  9.002950e+00  1.551840e-01       310   1
        15   4.000000e+00  9.002950e+00  1.763940e-01       385   1
        20   4.000000e+00  9.002950e+00  1.977770e-01       460   1
        25   1.000000e+01  9.002950e+00  2.715340e-01       695   1
        30   5.000000e+00  9.002950e+00  2.940741e-01       770   1
        35   1.000000e+01  9.002950e+00  3.408840e-01       845   1
        40   5.000000e+00  9.002950e+00  3.650510e-01       920   1
-------------------------------------------------------------------
status         : simulation_stopping
total time (s) : 3.650510e-01
total solves   : 920
best bound     :  9.002950e+00
simulation ci  :  6.375000e+00 ± 7.930178e-01
numeric issues : 0
-------------------------------------------------------------------

-------------------------------------------------------------------
         SDDP.jl (c) Oscar Dowson and contributors, 2017-24
-------------------------------------------------------------------
problem
  nodes           : 3
  state variables : 4
  scenarios       : 2.16000e+02
  existing cuts   : false
options
  solver          : serial mode
  risk measure    : SDDP.Expectation()
  sampling scheme : SDDP.InSampleMonteCarlo
subproblem structure
  VariableRef                             : [18, 18]
  AffExpr in MOI.EqualTo{Float64}         : [4, 4]
  AffExpr in MOI.GreaterThan{Float64}     : [4, 4]
  AffExpr in MOI.LessThan{Float64}        : [12, 12]
  VariableRef in MOI.GreaterThan{Float64} : [9, 10]
  VariableRef in MOI.LessThan{Float64}    : [10, 10]
  VariableRef in MOI.ZeroOne              : [9, 9]
numerical stability report
  matrix range     [1e+00, 1e+00]
  objective range  [1e+00, 4e+00]
  bounds range     [1e+00, 2e+01]
  rhs range        [1e+00, 1e+00]
-------------------------------------------------------------------
 iteration    simulation      bound        time (s)     solves  pid
-------------------------------------------------------------------
        10   1.000000e+01  6.868919e+00  1.066492e-01       510   1
        20   2.000000e+00  6.834387e+00  1.597459e-01       720   1
        30   1.200000e+01  6.834387e+00  3.015640e-01      1230   1
        40   7.000000e+00  6.823805e+00  3.548820e-01      1440   1
        50   7.000000e+00  6.823805e+00  5.006940e-01      1950   1
        60   5.000000e+00  6.823805e+00  5.552840e-01      2160   1
-------------------------------------------------------------------
status         : simulation_stopping
total time (s) : 5.552840e-01
total solves   : 2160
best bound     :  6.823805e+00
simulation ci  :  6.183333e+00 ± 6.258900e-01
numeric issues : 0
-------------------------------------------------------------------

-------------------------------------------------------------------
         SDDP.jl (c) Oscar Dowson and contributors, 2017-24
-------------------------------------------------------------------
problem
  nodes           : 5
  state variables : 5
  scenarios       : 3.27680e+04
  existing cuts   : false
options
  solver          : serial mode
  risk measure    : SDDP.Expectation()
  sampling scheme : SDDP.InSampleMonteCarlo
subproblem structure
  VariableRef                             : [14, 14]
  AffExpr in MOI.GreaterThan{Float64}     : [7, 7]
  AffExpr in MOI.LessThan{Float64}        : [4, 4]
  VariableRef in MOI.GreaterThan{Float64} : [8, 8]
  VariableRef in MOI.Integer              : [5, 5]
  VariableRef in MOI.LessThan{Float64}    : [5, 6]
numerical stability report
  matrix range     [1e+00, 1e+00]
  objective range  [1e+00, 5e+05]
  bounds range     [1e+00, 1e+00]
  rhs range        [0e+00, 0e+00]
-------------------------------------------------------------------
 iteration    simulation      bound        time (s)     solves  pid
-------------------------------------------------------------------
        10   2.549668e+06  2.078257e+06  5.101531e-01       920   1
        20   5.494568e+05  2.078257e+06  7.160990e-01      1340   1
        30   4.985879e+04  2.078257e+06  1.249766e+00      2260   1
        40   3.799447e+06  2.078257e+06  1.448121e+00      2680   1
        50   1.049867e+06  2.078257e+06  2.007524e+00      3600   1
        60   3.985191e+04  2.078257e+06  2.248764e+00      4020   1
-------------------------------------------------------------------
status         : simulation_stopping
total time (s) : 2.248764e+00
total solves   : 4020
best bound     :  2.078257e+06
simulation ci  :  2.031697e+06 ± 3.922745e+05
numeric issues : 0
-------------------------------------------------------------------

-------------------------------------------------------------------
         SDDP.jl (c) Oscar Dowson and contributors, 2017-24
-------------------------------------------------------------------
problem
  nodes           : 5
  state variables : 5
  scenarios       : 3.27680e+04
  existing cuts   : false
options
  solver          : serial mode
  risk measure    : SDDP.Expectation()
  sampling scheme : SDDP.InSampleMonteCarlo
subproblem structure
  VariableRef                             : [14, 14]
  AffExpr in MOI.GreaterThan{Float64}     : [7, 7]
  AffExpr in MOI.LessThan{Float64}        : [4, 4]
  VariableRef in MOI.GreaterThan{Float64} : [8, 8]
  VariableRef in MOI.Integer              : [5, 5]
  VariableRef in MOI.LessThan{Float64}    : [5, 6]
numerical stability report
  matrix range     [1e+00, 1e+00]
  objective range  [1e+00, 5e+05]
  bounds range     [1e+00, 1e+00]
  rhs range        [0e+00, 0e+00]
-------------------------------------------------------------------
 iteration    simulation      bound        time (s)     solves  pid
-------------------------------------------------------------------
        10L  4.986663e+04  2.079119e+06  9.527688e-01       920   1
        20L  3.799878e+06  2.079330e+06  1.676589e+00      1340   1
        30L  3.003923e+04  2.079457e+06  2.806595e+00      2260   1
        40L  5.549882e+06  2.079457e+06  3.613196e+00      2680   1
        50L  2.799466e+06  2.079457e+06  4.800654e+00      3600   1
        60L  3.549880e+06  2.079457e+06  5.601646e+00      4020   1
-------------------------------------------------------------------
status         : simulation_stopping
total time (s) : 5.601646e+00
total solves   : 4020
best bound     :  2.079457e+06
simulation ci  :  2.352204e+06 ± 5.377531e+05
numeric issues : 0
-------------------------------------------------------------------

-------------------------------------------------------------------
         SDDP.jl (c) Oscar Dowson and contributors, 2017-24
-------------------------------------------------------------------
problem
  nodes           : 1
  state variables : 1
  scenarios       : Inf
  existing cuts   : false
options
  solver          : serial mode
  risk measure    : SDDP.Expectation()
  sampling scheme : SDDP.InSampleMonteCarlo
subproblem structure
  VariableRef                             : [8, 8]
  AffExpr in MOI.EqualTo{Float64}         : [2, 2]
  VariableRef in MOI.GreaterThan{Float64} : [5, 5]
  VariableRef in MOI.LessThan{Float64}    : [1, 1]
numerical stability report
  matrix range     [1e+00, 1e+00]
  objective range  [1e+00, 1e+01]
  bounds range     [5e+00, 2e+01]
  rhs range        [0e+00, 0e+00]
-------------------------------------------------------------------
 iteration    simulation      bound        time (s)     solves  pid
-------------------------------------------------------------------
       100   2.500000e+01  1.188965e+02  7.823060e-01      1946   1
       200   2.500000e+01  1.191634e+02  9.864490e-01      3920   1
       300   0.000000e+00  1.191666e+02  1.195422e+00      5902   1
       330   2.500000e+01  1.191667e+02  1.245143e+00      6224   1
-------------------------------------------------------------------
status         : simulation_stopping
total time (s) : 1.245143e+00
total solves   : 6224
best bound     :  1.191667e+02
simulation ci  :  2.158333e+01 ± 3.290252e+00
numeric issues : 0
-------------------------------------------------------------------

-------------------------------------------------------------------
         SDDP.jl (c) Oscar Dowson and contributors, 2017-24
-------------------------------------------------------------------
problem
  nodes           : 1
  state variables : 1
  scenarios       : Inf
  existing cuts   : false
options
  solver          : serial mode
  risk measure    : SDDP.Expectation()
  sampling scheme : SDDP.InSampleMonteCarlo
subproblem structure
  VariableRef                             : [8, 8]
  AffExpr in MOI.EqualTo{Float64}         : [2, 2]
  VariableRef in MOI.GreaterThan{Float64} : [5, 5]
  VariableRef in MOI.LessThan{Float64}    : [1, 1]
numerical stability report
  matrix range     [1e+00, 1e+00]
  objective range  [1e+00, 1e+01]
  bounds range     [5e+00, 2e+01]
  rhs range        [0e+00, 0e+00]
-------------------------------------------------------------------
 iteration    simulation      bound        time (s)     solves  pid
-------------------------------------------------------------------
       100   0.000000e+00  1.191285e+02  2.981699e-01      2874   1
       200   2.500000e+00  1.191666e+02  5.349550e-01      4855   1
       282   7.500000e+00  1.191667e+02  6.707919e-01      5733   1
-------------------------------------------------------------------
status         : simulation_stopping
total time (s) : 6.707919e-01
total solves   : 5733
best bound     :  1.191667e+02
simulation ci  :  2.104610e+01 ± 3.492245e+00
numeric issues : 0
-------------------------------------------------------------------

-------------------------------------------------------------------
         SDDP.jl (c) Oscar Dowson and contributors, 2017-24
-------------------------------------------------------------------
problem
  nodes           : 1
  state variables : 1
  scenarios       : Inf
  existing cuts   : false
options
  solver          : serial mode
  risk measure    : SDDP.Expectation()
  sampling scheme : SDDP.InSampleMonteCarlo
subproblem structure
  VariableRef                             : [3, 3]
  AffExpr in MOI.EqualTo{Float64}         : [1, 1]
  VariableRef in MOI.GreaterThan{Float64} : [1, 1]
numerical stability report
  matrix range     [1e+00, 1e+00]
  objective range  [1e+00, 1e+00]
  bounds range     [0e+00, 0e+00]
  rhs range        [0e+00, 0e+00]
-------------------------------------------------------------------
 iteration    simulation      bound        time (s)     solves  pid
-------------------------------------------------------------------
        10   4.000000e+00  1.997089e+01  6.772900e-02      1204   1
        20   8.000000e+00  2.000000e+01  8.809590e-02      1420   1
        30   1.600000e+01  2.000000e+01  1.547809e-01      2628   1
        40   8.000000e+00  2.000000e+01  1.762378e-01      2834   1
-------------------------------------------------------------------
status         : simulation_stopping
total time (s) : 1.762378e-01
total solves   : 2834
best bound     :  2.000000e+01
simulation ci  :  1.625000e+01 ± 4.766381e+00
numeric issues : 0
-------------------------------------------------------------------

-------------------------------------------------------------------
         SDDP.jl (c) Oscar Dowson and contributors, 2017-24
-------------------------------------------------------------------
problem
  nodes           : 1
  state variables : 1
  scenarios       : Inf
  existing cuts   : false
options
  solver          : serial mode
  risk measure    : SDDP.Expectation()
  sampling scheme : SDDP.InSampleMonteCarlo
subproblem structure
  VariableRef                             : [3, 3]
  AffExpr in MOI.EqualTo{Float64}         : [1, 1]
  VariableRef in MOI.GreaterThan{Float64} : [1, 1]
numerical stability report
  matrix range     [1e+00, 1e+00]
  objective range  [1e+00, 1e+00]
  bounds range     [0e+00, 0e+00]
  rhs range        [0e+00, 0e+00]
-------------------------------------------------------------------
 iteration    simulation      bound        time (s)     solves  pid
-------------------------------------------------------------------
         1   1.000000e+00  1.500000e+00  1.516104e-03         3   1
        40   4.000000e+00  2.000000e+00  4.232216e-02       578   1
-------------------------------------------------------------------
status         : simulation_stopping
total time (s) : 4.232216e-02
total solves   : 578
best bound     :  2.000000e+00
simulation ci  :  1.950000e+00 ± 5.568095e-01
numeric issues : 0
-------------------------------------------------------------------

-------------------------------------------------------------------
         SDDP.jl (c) Oscar Dowson and contributors, 2017-24
-------------------------------------------------------------------
problem
  nodes           : 3
  state variables : 1
  scenarios       : 8.51840e+04
  existing cuts   : false
options
  solver          : serial mode
  risk measure    : SDDP.Expectation()
  sampling scheme : SDDP.InSampleMonteCarlo
subproblem structure
  VariableRef                             : [6, 6]
  AffExpr in MOI.EqualTo{Float64}         : [1, 3]
  AffExpr in MOI.LessThan{Float64}        : [2, 2]
  VariableRef in MOI.GreaterThan{Float64} : [3, 4]
  VariableRef in MOI.LessThan{Float64}    : [3, 3]
numerical stability report
  matrix range     [8e-01, 2e+00]
  objective range  [1e+00, 2e+00]
  bounds range     [1e+00, 1e+02]
  rhs range        [5e+01, 5e+01]
-------------------------------------------------------------------
 iteration    simulation      bound        time (s)     solves  pid
-------------------------------------------------------------------
        10   5.250000e+00  4.888859e+00  1.640670e-01      1350   1
        20   4.350000e+00  4.105855e+00  2.488542e-01      2700   1
        30   5.000000e+00  4.100490e+00  3.436191e-01      4050   1
        40   3.500000e+00  4.097376e+00  4.462461e-01      5400   1
        50   5.250000e+00  4.095859e+00  5.537732e-01      6750   1
        60   3.643750e+00  4.093342e+00  6.658411e-01      8100   1
        70   2.643750e+00  4.091818e+00  7.778001e-01      9450   1
        80   5.087500e+00  4.091591e+00  8.918810e-01     10800   1
        90   5.062500e+00  4.091309e+00  1.007622e+00     12150   1
       100   4.843750e+00  4.087004e+00  1.132369e+00     13500   1
       110   3.437500e+00  4.086094e+00  1.257075e+00     14850   1
       120   3.375000e+00  4.085926e+00  1.382069e+00     16200   1
       130   5.025000e+00  4.085866e+00  1.508957e+00     17550   1
       140   5.000000e+00  4.085734e+00  1.670743e+00     18900   1
       150   3.500000e+00  4.085655e+00  1.799488e+00     20250   1
       160   4.281250e+00  4.085454e+00  1.924832e+00     21600   1
       170   4.562500e+00  4.085425e+00  2.053007e+00     22950   1
       180   5.768750e+00  4.085425e+00  2.185706e+00     24300   1
       190   3.468750e+00  4.085359e+00  2.321877e+00     25650   1
       200   4.131250e+00  4.085225e+00  2.455877e+00     27000   1
       210   4.512500e+00  4.085157e+00  2.587585e+00     28350   1
       220   4.900000e+00  4.085153e+00  2.721606e+00     29700   1
       230   4.025000e+00  4.085134e+00  2.859610e+00     31050   1
       240   4.468750e+00  4.085116e+00  2.999925e+00     32400   1
       250   4.062500e+00  4.085075e+00  3.136782e+00     33750   1
       260   4.875000e+00  4.085037e+00  3.278252e+00     35100   1
       270   3.850000e+00  4.085011e+00  3.418537e+00     36450   1
       280   4.912500e+00  4.084992e+00  3.560124e+00     37800   1
       290   2.987500e+00  4.084986e+00  3.707629e+00     39150   1
       300   3.825000e+00  4.084957e+00  3.856331e+00     40500   1
       310   3.250000e+00  4.084911e+00  4.003591e+00     41850   1
       320   3.600000e+00  4.084896e+00  4.150248e+00     43200   1
       330   3.925000e+00  4.084896e+00  4.288215e+00     44550   1
       340   4.500000e+00  4.084893e+00  4.433058e+00     45900   1
       350   5.000000e+00  4.084891e+00  4.612614e+00     47250   1
       360   3.075000e+00  4.084866e+00  4.756468e+00     48600   1
       370   3.500000e+00  4.084861e+00  4.907048e+00     49950   1
       380   3.356250e+00  4.084857e+00  5.058526e+00     51300   1
       390   5.500000e+00  4.084846e+00  5.217296e+00     52650   1
       400   4.475000e+00  4.084846e+00  5.375337e+00     54000   1
       410   3.750000e+00  4.084843e+00  5.528992e+00     55350   1
       420   3.687500e+00  4.084843e+00  5.686343e+00     56700   1
       430   4.337500e+00  4.084825e+00  5.845827e+00     58050   1
       440   5.750000e+00  4.084825e+00  5.990335e+00     59400   1
       450   4.925000e+00  4.084792e+00  6.151402e+00     60750   1
       460   3.600000e+00  4.084792e+00  6.308477e+00     62100   1
       470   4.387500e+00  4.084792e+00  6.460200e+00     63450   1
       480   4.000000e+00  4.084792e+00  6.621479e+00     64800   1
       490   2.975000e+00  4.084788e+00  6.776129e+00     66150   1
       500   3.125000e+00  4.084788e+00  6.930781e+00     67500   1
       510   4.250000e+00  4.084788e+00  7.095101e+00     68850   1
       520   4.512500e+00  4.084786e+00  7.248141e+00     70200   1
       530   3.875000e+00  4.084786e+00  7.413553e+00     71550   1
       540   4.387500e+00  4.084781e+00  7.576832e+00     72900   1
       550   5.281250e+00  4.084780e+00  7.766593e+00     74250   1
       560   4.650000e+00  4.084780e+00  7.920152e+00     75600   1
       570   3.062500e+00  4.084780e+00  8.077306e+00     76950   1
       580   3.187500e+00  4.084780e+00  8.228447e+00     78300   1
       590   3.812500e+00  4.084780e+00  8.378869e+00     79650   1
       600   3.637500e+00  4.084774e+00  8.537429e+00     81000   1
       610   3.950000e+00  4.084765e+00  8.695866e+00     82350   1
       620   4.625000e+00  4.084760e+00  8.853657e+00     83700   1
       630   4.218750e+00  4.084760e+00  9.016108e+00     85050   1
       640   3.025000e+00  4.084755e+00  9.178608e+00     86400   1
       650   2.993750e+00  4.084751e+00  9.332378e+00     87750   1
       660   3.262500e+00  4.084746e+00  9.493464e+00     89100   1
       670   3.625000e+00  4.084746e+00  9.656954e+00     90450   1
       680   2.981250e+00  4.084746e+00  9.822713e+00     91800   1
       690   4.187500e+00  4.084746e+00  9.984170e+00     93150   1
       700   4.500000e+00  4.084746e+00  1.013935e+01     94500   1
       710   3.225000e+00  4.084746e+00  1.031921e+01     95850   1
       720   4.375000e+00  4.084746e+00  1.048414e+01     97200   1
       730   2.650000e+00  4.084746e+00  1.065328e+01     98550   1
       740   3.250000e+00  4.084746e+00  1.081543e+01     99900   1
       750   4.725000e+00  4.084746e+00  1.099131e+01    101250   1
       760   3.375000e+00  4.084746e+00  1.116407e+01    102600   1
       770   5.375000e+00  4.084746e+00  1.133348e+01    103950   1
       780   4.068750e+00  4.084746e+00  1.150725e+01    105300   1
       790   4.412500e+00  4.084746e+00  1.168352e+01    106650   1
       800   4.350000e+00  4.084746e+00  1.186071e+01    108000   1
       810   5.887500e+00  4.084746e+00  1.203859e+01    109350   1
       820   4.912500e+00  4.084746e+00  1.220856e+01    110700   1
       830   4.387500e+00  4.084746e+00  1.237048e+01    112050   1
       840   3.675000e+00  4.084746e+00  1.254564e+01    113400   1
       850   5.375000e+00  4.084746e+00  1.271140e+01    114750   1
       860   3.562500e+00  4.084746e+00  1.288479e+01    116100   1
       870   3.075000e+00  4.084746e+00  1.308363e+01    117450   1
       880   3.625000e+00  4.084746e+00  1.325143e+01    118800   1
       890   2.937500e+00  4.084746e+00  1.341675e+01    120150   1
       900   4.450000e+00  4.084746e+00  1.359593e+01    121500   1
       910   4.200000e+00  4.084746e+00  1.376672e+01    122850   1
       920   3.687500e+00  4.084746e+00  1.394285e+01    124200   1
       930   4.725000e+00  4.084746e+00  1.411716e+01    125550   1
       940   4.018750e+00  4.084746e+00  1.428357e+01    126900   1
       950   4.675000e+00  4.084746e+00  1.444916e+01    128250   1
       960   3.375000e+00  4.084746e+00  1.461724e+01    129600   1
       970   3.812500e+00  4.084746e+00  1.478029e+01    130950   1
       980   3.112500e+00  4.084746e+00  1.495001e+01    132300   1
       990   3.600000e+00  4.084746e+00  1.511965e+01    133650   1
      1000   5.500000e+00  4.084746e+00  1.529186e+01    135000   1
      1010   3.187500e+00  4.084746e+00  1.548062e+01    136350   1
      1020   4.900000e+00  4.084746e+00  1.565499e+01    137700   1
      1030   3.637500e+00  4.084746e+00  1.584198e+01    139050   1
      1040   3.975000e+00  4.084746e+00  1.601469e+01    140400   1
      1050   4.750000e+00  4.084746e+00  1.618954e+01    141750   1
      1060   4.437500e+00  4.084746e+00  1.638285e+01    143100   1
      1070   5.000000e+00  4.084746e+00  1.656379e+01    144450   1
      1080   4.143750e+00  4.084746e+00  1.674721e+01    145800   1
      1090   5.625000e+00  4.084746e+00  1.691950e+01    147150   1
      1100   3.475000e+00  4.084746e+00  1.710035e+01    148500   1
      1110   4.156250e+00  4.084746e+00  1.728563e+01    149850   1
      1120   4.450000e+00  4.084746e+00  1.746407e+01    151200   1
      1130   3.312500e+00  4.084741e+00  1.767742e+01    152550   1
      1140   5.375000e+00  4.084741e+00  1.785251e+01    153900   1
      1150   4.800000e+00  4.084737e+00  1.804348e+01    155250   1
      1160   3.300000e+00  4.084737e+00  1.822278e+01    156600   1
      1170   4.356250e+00  4.084737e+00  1.840128e+01    157950   1
      1180   3.900000e+00  4.084737e+00  1.858453e+01    159300   1
      1190   4.450000e+00  4.084737e+00  1.876942e+01    160650   1
      1200   5.156250e+00  4.084737e+00  1.895361e+01    162000   1
      1210   4.500000e+00  4.084737e+00  1.913391e+01    163350   1
      1220   4.875000e+00  4.084737e+00  1.932592e+01    164700   1
      1230   4.000000e+00  4.084737e+00  1.950681e+01    166050   1
      1240   4.062500e+00  4.084737e+00  1.970946e+01    167400   1
      1250   5.450000e+00  4.084737e+00  1.990041e+01    168750   1
      1256   4.250000e+00  4.084737e+00  2.001544e+01    169560   1
-------------------------------------------------------------------
status         : time_limit
total time (s) : 2.001544e+01
total solves   : 169560
best bound     :  4.084737e+00
simulation ci  :  4.071881e+00 ± 4.033431e-02
numeric issues : 0
-------------------------------------------------------------------

-------------------------------------------------------------------
         SDDP.jl (c) Oscar Dowson and contributors, 2017-24
-------------------------------------------------------------------
problem
  nodes           : 3
  state variables : 1
  scenarios       : 8.51840e+04
  existing cuts   : false
options
  solver          : serial mode
  risk measure    : SDDP.Expectation()
  sampling scheme : SDDP.InSampleMonteCarlo
subproblem structure
  VariableRef                             : [6, 6]
  AffExpr in MOI.EqualTo{Float64}         : [1, 3]
  AffExpr in MOI.LessThan{Float64}        : [2, 2]
  VariableRef in MOI.GreaterThan{Float64} : [3, 4]
  VariableRef in MOI.LessThan{Float64}    : [3, 3]
numerical stability report
  matrix range     [8e-01, 2e+00]
  objective range  [1e+00, 2e+00]
  bounds range     [1e+00, 1e+02]
  rhs range        [5e+01, 5e+01]
-------------------------------------------------------------------
 iteration    simulation      bound        time (s)     solves  pid
-------------------------------------------------------------------
        10   5.062500e+00  4.353958e+00  2.072642e-01      1350   1
        20   4.968750e+00  4.045712e+00  5.942411e-01      2700   1
        30   4.125000e+00  4.044102e+00  1.088935e+00      4050   1
        40   3.925000e+00  4.041036e+00  1.762812e+00      5400   1
        50   3.875000e+00  4.040526e+00  2.468931e+00      6750   1
        60   3.918750e+00  4.040326e+00  3.360452e+00      8100   1
        70   3.600000e+00  4.039355e+00  4.334989e+00      9450   1
        80   4.250000e+00  4.039113e+00  5.416816e+00     10800   1
        90   5.400000e+00  4.039031e+00  6.605871e+00     12150   1
       100   3.000000e+00  4.038942e+00  7.949408e+00     13500   1
       110   3.000000e+00  4.038875e+00  9.341285e+00     14850   1
       120   2.993750e+00  4.038847e+00  1.084133e+01     16200   1
       130   4.431250e+00  4.038776e+00  1.254038e+01     17550   1
       140   5.625000e+00  4.038780e+00  1.430669e+01     18900   1
       150   3.081250e+00  4.038772e+00  1.613025e+01     20250   1
       160   3.625000e+00  4.037588e+00  1.807598e+01     21600   1
       170   4.500000e+00  4.037578e+00  2.006882e+01     22950   1
-------------------------------------------------------------------
status         : time_limit
total time (s) : 2.006882e+01
total solves   : 22950
best bound     :  4.037578e+00
simulation ci  :  4.048088e+00 ± 1.149896e-01
numeric issues : 0
-------------------------------------------------------------------

-------------------------------------------------------------------
         SDDP.jl (c) Oscar Dowson and contributors, 2017-24
-------------------------------------------------------------------
problem
  nodes           : 8
  state variables : 1
  scenarios       : 1.00000e+08
  existing cuts   : false
options
  solver          : serial mode
  risk measure    : SDDP.Expectation()
  sampling scheme : SDDP.InSampleMonteCarlo
subproblem structure
  VariableRef                             : [7, 7]
  AffExpr in MOI.EqualTo{Float64}         : [1, 1]
  AffExpr in MOI.GreaterThan{Float64}     : [2, 2]
  VariableRef in MOI.GreaterThan{Float64} : [4, 4]
  VariableRef in MOI.LessThan{Float64}    : [1, 2]
  VariableRef in MOI.ZeroOne              : [1, 1]
numerical stability report
  matrix range     [1e+00, 2e+00]
  objective range  [5e-01, 1e+00]
  bounds range     [1e+00, 1e+00]
  rhs range        [1e+00, 1e+00]
-------------------------------------------------------------------
 iteration    simulation      bound        time (s)     solves  pid
-------------------------------------------------------------------
        10   3.785215e+00  1.166861e+00  3.846412e-01      1680   1
        20   2.812407e+00  1.167299e+00  4.831080e-01      2560   1
        30   2.828561e+00  1.167299e+00  8.836591e-01      4240   1
        40   3.470837e+00  1.167299e+00  9.871671e-01      5120   1
        50   2.832678e+00  1.167299e+00  1.375145e+00      6800   1
        60   3.234686e+00  1.167299e+00  1.479508e+00      7680   1
        70   3.192636e+00  1.167299e+00  1.876036e+00      9360   1
        80   2.722614e+00  1.167299e+00  1.990646e+00     10240   1
-------------------------------------------------------------------
status         : simulation_stopping
total time (s) : 1.990646e+00
total solves   : 10240
best bound     :  1.167299e+00
simulation ci  :  3.241472e+00 ± 9.570211e-02
numeric issues : 0
-------------------------------------------------------------------

-------------------------------------------------------------------
         SDDP.jl (c) Oscar Dowson and contributors, 2017-24
-------------------------------------------------------------------
problem
  nodes           : 2
  state variables : 2
  scenarios       : 4.00000e+00
  existing cuts   : false
options
  solver          : serial mode
  risk measure    : SDDP.Expectation()
  sampling scheme : SDDP.InSampleMonteCarlo
subproblem structure
  VariableRef                             : [7, 11]
  AffExpr in MOI.EqualTo{Float64}         : [2, 2]
  AffExpr in MOI.LessThan{Float64}        : [2, 2]
  VariableRef in MOI.GreaterThan{Float64} : [5, 7]
  VariableRef in MOI.Integer              : [2, 2]
  VariableRef in MOI.LessThan{Float64}    : [4, 7]
  VariableRef in MOI.ZeroOne              : [4, 4]
numerical stability report
  matrix range     [1e+00, 6e+00]
  objective range  [1e+00, 3e+01]
  bounds range     [1e+00, 1e+02]
  rhs range        [0e+00, 0e+00]
-------------------------------------------------------------------
 iteration    simulation      bound        time (s)     solves  pid
-------------------------------------------------------------------
        10  -4.700000e+01 -5.809615e+01  3.155112e-02        78   1
        20  -4.700000e+01 -5.809615e+01  6.403112e-02       148   1
        30  -4.700000e+01 -5.809615e+01  1.078620e-01       226   1
        40  -4.700000e+01 -5.809615e+01  1.450770e-01       296   1
-------------------------------------------------------------------
status         : simulation_stopping
total time (s) : 1.450770e-01
total solves   : 296
best bound     : -5.809615e+01
simulation ci  : -5.821250e+01 ± 8.353903e+00
numeric issues : 0
-------------------------------------------------------------------

-------------------------------------------------------------------
         SDDP.jl (c) Oscar Dowson and contributors, 2017-24
-------------------------------------------------------------------
problem
  nodes           : 2
  state variables : 2
  scenarios       : 9.00000e+00
  existing cuts   : false
options
  solver          : serial mode
  risk measure    : SDDP.Expectation()
  sampling scheme : SDDP.InSampleMonteCarlo
subproblem structure
  VariableRef                             : [7, 11]
  AffExpr in MOI.EqualTo{Float64}         : [2, 2]
  AffExpr in MOI.LessThan{Float64}        : [2, 2]
  VariableRef in MOI.GreaterThan{Float64} : [5, 7]
  VariableRef in MOI.Integer              : [2, 2]
  VariableRef in MOI.LessThan{Float64}    : [4, 7]
  VariableRef in MOI.ZeroOne              : [4, 4]
numerical stability report
  matrix range     [1e+00, 6e+00]
  objective range  [1e+00, 3e+01]
  bounds range     [1e+00, 1e+02]
  rhs range        [0e+00, 0e+00]
-------------------------------------------------------------------
 iteration    simulation      bound        time (s)     solves  pid
-------------------------------------------------------------------
        10  -7.500000e+01 -6.196125e+01  3.917003e-02       138   1
        20  -7.500000e+01 -6.196125e+01  7.568693e-02       258   1
        30  -4.000000e+01 -6.196125e+01  1.258390e-01       396   1
        40  -4.000000e+01 -6.196125e+01  1.636629e-01       516   1
-------------------------------------------------------------------
status         : simulation_stopping
total time (s) : 1.636629e-01
total solves   : 516
best bound     : -6.196125e+01
simulation ci  : -5.753750e+01 ± 6.415492e+00
numeric issues : 0
-------------------------------------------------------------------

-------------------------------------------------------------------
         SDDP.jl (c) Oscar Dowson and contributors, 2017-24
-------------------------------------------------------------------
problem
  nodes           : 2
  state variables : 2
  scenarios       : 3.60000e+01
  existing cuts   : false
options
  solver          : serial mode
  risk measure    : SDDP.Expectation()
  sampling scheme : SDDP.InSampleMonteCarlo
subproblem structure
  VariableRef                             : [7, 11]
  AffExpr in MOI.EqualTo{Float64}         : [2, 2]
  AffExpr in MOI.LessThan{Float64}        : [2, 2]
  VariableRef in MOI.GreaterThan{Float64} : [5, 7]
  VariableRef in MOI.Integer              : [2, 2]
  VariableRef in MOI.LessThan{Float64}    : [4, 7]
  VariableRef in MOI.ZeroOne              : [4, 4]
numerical stability report
  matrix range     [1e+00, 6e+00]
  objective range  [1e+00, 3e+01]
  bounds range     [1e+00, 1e+02]
  rhs range        [0e+00, 0e+00]
-------------------------------------------------------------------
 iteration    simulation      bound        time (s)     solves  pid
-------------------------------------------------------------------
        10  -7.000000e+01 -6.546793e+01  1.127911e-01       462   1
        20  -6.300000e+01 -6.546793e+01  1.754351e-01       852   1
        30  -4.000000e+01 -6.546793e+01  2.937300e-01      1314   1
        40  -8.200000e+01 -6.546793e+01  3.561492e-01      1704   1
-------------------------------------------------------------------
status         : simulation_stopping
total time (s) : 3.561492e-01
total solves   : 1704
best bound     : -6.546793e+01
simulation ci  : -6.206250e+01 ± 4.415467e+00
numeric issues : 0
-------------------------------------------------------------------

-------------------------------------------------------------------
         SDDP.jl (c) Oscar Dowson and contributors, 2017-24
-------------------------------------------------------------------
problem
  nodes           : 3
  state variables : 2
  scenarios       : 2.70000e+01
  existing cuts   : false
options
  solver          : serial mode
  risk measure    : SDDP.Expectation()
  sampling scheme : SDDP.InSampleMonteCarlo
subproblem structure
  VariableRef                             : [9, 9]
  AffExpr in MOI.EqualTo{Float64}         : [2, 2]
  AffExpr in MOI.LessThan{Float64}        : [2, 2]
  VariableRef in MOI.GreaterThan{Float64} : [2, 3]
  VariableRef in MOI.LessThan{Float64}    : [3, 3]
  VariableRef in MOI.ZeroOne              : [4, 4]
numerical stability report
  matrix range     [1e+00, 1e+00]
  objective range  [1e+00, 6e+00]
  bounds range     [1e+00, 1e+02]
  rhs range        [0e+00, 0e+00]
-------------------------------------------------------------------
 iteration    simulation      bound        time (s)     solves  pid
-------------------------------------------------------------------
         1L  6.000000e+00  1.200000e+01  4.201794e-02        11   1
        40L  1.200000e+01  8.000000e+00  4.173889e-01       602   1
-------------------------------------------------------------------
status         : simulation_stopping
total time (s) : 4.173889e-01
total solves   : 602
best bound     :  8.000000e+00
simulation ci  :  8.100000e+00 ± 9.693887e-01
numeric issues : 0
-------------------------------------------------------------------

-------------------------------------------------------------------
         SDDP.jl (c) Oscar Dowson and contributors, 2017-24
-------------------------------------------------------------------
problem
  nodes           : 2
  state variables : 3
  scenarios       : 3.00000e+00
  existing cuts   : false
options
  solver          : serial mode
  risk measure    : SDDP.Expectation()
  sampling scheme : SDDP.InSampleMonteCarlo
subproblem structure
  VariableRef                             : [7, 19]
  AffExpr in MOI.EqualTo{Float64}         : [3, 3]
  AffExpr in MOI.GreaterThan{Float64}     : [3, 3]
  AffExpr in MOI.LessThan{Float64}        : [1, 1]
  VariableRef in MOI.GreaterThan{Float64} : [3, 16]
  VariableRef in MOI.LessThan{Float64}    : [1, 2]
numerical stability report
  matrix range     [1e+00, 2e+01]
  objective range  [1e+00, 1e+03]
  bounds range     [6e+03, 5e+05]
  rhs range        [2e+02, 5e+02]
-------------------------------------------------------------------
 iteration    simulation      bound        time (s)     solves  pid
-------------------------------------------------------------------
         1  -9.800000e+04  4.922260e+05  8.631396e-02         6   1
        40   1.093500e+05  1.083900e+05  1.157839e-01       240   1
-------------------------------------------------------------------
status         : iteration_limit
total time (s) : 1.157839e-01
total solves   : 240
best bound     :  1.083900e+05
simulation ci  :  1.008813e+05 ± 2.001742e+04
numeric issues : 0
-------------------------------------------------------------------

