------------------------------------------------------------------------------
          SDDP.jl (c) Oscar Dowson and SDDP.jl contributors, 2017-23

Problem
  Nodes           : 2
  State variables : 1
  Scenarios       : 1.00000e+01
  Existing cuts   : false
  Subproblem structure                      : (min, max)
    Variables                               : (4, 4)
    VariableRef in MOI.LessThan{Float64}    : (1, 1)
    AffExpr in MOI.LessThan{Float64}        : (1, 1)
    VariableRef in MOI.GreaterThan{Float64} : (2, 3)
    AffExpr in MOI.EqualTo{Float64}         : (1, 1)
Options
  Solver          : serial mode
  Risk measure    : SDDP.Expectation()
  Sampling scheme : SDDP.InSampleMonteCarlo

Numerical stability report
  Non-zero Matrix range     [1e+00, 1e+00]
  Non-zero Objective range  [1e+00, 1e+00]
  Non-zero Bounds range     [4e-01, 3e+00]
  Non-zero RHS range        [0e+00, 0e+00]
No problems detected

 Iteration    Simulation       Bound         Time (s)    Proc. ID   # Solves
        1    0.000000e+00   5.199822e-01   3.457785e-03          1         13
        2    2.407140e-01   3.763149e-01   4.872799e-03          1         26
        3    3.763149e-01   2.399318e-01   7.056952e-03          1         39
        4    2.399318e-01   1.667683e-01   8.539915e-03          1         52
        5    2.921914e-01   1.536876e-01   1.016593e-02          1         65
        6    2.594896e-01   1.523266e-01   1.183391e-02          1         78
        7    2.560870e-01   1.523266e-01   1.370883e-02          1         91
        8    2.560870e-01   1.523266e-01   1.554799e-02          1        104
        9   -7.815171e-01   1.523266e-01   1.766086e-02          1        117
       10    2.560870e-01   1.523266e-01   1.935387e-02          1        130
       11    2.560870e-01   1.523266e-01   2.091599e-02          1        143

Terminating training
  Status         : bound_stalling
  Total time (s) : 2.091599e-02
  Total solves   : 143
  Best bound     :  1.523266e-01
  Simulation CI  :  1.501339e-01 ± 1.901194e-01
------------------------------------------------------------------------------
------------------------------------------------------------------------------
          SDDP.jl (c) Oscar Dowson and SDDP.jl contributors, 2017-23

Problem
  Nodes           : 3
  State variables : 1
  Scenarios       : 2.70000e+01
  Existing cuts   : false
  Subproblem structure                      : (min, max)
    Variables                               : (7, 7)
    VariableRef in MOI.LessThan{Float64}    : (1, 2)
    VariableRef in MOI.GreaterThan{Float64} : (5, 5)
    AffExpr in MOI.EqualTo{Float64}         : (2, 2)
Options
  Solver          : serial mode
  Risk measure    : SDDP.Expectation()
  Sampling scheme : SDDP.InSampleMonteCarlo

Numerical stability report
  Non-zero Matrix range     [1e+00, 1e+00]
  Non-zero Objective range  [1e+00, 2e+02]
  Non-zero Bounds range     [2e+02, 2e+02]
  Non-zero RHS range        [2e+02, 2e+02]
No problems detected

 Iteration    Simulation       Bound         Time (s)    Proc. ID   # Solves
        1    3.000000e+04   2.500000e+03   5.077124e-03          1         12
        2    1.500000e+04   7.500000e+03   7.177114e-03          1         24
        3    8.750000e+03   7.916667e+03   9.324074e-03          1         36
        4    1.000000e+04   8.333333e+03   1.128197e-02          1         48
        5    5.000000e+03   8.333333e+03   1.332998e-02          1         60
        6    5.000000e+03   8.333333e+03   1.517916e-02          1         72
        7    2.500000e+03   8.333333e+03   1.740003e-02          1         84
        8    1.250000e+04   8.333333e+03   1.968598e-02          1         96
        9    5.000000e+03   8.333333e+03   2.170706e-02          1        108
       10    7.500000e+03   8.333333e+03   2.394009e-02          1        120

Terminating training
  Status         : iteration_limit
  Total time (s) : 2.394009e-02
  Total solves   : 120
  Best bound     :  8.333333e+03
  Simulation CI  :  1.012500e+04 ± 4.933235e+03
------------------------------------------------------------------------------
------------------------------------------------------------------------------
          SDDP.jl (c) Oscar Dowson and SDDP.jl contributors, 2017-23

Problem
  Nodes           : 5
  State variables : 1
  Scenarios       : 1.08000e+02
  Existing cuts   : false
  Subproblem structure                      : (min, max)
    Variables                               : (7, 7)
    VariableRef in MOI.LessThan{Float64}    : (1, 2)
    VariableRef in MOI.GreaterThan{Float64} : (5, 5)
    AffExpr in MOI.EqualTo{Float64}         : (2, 2)
Options
  Solver          : serial mode
  Risk measure    : SDDP.Expectation()
  Sampling scheme : SDDP.InSampleMonteCarlo

Numerical stability report
  Non-zero Matrix range     [1e+00, 1e+00]
  Non-zero Objective range  [1e+00, 2e+02]
  Non-zero Bounds range     [2e+02, 2e+02]
  Non-zero RHS range        [2e+02, 2e+02]
No problems detected

 Iteration    Simulation       Bound         Time (s)    Proc. ID   # Solves
        1    4.375000e+04   1.991887e+03   7.069111e-03          1         18
        2    5.619654e+03   7.701344e+03   1.081991e-02          1         36
        3    1.625000e+04   8.072917e+03   1.486397e-02          1         54
        4    5.000000e+03   8.072917e+03   1.882601e-02          1         72
        5    1.875000e+03   8.072917e+03   2.188706e-02          1         90
        6    5.000000e+03   8.072917e+03   2.592993e-02          1        108
        7    1.125000e+04   8.072917e+03   3.002310e-02          1        126
        8    1.875000e+03   8.072917e+03   3.394008e-02          1        144
        9    9.375000e+03   8.072917e+03   3.804493e-02          1        162
       10    5.000000e+03   8.072917e+03   4.215908e-02          1        180

Terminating training
  Status         : iteration_limit
  Total time (s) : 4.215908e-02
  Total solves   : 180
  Best bound     :  8.072917e+03
  Simulation CI  :  1.049947e+04 ± 7.740834e+03
------------------------------------------------------------------------------
------------------------------------------------------------------------------
          SDDP.jl (c) Oscar Dowson and SDDP.jl contributors, 2017-23

Problem
  Nodes           : 3
  State variables : 1
  Scenarios       : 1.00000e+00
  Existing cuts   : false
  Subproblem structure                      : (min, max)
    Variables                               : (4, 4)
    VariableRef in MOI.EqualTo{Float64}     : (1, 1)
    VariableRef in MOI.LessThan{Float64}    : (1, 1)
    AffExpr in MOI.LessThan{Float64}        : (1, 1)
    VariableRef in MOI.GreaterThan{Float64} : (2, 3)
    AffExpr in MOI.EqualTo{Float64}         : (1, 1)
Options
  Solver          : serial mode
  Risk measure    : SDDP.Expectation()
  Sampling scheme : SDDP.InSampleMonteCarlo

Numerical stability report
  Non-zero Matrix range     [1e+00, 1e+00]
  Non-zero Objective range  [0e+00, 0e+00]
  Non-zero Bounds range     [0e+00, 0e+00]
  Non-zero RHS range        [0e+00, 0e+00]
No problems detected

 Iteration    Simulation       Bound         Time (s)    Proc. ID   # Solves
        1    2.499895e+01   1.562631e+00   4.428196e-02          1          6
        2    9.374869e+00   6.250337e+00   1.031189e-01          1         12
        3    9.374777e+00   7.812434e+00   1.438758e-01          1         18
        4    8.593609e+00   8.203174e+00   1.921890e-01          1         24
        5    8.398407e+00   8.300761e+00   2.418318e-01          1         30
        6    8.349577e+00   8.325206e+00   2.949100e-01          1         36
        7    8.337394e+00   8.331293e+00   3.462000e-01          1         42
        8    8.334343e+00   8.332827e+00   4.037850e-01          1         48
        9    8.333586e+00   8.333205e+00   4.605398e-01          1         54
       10    8.333395e+00   8.333302e+00   5.144219e-01          1         60
       11    8.333349e+00   8.333325e+00   5.703950e-01          1         66
       12    8.333337e+00   8.333331e+00   6.247439e-01          1         72
       13    8.333334e+00   8.333333e+00   6.788149e-01          1         78
       14    8.333333e+00   8.333333e+00   7.327619e-01          1         84
       15    8.333333e+00   8.333333e+00   7.916648e-01          1         90
       16    8.333333e+00   8.333333e+00   8.487170e-01          1         96
       17    8.333333e+00   8.333333e+00   9.069889e-01          1        102
       18    8.333333e+00   8.333333e+00   9.655199e-01          1        108

Terminating training
  Status         : bound_stalling
  Total time (s) : 9.655199e-01
  Total solves   : 108
  Best bound     :  8.333333e+00
  Simulation CI  :  9.394200e+00 ± 1.805733e+00
------------------------------------------------------------------------------
------------------------------------------------------------------------------
          SDDP.jl (c) Oscar Dowson and SDDP.jl contributors, 2017-23

Problem
  Nodes           : 1
  State variables : 12
  Scenarios       : Inf
  Existing cuts   : false
  Subproblem structure                   : (min, max)
    Variables                            : (25, 25)
    VariableRef in MOI.LessThan{Float64} : (1, 1)
    VariableRef in MOI.ZeroOne           : (12, 12)
    AffExpr in MOI.LessThan{Float64}     : (13, 13)
    AffExpr in MOI.EqualTo{Float64}      : (1, 1)
Options
  Solver          : serial mode
  Risk measure    : SDDP.Expectation()
  Sampling scheme : SDDP.InSampleMonteCarlo

Numerical stability report
  Non-zero Matrix range     [1e+00, 1e+00]
  Non-zero Objective range  [1e+00, 1e+00]
  Non-zero Bounds range     [1e+01, 1e+01]
  Non-zero RHS range        [1e+00, 1e+00]
No problems detected

 Iteration    Simulation       Bound         Time (s)    Proc. ID   # Solves
        1    0.000000e+00   9.000000e+00   3.528833e-03          1          3
        2    0.000000e+00   9.958140e+00   1.082897e-02          1         18
        3    0.000000e+00   7.217100e+00   1.426983e-02          1         23
        4    0.000000e+00   7.217100e+00   1.954603e-02          1         30
        5    0.000000e+00   7.217100e+00   5.936790e-02          1         85
        6    0.000000e+00   7.217100e+00   6.332397e-02          1         90
        7    8.000000e+00   6.843430e+00   7.632780e-02          1        115
        8    0.000000e+00   6.815187e+00   8.106184e-02          1        122
        9    3.000000e+00   6.727772e+00   8.906984e-02          1        137
       10    8.000000e+00   6.619150e+00   1.020100e-01          1        162
       11    5.000000e+00   6.588813e+00   1.117208e-01          1        181
       12    2.400000e+01   6.562797e+00   1.376629e-01          1        238
       13    3.300000e+01   6.561045e+00   1.731200e-01          1        313
       14    3.000000e+00   6.561027e+00   1.814809e-01          1        328
       15    0.000000e+00   6.561022e+00   1.864278e-01          1        337
       16    0.000000e+00   6.561019e+00   1.894739e-01          1        342
       17    1.000000e+00   6.561016e+00   1.961920e-01          1        353
       18    8.000000e+00   6.561005e+00   2.091320e-01          1        378
       19    6.000000e+00   6.561002e+00   2.199578e-01          1        399
       20    0.000000e+00   6.561002e+00   2.223830e-01          1        402
       21    2.000000e+00   6.561002e+00   2.297459e-01          1        415
       22    3.000000e+00   6.561001e+00   2.376490e-01          1        430
       23    0.000000e+00   6.561001e+00   2.526309e-01          1        451
       24    0.000000e+00   6.561001e+00   2.569339e-01          1        458

Terminating training
  Status         : bound_stalling
  Total time (s) : 2.569339e-01
  Total solves   : 458
  Best bound     :  6.561001e+00
  Simulation CI  :  4.333333e+00 ± 3.230246e+00
------------------------------------------------------------------------------
------------------------------------------------------------------------------
          SDDP.jl (c) Oscar Dowson and SDDP.jl contributors, 2017-23

Problem
  Nodes           : 3
  State variables : 1
  Scenarios       : 1.72800e+03
  Existing cuts   : false
  Subproblem structure                      : (min, max)
    Variables                               : (8, 8)
    VariableRef in MOI.LessThan{Float64}    : (2, 3)
    AffExpr in MOI.GreaterThan{Float64}     : (2, 2)
    AffExpr in MOI.EqualTo{Float64}         : (2, 4)
    VariableRef in MOI.GreaterThan{Float64} : (6, 6)
Options
  Solver          : serial mode
  Risk measure    : SDDP.Expectation()
  Sampling scheme : SDDP.InSampleMonteCarlo

 Iteration    Simulation       Bound         Time (s)    Proc. ID   # Solves
        1    5.484375e+03   2.721774e+03   3.545189e-02          1         39
        2    6.187500e+03   4.017857e+03   4.116583e-02          1         78
        3    4.687500e+03   4.549851e+03   4.711795e-02          1        117
        4    2.227500e+03   4.603505e+03   5.262089e-02          1        156
        5    3.507617e+02   4.641700e+03   5.971098e-02          1        195
        6    7.177500e+03   4.651342e+03   6.539083e-02          1        234
        7    8.978365e+03   4.651342e+03   7.087493e-02          1        273
        8    1.004875e+04   4.778783e+03   7.775283e-02          1        312
        9    4.702500e+03   4.778783e+03   8.571196e-02          1        351
       10    3.984375e+03   4.778783e+03   9.088397e-02          1        390

Terminating training
  Status         : iteration_limit
  Total time (s) : 9.088397e-02
  Total solves   : 390
  Best bound     :  4.778783e+03
  Simulation CI  :  5.382913e+03 ± 1.810065e+03
------------------------------------------------------------------------------
------------------------------------------------------------------------------
          SDDP.jl (c) Oscar Dowson and SDDP.jl contributors, 2017-23

Problem
  Nodes           : 3
  State variables : 1
  Scenarios       : 1.72800e+03
  Existing cuts   : false
  Subproblem structure                      : (min, max)
    Variables                               : (9, 9)
    VariableRef in MOI.LessThan{Float64}    : (3, 4)
    AffExpr in MOI.GreaterThan{Float64}     : (4, 4)
    AffExpr in MOI.EqualTo{Float64}         : (2, 10)
    VariableRef in MOI.GreaterThan{Float64} : (7, 7)
Options
  Solver          : serial mode
  Risk measure    : SDDP.Expectation()
  Sampling scheme : SDDP.InSampleMonteCarlo

 Iteration    Simulation       Bound         Time (s)    Proc. ID   # Solves
        1    1.368750e+04   4.416309e+03   4.118800e-02          1         39
        2   -2.060574e-12   4.783109e+03   4.666400e-02          1         78
        3    8.223473e+03   4.852887e+03   5.265594e-02          1        117
        4    4.445764e+03   4.933531e+03   5.960178e-02          1        156
        5    7.281250e+03   4.933531e+03   6.577301e-02          1        195
        6    3.539030e+03   4.995012e+03   7.225299e-02          1        234
        7    1.812500e+03   4.995012e+03   7.790279e-02          1        273
        8    0.000000e+00   4.995012e+03   8.443284e-02          1        312
        9    3.562500e+03   4.995012e+03   9.095478e-02          1        351
       10    0.000000e+00   4.995012e+03   9.781480e-02          1        390

Terminating training
  Status         : iteration_limit
  Total time (s) : 9.781480e-02
  Total solves   : 390
  Best bound     :  4.995012e+03
  Simulation CI  :  4.255202e+03 ± 2.734561e+03
------------------------------------------------------------------------------
------------------------------------------------------------------------------
          SDDP.jl (c) Oscar Dowson and SDDP.jl contributors, 2017-23

Problem
  Nodes           : 3
  State variables : 1
  Scenarios       : 2.70000e+01
  Existing cuts   : false
  Subproblem structure                      : (min, max)
    Variables                               : (7, 7)
    VariableRef in MOI.LessThan{Float64}    : (1, 2)
    VariableRef in MOI.GreaterThan{Float64} : (5, 5)
    AffExpr in MOI.EqualTo{Float64}         : (2, 2)
Options
  Solver          : serial mode
  Risk measure    : SDDP.Expectation()
  Sampling scheme : SDDP.InSampleMonteCarlo

Numerical stability report
  Non-zero Matrix range     [1e+00, 1e+00]
  Non-zero Objective range  [1e+00, 2e+02]
  Non-zero Bounds range     [2e+02, 2e+02]
  Non-zero RHS range        [2e+02, 2e+02]
No problems detected

 Iteration    Simulation       Bound         Time (s)    Proc. ID   # Solves
        1    3.750000e+04   3.958333e+03   3.602982e-03          1         12
        2    8.365385e+03   1.032738e+04   5.537987e-03          1         24
        3    1.125000e+04   1.050595e+04   7.119894e-03          1         36
        4    1.875000e+03   1.062500e+04   9.178877e-03          1         48
        5    5.000000e+03   1.062500e+04   1.130891e-02          1         60
        6    1.875000e+03   1.062500e+04   1.341486e-02          1         72
        7    5.000000e+03   1.062500e+04   1.591086e-02          1         84
        8    1.875000e+03   1.062500e+04   1.812601e-02          1         96
        9    1.125000e+04   1.062500e+04   2.067804e-02          1        108
       10    1.875000e+03   1.062500e+04   2.270293e-02          1        120

Terminating training
  Status         : iteration_limit
  Total time (s) : 2.270293e-02
  Total solves   : 120
  Best bound     :  1.062500e+04
  Simulation CI  :  8.586538e+03 ± 6.714190e+03
------------------------------------------------------------------------------
------------------------------------------------------------------------------
          SDDP.jl (c) Oscar Dowson and SDDP.jl contributors, 2017-23

Problem
  Nodes           : 5
  State variables : 1
  Scenarios       : 1.08000e+02
  Existing cuts   : false
  Subproblem structure                      : (min, max)
    Variables                               : (7, 7)
    VariableRef in MOI.LessThan{Float64}    : (1, 2)
    VariableRef in MOI.GreaterThan{Float64} : (5, 5)
    AffExpr in MOI.EqualTo{Float64}         : (2, 2)
Options
  Solver          : serial mode
  Risk measure    : SDDP.Expectation()
  Sampling scheme : SDDP.InSampleMonteCarlo

 Iteration    Simulation       Bound         Time (s)    Proc. ID   # Solves
        1    9.375000e+03   1.991887e+03   2.154994e-02          1         18
        2    1.592948e+04   7.701344e+03   2.481198e-02          1         36
        3    1.125000e+04   8.072917e+03   2.898908e-02          1         54
        4    1.312500e+04   8.072917e+03   3.358412e-02          1         72
        5    5.000000e+03   8.072917e+03   3.838992e-02          1         90
        6    1.875000e+03   8.072917e+03   4.211807e-02          1        108
        7    5.000000e+03   8.072917e+03   4.594493e-02          1        126
        8    2.437500e+04   8.072917e+03   5.043197e-02          1        144
        9    1.875000e+03   8.072917e+03   5.443811e-02          1        162
       10    1.125000e+04   8.072917e+03   5.800009e-02          1        180
       11    2.750000e+04   8.072917e+03   6.182504e-02          1        198
       12    5.000000e+03   8.072917e+03   6.544495e-02          1        216
       13    2.750000e+04   8.072917e+03   6.996298e-02          1        234
       14    2.437500e+04   8.072917e+03   7.413912e-02          1        252
       15    1.125000e+04   8.072917e+03   7.774401e-02          1        270
       16    2.197500e+04   8.072917e+03   8.255506e-02          1        288
       17    5.000000e+03   8.072917e+03   8.714509e-02          1        306
       18    9.375000e+03   8.072917e+03   9.111595e-02          1        324
       19    1.875000e+03   8.072917e+03   9.507704e-02          1        342
       20    5.000000e+03   8.072917e+03   1.001050e-01          1        360

Terminating training
  Status         : iteration_limit
  Total time (s) : 1.001050e-01
  Total solves   : 360
  Best bound     :  8.072917e+03
  Simulation CI  :  1.189522e+04 ± 3.856016e+03
------------------------------------------------------------------------------
------------------------------------------------------------------------------
          SDDP.jl (c) Oscar Dowson and SDDP.jl contributors, 2017-23

Problem
  Nodes           : 3
  State variables : 1
  Scenarios       : 1.00000e+00
  Existing cuts   : false
  Subproblem structure                      : (min, max)
    Variables                               : (5, 5)
    VariableRef in MOI.LessThan{Float64}    : (1, 1)
    VariableRef in MOI.GreaterThan{Float64} : (4, 4)
    AffExpr in MOI.EqualTo{Float64}         : (2, 2)
Options
  Solver          : serial mode
  Risk measure    : SDDP.Expectation()
  Sampling scheme : SDDP.InSampleMonteCarlo

 Iteration    Simulation       Bound         Time (s)    Proc. ID   # Solves
        1    6.500000e+00   3.000000e+00   3.520012e-03          1          6
        2    3.500000e+00   3.500000e+00   4.650116e-03          1         12
        3    3.500000e+00   3.500000e+00   5.816936e-03          1         18
        4    3.500000e+00   3.500000e+00   7.237911e-03          1         24
        5    3.500000e+00   3.500000e+00   8.737087e-03          1         30

Terminating training
  Status         : iteration_limit
  Total time (s) : 8.737087e-03
  Total solves   : 30
  Best bound     :  3.500000e+00
  Simulation CI  :  4.100000e+00 ± 1.176000e+00
------------------------------------------------------------------------------
------------------------------------------------------------------------------
          SDDP.jl (c) Oscar Dowson and SDDP.jl contributors, 2017-23

Problem
  Nodes           : 3
  State variables : 1
  Scenarios       : 1.00000e+00
  Existing cuts   : false
  Subproblem structure                      : (min, max)
    Variables                               : (5, 5)
    VariableRef in MOI.LessThan{Float64}    : (1, 1)
    VariableRef in MOI.GreaterThan{Float64} : (4, 4)
    AffExpr in MOI.EqualTo{Float64}         : (2, 2)
Options
  Solver          : serial mode
  Risk measure    : SDDP.Expectation()
  Sampling scheme : SDDP.InSampleMonteCarlo

 Iteration    Simulation       Bound         Time (s)    Proc. ID   # Solves
        1    6.500000e+00   1.100000e+01   3.440142e-03          1          6
        2    5.500000e+00   1.100000e+01   4.464149e-03          1         12
        3    5.500000e+00   1.100000e+01   5.846024e-03          1         18
        4    5.500000e+00   1.100000e+01   6.979942e-03          1         24
        5    5.500000e+00   1.100000e+01   8.089066e-03          1         30

Terminating training
  Status         : iteration_limit
  Total time (s) : 8.089066e-03
  Total solves   : 30
  Best bound     :  1.100000e+01
  Simulation CI  :  5.700000e+00 ± 3.920000e-01
------------------------------------------------------------------------------
