-------------------------------------------------------------------
         SDDP.jl (c) Oscar Dowson and contributors, 2017-23
-------------------------------------------------------------------
problem
  nodes           : 3
  state variables : 1
  scenarios       : 1.33100e+03
  existing cuts   : true
options
  solver          : serial mode
  risk measure    : SDDP.Expectation()
  sampling scheme : SDDP.InSampleMonteCarlo
subproblem structure
  VariableRef                             : [9, 9]
  AffExpr in MOI.EqualTo{Float64}         : [2, 4]
  AffExpr in MOI.GreaterThan{Float64}     : [3, 25]
  VariableRef in MOI.EqualTo{Float64}     : [1, 1]
  VariableRef in MOI.GreaterThan{Float64} : [8, 8]
  VariableRef in MOI.LessThan{Float64}    : [5, 6]
-------------------------------------------------------------------
 iteration    simulation      bound        time (s)     solves  pid
-------------------------------------------------------------------
         1   3.737500e+02  4.626061e+02  3.371000e-03      1520   1
        10   2.450000e+02  4.658509e+02  3.380990e-02      1844   1
-------------------------------------------------------------------
status         : iteration_limit
total time (s) : 3.380990e-02
total solves   : 1844
best bound     :  4.658509e+02
simulation ci  :  3.907376e+02 ± 9.045105e+01
numeric issues : 0
-------------------------------------------------------------------

