------------------------------------------------------------------------------
                      SDDP.jl (c) Oscar Dowson, 2017-21

Problem
  Nodes           : 60
  State variables : 4
  Scenarios       : 8.22275e+112
  Existing cuts   : true
  Subproblem structure                      : (min, max)
    Variables                               : (158, 158)
    VariableRef in MOI.EqualTo{Float64}     : (8, 8)
    VariableRef in MOI.LessThan{Float64}    : (145, 146)
    AffExpr in MOI.GreaterThan{Float64}     : (5, 78)
    AffExpr in MOI.EqualTo{Float64}         : (9, 11)
    VariableRef in MOI.GreaterThan{Float64} : (150, 150)
Options
  Solver          : serial mode
  Risk measure    : SDDP.Expectation()
  Sampling scheme : SDDP.InSampleMonteCarlo

 Iteration    Simulation       Bound         Time (s)    Proc. ID   # Solves
        1    4.524816e+04   4.797751e+04   1.562736e+00          1     377226
        2    4.418915e+04   4.811352e+04   3.104784e+00          1     382125
        3    5.577572e+04   4.811358e+04   4.642451e+00          1     387024
        4    4.398664e+04   4.811364e+04   6.258130e+00          1     391923
        5    5.546989e+04   4.807439e+04   7.820840e+00          1     396822
        6    4.750287e+04   4.811379e+04   9.376917e+00          1     401721
        7    4.541246e+04   4.811385e+04   1.092069e+01          1     406620
        8    5.726553e+04   4.827688e+04   1.247701e+01          1     411519
        9    5.653426e+04   4.827764e+04   1.406085e+01          1     416418
       10    4.975398e+04   4.827764e+04   1.560789e+01          1     421317
       11    4.590005e+04   4.828113e+04   1.716654e+01          1     426216
       12    4.876793e+04   4.839715e+04   1.870857e+01          1     431115
       13    5.574506e+04   4.839715e+04   2.027337e+01          1     436014
       14    5.887528e+04   4.840636e+04   2.186046e+01          1     440913
       15    5.853689e+04   4.841791e+04   2.343548e+01          1     445812
       16    4.105266e+04   4.860497e+04   2.497456e+01          1     450711
       17    4.593254e+04   4.861312e+04   2.654246e+01          1     455610
       18    5.082437e+04   4.861554e+04   2.815227e+01          1     460509
       19    5.181294e+04   4.861563e+04   2.972633e+01          1     465408
       20    5.499340e+04   4.861600e+04   3.129681e+01          1     470307
       21    4.580265e+04   4.867380e+04   3.286949e+01          1     475206
       22    5.182697e+04   4.867501e+04   3.445010e+01          1     480105
       23    5.461569e+04   4.871296e+04   3.605571e+01          1     485004
       24    5.139489e+04   4.871996e+04   3.762473e+01          1     489903
       25    6.024460e+04   4.876706e+04   3.920804e+01          1     494802
       26    5.270291e+04   4.880141e+04   4.076953e+01          1     499701
       27    6.032944e+04   4.880465e+04   4.237660e+01          1     504600
       28    4.773645e+04   4.884882e+04   4.392800e+01          1     509499
       29    4.992509e+04   4.885081e+04   4.549714e+01          1     514398
       30    5.235383e+04   4.885438e+04   4.707892e+01          1     519297
       31    5.056541e+04   4.885526e+04   4.866142e+01          1     524196
       32    4.902052e+04   4.886821e+04   5.028787e+01          1     529095
       33    4.640458e+04   4.886963e+04   5.186343e+01          1     533994
       34    6.149428e+04   4.888825e+04   5.343859e+01          1     538893
       35    5.440254e+04   4.889497e+04   5.502321e+01          1     543792
       36    4.426727e+04   4.889806e+04   5.660876e+01          1     548691
       37    4.989773e+04   4.890137e+04   5.821576e+01          1     553590
       38    5.041637e+04   4.893767e+04   5.977822e+01          1     558489
       39    5.428109e+04   4.895313e+04   6.135734e+01          1     563388
       40    5.067762e+04   4.910430e+04   6.293890e+01          1     568287

Terminating training
  Status         : bound_limit
  Total time (s) : 6.293890e+01
  Total solves   : 568287
  Best bound     :  4.910430e+04
  Simulation CI  :  5.129849e+04 ± 1.593411e+03
------------------------------------------------------------------------------
