------------------------------------------------------------------------------
                      SDDP.jl (c) Oscar Dowson, 2017-21

Problem
  Nodes           : 60
  State variables : 4
  Scenarios       : 8.22275e+112
  Existing cuts   : true
  Subproblem structure                      : (min, max)
    Variables                               : (158, 158)
    VariableRef in MOI.EqualTo{Float64}     : (8, 8)
    VariableRef in MOI.LessThan{Float64}    : (145, 146)
    AffExpr in MOI.GreaterThan{Float64}     : (9, 343)
    AffExpr in MOI.EqualTo{Float64}         : (9, 11)
    VariableRef in MOI.GreaterThan{Float64} : (150, 150)
Options
  Solver          : serial mode
  Risk measure    : SDDP.Expectation()
  Sampling scheme : SDDP.InSampleMonteCarlo

 Iteration    Simulation       Bound         Time (s)    Proc. ID   # Solves
        1    6.364921e+04   6.568273e+04   1.709011e+00          1    1675465
        2    8.468420e+04   6.568848e+04   3.445059e+00          1    1680364
        3    8.153197e+04   6.568273e+04   5.187736e+00          1    1685263
        4    7.389768e+04   6.568933e+04   6.915034e+00          1    1690162
        5    8.378619e+04   6.716443e+04   8.649104e+00          1    1695061
        6    9.016839e+04   6.716796e+04   1.038821e+01          1    1699960
        7    5.735246e+04   6.717454e+04   1.213613e+01          1    1704859
        8    8.973433e+04   6.766834e+04   1.388060e+01          1    1709758
        9    8.387235e+04   6.772497e+04   1.560574e+01          1    1714657
       10    7.679788e+04   6.778380e+04   1.733642e+01          1    1719556
       11    9.029194e+04   6.866068e+04   1.907749e+01          1    1724455
       12    1.031327e+05   6.884396e+04   2.082264e+01          1    1729354
       13    5.683144e+04   6.884878e+04   2.257708e+01          1    1734253
       14    9.525472e+04   6.885398e+04   2.434608e+01          1    1739152
       15    8.427933e+04   6.885435e+04   2.611398e+01          1    1744051
       16    7.971432e+04   6.916695e+04   2.788311e+01          1    1748950
       17    9.049258e+04   6.931403e+04   2.965594e+01          1    1753849
       18    6.381280e+04   6.947776e+04   3.139934e+01          1    1758748
       19    8.831861e+04   7.208187e+04   3.316375e+01          1    1763647
       20    8.277107e+04   7.208874e+04   3.492666e+01          1    1768546
       21    6.935522e+04   7.209789e+04   3.669598e+01          1    1773445
       22    7.527376e+04   7.239731e+04   3.847270e+01          1    1778344
       23    6.043670e+04   7.240141e+04   4.023585e+01          1    1783243
       24    6.773485e+04   7.240904e+04   4.203368e+01          1    1788142
       25    6.861344e+04   7.244144e+04   4.380872e+01          1    1793041
       26    7.015235e+04   7.244470e+04   4.558079e+01          1    1797940
       27    7.393048e+04   7.245439e+04   4.735335e+01          1    1802839
       28    8.312643e+04   7.245483e+04   4.912175e+01          1    1807738
       29    6.657869e+04   7.246016e+04   5.090957e+01          1    1812637
       30    7.206076e+04   7.248072e+04   5.268661e+01          1    1817536
       31    8.735632e+04   7.249032e+04   5.447786e+01          1    1822435
       32    7.059141e+04   7.249303e+04   5.627820e+01          1    1827334
       33    5.999087e+04   7.249693e+04   5.806069e+01          1    1832233
       34    8.564759e+04   7.292065e+04   5.984122e+01          1    1837132
       35    6.817177e+04   7.292463e+04   6.163789e+01          1    1842031
       36    5.425053e+04   7.293308e+04   6.343167e+01          1    1846930
       37    9.023967e+04   7.293342e+04   6.521421e+01          1    1851829
       38    9.215569e+04   7.307881e+04   6.700073e+01          1    1856728
       39    8.248695e+04   7.323516e+04   6.878494e+01          1    1861627
       40    7.021848e+04   7.323904e+04   7.057979e+01          1    1866526
       41    9.897394e+04   7.331072e+04   7.238903e+01          1    1871425
       42    7.089674e+04   7.331422e+04   7.416966e+01          1    1876324
       43    7.108883e+04   7.335341e+04   7.594875e+01          1    1881223
       44    1.026710e+05   7.336241e+04   7.775186e+01          1    1886122
       45    8.681145e+04   7.343289e+04   7.954804e+01          1    1891021
       46    6.828242e+04   7.343985e+04   8.136883e+01          1    1895920
       47    7.226634e+04   7.344161e+04   8.317789e+01          1    1900819
       48    7.904808e+04   7.344355e+04   8.499401e+01          1    1905718
       49    8.171158e+04   7.347649e+04   8.684418e+01          1    1910617
       50    7.888421e+04   7.347708e+04   8.878390e+01          1    1915516
       51    8.010072e+04   7.348261e+04   9.068302e+01          1    1920415
       52    7.653916e+04   7.348422e+04   9.262448e+01          1    1925314
       53    8.122219e+04   7.348700e+04   9.458908e+01          1    1930213
       54    8.090307e+04   7.349171e+04   9.644791e+01          1    1935112
       55    5.904244e+04   7.349174e+04   9.827612e+01          1    1940011
       56    6.089213e+04   7.349573e+04   1.000940e+02          1    1944910
       57    8.587822e+04   7.349648e+04   1.019186e+02          1    1949809
       58    6.073449e+04   7.349908e+04   1.037287e+02          1    1954708
       59    7.751225e+04   7.357671e+04   1.055339e+02          1    1959607
       60    6.667293e+04   7.357711e+04   1.073196e+02          1    1964506
       61    7.534849e+04   7.357771e+04   1.091301e+02          1    1969405
       62    5.298406e+04   7.358219e+04   1.109131e+02          1    1974304
       63    7.162363e+04   7.358309e+04   1.127306e+02          1    1979203
       64    8.240228e+04   7.359876e+04   1.145440e+02          1    1984102
       65    6.376630e+04   7.359885e+04   1.163796e+02          1    1989001
       66    7.537414e+04   7.360320e+04   1.181944e+02          1    1993900
       67    6.503274e+04   7.360365e+04   1.200192e+02          1    1998799
       68    7.396994e+04   7.360874e+04   1.218418e+02          1    2003698
       69    7.551729e+04   7.361066e+04   1.236505e+02          1    2008597
       70    7.763423e+04   7.363429e+04   1.254633e+02          1    2013496
       71    7.589865e+04   7.364509e+04   1.272926e+02          1    2018395
       72    8.554725e+04   7.364903e+04   1.290757e+02          1    2023294
       73    7.007278e+04   7.365745e+04   1.309142e+02          1    2028193
       74    6.744388e+04   7.367227e+04   1.327433e+02          1    2033092
       75    6.500996e+04   7.371176e+04   1.345532e+02          1    2037991
       76    7.559869e+04   7.371810e+04   1.363937e+02          1    2042890
       77    7.251289e+04   7.372929e+04   1.382255e+02          1    2047789
       78    8.550065e+04   7.372986e+04   1.400636e+02          1    2052688
       79    6.282327e+04   7.374141e+04   1.418994e+02          1    2057587
       80    7.925743e+04   7.374276e+04   1.437170e+02          1    2062486
       81    7.403099e+04   7.374539e+04   1.455612e+02          1    2067385
       82    9.326553e+04   7.375117e+04   1.474142e+02          1    2072284
       83    8.246480e+04   7.375263e+04   1.492441e+02          1    2077183
       84    9.377035e+04   7.376443e+04   1.510658e+02          1    2082082

Terminating training
  Status         : bound_limit
  Total time (s) : 1.510658e+02
  Total solves   : 2082082
  Best bound     :  7.376443e+04
  Simulation CI  :  7.649677e+04 ± 2.379124e+03
------------------------------------------------------------------------------
