------------------------------------------------------------------------------
                      SDDP.jl (c) Oscar Dowson, 2017-21

Problem
  Nodes           : 60
  State variables : 4
  Scenarios       : 8.22275e+112
  Existing cuts   : true
  Subproblem structure                      : (min, max)
    Variables                               : (158, 158)
    VariableRef in MOI.EqualTo{Float64}     : (8, 8)
    VariableRef in MOI.LessThan{Float64}    : (145, 146)
    AffExpr in MOI.GreaterThan{Float64}     : (7, 214)
    AffExpr in MOI.EqualTo{Float64}         : (9, 11)
    VariableRef in MOI.GreaterThan{Float64} : (150, 150)
Options
  Solver          : serial mode
  Risk measure    : SDDP.Expectation()
  Sampling scheme : SDDP.InSampleMonteCarlo

 Iteration    Simulation       Bound         Time (s)    Proc. ID   # Solves
        1    3.887913e+04   3.681444e+04   1.634366e+00          1    1043492
        2    4.043068e+04   3.687862e+04   3.284491e+00          1    1048391
        3    3.536007e+04   3.687862e+04   4.918316e+00          1    1053290
        4    3.912219e+04   3.687863e+04   6.550274e+00          1    1058189
        5    4.043017e+04   3.687864e+04   8.188091e+00          1    1063088
        6    4.019505e+04   3.686443e+04   9.878319e+00          1    1067987
        7    3.485932e+04   3.694703e+04   1.151354e+01          1    1072886
        8    3.930916e+04   3.694757e+04   1.316620e+01          1    1077785
        9    3.965837e+04   3.694966e+04   1.482701e+01          1    1082684
       10    4.069524e+04   3.695287e+04   1.647336e+01          1    1087583
       11    3.930663e+04   3.696171e+04   1.811597e+01          1    1092482
       12    3.690099e+04   3.696171e+04   1.976409e+01          1    1097381
       13    3.603027e+04   3.696632e+04   2.140528e+01          1    1102280
       14    3.854885e+04   3.699187e+04   2.306383e+01          1    1107179
       15    3.108323e+04   3.699439e+04   2.472158e+01          1    1112078
       16    3.615220e+04   3.700556e+04   2.639617e+01          1    1116977
       17    3.943496e+04   3.700990e+04   2.806670e+01          1    1121876
       18    3.780218e+04   3.701372e+04   2.973330e+01          1    1126775
       19    3.885278e+04   3.704657e+04   3.139868e+01          1    1131674
       20    3.837330e+04   3.704804e+04   3.305538e+01          1    1136573
       21    3.793465e+04   3.705220e+04   3.471699e+01          1    1141472
       22    3.996367e+04   3.709778e+04   3.638033e+01          1    1146371
       23    4.136280e+04   3.710215e+04   3.805681e+01          1    1151270
       24    3.976169e+04   3.711936e+04   3.974929e+01          1    1156169
       25    3.887744e+04   3.713358e+04   4.142559e+01          1    1161068
       26    3.797208e+04   3.713407e+04   4.309093e+01          1    1165967
       27    4.040129e+04   3.713564e+04   4.479696e+01          1    1170866
       28    3.724164e+04   3.714093e+04   4.646703e+01          1    1175765
       29    3.739670e+04   3.714101e+04   4.813952e+01          1    1180664
       30    3.677114e+04   3.714141e+04   4.982280e+01          1    1185563
       31    3.487609e+04   3.714181e+04   5.147151e+01          1    1190462
       32    4.195270e+04   3.714654e+04   5.313866e+01          1    1195361
       33    3.312330e+04   3.714658e+04   5.481315e+01          1    1200260
       34    3.794643e+04   3.717198e+04   5.648784e+01          1    1205159
       35    3.882357e+04   3.718216e+04   5.816839e+01          1    1210058
       36    3.972348e+04   3.718444e+04   5.983124e+01          1    1214957
       37    3.620496e+04   3.723124e+04   6.150807e+01          1    1219856
       38    4.070893e+04   3.723124e+04   6.317741e+01          1    1224755
       39    3.976047e+04   3.723124e+04   6.486456e+01          1    1229654
       40    3.736405e+04   3.723413e+04   6.656115e+01          1    1234553
       41    4.164086e+04   3.725415e+04   6.827225e+01          1    1239452
       42    3.754122e+04   3.725421e+04   6.995302e+01          1    1244351
       43    4.038642e+04   3.725426e+04   7.163563e+01          1    1249250
       44    3.929358e+04   3.725436e+04   7.331139e+01          1    1254149
       45    3.685100e+04   3.726136e+04   7.498591e+01          1    1259048
       46    3.969636e+04   3.726136e+04   7.667767e+01          1    1263947
       47    4.188035e+04   3.728249e+04   7.835692e+01          1    1268846
       48    3.785284e+04   3.728296e+04   8.005676e+01          1    1273745
       49    3.986075e+04   3.728390e+04   8.175388e+01          1    1278644
       50    3.944995e+04   3.728662e+04   8.345285e+01          1    1283543
       51    3.715912e+04   3.732328e+04   8.514211e+01          1    1288442

Terminating training
  Status         : bound_limit
  Total time (s) : 8.514211e+01
  Total solves   : 1288442
  Best bound     :  3.732328e+04
  Simulation CI  :  3.845499e+04 ± 5.994277e+02
------------------------------------------------------------------------------
