--------------------------------------------------------------------------------
                      SDDP.jl (c) Oscar Dowson, 2017-20

Numerical stability report
  Non-zero Matrix range     [1e+00, 1e+00]
  Non-zero Objective range  [1e+00, 2e+02]
  Non-zero Bounds range     [2e+02, 2e+02]
  Non-zero RHS range        [2e+02, 2e+02]
No problems detected

Solver: serial mode

 Iteration    Simulation       Bound         Time (s)    Proc. ID   # Solves
        1    3.250000e+04   1.500000e+04   7.106709e-02          1          6
        2    1.750000e+04   1.750000e+04   7.145596e-02          1         12
        3    1.750000e+04   1.750000e+04   7.172203e-02          1         18

Terminating training with status: iteration_limit
------------------------------------------------------------------------------
--------------------------------------------------------------------------------
                      SDDP.jl (c) Oscar Dowson, 2017-20

Numerical stability report
  Non-zero Matrix range     [1e+00, 1e+00]
  Non-zero Objective range  [1e+00, 2e+02]
  Non-zero Bounds range     [2e+02, 2e+02]
  Non-zero RHS range        [2e+02, 2e+02]
No problems detected

Solver: serial mode

 Iteration    Simulation       Bound         Time (s)    Proc. ID   # Solves
        1    7.500000e+03   5.000000e+03   8.687901e-02          1         12
        2    1.250000e+04   8.333333e+03   8.734083e-02          1         24
        3    1.875000e+04   8.333333e+03   8.771300e-02          1         36
        4    2.500000e+03   8.333333e+03   8.806896e-02          1         48
        5    2.500000e+03   8.333333e+03   8.842683e-02          1         60
        6    7.500000e+03   8.333333e+03   8.881593e-02          1         72
        7    2.000000e+04   8.333333e+03   8.923197e-02          1         84
        8    7.500000e+03   8.333333e+03   8.960986e-02          1         96
        9    7.500000e+03   8.333333e+03   8.998990e-02          1        108
       10    7.500000e+03   8.333333e+03   9.037590e-02          1        120

Terminating training with status: iteration_limit
------------------------------------------------------------------------------
--------------------------------------------------------------------------------
                      SDDP.jl (c) Oscar Dowson, 2017-20

Numerical stability report
  Non-zero Matrix range     [1e+00, 1e+00]
  Non-zero Objective range  [1e+00, 2e+02]
  Non-zero Bounds range     [2e+02, 2e+02]
  Non-zero RHS range        [2e+02, 2e+02]
No problems detected

Solver: serial mode

 Iteration    Simulation       Bound         Time (s)    Proc. ID   # Solves
        1    0.000000e+00   8.173077e+03   1.182849e-01          1         12
        2    1.975962e+04   1.050595e+04   1.190751e-01          1         24
        3    2.250000e+04   1.062500e+04   1.197090e-01          1         36
        4    1.125000e+04   1.062500e+04   1.203070e-01          1         48
        5    1.312500e+04   1.062500e+04   1.208601e-01          1         60
        6    5.000000e+03   1.062500e+04   1.214230e-01          1         72
        7    1.875000e+03   1.062500e+04   1.219709e-01          1         84
        8    1.875000e+03   1.062500e+04   1.225240e-01          1         96
        9    5.000000e+03   1.062500e+04   1.231010e-01          1        108
       10    5.000000e+03   1.062500e+04   1.236949e-01          1        120

Terminating training with status: iteration_limit
------------------------------------------------------------------------------
--------------------------------------------------------------------------------
                      SDDP.jl (c) Oscar Dowson, 2017-20

Numerical stability report
  Non-zero Matrix range     [1e+00, 1e+00]
  Non-zero Objective range  [1e+00, 2e+02]
  Non-zero Bounds range     [2e+02, 2e+02]
  Non-zero RHS range        [2e+02, 2e+02]
No problems detected

Solver: serial mode

 Iteration    Simulation       Bound         Time (s)    Proc. ID   # Solves
        1    3.375000e+04   3.753370e+03   3.154039e-03          1         18
        2    1.306985e+03   7.975336e+03   3.993988e-03          1         36
        3    1.312500e+04   8.072917e+03   4.842043e-03          1         54
        4    9.375000e+03   8.072917e+03   5.682945e-03          1         72
        5    1.875000e+03   8.072917e+03   6.516933e-03          1         90
        6    1.875000e+03   8.072917e+03   7.353067e-03          1        108
        7    9.375000e+03   8.072917e+03   8.141041e-03          1        126
        8    1.875000e+03   8.072917e+03   8.924007e-03          1        144
        9    9.375000e+03   8.072917e+03   9.754896e-03          1        162
       10    1.875000e+03   8.072917e+03   1.058388e-02          1        180

Terminating training with status: iteration_limit
------------------------------------------------------------------------------
--------------------------------------------------------------------------------
                      SDDP.jl (c) Oscar Dowson, 2017-20

Solver: serial mode

 Iteration    Simulation       Bound         Time (s)    Proc. ID   # Solves
        1    5.625000e+03   5.329294e+03   9.799004e-03          1         18
        2    1.556122e+04   7.975336e+03   1.068711e-02          1         36
        3    2.556452e+04   8.072917e+03   1.150608e-02          1         54
        4    1.875000e+03   8.072917e+03   1.229215e-02          1         72
        5    1.125000e+04   8.072917e+03   1.308703e-02          1         90
        6    1.125000e+04   8.072917e+03   1.385999e-02          1        108
        7    5.000000e+03   8.072917e+03   1.464510e-02          1        126
        8    1.125000e+04   8.072917e+03   1.543307e-02          1        144
        9    1.875000e+03   8.072917e+03   1.621914e-02          1        162
       10    5.000000e+03   8.072917e+03   1.702404e-02          1        180
       11    5.000000e+03   8.072917e+03   1.781797e-02          1        198
       12    1.875000e+03   8.072917e+03   1.860595e-02          1        216
       13    1.875000e+03   8.072917e+03   1.939201e-02          1        234
       14    2.750000e+04   8.072917e+03   2.024603e-02          1        252
       15    1.875000e+03   8.072917e+03   2.114892e-02          1        270
       16    1.875000e+03   8.072917e+03   2.200913e-02          1        288
       17    9.375000e+03   8.072917e+03   2.287197e-02          1        306
       18    1.875000e+03   8.072917e+03   2.375913e-02          1        324
       19    1.125000e+04   8.072917e+03   2.462792e-02          1        342
       20    1.625000e+04   8.072917e+03   2.552009e-02          1        360

Terminating training with status: iteration_limit
------------------------------------------------------------------------------
--------------------------------------------------------------------------------
                      SDDP.jl (c) Oscar Dowson, 2017-20

Solver: serial mode

 Iteration    Simulation       Bound         Time (s)    Proc. ID   # Solves
        1    6.500000e+00   3.000000e+00   1.828909e-03          1          6
        2    3.500000e+00   3.500000e+00   2.141953e-03          1         12
        3    3.500000e+00   3.500000e+00   2.400875e-03          1         18
        4    3.500000e+00   3.500000e+00   2.652884e-03          1         24
        5    3.500000e+00   3.500000e+00   2.896786e-03          1         30

Terminating training with status: iteration_limit
------------------------------------------------------------------------------
--------------------------------------------------------------------------------
                      SDDP.jl (c) Oscar Dowson, 2017-20

Solver: serial mode

 Iteration    Simulation       Bound         Time (s)    Proc. ID   # Solves
        1    6.500000e+00   1.100000e+01   1.693010e-03          1          6
        2    5.500000e+00   1.100000e+01   1.976013e-03          1         12
        3    5.500000e+00   1.100000e+01   2.218008e-03          1         18
        4    5.500000e+00   1.100000e+01   2.451897e-03          1         24
        5    5.500000e+00   1.100000e+01   2.686977e-03          1         30

Terminating training with status: iteration_limit
------------------------------------------------------------------------------
--------------------------------------------------------------------------------
                      SDDP.jl (c) Oscar Dowson, 2017-20

Solver: serial mode

 Iteration    Simulation       Bound         Time (s)    Proc. ID   # Solves
        1    1.051875e+04   3.738585e+03   6.063700e-01          1         39
        2    3.942397e+03   3.839365e+03   6.079669e-01          1         78
        3    0.000000e+00   3.994616e+03   6.095409e-01          1        117
        4    4.961814e+02   4.173355e+03   6.110318e-01          1        156
        5    2.343750e+03   4.286119e+03   6.272559e-01          1        195
        6    1.406250e+03   4.357074e+03   6.288290e-01          1        234
        7    6.679471e+03   4.720764e+03   6.303918e-01          1        273
        8    5.380477e+03   4.731229e+03   6.319599e-01          1        312
        9    7.312500e+03   4.731229e+03   6.335690e-01          1        351
       10   -2.149392e-12   4.778779e+03   6.351619e-01          1        390

Terminating training with status: iteration_limit
------------------------------------------------------------------------------
--------------------------------------------------------------------------------
                      SDDP.jl (c) Oscar Dowson, 2017-20

Solver: serial mode

 Iteration    Simulation       Bound         Time (s)    Proc. ID   # Solves
        1    2.000000e+03   2.150673e+03   5.132511e-01          1         39
        2    4.375000e+03   2.888258e+03   5.149362e-01          1         78
        3    4.187500e+03   4.486594e+03   5.166390e-01          1        117
        4    6.687500e+03   4.516345e+03   5.183320e-01          1        156
        5    2.125000e+03   4.525491e+03   5.199502e-01          1        195
        6    6.750000e+03   4.525491e+03   5.215602e-01          1        234
        7    1.000000e+03   4.525491e+03   5.233140e-01          1        273
        8    6.125000e+03   4.617772e+03   5.251272e-01          1        312
        9    1.187500e+03   4.618367e+03   5.269341e-01          1        351
       10    5.125000e+03   4.631298e+03   5.286722e-01          1        390

Terminating training with status: iteration_limit
------------------------------------------------------------------------------
