-------------------------------------------------------------------
         SDDP.jl (c) Oscar Dowson and contributors, 2017-24
-------------------------------------------------------------------
problem
  nodes           : 3
  state variables : 1
  scenarios       : 1.33100e+03
  existing cuts   : true
options
  solver          : serial mode
  risk measure    : SDDP.Expectation()
  sampling scheme : SDDP.InSampleMonteCarlo
subproblem structure
  VariableRef                             : [9, 9]
  AffExpr in MOI.EqualTo{Float64}         : [2, 4]
  AffExpr in MOI.GreaterThan{Float64}     : [3, 36]
  VariableRef in MOI.EqualTo{Float64}     : [1, 1]
  VariableRef in MOI.GreaterThan{Float64} : [8, 8]
  VariableRef in MOI.LessThan{Float64}    : [5, 6]
-------------------------------------------------------------------
 iteration    simulation      bound        time (s)     solves  pid
-------------------------------------------------------------------
         1   2.562500e+02  2.788373e+02  3.619909e-03      2262   1
        10   2.375000e+02  2.795671e+02  3.340697e-02      2586   1
-------------------------------------------------------------------
status         : iteration_limit
total time (s) : 3.340697e-02
total solves   : 2586
best bound     :  2.795671e+02
simulation ci  :  2.375000e+02 ± 3.099032e+01
numeric issues : 0
-------------------------------------------------------------------

