------------------------------------------------------------------------------
          SDDP.jl (c) Oscar Dowson and SDDP.jl contributors, 2017-22

Problem
  Nodes           : 3
  State variables : 1
  Scenarios       : 2.70000e+01
  Existing cuts   : false
  Subproblem structure                      : (min, max)
    Variables                               : (7, 7)
    VariableRef in MOI.LessThan{Float64}    : (1, 2)
    VariableRef in MOI.GreaterThan{Float64} : (5, 5)
    AffExpr in MOI.EqualTo{Float64}         : (2, 2)
Options
  Solver          : serial mode
  Risk measure    : SDDP.Expectation()
  Sampling scheme : SDDP.InSampleMonteCarlo

Numerical stability report
  Non-zero Matrix range     [1e+00, 1e+00]
  Non-zero Objective range  [1e+00, 2e+02]
  Non-zero Bounds range     [2e+02, 2e+02]
  Non-zero RHS range        [2e+02, 2e+02]
No problems detected

 Iteration    Simulation       Bound         Time (s)    Proc. ID   # Solves
        1    2.250000e+04   2.500000e+03   3.391981e-03          1         12
        2    1.250000e+04   7.500000e+03   4.796982e-03          1         24
        3    8.750000e+03   7.916667e+03   6.217957e-03          1         36
        4    1.000000e+04   8.333333e+03   7.704020e-03          1         48
        5    2.500000e+03   8.333333e+03   8.939028e-03          1         60
        6    1.000000e+04   8.333333e+03   1.062703e-02          1         72
        7    1.250000e+04   8.333333e+03   1.225090e-02          1         84
        8    1.000000e+04   8.333333e+03   1.398087e-02          1         96
        9    1.500000e+04   8.333333e+03   1.569700e-02          1        108
       10    1.250000e+04   8.333333e+03   1.740599e-02          1        120

Terminating training
  Status         : iteration_limit
  Total time (s) : 1.740599e-02
  Total solves   : 120
  Best bound     :  8.333333e+03
  Simulation CI  :  1.162500e+04 ± 3.142841e+03
------------------------------------------------------------------------------
------------------------------------------------------------------------------
          SDDP.jl (c) Oscar Dowson and SDDP.jl contributors, 2017-22

Problem
  Nodes           : 3
  State variables : 1
  Scenarios       : 2.70000e+01
  Existing cuts   : false
  Subproblem structure                      : (min, max)
    Variables                               : (7, 7)
    VariableRef in MOI.LessThan{Float64}    : (1, 2)
    VariableRef in MOI.GreaterThan{Float64} : (5, 5)
    AffExpr in MOI.EqualTo{Float64}         : (2, 2)
Options
  Solver          : serial mode
  Risk measure    : SDDP.Expectation()
  Sampling scheme : SDDP.InSampleMonteCarlo

Numerical stability report
  Non-zero Matrix range     [1e+00, 1e+00]
  Non-zero Objective range  [1e+00, 2e+02]
  Non-zero Bounds range     [2e+02, 2e+02]
  Non-zero RHS range        [2e+02, 2e+02]
No problems detected

 Iteration    Simulation       Bound         Time (s)    Proc. ID   # Solves
        1    2.812500e+04   3.958333e+03   1.794581e-01          1         12
        2    1.807692e+04   1.032738e+04   1.810951e-01          1         24
        3    1.312500e+04   1.062500e+04   1.825981e-01          1         36
        4    1.125000e+04   1.062500e+04   1.845300e-01          1         48
        5    1.875000e+03   1.062500e+04   1.858351e-01          1         60
        6    1.250000e+04   1.062500e+04   1.876521e-01          1         72
        7    1.625000e+04   1.062500e+04   1.893780e-01          1         84
        8    5.000000e+03   1.062500e+04   1.912110e-01          1         96
        9    2.437500e+04   1.062500e+04   1.929281e-01          1        108
       10    1.625000e+04   1.062500e+04   1.946821e-01          1        120

Terminating training
  Status         : iteration_limit
  Total time (s) : 1.946821e-01
  Total solves   : 120
  Best bound     :  1.062500e+04
  Simulation CI  :  1.468269e+04 ± 4.923185e+03
------------------------------------------------------------------------------
------------------------------------------------------------------------------
          SDDP.jl (c) Oscar Dowson and SDDP.jl contributors, 2017-22

Problem
  Nodes           : 5
  State variables : 1
  Scenarios       : 1.08000e+02
  Existing cuts   : false
  Subproblem structure                      : (min, max)
    Variables                               : (7, 7)
    VariableRef in MOI.LessThan{Float64}    : (1, 2)
    VariableRef in MOI.GreaterThan{Float64} : (5, 5)
    AffExpr in MOI.EqualTo{Float64}         : (2, 2)
Options
  Solver          : serial mode
  Risk measure    : SDDP.Expectation()
  Sampling scheme : SDDP.InSampleMonteCarlo

Numerical stability report
  Non-zero Matrix range     [1e+00, 1e+00]
  Non-zero Objective range  [1e+00, 2e+02]
  Non-zero Bounds range     [2e+02, 2e+02]
  Non-zero RHS range        [2e+02, 2e+02]
No problems detected

 Iteration    Simulation       Bound         Time (s)    Proc. ID   # Solves
        1    1.562500e+04   1.991887e+03   1.838911e-01          1         18
        2    1.833393e+04   7.701344e+03   1.863821e-01          1         36
        3    1.312500e+04   8.072917e+03   1.892121e-01          1         54
        4    1.125000e+04   8.072917e+03   1.922081e-01          1         72
        5    1.875000e+03   8.072917e+03   1.947560e-01          1         90
        6    5.000000e+03   8.072917e+03   1.976380e-01          1        108
        7    2.750000e+04   8.072917e+03   2.005961e-01          1        126
        8    5.000000e+03   8.072917e+03   2.033889e-01          1        144
        9    1.312500e+04   8.072917e+03   2.062461e-01          1        162
       10    2.437500e+04   8.072917e+03   2.093260e-01          1        180

Terminating training
  Status         : iteration_limit
  Total time (s) : 2.093260e-01
  Total solves   : 180
  Best bound     :  8.072917e+03
  Simulation CI  :  1.352089e+04 ± 5.173840e+03
------------------------------------------------------------------------------
------------------------------------------------------------------------------
          SDDP.jl (c) Oscar Dowson and SDDP.jl contributors, 2017-22

Problem
  Nodes           : 5
  State variables : 1
  Scenarios       : 1.08000e+02
  Existing cuts   : false
  Subproblem structure                      : (min, max)
    Variables                               : (7, 7)
    VariableRef in MOI.LessThan{Float64}    : (1, 2)
    VariableRef in MOI.GreaterThan{Float64} : (5, 5)
    AffExpr in MOI.EqualTo{Float64}         : (2, 2)
Options
  Solver          : serial mode
  Risk measure    : SDDP.Expectation()
  Sampling scheme : SDDP.InSampleMonteCarlo

 Iteration    Simulation       Bound         Time (s)    Proc. ID   # Solves
        1    1.562500e+04   1.991887e+03   1.570511e-02          1         18
        2    1.833393e+04   7.701344e+03   1.791716e-02          1         36
        3    1.312500e+04   8.072917e+03   2.033997e-02          1         54
        4    1.125000e+04   8.072917e+03   2.300596e-02          1         72
        5    1.875000e+03   8.072917e+03   2.524996e-02          1         90
        6    5.000000e+03   8.072917e+03   2.792716e-02          1        108
        7    2.750000e+04   8.072917e+03   3.063297e-02          1        126
        8    5.000000e+03   8.072917e+03   3.308105e-02          1        144
        9    1.312500e+04   8.072917e+03   3.564000e-02          1        162
       10    2.437500e+04   8.072917e+03   3.835201e-02          1        180
       11    1.125000e+04   8.072917e+03   4.094696e-02          1        198
       12    1.125000e+04   8.072917e+03   4.322410e-02          1        216
       13    9.375000e+03   8.072917e+03   4.601002e-02          1        234
       14    1.875000e+03   8.072917e+03   4.855609e-02          1        252
       15    1.312500e+04   8.072917e+03   5.135012e-02          1        270
       16    1.875000e+03   8.072917e+03   5.383706e-02          1        288
       17    9.375000e+03   8.072917e+03   5.671811e-02          1        306
       18    2.250000e+04   8.072917e+03   5.957317e-02          1        324
       19    1.875000e+03   8.072917e+03   6.211209e-02          1        342
       20    1.875000e+03   8.072917e+03   6.501603e-02          1        360

Terminating training
  Status         : iteration_limit
  Total time (s) : 6.501603e-02
  Total solves   : 360
  Best bound     :  8.072917e+03
  Simulation CI  :  1.097920e+04 ± 3.433171e+03
------------------------------------------------------------------------------
------------------------------------------------------------------------------
          SDDP.jl (c) Oscar Dowson and SDDP.jl contributors, 2017-22

Problem
  Nodes           : 3
  State variables : 1
  Scenarios       : 1.00000e+00
  Existing cuts   : false
  Subproblem structure                      : (min, max)
    Variables                               : (5, 5)
    VariableRef in MOI.LessThan{Float64}    : (1, 1)
    VariableRef in MOI.GreaterThan{Float64} : (4, 4)
    AffExpr in MOI.EqualTo{Float64}         : (2, 2)
Options
  Solver          : serial mode
  Risk measure    : SDDP.Expectation()
  Sampling scheme : SDDP.InSampleMonteCarlo

 Iteration    Simulation       Bound         Time (s)    Proc. ID   # Solves
        1    6.500000e+00   3.000000e+00   4.969215e-02          1          6
        2    3.500000e+00   3.500000e+00   5.090308e-02          1         12
        3    3.500000e+00   3.500000e+00   5.198503e-02          1         18
        4    3.500000e+00   3.500000e+00   5.308223e-02          1         24
        5    3.500000e+00   3.500000e+00   5.413413e-02          1         30

Terminating training
  Status         : iteration_limit
  Total time (s) : 5.413413e-02
  Total solves   : 30
  Best bound     :  3.500000e+00
  Simulation CI  :  4.100000e+00 ± 1.176000e+00
------------------------------------------------------------------------------
------------------------------------------------------------------------------
          SDDP.jl (c) Oscar Dowson and SDDP.jl contributors, 2017-22

Problem
  Nodes           : 3
  State variables : 1
  Scenarios       : 1.00000e+00
  Existing cuts   : false
  Subproblem structure                      : (min, max)
    Variables                               : (5, 5)
    VariableRef in MOI.LessThan{Float64}    : (1, 1)
    VariableRef in MOI.GreaterThan{Float64} : (4, 4)
    AffExpr in MOI.EqualTo{Float64}         : (2, 2)
Options
  Solver          : serial mode
  Risk measure    : SDDP.Expectation()
  Sampling scheme : SDDP.InSampleMonteCarlo

 Iteration    Simulation       Bound         Time (s)    Proc. ID   # Solves
        1    6.500000e+00   1.100000e+01   3.031015e-03          1          6
        2    5.500000e+00   1.100000e+01   3.750801e-03          1         12
        3    5.500000e+00   1.100000e+01   4.655838e-03          1         18
        4    5.500000e+00   1.100000e+01   5.542994e-03          1         24
        5    5.500000e+00   1.100000e+01   6.433010e-03          1         30

Terminating training
  Status         : iteration_limit
  Total time (s) : 6.433010e-03
  Total solves   : 30
  Best bound     :  1.100000e+01
  Simulation CI  :  5.700000e+00 ± 3.920000e-01
------------------------------------------------------------------------------
