-------------------------------------------------------------------
         SDDP.jl (c) Oscar Dowson and contributors, 2017-24
-------------------------------------------------------------------
problem
  nodes           : 3
  state variables : 1
  scenarios       : 1.33100e+03
  existing cuts   : true
options
  solver          : serial mode
  risk measure    : SDDP.Expectation()
  sampling scheme : SDDP.InSampleMonteCarlo
subproblem structure
  VariableRef                             : [9, 9]
  AffExpr in MOI.EqualTo{Float64}         : [2, 4]
  AffExpr in MOI.GreaterThan{Float64}     : [3, 33]
  VariableRef in MOI.EqualTo{Float64}     : [1, 1]
  VariableRef in MOI.GreaterThan{Float64} : [8, 8]
  VariableRef in MOI.LessThan{Float64}    : [5, 6]
-------------------------------------------------------------------
 iteration    simulation      bound        time (s)     solves  pid
-------------------------------------------------------------------
         1   1.675000e+02  1.129545e+02  2.959967e-03      1891   1
        10   1.362500e+02  1.129771e+02  3.122807e-02      2215   1
-------------------------------------------------------------------
status         : iteration_limit
total time (s) : 3.122807e-02
total solves   : 2215
best bound     :  1.129771e+02
simulation ci  :  1.176375e+02 ± 1.334615e+01
numeric issues : 0
-------------------------------------------------------------------

