-------------------------------------------------------------------
         SDDP.jl (c) Oscar Dowson and contributors, 2017-24
-------------------------------------------------------------------
problem
  nodes           : 2
  state variables : 1
  scenarios       : 2.00000e+00
  existing cuts   : false
options
  solver          : serial mode
  risk measure    : SDDP.Expectation()
  sampling scheme : SDDP.InSampleMonteCarlo
subproblem structure
  VariableRef                             : [6, 6]
  AffExpr in MOI.GreaterThan{Float64}     : [1, 1]
  AffExpr in MOI.LessThan{Float64}        : [1, 1]
  VariableRef in MOI.EqualTo{Float64}     : [1, 1]
  VariableRef in MOI.GreaterThan{Float64} : [3, 4]
  VariableRef in MOI.LessThan{Float64}    : [2, 2]
numerical stability report
  matrix range     [1e+00, 1e+00]
  objective range  [1e+00, 5e+00]
  bounds range     [8e+00, 8e+00]
  rhs range        [6e+00, 6e+00]
-------------------------------------------------------------------
 iteration    simulation      bound        time (s)     solves  pid
-------------------------------------------------------------------
         1   0.000000e+00 -1.000000e+01  2.806902e-03         5   1
        20   0.000000e+00 -1.000000e+01  1.505685e-02       104   1
-------------------------------------------------------------------
status         : simulation_stopping
total time (s) : 1.505685e-02
total solves   : 104
best bound     : -1.000000e+01
simulation ci  : -9.000000e+00 ± 4.474009e+00
numeric issues : 0
-------------------------------------------------------------------

-------------------------------------------------------------------
         SDDP.jl (c) Oscar Dowson and contributors, 2017-24
-------------------------------------------------------------------
problem
  nodes           : 3
  state variables : 2
  scenarios       : 4.00000e+00
  existing cuts   : false
options
  solver          : serial mode
  risk measure    : SDDP.Expectation()
  sampling scheme : SDDP.InSampleMonteCarlo
subproblem structure
  VariableRef                             : [8, 8]
  AffExpr in MOI.LessThan{Float64}        : [3, 3]
  VariableRef in MOI.GreaterThan{Float64} : [5, 5]
  VariableRef in MOI.LessThan{Float64}    : [1, 1]
numerical stability report
  matrix range     [1e+00, 1e+00]
  objective range  [2e-01, 3e+00]
  bounds range     [5e+01, 5e+01]
  rhs range        [0e+00, 0e+00]
-------------------------------------------------------------------
 iteration    simulation      bound        time (s)     solves  pid
-------------------------------------------------------------------
         5  -2.396000e+01 -2.396000e+01  7.592201e-03        52   1
        10  -4.260000e+01 -2.396000e+01  1.131821e-02        92   1
        15  -4.260000e+01 -2.396000e+01  1.531219e-02       132   1
        20  -4.260000e+01 -2.396000e+01  1.951122e-02       172   1
        25  -2.396000e+01 -2.396000e+01  2.494216e-02       224   1
        30  -4.260000e+01 -2.396000e+01  2.974701e-02       264   1
        35  -2.396000e+01 -2.396000e+01  3.487015e-02       304   1
        40  -2.396000e+01 -2.396000e+01  4.023218e-02       344   1
-------------------------------------------------------------------
status         : simulation_stopping
total time (s) : 4.023218e-02
total solves   : 344
best bound     : -2.396000e+01
simulation ci  : -2.660914e+01 ± 3.908038e+00
numeric issues : 0
-------------------------------------------------------------------

 ────────────────────────────────────────────────────────────────────────────────
                                        Time                    Allocations      
                               ───────────────────────   ────────────────────────
       Tot / % measured:           49.8ms /  69.9%           49.2MiB /  15.8%    

 Section               ncalls     time    %tot     avg     alloc    %tot      avg
 ────────────────────────────────────────────────────────────────────────────────
 backward_pass             40   21.8ms   62.5%   544μs   6.61MiB   84.9%   169KiB
   solve_subproblem       160   11.8ms   33.9%  73.8μs    973KiB   12.2%  6.08KiB
     get_dual_solution    160    569μs    1.6%  3.56μs    210KiB    2.6%  1.31KiB
   prepare_backward...    160   38.7μs    0.1%   242ns     0.00B    0.0%    0.00B
 forward_pass              40   7.95ms   22.8%   199μs    915KiB   11.5%  22.9KiB
   solve_subproblem       120   7.06ms   20.3%  58.9μs    703KiB    8.8%  5.86KiB
     get_dual_solution    120   86.8μs    0.2%   724ns   65.6KiB    0.8%     560B
   sample_scenario         40    144μs    0.4%  3.61μs   37.0KiB    0.5%     948B
 calculate_bound           40   5.09ms   14.6%   127μs    266KiB    3.3%  6.64KiB
   get_dual_solution       40   40.3μs    0.1%  1.01μs   21.9KiB    0.3%     560B
 get_dual_solution         36   26.7μs    0.1%   741ns   19.7KiB    0.2%     560B
 ────────────────────────────────────────────────────────────────────────────────

-------------------------------------------------------------------
         SDDP.jl (c) Oscar Dowson and contributors, 2017-24
-------------------------------------------------------------------
problem
  nodes           : 3
  state variables : 2
  scenarios       : 4.00000e+00
  existing cuts   : false
options
  solver          : serial mode
  risk measure    : SDDP.Expectation()
  sampling scheme : SDDP.InSampleMonteCarlo
subproblem structure
  VariableRef                             : [8, 8]
  AffExpr in MOI.LessThan{Float64}        : [3, 3]
  VariableRef in MOI.GreaterThan{Float64} : [5, 5]
  VariableRef in MOI.LessThan{Float64}    : [1, 1]
numerical stability report
  matrix range     [1e+00, 1e+00]
  objective range  [2e-01, 3e+00]
  bounds range     [5e+01, 5e+01]
  rhs range        [0e+00, 0e+00]
-------------------------------------------------------------------
 iteration    simulation      bound        time (s)     solves  pid
-------------------------------------------------------------------
         5  -5.320000e+00 -2.396000e+01  7.435083e-03        52   1
        10  -5.320000e+00 -2.396000e+01  1.157808e-02        92   1
        15  -2.396000e+01 -2.396000e+01  1.626301e-02       132   1
        20  -5.320000e+00 -2.396000e+01  2.154613e-02       172   1
        25  -4.260000e+01 -2.396000e+01  2.899313e-02       224   1
        30  -2.396000e+01 -2.396000e+01  3.567100e-02       264   1
        35  -2.396000e+01 -2.396000e+01  4.275012e-02       304   1
        40  -2.396000e+01 -2.396000e+01  5.043602e-02       344   1
-------------------------------------------------------------------
status         : simulation_stopping
total time (s) : 5.043602e-02
total solves   : 344
best bound     : -2.396000e+01
simulation ci  : -1.957570e+01 ± 3.890802e+00
numeric issues : 0
-------------------------------------------------------------------

 ────────────────────────────────────────────────────────────────────────────────
                                        Time                    Allocations      
                               ───────────────────────   ────────────────────────
       Tot / % measured:           57.2ms /  78.2%           55.8MiB /  25.9%    

 Section               ncalls     time    %tot     avg     alloc    %tot      avg
 ────────────────────────────────────────────────────────────────────────────────
 backward_pass             40   31.0ms   69.4%   775μs   13.3MiB   91.9%   340KiB
   solve_subproblem       160   12.3ms   27.6%  77.0μs    975KiB    6.6%  6.09KiB
     get_dual_solution    160    584μs    1.3%  3.65μs    210KiB    1.4%  1.31KiB
   prepare_backward...    160   39.3μs    0.1%   245ns     0.00B    0.0%    0.00B
 forward_pass              40   8.02ms   17.9%   201μs    914KiB    6.2%  22.9KiB
   solve_subproblem       120   7.10ms   15.9%  59.2μs    703KiB    4.7%  5.86KiB
     get_dual_solution    120   83.3μs    0.2%   694ns   65.6KiB    0.4%     560B
   sample_scenario         40    148μs    0.3%  3.70μs   36.7KiB    0.2%     940B
 calculate_bound           40   5.64ms   12.6%   141μs    267KiB    1.8%  6.68KiB
   get_dual_solution       40   40.3μs    0.1%  1.01μs   21.9KiB    0.1%     560B
 get_dual_solution         36   25.0μs    0.1%   695ns   19.7KiB    0.1%     560B
 ────────────────────────────────────────────────────────────────────────────────

-------------------------------------------------------------------
         SDDP.jl (c) Oscar Dowson and contributors, 2017-24
-------------------------------------------------------------------
problem
  nodes           : 2
  state variables : 1
  scenarios       : 2.00000e+00
  existing cuts   : false
options
  solver          : serial mode
  risk measure    : SDDP.Expectation()
  sampling scheme : SDDP.InSampleMonteCarlo
subproblem structure
  VariableRef                             : [3, 4]
  AffExpr in MOI.LessThan{Float64}        : [1, 1]
  VariableRef in MOI.GreaterThan{Float64} : [2, 3]
  VariableRef in MOI.LessThan{Float64}    : [2, 2]
numerical stability report
  matrix range     [1e+00, 1e+00]
  objective range  [1e+00, 2e+00]
  bounds range     [2e+00, 5e+00]
  rhs range        [0e+00, 0e+00]
-------------------------------------------------------------------
 iteration    simulation      bound        time (s)     solves  pid
-------------------------------------------------------------------
         1   0.000000e+00 -2.500000e+00  2.406120e-03         5   1
         2  -1.500000e+00 -2.000000e+00  3.536940e-03        14   1
         3  -1.000000e+00 -2.000000e+00  4.111052e-03        19   1
         4  -1.000000e+00 -2.000000e+00  4.758120e-03        24   1
         5  -2.000000e+00 -2.000000e+00  5.465984e-03        29   1
         6  -2.000000e+00 -2.000000e+00  6.111145e-03        34   1
         7  -2.000000e+00 -2.000000e+00  6.796122e-03        39   1
         8  -2.000000e+00 -2.000000e+00  7.450104e-03        44   1
         9  -2.000000e+00 -2.000000e+00  8.106947e-03        49   1
        10  -2.000000e+00 -2.000000e+00  8.769989e-03        54   1
        11  -2.000000e+00 -2.000000e+00  9.437084e-03        59   1
        12  -2.000000e+00 -2.000000e+00  1.009393e-02        64   1
        13  -2.000000e+00 -2.000000e+00  1.079798e-02        69   1
        14  -2.000000e+00 -2.000000e+00  1.147008e-02        74   1
        15  -2.000000e+00 -2.000000e+00  1.215911e-02        79   1
        16  -2.000000e+00 -2.000000e+00  1.286006e-02        84   1
        17  -2.000000e+00 -2.000000e+00  1.354909e-02        89   1
        18  -2.000000e+00 -2.000000e+00  1.424909e-02        94   1
        19  -2.000000e+00 -2.000000e+00  1.499104e-02        99   1
        20  -2.000000e+00 -2.000000e+00  1.571202e-02       104   1
        21  -2.000000e+00 -2.000000e+00  1.678395e-02       113   1
        22  -2.000000e+00 -2.000000e+00  1.750207e-02       118   1
        23  -2.000000e+00 -2.000000e+00  1.823306e-02       123   1
        24  -2.000000e+00 -2.000000e+00  1.902199e-02       128   1
        25  -2.000000e+00 -2.000000e+00  1.976395e-02       133   1
        26  -2.000000e+00 -2.000000e+00  2.053213e-02       138   1
        27  -2.000000e+00 -2.000000e+00  2.127910e-02       143   1
        28  -2.000000e+00 -2.000000e+00  2.204895e-02       148   1
        29  -2.000000e+00 -2.000000e+00  2.284098e-02       153   1
        30  -2.000000e+00 -2.000000e+00  2.360916e-02       158   1
        31  -2.000000e+00 -2.000000e+00  2.439094e-02       163   1
        32  -2.000000e+00 -2.000000e+00  2.517605e-02       168   1
        33  -2.000000e+00 -2.000000e+00  2.597594e-02       173   1
        34  -2.000000e+00 -2.000000e+00  2.680111e-02       178   1
        35  -2.000000e+00 -2.000000e+00  2.759099e-02       183   1
        36  -2.000000e+00 -2.000000e+00  2.839899e-02       188   1
        37  -2.000000e+00 -2.000000e+00  2.920103e-02       193   1
        38  -2.000000e+00 -2.000000e+00  3.001308e-02       198   1
        39  -2.000000e+00 -2.000000e+00  3.086400e-02       203   1
        40  -2.000000e+00 -2.000000e+00  3.169703e-02       208   1
-------------------------------------------------------------------
status         : simulation_stopping
total time (s) : 3.169703e-02
total solves   : 208
best bound     : -2.000000e+00
simulation ci  : -1.887500e+00 ± 1.189300e-01
numeric issues : 0
-------------------------------------------------------------------

-------------------------------------------------------------------
         SDDP.jl (c) Oscar Dowson and contributors, 2017-24
-------------------------------------------------------------------
problem
  nodes           : 3
  state variables : 1
  scenarios       : Inf
  existing cuts   : false
options
  solver          : serial mode
  risk measure    : SDDP.Expectation()
  sampling scheme : SDDP.InSampleMonteCarlo
subproblem structure
  VariableRef                             : [6, 6]
  AffExpr in MOI.EqualTo{Float64}         : [2, 2]
  VariableRef in MOI.GreaterThan{Float64} : [5, 5]
  VariableRef in MOI.LessThan{Float64}    : [1, 1]
numerical stability report
  matrix range     [1e+00, 1e+00]
  objective range  [1e+00, 3e+00]
  bounds range     [5e+00, 2e+01]
  rhs range        [2e+00, 1e+01]
-------------------------------------------------------------------
 iteration    simulation      bound        time (s)     solves  pid
-------------------------------------------------------------------
         1   2.390000e+02  6.304440e+01  1.095691e-01       183   1
        31   8.517170e+02  2.346450e+02  1.140093e+00      7701   1
        52   2.121585e+02  2.361937e+02  2.173720e+00     13596   1
        69   3.584855e+02  2.363821e+02  3.190514e+00     18603   1
        78   3.060172e+02  2.364187e+02  4.190774e+00     22830   1
       100   1.135002e+02  2.364293e+02  5.200772e+00     26640   1
-------------------------------------------------------------------
status         : iteration_limit
total time (s) : 5.200772e+00
total solves   : 26640
best bound     :  2.364293e+02
simulation ci  :  2.593398e+02 ± 5.186931e+01
numeric issues : 0
-------------------------------------------------------------------

-------------------------------------------------------------------
         SDDP.jl (c) Oscar Dowson and contributors, 2017-24
-------------------------------------------------------------------
problem
  nodes           : 5
  state variables : 3
  scenarios       : 1.43489e+07
  existing cuts   : false
options
  solver          : serial mode
  risk measure    : SDDP.Expectation()
  sampling scheme : SDDP.InSampleMonteCarlo
subproblem structure
  VariableRef                             : [13, 13]
  AffExpr in MOI.EqualTo{Float64}         : [3, 3]
  AffExpr in MOI.LessThan{Float64}        : [1, 1]
  VariableRef in MOI.GreaterThan{Float64} : [7, 7]
  VariableRef in MOI.LessThan{Float64}    : [6, 7]
numerical stability report
  matrix range     [1e+00, 1e+00]
  objective range  [3e-01, 2e+00]
  bounds range     [5e-01, 5e+00]
  rhs range        [2e+00, 2e+00]
-------------------------------------------------------------------
 iteration    simulation      bound        time (s)     solves  pid
-------------------------------------------------------------------
        10  -3.878303e+00 -4.434982e+00  2.102358e-01      1400   1
        20  -4.262885e+00 -4.399265e+00  3.389559e-01      2800   1
        30  -3.075162e+00 -4.382527e+00  4.757030e-01      4200   1
        40  -3.761147e+00 -4.369587e+00  6.193719e-01      5600   1
        50  -4.323162e+00 -4.362199e+00  7.690220e-01      7000   1
        60  -3.654943e+00 -4.358401e+00  9.222689e-01      8400   1
        70  -4.010883e+00 -4.357368e+00  1.127923e+00      9800   1
        80  -4.314412e+00 -4.355714e+00  1.284361e+00     11200   1
        90  -4.542422e+00 -4.353708e+00  1.439190e+00     12600   1
       100  -4.178952e+00 -4.351685e+00  1.589441e+00     14000   1
-------------------------------------------------------------------
status         : iteration_limit
total time (s) : 1.589441e+00
total solves   : 14000
best bound     : -4.351685e+00
simulation ci  : -4.246786e+00 ± 8.703997e-02
numeric issues : 0
-------------------------------------------------------------------

-------------------------------------------------------------------
         SDDP.jl (c) Oscar Dowson and contributors, 2017-24
-------------------------------------------------------------------
problem
  nodes           : 5
  state variables : 1
  scenarios       : 1.00000e+05
  existing cuts   : false
options
  solver          : serial mode
  risk measure    : SDDP.Expectation()
  sampling scheme : SDDP.InSampleMonteCarlo
subproblem structure
  VariableRef                             : [5, 5]
  AffExpr in MOI.EqualTo{Float64}         : [1, 1]
  VariableRef in MOI.GreaterThan{Float64} : [3, 3]
  VariableRef in MOI.LessThan{Float64}    : [2, 3]
numerical stability report
  matrix range     [1e+00, 1e+00]
  objective range  [3e-01, 2e+00]
  bounds range     [5e-01, 2e+00]
  rhs range        [0e+00, 0e+00]
-------------------------------------------------------------------
 iteration    simulation      bound        time (s)     solves  pid
-------------------------------------------------------------------
        10  -1.573154e+00 -1.474247e+00  7.272196e-02      1050   1
        20  -1.346690e+00 -1.471483e+00  1.132560e-01      1600   1
        30  -1.308031e+00 -1.471307e+00  2.013481e-01      2650   1
        40  -1.401200e+00 -1.471167e+00  2.455211e-01      3200   1
        50  -1.557483e+00 -1.471097e+00  3.402050e-01      4250   1
        60  -1.534169e+00 -1.471075e+00  3.883841e-01      4800   1
        65  -1.689864e+00 -1.471075e+00  4.131551e-01      5075   1
-------------------------------------------------------------------
status         : simulation_stopping
total time (s) : 4.131551e-01
total solves   : 5075
best bound     : -1.471075e+00
simulation ci  : -1.484094e+00 ± 4.058993e-02
numeric issues : 0
-------------------------------------------------------------------

-------------------------------------------------------------------
         SDDP.jl (c) Oscar Dowson and contributors, 2017-24
-------------------------------------------------------------------
problem
  nodes           : 2
  state variables : 4
  scenarios       : 2.00000e+00
  existing cuts   : false
options
  solver          : serial mode
  risk measure    : SDDP.Expectation()
  sampling scheme : SDDP.InSampleMonteCarlo
subproblem structure
  VariableRef                             : [29, 29]
  AffExpr in MOI.EqualTo{Float64}         : [4, 5]
  AffExpr in MOI.GreaterThan{Float64}     : [3, 3]
  AffExpr in MOI.LessThan{Float64}        : [4, 4]
  VariableRef in MOI.GreaterThan{Float64} : [22, 22]
  VariableRef in MOI.LessThan{Float64}    : [1, 1]
numerical stability report
  matrix range     [1e+00, 1e+00]
  objective range  [1e+00, 1e+06]
  bounds range     [0e+00, 0e+00]
  rhs range        [0e+00, 0e+00]
-------------------------------------------------------------------
 iteration    simulation      bound        time (s)     solves  pid
-------------------------------------------------------------------
        10   3.455904e+05  3.147347e+05  8.562088e-03        54   1
        20   3.336455e+05  3.402383e+05  1.504397e-02       104   1
        30   3.337559e+05  3.403155e+05  2.277899e-02       158   1
        40   3.337559e+05  3.403155e+05  3.025007e-02       208   1
        48   3.337559e+05  3.403155e+05  3.676295e-02       248   1
-------------------------------------------------------------------
status         : simulation_stopping
total time (s) : 3.676295e-02
total solves   : 248
best bound     :  3.403155e+05
simulation ci  :  1.351676e+08 ± 1.785770e+08
numeric issues : 0
-------------------------------------------------------------------

-------------------------------------------------------------------
         SDDP.jl (c) Oscar Dowson and contributors, 2017-24
-------------------------------------------------------------------
problem
  nodes           : 3
  state variables : 4
  scenarios       : 4.00000e+00
  existing cuts   : false
options
  solver          : serial mode
  risk measure    : SDDP.Expectation()
  sampling scheme : SDDP.InSampleMonteCarlo
subproblem structure
  VariableRef                             : [29, 29]
  AffExpr in MOI.EqualTo{Float64}         : [4, 5]
  AffExpr in MOI.GreaterThan{Float64}     : [3, 3]
  AffExpr in MOI.LessThan{Float64}        : [4, 4]
  VariableRef in MOI.EqualTo{Float64}     : [3, 3]
  VariableRef in MOI.GreaterThan{Float64} : [22, 22]
  VariableRef in MOI.LessThan{Float64}    : [1, 1]
numerical stability report
  matrix range     [1e+00, 1e+00]
  objective range  [1e+00, 1e+05]
  bounds range     [0e+00, 0e+00]
  rhs range        [0e+00, 0e+00]
-------------------------------------------------------------------
 iteration    simulation      bound        time (s)     solves  pid
-------------------------------------------------------------------
        10   4.403329e+05  3.509666e+05  1.405787e-02        92   1
        20   4.055335e+05  4.054833e+05  2.551985e-02       172   1
        30   3.959476e+05  4.067125e+05  3.960800e-02       264   1
        40   3.959476e+05  4.067125e+05  5.400991e-02       344   1
        47   3.959476e+05  4.067125e+05  6.516004e-02       400   1
-------------------------------------------------------------------
status         : simulation_stopping
total time (s) : 6.516004e-02
total solves   : 400
best bound     :  4.067125e+05
simulation ci  :  2.695623e+07 ± 3.645336e+07
numeric issues : 0
-------------------------------------------------------------------

-------------------------------------------------------------------
         SDDP.jl (c) Oscar Dowson and contributors, 2017-24
-------------------------------------------------------------------
problem
  nodes           : 10
  state variables : 4
  scenarios       : 2.70000e+01
  existing cuts   : false
options
  solver          : serial mode
  risk measure    : SDDP.Expectation()
  sampling scheme : SDDP.InSampleMonteCarlo
subproblem structure
  VariableRef                             : [24, 24]
  AffExpr in MOI.EqualTo{Float64}         : [3, 3]
  AffExpr in MOI.GreaterThan{Float64}     : [1, 1]
  AffExpr in MOI.LessThan{Float64}        : [1, 6]
  VariableRef in MOI.GreaterThan{Float64} : [20, 20]
  VariableRef in MOI.LessThan{Float64}    : [1, 2]
numerical stability report
  matrix range     [1e+00, 8e+01]
  objective range  [1e+00, 1e+03]
  bounds range     [6e+01, 6e+01]
  rhs range        [2e+02, 3e+03]
-------------------------------------------------------------------
 iteration    simulation      bound        time (s)     solves  pid
-------------------------------------------------------------------
         1   8.316000e+03  0.000000e+00  9.849000e-02        14   1
        40   4.716000e+03  4.074139e+03  2.297101e-01       776   1
-------------------------------------------------------------------
status         : simulation_stopping
total time (s) : 2.297101e-01
total solves   : 776
best bound     :  4.074139e+03
simulation ci  :  4.477341e+03 ± 6.593738e+02
numeric issues : 0
-------------------------------------------------------------------

-------------------------------------------------------------------
         SDDP.jl (c) Oscar Dowson and contributors, 2017-24
-------------------------------------------------------------------
problem
  nodes           : 3
  state variables : 1
  scenarios       : 4.00000e+00
  existing cuts   : false
options
  solver          : serial mode
  risk measure    : SDDP.Expectation()
  sampling scheme : SDDP.InSampleMonteCarlo
subproblem structure
  VariableRef                             : [6, 6]
  AffExpr in MOI.EqualTo{Float64}         : [1, 1]
  VariableRef in MOI.GreaterThan{Float64} : [4, 4]
  VariableRef in MOI.Integer              : [3, 3]
  VariableRef in MOI.LessThan{Float64}    : [2, 3]
numerical stability report
  matrix range     [1e+00, 1e+00]
  objective range  [1e+00, 3e+02]
  bounds range     [1e+02, 2e+02]
  rhs range        [0e+00, 0e+00]
-------------------------------------------------------------------
 iteration    simulation      bound        time (s)     solves  pid
-------------------------------------------------------------------
         1L  7.000000e+04  6.166667e+04  5.197642e-01         8   1
        40L  5.500000e+04  6.250000e+04  7.560601e-01       344   1
-------------------------------------------------------------------
status         : simulation_stopping
total time (s) : 7.560601e-01
total solves   : 344
best bound     :  6.250000e+04
simulation ci  :  6.091250e+04 ± 6.325667e+03
numeric issues : 0
-------------------------------------------------------------------

-------------------------------------------------------------------
         SDDP.jl (c) Oscar Dowson and contributors, 2017-24
-------------------------------------------------------------------
problem
  nodes           : 3
  state variables : 1
  scenarios       : 4.00000e+00
  existing cuts   : false
options
  solver          : serial mode
  risk measure    : SDDP.Expectation()
  sampling scheme : SDDP.InSampleMonteCarlo
subproblem structure
  VariableRef                             : [6, 6]
  AffExpr in MOI.EqualTo{Float64}         : [1, 1]
  VariableRef in MOI.GreaterThan{Float64} : [4, 4]
  VariableRef in MOI.Integer              : [3, 3]
  VariableRef in MOI.LessThan{Float64}    : [2, 3]
numerical stability report
  matrix range     [1e+00, 1e+00]
  objective range  [1e+00, 3e+02]
  bounds range     [1e+02, 2e+02]
  rhs range        [0e+00, 0e+00]
-------------------------------------------------------------------
 iteration    simulation      bound        time (s)     solves  pid
-------------------------------------------------------------------
         1   3.000000e+04  6.250000e+04  4.317045e-03         8   1
        20   4.000000e+04  6.250000e+04  4.406309e-02       172   1
-------------------------------------------------------------------
status         : simulation_stopping
total time (s) : 4.406309e-02
total solves   : 172
best bound     :  6.250000e+04
simulation ci  :  5.650000e+04 ± 6.785916e+03
numeric issues : 0
-------------------------------------------------------------------

-------------------------------------------------------------------
         SDDP.jl (c) Oscar Dowson and contributors, 2017-24
-------------------------------------------------------------------
problem
  nodes           : 3
  state variables : 1
  scenarios       : 4.00000e+00
  existing cuts   : false
options
  solver          : serial mode
  risk measure    : SDDP.Expectation()
  sampling scheme : SDDP.InSampleMonteCarlo
subproblem structure
  VariableRef                             : [5, 5]
  AffExpr in MOI.EqualTo{Float64}         : [1, 1]
  VariableRef in MOI.GreaterThan{Float64} : [4, 4]
  VariableRef in MOI.LessThan{Float64}    : [2, 3]
numerical stability report
  matrix range     [1e+00, 1e+00]
  objective range  [1e+00, 3e+02]
  bounds range     [1e+02, 2e+02]
  rhs range        [1e+02, 3e+02]
-------------------------------------------------------------------
 iteration    simulation      bound        time (s)     solves  pid
-------------------------------------------------------------------
         1   7.000000e+04  6.250000e+04  6.044865e-03         5   1
        10   6.000000e+04  6.250000e+04  2.161694e-02        50   1
-------------------------------------------------------------------
status         : iteration_limit
total time (s) : 2.161694e-02
total solves   : 50
best bound     :  6.250000e+04
simulation ci  :  6.150000e+04 ± 1.265596e+04
numeric issues : 0
-------------------------------------------------------------------

-------------------------------------------------------------------
         SDDP.jl (c) Oscar Dowson and contributors, 2017-24
-------------------------------------------------------------------
problem
  nodes           : 3
  state variables : 2
  scenarios       : 1.00000e+00
  existing cuts   : false
options
  solver          : serial mode
  risk measure    : SDDP.Expectation()
  sampling scheme : SDDP.InSampleMonteCarlo
subproblem structure
  VariableRef                             : [6, 6]
  AffExpr in MOI.EqualTo{Float64}         : [2, 2]
  VariableRef in MOI.GreaterThan{Float64} : [2, 3]
  VariableRef in MOI.LessThan{Float64}    : [3, 3]
  VariableRef in MOI.ZeroOne              : [3, 3]
numerical stability report
  matrix range     [1e+00, 1e+00]
  objective range  [1e+00, 6e+00]
  bounds range     [1e+00, 1e+02]
  rhs range        [0e+00, 0e+00]
-------------------------------------------------------------------
 iteration    simulation      bound        time (s)     solves  pid
-------------------------------------------------------------------
         1L  6.000000e+00  9.000000e+00  3.453207e-02         6   1
        20L  9.000000e+00  9.000000e+00  7.483411e-02       123   1
-------------------------------------------------------------------
status         : simulation_stopping
total time (s) : 7.483411e-02
total solves   : 123
best bound     :  9.000000e+00
simulation ci  :  8.850000e+00 ± 2.940000e-01
numeric issues : 0
-------------------------------------------------------------------

-------------------------------------------------------------------
         SDDP.jl (c) Oscar Dowson and contributors, 2017-24
-------------------------------------------------------------------
problem
  nodes           : 7
  state variables : 2
  scenarios       : 8.00000e+00
  existing cuts   : false
options
  solver          : serial mode
  risk measure    : SDDP.Expectation()
  sampling scheme : SDDP.InSampleMonteCarlo
subproblem structure
  VariableRef                             : [5, 7]
  AffExpr in MOI.EqualTo{Float64}         : [1, 1]
  VariableRef in MOI.GreaterThan{Float64} : [3, 5]
  VariableRef in MOI.LessThan{Float64}    : [1, 1]
numerical stability report
  matrix range     [1e+00, 1e+00]
  objective range  [1e+00, 4e+00]
  bounds range     [1e+03, 1e+03]
  rhs range        [6e+01, 8e+01]
-------------------------------------------------------------------
 iteration    simulation      bound        time (s)     solves  pid
-------------------------------------------------------------------
         5  -1.620000e+00 -8.522173e-01  1.390100e-02        87   1
        10  -1.847411e-13  1.392784e+00  2.098393e-02       142   1
        15  -6.963319e-13  1.514085e+00  2.868390e-02       197   1
        20   1.136868e-13  1.514085e+00  3.655410e-02       252   1
        25  -1.080025e-12  1.514085e+00  7.787895e-02       339   1
        30   1.136868e-13  1.514085e+00  8.703589e-02       394   1
        35  -2.479988e+01  1.514085e+00  9.701300e-02       449   1
        40   1.136868e-13  1.514085e+00  1.074171e-01       504   1
-------------------------------------------------------------------
status         : simulation_stopping
total time (s) : 1.074171e-01
total solves   : 504
best bound     :  1.514085e+00
simulation ci  :  3.429060e+00 ± 6.665883e+00
numeric issues : 0
-------------------------------------------------------------------

-------------------------------------------------------------------
         SDDP.jl (c) Oscar Dowson and contributors, 2017-24
-------------------------------------------------------------------
problem
  nodes           : 7
  state variables : 2
  scenarios       : 3.20000e+01
  existing cuts   : false
options
  solver          : serial mode
  risk measure    : #4
  sampling scheme : SDDP.InSampleMonteCarlo
subproblem structure
  VariableRef                             : [5, 7]
  AffExpr in MOI.EqualTo{Float64}         : [1, 1]
  VariableRef in MOI.GreaterThan{Float64} : [2, 5]
  VariableRef in MOI.LessThan{Float64}    : [1, 1]
numerical stability report
  matrix range     [1e+00, 1e+00]
  objective range  [2e-02, 4e+00]
  bounds range     [1e+03, 1e+03]
  rhs range        [6e+01, 8e+01]
-------------------------------------------------------------------
 iteration    simulation      bound        time (s)     solves  pid
-------------------------------------------------------------------
        10   4.375000e+00  6.798204e+00  1.827450e-01       278   1
        20   1.230957e+01  1.358825e+00  2.016709e-01       428   1
        30   8.859026e+00  1.278410e+00  2.352529e-01       706   1
        40  -2.315795e+01  1.278410e+00  2.593820e-01       856   1
        49   3.014193e+01  1.278410e+00  2.821999e-01       991   1
-------------------------------------------------------------------
status         : simulation_stopping
total time (s) : 2.821999e-01
total solves   : 991
best bound     :  1.278410e+00
simulation ci  : -1.755629e+00 ± 5.526921e+00
numeric issues : 0
-------------------------------------------------------------------

-------------------------------------------------------------------
         SDDP.jl (c) Oscar Dowson and contributors, 2017-24
-------------------------------------------------------------------
problem
  nodes           : 7
  state variables : 2
  scenarios       : 3.20000e+01
  existing cuts   : false
options
  solver          : serial mode
  risk measure    : #4
  sampling scheme : SDDP.InSampleMonteCarlo
subproblem structure
  VariableRef                             : [5, 7]
  AffExpr in MOI.EqualTo{Float64}         : [1, 1]
  VariableRef in MOI.GreaterThan{Float64} : [2, 5]
  VariableRef in MOI.LessThan{Float64}    : [1, 1]
numerical stability report
  matrix range     [1e+00, 1e+00]
  objective range  [2e-02, 4e+00]
  bounds range     [1e+03, 1e+03]
  rhs range        [6e+01, 8e+01]
-------------------------------------------------------------------
 iteration    simulation      bound        time (s)     solves  pid
-------------------------------------------------------------------
        10  -2.454000e+00  1.647363e+00  3.814507e-02       278   1
        20  -3.575118e+00  1.278410e+00  6.840706e-02       428   1
        30  -5.003795e+01  1.278410e+00  1.171460e-01       706   1
        40   6.835609e+00  1.278410e+00  1.584051e-01       856   1
-------------------------------------------------------------------
status         : simulation_stopping
total time (s) : 1.584051e-01
total solves   : 856
best bound     :  1.278410e+00
simulation ci  :  4.369345e+00 ± 4.780393e+00
numeric issues : 0
-------------------------------------------------------------------

-------------------------------------------------------------------
         SDDP.jl (c) Oscar Dowson and contributors, 2017-24
-------------------------------------------------------------------
problem
  nodes           : 4
  state variables : 1
  scenarios       : Inf
  existing cuts   : false
options
  solver          : serial mode
  risk measure    : SDDP.Expectation()
  sampling scheme : SDDP.InSampleMonteCarlo
subproblem structure
  VariableRef                             : [7, 7]
  AffExpr in MOI.EqualTo{Float64}         : [1, 1]
  AffExpr in MOI.GreaterThan{Float64}     : [2, 2]
  VariableRef in MOI.EqualTo{Float64}     : [1, 1]
  VariableRef in MOI.GreaterThan{Float64} : [5, 5]
  VariableRef in MOI.LessThan{Float64}    : [3, 3]
numerical stability report
  matrix range     [1e+00, 1e+00]
  objective range  [1e+00, 2e+00]
  bounds range     [2e+00, 1e+02]
  rhs range        [0e+00, 0e+00]
-------------------------------------------------------------------
 iteration    simulation      bound        time (s)     solves  pid
-------------------------------------------------------------------
        10   4.787277e+00  9.346930e+00  1.372979e+00       900   1
        20   6.374753e+00  1.361934e+01  1.544216e+00      1720   1
        30   2.813321e+01  1.651297e+01  1.871657e+00      3036   1
        40   1.654759e+01  1.632970e+01  2.232747e+00      4192   1
        50   3.570941e+00  1.846889e+01  2.526949e+00      5020   1
        60   1.087425e+01  1.890254e+01  2.808907e+00      5808   1
        70   9.381610e+00  1.940320e+01  3.099041e+00      6540   1
        80   5.648731e+01  1.962435e+01  3.315627e+00      7088   1
        90   3.879273e+01  1.981008e+01  3.806204e+00      8180   1
       100   7.870187e+00  1.997117e+01  4.027527e+00      8664   1
-------------------------------------------------------------------
status         : iteration_limit
total time (s) : 4.027527e+00
total solves   : 8664
best bound     :  1.997117e+01
simulation ci  :  2.275399e+01 ± 4.541987e+00
numeric issues : 0
-------------------------------------------------------------------

-------------------------------------------------------------------
         SDDP.jl (c) Oscar Dowson and contributors, 2017-24
-------------------------------------------------------------------
problem
  nodes           : 5
  state variables : 2
  scenarios       : 3.20000e+01
  existing cuts   : false
options
  solver          : serial mode
  risk measure    : SDDP.Expectation()
  sampling scheme : SDDP.InSampleMonteCarlo
subproblem structure
  VariableRef                             : [10, 10]
  AffExpr in MOI.EqualTo{Float64}         : [2, 2]
  AffExpr in MOI.GreaterThan{Float64}     : [2, 2]
  AffExpr in MOI.LessThan{Float64}        : [6, 6]
  VariableRef in MOI.GreaterThan{Float64} : [5, 6]
  VariableRef in MOI.LessThan{Float64}    : [6, 6]
  VariableRef in MOI.ZeroOne              : [5, 5]
numerical stability report
  matrix range     [1e+00, 1e+00]
  objective range  [1e+00, 6e+00]
  bounds range     [1e+00, 1e+01]
  rhs range        [1e+00, 1e+00]
-------------------------------------------------------------------
 iteration    simulation      bound        time (s)     solves  pid
-------------------------------------------------------------------
         5   9.000000e+00  9.002950e+00  1.369381e-01       235   1
        10   4.000000e+00  9.002950e+00  1.576941e-01       310   1
        15   4.000000e+00  9.002950e+00  1.790540e-01       385   1
        20   4.000000e+00  9.002950e+00  2.009170e-01       460   1
        25   1.000000e+01  9.002950e+00  2.733982e-01       695   1
        30   5.000000e+00  9.002950e+00  2.964880e-01       770   1
        35   1.000000e+01  9.002950e+00  3.206251e-01       845   1
        40   5.000000e+00  9.002950e+00  3.460631e-01       920   1
-------------------------------------------------------------------
status         : simulation_stopping
total time (s) : 3.460631e-01
total solves   : 920
best bound     :  9.002950e+00
simulation ci  :  6.375000e+00 ± 7.930178e-01
numeric issues : 0
-------------------------------------------------------------------

-------------------------------------------------------------------
         SDDP.jl (c) Oscar Dowson and contributors, 2017-24
-------------------------------------------------------------------
problem
  nodes           : 3
  state variables : 4
  scenarios       : 2.16000e+02
  existing cuts   : false
options
  solver          : serial mode
  risk measure    : SDDP.Expectation()
  sampling scheme : SDDP.InSampleMonteCarlo
subproblem structure
  VariableRef                             : [18, 18]
  AffExpr in MOI.EqualTo{Float64}         : [4, 4]
  AffExpr in MOI.GreaterThan{Float64}     : [4, 4]
  AffExpr in MOI.LessThan{Float64}        : [12, 12]
  VariableRef in MOI.GreaterThan{Float64} : [9, 10]
  VariableRef in MOI.LessThan{Float64}    : [10, 10]
  VariableRef in MOI.ZeroOne              : [9, 9]
numerical stability report
  matrix range     [1e+00, 1e+00]
  objective range  [1e+00, 4e+00]
  bounds range     [1e+00, 2e+01]
  rhs range        [1e+00, 1e+00]
-------------------------------------------------------------------
 iteration    simulation      bound        time (s)     solves  pid
-------------------------------------------------------------------
        10   1.000000e+01  6.868919e+00  1.026981e-01       510   1
        20   2.000000e+00  6.834387e+00  1.556251e-01       720   1
        30   1.200000e+01  6.834387e+00  3.150022e-01      1230   1
        40   7.000000e+00  6.823805e+00  3.692911e-01      1440   1
        50   7.000000e+00  6.823805e+00  5.160651e-01      1950   1
        60   5.000000e+00  6.823805e+00  5.724752e-01      2160   1
-------------------------------------------------------------------
status         : simulation_stopping
total time (s) : 5.724752e-01
total solves   : 2160
best bound     :  6.823805e+00
simulation ci  :  6.183333e+00 ± 6.258900e-01
numeric issues : 0
-------------------------------------------------------------------

-------------------------------------------------------------------
         SDDP.jl (c) Oscar Dowson and contributors, 2017-24
-------------------------------------------------------------------
problem
  nodes           : 5
  state variables : 5
  scenarios       : 3.27680e+04
  existing cuts   : false
options
  solver          : serial mode
  risk measure    : SDDP.Expectation()
  sampling scheme : SDDP.InSampleMonteCarlo
subproblem structure
  VariableRef                             : [14, 14]
  AffExpr in MOI.GreaterThan{Float64}     : [7, 7]
  AffExpr in MOI.LessThan{Float64}        : [4, 4]
  VariableRef in MOI.GreaterThan{Float64} : [8, 8]
  VariableRef in MOI.Integer              : [5, 5]
  VariableRef in MOI.LessThan{Float64}    : [5, 6]
numerical stability report
  matrix range     [1e+00, 1e+00]
  objective range  [1e+00, 5e+05]
  bounds range     [1e+00, 1e+00]
  rhs range        [0e+00, 0e+00]
-------------------------------------------------------------------
 iteration    simulation      bound        time (s)     solves  pid
-------------------------------------------------------------------
        10   2.549668e+06  2.078257e+06  5.162461e-01       920   1
        20   5.494568e+05  2.078257e+06  7.150712e-01      1340   1
        30   4.985879e+04  2.078257e+06  1.250561e+00      2260   1
        40   3.799447e+06  2.078257e+06  1.450904e+00      2680   1
        50   1.049867e+06  2.078257e+06  2.006807e+00      3600   1
        60   3.985191e+04  2.078257e+06  2.211959e+00      4020   1
-------------------------------------------------------------------
status         : simulation_stopping
total time (s) : 2.211959e+00
total solves   : 4020
best bound     :  2.078257e+06
simulation ci  :  2.031697e+06 ± 3.922745e+05
numeric issues : 0
-------------------------------------------------------------------

-------------------------------------------------------------------
         SDDP.jl (c) Oscar Dowson and contributors, 2017-24
-------------------------------------------------------------------
problem
  nodes           : 5
  state variables : 5
  scenarios       : 3.27680e+04
  existing cuts   : false
options
  solver          : serial mode
  risk measure    : SDDP.Expectation()
  sampling scheme : SDDP.InSampleMonteCarlo
subproblem structure
  VariableRef                             : [14, 14]
  AffExpr in MOI.GreaterThan{Float64}     : [7, 7]
  AffExpr in MOI.LessThan{Float64}        : [4, 4]
  VariableRef in MOI.GreaterThan{Float64} : [8, 8]
  VariableRef in MOI.Integer              : [5, 5]
  VariableRef in MOI.LessThan{Float64}    : [5, 6]
numerical stability report
  matrix range     [1e+00, 1e+00]
  objective range  [1e+00, 5e+05]
  bounds range     [1e+00, 1e+00]
  rhs range        [0e+00, 0e+00]
-------------------------------------------------------------------
 iteration    simulation      bound        time (s)     solves  pid
-------------------------------------------------------------------
        10L  4.986663e+04  2.079119e+06  9.532039e-01       920   1
        20L  3.799878e+06  2.079330e+06  1.673917e+00      1340   1
        30L  3.003923e+04  2.079457e+06  2.791692e+00      2260   1
        40L  5.549882e+06  2.079457e+06  3.593280e+00      2680   1
        50L  2.799466e+06  2.079457e+06  4.756404e+00      3600   1
        60L  3.549880e+06  2.079457e+06  5.524574e+00      4020   1
-------------------------------------------------------------------
status         : simulation_stopping
total time (s) : 5.524574e+00
total solves   : 4020
best bound     :  2.079457e+06
simulation ci  :  2.352204e+06 ± 5.377531e+05
numeric issues : 0
-------------------------------------------------------------------

-------------------------------------------------------------------
         SDDP.jl (c) Oscar Dowson and contributors, 2017-24
-------------------------------------------------------------------
problem
  nodes           : 1
  state variables : 1
  scenarios       : Inf
  existing cuts   : false
options
  solver          : serial mode
  risk measure    : SDDP.Expectation()
  sampling scheme : SDDP.InSampleMonteCarlo
subproblem structure
  VariableRef                             : [8, 8]
  AffExpr in MOI.EqualTo{Float64}         : [2, 2]
  VariableRef in MOI.GreaterThan{Float64} : [5, 5]
  VariableRef in MOI.LessThan{Float64}    : [1, 1]
numerical stability report
  matrix range     [1e+00, 1e+00]
  objective range  [1e+00, 1e+01]
  bounds range     [5e+00, 2e+01]
  rhs range        [0e+00, 0e+00]
-------------------------------------------------------------------
 iteration    simulation      bound        time (s)     solves  pid
-------------------------------------------------------------------
       100   2.500000e+01  1.188965e+02  7.787440e-01      1946   1
       200   2.500000e+01  1.191634e+02  9.896531e-01      3920   1
       300   0.000000e+00  1.191666e+02  1.206996e+00      5902   1
       330   2.500000e+01  1.191667e+02  1.249880e+00      6224   1
-------------------------------------------------------------------
status         : simulation_stopping
total time (s) : 1.249880e+00
total solves   : 6224
best bound     :  1.191667e+02
simulation ci  :  2.158333e+01 ± 3.290252e+00
numeric issues : 0
-------------------------------------------------------------------

-------------------------------------------------------------------
         SDDP.jl (c) Oscar Dowson and contributors, 2017-24
-------------------------------------------------------------------
problem
  nodes           : 1
  state variables : 1
  scenarios       : Inf
  existing cuts   : false
options
  solver          : serial mode
  risk measure    : SDDP.Expectation()
  sampling scheme : SDDP.InSampleMonteCarlo
subproblem structure
  VariableRef                             : [8, 8]
  AffExpr in MOI.EqualTo{Float64}         : [2, 2]
  VariableRef in MOI.GreaterThan{Float64} : [5, 5]
  VariableRef in MOI.LessThan{Float64}    : [1, 1]
numerical stability report
  matrix range     [1e+00, 1e+00]
  objective range  [1e+00, 1e+01]
  bounds range     [5e+00, 2e+01]
  rhs range        [0e+00, 0e+00]
-------------------------------------------------------------------
 iteration    simulation      bound        time (s)     solves  pid
-------------------------------------------------------------------
       100   0.000000e+00  1.191285e+02  3.019929e-01      2874   1
       200   2.500000e+00  1.191666e+02  5.382209e-01      4855   1
       282   7.500000e+00  1.191667e+02  6.733029e-01      5733   1
-------------------------------------------------------------------
status         : simulation_stopping
total time (s) : 6.733029e-01
total solves   : 5733
best bound     :  1.191667e+02
simulation ci  :  2.104610e+01 ± 3.492245e+00
numeric issues : 0
-------------------------------------------------------------------

-------------------------------------------------------------------
         SDDP.jl (c) Oscar Dowson and contributors, 2017-24
-------------------------------------------------------------------
problem
  nodes           : 1
  state variables : 1
  scenarios       : Inf
  existing cuts   : false
options
  solver          : serial mode
  risk measure    : SDDP.Expectation()
  sampling scheme : SDDP.InSampleMonteCarlo
subproblem structure
  VariableRef                             : [3, 3]
  AffExpr in MOI.EqualTo{Float64}         : [1, 1]
  VariableRef in MOI.GreaterThan{Float64} : [1, 1]
numerical stability report
  matrix range     [1e+00, 1e+00]
  objective range  [1e+00, 1e+00]
  bounds range     [0e+00, 0e+00]
  rhs range        [0e+00, 0e+00]
-------------------------------------------------------------------
 iteration    simulation      bound        time (s)     solves  pid
-------------------------------------------------------------------
        10   4.000000e+00  1.997089e+01  7.102990e-02      1204   1
        20   8.000000e+00  2.000000e+01  9.230590e-02      1420   1
        30   1.600000e+01  2.000000e+01  1.636209e-01      2628   1
        40   8.000000e+00  2.000000e+01  1.853940e-01      2834   1
-------------------------------------------------------------------
status         : simulation_stopping
total time (s) : 1.853940e-01
total solves   : 2834
best bound     :  2.000000e+01
simulation ci  :  1.625000e+01 ± 4.766381e+00
numeric issues : 0
-------------------------------------------------------------------

-------------------------------------------------------------------
         SDDP.jl (c) Oscar Dowson and contributors, 2017-24
-------------------------------------------------------------------
problem
  nodes           : 1
  state variables : 1
  scenarios       : Inf
  existing cuts   : false
options
  solver          : serial mode
  risk measure    : SDDP.Expectation()
  sampling scheme : SDDP.InSampleMonteCarlo
subproblem structure
  VariableRef                             : [3, 3]
  AffExpr in MOI.EqualTo{Float64}         : [1, 1]
  VariableRef in MOI.GreaterThan{Float64} : [1, 1]
numerical stability report
  matrix range     [1e+00, 1e+00]
  objective range  [1e+00, 1e+00]
  bounds range     [0e+00, 0e+00]
  rhs range        [0e+00, 0e+00]
-------------------------------------------------------------------
 iteration    simulation      bound        time (s)     solves  pid
-------------------------------------------------------------------
         1   1.000000e+00  1.500000e+00  1.773119e-03         3   1
        40   4.000000e+00  2.000000e+00  4.504704e-02       578   1
-------------------------------------------------------------------
status         : simulation_stopping
total time (s) : 4.504704e-02
total solves   : 578
best bound     :  2.000000e+00
simulation ci  :  1.950000e+00 ± 5.568095e-01
numeric issues : 0
-------------------------------------------------------------------

-------------------------------------------------------------------
         SDDP.jl (c) Oscar Dowson and contributors, 2017-24
-------------------------------------------------------------------
problem
  nodes           : 3
  state variables : 1
  scenarios       : 8.51840e+04
  existing cuts   : false
options
  solver          : serial mode
  risk measure    : SDDP.Expectation()
  sampling scheme : SDDP.InSampleMonteCarlo
subproblem structure
  VariableRef                             : [6, 6]
  AffExpr in MOI.EqualTo{Float64}         : [1, 3]
  AffExpr in MOI.LessThan{Float64}        : [2, 2]
  VariableRef in MOI.GreaterThan{Float64} : [3, 4]
  VariableRef in MOI.LessThan{Float64}    : [3, 3]
numerical stability report
  matrix range     [8e-01, 2e+00]
  objective range  [1e+00, 2e+00]
  bounds range     [1e+00, 1e+02]
  rhs range        [5e+01, 5e+01]
-------------------------------------------------------------------
 iteration    simulation      bound        time (s)     solves  pid
-------------------------------------------------------------------
        10   5.250000e+00  4.888859e+00  1.718180e-01      1350   1
        20   4.350000e+00  4.105855e+00  2.606180e-01      2700   1
        30   5.000000e+00  4.100490e+00  3.586960e-01      4050   1
        40   3.500000e+00  4.097376e+00  4.900959e-01      5400   1
        50   5.250000e+00  4.095859e+00  6.000850e-01      6750   1
        60   3.643750e+00  4.093342e+00  7.167180e-01      8100   1
        70   2.643750e+00  4.091818e+00  8.307378e-01      9450   1
        80   5.087500e+00  4.091591e+00  9.475150e-01     10800   1
        90   5.062500e+00  4.091309e+00  1.064757e+00     12150   1
       100   4.843750e+00  4.087004e+00  1.191509e+00     13500   1
       110   3.437500e+00  4.086094e+00  1.318384e+00     14850   1
       120   3.375000e+00  4.085926e+00  1.446378e+00     16200   1
       130   5.025000e+00  4.085866e+00  1.576061e+00     17550   1
       140   5.000000e+00  4.085734e+00  1.708496e+00     18900   1
       150   3.500000e+00  4.085655e+00  1.840077e+00     20250   1
       160   4.281250e+00  4.085454e+00  1.969008e+00     21600   1
       170   4.562500e+00  4.085425e+00  2.101121e+00     22950   1
       180   5.768750e+00  4.085425e+00  2.234326e+00     24300   1
       190   3.468750e+00  4.085359e+00  2.377489e+00     25650   1
       200   4.131250e+00  4.085225e+00  2.539394e+00     27000   1
       210   4.512500e+00  4.085157e+00  2.672509e+00     28350   1
       220   4.900000e+00  4.085153e+00  2.807831e+00     29700   1
       230   4.025000e+00  4.085134e+00  2.946271e+00     31050   1
       240   4.468750e+00  4.085116e+00  3.088247e+00     32400   1
       250   4.062500e+00  4.085075e+00  3.228580e+00     33750   1
       260   4.875000e+00  4.085037e+00  3.370805e+00     35100   1
       270   3.850000e+00  4.085011e+00  3.513846e+00     36450   1
       280   4.912500e+00  4.084992e+00  3.657891e+00     37800   1
       290   2.987500e+00  4.084986e+00  3.809210e+00     39150   1
       300   3.825000e+00  4.084957e+00  3.962411e+00     40500   1
       310   3.250000e+00  4.084911e+00  4.115874e+00     41850   1
       320   3.600000e+00  4.084896e+00  4.269723e+00     43200   1
       330   3.925000e+00  4.084896e+00  4.410832e+00     44550   1
       340   4.500000e+00  4.084893e+00  4.559470e+00     45900   1
       350   5.000000e+00  4.084891e+00  4.724783e+00     47250   1
       360   3.075000e+00  4.084866e+00  4.873650e+00     48600   1
       370   3.500000e+00  4.084861e+00  5.026555e+00     49950   1
       380   3.356250e+00  4.084857e+00  5.180355e+00     51300   1
       390   5.500000e+00  4.084846e+00  5.342544e+00     52650   1
       400   4.475000e+00  4.084846e+00  5.495168e+00     54000   1
       410   3.750000e+00  4.084843e+00  5.651602e+00     55350   1
       420   3.687500e+00  4.084843e+00  5.813208e+00     56700   1
       430   4.337500e+00  4.084825e+00  5.976060e+00     58050   1
       440   5.750000e+00  4.084825e+00  6.121196e+00     59400   1
       450   4.925000e+00  4.084792e+00  6.286944e+00     60750   1
       460   3.600000e+00  4.084792e+00  6.446270e+00     62100   1
       470   4.387500e+00  4.084792e+00  6.600129e+00     63450   1
       480   4.000000e+00  4.084792e+00  6.767065e+00     64800   1
       490   2.975000e+00  4.084788e+00  6.927593e+00     66150   1
       500   3.125000e+00  4.084788e+00  7.103219e+00     67500   1
       510   4.250000e+00  4.084788e+00  7.269200e+00     68850   1
       520   4.512500e+00  4.084786e+00  7.424148e+00     70200   1
       530   3.875000e+00  4.084786e+00  7.591706e+00     71550   1
       540   4.387500e+00  4.084781e+00  7.757813e+00     72900   1
       550   5.281250e+00  4.084780e+00  7.927113e+00     74250   1
       560   4.650000e+00  4.084780e+00  8.083619e+00     75600   1
       570   3.062500e+00  4.084780e+00  8.242684e+00     76950   1
       580   3.187500e+00  4.084780e+00  8.396534e+00     78300   1
       590   3.812500e+00  4.084780e+00  8.549146e+00     79650   1
       600   3.637500e+00  4.084774e+00  8.713934e+00     81000   1
       610   3.950000e+00  4.084765e+00  8.884900e+00     82350   1
       620   4.625000e+00  4.084760e+00  9.046476e+00     83700   1
       630   4.218750e+00  4.084760e+00  9.215243e+00     85050   1
       640   3.025000e+00  4.084755e+00  9.380881e+00     86400   1
       650   2.993750e+00  4.084751e+00  9.555137e+00     87750   1
       660   3.262500e+00  4.084746e+00  9.716605e+00     89100   1
       670   3.625000e+00  4.084746e+00  9.882870e+00     90450   1
       680   2.981250e+00  4.084746e+00  1.004942e+01     91800   1
       690   4.187500e+00  4.084746e+00  1.021258e+01     93150   1
       700   4.500000e+00  4.084746e+00  1.037220e+01     94500   1
       710   3.225000e+00  4.084746e+00  1.053477e+01     95850   1
       720   4.375000e+00  4.084746e+00  1.069895e+01     97200   1
       730   2.650000e+00  4.084746e+00  1.086910e+01     98550   1
       740   3.250000e+00  4.084746e+00  1.103963e+01     99900   1
       750   4.725000e+00  4.084746e+00  1.122518e+01    101250   1
       760   3.375000e+00  4.084746e+00  1.140288e+01    102600   1
       770   5.375000e+00  4.084746e+00  1.157719e+01    103950   1
       780   4.068750e+00  4.084746e+00  1.175489e+01    105300   1
       790   4.412500e+00  4.084746e+00  1.195624e+01    106650   1
       800   4.350000e+00  4.084746e+00  1.213608e+01    108000   1
       810   5.887500e+00  4.084746e+00  1.231597e+01    109350   1
       820   4.912500e+00  4.084746e+00  1.248840e+01    110700   1
       830   4.387500e+00  4.084746e+00  1.265457e+01    112050   1
       840   3.675000e+00  4.084746e+00  1.283036e+01    113400   1
       850   5.375000e+00  4.084746e+00  1.300433e+01    114750   1
       860   3.562500e+00  4.084746e+00  1.318479e+01    116100   1
       870   3.075000e+00  4.084746e+00  1.336677e+01    117450   1
       880   3.625000e+00  4.084746e+00  1.353941e+01    118800   1
       890   2.937500e+00  4.084746e+00  1.370804e+01    120150   1
       900   4.450000e+00  4.084746e+00  1.388769e+01    121500   1
       910   4.200000e+00  4.084746e+00  1.406510e+01    122850   1
       920   3.687500e+00  4.084746e+00  1.424677e+01    124200   1
       930   4.725000e+00  4.084746e+00  1.444151e+01    125550   1
       940   4.018750e+00  4.084746e+00  1.461368e+01    126900   1
       950   4.675000e+00  4.084746e+00  1.478411e+01    128250   1
       960   3.375000e+00  4.084746e+00  1.495244e+01    129600   1
       970   3.812500e+00  4.084746e+00  1.512396e+01    130950   1
       980   3.112500e+00  4.084746e+00  1.529760e+01    132300   1
       990   3.600000e+00  4.084746e+00  1.547382e+01    133650   1
      1000   5.500000e+00  4.084746e+00  1.565145e+01    135000   1
      1010   3.187500e+00  4.084746e+00  1.582366e+01    136350   1
      1020   4.900000e+00  4.084746e+00  1.599946e+01    137700   1
      1030   3.637500e+00  4.084746e+00  1.619074e+01    139050   1
      1040   3.975000e+00  4.084746e+00  1.636729e+01    140400   1
      1050   4.750000e+00  4.084746e+00  1.655022e+01    141750   1
      1060   4.437500e+00  4.084746e+00  1.676307e+01    143100   1
      1070   5.000000e+00  4.084746e+00  1.694627e+01    144450   1
      1080   4.143750e+00  4.084746e+00  1.713344e+01    145800   1
      1090   5.625000e+00  4.084746e+00  1.731007e+01    147150   1
      1100   3.475000e+00  4.084746e+00  1.749335e+01    148500   1
      1110   4.156250e+00  4.084746e+00  1.768407e+01    149850   1
      1120   4.450000e+00  4.084746e+00  1.786982e+01    151200   1
      1130   3.312500e+00  4.084741e+00  1.805708e+01    152550   1
      1140   5.375000e+00  4.084741e+00  1.823776e+01    153900   1
      1150   4.800000e+00  4.084737e+00  1.843054e+01    155250   1
      1160   3.300000e+00  4.084737e+00  1.861783e+01    156600   1
      1170   4.356250e+00  4.084737e+00  1.880550e+01    157950   1
      1180   3.900000e+00  4.084737e+00  1.899984e+01    159300   1
      1190   4.450000e+00  4.084737e+00  1.921206e+01    160650   1
      1200   5.156250e+00  4.084737e+00  1.940938e+01    162000   1
      1210   4.500000e+00  4.084737e+00  1.959134e+01    163350   1
      1220   4.875000e+00  4.084737e+00  1.979123e+01    164700   1
      1230   4.000000e+00  4.084737e+00  1.997728e+01    166050   1
      1232   3.437500e+00  4.084737e+00  2.001229e+01    166320   1
-------------------------------------------------------------------
status         : time_limit
total time (s) : 2.001229e+01
total solves   : 166320
best bound     :  4.084737e+00
simulation ci  :  4.071714e+00 ± 4.043961e-02
numeric issues : 0
-------------------------------------------------------------------

-------------------------------------------------------------------
         SDDP.jl (c) Oscar Dowson and contributors, 2017-24
-------------------------------------------------------------------
problem
  nodes           : 3
  state variables : 1
  scenarios       : 8.51840e+04
  existing cuts   : false
options
  solver          : serial mode
  risk measure    : SDDP.Expectation()
  sampling scheme : SDDP.InSampleMonteCarlo
subproblem structure
  VariableRef                             : [6, 6]
  AffExpr in MOI.EqualTo{Float64}         : [1, 3]
  AffExpr in MOI.LessThan{Float64}        : [2, 2]
  VariableRef in MOI.GreaterThan{Float64} : [3, 4]
  VariableRef in MOI.LessThan{Float64}    : [3, 3]
numerical stability report
  matrix range     [8e-01, 2e+00]
  objective range  [1e+00, 2e+00]
  bounds range     [1e+00, 1e+02]
  rhs range        [5e+01, 5e+01]
-------------------------------------------------------------------
 iteration    simulation      bound        time (s)     solves  pid
-------------------------------------------------------------------
        10   4.056250e+00  5.625498e+00  1.812510e-01      1350   1
        20   3.000000e+00  4.738639e+00  5.009000e-01      2700   1
        30   5.025000e+00  4.043567e+00  9.518499e-01      4050   1
        40   4.250000e+00  4.040152e+00  1.503103e+00      5400   1
        50   4.312500e+00  4.039186e+00  2.203367e+00      6750   1
        60   4.525000e+00  4.039077e+00  3.098156e+00      8100   1
        70   3.687500e+00  4.039078e+00  4.081059e+00      9450   1
        80   2.987500e+00  4.038997e+00  5.194732e+00     10800   1
        90   3.225000e+00  4.038894e+00  6.411676e+00     12150   1
       100   4.500000e+00  4.038894e+00  7.702617e+00     13500   1
       110   5.750000e+00  4.038841e+00  9.140404e+00     14850   1
       120   3.700000e+00  4.038791e+00  1.067182e+01     16200   1
       130   3.800000e+00  4.038791e+00  1.231582e+01     17550   1
       140   2.687500e+00  4.038777e+00  1.402696e+01     18900   1
       150   4.737500e+00  4.038777e+00  1.599969e+01     20250   1
       160   4.550000e+00  4.038777e+00  1.802361e+01     21600   1
       170   3.250000e+00  4.038770e+00  1.994574e+01     22950   1
       171   4.043750e+00  4.038770e+00  2.020323e+01     23085   1
-------------------------------------------------------------------
status         : time_limit
total time (s) : 2.020323e+01
total solves   : 23085
best bound     :  4.038770e+00
simulation ci  :  4.100061e+00 ± 1.155985e-01
numeric issues : 0
-------------------------------------------------------------------

-------------------------------------------------------------------
         SDDP.jl (c) Oscar Dowson and contributors, 2017-24
-------------------------------------------------------------------
problem
  nodes           : 8
  state variables : 1
  scenarios       : 1.00000e+08
  existing cuts   : false
options
  solver          : serial mode
  risk measure    : SDDP.Expectation()
  sampling scheme : SDDP.InSampleMonteCarlo
subproblem structure
  VariableRef                             : [7, 7]
  AffExpr in MOI.EqualTo{Float64}         : [1, 1]
  AffExpr in MOI.GreaterThan{Float64}     : [2, 2]
  VariableRef in MOI.GreaterThan{Float64} : [4, 4]
  VariableRef in MOI.LessThan{Float64}    : [1, 2]
  VariableRef in MOI.ZeroOne              : [1, 1]
numerical stability report
  matrix range     [1e+00, 2e+00]
  objective range  [5e-01, 1e+00]
  bounds range     [1e+00, 1e+00]
  rhs range        [1e+00, 1e+00]
-------------------------------------------------------------------
 iteration    simulation      bound        time (s)     solves  pid
-------------------------------------------------------------------
        10   3.028262e+00  1.160784e+00  3.937631e-01      1680   1
        20   3.633327e+00  1.167299e+00  4.908891e-01      2560   1
        30   4.219704e+00  1.167299e+00  8.791051e-01      4240   1
        40   2.574580e+00  1.167299e+00  9.993532e-01      5120   1
        50   4.027108e+00  1.167299e+00  1.385494e+00      6800   1
        60   3.670912e+00  1.167299e+00  1.490336e+00      7680   1
        70   2.725523e+00  1.167299e+00  1.884388e+00      9360   1
        80   3.014574e+00  1.167299e+00  1.992058e+00     10240   1
        90   2.526674e+00  1.167299e+00  2.397207e+00     11920   1
       100   2.723628e+00  1.167299e+00  2.510767e+00     12800   1
-------------------------------------------------------------------
status         : simulation_stopping
total time (s) : 2.510767e+00
total solves   : 12800
best bound     :  1.167299e+00
simulation ci  :  3.235893e+00 ± 9.197918e-02
numeric issues : 0
-------------------------------------------------------------------

-------------------------------------------------------------------
         SDDP.jl (c) Oscar Dowson and contributors, 2017-24
-------------------------------------------------------------------
problem
  nodes           : 2
  state variables : 2
  scenarios       : 4.00000e+00
  existing cuts   : false
options
  solver          : serial mode
  risk measure    : SDDP.Expectation()
  sampling scheme : SDDP.InSampleMonteCarlo
subproblem structure
  VariableRef                             : [7, 11]
  AffExpr in MOI.EqualTo{Float64}         : [2, 2]
  AffExpr in MOI.LessThan{Float64}        : [2, 2]
  VariableRef in MOI.GreaterThan{Float64} : [5, 7]
  VariableRef in MOI.Integer              : [2, 2]
  VariableRef in MOI.LessThan{Float64}    : [4, 7]
  VariableRef in MOI.ZeroOne              : [4, 4]
numerical stability report
  matrix range     [1e+00, 6e+00]
  objective range  [1e+00, 3e+01]
  bounds range     [1e+00, 1e+02]
  rhs range        [0e+00, 0e+00]
-------------------------------------------------------------------
 iteration    simulation      bound        time (s)     solves  pid
-------------------------------------------------------------------
        10  -4.700000e+01 -5.809615e+01  3.138304e-02        78   1
        20  -4.700000e+01 -5.809615e+01  6.357789e-02       148   1
        30  -4.700000e+01 -5.809615e+01  1.025081e-01       226   1
        40  -4.000000e+01 -5.809615e+01  1.358879e-01       296   1
-------------------------------------------------------------------
status         : simulation_stopping
total time (s) : 1.358879e-01
total solves   : 296
best bound     : -5.809615e+01
simulation ci  : -5.403750e+01 ± 7.408848e+00
numeric issues : 0
-------------------------------------------------------------------

-------------------------------------------------------------------
         SDDP.jl (c) Oscar Dowson and contributors, 2017-24
-------------------------------------------------------------------
problem
  nodes           : 2
  state variables : 2
  scenarios       : 9.00000e+00
  existing cuts   : false
options
  solver          : serial mode
  risk measure    : SDDP.Expectation()
  sampling scheme : SDDP.InSampleMonteCarlo
subproblem structure
  VariableRef                             : [7, 11]
  AffExpr in MOI.EqualTo{Float64}         : [2, 2]
  AffExpr in MOI.LessThan{Float64}        : [2, 2]
  VariableRef in MOI.GreaterThan{Float64} : [5, 7]
  VariableRef in MOI.Integer              : [2, 2]
  VariableRef in MOI.LessThan{Float64}    : [4, 7]
  VariableRef in MOI.ZeroOne              : [4, 4]
numerical stability report
  matrix range     [1e+00, 6e+00]
  objective range  [1e+00, 3e+01]
  bounds range     [1e+00, 1e+02]
  rhs range        [0e+00, 0e+00]
-------------------------------------------------------------------
 iteration    simulation      bound        time (s)     solves  pid
-------------------------------------------------------------------
        10  -7.500000e+01 -6.196125e+01  4.118586e-02       138   1
        20  -6.300000e+01 -6.196125e+01  7.806182e-02       258   1
        30  -8.200000e+01 -6.196125e+01  1.266840e-01       396   1
        40  -4.700000e+01 -6.196125e+01  1.645610e-01       516   1
-------------------------------------------------------------------
status         : simulation_stopping
total time (s) : 1.645610e-01
total solves   : 516
best bound     : -6.196125e+01
simulation ci  : -6.106250e+01 ± 6.640956e+00
numeric issues : 0
-------------------------------------------------------------------

-------------------------------------------------------------------
         SDDP.jl (c) Oscar Dowson and contributors, 2017-24
-------------------------------------------------------------------
problem
  nodes           : 2
  state variables : 2
  scenarios       : 3.60000e+01
  existing cuts   : false
options
  solver          : serial mode
  risk measure    : SDDP.Expectation()
  sampling scheme : SDDP.InSampleMonteCarlo
subproblem structure
  VariableRef                             : [7, 11]
  AffExpr in MOI.EqualTo{Float64}         : [2, 2]
  AffExpr in MOI.LessThan{Float64}        : [2, 2]
  VariableRef in MOI.GreaterThan{Float64} : [5, 7]
  VariableRef in MOI.Integer              : [2, 2]
  VariableRef in MOI.LessThan{Float64}    : [4, 7]
  VariableRef in MOI.ZeroOne              : [4, 4]
numerical stability report
  matrix range     [1e+00, 6e+00]
  objective range  [1e+00, 3e+01]
  bounds range     [1e+00, 1e+02]
  rhs range        [0e+00, 0e+00]
-------------------------------------------------------------------
 iteration    simulation      bound        time (s)     solves  pid
-------------------------------------------------------------------
        10  -4.700000e+01 -6.546793e+01  8.138084e-02       462   1
        20  -6.300000e+01 -6.546793e+01  1.433868e-01       852   1
        30  -8.200000e+01 -6.546793e+01  2.626688e-01      1314   1
        40  -8.200000e+01 -6.546793e+01  3.267078e-01      1704   1
-------------------------------------------------------------------
status         : simulation_stopping
total time (s) : 3.267078e-01
total solves   : 1704
best bound     : -6.546793e+01
simulation ci  : -6.073750e+01 ± 5.326576e+00
numeric issues : 0
-------------------------------------------------------------------

-------------------------------------------------------------------
         SDDP.jl (c) Oscar Dowson and contributors, 2017-24
-------------------------------------------------------------------
problem
  nodes           : 3
  state variables : 2
  scenarios       : 2.70000e+01
  existing cuts   : false
options
  solver          : serial mode
  risk measure    : SDDP.Expectation()
  sampling scheme : SDDP.InSampleMonteCarlo
subproblem structure
  VariableRef                             : [9, 9]
  AffExpr in MOI.EqualTo{Float64}         : [2, 2]
  AffExpr in MOI.LessThan{Float64}        : [2, 2]
  VariableRef in MOI.GreaterThan{Float64} : [2, 3]
  VariableRef in MOI.LessThan{Float64}    : [3, 3]
  VariableRef in MOI.ZeroOne              : [4, 4]
numerical stability report
  matrix range     [1e+00, 1e+00]
  objective range  [1e+00, 6e+00]
  bounds range     [1e+00, 1e+02]
  rhs range        [0e+00, 0e+00]
-------------------------------------------------------------------
 iteration    simulation      bound        time (s)     solves  pid
-------------------------------------------------------------------
         1L  6.000000e+00  1.414815e+01  3.749490e-02        11   1
        40L  6.000000e+00  8.000000e+00  4.160261e-01       602   1
-------------------------------------------------------------------
status         : simulation_stopping
total time (s) : 4.160261e-01
total solves   : 602
best bound     :  8.000000e+00
simulation ci  :  7.125000e+00 ± 8.068707e-01
numeric issues : 0
-------------------------------------------------------------------

-------------------------------------------------------------------
         SDDP.jl (c) Oscar Dowson and contributors, 2017-24
-------------------------------------------------------------------
problem
  nodes           : 2
  state variables : 3
  scenarios       : 3.00000e+00
  existing cuts   : false
options
  solver          : serial mode
  risk measure    : SDDP.Expectation()
  sampling scheme : SDDP.InSampleMonteCarlo
subproblem structure
  VariableRef                             : [7, 19]
  AffExpr in MOI.EqualTo{Float64}         : [3, 3]
  AffExpr in MOI.GreaterThan{Float64}     : [3, 3]
  AffExpr in MOI.LessThan{Float64}        : [1, 1]
  VariableRef in MOI.GreaterThan{Float64} : [3, 16]
  VariableRef in MOI.LessThan{Float64}    : [1, 2]
numerical stability report
  matrix range     [1e+00, 2e+01]
  objective range  [1e+00, 1e+03]
  bounds range     [6e+03, 5e+05]
  rhs range        [2e+02, 5e+02]
-------------------------------------------------------------------
 iteration    simulation      bound        time (s)     solves  pid
-------------------------------------------------------------------
         1  -9.800000e+04  4.922260e+05  9.303784e-02         6   1
        40   4.882000e+04  1.083900e+05  1.233931e-01       240   1
-------------------------------------------------------------------
status         : iteration_limit
total time (s) : 1.233931e-01
total solves   : 240
best bound     :  1.083900e+05
simulation ci  :  9.104563e+04 ± 2.039602e+04
numeric issues : 0
-------------------------------------------------------------------

