-------------------------------------------------------------------
         SDDP.jl (c) Oscar Dowson and contributors, 2017-24
-------------------------------------------------------------------
problem
  nodes           : 30
  state variables : 5
  scenarios       : 1.10547e+12
  existing cuts   : false
options
  solver          : serial mode
  risk measure    : A convex combination of 0.5 * SDDP.Expectation() + 0.5 * SDDP.AVaR(0.25)
  sampling scheme : SDDP.SimulatorSamplingScheme{typeof(Main.__atexample__named__example_milk_producer.simulator)}
subproblem structure
  VariableRef                             : [15, 15]
  AffExpr in MOI.EqualTo{Float64}         : [5, 5]
  VariableRef in MOI.GreaterThan{Float64} : [8, 9]
  VariableRef in MOI.LessThan{Float64}    : [4, 4]
numerical stability report
  matrix range     [1e+00, 1e+00]
  objective range  [1e+00, 1e+01]
  bounds range     [2e+00, 1e+02]
  rhs range        [0e+00, 0e+00]
-------------------------------------------------------------------
 iteration    simulation      bound        time (s)     solves  pid
-------------------------------------------------------------------
         1  -2.800297e+01  3.609401e+01  1.191557e+00       137   1
        64   9.401947e+00  7.640396e+00  2.195680e+00      9238   1
       113   8.822034e+00  7.609530e+00  3.210628e+00     16446   1
       158   8.664299e+00  7.607657e+00  4.212990e+00     23051   1
       196   8.034745e+00  7.605153e+00  5.224332e+00     28672   1
       233   6.494164e+00  7.600712e+00  6.227989e+00     34066   1
       269   8.587897e+00  7.597767e+00  7.252398e+00     39248   1
       301   9.009079e+00  7.597312e+00  8.252598e+00     43927   1
       331   9.366838e+00  7.597228e+00  9.263705e+00     48237   1
       475   1.067594e+01  7.594630e+00  1.427418e+01     69410   1
       603   9.046493e+00  7.594220e+00  1.928453e+01     88171   1
       620   8.209356e+00  7.594034e+00  2.001309e+01     90635   1
-------------------------------------------------------------------
status         : time_limit
total time (s) : 2.001309e+01
total solves   : 90635
best bound     :  7.594034e+00
simulation ci  :  8.730369e+00 ± 3.109477e-01
numeric issues : 0
-------------------------------------------------------------------

-------------------------------------------------------------------
         SDDP.jl (c) Oscar Dowson and contributors, 2017-24
-------------------------------------------------------------------
problem
  nodes           : 2
  state variables : 1
  scenarios       : 1.00000e+02
  existing cuts   : false
options
  solver          : serial mode
  risk measure    : SDDP.Expectation()
  sampling scheme : SDDP.InSampleMonteCarlo
subproblem structure
  VariableRef                             : [4, 4]
  AffExpr in MOI.EqualTo{Float64}         : [1, 1]
  AffExpr in MOI.LessThan{Float64}        : [1, 1]
  VariableRef in MOI.GreaterThan{Float64} : [2, 3]
  VariableRef in MOI.LessThan{Float64}    : [1, 1]
numerical stability report
  matrix range     [1e+00, 1e+00]
  objective range  [1e-01, 5e+00]
  bounds range     [2e+02, 1e+03]
  rhs range        [0e+00, 0e+00]
-------------------------------------------------------------------
 iteration    simulation      bound        time (s)     solves  pid
-------------------------------------------------------------------
         1   0.000000e+00  7.259567e+02  6.187916e-03       103   1
         2   4.192710e+02  6.011334e+02  1.189649e-01       406   1
         3   6.011334e+02  5.659958e+02  1.236589e-01       509   1
         4   6.145542e+02  5.596042e+02  1.282251e-01       612   1
         5   6.195310e+02  5.576569e+02  1.328101e-01       715   1
         6   5.970352e+02  5.574761e+02  1.374321e-01       818   1
         7   6.147273e+02  5.573952e+02  1.421311e-01       921   1
         8   4.568432e+02  5.573803e+02  1.468210e-01      1024   1
         9   5.284127e+02  5.573708e+02  1.514649e-01      1127   1
        10   4.032603e+02  5.573708e+02  1.562481e-01      1230   1
        11   5.083350e+02  5.573708e+02  1.610320e-01      1333   1
        12   3.984078e+02  5.573708e+02  1.658561e-01      1436   1
        13   4.952111e+02  5.573708e+02  1.707571e-01      1539   1
        14   5.637698e+02  5.573708e+02  1.755891e-01      1642   1
        15   6.151663e+02  5.573708e+02  1.803911e-01      1745   1
        16   6.151663e+02  5.573708e+02  1.852520e-01      1848   1
        17   5.985141e+02  5.573708e+02  1.900690e-01      1951   1
        18   6.151663e+02  5.573708e+02  1.949291e-01      2054   1
        19   5.952782e+02  5.573708e+02  1.997981e-01      2157   1
        20   6.151663e+02  5.573708e+02  2.046361e-01      2260   1
        21   4.955391e+02  5.573708e+02  2.243781e-01      2563   1
        22   5.959338e+02  5.573708e+02  2.292840e-01      2666   1
        23   6.151663e+02  5.573708e+02  2.341821e-01      2769   1
        24   6.151663e+02  5.573708e+02  2.391150e-01      2872   1
        25   4.998743e+02  5.573708e+02  2.440000e-01      2975   1
        26   6.151663e+02  5.573708e+02  2.489171e-01      3078   1
        27   6.151663e+02  5.573708e+02  2.539060e-01      3181   1
        28   6.151663e+02  5.573708e+02  2.588260e-01      3284   1
        29   5.855243e+02  5.573708e+02  2.637651e-01      3387   1
        30   6.151663e+02  5.573708e+02  2.686181e-01      3490   1
        31   6.151663e+02  5.573708e+02  2.735200e-01      3593   1
        32   5.164556e+02  5.573708e+02  2.785010e-01      3696   1
        33   5.164556e+02  5.573708e+02  2.835040e-01      3799   1
        34   6.151663e+02  5.573708e+02  2.884569e-01      3902   1
        35   6.151663e+02  5.573708e+02  2.934041e-01      4005   1
        36   5.555324e+02  5.573708e+02  2.983329e-01      4108   1
        37   4.125093e+02  5.573708e+02  3.032961e-01      4211   1
        38   5.952782e+02  5.573708e+02  3.082449e-01      4314   1
        39   5.062783e+02  5.573708e+02  3.132451e-01      4417   1
        40   5.168449e+02  5.573708e+02  3.181710e-01      4520   1
-------------------------------------------------------------------
status         : simulation_stopping
total time (s) : 3.181710e-01
total solves   : 4520
best bound     :  5.573708e+02
simulation ci  :  5.451918e+02 ± 3.473605e+01
numeric issues : 0
-------------------------------------------------------------------

-------------------------------------------------------------------
         SDDP.jl (c) Oscar Dowson and contributors, 2017-24
-------------------------------------------------------------------
problem
  nodes           : 52
  state variables : 1
  scenarios       : 1.00000e+00
  existing cuts   : false
options
  solver          : serial mode
  risk measure    : SDDP.Expectation()
  sampling scheme : SDDP.InSampleMonteCarlo
subproblem structure
  VariableRef                             : [7, 7]
  AffExpr in MOI.EqualTo{Float64}         : [2, 2]
  VariableRef in MOI.EqualTo{Float64}     : [1, 1]
  VariableRef in MOI.GreaterThan{Float64} : [5, 5]
  VariableRef in MOI.LessThan{Float64}    : [2, 3]
numerical stability report
  matrix range     [1e+00, 1e+00]
  objective range  [1e+00, 2e+01]
  bounds range     [1e+01, 3e+02]
  rhs range        [7e+00, 1e+01]
-------------------------------------------------------------------
 iteration    simulation      bound        time (s)     solves  pid
-------------------------------------------------------------------
         1   1.079600e+03  3.157700e+02  4.295516e-02       104   1
        10   6.829100e+02  6.829100e+02  1.364222e-01      1040   1
-------------------------------------------------------------------
status         : iteration_limit
total time (s) : 1.364222e-01
total solves   : 1040
best bound     :  6.829100e+02
simulation ci  :  7.289889e+02 ± 7.726064e+01
numeric issues : 0
-------------------------------------------------------------------

-------------------------------------------------------------------
         SDDP.jl (c) Oscar Dowson and contributors, 2017-24
-------------------------------------------------------------------
problem
  nodes           : 52
  state variables : 1
  scenarios       : 6.46108e+24
  existing cuts   : false
options
  solver          : serial mode
  risk measure    : SDDP.Expectation()
  sampling scheme : SDDP.InSampleMonteCarlo
subproblem structure
  VariableRef                             : [7, 7]
  AffExpr in MOI.EqualTo{Float64}         : [2, 2]
  VariableRef in MOI.GreaterThan{Float64} : [5, 5]
  VariableRef in MOI.LessThan{Float64}    : [2, 3]
numerical stability report
  matrix range     [1e+00, 1e+00]
  objective range  [1e+00, 2e+01]
  bounds range     [1e+01, 3e+02]
  rhs range        [7e+00, 1e+01]
-------------------------------------------------------------------
 iteration    simulation      bound        time (s)     solves  pid
-------------------------------------------------------------------
         1   5.089500e+02  3.529882e+01  4.593992e-02       208   1
        46   2.668698e+02  2.496498e+02  1.047398e+00      9568   1
        83   4.530421e+02  2.658577e+02  2.073515e+00     17264   1
       100   5.856407e+01  2.689358e+02  2.568610e+00     20800   1
-------------------------------------------------------------------
status         : iteration_limit
total time (s) : 2.568610e+00
total solves   : 20800
best bound     :  2.689358e+02
simulation ci  :  2.826943e+02 ± 3.882925e+01
numeric issues : 0
-------------------------------------------------------------------

-------------------------------------------------------------------
         SDDP.jl (c) Oscar Dowson and contributors, 2017-24
-------------------------------------------------------------------
problem
  nodes           : 52
  state variables : 1
  scenarios       : Inf
  existing cuts   : false
options
  solver          : serial mode
  risk measure    : SDDP.Expectation()
  sampling scheme : SDDP.InSampleMonteCarlo
subproblem structure
  VariableRef                             : [7, 7]
  AffExpr in MOI.EqualTo{Float64}         : [2, 2]
  VariableRef in MOI.GreaterThan{Float64} : [5, 5]
  VariableRef in MOI.LessThan{Float64}    : [2, 2]
numerical stability report
  matrix range     [1e+00, 1e+00]
  objective range  [1e+00, 2e+01]
  bounds range     [1e+01, 3e+02]
  rhs range        [7e+00, 1e+01]
-------------------------------------------------------------------
 iteration    simulation      bound        time (s)     solves  pid
-------------------------------------------------------------------
         1   9.599000e+04  5.550167e+04  3.335149e-01      3955   1
         6   3.074036e+05  9.129353e+04  2.932484e+00     25186   1
        10   1.840718e+04  9.263803e+04  3.956116e+00     35598   1
        15   4.007166e+04  9.313692e+04  5.155061e+00     45805   1
        16   3.538399e+05  9.314732e+04  7.236730e+00     60992   1
        18   1.336774e+05  9.326570e+04  8.321112e+00     68486   1
        21   9.942602e+04  9.329223e+04  9.833426e+00     78687   1
        29   4.765695e+04  9.335592e+04  1.490086e+01    108247   1
        40   3.326905e+05  9.336313e+04  2.268541e+01    146136   1
        42   1.532246e+05  9.336778e+04  2.818933e+01    169854   1
        47   2.777570e+05  9.337524e+04  3.507329e+01    196909   1
        51   1.210989e+05  9.337749e+04  4.024496e+01    215849   1
        53   3.936869e+05  9.337778e+04  4.582909e+01    234575   1
        59   2.849204e+05  9.338125e+04  5.202736e+01    254769   1
        66   1.724928e+05  9.338411e+04  5.867283e+01    275382   1
        69   1.669067e+05  9.338530e+04  6.384868e+01    290575   1
        72   7.542158e+04  9.338599e+04  6.983360e+01    307016   1
        79   6.869314e+04  9.338788e+04  7.563870e+01    322637   1
        83   8.019878e+04  9.338816e+04  8.127934e+01    337209   1
        87   7.946177e+04  9.338876e+04  8.729243e+01    352197   1
        90   1.505248e+05  9.338994e+04  9.451756e+01    369886   1
        95   2.512942e+05  9.339028e+04  1.025923e+02    388829   1
        97   1.736922e+05  9.339083e+04  1.102467e+02    406099   1
       100   1.086017e+05  9.339163e+04  1.145594e+02    415676   1
-------------------------------------------------------------------
status         : iteration_limit
total time (s) : 1.145594e+02
total solves   : 415676
best bound     :  9.339163e+04
simulation ci  :  9.343285e+04 ± 1.757747e+04
numeric issues : 0
-------------------------------------------------------------------

-------------------------------------------------------------------
         SDDP.jl (c) Oscar Dowson and contributors, 2017-24
-------------------------------------------------------------------
problem
  nodes           : 3
  state variables : 1
  scenarios       : 2.70000e+01
  existing cuts   : false
options
  solver          : serial mode
  risk measure    : SDDP.Expectation()
  sampling scheme : SDDP.InSampleMonteCarlo
subproblem structure
  VariableRef                             : [7, 7]
  AffExpr in MOI.EqualTo{Float64}         : [2, 2]
  VariableRef in MOI.GreaterThan{Float64} : [5, 5]
  VariableRef in MOI.LessThan{Float64}    : [1, 2]
numerical stability report
  matrix range     [1e+00, 1e+00]
  objective range  [1e+00, 2e+02]
  bounds range     [2e+02, 2e+02]
  rhs range        [2e+02, 2e+02]
-------------------------------------------------------------------
 iteration    simulation      bound        time (s)     solves  pid
-------------------------------------------------------------------
         1   3.250000e+04  3.437500e+03  3.492117e-03        12   1
        10   1.250000e+04  8.333333e+03  1.316714e-02       120   1
-------------------------------------------------------------------
status         : iteration_limit
total time (s) : 1.316714e-02
total solves   : 120
best bound     :  8.333333e+03
simulation ci  :  1.103125e+04 ± 5.309943e+03
numeric issues : 0
-------------------------------------------------------------------

-------------------------------------------------------------------
         SDDP.jl (c) Oscar Dowson and contributors, 2017-24
-------------------------------------------------------------------
problem
  nodes           : 5
  state variables : 1
  scenarios       : 1.08000e+02
  existing cuts   : false
options
  solver          : serial mode
  risk measure    : SDDP.Expectation()
  sampling scheme : SDDP.InSampleMonteCarlo
subproblem structure
  VariableRef                             : [7, 7]
  AffExpr in MOI.EqualTo{Float64}         : [2, 2]
  VariableRef in MOI.GreaterThan{Float64} : [5, 5]
  VariableRef in MOI.LessThan{Float64}    : [1, 2]
numerical stability report
  matrix range     [1e+00, 1e+00]
  objective range  [1e+00, 2e+02]
  bounds range     [2e+02, 2e+02]
  rhs range        [2e+02, 2e+02]
-------------------------------------------------------------------
 iteration    simulation      bound        time (s)     solves  pid
-------------------------------------------------------------------
         1   3.875000e+04  3.753370e+03  6.036043e-03        18   1
        40   1.125000e+04  8.072917e+03  1.354549e-01      1320   1
-------------------------------------------------------------------
status         : simulation_stopping
total time (s) : 1.354549e-01
total solves   : 1320
best bound     :  8.072917e+03
simulation ci  :  1.101546e+04 ± 3.094271e+03
numeric issues : 0
-------------------------------------------------------------------

-------------------------------------------------------------------
         SDDP.jl (c) Oscar Dowson and contributors, 2017-24
-------------------------------------------------------------------
problem
  nodes           : 3
  state variables : 1
  scenarios       : 1.00000e+00
  existing cuts   : false
options
  solver          : serial mode
  risk measure    : SDDP.Expectation()
  sampling scheme : SDDP.InSampleMonteCarlo
subproblem structure
  VariableRef                             : [4, 4]
  AffExpr in MOI.EqualTo{Float64}         : [1, 1]
  AffExpr in MOI.LessThan{Float64}        : [1, 1]
  VariableRef in MOI.EqualTo{Float64}     : [1, 1]
  VariableRef in MOI.GreaterThan{Float64} : [2, 3]
  VariableRef in MOI.LessThan{Float64}    : [1, 1]
numerical stability report
  matrix range     [1e+00, 1e+00]
  objective range  [0e+00, 0e+00]
  bounds range     [0e+00, 0e+00]
  rhs range        [0e+00, 0e+00]
-------------------------------------------------------------------
 iteration    simulation      bound        time (s)     solves  pid
-------------------------------------------------------------------
         1   2.499895e+01  1.562631e+00  1.572418e-02         6   1
        40   8.333333e+00  8.333333e+00  6.687901e-01       246   1
-------------------------------------------------------------------
status         : simulation_stopping
total time (s) : 6.687901e-01
total solves   : 246
best bound     :  8.333333e+00
simulation ci  :  8.810723e+00 ± 8.167195e-01
numeric issues : 0
-------------------------------------------------------------------

-------------------------------------------------------------------
         SDDP.jl (c) Oscar Dowson and contributors, 2017-24
-------------------------------------------------------------------
problem
  nodes           : 1
  state variables : 12
  scenarios       : Inf
  existing cuts   : false
options
  solver          : serial mode
  risk measure    : SDDP.Expectation()
  sampling scheme : SDDP.InSampleMonteCarlo
subproblem structure
  VariableRef                          : [25, 25]
  AffExpr in MOI.EqualTo{Float64}      : [1, 1]
  AffExpr in MOI.LessThan{Float64}     : [13, 13]
  VariableRef in MOI.LessThan{Float64} : [1, 1]
  VariableRef in MOI.ZeroOne           : [12, 12]
numerical stability report
  matrix range     [1e+00, 1e+00]
  objective range  [1e+00, 1e+00]
  bounds range     [1e+01, 1e+01]
  rhs range        [1e+00, 1e+00]
-------------------------------------------------------------------
 iteration    simulation      bound        time (s)     solves  pid
-------------------------------------------------------------------
         1   0.000000e+00  7.217100e+00  9.892941e-03        27   1
        30   1.100000e+01  6.561000e+00  1.018294e+00      2942   1
        60   0.000000e+00  6.561000e+00  1.600529e+00      4718   1
-------------------------------------------------------------------
status         : simulation_stopping
total time (s) : 1.600529e+00
total solves   : 4718
best bound     :  6.561000e+00
simulation ci  :  6.233333e+00 ± 1.752066e+00
numeric issues : 0
-------------------------------------------------------------------

-------------------------------------------------------------------
         SDDP.jl (c) Oscar Dowson and contributors, 2017-24
-------------------------------------------------------------------
problem
  nodes           : 3
  state variables : 1
  scenarios       : 1.72800e+03
  existing cuts   : false
options
  solver          : serial mode
  risk measure    : SDDP.Expectation()
  sampling scheme : SDDP.InSampleMonteCarlo
subproblem structure
  VariableRef                             : [8, 8]
  AffExpr in MOI.EqualTo{Float64}         : [2, 4]
  AffExpr in MOI.GreaterThan{Float64}     : [2, 2]
  VariableRef in MOI.GreaterThan{Float64} : [6, 6]
  VariableRef in MOI.LessThan{Float64}    : [2, 3]
-------------------------------------------------------------------
 iteration    simulation      bound        time (s)     solves  pid
-------------------------------------------------------------------
         1   1.113281e+04  3.333333e+03  2.210593e-02        39   1
        52   3.937500e+03  5.092593e+03  2.472949e-01      2628   1
-------------------------------------------------------------------
status         : simulation_stopping
total time (s) : 2.472949e-01
total solves   : 2628
best bound     :  5.092593e+03
simulation ci  :  5.318383e+03 ± 1.182509e+03
numeric issues : 0
-------------------------------------------------------------------

-------------------------------------------------------------------
         SDDP.jl (c) Oscar Dowson and contributors, 2017-24
-------------------------------------------------------------------
problem
  nodes           : 3
  state variables : 1
  scenarios       : 1.72800e+03
  existing cuts   : false
options
  solver          : serial mode
  risk measure    : SDDP.Expectation()
  sampling scheme : SDDP.InSampleMonteCarlo
subproblem structure
  VariableRef                             : [9, 9]
  AffExpr in MOI.EqualTo{Float64}         : [2, 10]
  AffExpr in MOI.GreaterThan{Float64}     : [4, 4]
  VariableRef in MOI.GreaterThan{Float64} : [7, 7]
  VariableRef in MOI.LessThan{Float64}    : [3, 4]
-------------------------------------------------------------------
 iteration    simulation      bound        time (s)     solves  pid
-------------------------------------------------------------------
         1   1.437500e+03  2.663219e+03  2.351999e-02        39   1
       211   2.187500e+03  5.135984e+03  1.025961e+00     10029   1
       282  -3.552714e-12  5.135984e+03  1.323445e+00     12798   1
-------------------------------------------------------------------
status         : simulation_stopping
total time (s) : 1.323445e+00
total solves   : 12798
best bound     :  5.135984e+03
simulation ci  :  5.056837e+03 ± 4.570801e+02
numeric issues : 0
-------------------------------------------------------------------

-------------------------------------------------------------------
         SDDP.jl (c) Oscar Dowson and contributors, 2017-24
-------------------------------------------------------------------
problem
  nodes           : 3
  state variables : 1
  scenarios       : 2.70000e+01
  existing cuts   : false
options
  solver          : serial mode
  risk measure    : SDDP.Expectation()
  sampling scheme : SDDP.InSampleMonteCarlo
subproblem structure
  VariableRef                             : [7, 7]
  AffExpr in MOI.EqualTo{Float64}         : [2, 2]
  VariableRef in MOI.GreaterThan{Float64} : [5, 5]
  VariableRef in MOI.LessThan{Float64}    : [1, 2]
numerical stability report
  matrix range     [1e+00, 1e+00]
  objective range  [1e+00, 2e+02]
  bounds range     [2e+02, 2e+02]
  rhs range        [2e+02, 2e+02]
-------------------------------------------------------------------
 iteration    simulation      bound        time (s)     solves  pid
-------------------------------------------------------------------
         1   3.750000e+04  3.958333e+03  3.401041e-03        12   1
        40   1.875000e+03  1.062500e+04  7.103992e-02       642   1
-------------------------------------------------------------------
status         : simulation_stopping
total time (s) : 7.103992e-02
total solves   : 642
best bound     :  1.062500e+04
simulation ci  :  1.115316e+04 ± 2.996405e+03
numeric issues : 0
-------------------------------------------------------------------

-------------------------------------------------------------------
         SDDP.jl (c) Oscar Dowson and contributors, 2017-24
-------------------------------------------------------------------
problem
  nodes           : 1
  state variables : 1
  scenarios       : Inf
  existing cuts   : false
options
  solver          : serial mode
  risk measure    : SDDP.Expectation()
  sampling scheme : SDDP.InSampleMonteCarlo
subproblem structure
  VariableRef                             : [20, 20]
  AffExpr in MOI.EqualTo{Float64}         : [13, 13]
  AffExpr in MOI.Interval{Float64}        : [6, 6]
  VariableRef in MOI.GreaterThan{Float64} : [14, 14]
  VariableRef in MOI.LessThan{Float64}    : [11, 11]
numerical stability report
  matrix range     [1e+00, 2e+02]
  objective range  [1e+00, 1e+06]
  bounds range     [4e-01, 6e+00]
  rhs range        [5e-01, 5e+00]
-------------------------------------------------------------------
 iteration    simulation      bound        time (s)     solves  pid
-------------------------------------------------------------------
         1   3.069991e+06  6.790629e+04  4.301958e-01       111   1
         6   1.584971e+06  3.277719e+05  2.238194e+00       418   1
         8   2.195672e+06  4.045092e+05  4.140764e+00       720   1
        10   8.477226e+04  4.083469e+05  4.412512e+00       766   1
-------------------------------------------------------------------
status         : iteration_limit
total time (s) : 4.412512e+00
total solves   : 766
best bound     :  4.083469e+05
simulation ci  :  8.788067e+05 ± 6.732872e+05
numeric issues : 0
-------------------------------------------------------------------

-------------------------------------------------------------------
         SDDP.jl (c) Oscar Dowson and contributors, 2017-24
-------------------------------------------------------------------
problem
  nodes           : 1
  state variables : 1
  scenarios       : Inf
  existing cuts   : false
options
  solver          : serial mode
  risk measure    : SDDP.Expectation()
  sampling scheme : SDDP.InSampleMonteCarlo
subproblem structure
  VariableRef                             : [48, 48]
  AffExpr in MOI.EqualTo{Float64}         : [12, 12]
  AffExpr in MOI.Interval{Float64}        : [6, 6]
  NonlinearExpr in MOI.EqualTo{Float64}   : [24, 24]
  QuadExpr in MOI.LessThan{Float64}       : [12, 12]
  VariableRef in MOI.GreaterThan{Float64} : [42, 42]
  VariableRef in MOI.LessThan{Float64}    : [39, 39]
numerical stability report
  matrix range     [1e+00, 1e+00]
  objective range  [1e+00, 1e+06]
  bounds range     [3e-01, 6e+00]
  rhs range        [5e-01, 2e+01]
-------------------------------------------------------------------
 iteration    simulation      bound        time (s)     solves  pid
-------------------------------------------------------------------
         1   4.968645e+06  3.310889e+04  8.949020e-01       115   1
         2   2.936173e+06  8.693737e+04  2.448980e+00       254   1
         5   1.828472e+06  3.533941e+05  8.642216e+00       631   1
         7   3.031674e+05  3.578089e+05  9.705876e+00       717   1
        10   3.609813e+06  4.190368e+05  1.928287e+01      1210   1
-------------------------------------------------------------------
status         : iteration_limit
total time (s) : 1.928287e+01
total solves   : 1210
best bound     :  4.190368e+05
simulation ci  :  1.591855e+06 ± 1.053059e+06
numeric issues : 0
-------------------------------------------------------------------

-------------------------------------------------------------------
         SDDP.jl (c) Oscar Dowson and contributors, 2017-24
-------------------------------------------------------------------
problem
  nodes           : 1
  state variables : 1
  scenarios       : Inf
  existing cuts   : false
options
  solver          : serial mode
  risk measure    : SDDP.Expectation()
  sampling scheme : SDDP.InSampleMonteCarlo
subproblem structure
  VariableRef                             : [20, 20]
  AffExpr in MOI.EqualTo{Float64}         : [13, 13]
  AffExpr in MOI.Interval{Float64}        : [6, 6]
  VariableRef in MOI.GreaterThan{Float64} : [14, 14]
  VariableRef in MOI.LessThan{Float64}    : [11, 11]
numerical stability report
  matrix range     [1e+00, 2e+02]
  objective range  [1e+00, 1e+06]
  bounds range     [4e-01, 6e+00]
  rhs range        [5e-01, 5e+00]
-------------------------------------------------------------------
 iteration    simulation      bound        time (s)     solves  pid
-------------------------------------------------------------------
         1   9.625139e+04  6.708534e+04  1.191759e-01        18   1
         3   2.329329e+06  2.467112e+05  1.229472e+00       117   1
         8   3.620165e+06  3.691505e+05  2.387432e+00       237   1
        10   4.378677e+04  3.783885e+05  2.896246e+00       291   1
-------------------------------------------------------------------
status         : iteration_limit
total time (s) : 2.896246e+00
total solves   : 291
best bound     :  3.783885e+05
simulation ci  :  6.878789e+05 ± 7.722540e+05
numeric issues : 0
-------------------------------------------------------------------

-------------------------------------------------------------------
         SDDP.jl (c) Oscar Dowson and contributors, 2017-24
-------------------------------------------------------------------
problem
  nodes           : 5
  state variables : 1
  scenarios       : 1.08000e+02
  existing cuts   : false
options
  solver          : serial mode
  risk measure    : SDDP.Expectation()
  sampling scheme : SDDP.InSampleMonteCarlo
subproblem structure
  VariableRef                             : [7, 7]
  AffExpr in MOI.EqualTo{Float64}         : [2, 2]
  VariableRef in MOI.GreaterThan{Float64} : [5, 5]
  VariableRef in MOI.LessThan{Float64}    : [1, 2]
-------------------------------------------------------------------
 iteration    simulation      bound        time (s)     solves  pid
-------------------------------------------------------------------
         1   1.500000e+04  3.753370e+03  1.471901e-02        18   1
        20   1.125000e+04  8.072917e+03  4.944801e-02       360   1
-------------------------------------------------------------------
status         : iteration_limit
total time (s) : 4.944801e-02
total solves   : 360
best bound     :  8.072917e+03
simulation ci  :  1.101192e+04 ± 4.236793e+03
numeric issues : 0
-------------------------------------------------------------------

-------------------------------------------------------------------
         SDDP.jl (c) Oscar Dowson and contributors, 2017-24
-------------------------------------------------------------------
problem
  nodes           : 3
  state variables : 1
  scenarios       : 1.00000e+00
  existing cuts   : false
options
  solver          : serial mode
  risk measure    : SDDP.Expectation()
  sampling scheme : SDDP.InSampleMonteCarlo
subproblem structure
  VariableRef                             : [5, 5]
  AffExpr in MOI.EqualTo{Float64}         : [2, 2]
  VariableRef in MOI.GreaterThan{Float64} : [4, 4]
  VariableRef in MOI.LessThan{Float64}    : [1, 1]
-------------------------------------------------------------------
 iteration    simulation      bound        time (s)     solves  pid
-------------------------------------------------------------------
         1   6.500000e+00  3.000000e+00  3.183126e-03         6   1
         5   3.500000e+00  3.500000e+00  5.910158e-03        30   1
-------------------------------------------------------------------
status         : iteration_limit
total time (s) : 5.910158e-03
total solves   : 30
best bound     :  3.500000e+00
simulation ci  :  4.100000e+00 ± 1.176000e+00
numeric issues : 0
-------------------------------------------------------------------

-------------------------------------------------------------------
         SDDP.jl (c) Oscar Dowson and contributors, 2017-24
-------------------------------------------------------------------
problem
  nodes           : 3
  state variables : 1
  scenarios       : 1.00000e+00
  existing cuts   : false
options
  solver          : serial mode
  risk measure    : SDDP.Expectation()
  sampling scheme : SDDP.InSampleMonteCarlo
subproblem structure
  VariableRef                             : [5, 5]
  AffExpr in MOI.EqualTo{Float64}         : [2, 2]
  VariableRef in MOI.GreaterThan{Float64} : [4, 4]
  VariableRef in MOI.LessThan{Float64}    : [1, 1]
-------------------------------------------------------------------
 iteration    simulation      bound        time (s)     solves  pid
-------------------------------------------------------------------
         1   6.500000e+00  1.100000e+01  3.021002e-03         6   1
         5   5.500000e+00  1.100000e+01  5.373955e-03        30   1
-------------------------------------------------------------------
status         : iteration_limit
total time (s) : 5.373955e-03
total solves   : 30
best bound     :  1.100000e+01
simulation ci  :  5.700000e+00 ± 3.920000e-01
numeric issues : 0
-------------------------------------------------------------------

