-------------------------------------------------------------------
         SDDP.jl (c) Oscar Dowson and contributors, 2017-25
-------------------------------------------------------------------
problem
  nodes           : 2
  state variables : 1
  scenarios       : 2.00000e+00
  existing cuts   : false
options
  solver          : serial mode
  risk measure    : SDDP.Expectation()
  sampling scheme : SDDP.InSampleMonteCarlo
subproblem structure
  VariableRef                             : [6, 6]
  AffExpr in MOI.GreaterThan{Float64}     : [1, 1]
  AffExpr in MOI.LessThan{Float64}        : [1, 1]
  VariableRef in MOI.EqualTo{Float64}     : [1, 1]
  VariableRef in MOI.GreaterThan{Float64} : [3, 4]
  VariableRef in MOI.LessThan{Float64}    : [2, 2]
numerical stability report
  matrix range     [1e+00, 1e+00]
  objective range  [1e+00, 5e+00]
  bounds range     [8e+00, 8e+00]
  rhs range        [6e+00, 6e+00]
-------------------------------------------------------------------
 iteration    simulation      bound        time (s)     solves  pid
-------------------------------------------------------------------
         1  -2.000000e+01 -1.000000e+01  2.270937e-03         5   1
        20   0.000000e+00 -1.000000e+01  1.346588e-02       104   1
-------------------------------------------------------------------
status         : simulation_stopping
total time (s) : 1.346588e-02
total solves   : 104
best bound     : -1.000000e+01
simulation ci  : -1.200000e+01 ± 4.405700e+00
numeric issues : 0
-------------------------------------------------------------------

-------------------------------------------------------------------
         SDDP.jl (c) Oscar Dowson and contributors, 2017-25
-------------------------------------------------------------------
problem
  nodes           : 3
  state variables : 2
  scenarios       : 4.00000e+00
  existing cuts   : false
options
  solver          : serial mode
  risk measure    : SDDP.Expectation()
  sampling scheme : SDDP.InSampleMonteCarlo
subproblem structure
  VariableRef                             : [8, 8]
  AffExpr in MOI.LessThan{Float64}        : [3, 3]
  VariableRef in MOI.EqualTo{Float64}     : [1, 1]
  VariableRef in MOI.GreaterThan{Float64} : [5, 5]
  VariableRef in MOI.LessThan{Float64}    : [1, 1]
numerical stability report
  matrix range     [1e+00, 1e+00]
  objective range  [2e-01, 3e+00]
  bounds range     [5e+01, 5e+01]
  rhs range        [0e+00, 0e+00]
-------------------------------------------------------------------
 iteration    simulation      bound        time (s)     solves  pid
-------------------------------------------------------------------
         5  -2.396000e+01 -2.396000e+01  6.741047e-03        52   1
        10  -4.260000e+01 -2.396000e+01  1.021600e-02        92   1
        15  -5.320000e+00 -2.396000e+01  1.387382e-02       132   1
        20  -2.396000e+01 -2.396000e+01  1.774383e-02       172   1
        25  -2.396000e+01 -2.396000e+01  2.277803e-02       224   1
        30  -2.396000e+01 -2.396000e+01  2.719593e-02       264   1
        35  -4.260000e+01 -2.396000e+01  3.195691e-02       304   1
        40  -2.396000e+01 -2.396000e+01  8.612800e-02       344   1
-------------------------------------------------------------------
status         : simulation_stopping
total time (s) : 8.612800e-02
total solves   : 344
best bound     : -2.396000e+01
simulation ci  : -2.612314e+01 ± 4.105831e+00
numeric issues : 0
-------------------------------------------------------------------

────────────────────────────────────────────────────────────────────────────────────
                                           Time                    Allocations      
                                  ───────────────────────   ────────────────────────
        Tot / % measured:             90.5ms /  37.0%           33.4MiB /  20.3%    

Section                   ncalls     time    %tot     avg     alloc    %tot      avg
────────────────────────────────────────────────────────────────────────────────────
backward_pass                 40   20.6ms   61.6%   515μs   5.79MiB   85.6%   148KiB
  solve_subproblem           160   11.7ms   34.9%  73.1μs    871KiB   12.6%  5.44KiB
    get_dual_solution        160    590μs    1.8%  3.69μs    190KiB    2.7%  1.19KiB
  prepare_backward_pass      160   29.8μs    0.1%   186ns     0.00B    0.0%    0.00B
forward_pass                  40   7.79ms   23.3%   195μs    768KiB   11.1%  19.2KiB
  solve_subproblem           120   6.88ms   20.6%  57.3μs    588KiB    8.5%  4.90KiB
    get_dual_solution        120   76.8μs    0.2%   640ns   16.9KiB    0.2%     144B
  sample_scenario             40    143μs    0.4%  3.57μs   24.5KiB    0.4%     627B
calculate_bound               40   5.05ms   15.1%   126μs    224KiB    3.2%  5.61KiB
  get_dual_solution           40   35.4μs    0.1%   884ns   5.62KiB    0.1%     144B
get_dual_solution             36   19.9μs    0.1%   551ns   5.06KiB    0.1%     144B
────────────────────────────────────────────────────────────────────────────────────

-------------------------------------------------------------------
         SDDP.jl (c) Oscar Dowson and contributors, 2017-25
-------------------------------------------------------------------
problem
  nodes           : 3
  state variables : 2
  scenarios       : 4.00000e+00
  existing cuts   : false
options
  solver          : serial mode
  risk measure    : SDDP.Expectation()
  sampling scheme : SDDP.InSampleMonteCarlo
subproblem structure
  VariableRef                             : [8, 8]
  AffExpr in MOI.LessThan{Float64}        : [3, 3]
  VariableRef in MOI.EqualTo{Float64}     : [1, 1]
  VariableRef in MOI.GreaterThan{Float64} : [5, 5]
  VariableRef in MOI.LessThan{Float64}    : [1, 1]
numerical stability report
  matrix range     [1e+00, 1e+00]
  objective range  [2e-01, 3e+00]
  bounds range     [5e+01, 5e+01]
  rhs range        [0e+00, 0e+00]
-------------------------------------------------------------------
 iteration    simulation      bound        time (s)     solves  pid
-------------------------------------------------------------------
         5  -4.260000e+01 -2.396000e+01  6.587982e-03        52   1
        10  -5.320000e+00 -2.396000e+01  1.045084e-02        92   1
        15  -2.396000e+01 -2.396000e+01  1.476693e-02       132   1
        20  -4.260000e+01 -2.396000e+01  1.956487e-02       172   1
        25  -2.396000e+01 -2.396000e+01  2.571702e-02       224   1
        30  -2.396000e+01 -2.396000e+01  3.158498e-02       264   1
        35  -2.396000e+01 -2.396000e+01  3.805399e-02       304   1
        40  -2.396000e+01 -2.396000e+01  4.517198e-02       344   1
-------------------------------------------------------------------
status         : simulation_stopping
total time (s) : 4.517198e-02
total solves   : 344
best bound     : -2.396000e+01
simulation ci  : -1.910970e+01 ± 3.945892e+00
numeric issues : 0
-------------------------------------------------------------------

────────────────────────────────────────────────────────────────────────────────────
                                           Time                    Allocations      
                                  ───────────────────────   ────────────────────────
        Tot / % measured:             49.4ms /  83.4%           39.9MiB /  33.3%    

Section                   ncalls     time    %tot     avg     alloc    %tot      avg
────────────────────────────────────────────────────────────────────────────────────
backward_pass                 40   28.3ms   68.6%   707μs   12.3MiB   92.7%   316KiB
  solve_subproblem           160   11.7ms   28.4%  73.2μs    872KiB    6.4%  5.45KiB
    get_dual_solution        160    553μs    1.3%  3.45μs    190KiB    1.4%  1.19KiB
  prepare_backward_pass      160   27.5μs    0.1%   172ns     0.00B    0.0%    0.00B
forward_pass                  40   7.37ms   17.9%   184μs    768KiB    5.6%  19.2KiB
  solve_subproblem           120   6.56ms   15.9%  54.7μs    588KiB    4.3%  4.90KiB
    get_dual_solution        120   62.7μs    0.2%   522ns   16.9KiB    0.1%     144B
  sample_scenario             40    121μs    0.3%  3.02μs   24.2KiB    0.2%     620B
calculate_bound               40   5.54ms   13.5%   139μs    226KiB    1.7%  5.66KiB
  get_dual_solution           40   35.5μs    0.1%   888ns   5.62KiB    0.0%     144B
get_dual_solution             36   19.4μs    0.0%   538ns   5.06KiB    0.0%     144B
────────────────────────────────────────────────────────────────────────────────────

-------------------------------------------------------------------
         SDDP.jl (c) Oscar Dowson and contributors, 2017-25
-------------------------------------------------------------------
problem
  nodes           : 2
  state variables : 1
  scenarios       : 2.00000e+00
  existing cuts   : false
options
  solver          : serial mode
  risk measure    : SDDP.Expectation()
  sampling scheme : SDDP.InSampleMonteCarlo
subproblem structure
  VariableRef                             : [3, 4]
  AffExpr in MOI.LessThan{Float64}        : [1, 1]
  VariableRef in MOI.GreaterThan{Float64} : [2, 3]
  VariableRef in MOI.LessThan{Float64}    : [2, 2]
numerical stability report
  matrix range     [1e+00, 1e+00]
  objective range  [1e+00, 2e+00]
  bounds range     [2e+00, 5e+00]
  rhs range        [0e+00, 0e+00]
-------------------------------------------------------------------
 iteration    simulation      bound        time (s)     solves  pid
-------------------------------------------------------------------
         1   0.000000e+00 -2.500000e+00  1.642942e-03         5   1
         2  -1.500000e+00 -2.000000e+00  2.616882e-03        14   1
         3  -1.000000e+00 -2.000000e+00  3.154039e-03        19   1
         4  -3.000000e+00 -2.000000e+00  3.710032e-03        24   1
         5  -2.000000e+00 -2.000000e+00  4.302025e-03        29   1
         6  -2.000000e+00 -2.000000e+00  4.852057e-03        34   1
         7  -2.000000e+00 -2.000000e+00  5.369902e-03        39   1
         8  -2.000000e+00 -2.000000e+00  5.910873e-03        44   1
         9  -2.000000e+00 -2.000000e+00  6.437063e-03        49   1
        10  -2.000000e+00 -2.000000e+00  6.988049e-03        54   1
        11  -2.000000e+00 -2.000000e+00  7.529974e-03        59   1
        12  -2.000000e+00 -2.000000e+00  8.060932e-03        64   1
        13  -2.000000e+00 -2.000000e+00  8.611917e-03        69   1
        14  -2.000000e+00 -2.000000e+00  9.159088e-03        74   1
        15  -2.000000e+00 -2.000000e+00  9.743929e-03        79   1
        16  -2.000000e+00 -2.000000e+00  1.030707e-02        84   1
        17  -2.000000e+00 -2.000000e+00  1.088500e-02        89   1
        18  -2.000000e+00 -2.000000e+00  1.144409e-02        94   1
        19  -2.000000e+00 -2.000000e+00  1.204205e-02        99   1
        20  -2.000000e+00 -2.000000e+00  1.262593e-02       104   1
        21  -2.000000e+00 -2.000000e+00  1.348710e-02       113   1
        22  -2.000000e+00 -2.000000e+00  1.409197e-02       118   1
        23  -2.000000e+00 -2.000000e+00  1.470208e-02       123   1
        24  -2.000000e+00 -2.000000e+00  1.531291e-02       128   1
        25  -2.000000e+00 -2.000000e+00  1.593304e-02       133   1
        26  -2.000000e+00 -2.000000e+00  1.655889e-02       138   1
        27  -2.000000e+00 -2.000000e+00  1.716805e-02       143   1
        28  -2.000000e+00 -2.000000e+00  1.779294e-02       148   1
        29  -2.000000e+00 -2.000000e+00  1.840496e-02       153   1
        30  -2.000000e+00 -2.000000e+00  1.903892e-02       158   1
        31  -2.000000e+00 -2.000000e+00  1.967788e-02       163   1
        32  -2.000000e+00 -2.000000e+00  2.030587e-02       168   1
        33  -2.000000e+00 -2.000000e+00  2.095008e-02       173   1
        34  -2.000000e+00 -2.000000e+00  2.160597e-02       178   1
        35  -2.000000e+00 -2.000000e+00  2.226806e-02       183   1
        36  -2.000000e+00 -2.000000e+00  2.294397e-02       188   1
        37  -2.000000e+00 -2.000000e+00  2.362704e-02       193   1
        38  -2.000000e+00 -2.000000e+00  2.429199e-02       198   1
        39  -2.000000e+00 -2.000000e+00  2.497792e-02       203   1
        40  -2.000000e+00 -2.000000e+00  2.566099e-02       208   1
-------------------------------------------------------------------
status         : simulation_stopping
total time (s) : 2.566099e-02
total solves   : 208
best bound     : -2.000000e+00
simulation ci  : -1.937500e+00 ± 1.225000e-01
numeric issues : 0
-------------------------------------------------------------------

-------------------------------------------------------------------
         SDDP.jl (c) Oscar Dowson and contributors, 2017-25
-------------------------------------------------------------------
problem
  nodes           : 3
  state variables : 1
  scenarios       : Inf
  existing cuts   : false
options
  solver          : serial mode
  risk measure    : SDDP.Expectation()
  sampling scheme : SDDP.InSampleMonteCarlo
subproblem structure
  VariableRef                             : [6, 6]
  AffExpr in MOI.EqualTo{Float64}         : [2, 2]
  VariableRef in MOI.GreaterThan{Float64} : [5, 5]
  VariableRef in MOI.LessThan{Float64}    : [1, 1]
numerical stability report
  matrix range     [1e+00, 1e+00]
  objective range  [1e+00, 3e+00]
  bounds range     [5e+00, 2e+01]
  rhs range        [2e+00, 1e+01]
-------------------------------------------------------------------
 iteration    simulation      bound        time (s)     solves  pid
-------------------------------------------------------------------
         1   1.500000e+01  1.050370e+01  8.579898e-02        15   1
        23   7.272569e+02  2.340718e+02  1.115221e+00      7953   1
        53   6.601187e+01  2.361865e+02  2.126056e+00     14331   1
        87   8.490627e+02  2.363852e+02  3.257653e+00     20481   1
       100   2.664982e+02  2.364051e+02  3.584975e+00     22104   1
-------------------------------------------------------------------
status         : iteration_limit
total time (s) : 3.584975e+00
total solves   : 22104
best bound     :  2.364051e+02
simulation ci  :  2.144053e+02 ± 4.095724e+01
numeric issues : 0
-------------------------------------------------------------------

-------------------------------------------------------------------
         SDDP.jl (c) Oscar Dowson and contributors, 2017-25
-------------------------------------------------------------------
problem
  nodes           : 5
  state variables : 3
  scenarios       : 1.43489e+07
  existing cuts   : false
options
  solver          : serial mode
  risk measure    : SDDP.Expectation()
  sampling scheme : SDDP.InSampleMonteCarlo
subproblem structure
  VariableRef                             : [13, 13]
  AffExpr in MOI.EqualTo{Float64}         : [3, 3]
  AffExpr in MOI.LessThan{Float64}        : [1, 1]
  VariableRef in MOI.EqualTo{Float64}     : [3, 3]
  VariableRef in MOI.GreaterThan{Float64} : [7, 7]
  VariableRef in MOI.LessThan{Float64}    : [6, 7]
numerical stability report
  matrix range     [1e+00, 1e+00]
  objective range  [3e-01, 2e+00]
  bounds range     [5e-01, 5e+00]
  rhs range        [2e+00, 2e+00]
-------------------------------------------------------------------
 iteration    simulation      bound        time (s)     solves  pid
-------------------------------------------------------------------
        10  -4.385228e+00 -4.442269e+00  1.876812e-01      1400   1
        20  -3.881547e+00 -4.392566e+00  2.983642e-01      2800   1
        30  -3.671354e+00 -4.376606e+00  4.188702e-01      4200   1
        40  -4.312032e+00 -4.370551e+00  5.482302e-01      5600   1
        50  -4.077684e+00 -4.362538e+00  6.789792e-01      7000   1
        60  -3.609363e+00 -4.357411e+00  8.120432e-01      8400   1
        70  -4.997551e+00 -4.355252e+00  9.452851e-01      9800   1
        80  -4.608038e+00 -4.352744e+00  1.082333e+00     11200   1
        90  -4.949477e+00 -4.350750e+00  1.220784e+00     12600   1
       100  -4.165260e+00 -4.349697e+00  1.365960e+00     14000   1
-------------------------------------------------------------------
status         : iteration_limit
total time (s) : 1.365960e+00
total solves   : 14000
best bound     : -4.349697e+00
simulation ci  : -4.310541e+00 ± 9.196174e-02
numeric issues : 0
-------------------------------------------------------------------

-------------------------------------------------------------------
         SDDP.jl (c) Oscar Dowson and contributors, 2017-25
-------------------------------------------------------------------
problem
  nodes           : 5
  state variables : 1
  scenarios       : 1.00000e+05
  existing cuts   : false
options
  solver          : serial mode
  risk measure    : SDDP.Expectation()
  sampling scheme : SDDP.InSampleMonteCarlo
subproblem structure
  VariableRef                             : [5, 5]
  AffExpr in MOI.EqualTo{Float64}         : [1, 1]
  VariableRef in MOI.EqualTo{Float64}     : [1, 1]
  VariableRef in MOI.GreaterThan{Float64} : [3, 3]
  VariableRef in MOI.LessThan{Float64}    : [2, 3]
numerical stability report
  matrix range     [1e+00, 1e+00]
  objective range  [3e-01, 2e+00]
  bounds range     [5e-01, 2e+00]
  rhs range        [0e+00, 0e+00]
-------------------------------------------------------------------
 iteration    simulation      bound        time (s)     solves  pid
-------------------------------------------------------------------
        10  -1.442965e+00 -1.475770e+00  6.405997e-02      1050   1
        20  -1.559536e+00 -1.471842e+00  9.953904e-02      1600   1
        30  -1.633260e+00 -1.471526e+00  1.761281e-01      2650   1
        40  -1.512908e+00 -1.471277e+00  2.571990e-01      3200   1
        50  -1.504160e+00 -1.471172e+00  3.409171e-01      4250   1
        60  -1.352909e+00 -1.471159e+00  3.829401e-01      4800   1
        70  -1.520847e+00 -1.471079e+00  4.656160e-01      5850   1
        80  -1.340949e+00 -1.471075e+00  5.102761e-01      6400   1
        90  -1.260376e+00 -1.471075e+00  5.950990e-01      7450   1
       100  -1.573293e+00 -1.471075e+00  6.422670e-01      8000   1
       110  -1.364263e+00 -1.471075e+00  6.904871e-01      8550   1
       120  -1.572199e+00 -1.471075e+00  7.398880e-01      9100   1
       130  -1.548012e+00 -1.471075e+00  7.895160e-01      9650   1
       140  -1.462561e+00 -1.471075e+00  8.396151e-01     10200   1
       150  -1.154072e+00 -1.471075e+00  8.922181e-01     10750   1
       160  -1.512908e+00 -1.471075e+00  9.456651e-01     11300   1
       170  -1.486600e+00 -1.471075e+00  9.998932e-01     11850   1
       180  -1.405274e+00 -1.471075e+00  1.051544e+00     12400   1
       187  -1.281632e+00 -1.471075e+00  1.088125e+00     12785   1
-------------------------------------------------------------------
status         : simulation_stopping
total time (s) : 1.088125e+00
total solves   : 12785
best bound     : -1.471075e+00
simulation ci  : -1.474018e+00 ± 2.599111e-02
numeric issues : 0
-------------------------------------------------------------------

-------------------------------------------------------------------
         SDDP.jl (c) Oscar Dowson and contributors, 2017-25
-------------------------------------------------------------------
problem
  nodes           : 2
  state variables : 4
  scenarios       : 2.00000e+00
  existing cuts   : false
options
  solver          : serial mode
  risk measure    : SDDP.Expectation()
  sampling scheme : SDDP.InSampleMonteCarlo
subproblem structure
  VariableRef                             : [29, 29]
  AffExpr in MOI.EqualTo{Float64}         : [4, 5]
  AffExpr in MOI.GreaterThan{Float64}     : [3, 3]
  AffExpr in MOI.LessThan{Float64}        : [4, 4]
  VariableRef in MOI.EqualTo{Float64}     : [3, 3]
  VariableRef in MOI.GreaterThan{Float64} : [22, 22]
  VariableRef in MOI.LessThan{Float64}    : [1, 1]
numerical stability report
  matrix range     [1e+00, 1e+00]
  objective range  [1e+00, 1e+06]
  bounds range     [0e+00, 0e+00]
  rhs range        [0e+00, 0e+00]
-------------------------------------------------------------------
 iteration    simulation      bound        time (s)     solves  pid
-------------------------------------------------------------------
        10   3.455904e+05  3.147347e+05  7.623911e-03        54   1
        20   3.336455e+05  3.402383e+05  1.343584e-02       104   1
        30   3.993519e+05  3.403155e+05  2.031589e-02       158   1
        40   3.337559e+05  3.403155e+05  6.486797e-02       208   1
        48   3.337559e+05  3.403155e+05  7.084799e-02       248   1
-------------------------------------------------------------------
status         : simulation_stopping
total time (s) : 7.084799e-02
total solves   : 248
best bound     :  3.403155e+05
simulation ci  :  1.298433e+08 ± 1.785865e+08
numeric issues : 0
-------------------------------------------------------------------

-------------------------------------------------------------------
         SDDP.jl (c) Oscar Dowson and contributors, 2017-25
-------------------------------------------------------------------
problem
  nodes           : 3
  state variables : 4
  scenarios       : 4.00000e+00
  existing cuts   : false
options
  solver          : serial mode
  risk measure    : SDDP.Expectation()
  sampling scheme : SDDP.InSampleMonteCarlo
subproblem structure
  VariableRef                             : [29, 29]
  AffExpr in MOI.EqualTo{Float64}         : [4, 5]
  AffExpr in MOI.GreaterThan{Float64}     : [3, 3]
  AffExpr in MOI.LessThan{Float64}        : [4, 4]
  VariableRef in MOI.EqualTo{Float64}     : [3, 3]
  VariableRef in MOI.GreaterThan{Float64} : [22, 22]
  VariableRef in MOI.LessThan{Float64}    : [1, 1]
numerical stability report
  matrix range     [1e+00, 1e+00]
  objective range  [1e+00, 1e+05]
  bounds range     [0e+00, 0e+00]
  rhs range        [0e+00, 0e+00]
-------------------------------------------------------------------
 iteration    simulation      bound        time (s)     solves  pid
-------------------------------------------------------------------
        10   4.403329e+05  3.509666e+05  1.216698e-02        92   1
        20   4.055335e+05  4.054833e+05  2.219105e-02       172   1
        30   4.497721e+05  4.067125e+05  3.438616e-02       264   1
        40   3.959476e+05  4.067125e+05  4.735708e-02       344   1
        47   3.959476e+05  4.067125e+05  5.716300e-02       400   1
-------------------------------------------------------------------
status         : simulation_stopping
total time (s) : 5.716300e-02
total solves   : 400
best bound     :  4.067125e+05
simulation ci  :  2.695840e+07 ± 3.645323e+07
numeric issues : 0
-------------------------------------------------------------------

-------------------------------------------------------------------
         SDDP.jl (c) Oscar Dowson and contributors, 2017-25
-------------------------------------------------------------------
problem
  nodes           : 10
  state variables : 4
  scenarios       : 2.70000e+01
  existing cuts   : false
options
  solver          : serial mode
  risk measure    : SDDP.Expectation()
  sampling scheme : SDDP.InSampleMonteCarlo
subproblem structure
  VariableRef                             : [24, 24]
  AffExpr in MOI.EqualTo{Float64}         : [3, 3]
  AffExpr in MOI.GreaterThan{Float64}     : [1, 1]
  AffExpr in MOI.LessThan{Float64}        : [1, 6]
  VariableRef in MOI.GreaterThan{Float64} : [20, 20]
  VariableRef in MOI.LessThan{Float64}    : [1, 2]
numerical stability report
  matrix range     [1e+00, 8e+01]
  objective range  [1e+00, 1e+03]
  bounds range     [6e+01, 6e+01]
  rhs range        [2e+02, 3e+03]
-------------------------------------------------------------------
 iteration    simulation      bound        time (s)     solves  pid
-------------------------------------------------------------------
         1   8.316000e+03  0.000000e+00  9.353781e-02        14   1
        40   7.539730e+03  4.074139e+03  2.206819e-01       776   1
-------------------------------------------------------------------
status         : simulation_stopping
total time (s) : 2.206819e-01
total solves   : 776
best bound     :  4.074139e+03
simulation ci  :  4.487432e+03 ± 7.254646e+02
numeric issues : 0
-------------------------------------------------------------------

-------------------------------------------------------------------
         SDDP.jl (c) Oscar Dowson and contributors, 2017-25
-------------------------------------------------------------------
problem
  nodes           : 3
  state variables : 1
  scenarios       : 4.00000e+00
  existing cuts   : false
options
  solver          : serial mode
  risk measure    : SDDP.Expectation()
  sampling scheme : SDDP.InSampleMonteCarlo
subproblem structure
  VariableRef                             : [6, 6]
  AffExpr in MOI.EqualTo{Float64}         : [1, 1]
  VariableRef in MOI.EqualTo{Float64}     : [1, 1]
  VariableRef in MOI.GreaterThan{Float64} : [4, 4]
  VariableRef in MOI.Integer              : [3, 3]
  VariableRef in MOI.LessThan{Float64}    : [2, 3]
numerical stability report
  matrix range     [1e+00, 1e+00]
  objective range  [1e+00, 3e+02]
  bounds range     [1e+02, 2e+02]
  rhs range        [0e+00, 0e+00]
-------------------------------------------------------------------
 iteration    simulation      bound        time (s)     solves  pid
-------------------------------------------------------------------
         1L  7.000000e+04  6.250000e+04  5.693800e-01         8   1
        20L  6.000000e+04  6.250000e+04  6.581092e-01       172   1
-------------------------------------------------------------------
status         : simulation_stopping
total time (s) : 6.581092e-01
total solves   : 172
best bound     :  6.250000e+04
simulation ci  :  6.550000e+04 ± 8.348941e+03
numeric issues : 0
-------------------------------------------------------------------

-------------------------------------------------------------------
         SDDP.jl (c) Oscar Dowson and contributors, 2017-25
-------------------------------------------------------------------
problem
  nodes           : 3
  state variables : 1
  scenarios       : 4.00000e+00
  existing cuts   : false
options
  solver          : serial mode
  risk measure    : SDDP.Expectation()
  sampling scheme : SDDP.InSampleMonteCarlo
subproblem structure
  VariableRef                             : [6, 6]
  AffExpr in MOI.EqualTo{Float64}         : [1, 1]
  VariableRef in MOI.EqualTo{Float64}     : [1, 1]
  VariableRef in MOI.GreaterThan{Float64} : [4, 4]
  VariableRef in MOI.Integer              : [3, 3]
  VariableRef in MOI.LessThan{Float64}    : [2, 3]
numerical stability report
  matrix range     [1e+00, 1e+00]
  objective range  [1e+00, 3e+02]
  bounds range     [1e+02, 2e+02]
  rhs range        [0e+00, 0e+00]
-------------------------------------------------------------------
 iteration    simulation      bound        time (s)     solves  pid
-------------------------------------------------------------------
         1   7.000000e+04  6.250000e+04  3.463984e-03         8   1
        20   5.500000e+04  6.250000e+04  4.153013e-02       172   1
-------------------------------------------------------------------
status         : simulation_stopping
total time (s) : 4.153013e-02
total solves   : 172
best bound     :  6.250000e+04
simulation ci  :  6.475000e+04 ± 9.603974e+03
numeric issues : 0
-------------------------------------------------------------------

-------------------------------------------------------------------
         SDDP.jl (c) Oscar Dowson and contributors, 2017-25
-------------------------------------------------------------------
problem
  nodes           : 3
  state variables : 1
  scenarios       : 4.00000e+00
  existing cuts   : false
options
  solver          : serial mode
  risk measure    : SDDP.Expectation()
  sampling scheme : SDDP.InSampleMonteCarlo
subproblem structure
  VariableRef                             : [5, 5]
  AffExpr in MOI.EqualTo{Float64}         : [1, 1]
  VariableRef in MOI.GreaterThan{Float64} : [4, 4]
  VariableRef in MOI.LessThan{Float64}    : [2, 3]
numerical stability report
  matrix range     [1e+00, 1e+00]
  objective range  [1e+00, 3e+02]
  bounds range     [1e+02, 2e+02]
  rhs range        [1e+02, 3e+02]
-------------------------------------------------------------------
 iteration    simulation      bound        time (s)     solves  pid
-------------------------------------------------------------------
         1   3.000000e+04  6.250000e+04  5.054951e-03         5   1
        10   5.500000e+04  6.250000e+04  1.884604e-02        50   1
-------------------------------------------------------------------
status         : iteration_limit
total time (s) : 1.884604e-02
total solves   : 50
best bound     :  6.250000e+04
simulation ci  :  6.100000e+04 ± 1.271904e+04
numeric issues : 0
-------------------------------------------------------------------

-------------------------------------------------------------------
         SDDP.jl (c) Oscar Dowson and contributors, 2017-25
-------------------------------------------------------------------
problem
  nodes           : 3
  state variables : 2
  scenarios       : 1.00000e+00
  existing cuts   : false
options
  solver          : serial mode
  risk measure    : SDDP.Expectation()
  sampling scheme : SDDP.InSampleMonteCarlo
subproblem structure
  VariableRef                             : [6, 6]
  AffExpr in MOI.EqualTo{Float64}         : [2, 2]
  VariableRef in MOI.GreaterThan{Float64} : [2, 3]
  VariableRef in MOI.LessThan{Float64}    : [3, 3]
  VariableRef in MOI.ZeroOne              : [3, 3]
numerical stability report
  matrix range     [1e+00, 1e+00]
  objective range  [1e+00, 6e+00]
  bounds range     [1e+00, 1e+02]
  rhs range        [0e+00, 0e+00]
-------------------------------------------------------------------
 iteration    simulation      bound        time (s)     solves  pid
-------------------------------------------------------------------
         1L  6.000000e+00  9.000000e+00  3.859305e-02         6   1
        20L  9.000000e+00  9.000000e+00  7.834315e-02       123   1
-------------------------------------------------------------------
status         : simulation_stopping
total time (s) : 7.834315e-02
total solves   : 123
best bound     :  9.000000e+00
simulation ci  :  8.850000e+00 ± 2.940000e-01
numeric issues : 0
-------------------------------------------------------------------

-------------------------------------------------------------------
         SDDP.jl (c) Oscar Dowson and contributors, 2017-25
-------------------------------------------------------------------
problem
  nodes           : 7
  state variables : 2
  scenarios       : 8.00000e+00
  existing cuts   : false
options
  solver          : serial mode
  risk measure    : SDDP.Expectation()
  sampling scheme : SDDP.InSampleMonteCarlo
subproblem structure
  VariableRef                             : [5, 7]
  AffExpr in MOI.EqualTo{Float64}         : [1, 1]
  VariableRef in MOI.GreaterThan{Float64} : [3, 5]
  VariableRef in MOI.LessThan{Float64}    : [1, 1]
numerical stability report
  matrix range     [1e+00, 1e+00]
  objective range  [1e+00, 4e+00]
  bounds range     [1e+03, 1e+03]
  rhs range        [6e+01, 8e+01]
-------------------------------------------------------------------
 iteration    simulation      bound        time (s)     solves  pid
-------------------------------------------------------------------
         5  -1.136868e-13  4.739851e-01  1.197100e-02        87   1
        10   0.000000e+00  1.484161e+00  1.849198e-02       142   1
        15  -8.870299e+00  1.514085e+00  2.492809e-02       197   1
        20  -1.428571e+00  1.514085e+00  3.234100e-02       252   1
        25  -2.479988e+01  1.514085e+00  8.437204e-02       339   1
        30  -1.428571e+00  1.514085e+00  9.233594e-02       394   1
        35   1.421085e-14  1.514085e+00  1.007380e-01       449   1
        40  -1.428571e+00  1.514085e+00  1.097012e-01       504   1
-------------------------------------------------------------------
status         : simulation_stopping
total time (s) : 1.097012e-01
total solves   : 504
best bound     :  1.514085e+00
simulation ci  :  1.858631e+00 ± 6.043640e+00
numeric issues : 0
-------------------------------------------------------------------

-------------------------------------------------------------------
         SDDP.jl (c) Oscar Dowson and contributors, 2017-25
-------------------------------------------------------------------
problem
  nodes           : 7
  state variables : 2
  scenarios       : 3.20000e+01
  existing cuts   : false
options
  solver          : serial mode
  risk measure    : #4
  sampling scheme : SDDP.InSampleMonteCarlo
subproblem structure
  VariableRef                             : [5, 7]
  AffExpr in MOI.EqualTo{Float64}         : [1, 1]
  VariableRef in MOI.EqualTo{Float64}     : [1, 1]
  VariableRef in MOI.GreaterThan{Float64} : [2, 5]
  VariableRef in MOI.LessThan{Float64}    : [1, 1]
numerical stability report
  matrix range     [1e+00, 1e+00]
  objective range  [2e-02, 4e+00]
  bounds range     [1e+03, 1e+03]
  rhs range        [6e+01, 8e+01]
-------------------------------------------------------------------
 iteration    simulation      bound        time (s)     solves  pid
-------------------------------------------------------------------
        10   2.284531e+01  1.288927e+00  1.738210e-01       278   1
        20   2.825352e+00  1.278410e+00  1.932819e-01       428   1
        30  -3.575118e+00  1.278410e+00  2.249241e-01       706   1
        40   3.508198e+01  1.278410e+00  2.470200e-01       856   1
-------------------------------------------------------------------
status         : simulation_stopping
total time (s) : 2.470200e-01
total solves   : 856
best bound     :  1.278410e+00
simulation ci  :  3.347300e+00 ± 5.636199e+00
numeric issues : 0
-------------------------------------------------------------------

-------------------------------------------------------------------
         SDDP.jl (c) Oscar Dowson and contributors, 2017-25
-------------------------------------------------------------------
problem
  nodes           : 7
  state variables : 2
  scenarios       : 3.20000e+01
  existing cuts   : false
options
  solver          : serial mode
  risk measure    : #4
  sampling scheme : SDDP.InSampleMonteCarlo
subproblem structure
  VariableRef                             : [5, 7]
  AffExpr in MOI.EqualTo{Float64}         : [1, 1]
  VariableRef in MOI.EqualTo{Float64}     : [1, 1]
  VariableRef in MOI.GreaterThan{Float64} : [2, 5]
  VariableRef in MOI.LessThan{Float64}    : [1, 1]
numerical stability report
  matrix range     [1e+00, 1e+00]
  objective range  [2e-02, 4e+00]
  bounds range     [1e+03, 1e+03]
  rhs range        [6e+01, 8e+01]
-------------------------------------------------------------------
 iteration    simulation      bound        time (s)     solves  pid
-------------------------------------------------------------------
        10   1.886566e+01  1.333680e+00  3.342009e-02       278   1
        20   2.820962e+01  1.278410e+00  6.065202e-02       428   1
        30   3.508198e+01  1.278410e+00  1.035430e-01       706   1
        40   7.320288e+00  1.278410e+00  1.421821e-01       856   1
-------------------------------------------------------------------
status         : simulation_stopping
total time (s) : 1.421821e-01
total solves   : 856
best bound     :  1.278410e+00
simulation ci  :  4.559468e+00 ± 6.581091e+00
numeric issues : 0
-------------------------------------------------------------------

-------------------------------------------------------------------
         SDDP.jl (c) Oscar Dowson and contributors, 2017-25
-------------------------------------------------------------------
problem
  nodes           : 4
  state variables : 1
  scenarios       : Inf
  existing cuts   : false
options
  solver          : serial mode
  risk measure    : SDDP.Expectation()
  sampling scheme : SDDP.InSampleMonteCarlo
subproblem structure
  VariableRef                             : [7, 7]
  AffExpr in MOI.EqualTo{Float64}         : [1, 1]
  AffExpr in MOI.GreaterThan{Float64}     : [2, 2]
  VariableRef in MOI.EqualTo{Float64}     : [1, 1]
  VariableRef in MOI.GreaterThan{Float64} : [5, 5]
  VariableRef in MOI.LessThan{Float64}    : [3, 3]
numerical stability report
  matrix range     [1e+00, 1e+00]
  objective range  [1e+00, 2e+00]
  bounds range     [2e+00, 1e+02]
  rhs range        [0e+00, 0e+00]
-------------------------------------------------------------------
 iteration    simulation      bound        time (s)     solves  pid
-------------------------------------------------------------------
        10   4.787277e+00  9.346930e+00  1.586460e+00       900   1
        20   6.374753e+00  1.361934e+01  1.751225e+00      1720   1
        30   2.813321e+01  1.651297e+01  2.101996e+00      3036   1
        40   1.654759e+01  1.632970e+01  2.434817e+00      4192   1
        50   3.570941e+00  1.846889e+01  2.711403e+00      5020   1
        60   1.087425e+01  1.890254e+01  3.004847e+00      5808   1
        70   9.381610e+00  1.940320e+01  3.285172e+00      6540   1
        80   5.648731e+01  1.962435e+01  3.507101e+00      7088   1
        90   3.879273e+01  1.981008e+01  4.008862e+00      8180   1
       100   7.870187e+00  1.997117e+01  4.237663e+00      8664   1
-------------------------------------------------------------------
status         : iteration_limit
total time (s) : 4.237663e+00
total solves   : 8664
best bound     :  1.997117e+01
simulation ci  :  2.275399e+01 ± 4.541987e+00
numeric issues : 0
-------------------------------------------------------------------

-------------------------------------------------------------------
         SDDP.jl (c) Oscar Dowson and contributors, 2017-25
-------------------------------------------------------------------
problem
  nodes           : 5
  state variables : 2
  scenarios       : 3.20000e+01
  existing cuts   : false
options
  solver          : serial mode
  risk measure    : SDDP.Expectation()
  sampling scheme : SDDP.InSampleMonteCarlo
subproblem structure
  VariableRef                             : [10, 10]
  AffExpr in MOI.EqualTo{Float64}         : [2, 2]
  AffExpr in MOI.GreaterThan{Float64}     : [2, 2]
  AffExpr in MOI.LessThan{Float64}        : [6, 6]
  VariableRef in MOI.EqualTo{Float64}     : [2, 2]
  VariableRef in MOI.GreaterThan{Float64} : [5, 6]
  VariableRef in MOI.LessThan{Float64}    : [6, 6]
  VariableRef in MOI.ZeroOne              : [5, 5]
numerical stability report
  matrix range     [1e+00, 1e+00]
  objective range  [1e+00, 6e+00]
  bounds range     [1e+00, 1e+01]
  rhs range        [1e+00, 1e+00]
-------------------------------------------------------------------
 iteration    simulation      bound        time (s)     solves  pid
-------------------------------------------------------------------
         5   9.000000e+00  9.002950e+00  1.308072e-01       235   1
        10   4.000000e+00  9.002950e+00  1.503670e-01       310   1
        15   4.000000e+00  9.002950e+00  1.707592e-01       385   1
        20   4.000000e+00  9.002950e+00  1.913431e-01       460   1
        25   1.000000e+01  9.002950e+00  2.612631e-01       695   1
        30   5.000000e+00  9.002950e+00  2.827122e-01       770   1
        35   1.000000e+01  9.002950e+00  3.052871e-01       845   1
        40   5.000000e+00  9.002950e+00  3.283720e-01       920   1
-------------------------------------------------------------------
status         : simulation_stopping
total time (s) : 3.283720e-01
total solves   : 920
best bound     :  9.002950e+00
simulation ci  :  6.375000e+00 ± 7.930178e-01
numeric issues : 0
-------------------------------------------------------------------

-------------------------------------------------------------------
         SDDP.jl (c) Oscar Dowson and contributors, 2017-25
-------------------------------------------------------------------
problem
  nodes           : 3
  state variables : 4
  scenarios       : 2.16000e+02
  existing cuts   : false
options
  solver          : serial mode
  risk measure    : SDDP.Expectation()
  sampling scheme : SDDP.InSampleMonteCarlo
subproblem structure
  VariableRef                             : [18, 18]
  AffExpr in MOI.EqualTo{Float64}         : [4, 4]
  AffExpr in MOI.GreaterThan{Float64}     : [4, 4]
  AffExpr in MOI.LessThan{Float64}        : [12, 12]
  VariableRef in MOI.EqualTo{Float64}     : [4, 4]
  VariableRef in MOI.GreaterThan{Float64} : [9, 10]
  VariableRef in MOI.LessThan{Float64}    : [10, 10]
  VariableRef in MOI.ZeroOne              : [9, 9]
numerical stability report
  matrix range     [1e+00, 1e+00]
  objective range  [1e+00, 4e+00]
  bounds range     [1e+00, 2e+01]
  rhs range        [1e+00, 1e+00]
-------------------------------------------------------------------
 iteration    simulation      bound        time (s)     solves  pid
-------------------------------------------------------------------
        10   1.000000e+01  6.868919e+00  1.007590e-01       510   1
        20   2.000000e+00  6.834387e+00  1.513379e-01       720   1
        30   1.200000e+01  6.834387e+00  2.884259e-01      1230   1
        40   7.000000e+00  6.823805e+00  3.407290e-01      1440   1
        50   7.000000e+00  6.823805e+00  4.811170e-01      1950   1
        60   5.000000e+00  6.823805e+00  5.336490e-01      2160   1
-------------------------------------------------------------------
status         : simulation_stopping
total time (s) : 5.336490e-01
total solves   : 2160
best bound     :  6.823805e+00
simulation ci  :  6.183333e+00 ± 6.258900e-01
numeric issues : 0
-------------------------------------------------------------------

-------------------------------------------------------------------
         SDDP.jl (c) Oscar Dowson and contributors, 2017-25
-------------------------------------------------------------------
problem
  nodes           : 5
  state variables : 5
  scenarios       : 3.27680e+04
  existing cuts   : false
options
  solver          : serial mode
  risk measure    : SDDP.Expectation()
  sampling scheme : SDDP.InSampleMonteCarlo
subproblem structure
  VariableRef                             : [14, 14]
  AffExpr in MOI.GreaterThan{Float64}     : [7, 7]
  AffExpr in MOI.LessThan{Float64}        : [4, 4]
  VariableRef in MOI.EqualTo{Float64}     : [1, 1]
  VariableRef in MOI.GreaterThan{Float64} : [8, 8]
  VariableRef in MOI.Integer              : [5, 5]
  VariableRef in MOI.LessThan{Float64}    : [5, 6]
numerical stability report
  matrix range     [1e+00, 1e+00]
  objective range  [1e+00, 5e+05]
  bounds range     [1e+00, 1e+00]
  rhs range        [0e+00, 0e+00]
-------------------------------------------------------------------
 iteration    simulation      bound        time (s)     solves  pid
-------------------------------------------------------------------
        10   2.549668e+06  2.078257e+06  5.036349e-01       920   1
        20   5.494568e+05  2.078257e+06  6.951749e-01      1340   1
        30   4.985879e+04  2.078257e+06  1.223713e+00      2260   1
        40   3.799447e+06  2.078257e+06  1.417997e+00      2680   1
        50   1.049867e+06  2.078257e+06  1.968945e+00      3600   1
        60   3.985191e+04  2.078257e+06  2.166875e+00      4020   1
-------------------------------------------------------------------
status         : simulation_stopping
total time (s) : 2.166875e+00
total solves   : 4020
best bound     :  2.078257e+06
simulation ci  :  2.031697e+06 ± 3.922745e+05
numeric issues : 0
-------------------------------------------------------------------

-------------------------------------------------------------------
         SDDP.jl (c) Oscar Dowson and contributors, 2017-25
-------------------------------------------------------------------
problem
  nodes           : 5
  state variables : 5
  scenarios       : 3.27680e+04
  existing cuts   : false
options
  solver          : serial mode
  risk measure    : SDDP.Expectation()
  sampling scheme : SDDP.InSampleMonteCarlo
subproblem structure
  VariableRef                             : [14, 14]
  AffExpr in MOI.GreaterThan{Float64}     : [7, 7]
  AffExpr in MOI.LessThan{Float64}        : [4, 4]
  VariableRef in MOI.EqualTo{Float64}     : [1, 1]
  VariableRef in MOI.GreaterThan{Float64} : [8, 8]
  VariableRef in MOI.Integer              : [5, 5]
  VariableRef in MOI.LessThan{Float64}    : [5, 6]
numerical stability report
  matrix range     [1e+00, 1e+00]
  objective range  [1e+00, 5e+05]
  bounds range     [1e+00, 1e+00]
  rhs range        [0e+00, 0e+00]
-------------------------------------------------------------------
 iteration    simulation      bound        time (s)     solves  pid
-------------------------------------------------------------------
        10L  4.986663e+04  2.079119e+06  1.081661e+00       920   1
        20L  3.799878e+06  2.079330e+06  1.943642e+00      1340   1
        30L  3.003923e+04  2.079457e+06  3.153672e+00      2260   1
        40L  5.549882e+06  2.079457e+06  4.142567e+00      2680   1
        50L  2.799466e+06  2.079457e+06  5.424703e+00      3600   1
        60L  3.549880e+06  2.079457e+06  6.388012e+00      4020   1
-------------------------------------------------------------------
status         : simulation_stopping
total time (s) : 6.388012e+00
total solves   : 4020
best bound     :  2.079457e+06
simulation ci  :  2.352204e+06 ± 5.377531e+05
numeric issues : 0
-------------------------------------------------------------------

-------------------------------------------------------------------
         SDDP.jl (c) Oscar Dowson and contributors, 2017-25
-------------------------------------------------------------------
problem
  nodes           : 1
  state variables : 1
  scenarios       : Inf
  existing cuts   : false
options
  solver          : serial mode
  risk measure    : SDDP.Expectation()
  sampling scheme : SDDP.InSampleMonteCarlo
subproblem structure
  VariableRef                             : [8, 8]
  AffExpr in MOI.EqualTo{Float64}         : [2, 2]
  VariableRef in MOI.EqualTo{Float64}     : [2, 2]
  VariableRef in MOI.GreaterThan{Float64} : [5, 5]
  VariableRef in MOI.LessThan{Float64}    : [1, 1]
numerical stability report
  matrix range     [1e+00, 1e+00]
  objective range  [1e+00, 1e+01]
  bounds range     [5e+00, 2e+01]
  rhs range        [0e+00, 0e+00]
-------------------------------------------------------------------
 iteration    simulation      bound        time (s)     solves  pid
-------------------------------------------------------------------
       100   2.500000e+01  1.188965e+02  7.612331e-01      1946   1
       200   2.500000e+01  1.191634e+02  9.513910e-01      3920   1
       300   0.000000e+00  1.191666e+02  1.146716e+00      5902   1
       330   2.500000e+01  1.191667e+02  1.185939e+00      6224   1
-------------------------------------------------------------------
status         : simulation_stopping
total time (s) : 1.185939e+00
total solves   : 6224
best bound     :  1.191667e+02
simulation ci  :  2.158333e+01 ± 3.290252e+00
numeric issues : 0
-------------------------------------------------------------------

-------------------------------------------------------------------
         SDDP.jl (c) Oscar Dowson and contributors, 2017-25
-------------------------------------------------------------------
problem
  nodes           : 1
  state variables : 1
  scenarios       : Inf
  existing cuts   : false
options
  solver          : serial mode
  risk measure    : SDDP.Expectation()
  sampling scheme : SDDP.InSampleMonteCarlo
subproblem structure
  VariableRef                             : [8, 8]
  AffExpr in MOI.EqualTo{Float64}         : [2, 2]
  VariableRef in MOI.EqualTo{Float64}     : [2, 2]
  VariableRef in MOI.GreaterThan{Float64} : [5, 5]
  VariableRef in MOI.LessThan{Float64}    : [1, 1]
numerical stability report
  matrix range     [1e+00, 1e+00]
  objective range  [1e+00, 1e+01]
  bounds range     [5e+00, 2e+01]
  rhs range        [0e+00, 0e+00]
-------------------------------------------------------------------
 iteration    simulation      bound        time (s)     solves  pid
-------------------------------------------------------------------
       100   0.000000e+00  1.191285e+02  2.793860e-01      2874   1
       200   2.500000e+00  1.191666e+02  5.015991e-01      4855   1
       282   7.500000e+00  1.191667e+02  6.329520e-01      5733   1
-------------------------------------------------------------------
status         : simulation_stopping
total time (s) : 6.329520e-01
total solves   : 5733
best bound     :  1.191667e+02
simulation ci  :  2.104610e+01 ± 3.492245e+00
numeric issues : 0
-------------------------------------------------------------------

-------------------------------------------------------------------
         SDDP.jl (c) Oscar Dowson and contributors, 2017-25
-------------------------------------------------------------------
problem
  nodes           : 1
  state variables : 1
  scenarios       : Inf
  existing cuts   : false
options
  solver          : serial mode
  risk measure    : SDDP.Expectation()
  sampling scheme : SDDP.InSampleMonteCarlo
subproblem structure
  VariableRef                             : [3, 3]
  AffExpr in MOI.EqualTo{Float64}         : [1, 1]
  VariableRef in MOI.GreaterThan{Float64} : [1, 1]
numerical stability report
  matrix range     [1e+00, 1e+00]
  objective range  [1e+00, 1e+00]
  bounds range     [0e+00, 0e+00]
  rhs range        [0e+00, 0e+00]
-------------------------------------------------------------------
 iteration    simulation      bound        time (s)     solves  pid
-------------------------------------------------------------------
        10   4.000000e+00  1.997089e+01  6.275606e-02      1204   1
        20   8.000000e+00  2.000000e+01  8.239007e-02      1420   1
        30   1.600000e+01  2.000000e+01  1.458890e-01      2628   1
        40   8.000000e+00  2.000000e+01  1.669030e-01      2834   1
-------------------------------------------------------------------
status         : simulation_stopping
total time (s) : 1.669030e-01
total solves   : 2834
best bound     :  2.000000e+01
simulation ci  :  1.625000e+01 ± 4.766381e+00
numeric issues : 0
-------------------------------------------------------------------

-------------------------------------------------------------------
         SDDP.jl (c) Oscar Dowson and contributors, 2017-25
-------------------------------------------------------------------
problem
  nodes           : 1
  state variables : 1
  scenarios       : Inf
  existing cuts   : false
options
  solver          : serial mode
  risk measure    : SDDP.Expectation()
  sampling scheme : SDDP.InSampleMonteCarlo
subproblem structure
  VariableRef                             : [3, 3]
  AffExpr in MOI.EqualTo{Float64}         : [1, 1]
  VariableRef in MOI.GreaterThan{Float64} : [1, 1]
numerical stability report
  matrix range     [1e+00, 1e+00]
  objective range  [1e+00, 1e+00]
  bounds range     [0e+00, 0e+00]
  rhs range        [0e+00, 0e+00]
-------------------------------------------------------------------
 iteration    simulation      bound        time (s)     solves  pid
-------------------------------------------------------------------
         1   1.000000e+00  1.500000e+00  1.457930e-03         3   1
        40   4.000000e+00  2.000000e+00  4.057384e-02       578   1
-------------------------------------------------------------------
status         : simulation_stopping
total time (s) : 4.057384e-02
total solves   : 578
best bound     :  2.000000e+00
simulation ci  :  1.950000e+00 ± 5.568095e-01
numeric issues : 0
-------------------------------------------------------------------

-------------------------------------------------------------------
         SDDP.jl (c) Oscar Dowson and contributors, 2017-25
-------------------------------------------------------------------
problem
  nodes           : 3
  state variables : 1
  scenarios       : 8.51840e+04
  existing cuts   : false
options
  solver          : serial mode
  risk measure    : SDDP.Expectation()
  sampling scheme : SDDP.InSampleMonteCarlo
subproblem structure
  VariableRef                             : [6, 6]
  AffExpr in MOI.EqualTo{Float64}         : [1, 3]
  AffExpr in MOI.LessThan{Float64}        : [2, 2]
  VariableRef in MOI.EqualTo{Float64}     : [1, 1]
  VariableRef in MOI.GreaterThan{Float64} : [3, 4]
  VariableRef in MOI.LessThan{Float64}    : [3, 3]
numerical stability report
  matrix range     [8e-01, 2e+00]
  objective range  [1e+00, 2e+00]
  bounds range     [1e+00, 1e+02]
  rhs range        [5e+01, 5e+01]
-------------------------------------------------------------------
 iteration    simulation      bound        time (s)     solves  pid
-------------------------------------------------------------------
        10   5.250000e+00  4.888859e+00  1.606510e-01      1350   1
        20   4.350000e+00  4.105855e+00  2.394500e-01      2700   1
        30   5.000000e+00  4.100490e+00  3.280320e-01      4050   1
        40   3.500000e+00  4.097376e+00  4.244280e-01      5400   1
        50   5.250000e+00  4.095859e+00  5.248590e-01      6750   1
        60   3.643750e+00  4.093342e+00  6.298890e-01      8100   1
        70   2.643750e+00  4.091818e+00  7.368860e-01      9450   1
        80   5.087500e+00  4.091591e+00  8.437369e-01     10800   1
        90   5.062500e+00  4.091309e+00  9.519279e-01     12150   1
       100   4.843750e+00  4.087004e+00  1.071212e+00     13500   1
       110   3.437500e+00  4.086094e+00  1.187738e+00     14850   1
       120   3.375000e+00  4.085926e+00  1.307657e+00     16200   1
       130   5.025000e+00  4.085866e+00  1.429559e+00     17550   1
       140   5.000000e+00  4.085734e+00  1.550011e+00     18900   1
       150   3.500000e+00  4.085655e+00  1.672304e+00     20250   1
       160   4.281250e+00  4.085454e+00  1.791881e+00     21600   1
       170   4.562500e+00  4.085425e+00  1.913540e+00     22950   1
       180   5.768750e+00  4.085425e+00  2.036413e+00     24300   1
       190   3.468750e+00  4.085359e+00  2.204803e+00     25650   1
       200   4.131250e+00  4.085225e+00  2.331150e+00     27000   1
       210   4.512500e+00  4.085157e+00  2.455952e+00     28350   1
       220   4.900000e+00  4.085153e+00  2.585600e+00     29700   1
       230   4.025000e+00  4.085134e+00  2.715163e+00     31050   1
       240   4.468750e+00  4.085116e+00  2.851740e+00     32400   1
       250   4.062500e+00  4.085075e+00  2.983647e+00     33750   1
       260   4.875000e+00  4.085037e+00  3.117421e+00     35100   1
       270   3.850000e+00  4.085011e+00  3.250000e+00     36450   1
       280   4.912500e+00  4.084992e+00  3.383926e+00     37800   1
       290   2.987500e+00  4.084986e+00  3.523378e+00     39150   1
       300   3.825000e+00  4.084957e+00  3.663251e+00     40500   1
       310   3.250000e+00  4.084911e+00  3.809089e+00     41850   1
       320   3.600000e+00  4.084896e+00  3.948691e+00     43200   1
       330   3.925000e+00  4.084896e+00  4.081101e+00     44550   1
       340   4.500000e+00  4.084893e+00  4.220745e+00     45900   1
       350   5.000000e+00  4.084891e+00  4.360036e+00     47250   1
       360   3.075000e+00  4.084866e+00  4.501144e+00     48600   1
       370   3.500000e+00  4.084861e+00  4.645210e+00     49950   1
       380   3.356250e+00  4.084857e+00  4.790301e+00     51300   1
       390   5.500000e+00  4.084846e+00  4.944804e+00     52650   1
       400   4.475000e+00  4.084846e+00  5.088250e+00     54000   1
       410   3.750000e+00  4.084843e+00  5.274534e+00     55350   1
       420   3.687500e+00  4.084843e+00  5.422320e+00     56700   1
       430   4.337500e+00  4.084825e+00  5.571455e+00     58050   1
       440   5.750000e+00  4.084825e+00  5.705727e+00     59400   1
       450   4.925000e+00  4.084792e+00  5.862412e+00     60750   1
       460   3.600000e+00  4.084792e+00  6.012850e+00     62100   1
       470   4.387500e+00  4.084792e+00  6.158723e+00     63450   1
       480   4.000000e+00  4.084792e+00  6.314564e+00     64800   1
       490   2.975000e+00  4.084788e+00  6.464172e+00     66150   1
       500   3.125000e+00  4.084788e+00  6.612640e+00     67500   1
       510   4.250000e+00  4.084788e+00  6.768127e+00     68850   1
       520   4.512500e+00  4.084786e+00  6.919334e+00     70200   1
       530   3.875000e+00  4.084786e+00  7.076899e+00     71550   1
       540   4.387500e+00  4.084781e+00  7.233077e+00     72900   1
       550   5.281250e+00  4.084780e+00  7.391798e+00     74250   1
       560   4.650000e+00  4.084780e+00  7.538816e+00     75600   1
       570   3.062500e+00  4.084780e+00  7.690613e+00     76950   1
       580   3.187500e+00  4.084780e+00  7.837581e+00     78300   1
       590   3.812500e+00  4.084780e+00  7.982880e+00     79650   1
       600   3.637500e+00  4.084774e+00  8.137262e+00     81000   1
       610   3.950000e+00  4.084765e+00  8.288706e+00     82350   1
       620   4.625000e+00  4.084760e+00  8.439740e+00     83700   1
       630   4.218750e+00  4.084760e+00  8.624369e+00     85050   1
       640   3.025000e+00  4.084755e+00  8.778331e+00     86400   1
       650   2.993750e+00  4.084751e+00  8.925416e+00     87750   1
       660   3.262500e+00  4.084746e+00  9.077859e+00     89100   1
       670   3.625000e+00  4.084746e+00  9.232659e+00     90450   1
       680   2.981250e+00  4.084746e+00  9.389980e+00     91800   1
       690   4.187500e+00  4.084746e+00  9.542781e+00     93150   1
       700   4.500000e+00  4.084746e+00  9.691945e+00     94500   1
       710   3.225000e+00  4.084746e+00  9.846699e+00     95850   1
       720   4.375000e+00  4.084746e+00  1.000389e+01     97200   1
       730   2.650000e+00  4.084746e+00  1.016746e+01     98550   1
       740   3.250000e+00  4.084746e+00  1.032142e+01     99900   1
       750   4.725000e+00  4.084746e+00  1.049058e+01    101250   1
       760   3.375000e+00  4.084746e+00  1.065622e+01    102600   1
       770   5.375000e+00  4.084746e+00  1.081837e+01    103950   1
       780   4.068750e+00  4.084746e+00  1.099005e+01    105300   1
       790   4.412500e+00  4.084746e+00  1.116225e+01    106650   1
       800   4.350000e+00  4.084746e+00  1.133573e+01    108000   1
       810   5.887500e+00  4.084746e+00  1.152973e+01    109350   1
       820   4.912500e+00  4.084746e+00  1.169068e+01    110700   1
       830   4.387500e+00  4.084746e+00  1.184724e+01    112050   1
       840   3.675000e+00  4.084746e+00  1.201223e+01    113400   1
       850   5.375000e+00  4.084746e+00  1.217124e+01    114750   1
       860   3.562500e+00  4.084746e+00  1.233808e+01    116100   1
       870   3.075000e+00  4.084746e+00  1.250722e+01    117450   1
       880   3.625000e+00  4.084746e+00  1.266775e+01    118800   1
       890   2.937500e+00  4.084746e+00  1.283265e+01    120150   1
       900   4.450000e+00  4.084746e+00  1.300428e+01    121500   1
       910   4.200000e+00  4.084746e+00  1.317463e+01    122850   1
       920   3.687500e+00  4.084746e+00  1.334730e+01    124200   1
       930   4.725000e+00  4.084746e+00  1.352076e+01    125550   1
       940   4.018750e+00  4.084746e+00  1.368221e+01    126900   1
       950   4.675000e+00  4.084746e+00  1.387470e+01    128250   1
       960   3.375000e+00  4.084746e+00  1.403202e+01    129600   1
       970   3.812500e+00  4.084746e+00  1.419006e+01    130950   1
       980   3.112500e+00  4.084746e+00  1.438021e+01    132300   1
       990   3.600000e+00  4.084746e+00  1.454535e+01    133650   1
      1000   5.500000e+00  4.084746e+00  1.471404e+01    135000   1
      1010   3.187500e+00  4.084746e+00  1.487865e+01    136350   1
      1020   4.900000e+00  4.084746e+00  1.504504e+01    137700   1
      1030   3.637500e+00  4.084746e+00  1.522940e+01    139050   1
      1040   3.975000e+00  4.084746e+00  1.540346e+01    140400   1
      1050   4.750000e+00  4.084746e+00  1.557665e+01    141750   1
      1060   4.437500e+00  4.084746e+00  1.576497e+01    143100   1
      1070   5.000000e+00  4.084746e+00  1.594000e+01    144450   1
      1080   4.143750e+00  4.084746e+00  1.611600e+01    145800   1
      1090   5.625000e+00  4.084746e+00  1.628238e+01    147150   1
      1100   3.475000e+00  4.084746e+00  1.645721e+01    148500   1
      1110   4.156250e+00  4.084746e+00  1.665938e+01    149850   1
      1120   4.450000e+00  4.084746e+00  1.683472e+01    151200   1
      1130   3.312500e+00  4.084741e+00  1.701472e+01    152550   1
      1140   5.375000e+00  4.084741e+00  1.718680e+01    153900   1
      1150   4.800000e+00  4.084737e+00  1.737075e+01    155250   1
      1160   3.300000e+00  4.084737e+00  1.754667e+01    156600   1
      1170   4.356250e+00  4.084737e+00  1.772007e+01    157950   1
      1180   3.900000e+00  4.084737e+00  1.790295e+01    159300   1
      1190   4.450000e+00  4.084737e+00  1.808220e+01    160650   1
      1200   5.156250e+00  4.084737e+00  1.826275e+01    162000   1
      1210   4.500000e+00  4.084737e+00  1.843298e+01    163350   1
      1220   4.875000e+00  4.084737e+00  1.862404e+01    164700   1
      1230   4.000000e+00  4.084737e+00  1.882713e+01    166050   1
      1240   4.062500e+00  4.084737e+00  1.901176e+01    167400   1
      1250   5.450000e+00  4.084737e+00  1.919575e+01    168750   1
      1260   4.500000e+00  4.084737e+00  1.937652e+01    170100   1
      1270   4.125000e+00  4.084737e+00  1.956810e+01    171450   1
      1280   3.750000e+00  4.084737e+00  1.976076e+01    172800   1
      1290   4.475000e+00  4.084737e+00  1.995119e+01    174150   1
      1293   4.800000e+00  4.084737e+00  2.000571e+01    174555   1
-------------------------------------------------------------------
status         : time_limit
total time (s) : 2.000571e+01
total solves   : 174555
best bound     :  4.084737e+00
simulation ci  :  4.072599e+00 ± 3.987772e-02
numeric issues : 0
-------------------------------------------------------------------

-------------------------------------------------------------------
         SDDP.jl (c) Oscar Dowson and contributors, 2017-25
-------------------------------------------------------------------
problem
  nodes           : 3
  state variables : 1
  scenarios       : 8.51840e+04
  existing cuts   : false
options
  solver          : serial mode
  risk measure    : SDDP.Expectation()
  sampling scheme : SDDP.InSampleMonteCarlo
subproblem structure
  VariableRef                             : [6, 6]
  AffExpr in MOI.EqualTo{Float64}         : [1, 3]
  AffExpr in MOI.LessThan{Float64}        : [2, 2]
  VariableRef in MOI.EqualTo{Float64}     : [1, 1]
  VariableRef in MOI.GreaterThan{Float64} : [3, 4]
  VariableRef in MOI.LessThan{Float64}    : [3, 3]
numerical stability report
  matrix range     [8e-01, 2e+00]
  objective range  [1e+00, 2e+00]
  bounds range     [1e+00, 1e+02]
  rhs range        [5e+01, 5e+01]
-------------------------------------------------------------------
 iteration    simulation      bound        time (s)     solves  pid
-------------------------------------------------------------------
        10   3.625000e+00  9.111802e+00  1.830509e-01      1350   1
        20   5.168750e+00  4.852831e+00  5.992610e-01      2700   1
        30   4.725000e+00  4.731752e+00  1.595266e+00      4050   1
        40   4.275000e+00  4.045725e+00  2.130598e+00      5400   1
        50   5.156250e+00  4.043284e+00  2.753978e+00      6750   1
        60   5.200000e+00  4.042279e+00  3.513720e+00      8100   1
        70   5.437500e+00  4.041023e+00  4.358161e+00      9450   1
        80   5.218750e+00  4.041004e+00  5.311404e+00     10800   1
        90   3.631250e+00  4.040911e+00  6.467723e+00     12150   1
       100   2.650000e+00  4.040642e+00  7.771852e+00     13500   1
       110   4.043750e+00  4.039580e+00  9.108607e+00     14850   1
       120   5.556250e+00  4.037634e+00  1.053409e+01     16200   1
       130   2.925000e+00  4.037627e+00  1.204622e+01     17550   1
       140   4.000000e+00  4.037581e+00  1.374444e+01     18900   1
       150   3.843750e+00  4.037579e+00  1.546102e+01     20250   1
       160   3.968750e+00  4.037579e+00  1.747163e+01     21600   1
       170   3.975000e+00  4.037559e+00  1.955558e+01     22950   1
       173   4.375000e+00  4.037556e+00  2.015610e+01     23355   1
-------------------------------------------------------------------
status         : time_limit
total time (s) : 2.015610e+01
total solves   : 23355
best bound     :  4.037556e+00
simulation ci  :  3.999025e+00 ± 1.172635e-01
numeric issues : 0
-------------------------------------------------------------------

-------------------------------------------------------------------
         SDDP.jl (c) Oscar Dowson and contributors, 2017-25
-------------------------------------------------------------------
problem
  nodes           : 8
  state variables : 1
  scenarios       : 1.00000e+08
  existing cuts   : false
options
  solver          : serial mode
  risk measure    : SDDP.Expectation()
  sampling scheme : SDDP.InSampleMonteCarlo
subproblem structure
  VariableRef                             : [7, 7]
  AffExpr in MOI.EqualTo{Float64}         : [1, 1]
  AffExpr in MOI.GreaterThan{Float64}     : [2, 2]
  VariableRef in MOI.EqualTo{Float64}     : [1, 1]
  VariableRef in MOI.GreaterThan{Float64} : [4, 4]
  VariableRef in MOI.LessThan{Float64}    : [1, 2]
  VariableRef in MOI.ZeroOne              : [1, 1]
numerical stability report
  matrix range     [1e+00, 2e+00]
  objective range  [5e-01, 1e+00]
  bounds range     [1e+00, 1e+00]
  rhs range        [1e+00, 1e+00]
-------------------------------------------------------------------
 iteration    simulation      bound        time (s)     solves  pid
-------------------------------------------------------------------
        10   3.727938e+00  1.165884e+00  3.764391e-01      1680   1
        20   3.305210e+00  1.166519e+00  4.691172e-01      2560   1
        30   3.203068e+00  1.167299e+00  8.460312e-01      4240   1
        40   3.724027e+00  1.167299e+00  9.418311e-01      5120   1
        50   3.501162e+00  1.167299e+00  1.323917e+00      6800   1
        60   3.441108e+00  1.167299e+00  1.426410e+00      7680   1
        70   3.082989e+00  1.167299e+00  1.818156e+00      9360   1
        80   3.592077e+00  1.167410e+00  1.919865e+00     10240   1
        89   3.268787e+00  1.167410e+00  2.013849e+00     11032   1
-------------------------------------------------------------------
status         : simulation_stopping
total time (s) : 2.013849e+00
total solves   : 11032
best bound     :  1.167410e+00
simulation ci  :  3.276833e+00 ± 9.656466e-02
numeric issues : 0
-------------------------------------------------------------------

-------------------------------------------------------------------
         SDDP.jl (c) Oscar Dowson and contributors, 2017-25
-------------------------------------------------------------------
problem
  nodes           : 2
  state variables : 2
  scenarios       : 4.00000e+00
  existing cuts   : false
options
  solver          : serial mode
  risk measure    : SDDP.Expectation()
  sampling scheme : SDDP.InSampleMonteCarlo
subproblem structure
  VariableRef                             : [7, 11]
  AffExpr in MOI.EqualTo{Float64}         : [2, 2]
  AffExpr in MOI.LessThan{Float64}        : [2, 2]
  VariableRef in MOI.EqualTo{Float64}     : [2, 2]
  VariableRef in MOI.GreaterThan{Float64} : [5, 7]
  VariableRef in MOI.Integer              : [2, 2]
  VariableRef in MOI.LessThan{Float64}    : [4, 7]
  VariableRef in MOI.ZeroOne              : [4, 4]
numerical stability report
  matrix range     [1e+00, 6e+00]
  objective range  [1e+00, 3e+01]
  bounds range     [1e+00, 1e+02]
  rhs range        [0e+00, 0e+00]
-------------------------------------------------------------------
 iteration    simulation      bound        time (s)     solves  pid
-------------------------------------------------------------------
        10  -9.800000e+01 -5.809615e+01  3.118610e-02        78   1
        20  -4.000000e+01 -5.809615e+01  6.357408e-02       148   1
        30  -4.700000e+01 -5.809615e+01  1.018460e-01       226   1
        40  -4.700000e+01 -5.809615e+01  1.357560e-01       296   1
-------------------------------------------------------------------
status         : simulation_stopping
total time (s) : 1.357560e-01
total solves   : 296
best bound     : -5.809615e+01
simulation ci  : -5.793750e+01 ± 7.717500e+00
numeric issues : 0
-------------------------------------------------------------------

-------------------------------------------------------------------
         SDDP.jl (c) Oscar Dowson and contributors, 2017-25
-------------------------------------------------------------------
problem
  nodes           : 2
  state variables : 2
  scenarios       : 9.00000e+00
  existing cuts   : false
options
  solver          : serial mode
  risk measure    : SDDP.Expectation()
  sampling scheme : SDDP.InSampleMonteCarlo
subproblem structure
  VariableRef                             : [7, 11]
  AffExpr in MOI.EqualTo{Float64}         : [2, 2]
  AffExpr in MOI.LessThan{Float64}        : [2, 2]
  VariableRef in MOI.EqualTo{Float64}     : [2, 2]
  VariableRef in MOI.GreaterThan{Float64} : [5, 7]
  VariableRef in MOI.Integer              : [2, 2]
  VariableRef in MOI.LessThan{Float64}    : [4, 7]
  VariableRef in MOI.ZeroOne              : [4, 4]
numerical stability report
  matrix range     [1e+00, 6e+00]
  objective range  [1e+00, 3e+01]
  bounds range     [1e+00, 1e+02]
  rhs range        [0e+00, 0e+00]
-------------------------------------------------------------------
 iteration    simulation      bound        time (s)     solves  pid
-------------------------------------------------------------------
        10  -9.800000e+01 -6.196125e+01  3.806400e-02       138   1
        20  -4.000000e+01 -6.196125e+01  7.409906e-02       258   1
        30  -4.000000e+01 -6.196125e+01  1.222980e-01       396   1
        40  -4.700000e+01 -6.196125e+01  1.587842e-01       516   1
-------------------------------------------------------------------
status         : simulation_stopping
total time (s) : 1.587842e-01
total solves   : 516
best bound     : -6.196125e+01
simulation ci  : -6.108750e+01 ± 6.957831e+00
numeric issues : 0
-------------------------------------------------------------------

-------------------------------------------------------------------
         SDDP.jl (c) Oscar Dowson and contributors, 2017-25
-------------------------------------------------------------------
problem
  nodes           : 2
  state variables : 2
  scenarios       : 3.60000e+01
  existing cuts   : false
options
  solver          : serial mode
  risk measure    : SDDP.Expectation()
  sampling scheme : SDDP.InSampleMonteCarlo
subproblem structure
  VariableRef                             : [7, 11]
  AffExpr in MOI.EqualTo{Float64}         : [2, 2]
  AffExpr in MOI.LessThan{Float64}        : [2, 2]
  VariableRef in MOI.EqualTo{Float64}     : [2, 2]
  VariableRef in MOI.GreaterThan{Float64} : [5, 7]
  VariableRef in MOI.Integer              : [2, 2]
  VariableRef in MOI.LessThan{Float64}    : [4, 7]
  VariableRef in MOI.ZeroOne              : [4, 4]
numerical stability report
  matrix range     [1e+00, 6e+00]
  objective range  [1e+00, 3e+01]
  bounds range     [1e+00, 1e+02]
  rhs range        [0e+00, 0e+00]
-------------------------------------------------------------------
 iteration    simulation      bound        time (s)     solves  pid
-------------------------------------------------------------------
        10  -7.000000e+01 -6.546793e+01  7.342100e-02       462   1
        20  -4.000000e+01 -6.546793e+01  1.309059e-01       852   1
        30  -5.400000e+01 -6.546793e+01  2.452779e-01      1314   1
        40  -7.000000e+01 -6.546793e+01  3.047690e-01      1704   1
-------------------------------------------------------------------
status         : simulation_stopping
total time (s) : 3.047690e-01
total solves   : 1704
best bound     : -6.546793e+01
simulation ci  : -5.868750e+01 ± 4.841948e+00
numeric issues : 0
-------------------------------------------------------------------

-------------------------------------------------------------------
         SDDP.jl (c) Oscar Dowson and contributors, 2017-25
-------------------------------------------------------------------
problem
  nodes           : 3
  state variables : 2
  scenarios       : 2.70000e+01
  existing cuts   : false
options
  solver          : serial mode
  risk measure    : SDDP.Expectation()
  sampling scheme : SDDP.InSampleMonteCarlo
subproblem structure
  VariableRef                             : [9, 9]
  AffExpr in MOI.EqualTo{Float64}         : [2, 2]
  AffExpr in MOI.LessThan{Float64}        : [2, 2]
  VariableRef in MOI.EqualTo{Float64}     : [2, 2]
  VariableRef in MOI.GreaterThan{Float64} : [2, 3]
  VariableRef in MOI.LessThan{Float64}    : [3, 3]
  VariableRef in MOI.ZeroOne              : [4, 4]
numerical stability report
  matrix range     [1e+00, 1e+00]
  objective range  [1e+00, 6e+00]
  bounds range     [1e+00, 1e+02]
  rhs range        [0e+00, 0e+00]
-------------------------------------------------------------------
 iteration    simulation      bound        time (s)     solves  pid
-------------------------------------------------------------------
         1L  6.000000e+00  1.200000e+01  4.251099e-02        11   1
        40L  6.000000e+00  8.000000e+00  4.706001e-01       602   1
-------------------------------------------------------------------
status         : simulation_stopping
total time (s) : 4.706001e-01
total solves   : 602
best bound     :  8.000000e+00
simulation ci  :  8.025000e+00 ± 9.027996e-01
numeric issues : 0
-------------------------------------------------------------------

-------------------------------------------------------------------
         SDDP.jl (c) Oscar Dowson and contributors, 2017-25
-------------------------------------------------------------------
problem
  nodes           : 2
  state variables : 3
  scenarios       : 3.00000e+00
  existing cuts   : false
options
  solver          : serial mode
  risk measure    : SDDP.Expectation()
  sampling scheme : SDDP.InSampleMonteCarlo
subproblem structure
  VariableRef                             : [7, 19]
  AffExpr in MOI.EqualTo{Float64}         : [3, 3]
  AffExpr in MOI.GreaterThan{Float64}     : [3, 3]
  AffExpr in MOI.LessThan{Float64}        : [1, 1]
  VariableRef in MOI.GreaterThan{Float64} : [3, 16]
  VariableRef in MOI.LessThan{Float64}    : [1, 2]
numerical stability report
  matrix range     [1e+00, 2e+01]
  objective range  [1e+00, 1e+03]
  bounds range     [6e+03, 5e+05]
  rhs range        [2e+02, 5e+02]
-------------------------------------------------------------------
 iteration    simulation      bound        time (s)     solves  pid
-------------------------------------------------------------------
         1  -9.800000e+04  4.922260e+05  8.904886e-02         6   1
        40   1.093500e+05  1.083900e+05  1.176679e-01       240   1
-------------------------------------------------------------------
status         : iteration_limit
total time (s) : 1.176679e-01
total solves   : 240
best bound     :  1.083900e+05
simulation ci  :  9.946425e+04 ± 2.078398e+04
numeric issues : 0
-------------------------------------------------------------------

