-------------------------------------------------------------------
         SDDP.jl (c) Oscar Dowson and contributors, 2017-23
-------------------------------------------------------------------
problem
  nodes           : 60
  state variables : 9
  scenarios       : 2.77629e+14
  existing cuts   : false
options
  solver          : serial mode
  risk measure    : A convex combination of 0.5 * SDDP.Expectation() + 0.5 * SDDP.AVaR(0.25)
  sampling scheme : SDDP.SimulatorSamplingScheme{typeof(Main.__atexample__named__example_milk_producer.simulator)}
subproblem structure
  VariableRef                             : [35, 35]
  VariableRef in MOI.EqualTo{Float64}     : [1, 4]
  VariableRef in MOI.LessThan{Float64}    : [1, 5]
  VariableRef in MOI.GreaterThan{Float64} : [21, 25]
  AffExpr in MOI.EqualTo{Float64}         : [10, 10]
numerical stability report
  matrix range     [9e-01, 1e+00]
  objective range  [1e+00, 1e+01]
  bounds range     [1e-01, 1e+04]
  rhs range        [0e+00, 0e+00]
-------------------------------------------------------------------
 iteration    simulation      bound        time (s)     solves  pid
-------------------------------------------------------------------
         1  -7.299254e+02  6.258253e+02  8.577700e-01       222   1
        30   6.931332e+00  7.036498e+00  2.031434e+00      6740   1
        71   8.706554e+00  6.354256e+00  4.009484e+00     15847   1
       109   7.923016e+00  6.255171e+00  6.013599e+00     24248   1
       142   7.685445e+00  6.231540e+00  8.023725e+00     31614   1
       172   9.109858e+00  6.214108e+00  1.001346e+01     38279   1
       201   8.192535e+00  6.207867e+00  1.204896e+01     44702   1
       228   8.079210e+00  6.207514e+00  1.402191e+01     50671   1
       254   7.824045e+00  6.206819e+00  1.606479e+01     56303   1
       278   8.829514e+00  6.205805e+00  1.804763e+01     61651   1
       301   7.780212e+00  6.202465e+00  2.004630e+01     66837   1
-------------------------------------------------------------------
status         : time_limit
total time (s) : 2.004630e+01
total solves   : 66837
best bound     :  6.202465e+00
simulation ci  : -1.110333e+01 ± 2.359247e+01
numeric issues : 0
-------------------------------------------------------------------

-------------------------------------------------------------------
         SDDP.jl (c) Oscar Dowson and contributors, 2017-23
-------------------------------------------------------------------
problem
  nodes           : 2
  state variables : 1
  scenarios       : 1.00000e+01
  existing cuts   : false
options
  solver          : serial mode
  risk measure    : SDDP.Expectation()
  sampling scheme : SDDP.InSampleMonteCarlo
subproblem structure
  VariableRef                             : [4, 4]
  VariableRef in MOI.LessThan{Float64}    : [1, 1]
  AffExpr in MOI.LessThan{Float64}        : [1, 1]
  VariableRef in MOI.GreaterThan{Float64} : [2, 3]
  AffExpr in MOI.EqualTo{Float64}         : [1, 1]
numerical stability report
  matrix range     [1e+00, 1e+00]
  objective range  [1e+00, 1e+00]
  bounds range     [1e+00, 2e+00]
  rhs range        [0e+00, 0e+00]
-------------------------------------------------------------------
 iteration    simulation      bound        time (s)     solves  pid
-------------------------------------------------------------------
         1   0.000000e+00  4.126081e-01  2.484798e-03        13   1
         2  -9.139867e-01  3.147776e-01  3.551960e-03        26   1
         3   6.238820e-02  2.564790e-01  4.785776e-03        39   1
         4   1.929395e-01  2.186990e-01  6.095886e-03        52   1
         5   2.186990e-01  2.132610e-01  7.172823e-03        65   1
         6   2.458891e-01  2.132610e-01  8.358955e-03        78   1
         7   2.458891e-01  2.132610e-01  9.534836e-03        91   1
         8   2.458891e-01  2.132610e-01  1.074696e-02       104   1
         9   2.458891e-01  2.132610e-01  1.193285e-02       117   1
        10   2.458891e-01  2.132610e-01  1.311898e-02       130   1
-------------------------------------------------------------------
status         : bound_stalling
total time (s) : 1.311898e-02
total solves   : 130
best bound     :  2.132610e-01
simulation ci  :  7.894853e-02 ± 2.229291e-01
numeric issues : 0
-------------------------------------------------------------------

-------------------------------------------------------------------
         SDDP.jl (c) Oscar Dowson and contributors, 2017-23
-------------------------------------------------------------------
problem
  nodes           : 52
  state variables : 1
  scenarios       : 1.00000e+00
  existing cuts   : false
options
  solver          : serial mode
  risk measure    : SDDP.Expectation()
  sampling scheme : SDDP.InSampleMonteCarlo
subproblem structure
  VariableRef                             : [7, 7]
  VariableRef in MOI.EqualTo{Float64}     : [1, 1]
  VariableRef in MOI.LessThan{Float64}    : [2, 3]
  VariableRef in MOI.GreaterThan{Float64} : [5, 5]
  AffExpr in MOI.EqualTo{Float64}         : [2, 2]
numerical stability report
  matrix range     [1e+00, 1e+00]
  objective range  [1e+00, 2e+01]
  bounds range     [1e+01, 3e+02]
  rhs range        [7e+00, 1e+01]
-------------------------------------------------------------------
 iteration    simulation      bound        time (s)     solves  pid
-------------------------------------------------------------------
         1   1.079600e+03  3.157700e+02  3.942204e-02       104   1
         2   7.437727e+02  6.288200e+02  5.282307e-02       208   1
         3   6.861466e+02  6.829100e+02  6.320310e-02       312   1
         4   6.829100e+02  6.829100e+02  7.370901e-02       416   1
         5   6.829100e+02  6.829100e+02  8.564210e-02       520   1
         6   6.829100e+02  6.829100e+02  9.813118e-02       624   1
         7   6.829100e+02  6.829100e+02  1.110752e-01       728   1
         8   6.829100e+02  6.829100e+02  1.244562e-01       832   1
         9   6.829100e+02  6.829100e+02  1.382630e-01       936   1
        10   6.829100e+02  6.829100e+02  1.525180e-01      1040   1
-------------------------------------------------------------------
status         : iteration_limit
total time (s) : 1.525180e-01
total solves   : 1040
best bound     :  6.829100e+02
simulation ci  :  7.289889e+02 ± 7.726064e+01
numeric issues : 0
-------------------------------------------------------------------

-------------------------------------------------------------------
         SDDP.jl (c) Oscar Dowson and contributors, 2017-23
-------------------------------------------------------------------
problem
  nodes           : 52
  state variables : 1
  scenarios       : 6.46108e+24
  existing cuts   : false
options
  solver          : serial mode
  risk measure    : SDDP.Expectation()
  sampling scheme : SDDP.InSampleMonteCarlo
subproblem structure
  VariableRef                             : [7, 7]
  VariableRef in MOI.LessThan{Float64}    : [2, 3]
  VariableRef in MOI.GreaterThan{Float64} : [5, 5]
  AffExpr in MOI.EqualTo{Float64}         : [2, 2]
numerical stability report
  matrix range     [1e+00, 1e+00]
  objective range  [1e+00, 2e+01]
  bounds range     [1e+01, 3e+02]
  rhs range        [7e+00, 1e+01]
-------------------------------------------------------------------
 iteration    simulation      bound        time (s)     solves  pid
-------------------------------------------------------------------
         1   3.339100e+02  2.673509e+01  4.600191e-02       208   1
         2   6.086163e+02  1.728076e+02  6.705904e-02       416   1
         3   2.969810e+02  1.744790e+02  8.924294e-02       624   1
         4   6.807340e+02  1.767363e+02  1.121061e-01       832   1
         5   2.017191e+02  1.789508e+02  1.354520e-01      1040   1
         6   5.795619e+02  1.932619e+02  1.607499e-01      1248   1
         7   4.967131e+02  1.934028e+02  1.865220e-01      1456   1
         8   4.671448e+02  1.973931e+02  2.122841e-01      1664   1
         9   1.898553e+02  2.023934e+02  2.377639e-01      1872   1
        10   1.570541e+02  2.026622e+02  2.632439e-01      2080   1
        11   3.272477e+02  2.048809e+02  2.878699e-01      2288   1
        12   2.904793e+02  2.062611e+02  3.136990e-01      2496   1
        13   0.000000e+00  2.084115e+02  3.407509e-01      2704   1
        14   1.930622e+02  2.097756e+02  3.662391e-01      2912   1
        15   7.799486e+01  2.181350e+02  3.931639e-01      3120   1
        16   7.509969e+02  2.181674e+02  4.193580e-01      3328   1
        17   2.760767e+02  2.193451e+02  4.467690e-01      3536   1
        18   2.150553e+02  2.207925e+02  4.730020e-01      3744   1
        19   2.647369e+02  2.210246e+02  4.996660e-01      3952   1
        20   4.089825e+01  2.217527e+02  5.254281e-01      4160   1
        21   2.326621e+02  2.228657e+02  5.544701e-01      4368   1
        22   1.558890e+02  2.242232e+02  5.817461e-01      4576   1
        23   3.101655e+02  2.249968e+02  6.103971e-01      4784   1
        24   7.140000e+01  2.261607e+02  6.398470e-01      4992   1
        25   1.457861e+02  2.315376e+02  6.684489e-01      5200   1
        26   3.518649e+02  2.320750e+02  6.954470e-01      5408   1
        27   8.335573e+01  2.336877e+02  7.249041e-01      5616   1
        28   1.846399e+02  2.337163e+02  7.516010e-01      5824   1
        29   1.769258e+02  2.341666e+02  7.820799e-01      6032   1
        30   8.244748e+02  2.355126e+02  8.088260e-01      6240   1
        31   1.356909e+03  2.378856e+02  8.346329e-01      6448   1
        32   5.664653e+02  2.381696e+02  8.644950e-01      6656   1
        33   5.189865e+02  2.391534e+02  8.933671e-01      6864   1
        34   6.248964e+02  2.414728e+02  9.219279e-01      7072   1
        35   2.887868e+02  2.419910e+02  9.522760e-01      7280   1
        36   8.322882e+02  2.444757e+02  9.819160e-01      7488   1
        37   2.871101e+02  2.453311e+02  1.010884e+00      7696   1
        38   3.260142e+02  2.453326e+02  1.041045e+00      7904   1
        39   1.452400e+02  2.454318e+02  1.068615e+00      8112   1
        40   1.132455e+02  2.454921e+02  1.101138e+00      8320   1
        41   1.452400e+02  2.458733e+02  1.129702e+00      8528   1
        42   4.539220e+02  2.460108e+02  1.161660e+00      8736   1
        43   4.796026e+02  2.466026e+02  1.190880e+00      8944   1
        44   9.551908e+01  2.467247e+02  1.221074e+00      9152   1
        45   5.531741e+02  2.473771e+02  1.253441e+00      9360   1
        46   3.130390e+02  2.477593e+02  1.285549e+00      9568   1
        47   1.268527e+02  2.478704e+02  1.314969e+00      9776   1
        48   1.687154e+02  2.490746e+02  1.346997e+00      9984   1
        49   4.077333e+02  2.503486e+02  1.380004e+00     10192   1
        50   7.140000e+01  2.504500e+02  1.411906e+00     10400   1
        51   7.443624e+02  2.511014e+02  1.443874e+00     10608   1
        52   2.142996e+02  2.525152e+02  1.475148e+00     10816   1
        53   5.846000e+02  2.539141e+02  1.506256e+00     11024   1
        54   7.140000e+01  2.540273e+02  1.535177e+00     11232   1
        55   9.254693e+01  2.545057e+02  1.569077e+00     11440   1
        56   1.253859e+02  2.565664e+02  1.599921e+00     11648   1
        57   1.287759e+02  2.572100e+02  1.629007e+00     11856   1
        58   3.179944e+02  2.576540e+02  1.662299e+00     12064   1
        59   9.875542e+01  2.579036e+02  1.695516e+00     12272   1
        60   2.257151e+02  2.581627e+02  1.731477e+00     12480   1
        61   2.486651e+02  2.587469e+02  1.766263e+00     12688   1
        62   7.140000e+01  2.589203e+02  1.797821e+00     12896   1
        63   3.385515e+02  2.590477e+02  1.831682e+00     13104   1
        64   5.773879e+02  2.594443e+02  1.866960e+00     13312   1
        65   2.578999e+02  2.596519e+02  1.901323e+00     13520   1
        66   1.550256e+02  2.601896e+02  1.935433e+00     13728   1
        67   7.014072e+02  2.604711e+02  1.970413e+00     13936   1
        68   5.125630e+02  2.607019e+02  2.006339e+00     14144   1
        69   1.034641e+02  2.608505e+02  2.038766e+00     14352   1
        70   7.998846e+02  2.611948e+02  2.073146e+00     14560   1
        71   3.934534e+02  2.613589e+02  2.109131e+00     14768   1
        72   1.452400e+02  2.615460e+02  2.144436e+00     14976   1
        73   7.997662e+02  2.621861e+02  2.271211e+00     15184   1
        74   3.732100e+02  2.629667e+02  2.306894e+00     15392   1
        75   7.792427e+01  2.632015e+02  2.338973e+00     15600   1
        76   3.881451e+02  2.634015e+02  2.376645e+00     15808   1
        77   4.296425e+01  2.634723e+02  2.410576e+00     16016   1
        78   5.314548e+02  2.642358e+02  2.447373e+00     16224   1
        79   1.155466e+02  2.646145e+02  2.482154e+00     16432   1
        80   7.140000e+01  2.647654e+02  2.514838e+00     16640   1
        81   2.046777e+02  2.648861e+02  2.550309e+00     16848   1
        82   5.719889e+02  2.653760e+02  2.586661e+00     17056   1
        83   1.554726e+02  2.655505e+02  2.624230e+00     17264   1
        84   2.234422e+02  2.662023e+02  2.661602e+00     17472   1
        85   1.535585e+02  2.665542e+02  2.697297e+00     17680   1
        86   8.501194e+01  2.668175e+02  2.731785e+00     17888   1
        87   4.433549e+02  2.669088e+02  2.767479e+00     18096   1
        88   1.653098e+02  2.671839e+02  2.803738e+00     18304   1
        89   1.829492e+02  2.673070e+02  2.839996e+00     18512   1
        90   1.461286e+02  2.673197e+02  2.876099e+00     18720   1
        91   9.548809e+01  2.674258e+02  2.913008e+00     18928   1
        92   4.170735e+02  2.675100e+02  2.949954e+00     19136   1
        93   1.257156e+02  2.675630e+02  2.985526e+00     19344   1
        94   8.565545e+01  2.676794e+02  3.019180e+00     19552   1
        95   2.146600e+02  2.676962e+02  3.057366e+00     19760   1
        96   1.521327e+02  2.676998e+02  3.094887e+00     19968   1
        97   1.454923e+02  2.679179e+02  3.132759e+00     20176   1
        98   9.167242e+02  2.683561e+02  3.169487e+00     20384   1
        99   1.403207e+02  2.686148e+02  3.203844e+00     20592   1
       100   4.728850e+02  2.689950e+02  3.241087e+00     20800   1
-------------------------------------------------------------------
status         : iteration_limit
total time (s) : 3.241087e+00
total solves   : 20800
best bound     :  2.689950e+02
simulation ci  :  3.126837e+02 ± 4.761603e+01
numeric issues : 0
-------------------------------------------------------------------

-------------------------------------------------------------------
         SDDP.jl (c) Oscar Dowson and contributors, 2017-23
-------------------------------------------------------------------
problem
  nodes           : 3
  state variables : 1
  scenarios       : 2.70000e+01
  existing cuts   : false
options
  solver          : serial mode
  risk measure    : SDDP.Expectation()
  sampling scheme : SDDP.InSampleMonteCarlo
subproblem structure
  VariableRef                             : [7, 7]
  VariableRef in MOI.LessThan{Float64}    : [1, 2]
  VariableRef in MOI.GreaterThan{Float64} : [5, 5]
  AffExpr in MOI.EqualTo{Float64}         : [2, 2]
numerical stability report
  matrix range     [1e+00, 1e+00]
  objective range  [1e+00, 2e+02]
  bounds range     [2e+02, 2e+02]
  rhs range        [2e+02, 2e+02]
-------------------------------------------------------------------
 iteration    simulation      bound        time (s)     solves  pid
-------------------------------------------------------------------
         1   2.500000e+04  3.437500e+03  3.338814e-03        12   1
         2   1.406250e+04  7.500000e+03  4.638910e-03        24   1
         3   1.625000e+04  7.916667e+03  6.224871e-03        36   1
         4   7.500000e+03  7.916667e+03  7.467985e-03        48   1
         5   5.000000e+03  7.916667e+03  8.945942e-03        60   1
         6   1.500000e+04  8.333333e+03  1.035285e-02        72   1
         7   5.000000e+03  8.333333e+03  1.188993e-02        84   1
         8   1.000000e+04  8.333333e+03  1.363182e-02        96   1
         9   7.500000e+03  8.333333e+03  1.539993e-02       108   1
        10   1.500000e+04  8.333333e+03  1.711583e-02       120   1
-------------------------------------------------------------------
status         : iteration_limit
total time (s) : 1.711583e-02
total solves   : 120
best bound     :  8.333333e+03
simulation ci  :  1.203125e+04 ± 3.875135e+03
numeric issues : 0
-------------------------------------------------------------------

-------------------------------------------------------------------
         SDDP.jl (c) Oscar Dowson and contributors, 2017-23
-------------------------------------------------------------------
problem
  nodes           : 5
  state variables : 1
  scenarios       : 1.08000e+02
  existing cuts   : false
options
  solver          : serial mode
  risk measure    : SDDP.Expectation()
  sampling scheme : SDDP.InSampleMonteCarlo
subproblem structure
  VariableRef                             : [7, 7]
  VariableRef in MOI.LessThan{Float64}    : [1, 2]
  VariableRef in MOI.GreaterThan{Float64} : [5, 5]
  AffExpr in MOI.EqualTo{Float64}         : [2, 2]
numerical stability report
  matrix range     [1e+00, 1e+00]
  objective range  [1e+00, 2e+02]
  bounds range     [2e+02, 2e+02]
  rhs range        [2e+02, 2e+02]
-------------------------------------------------------------------
 iteration    simulation      bound        time (s)     solves  pid
-------------------------------------------------------------------
         1   9.375000e+03  1.991887e+03  4.900932e-03        18   1
         2   1.102596e+04  7.701344e+03  6.950140e-03        36   1
         3   5.000000e+03  8.072917e+03  9.325027e-03        54   1
         4   5.000000e+03  8.072917e+03  1.143003e-02        72   1
         5   1.125000e+04  8.072917e+03  1.376891e-02        90   1
         6   1.312500e+04  8.072917e+03  1.645207e-02       108   1
         7   5.000000e+03  8.072917e+03  1.878405e-02       126   1
         8   2.437500e+04  8.072917e+03  2.140307e-02       144   1
         9   1.875000e+03  8.072917e+03  2.399492e-02       162   1
        10   1.875000e+03  8.072917e+03  2.668095e-02       180   1
-------------------------------------------------------------------
status         : iteration_limit
total time (s) : 2.668095e-02
total solves   : 180
best bound     :  8.072917e+03
simulation ci  :  8.790096e+03 ± 4.192571e+03
numeric issues : 0
-------------------------------------------------------------------

-------------------------------------------------------------------
         SDDP.jl (c) Oscar Dowson and contributors, 2017-23
-------------------------------------------------------------------
problem
  nodes           : 3
  state variables : 1
  scenarios       : 1.00000e+00
  existing cuts   : false
options
  solver          : serial mode
  risk measure    : SDDP.Expectation()
  sampling scheme : SDDP.InSampleMonteCarlo
subproblem structure
  VariableRef                             : [4, 4]
  VariableRef in MOI.EqualTo{Float64}     : [1, 1]
  VariableRef in MOI.LessThan{Float64}    : [1, 1]
  AffExpr in MOI.LessThan{Float64}        : [1, 1]
  VariableRef in MOI.GreaterThan{Float64} : [2, 3]
  AffExpr in MOI.EqualTo{Float64}         : [1, 1]
numerical stability report
  matrix range     [1e+00, 1e+00]
  objective range  [0e+00, 0e+00]
  bounds range     [0e+00, 0e+00]
  rhs range        [0e+00, 0e+00]
-------------------------------------------------------------------
 iteration    simulation      bound        time (s)     solves  pid
-------------------------------------------------------------------
         1   2.499895e+01  1.562631e+00  2.811384e-02         6   1
         2   9.374869e+00  6.250337e+00  6.663895e-02        12   1
         3   9.374777e+00  7.812434e+00  9.463787e-02        18   1
         4   8.593609e+00  8.203174e+00  1.263039e-01        24   1
         5   8.398407e+00  8.300761e+00  1.586030e-01        30   1
         6   8.349577e+00  8.325206e+00  1.928499e-01        36   1
         7   8.337394e+00  8.331293e+00  2.272511e-01        42   1
         8   8.334343e+00  8.332827e+00  2.638130e-01        48   1
         9   8.333586e+00  8.333205e+00  3.011398e-01        54   1
        10   8.333395e+00  8.333302e+00  3.370450e-01        60   1
        11   8.333349e+00  8.333325e+00  3.733840e-01        66   1
        12   8.333337e+00  8.333331e+00  4.093649e-01        72   1
        13   8.333334e+00  8.333333e+00  4.452269e-01        78   1
        14   8.333333e+00  8.333333e+00  4.812639e-01        84   1
        15   8.333333e+00  8.333333e+00  5.174859e-01        90   1
        16   8.333333e+00  8.333333e+00  5.544438e-01        96   1
        17   8.333333e+00  8.333333e+00  5.948429e-01       102   1
        18   8.333333e+00  8.333333e+00  6.320899e-01       108   1
-------------------------------------------------------------------
status         : bound_stalling
total time (s) : 6.320899e-01
total solves   : 108
best bound     :  8.333333e+00
simulation ci  :  9.394200e+00 ± 1.805733e+00
numeric issues : 0
-------------------------------------------------------------------

-------------------------------------------------------------------
         SDDP.jl (c) Oscar Dowson and contributors, 2017-23
-------------------------------------------------------------------
problem
  nodes           : 1
  state variables : 12
  scenarios       : Inf
  existing cuts   : false
options
  solver          : serial mode
  risk measure    : SDDP.Expectation()
  sampling scheme : SDDP.InSampleMonteCarlo
subproblem structure
  VariableRef                          : [25, 25]
  VariableRef in MOI.LessThan{Float64} : [1, 1]
  VariableRef in MOI.ZeroOne           : [12, 12]
  AffExpr in MOI.LessThan{Float64}     : [13, 13]
  AffExpr in MOI.EqualTo{Float64}      : [1, 1]
numerical stability report
  matrix range     [1e+00, 1e+00]
  objective range  [1e+00, 1e+00]
  bounds range     [1e+01, 1e+01]
  rhs range        [1e+00, 1e+00]
-------------------------------------------------------------------
 iteration    simulation      bound        time (s)     solves  pid
-------------------------------------------------------------------
         1   0.000000e+00  8.100000e+00  3.304005e-03         5   1
         2   0.000000e+00  9.958140e+00  3.433895e-02        96   1
         3   0.000000e+00  7.217100e+00  3.718281e-02       101   1
         4   0.000000e+00  7.217100e+00  3.926802e-02       104   1
         5   0.000000e+00  7.217100e+00  4.325795e-02       111   1
         6   0.000000e+00  7.217100e+00  4.613280e-02       116   1
         7   6.000000e+00  6.909678e+00  5.489683e-02       137   1
         8   0.000000e+00  6.874811e+00  5.831289e-02       144   1
         9   0.000000e+00  6.843430e+00  6.259894e-02       153   1
        10   1.000000e+00  6.766891e+00  6.758881e-02       164   1
        11   1.000000e+00  6.711095e+00  7.250500e-02       175   1
        12   7.000000e+00  6.619150e+00  8.171296e-02       198   1
        13   0.000000e+00  6.613335e+00  8.517289e-02       205   1
        14   0.000000e+00  6.613335e+00  8.803582e-02       210   1
        15   1.000000e+00  6.603391e+00  9.315801e-02       221   1
        16   2.000000e+00  6.588813e+00  9.880900e-02       234   1
        17   2.000000e+00  6.579248e+00  1.045690e-01       247   1
        18   0.000000e+00  6.577423e+00  1.066718e-01       250   1
        19   0.000000e+00  6.577423e+00  1.087959e-01       253   1
        20   0.000000e+00  6.577423e+00  1.108909e-01       256   1
        21   2.000000e+00  6.572973e+00  1.168668e-01       269   1
        22   0.000000e+00  6.570698e+00  1.211510e-01       278   1
        23   4.000000e+00  6.566154e+00  1.283710e-01       295   1
        24   3.000000e+00  6.564043e+00  1.348698e-01       310   1
        25   1.800000e+01  6.561370e+00  1.524119e-01       355   1
        26   3.000000e+00  6.561218e+00  1.590700e-01       370   1
        27   1.600000e+01  6.561033e+00  1.755190e-01       411   1
        28   0.000000e+00  6.561027e+00  1.799929e-01       420   1
        29   7.000000e+00  6.561010e+00  1.898160e-01       443   1
        30   1.700000e+01  6.561001e+00  2.074599e-01       486   1
        31   1.300000e+01  6.561000e+00  2.221520e-01       521   1
        32   1.000000e+01  6.561000e+00  2.346468e-01       550   1
        33   1.200000e+01  6.561000e+00  2.488759e-01       583   1
        34   2.000000e+00  6.561000e+00  2.551489e-01       596   1
        35   1.800000e+01  6.561000e+00  2.745199e-01       641   1
        36   0.000000e+00  6.561000e+00  2.783618e-01       648   1
-------------------------------------------------------------------
status         : bound_stalling
total time (s) : 2.783618e-01
total solves   : 648
best bound     :  6.561000e+00
simulation ci  :  4.027778e+00 ± 1.919902e+00
numeric issues : 0
-------------------------------------------------------------------

-------------------------------------------------------------------
         SDDP.jl (c) Oscar Dowson and contributors, 2017-23
-------------------------------------------------------------------
problem
  nodes           : 3
  state variables : 1
  scenarios       : 1.72800e+03
  existing cuts   : false
options
  solver          : serial mode
  risk measure    : SDDP.Expectation()
  sampling scheme : SDDP.InSampleMonteCarlo
subproblem structure
  VariableRef                             : [8, 8]
  VariableRef in MOI.LessThan{Float64}    : [2, 3]
  AffExpr in MOI.GreaterThan{Float64}     : [2, 2]
  AffExpr in MOI.EqualTo{Float64}         : [2, 4]
  VariableRef in MOI.GreaterThan{Float64} : [6, 6]
-------------------------------------------------------------------
 iteration    simulation      bound        time (s)     solves  pid
-------------------------------------------------------------------
         1   1.460938e+04  4.653846e+03  2.321005e-02        39   1
         2   1.152043e+04  4.711538e+03  2.777004e-02        78   1
         3   9.339270e+03  4.816952e+03  3.201008e-02       117   1
         4   7.875000e+03  4.924610e+03  3.519511e-02       156   1
         5   2.707571e+03  4.962384e+03  3.826118e-02       195   1
         6   1.284821e+04  4.962384e+03  4.154706e-02       234   1
         7   1.134375e+04  5.006455e+03  4.513717e-02       273   1
         8   2.531250e+03  5.006455e+03  4.873013e-02       312   1
         9   4.101562e+03  5.006455e+03  5.218005e-02       351   1
        10   8.593750e+03  5.006455e+03  5.603218e-02       390   1
-------------------------------------------------------------------
status         : iteration_limit
total time (s) : 5.603218e-02
total solves   : 390
best bound     :  5.006455e+03
simulation ci  :  8.547018e+03 ± 2.638104e+03
numeric issues : 0
-------------------------------------------------------------------

-------------------------------------------------------------------
         SDDP.jl (c) Oscar Dowson and contributors, 2017-23
-------------------------------------------------------------------
problem
  nodes           : 3
  state variables : 1
  scenarios       : 1.72800e+03
  existing cuts   : false
options
  solver          : serial mode
  risk measure    : SDDP.Expectation()
  sampling scheme : SDDP.InSampleMonteCarlo
subproblem structure
  VariableRef                             : [9, 9]
  VariableRef in MOI.LessThan{Float64}    : [3, 4]
  AffExpr in MOI.GreaterThan{Float64}     : [4, 4]
  AffExpr in MOI.EqualTo{Float64}         : [2, 10]
  VariableRef in MOI.GreaterThan{Float64} : [7, 7]
-------------------------------------------------------------------
 iteration    simulation      bound        time (s)     solves  pid
-------------------------------------------------------------------
         1   3.500000e+03  2.727273e+03  3.227210e-02        39   1
         2   1.937500e+03  3.486728e+03  3.564405e-02        78   1
         3   1.437500e+03  3.463385e+03  3.909206e-02       117   1
         4   6.812500e+03  4.508795e+03  4.271603e-02       156   1
         5   2.750000e+03  4.508795e+03  4.606700e-02       195   1
         6   9.409121e+03  4.611729e+03  5.071616e-02       234   1
         7   2.187500e+03  4.611729e+03  5.482316e-02       273   1
         8   7.407187e+03  4.805611e+03  5.956721e-02       312   1
         9   9.750000e+03  4.805611e+03  6.339216e-02       351   1
        10   1.750000e+03  4.805611e+03  6.728721e-02       390   1
-------------------------------------------------------------------
status         : iteration_limit
total time (s) : 6.728721e-02
total solves   : 390
best bound     :  4.805611e+03
simulation ci  :  4.694131e+03 ± 2.045283e+03
numeric issues : 0
-------------------------------------------------------------------

-------------------------------------------------------------------
         SDDP.jl (c) Oscar Dowson and contributors, 2017-23
-------------------------------------------------------------------
problem
  nodes           : 3
  state variables : 1
  scenarios       : 2.70000e+01
  existing cuts   : false
options
  solver          : serial mode
  risk measure    : SDDP.Expectation()
  sampling scheme : SDDP.InSampleMonteCarlo
subproblem structure
  VariableRef                             : [7, 7]
  VariableRef in MOI.LessThan{Float64}    : [1, 2]
  VariableRef in MOI.GreaterThan{Float64} : [5, 5]
  AffExpr in MOI.EqualTo{Float64}         : [2, 2]
numerical stability report
  matrix range     [1e+00, 1e+00]
  objective range  [1e+00, 2e+02]
  bounds range     [2e+02, 2e+02]
  rhs range        [2e+02, 2e+02]
-------------------------------------------------------------------
 iteration    simulation      bound        time (s)     solves  pid
-------------------------------------------------------------------
         1   3.000000e+04  5.735677e+03  3.332853e-03        12   1
         2   1.174129e+04  1.050595e+04  4.888058e-03        24   1
         3   1.875000e+03  1.050595e+04  6.144047e-03        36   1
         4   1.125000e+04  1.062500e+04  7.676840e-03        48   1
         5   2.250000e+04  1.062500e+04  9.368896e-03        60   1
         6   1.875000e+03  1.062500e+04  1.095605e-02        72   1
         7   1.625000e+04  1.062500e+04  1.268196e-02        84   1
         8   1.875000e+03  1.062500e+04  1.440787e-02        96   1
         9   2.750000e+04  1.062500e+04  1.609087e-02       108   1
        10   5.000000e+03  1.062500e+04  1.767492e-02       120   1
-------------------------------------------------------------------
status         : iteration_limit
total time (s) : 1.767492e-02
total solves   : 120
best bound     :  1.062500e+04
simulation ci  :  1.298663e+04 ± 6.662733e+03
numeric issues : 0
-------------------------------------------------------------------

-------------------------------------------------------------------
         SDDP.jl (c) Oscar Dowson and contributors, 2017-23
-------------------------------------------------------------------
problem
  nodes           : 5
  state variables : 1
  scenarios       : 1.08000e+02
  existing cuts   : false
options
  solver          : serial mode
  risk measure    : SDDP.Expectation()
  sampling scheme : SDDP.InSampleMonteCarlo
subproblem structure
  VariableRef                             : [7, 7]
  VariableRef in MOI.LessThan{Float64}    : [1, 2]
  VariableRef in MOI.GreaterThan{Float64} : [5, 5]
  AffExpr in MOI.EqualTo{Float64}         : [2, 2]
-------------------------------------------------------------------
 iteration    simulation      bound        time (s)     solves  pid
-------------------------------------------------------------------
         1   3.750000e+04  1.991887e+03  1.534700e-02        18   1
         2   1.652040e+04  7.701344e+03  1.743507e-02        36   1
         3   1.250000e+04  8.072917e+03  1.994705e-02        54   1
         4   1.875000e+04  8.072917e+03  2.235103e-02        72   1
         5   1.875000e+03  8.072917e+03  2.485299e-02        90   1
         6   9.375000e+03  8.072917e+03  2.754617e-02       108   1
         7   5.000000e+03  8.072917e+03  3.005004e-02       126   1
         8   1.625000e+04  8.072917e+03  3.263211e-02       144   1
         9   1.875000e+03  8.072917e+03  3.467107e-02       162   1
        10   1.125000e+04  8.072917e+03  3.697109e-02       180   1
        11   9.375000e+03  8.072917e+03  3.970504e-02       198   1
        12   1.875000e+03  8.072917e+03  4.237199e-02       216   1
        13   1.125000e+04  8.072917e+03  4.512310e-02       234   1
        14   2.437500e+04  8.072917e+03  4.775000e-02       252   1
        15   5.000000e+03  8.072917e+03  5.032897e-02       270   1
        16   5.000000e+03  8.072917e+03  5.279398e-02       288   1
        17   1.125000e+04  8.072917e+03  5.565596e-02       306   1
        18   5.000000e+03  8.072917e+03  5.832100e-02       324   1
        19   5.000000e+03  8.072917e+03  6.115699e-02       342   1
        20   5.000000e+03  8.072917e+03  6.411099e-02       360   1
-------------------------------------------------------------------
status         : iteration_limit
total time (s) : 6.411099e-02
total solves   : 360
best bound     :  8.072917e+03
simulation ci  :  1.070102e+04 ± 3.856257e+03
numeric issues : 0
-------------------------------------------------------------------

-------------------------------------------------------------------
         SDDP.jl (c) Oscar Dowson and contributors, 2017-23
-------------------------------------------------------------------
problem
  nodes           : 3
  state variables : 1
  scenarios       : 1.00000e+00
  existing cuts   : false
options
  solver          : serial mode
  risk measure    : SDDP.Expectation()
  sampling scheme : SDDP.InSampleMonteCarlo
subproblem structure
  VariableRef                             : [5, 5]
  VariableRef in MOI.LessThan{Float64}    : [1, 1]
  VariableRef in MOI.GreaterThan{Float64} : [4, 4]
  AffExpr in MOI.EqualTo{Float64}         : [2, 2]
-------------------------------------------------------------------
 iteration    simulation      bound        time (s)     solves  pid
-------------------------------------------------------------------
         1   6.500000e+00  3.000000e+00  2.943039e-03         6   1
         2   3.500000e+00  3.500000e+00  4.003048e-03        12   1
         3   3.500000e+00  3.500000e+00  5.048037e-03        18   1
         4   3.500000e+00  3.500000e+00  6.061077e-03        24   1
         5   3.500000e+00  3.500000e+00  7.044077e-03        30   1
-------------------------------------------------------------------
status         : iteration_limit
total time (s) : 7.044077e-03
total solves   : 30
best bound     :  3.500000e+00
simulation ci  :  4.100000e+00 ± 1.176000e+00
numeric issues : 0
-------------------------------------------------------------------

-------------------------------------------------------------------
         SDDP.jl (c) Oscar Dowson and contributors, 2017-23
-------------------------------------------------------------------
problem
  nodes           : 3
  state variables : 1
  scenarios       : 1.00000e+00
  existing cuts   : false
options
  solver          : serial mode
  risk measure    : SDDP.Expectation()
  sampling scheme : SDDP.InSampleMonteCarlo
subproblem structure
  VariableRef                             : [5, 5]
  VariableRef in MOI.LessThan{Float64}    : [1, 1]
  VariableRef in MOI.GreaterThan{Float64} : [4, 4]
  AffExpr in MOI.EqualTo{Float64}         : [2, 2]
-------------------------------------------------------------------
 iteration    simulation      bound        time (s)     solves  pid
-------------------------------------------------------------------
         1   6.500000e+00  1.100000e+01  2.742767e-03         6   1
         2   5.500000e+00  1.100000e+01  3.427982e-03        12   1
         3   5.500000e+00  1.100000e+01  4.280806e-03        18   1
         4   5.500000e+00  1.100000e+01  5.178928e-03        24   1
         5   5.500000e+00  1.100000e+01  6.054878e-03        30   1
-------------------------------------------------------------------
status         : iteration_limit
total time (s) : 6.054878e-03
total solves   : 30
best bound     :  1.100000e+01
simulation ci  :  5.700000e+00 ± 3.920000e-01
numeric issues : 0
-------------------------------------------------------------------

