--------------------------------------------------------------------------------
                      SDDP.jl (c) Oscar Dowson, 2017-20

Numerical stability report
  Non-zero Matrix range     [1e+00, 1e+00]
  Non-zero Objective range  [1e+00, 3e+00]
  Non-zero Bounds range     [5e+00, 2e+01]
  Non-zero RHS range        [3e+00, 1e+01]
No problems detected

Solver: serial mode

 Iteration    Simulation       Bound         Time (s)    Proc. ID   # Solves
        1    2.055000e+02   6.988915e+01   2.728982e-01          1        219
        2    6.492624e+02   1.537364e+02   3.088570e-01          1        834
        3    7.900000e+01   1.594206e+02   3.117390e-01          1        909
        4    4.150258e+01   1.634749e+02   3.136821e-01          1        960
        5    3.070078e+02   1.826148e+02   3.297191e-01          1       1359
        6    4.080000e+02   1.971687e+02   3.471200e-01          1       1746
        7    6.921455e+01   1.993672e+02   3.512540e-01          1       1833
        8    2.805812e+02   2.067867e+02   3.652802e-01          1       2124
        9    1.018371e+02   2.092635e+02   3.697741e-01          1       2211
       10    1.416683e+02   2.116387e+02   3.791411e-01          1       2394
       11    1.046224e+02   2.140504e+02   3.848932e-01          1       2505
       12    2.068328e+02   2.166419e+02   3.986561e-01          1       2760
       13    1.501361e+02   2.186811e+02   4.080012e-01          1       2931
       14    2.434810e+02   2.209715e+02   4.207201e-01          1       3162
       15    1.294440e+02   2.225294e+02   4.284620e-01          1       3297
       16    2.211480e+02   2.236013e+02   4.369452e-01          1       3444
       17    6.771598e+01   2.242314e+02   4.399590e-01          1       3495
       18    2.589796e+02   2.257163e+02   4.732811e-01          1       3822
       19    4.321188e+01   2.261678e+02   4.778690e-01          1       3897
       20    9.319371e+01   2.266813e+02   4.831212e-01          1       3984
       21    6.728863e+02   2.298236e+02   5.267401e-01          1       4683
       22    3.257502e+01   2.298739e+02   5.291152e-01          1       4722
       23    2.038746e+02   2.303112e+02   5.401702e-01          1       4893
       24    1.140944e+02   2.307990e+02   5.460181e-01          1       4980
       25    2.043516e+02   2.312541e+02   5.576031e-01          1       5151
       26    3.888870e+01   2.315152e+02   5.602071e-01          1       5190
       27    2.137951e+02   2.317968e+02   5.734272e-01          1       5385
       28    3.261353e+02   2.324348e+02   5.916731e-01          1       5640
       29    2.533798e+01   2.325162e+02   5.951490e-01          1       5691
       30    1.036959e+02   2.325812e+02   6.037850e-01          1       5814
       31    4.559412e+02   2.335984e+02   6.393452e-01          1       6297
       32    1.554778e+02   2.337438e+02   6.483901e-01          1       6420
       33    4.084872e+01   2.337438e+02   6.540930e-01          1       6495
       34    9.761751e+01   2.341682e+02   6.849961e-01          1       6726
       35    8.349697e+01   2.343114e+02   7.002652e-01          1       6921
       36    3.781207e+01   2.343417e+02   7.033350e-01          1       6960
       37    4.133026e+02   2.347468e+02   7.366202e-01          1       7371
       38    7.791393e+01   2.347824e+02   7.435150e-01          1       7458
       39    3.925042e+02   2.349701e+02   7.796230e-01          1       7881
       40    5.730128e+02   2.353961e+02   8.348341e-01          1       8532
       41    5.070719e+01   2.354097e+02   8.421810e-01          1       8619
       42    2.850026e+01   2.354164e+02   8.455091e-01          1       8658
       43    6.981457e+01   2.354644e+02   8.541331e-01          1       8757
       44    2.001990e+02   2.355466e+02   8.754470e-01          1       9000
       45    5.362268e+01   2.355779e+02   8.788071e-01          1       9039
       46    4.277480e+02   2.356218e+02   9.168382e-01          1       9462
       47    1.778428e+02   2.356844e+02   9.645832e-01          1       9669
       48    2.591969e+02   2.357571e+02   9.851670e-01          1       9888
       49    1.241150e+02   2.357918e+02   9.986041e-01          1      10035
       50    3.373112e+02   2.358656e+02   1.028166e+00          1      10350
       51    1.645028e+02   2.359099e+02   1.046862e+00          1      10545
       52    3.004696e+02   2.359718e+02   1.081651e+00          1      10896
       53    3.841883e+01   2.359718e+02   1.087911e+00          1      10959
       54    3.486213e+02   2.360070e+02   1.121745e+00          1      11298
       55    2.590397e+02   2.360619e+02   1.151447e+00          1      11577
       56    2.982317e+01   2.360619e+02   1.154107e+00          1      11604
       57    4.548948e+01   2.360786e+02   1.158096e+00          1      11643
       58    4.372926e+02   2.361013e+02   1.208883e+00          1      12126
       59    8.162576e+01   2.361183e+02   1.215858e+00          1      12189
       60    2.324502e+01   2.361202e+02   1.221312e+00          1      12240
       61    1.936085e+02   2.361304e+02   1.242636e+00          1      12435
       62    7.131849e+01   2.361532e+02   1.255812e+00          1      12558
       63    1.469197e+02   2.361643e+02   1.424477e+00          1      12741
       64    1.925802e+02   2.361835e+02   1.443325e+00          1      12912
       65    3.047923e+02   2.361891e+02   1.473561e+00          1      13191
       66    4.205714e+01   2.361984e+02   1.477666e+00          1      13230
       67    4.404331e+02   2.362101e+02   1.522378e+00          1      13629
       68    1.160321e+02   2.362249e+02   1.531966e+00          1      13716
       69    5.751283e+01   2.362274e+02   1.537483e+00          1      13767
       70    4.324320e+02   2.362501e+02   1.575064e+00          1      14106
       71    1.389618e+02   2.362600e+02   1.601673e+00          1      14337
       72    4.571434e+02   2.362857e+02   1.669814e+00          1      14916
       73    1.289043e+02   2.362896e+02   1.685999e+00          1      15051
       74    3.435127e+02   2.363088e+02   1.727057e+00          1      15390
       75    2.810908e+02   2.363134e+02   1.772152e+00          1      15669
       76    1.000000e+01   2.363137e+02   1.775265e+00          1      15696
       77    1.443460e+01   2.363168e+02   1.778493e+00          1      15723
       78    7.548554e+01   2.363229e+02   1.792193e+00          1      15834
       79    8.792801e+01   2.363233e+02   1.798299e+00          1      15885
       80    1.940068e+02   2.363306e+02   1.826374e+00          1      16116
       81    1.555010e+02   2.363339e+02   1.841672e+00          1      16239
       82    8.338693e+02   2.363470e+02   1.957601e+00          1      17154
       83    1.439852e+02   2.363561e+02   1.981171e+00          1      17337
       84    3.849619e+02   2.363604e+02   2.018520e+00          1      17628
       85    5.351251e+01   2.363650e+02   2.031632e+00          1      17727
       86    3.080739e+02   2.363685e+02   2.072717e+00          1      18042
       87    7.120821e+02   2.363832e+02   2.173538e+00          1      18717
       88    2.523769e+02   2.363863e+02   2.215362e+00          1      19020
       89    3.795214e+02   2.363948e+02   2.272381e+00          1      19431
       90    1.386550e+02   2.363964e+02   2.293968e+00          1      19590
       91    1.945166e+02   2.364014e+02   2.332570e+00          1      19869
       92    3.345896e+01   2.364016e+02   2.342548e+00          1      19944
       93    1.795098e+02   2.364039e+02   2.361422e+00          1      20079
       94    3.180229e+02   2.364049e+02   2.398931e+00          1      20346
       95    3.600824e+01   2.364058e+02   2.402533e+00          1      20373
       96    6.150020e+01   2.364070e+02   2.409648e+00          1      20424
       97    1.925011e+02   2.364090e+02   2.446238e+00          1      20679
       98    3.650137e+01   2.364094e+02   2.455187e+00          1      20742
       99    2.095078e+02   2.364105e+02   2.487173e+00          1      20961
      100    3.160187e+02   2.364141e+02   2.540392e+00          1      21312

Terminating training with status: iteration_limit
------------------------------------------------------------------------------
--------------------------------------------------------------------------------
                      SDDP.jl (c) Oscar Dowson, 2017-20

Numerical stability report
  Non-zero Matrix range     [1e+00, 2e+01]
  Non-zero Objective range  [1e+00, 1e+03]
  Non-zero Bounds range     [6e+03, Inf]
  Non-zero RHS range        [2e+02, 5e+02]
WARNING: numerical stability issues detected
  - Bounds range contains large coefficients
Very large or small absolute values of coefficients
can cause numerical stability issues. Consider
reformulating the model.

Solver: serial mode

 Iteration    Simulation       Bound         Time (s)    Proc. ID   # Solves
        1   -9.800000e+04   1.320000e+05   1.461029e-03          1          6
        2    2.800000e+04   1.290000e+05   1.834869e-03          1         12
        3    4.840000e+04   1.268139e+05   2.186060e-03          1         18
        4    8.163785e+04   1.219636e+05   2.511024e-03          1         24
        5    1.098545e+05   1.121210e+05   2.850056e-03          1         30
        6    5.072028e+04   1.104195e+05   3.196001e-03          1         36
        7    4.784940e+04   1.095042e+05   3.576040e-03          1         42
        8    5.125161e+04   1.088611e+05   3.937960e-03          1         48
        9    4.956667e+04   1.088021e+05   4.297972e-03          1         54
       10    1.655812e+05   1.084962e+05   4.721880e-03          1         60
       11    4.823846e+04   1.083900e+05   5.159855e-03          1         66
       12    1.670000e+05   1.083900e+05   5.527020e-03          1         72
       13    4.882000e+04   1.083900e+05   5.858898e-03          1         78
       14    4.882000e+04   1.083900e+05   6.180048e-03          1         84
       15    4.882000e+04   1.083900e+05   6.497860e-03          1         90
       16    1.670000e+05   1.083900e+05   6.814957e-03          1         96
       17    1.093500e+05   1.083900e+05   7.132053e-03          1        102
       18    1.670000e+05   1.083900e+05   7.452965e-03          1        108
       19    1.670000e+05   1.083900e+05   7.798910e-03          1        114
       20    4.882000e+04   1.083900e+05   8.120060e-03          1        120

Terminating training with status: iteration_limit
------------------------------------------------------------------------------
