-------------------------------------------------------------------
         SDDP.jl (c) Oscar Dowson and contributors, 2017-25
-------------------------------------------------------------------
problem
  nodes           : 2
  state variables : 1
  scenarios       : 2.00000e+00
  existing cuts   : false
options
  solver          : serial mode
  risk measure    : SDDP.Expectation()
  sampling scheme : SDDP.InSampleMonteCarlo
subproblem structure
  VariableRef                             : [6, 6]
  AffExpr in MOI.GreaterThan{Float64}     : [1, 1]
  AffExpr in MOI.LessThan{Float64}        : [1, 1]
  VariableRef in MOI.EqualTo{Float64}     : [1, 1]
  VariableRef in MOI.GreaterThan{Float64} : [3, 4]
  VariableRef in MOI.LessThan{Float64}    : [2, 2]
numerical stability report
  matrix range     [1e+00, 1e+00]
  objective range  [1e+00, 5e+00]
  bounds range     [8e+00, 8e+00]
  rhs range        [6e+00, 6e+00]
-------------------------------------------------------------------
 iteration    simulation      bound        time (s)     solves  pid
-------------------------------------------------------------------
         1   0.000000e+00 -1.000000e+01  3.095150e-03         5   1
        20   0.000000e+00 -1.000000e+01  1.308107e-02       104   1
-------------------------------------------------------------------
status         : simulation_stopping
total time (s) : 1.308107e-02
total solves   : 104
best bound     : -1.000000e+01
simulation ci  : -9.000000e+00 ± 4.474009e+00
numeric issues : 0
-------------------------------------------------------------------

-------------------------------------------------------------------
         SDDP.jl (c) Oscar Dowson and contributors, 2017-25
-------------------------------------------------------------------
problem
  nodes           : 3
  state variables : 2
  scenarios       : 4.00000e+00
  existing cuts   : false
options
  solver          : serial mode
  risk measure    : SDDP.Expectation()
  sampling scheme : SDDP.InSampleMonteCarlo
subproblem structure
  VariableRef                             : [8, 8]
  AffExpr in MOI.LessThan{Float64}        : [3, 3]
  VariableRef in MOI.EqualTo{Float64}     : [1, 1]
  VariableRef in MOI.GreaterThan{Float64} : [5, 5]
  VariableRef in MOI.LessThan{Float64}    : [1, 1]
numerical stability report
  matrix range     [1e+00, 1e+00]
  objective range  [2e-01, 3e+00]
  bounds range     [5e+01, 5e+01]
  rhs range        [0e+00, 0e+00]
-------------------------------------------------------------------
 iteration    simulation      bound        time (s)     solves  pid
-------------------------------------------------------------------
         5  -2.396000e+01 -2.396000e+01  7.591963e-03        52   1
        10  -4.260000e+01 -2.396000e+01  1.082301e-02        92   1
        15  -4.260000e+01 -2.396000e+01  1.416993e-02       132   1
        20  -4.260000e+01 -2.396000e+01  1.774597e-02       172   1
        25  -2.396000e+01 -2.396000e+01  2.243590e-02       224   1
        30  -4.260000e+01 -2.396000e+01  2.653694e-02       264   1
        35  -2.396000e+01 -2.396000e+01  3.089094e-02       304   1
        40  -2.396000e+01 -2.396000e+01  3.551602e-02       344   1
-------------------------------------------------------------------
status         : simulation_stopping
total time (s) : 3.551602e-02
total solves   : 344
best bound     : -2.396000e+01
simulation ci  : -2.660914e+01 ± 3.908038e+00
numeric issues : 0
-------------------------------------------------------------------

────────────────────────────────────────────────────────────────────
                           Time                    Allocations      
                  ───────────────────────   ────────────────────────
Tot / % measured:     39.0ms /   0.0%           23.4MiB /   0.0%    

Section   ncalls     time    %tot     avg     alloc    %tot      avg
────────────────────────────────────────────────────────────────────
────────────────────────────────────────────────────────────────────

-------------------------------------------------------------------
         SDDP.jl (c) Oscar Dowson and contributors, 2017-25
-------------------------------------------------------------------
problem
  nodes           : 3
  state variables : 2
  scenarios       : 4.00000e+00
  existing cuts   : false
options
  solver          : serial mode
  risk measure    : SDDP.Expectation()
  sampling scheme : SDDP.InSampleMonteCarlo
subproblem structure
  VariableRef                             : [8, 8]
  AffExpr in MOI.LessThan{Float64}        : [3, 3]
  VariableRef in MOI.EqualTo{Float64}     : [1, 1]
  VariableRef in MOI.GreaterThan{Float64} : [5, 5]
  VariableRef in MOI.LessThan{Float64}    : [1, 1]
numerical stability report
  matrix range     [1e+00, 1e+00]
  objective range  [2e-01, 3e+00]
  bounds range     [5e+01, 5e+01]
  rhs range        [0e+00, 0e+00]
-------------------------------------------------------------------
 iteration    simulation      bound        time (s)     solves  pid
-------------------------------------------------------------------
         5  -5.320000e+00 -2.396000e+01  6.932974e-03        52   1
        10  -5.320000e+00 -2.396000e+01  1.049805e-02        92   1
        15  -2.396000e+01 -2.396000e+01  1.449800e-02       132   1
        20  -5.320000e+00 -2.396000e+01  1.896191e-02       172   1
        25  -4.260000e+01 -2.396000e+01  2.479386e-02       224   1
        30  -2.396000e+01 -2.396000e+01  3.031397e-02       264   1
        35  -2.396000e+01 -2.396000e+01  3.638887e-02       304   1
        40  -2.396000e+01 -2.396000e+01  4.319191e-02       344   1
-------------------------------------------------------------------
status         : simulation_stopping
total time (s) : 4.319191e-02
total solves   : 344
best bound     : -2.396000e+01
simulation ci  : -1.957570e+01 ± 3.890802e+00
numeric issues : 0
-------------------------------------------------------------------

────────────────────────────────────────────────────────────────────
                           Time                    Allocations      
                  ───────────────────────   ────────────────────────
Tot / % measured:     46.5ms /   0.0%           29.6MiB /   0.0%    

Section   ncalls     time    %tot     avg     alloc    %tot      avg
────────────────────────────────────────────────────────────────────
────────────────────────────────────────────────────────────────────

-------------------------------------------------------------------
         SDDP.jl (c) Oscar Dowson and contributors, 2017-25
-------------------------------------------------------------------
problem
  nodes           : 2
  state variables : 1
  scenarios       : 2.00000e+00
  existing cuts   : false
options
  solver          : serial mode
  risk measure    : SDDP.Expectation()
  sampling scheme : SDDP.InSampleMonteCarlo
subproblem structure
  VariableRef                             : [3, 4]
  AffExpr in MOI.LessThan{Float64}        : [1, 1]
  VariableRef in MOI.GreaterThan{Float64} : [2, 3]
  VariableRef in MOI.LessThan{Float64}    : [2, 2]
numerical stability report
  matrix range     [1e+00, 1e+00]
  objective range  [1e+00, 2e+00]
  bounds range     [2e+00, 5e+00]
  rhs range        [0e+00, 0e+00]
-------------------------------------------------------------------
 iteration    simulation      bound        time (s)     solves  pid
-------------------------------------------------------------------
         1   0.000000e+00 -2.500000e+00  2.235174e-03         5   1
         2  -1.500000e+00 -2.000000e+00  3.168106e-03        14   1
         3  -1.000000e+00 -2.000000e+00  3.658056e-03        19   1
         4  -1.000000e+00 -2.000000e+00  4.033089e-03        24   1
         5  -1.000000e+00 -2.000000e+00  4.431009e-03        29   1
         6  -1.000000e+00 -2.000000e+00  4.798174e-03        34   1
         7  -3.000000e+00 -2.000000e+00  5.167007e-03        39   1
         8  -1.000000e+00 -2.000000e+00  5.594015e-03        44   1
         9  -3.000000e+00 -2.000000e+00  5.998135e-03        49   1
        10  -3.000000e+00 -2.000000e+00  6.429195e-03        54   1
        11  -1.000000e+00 -2.000000e+00  6.819010e-03        59   1
        12  -3.000000e+00 -2.000000e+00  7.206202e-03        64   1
        13  -3.000000e+00 -2.000000e+00  7.620096e-03        69   1
        14  -1.000000e+00 -2.000000e+00  8.018970e-03        74   1
        15  -1.000000e+00 -2.000000e+00  8.443117e-03        79   1
        16  -1.000000e+00 -2.000000e+00  8.851051e-03        84   1
        17  -1.000000e+00 -2.000000e+00  9.250164e-03        89   1
        18  -3.000000e+00 -2.000000e+00  9.690046e-03        94   1
        19  -1.000000e+00 -2.000000e+00  1.010799e-02        99   1
        20  -1.000000e+00 -2.000000e+00  1.055217e-02       104   1
        21  -1.000000e+00 -2.000000e+00  1.128411e-02       113   1
        22  -3.000000e+00 -2.000000e+00  1.173401e-02       118   1
        23  -3.000000e+00 -2.000000e+00  1.218009e-02       123   1
        24  -1.000000e+00 -2.000000e+00  1.264405e-02       128   1
        25  -1.000000e+00 -2.000000e+00  1.308298e-02       133   1
        26  -1.000000e+00 -2.000000e+00  1.355314e-02       138   1
        27  -3.000000e+00 -2.000000e+00  1.401019e-02       143   1
        28  -1.000000e+00 -2.000000e+00  1.448298e-02       148   1
        29  -3.000000e+00 -2.000000e+00  1.494813e-02       153   1
        30  -3.000000e+00 -2.000000e+00  1.542902e-02       158   1
        31  -3.000000e+00 -2.000000e+00  1.591301e-02       163   1
        32  -1.000000e+00 -2.000000e+00  1.644015e-02       168   1
        33  -3.000000e+00 -2.000000e+00  1.694012e-02       173   1
        34  -3.000000e+00 -2.000000e+00  1.746416e-02       178   1
        35  -3.000000e+00 -2.000000e+00  1.796412e-02       183   1
        36  -3.000000e+00 -2.000000e+00  1.850200e-02       188   1
        37  -3.000000e+00 -2.000000e+00  1.901603e-02       193   1
        38  -3.000000e+00 -2.000000e+00  1.954699e-02       198   1
        39  -1.000000e+00 -2.000000e+00  2.006602e-02       203   1
        40  -3.000000e+00 -2.000000e+00  2.062011e-02       208   1
-------------------------------------------------------------------
status         : simulation_stopping
total time (s) : 2.062011e-02
total solves   : 208
best bound     : -2.000000e+00
simulation ci  : -1.937500e+00 ± 3.219605e-01
numeric issues : 0
-------------------------------------------------------------------

-------------------------------------------------------------------
         SDDP.jl (c) Oscar Dowson and contributors, 2017-25
-------------------------------------------------------------------
problem
  nodes           : 3
  state variables : 1
  scenarios       : Inf
  existing cuts   : false
options
  solver          : serial mode
  risk measure    : SDDP.Expectation()
  sampling scheme : SDDP.InSampleMonteCarlo
subproblem structure
  VariableRef                             : [6, 6]
  AffExpr in MOI.EqualTo{Float64}         : [2, 2]
  VariableRef in MOI.GreaterThan{Float64} : [5, 5]
  VariableRef in MOI.LessThan{Float64}    : [1, 1]
numerical stability report
  matrix range     [1e+00, 1e+00]
  objective range  [1e+00, 3e+00]
  bounds range     [5e+00, 2e+01]
  rhs range        [2e+00, 1e+01]
-------------------------------------------------------------------
 iteration    simulation      bound        time (s)     solves  pid
-------------------------------------------------------------------
         1   2.390000e+02  6.216295e+01  1.040330e-01       183   1
        33   9.531154e+02  2.351331e+02  1.126599e+00      8715   1
        60   4.429060e+02  2.363260e+02  2.204815e+00     16008   1
        76   8.681199e+02  2.364167e+02  3.245571e+00     22092   1
       100   1.164997e+02  2.364302e+02  4.093257e+00     26640   1
-------------------------------------------------------------------
status         : iteration_limit
total time (s) : 4.093257e+00
total solves   : 26640
best bound     :  2.364302e+02
simulation ci  :  2.593751e+02 ± 5.185751e+01
numeric issues : 0
-------------------------------------------------------------------

-------------------------------------------------------------------
         SDDP.jl (c) Oscar Dowson and contributors, 2017-25
-------------------------------------------------------------------
problem
  nodes           : 5
  state variables : 3
  scenarios       : 1.43489e+07
  existing cuts   : false
options
  solver          : serial mode
  risk measure    : SDDP.Expectation()
  sampling scheme : SDDP.InSampleMonteCarlo
subproblem structure
  VariableRef                             : [13, 13]
  AffExpr in MOI.EqualTo{Float64}         : [3, 3]
  AffExpr in MOI.LessThan{Float64}        : [1, 1]
  VariableRef in MOI.EqualTo{Float64}     : [3, 3]
  VariableRef in MOI.GreaterThan{Float64} : [7, 7]
  VariableRef in MOI.LessThan{Float64}    : [6, 7]
numerical stability report
  matrix range     [1e+00, 1e+00]
  objective range  [3e-01, 2e+00]
  bounds range     [5e-01, 5e+00]
  rhs range        [2e+00, 2e+00]
-------------------------------------------------------------------
 iteration    simulation      bound        time (s)     solves  pid
-------------------------------------------------------------------
        10  -3.878303e+00 -4.434982e+00  1.979990e-01      1400   1
        20  -4.235800e+00 -4.403620e+00  3.153720e-01      2800   1
        30  -3.115997e+00 -4.381585e+00  4.394019e-01      4200   1
        40  -3.761147e+00 -4.369123e+00  5.727930e-01      5600   1
        50  -4.230230e+00 -4.363943e+00  7.107999e-01      7000   1
        60  -3.653084e+00 -4.360307e+00  8.495209e-01      8400   1
        70  -4.031867e+00 -4.357925e+00  9.922118e-01      9800   1
        80  -4.295091e+00 -4.355584e+00  1.140445e+00     11200   1
        90  -4.509140e+00 -4.354336e+00  1.294262e+00     12600   1
       100  -4.178952e+00 -4.352075e+00  1.444082e+00     14000   1
-------------------------------------------------------------------
status         : iteration_limit
total time (s) : 1.444082e+00
total solves   : 14000
best bound     : -4.352075e+00
simulation ci  : -4.250177e+00 ± 8.656179e-02
numeric issues : 0
-------------------------------------------------------------------

-------------------------------------------------------------------
         SDDP.jl (c) Oscar Dowson and contributors, 2017-25
-------------------------------------------------------------------
problem
  nodes           : 5
  state variables : 1
  scenarios       : 1.00000e+05
  existing cuts   : false
options
  solver          : serial mode
  risk measure    : SDDP.Expectation()
  sampling scheme : SDDP.InSampleMonteCarlo
subproblem structure
  VariableRef                             : [5, 5]
  AffExpr in MOI.EqualTo{Float64}         : [1, 1]
  VariableRef in MOI.EqualTo{Float64}     : [1, 1]
  VariableRef in MOI.GreaterThan{Float64} : [3, 3]
  VariableRef in MOI.LessThan{Float64}    : [2, 3]
numerical stability report
  matrix range     [1e+00, 1e+00]
  objective range  [3e-01, 2e+00]
  bounds range     [5e-01, 2e+00]
  rhs range        [0e+00, 0e+00]
-------------------------------------------------------------------
 iteration    simulation      bound        time (s)     solves  pid
-------------------------------------------------------------------
        10  -1.573154e+00 -1.474247e+00  6.699204e-02      1050   1
        20  -1.346690e+00 -1.471483e+00  1.033261e-01      1600   1
        30  -1.308031e+00 -1.471307e+00  1.843400e-01      2650   1
        40  -1.401200e+00 -1.471167e+00  2.232931e-01      3200   1
        50  -1.557483e+00 -1.471097e+00  3.069911e-01      4250   1
        60  -1.534169e+00 -1.471075e+00  3.477101e-01      4800   1
        65  -1.689864e+00 -1.471075e+00  3.688750e-01      5075   1
-------------------------------------------------------------------
status         : simulation_stopping
total time (s) : 3.688750e-01
total solves   : 5075
best bound     : -1.471075e+00
simulation ci  : -1.484084e+00 ± 4.058719e-02
numeric issues : 0
-------------------------------------------------------------------

-------------------------------------------------------------------
         SDDP.jl (c) Oscar Dowson and contributors, 2017-25
-------------------------------------------------------------------
problem
  nodes           : 2
  state variables : 4
  scenarios       : 2.00000e+00
  existing cuts   : false
options
  solver          : serial mode
  risk measure    : SDDP.Expectation()
  sampling scheme : SDDP.InSampleMonteCarlo
subproblem structure
  VariableRef                             : [29, 29]
  AffExpr in MOI.EqualTo{Float64}         : [4, 5]
  AffExpr in MOI.GreaterThan{Float64}     : [3, 3]
  AffExpr in MOI.LessThan{Float64}        : [4, 4]
  VariableRef in MOI.EqualTo{Float64}     : [3, 3]
  VariableRef in MOI.GreaterThan{Float64} : [22, 22]
  VariableRef in MOI.LessThan{Float64}    : [1, 1]
numerical stability report
  matrix range     [1e+00, 1e+00]
  objective range  [1e+00, 1e+06]
  bounds range     [0e+00, 0e+00]
  rhs range        [0e+00, 0e+00]
-------------------------------------------------------------------
 iteration    simulation      bound        time (s)     solves  pid
-------------------------------------------------------------------
        10   3.455904e+05  3.147347e+05  9.166002e-03        54   1
        20   3.336455e+05  3.402383e+05  1.522303e-02       104   1
        30   3.337559e+05  3.403155e+05  2.014017e-02       158   1
        40   3.337559e+05  3.403155e+05  2.453709e-02       208   1
        47   3.337559e+05  3.403155e+05  2.797508e-02       243   1
-------------------------------------------------------------------
status         : simulation_stopping
total time (s) : 2.797508e-02
total solves   : 243
best bound     :  3.403155e+05
simulation ci  :  1.380364e+08 ± 1.823274e+08
numeric issues : 0
-------------------------------------------------------------------

-------------------------------------------------------------------
         SDDP.jl (c) Oscar Dowson and contributors, 2017-25
-------------------------------------------------------------------
problem
  nodes           : 3
  state variables : 4
  scenarios       : 4.00000e+00
  existing cuts   : false
options
  solver          : serial mode
  risk measure    : SDDP.Expectation()
  sampling scheme : SDDP.InSampleMonteCarlo
subproblem structure
  VariableRef                             : [29, 29]
  AffExpr in MOI.EqualTo{Float64}         : [4, 5]
  AffExpr in MOI.GreaterThan{Float64}     : [3, 3]
  AffExpr in MOI.LessThan{Float64}        : [4, 4]
  VariableRef in MOI.EqualTo{Float64}     : [3, 3]
  VariableRef in MOI.GreaterThan{Float64} : [22, 22]
  VariableRef in MOI.LessThan{Float64}    : [1, 1]
numerical stability report
  matrix range     [1e+00, 1e+00]
  objective range  [1e+00, 1e+05]
  bounds range     [0e+00, 0e+00]
  rhs range        [0e+00, 0e+00]
-------------------------------------------------------------------
 iteration    simulation      bound        time (s)     solves  pid
-------------------------------------------------------------------
        10   5.099074e+05  3.509666e+05  1.356506e-02        92   1
        20   4.055335e+05  4.054833e+05  2.376294e-02       172   1
        30   3.959476e+05  4.067125e+05  3.209305e-02       264   1
        40   4.497721e+05  4.067125e+05  3.957510e-02       344   1
        47   3.959476e+05  4.067125e+05  4.554105e-02       400   1
-------------------------------------------------------------------
status         : simulation_stopping
total time (s) : 4.554105e-02
total solves   : 400
best bound     :  4.067125e+05
simulation ci  :  2.748575e+07 ± 3.643795e+07
numeric issues : 0
-------------------------------------------------------------------

-------------------------------------------------------------------
         SDDP.jl (c) Oscar Dowson and contributors, 2017-25
-------------------------------------------------------------------
problem
  nodes           : 10
  state variables : 4
  scenarios       : 2.70000e+01
  existing cuts   : false
options
  solver          : serial mode
  risk measure    : SDDP.Expectation()
  sampling scheme : SDDP.InSampleMonteCarlo
subproblem structure
  VariableRef                             : [24, 24]
  AffExpr in MOI.EqualTo{Float64}         : [3, 3]
  AffExpr in MOI.GreaterThan{Float64}     : [1, 1]
  AffExpr in MOI.LessThan{Float64}        : [1, 6]
  VariableRef in MOI.GreaterThan{Float64} : [20, 20]
  VariableRef in MOI.LessThan{Float64}    : [1, 2]
numerical stability report
  matrix range     [1e+00, 8e+01]
  objective range  [1e+00, 1e+03]
  bounds range     [6e+01, 6e+01]
  rhs range        [2e+02, 3e+03]
-------------------------------------------------------------------
 iteration    simulation      bound        time (s)     solves  pid
-------------------------------------------------------------------
         1   8.316000e+03  0.000000e+00  9.529495e-02        14   1
        40   5.132230e+03  4.074139e+03  1.553180e-01       776   1
-------------------------------------------------------------------
status         : simulation_stopping
total time (s) : 1.553180e-01
total solves   : 776
best bound     :  4.074139e+03
simulation ci  :  4.614472e+03 ± 6.483882e+02
numeric issues : 0
-------------------------------------------------------------------

-------------------------------------------------------------------
         SDDP.jl (c) Oscar Dowson and contributors, 2017-25
-------------------------------------------------------------------
problem
  nodes           : 3
  state variables : 1
  scenarios       : 4.00000e+00
  existing cuts   : false
options
  solver          : serial mode
  risk measure    : SDDP.Expectation()
  sampling scheme : SDDP.InSampleMonteCarlo
subproblem structure
  VariableRef                             : [6, 6]
  AffExpr in MOI.EqualTo{Float64}         : [1, 1]
  VariableRef in MOI.EqualTo{Float64}     : [1, 1]
  VariableRef in MOI.GreaterThan{Float64} : [4, 4]
  VariableRef in MOI.Integer              : [3, 3]
  VariableRef in MOI.LessThan{Float64}    : [2, 3]
numerical stability report
  matrix range     [1e+00, 1e+00]
  objective range  [1e+00, 3e+02]
  bounds range     [1e+02, 2e+02]
  rhs range        [0e+00, 0e+00]
-------------------------------------------------------------------
 iteration    simulation      bound        time (s)     solves  pid
-------------------------------------------------------------------
         1L  1.100000e+05  6.250000e+04  5.812490e-01         8   1
        20L  9.500000e+04  6.250000e+04  6.738961e-01       172   1
-------------------------------------------------------------------
status         : simulation_stopping
total time (s) : 6.738961e-01
total solves   : 172
best bound     :  6.250000e+04
simulation ci  :  6.625000e+04 ± 8.732889e+03
numeric issues : 0
-------------------------------------------------------------------

-------------------------------------------------------------------
         SDDP.jl (c) Oscar Dowson and contributors, 2017-25
-------------------------------------------------------------------
problem
  nodes           : 3
  state variables : 1
  scenarios       : 4.00000e+00
  existing cuts   : false
options
  solver          : serial mode
  risk measure    : SDDP.Expectation()
  sampling scheme : SDDP.InSampleMonteCarlo
subproblem structure
  VariableRef                             : [6, 6]
  AffExpr in MOI.EqualTo{Float64}         : [1, 1]
  VariableRef in MOI.EqualTo{Float64}     : [1, 1]
  VariableRef in MOI.GreaterThan{Float64} : [4, 4]
  VariableRef in MOI.Integer              : [3, 3]
  VariableRef in MOI.LessThan{Float64}    : [2, 3]
numerical stability report
  matrix range     [1e+00, 1e+00]
  objective range  [1e+00, 3e+02]
  bounds range     [1e+02, 2e+02]
  rhs range        [0e+00, 0e+00]
-------------------------------------------------------------------
 iteration    simulation      bound        time (s)     solves  pid
-------------------------------------------------------------------
         1   3.000000e+04  6.250000e+04  4.621029e-03         8   1
        20   5.500000e+04  6.250000e+04  4.693604e-02       172   1
-------------------------------------------------------------------
status         : simulation_stopping
total time (s) : 4.693604e-02
total solves   : 172
best bound     :  6.250000e+04
simulation ci  :  5.975000e+04 ± 8.921853e+03
numeric issues : 0
-------------------------------------------------------------------

-------------------------------------------------------------------
         SDDP.jl (c) Oscar Dowson and contributors, 2017-25
-------------------------------------------------------------------
problem
  nodes           : 3
  state variables : 1
  scenarios       : 4.00000e+00
  existing cuts   : false
options
  solver          : serial mode
  risk measure    : SDDP.Expectation()
  sampling scheme : SDDP.InSampleMonteCarlo
subproblem structure
  VariableRef                             : [5, 5]
  AffExpr in MOI.EqualTo{Float64}         : [1, 1]
  VariableRef in MOI.GreaterThan{Float64} : [4, 4]
  VariableRef in MOI.LessThan{Float64}    : [2, 3]
numerical stability report
  matrix range     [1e+00, 1e+00]
  objective range  [1e+00, 3e+02]
  bounds range     [1e+02, 2e+02]
  rhs range        [1e+02, 3e+02]
-------------------------------------------------------------------
 iteration    simulation      bound        time (s)     solves  pid
-------------------------------------------------------------------
         1   3.000000e+04  6.250000e+04  6.860971e-03         5   1
        10   9.500000e+04  6.250000e+04  2.224207e-02        50   1
-------------------------------------------------------------------
status         : iteration_limit
total time (s) : 2.224207e-02
total solves   : 50
best bound     :  6.250000e+04
simulation ci  :  5.850000e+04 ± 1.339333e+04
numeric issues : 0
-------------------------------------------------------------------

-------------------------------------------------------------------
         SDDP.jl (c) Oscar Dowson and contributors, 2017-25
-------------------------------------------------------------------
problem
  nodes           : 3
  state variables : 2
  scenarios       : 1.00000e+00
  existing cuts   : false
options
  solver          : serial mode
  risk measure    : SDDP.Expectation()
  sampling scheme : SDDP.InSampleMonteCarlo
subproblem structure
  VariableRef                             : [6, 6]
  AffExpr in MOI.EqualTo{Float64}         : [2, 2]
  VariableRef in MOI.GreaterThan{Float64} : [2, 3]
  VariableRef in MOI.LessThan{Float64}    : [3, 3]
  VariableRef in MOI.ZeroOne              : [3, 3]
numerical stability report
  matrix range     [1e+00, 1e+00]
  objective range  [1e+00, 6e+00]
  bounds range     [1e+00, 1e+02]
  rhs range        [0e+00, 0e+00]
-------------------------------------------------------------------
 iteration    simulation      bound        time (s)     solves  pid
-------------------------------------------------------------------
         1L  6.000000e+00  9.000000e+00  3.970003e-02         6   1
        20L  9.000000e+00  9.000000e+00  8.192801e-02       123   1
-------------------------------------------------------------------
status         : simulation_stopping
total time (s) : 8.192801e-02
total solves   : 123
best bound     :  9.000000e+00
simulation ci  :  8.850000e+00 ± 2.940000e-01
numeric issues : 0
-------------------------------------------------------------------

-------------------------------------------------------------------
         SDDP.jl (c) Oscar Dowson and contributors, 2017-25
-------------------------------------------------------------------
problem
  nodes           : 7
  state variables : 2
  scenarios       : 8.00000e+00
  existing cuts   : false
options
  solver          : serial mode
  risk measure    : SDDP.Expectation()
  sampling scheme : SDDP.InSampleMonteCarlo
subproblem structure
  VariableRef                             : [5, 7]
  AffExpr in MOI.EqualTo{Float64}         : [1, 1]
  VariableRef in MOI.GreaterThan{Float64} : [3, 5]
  VariableRef in MOI.LessThan{Float64}    : [1, 1]
numerical stability report
  matrix range     [1e+00, 1e+00]
  objective range  [1e+00, 4e+00]
  bounds range     [1e+03, 1e+03]
  rhs range        [6e+01, 8e+01]
-------------------------------------------------------------------
 iteration    simulation      bound        time (s)     solves  pid
-------------------------------------------------------------------
         5  -2.742188e+01  2.605769e-01  1.313186e-02        87   1
        10  -2.742188e+01  2.605769e-01  1.802993e-02       142   1
        15   6.813781e+00  1.253721e+00  2.341390e-02       197   1
        20   0.000000e+00  1.514085e+00  2.891493e-02       252   1
        25   4.864000e+01  1.514085e+00  7.944989e-02       339   1
        30  -1.428571e+00  1.514085e+00  8.490992e-02       394   1
        35   3.979039e-13  1.514085e+00  9.042096e-02       449   1
        40  -3.979039e-13  1.514085e+00  9.681988e-02       504   1
        43   4.864000e+01  1.514085e+00  1.003909e-01       537   1
-------------------------------------------------------------------
status         : simulation_stopping
total time (s) : 1.003909e-01
total solves   : 537
best bound     :  1.514085e+00
simulation ci  :  9.362303e-02 ± 6.246351e+00
numeric issues : 0
-------------------------------------------------------------------

-------------------------------------------------------------------
         SDDP.jl (c) Oscar Dowson and contributors, 2017-25
-------------------------------------------------------------------
problem
  nodes           : 7
  state variables : 2
  scenarios       : 3.20000e+01
  existing cuts   : false
options
  solver          : serial mode
  risk measure    : #4
  sampling scheme : SDDP.InSampleMonteCarlo
subproblem structure
  VariableRef                             : [5, 7]
  AffExpr in MOI.EqualTo{Float64}         : [1, 1]
  VariableRef in MOI.EqualTo{Float64}     : [1, 1]
  VariableRef in MOI.GreaterThan{Float64} : [2, 5]
  VariableRef in MOI.LessThan{Float64}    : [1, 1]
numerical stability report
  matrix range     [1e+00, 1e+00]
  objective range  [2e-02, 4e+00]
  bounds range     [1e+03, 1e+03]
  rhs range        [6e+01, 8e+01]
-------------------------------------------------------------------
 iteration    simulation      bound        time (s)     solves  pid
-------------------------------------------------------------------
        10  -7.690656e+00  2.366592e+00  1.577239e-01       278   1
        20   1.266135e+00  1.306623e+00  1.737130e-01       428   1
        30   2.252026e-01  1.280382e+00  1.900620e-01       578   1
        40  -1.051817e+00  1.278410e+00  2.184269e-01       856   1
        50   7.320288e+00  1.278410e+00  2.349179e-01      1006   1
        56   1.111084e+01  1.278410e+00  2.458630e-01      1096   1
-------------------------------------------------------------------
status         : simulation_stopping
total time (s) : 2.458630e-01
total solves   : 1096
best bound     :  1.278410e+00
simulation ci  :  3.912743e+00 ± 4.211699e+00
numeric issues : 0
-------------------------------------------------------------------

-------------------------------------------------------------------
         SDDP.jl (c) Oscar Dowson and contributors, 2017-25
-------------------------------------------------------------------
problem
  nodes           : 7
  state variables : 2
  scenarios       : 3.20000e+01
  existing cuts   : false
options
  solver          : serial mode
  risk measure    : #4
  sampling scheme : SDDP.InSampleMonteCarlo
subproblem structure
  VariableRef                             : [5, 7]
  AffExpr in MOI.EqualTo{Float64}         : [1, 1]
  VariableRef in MOI.EqualTo{Float64}     : [1, 1]
  VariableRef in MOI.GreaterThan{Float64} : [2, 5]
  VariableRef in MOI.LessThan{Float64}    : [1, 1]
numerical stability report
  matrix range     [1e+00, 1e+00]
  objective range  [2e-02, 4e+00]
  bounds range     [1e+03, 1e+03]
  rhs range        [6e+01, 8e+01]
-------------------------------------------------------------------
 iteration    simulation      bound        time (s)     solves  pid
-------------------------------------------------------------------
        10   2.007061e+00  1.281639e+00  3.488493e-02       278   1
        20   1.426676e+01  1.278410e+00  5.682898e-02       428   1
        30   1.522212e+00  1.278410e+00  9.312201e-02       706   1
        40  -4.523775e+01  1.278410e+00  1.195900e-01       856   1
-------------------------------------------------------------------
status         : simulation_stopping
total time (s) : 1.195900e-01
total solves   : 856
best bound     :  1.278410e+00
simulation ci  :  1.019480e+00 ± 6.246418e+00
numeric issues : 0
-------------------------------------------------------------------

-------------------------------------------------------------------
         SDDP.jl (c) Oscar Dowson and contributors, 2017-25
-------------------------------------------------------------------
problem
  nodes           : 4
  state variables : 1
  scenarios       : Inf
  existing cuts   : false
options
  solver          : serial mode
  risk measure    : SDDP.Expectation()
  sampling scheme : SDDP.InSampleMonteCarlo
subproblem structure
  VariableRef                             : [7, 7]
  AffExpr in MOI.EqualTo{Float64}         : [1, 1]
  AffExpr in MOI.GreaterThan{Float64}     : [2, 2]
  VariableRef in MOI.EqualTo{Float64}     : [1, 1]
  VariableRef in MOI.GreaterThan{Float64} : [5, 5]
  VariableRef in MOI.LessThan{Float64}    : [3, 3]
numerical stability report
  matrix range     [1e+00, 1e+00]
  objective range  [1e+00, 2e+00]
  bounds range     [2e+00, 1e+02]
  rhs range        [0e+00, 0e+00]
-------------------------------------------------------------------
 iteration    simulation      bound        time (s)     solves  pid
-------------------------------------------------------------------
        10   4.787277e+00  9.346930e+00  1.579865e+00       900   1
        20   6.374753e+00  1.361934e+01  1.715092e+00      1720   1
        30   2.848217e+01  1.624016e+01  2.006095e+00      3036   1
        40   1.973944e+01  1.776547e+01  2.304842e+00      4192   1
        50   4.000000e+00  1.889360e+01  2.545928e+00      5020   1
        60   1.143524e+01  1.907862e+01  2.808375e+00      5808   1
        70   9.386174e+00  1.961343e+01  3.147311e+00      6540   1
        80   5.667808e+01  1.890971e+01  3.329929e+00      7088   1
        90   3.740638e+01  1.993168e+01  3.750994e+00      8180   1
       100   9.867073e+00  2.001710e+01  3.940969e+00      8664   1
-------------------------------------------------------------------
status         : iteration_limit
total time (s) : 3.940969e+00
total solves   : 8664
best bound     :  2.001710e+01
simulation ci  :  2.301353e+01 ± 4.670835e+00
numeric issues : 0
-------------------------------------------------------------------

-------------------------------------------------------------------
         SDDP.jl (c) Oscar Dowson and contributors, 2017-25
-------------------------------------------------------------------
problem
  nodes           : 5
  state variables : 2
  scenarios       : 3.20000e+01
  existing cuts   : false
options
  solver          : serial mode
  risk measure    : SDDP.Expectation()
  sampling scheme : SDDP.InSampleMonteCarlo
subproblem structure
  VariableRef                             : [10, 10]
  AffExpr in MOI.EqualTo{Float64}         : [2, 2]
  AffExpr in MOI.GreaterThan{Float64}     : [2, 2]
  AffExpr in MOI.LessThan{Float64}        : [6, 6]
  VariableRef in MOI.EqualTo{Float64}     : [2, 2]
  VariableRef in MOI.GreaterThan{Float64} : [5, 6]
  VariableRef in MOI.LessThan{Float64}    : [6, 6]
  VariableRef in MOI.ZeroOne              : [5, 5]
numerical stability report
  matrix range     [1e+00, 1e+00]
  objective range  [1e+00, 6e+00]
  bounds range     [1e+00, 1e+01]
  rhs range        [1e+00, 1e+00]
-------------------------------------------------------------------
 iteration    simulation      bound        time (s)     solves  pid
-------------------------------------------------------------------
         5   9.000000e+00  9.002950e+00  1.374722e-01       235   1
        10   4.000000e+00  9.002950e+00  1.583381e-01       310   1
        15   4.000000e+00  9.002950e+00  1.799321e-01       385   1
        20   4.000000e+00  9.002950e+00  2.015681e-01       460   1
        25   1.000000e+01  9.002950e+00  2.755301e-01       695   1
        30   5.000000e+00  9.002950e+00  2.985961e-01       770   1
        35   1.000000e+01  9.002950e+00  3.230081e-01       845   1
        40   5.000000e+00  9.002950e+00  3.474309e-01       920   1
-------------------------------------------------------------------
status         : simulation_stopping
total time (s) : 3.474309e-01
total solves   : 920
best bound     :  9.002950e+00
simulation ci  :  6.375000e+00 ± 7.930178e-01
numeric issues : 0
-------------------------------------------------------------------

-------------------------------------------------------------------
         SDDP.jl (c) Oscar Dowson and contributors, 2017-25
-------------------------------------------------------------------
problem
  nodes           : 3
  state variables : 4
  scenarios       : 2.16000e+02
  existing cuts   : false
options
  solver          : serial mode
  risk measure    : SDDP.Expectation()
  sampling scheme : SDDP.InSampleMonteCarlo
subproblem structure
  VariableRef                             : [18, 18]
  AffExpr in MOI.EqualTo{Float64}         : [4, 4]
  AffExpr in MOI.GreaterThan{Float64}     : [4, 4]
  AffExpr in MOI.LessThan{Float64}        : [12, 12]
  VariableRef in MOI.EqualTo{Float64}     : [4, 4]
  VariableRef in MOI.GreaterThan{Float64} : [9, 10]
  VariableRef in MOI.LessThan{Float64}    : [10, 10]
  VariableRef in MOI.ZeroOne              : [9, 9]
numerical stability report
  matrix range     [1e+00, 1e+00]
  objective range  [1e+00, 4e+00]
  bounds range     [1e+00, 2e+01]
  rhs range        [1e+00, 1e+00]
-------------------------------------------------------------------
 iteration    simulation      bound        time (s)     solves  pid
-------------------------------------------------------------------
        10   1.000000e+01  6.868919e+00  1.063659e-01       510   1
        20   2.000000e+00  6.834387e+00  1.604021e-01       720   1
        30   1.200000e+01  6.834387e+00  3.057189e-01      1230   1
        40   7.000000e+00  6.823805e+00  3.605180e-01      1440   1
        50   7.000000e+00  6.823805e+00  5.101099e-01      1950   1
        60   5.000000e+00  6.823805e+00  5.654678e-01      2160   1
-------------------------------------------------------------------
status         : simulation_stopping
total time (s) : 5.654678e-01
total solves   : 2160
best bound     :  6.823805e+00
simulation ci  :  6.183333e+00 ± 6.258900e-01
numeric issues : 0
-------------------------------------------------------------------

-------------------------------------------------------------------
         SDDP.jl (c) Oscar Dowson and contributors, 2017-25
-------------------------------------------------------------------
problem
  nodes           : 5
  state variables : 5
  scenarios       : 3.27680e+04
  existing cuts   : false
options
  solver          : serial mode
  risk measure    : SDDP.Expectation()
  sampling scheme : SDDP.InSampleMonteCarlo
subproblem structure
  VariableRef                             : [14, 14]
  AffExpr in MOI.GreaterThan{Float64}     : [7, 7]
  AffExpr in MOI.LessThan{Float64}        : [4, 4]
  VariableRef in MOI.EqualTo{Float64}     : [1, 1]
  VariableRef in MOI.GreaterThan{Float64} : [8, 8]
  VariableRef in MOI.Integer              : [5, 5]
  VariableRef in MOI.LessThan{Float64}    : [5, 6]
numerical stability report
  matrix range     [1e+00, 1e+00]
  objective range  [1e+00, 5e+05]
  bounds range     [1e+00, 1e+00]
  rhs range        [0e+00, 0e+00]
-------------------------------------------------------------------
 iteration    simulation      bound        time (s)     solves  pid
-------------------------------------------------------------------
        10   2.549668e+06  2.078257e+06  5.372910e-01       920   1
        20   5.494568e+05  2.078257e+06  7.387810e-01      1340   1
        30   4.985879e+04  2.078257e+06  1.291763e+00      2260   1
        40   3.799447e+06  2.078257e+06  1.506518e+00      2680   1
        50   1.049867e+06  2.078257e+06  2.074820e+00      3600   1
        60   3.985191e+04  2.078257e+06  2.282167e+00      4020   1
-------------------------------------------------------------------
status         : simulation_stopping
total time (s) : 2.282167e+00
total solves   : 4020
best bound     :  2.078257e+06
simulation ci  :  2.031697e+06 ± 3.922745e+05
numeric issues : 0
-------------------------------------------------------------------

-------------------------------------------------------------------
         SDDP.jl (c) Oscar Dowson and contributors, 2017-25
-------------------------------------------------------------------
problem
  nodes           : 5
  state variables : 5
  scenarios       : 3.27680e+04
  existing cuts   : false
options
  solver          : serial mode
  risk measure    : SDDP.Expectation()
  sampling scheme : SDDP.InSampleMonteCarlo
subproblem structure
  VariableRef                             : [14, 14]
  AffExpr in MOI.GreaterThan{Float64}     : [7, 7]
  AffExpr in MOI.LessThan{Float64}        : [4, 4]
  VariableRef in MOI.EqualTo{Float64}     : [1, 1]
  VariableRef in MOI.GreaterThan{Float64} : [8, 8]
  VariableRef in MOI.Integer              : [5, 5]
  VariableRef in MOI.LessThan{Float64}    : [5, 6]
numerical stability report
  matrix range     [1e+00, 1e+00]
  objective range  [1e+00, 5e+05]
  bounds range     [1e+00, 1e+00]
  rhs range        [0e+00, 0e+00]
-------------------------------------------------------------------
 iteration    simulation      bound        time (s)     solves  pid
-------------------------------------------------------------------
        10L  4.986663e+04  2.079119e+06  1.130252e+00       920   1
        20L  3.799878e+06  2.079330e+06  2.029884e+00      1340   1
        30L  3.003923e+04  2.079457e+06  3.283153e+00      2260   1
        40L  5.549882e+06  2.079457e+06  4.255831e+00      2680   1
        50L  2.799466e+06  2.079457e+06  5.592020e+00      3600   1
        60L  3.549880e+06  2.079457e+06  6.568255e+00      4020   1
-------------------------------------------------------------------
status         : simulation_stopping
total time (s) : 6.568255e+00
total solves   : 4020
best bound     :  2.079457e+06
simulation ci  :  2.352204e+06 ± 5.377531e+05
numeric issues : 0
-------------------------------------------------------------------

-------------------------------------------------------------------
         SDDP.jl (c) Oscar Dowson and contributors, 2017-25
-------------------------------------------------------------------
problem
  nodes           : 1
  state variables : 1
  scenarios       : Inf
  existing cuts   : false
options
  solver          : serial mode
  risk measure    : SDDP.Expectation()
  sampling scheme : SDDP.InSampleMonteCarlo
subproblem structure
  VariableRef                             : [8, 8]
  AffExpr in MOI.EqualTo{Float64}         : [2, 2]
  VariableRef in MOI.EqualTo{Float64}     : [2, 2]
  VariableRef in MOI.GreaterThan{Float64} : [5, 5]
  VariableRef in MOI.LessThan{Float64}    : [1, 1]
numerical stability report
  matrix range     [1e+00, 1e+00]
  objective range  [1e+00, 1e+01]
  bounds range     [5e+00, 2e+01]
  rhs range        [0e+00, 0e+00]
-------------------------------------------------------------------
 iteration    simulation      bound        time (s)     solves  pid
-------------------------------------------------------------------
       100   2.500000e+01  1.189023e+02  8.182211e-01      1946   1
       200   2.500000e+01  1.191635e+02  1.015943e+00      3920   1
       300   0.000000e+00  1.191666e+02  1.219231e+00      5902   1
       330   2.500000e+01  1.191667e+02  1.258738e+00      6224   1
-------------------------------------------------------------------
status         : simulation_stopping
total time (s) : 1.258738e+00
total solves   : 6224
best bound     :  1.191667e+02
simulation ci  :  2.158333e+01 ± 3.290252e+00
numeric issues : 0
-------------------------------------------------------------------

-------------------------------------------------------------------
         SDDP.jl (c) Oscar Dowson and contributors, 2017-25
-------------------------------------------------------------------
problem
  nodes           : 1
  state variables : 1
  scenarios       : Inf
  existing cuts   : false
options
  solver          : serial mode
  risk measure    : SDDP.Expectation()
  sampling scheme : SDDP.InSampleMonteCarlo
subproblem structure
  VariableRef                             : [8, 8]
  AffExpr in MOI.EqualTo{Float64}         : [2, 2]
  VariableRef in MOI.EqualTo{Float64}     : [2, 2]
  VariableRef in MOI.GreaterThan{Float64} : [5, 5]
  VariableRef in MOI.LessThan{Float64}    : [1, 1]
numerical stability report
  matrix range     [1e+00, 1e+00]
  objective range  [1e+00, 1e+01]
  bounds range     [5e+00, 2e+01]
  rhs range        [0e+00, 0e+00]
-------------------------------------------------------------------
 iteration    simulation      bound        time (s)     solves  pid
-------------------------------------------------------------------
       100   0.000000e+00  1.191283e+02  2.993031e-01      2874   1
       200   2.500000e+00  1.191666e+02  5.335851e-01      4855   1
       282   7.500000e+00  1.191667e+02  6.724641e-01      5733   1
-------------------------------------------------------------------
status         : simulation_stopping
total time (s) : 6.724641e-01
total solves   : 5733
best bound     :  1.191667e+02
simulation ci  :  2.104610e+01 ± 3.492245e+00
numeric issues : 0
-------------------------------------------------------------------

-------------------------------------------------------------------
         SDDP.jl (c) Oscar Dowson and contributors, 2017-25
-------------------------------------------------------------------
problem
  nodes           : 1
  state variables : 1
  scenarios       : Inf
  existing cuts   : false
options
  solver          : serial mode
  risk measure    : SDDP.Expectation()
  sampling scheme : SDDP.InSampleMonteCarlo
subproblem structure
  VariableRef                             : [3, 3]
  AffExpr in MOI.EqualTo{Float64}         : [1, 1]
  VariableRef in MOI.GreaterThan{Float64} : [1, 1]
numerical stability report
  matrix range     [1e+00, 1e+00]
  objective range  [1e+00, 1e+00]
  bounds range     [0e+00, 0e+00]
  rhs range        [0e+00, 0e+00]
-------------------------------------------------------------------
 iteration    simulation      bound        time (s)     solves  pid
-------------------------------------------------------------------
        10   4.000000e+00  1.997089e+01  6.236005e-02      1204   1
        20   8.000000e+00  2.000000e+01  7.650495e-02      1420   1
        30   1.600000e+01  2.000000e+01  1.381979e-01      2628   1
        40   8.000000e+00  2.000000e+01  1.534810e-01      2834   1
-------------------------------------------------------------------
status         : simulation_stopping
total time (s) : 1.534810e-01
total solves   : 2834
best bound     :  2.000000e+01
simulation ci  :  1.625000e+01 ± 4.766381e+00
numeric issues : 0
-------------------------------------------------------------------

-------------------------------------------------------------------
         SDDP.jl (c) Oscar Dowson and contributors, 2017-25
-------------------------------------------------------------------
problem
  nodes           : 1
  state variables : 1
  scenarios       : Inf
  existing cuts   : false
options
  solver          : serial mode
  risk measure    : SDDP.Expectation()
  sampling scheme : SDDP.InSampleMonteCarlo
subproblem structure
  VariableRef                             : [3, 3]
  AffExpr in MOI.EqualTo{Float64}         : [1, 1]
  VariableRef in MOI.GreaterThan{Float64} : [1, 1]
numerical stability report
  matrix range     [1e+00, 1e+00]
  objective range  [1e+00, 1e+00]
  bounds range     [0e+00, 0e+00]
  rhs range        [0e+00, 0e+00]
-------------------------------------------------------------------
 iteration    simulation      bound        time (s)     solves  pid
-------------------------------------------------------------------
         1   1.000000e+00  1.500000e+00  2.068996e-03         3   1
        40   4.000000e+00  2.000000e+00  4.229999e-02       578   1
-------------------------------------------------------------------
status         : simulation_stopping
total time (s) : 4.229999e-02
total solves   : 578
best bound     :  2.000000e+00
simulation ci  :  1.950000e+00 ± 5.568095e-01
numeric issues : 0
-------------------------------------------------------------------

-------------------------------------------------------------------
         SDDP.jl (c) Oscar Dowson and contributors, 2017-25
-------------------------------------------------------------------
problem
  nodes           : 3
  state variables : 1
  scenarios       : 8.51840e+04
  existing cuts   : false
options
  solver          : serial mode
  risk measure    : SDDP.Expectation()
  sampling scheme : SDDP.InSampleMonteCarlo
subproblem structure
  VariableRef                             : [6, 6]
  AffExpr in MOI.EqualTo{Float64}         : [1, 3]
  AffExpr in MOI.LessThan{Float64}        : [2, 2]
  VariableRef in MOI.EqualTo{Float64}     : [1, 1]
  VariableRef in MOI.GreaterThan{Float64} : [3, 4]
  VariableRef in MOI.LessThan{Float64}    : [3, 3]
numerical stability report
  matrix range     [8e-01, 2e+00]
  objective range  [1e+00, 2e+00]
  bounds range     [1e+00, 1e+02]
  rhs range        [5e+01, 5e+01]
-------------------------------------------------------------------
 iteration    simulation      bound        time (s)     solves  pid
-------------------------------------------------------------------
        10   5.250000e+00  4.888859e+00  1.666651e-01      1350   1
        20   4.350000e+00  4.105855e+00  2.508399e-01      2700   1
        30   5.000000e+00  4.100490e+00  3.450539e-01      4050   1
        40   3.475000e+00  4.097376e+00  4.470689e-01      5400   1
        50   5.250000e+00  4.095862e+00  5.525551e-01      6750   1
        60   3.643750e+00  4.093345e+00  6.620491e-01      8100   1
        70   2.643750e+00  4.091824e+00  7.692070e-01      9450   1
        80   5.087500e+00  4.091594e+00  8.814831e-01     10800   1
        90   5.062500e+00  4.091314e+00  9.948840e-01     12150   1
       100   4.843750e+00  4.086999e+00  1.120077e+00     13500   1
       110   3.437500e+00  4.086095e+00  1.246921e+00     14850   1
       120   3.375000e+00  4.085928e+00  1.374140e+00     16200   1
       130   5.025000e+00  4.085864e+00  1.503946e+00     17550   1
       140   5.000000e+00  4.085733e+00  1.635645e+00     18900   1
       150   3.500000e+00  4.085659e+00  1.768569e+00     20250   1
       160   4.281250e+00  4.085459e+00  1.897633e+00     21600   1
       170   4.500000e+00  4.085433e+00  2.029642e+00     22950   1
       180   5.768750e+00  4.085431e+00  2.164542e+00     24300   1
       190   3.468750e+00  4.085369e+00  2.309235e+00     25650   1
       200   4.131250e+00  4.085231e+00  2.450165e+00     27000   1
       210   4.506250e+00  4.085165e+00  2.588782e+00     28350   1
       220   4.900000e+00  4.085162e+00  2.727198e+00     29700   1
       230   4.025000e+00  4.085143e+00  2.865716e+00     31050   1
       240   4.468750e+00  4.085124e+00  3.010892e+00     32400   1
       250   4.062500e+00  4.085084e+00  3.155383e+00     33750   1
       260   4.875000e+00  4.085047e+00  3.303236e+00     35100   1
       270   3.850000e+00  4.085019e+00  3.449095e+00     36450   1
       280   4.912500e+00  4.085000e+00  3.596073e+00     37800   1
       290   2.987500e+00  4.084993e+00  3.749099e+00     39150   1
       300   3.825000e+00  4.084961e+00  3.898568e+00     40500   1
       310   3.250000e+00  4.084914e+00  4.047581e+00     41850   1
       320   3.537500e+00  4.084897e+00  4.201032e+00     43200   1
       330   3.950000e+00  4.084897e+00  4.348511e+00     44550   1
       340   4.500000e+00  4.084895e+00  4.498227e+00     45900   1
       350   5.000000e+00  4.084893e+00  4.648885e+00     47250   1
       360   3.075000e+00  4.084867e+00  4.797566e+00     48600   1
       370   3.500000e+00  4.084862e+00  4.955790e+00     49950   1
       380   3.356250e+00  4.084857e+00  5.120762e+00     51300   1
       390   5.500000e+00  4.084841e+00  5.285982e+00     52650   1
       400   4.475000e+00  4.084837e+00  5.441883e+00     54000   1
       410   3.750000e+00  4.084834e+00  5.596396e+00     55350   1
       420   3.687500e+00  4.084834e+00  5.754453e+00     56700   1
       430   4.337500e+00  4.084813e+00  5.915242e+00     58050   1
       440   5.750000e+00  4.084813e+00  6.056764e+00     59400   1
       450   4.937500e+00  4.084776e+00  6.216870e+00     60750   1
       460   3.600000e+00  4.084776e+00  6.434383e+00     62100   1
       470   4.387500e+00  4.084776e+00  6.578985e+00     63450   1
       480   4.000000e+00  4.084771e+00  6.732524e+00     64800   1
       490   2.975000e+00  4.084769e+00  6.881840e+00     66150   1
       500   3.125000e+00  4.084769e+00  7.032358e+00     67500   1
       510   4.250000e+00  4.084769e+00  7.189174e+00     68850   1
       520   4.512500e+00  4.084767e+00  7.335182e+00     70200   1
       530   3.875000e+00  4.084767e+00  7.498953e+00     71550   1
       540   4.387500e+00  4.084762e+00  7.657334e+00     72900   1
       550   5.287500e+00  4.084762e+00  7.813653e+00     74250   1
       560   4.650000e+00  4.084762e+00  7.961603e+00     75600   1
       570   3.062500e+00  4.084762e+00  8.114301e+00     76950   1
       580   3.187500e+00  4.084758e+00  8.258080e+00     78300   1
       590   3.812500e+00  4.084758e+00  8.396190e+00     79650   1
       600   3.637500e+00  4.084746e+00  8.544863e+00     81000   1
       610   3.925000e+00  4.084746e+00  8.693307e+00     82350   1
       620   4.625000e+00  4.084746e+00  8.843236e+00     83700   1
       630   4.218750e+00  4.084746e+00  8.999993e+00     85050   1
       640   3.025000e+00  4.084746e+00  9.153073e+00     86400   1
       650   2.993750e+00  4.084746e+00  9.296655e+00     87750   1
       660   3.262500e+00  4.084746e+00  9.447985e+00     89100   1
       670   3.575000e+00  4.084746e+00  9.604726e+00     90450   1
       680   2.981250e+00  4.084746e+00  9.760347e+00     91800   1
       690   4.187500e+00  4.084746e+00  9.917057e+00     93150   1
       700   4.500000e+00  4.084746e+00  1.006983e+01     94500   1
       710   3.225000e+00  4.084746e+00  1.022354e+01     95850   1
       720   4.375000e+00  4.084746e+00  1.038150e+01     97200   1
       730   2.650000e+00  4.084746e+00  1.054949e+01     98550   1
       740   3.312500e+00  4.084746e+00  1.073449e+01     99900   1
       750   4.725000e+00  4.084746e+00  1.090438e+01    101250   1
       760   3.375000e+00  4.084746e+00  1.107226e+01    102600   1
       770   5.375000e+00  4.084746e+00  1.122939e+01    103950   1
       780   4.068750e+00  4.084746e+00  1.139158e+01    105300   1
       790   4.412500e+00  4.084746e+00  1.156105e+01    106650   1
       800   4.350000e+00  4.084746e+00  1.173073e+01    108000   1
       810   5.887500e+00  4.084746e+00  1.189709e+01    109350   1
       820   4.912500e+00  4.084746e+00  1.206223e+01    110700   1
       830   4.400000e+00  4.084746e+00  1.222217e+01    112050   1
       840   3.675000e+00  4.084746e+00  1.238873e+01    113400   1
       850   5.375000e+00  4.084746e+00  1.254870e+01    114750   1
       860   3.562500e+00  4.084746e+00  1.271775e+01    116100   1
       870   3.075000e+00  4.084746e+00  1.289008e+01    117450   1
       880   3.625000e+00  4.084746e+00  1.305959e+01    118800   1
       890   2.937500e+00  4.084746e+00  1.322646e+01    120150   1
       900   4.450000e+00  4.084746e+00  1.339945e+01    121500   1
       910   4.200000e+00  4.084746e+00  1.356495e+01    122850   1
       920   3.687500e+00  4.084746e+00  1.374248e+01    124200   1
       930   4.725000e+00  4.084746e+00  1.391037e+01    125550   1
       940   4.018750e+00  4.084746e+00  1.407008e+01    126900   1
       950   4.675000e+00  4.084746e+00  1.423014e+01    128250   1
       960   3.375000e+00  4.084746e+00  1.438844e+01    129600   1
       970   3.812500e+00  4.084746e+00  1.454706e+01    130950   1
       980   3.112500e+00  4.084746e+00  1.473456e+01    132300   1
       990   3.600000e+00  4.084746e+00  1.490117e+01    133650   1
      1000   5.500000e+00  4.084746e+00  1.507229e+01    135000   1
      1010   3.187500e+00  4.084746e+00  1.523805e+01    136350   1
      1020   4.900000e+00  4.084746e+00  1.540654e+01    137700   1
      1030   3.637500e+00  4.084746e+00  1.558458e+01    139050   1
      1040   3.975000e+00  4.084746e+00  1.575675e+01    140400   1
      1050   4.750000e+00  4.084746e+00  1.592554e+01    141750   1
      1060   4.437500e+00  4.084746e+00  1.611166e+01    143100   1
      1070   5.000000e+00  4.084746e+00  1.628547e+01    144450   1
      1080   4.143750e+00  4.084746e+00  1.646109e+01    145800   1
      1090   5.625000e+00  4.084746e+00  1.662090e+01    147150   1
      1100   3.475000e+00  4.084746e+00  1.679645e+01    148500   1
      1110   4.156250e+00  4.084746e+00  1.697207e+01    149850   1
      1120   4.450000e+00  4.084746e+00  1.714362e+01    151200   1
      1130   3.225000e+00  4.084741e+00  1.731912e+01    152550   1
      1140   5.375000e+00  4.084741e+00  1.748408e+01    153900   1
      1150   4.800000e+00  4.084737e+00  1.765853e+01    155250   1
      1160   3.300000e+00  4.084737e+00  1.782686e+01    156600   1
      1170   4.356250e+00  4.084737e+00  1.798737e+01    157950   1
      1180   3.906250e+00  4.084737e+00  1.817552e+01    159300   1
      1190   4.450000e+00  4.084737e+00  1.834813e+01    160650   1
      1200   5.156250e+00  4.084737e+00  1.852174e+01    162000   1
      1210   4.512500e+00  4.084737e+00  1.868743e+01    163350   1
      1220   4.875000e+00  4.084737e+00  1.886966e+01    164700   1
      1230   4.000000e+00  4.084737e+00  1.903866e+01    166050   1
      1240   4.050000e+00  4.084737e+00  1.921094e+01    167400   1
      1250   5.450000e+00  4.084737e+00  1.939093e+01    168750   1
      1260   4.500000e+00  4.084737e+00  1.957148e+01    170100   1
      1270   4.125000e+00  4.084737e+00  1.974834e+01    171450   1
      1280   3.750000e+00  4.084737e+00  1.994238e+01    172800   1
      1284   4.875000e+00  4.084737e+00  2.001616e+01    173340   1
-------------------------------------------------------------------
status         : time_limit
total time (s) : 2.001616e+01
total solves   : 173340
best bound     :  4.084737e+00
simulation ci  :  4.071814e+00 ± 4.005695e-02
numeric issues : 0
-------------------------------------------------------------------

-------------------------------------------------------------------
         SDDP.jl (c) Oscar Dowson and contributors, 2017-25
-------------------------------------------------------------------
problem
  nodes           : 3
  state variables : 1
  scenarios       : 8.51840e+04
  existing cuts   : false
options
  solver          : serial mode
  risk measure    : SDDP.Expectation()
  sampling scheme : SDDP.InSampleMonteCarlo
subproblem structure
  VariableRef                             : [6, 6]
  AffExpr in MOI.EqualTo{Float64}         : [1, 3]
  AffExpr in MOI.LessThan{Float64}        : [2, 2]
  VariableRef in MOI.EqualTo{Float64}     : [1, 1]
  VariableRef in MOI.GreaterThan{Float64} : [3, 4]
  VariableRef in MOI.LessThan{Float64}    : [3, 3]
numerical stability report
  matrix range     [8e-01, 2e+00]
  objective range  [1e+00, 2e+00]
  bounds range     [1e+00, 1e+02]
  rhs range        [5e+01, 5e+01]
-------------------------------------------------------------------
 iteration    simulation      bound        time (s)     solves  pid
-------------------------------------------------------------------
        10   4.625000e+00  7.498204e+00  1.880319e-01      1350   1
        20   3.200000e+00  7.482106e+00  4.786069e-01      2700   1
        30   3.250000e+00  4.846998e+00  9.081271e-01      4050   1
        40   4.556250e+00  4.730559e+00  1.407700e+00      5400   1
        50   3.425000e+00  4.044958e+00  1.984949e+00      6750   1
        60   5.412500e+00  4.043083e+00  2.648793e+00      8100   1
        70   3.975000e+00  4.042140e+00  3.439356e+00      9450   1
        80   5.000000e+00  4.040981e+00  4.335272e+00     10800   1
        90   4.256250e+00  4.040980e+00  5.338929e+00     12150   1
       100   3.250000e+00  4.040782e+00  6.511646e+00     13500   1
       110   3.050000e+00  4.040629e+00  7.839743e+00     14850   1
       120   4.625000e+00  4.039574e+00  9.221472e+00     16200   1
       130   3.475000e+00  4.037631e+00  1.073644e+01     17550   1
       140   5.112500e+00  4.037608e+00  1.233141e+01     18900   1
       150   4.475000e+00  4.037584e+00  1.410936e+01     20250   1
       160   2.987500e+00  4.037577e+00  1.589535e+01     21600   1
       170   3.000000e+00  4.037577e+00  1.797570e+01     22950   1
       180   4.875000e+00  4.037552e+00  2.009346e+01     24300   1
-------------------------------------------------------------------
status         : time_limit
total time (s) : 2.009346e+01
total solves   : 24300
best bound     :  4.037552e+00
simulation ci  :  3.996250e+00 ± 1.125545e-01
numeric issues : 0
-------------------------------------------------------------------

-------------------------------------------------------------------
         SDDP.jl (c) Oscar Dowson and contributors, 2017-25
-------------------------------------------------------------------
problem
  nodes           : 8
  state variables : 1
  scenarios       : 1.00000e+08
  existing cuts   : false
options
  solver          : serial mode
  risk measure    : SDDP.Expectation()
  sampling scheme : SDDP.InSampleMonteCarlo
subproblem structure
  VariableRef                             : [7, 7]
  AffExpr in MOI.EqualTo{Float64}         : [1, 1]
  AffExpr in MOI.GreaterThan{Float64}     : [2, 2]
  VariableRef in MOI.EqualTo{Float64}     : [1, 1]
  VariableRef in MOI.GreaterThan{Float64} : [4, 4]
  VariableRef in MOI.LessThan{Float64}    : [1, 2]
  VariableRef in MOI.ZeroOne              : [1, 1]
numerical stability report
  matrix range     [1e+00, 2e+00]
  objective range  [5e-01, 1e+00]
  bounds range     [1e+00, 1e+00]
  rhs range        [1e+00, 1e+00]
-------------------------------------------------------------------
 iteration    simulation      bound        time (s)     solves  pid
-------------------------------------------------------------------
        10   3.105387e+00  1.158267e+00  3.769541e-01      1680   1
        20   3.943784e+00  1.166960e+00  4.698951e-01      2560   1
        30   2.908194e+00  1.167188e+00  8.586161e-01      4240   1
        40   2.875743e+00  1.167299e+00  9.549820e-01      5120   1
        50   2.195996e+00  1.167299e+00  1.341898e+00      6800   1
        60   3.499125e+00  1.167416e+00  1.441876e+00      7680   1
        70   3.613639e+00  1.167416e+00  1.830564e+00      9360   1
        80   2.862604e+00  1.167416e+00  1.935352e+00     10240   1
        90   2.712200e+00  1.167416e+00  2.330906e+00     11920   1
       100   2.419859e+00  1.167416e+00  2.437618e+00     12800   1
       110   2.862323e+00  1.167416e+00  2.547353e+00     13680   1
       120   2.834526e+00  1.167416e+00  2.668334e+00     14560   1
       130   3.649943e+00  1.167416e+00  2.778614e+00     15440   1
       140   2.510099e+00  1.167416e+00  2.891257e+00     16320   1
       150   3.120446e+00  1.167416e+00  3.004615e+00     17200   1
       160   2.688794e+00  1.167416e+00  3.120369e+00     18080   1
       170   3.445278e+00  1.167416e+00  3.240181e+00     18960   1
       180   3.019177e+00  1.167416e+00  3.363939e+00     19840   1
       182   3.227510e+00  1.167416e+00  3.389746e+00     20016   1
-------------------------------------------------------------------
status         : simulation_stopping
total time (s) : 3.389746e+00
total solves   : 20016
best bound     :  1.167416e+00
simulation ci  :  3.195911e+00 ± 6.672056e-02
numeric issues : 0
-------------------------------------------------------------------

-------------------------------------------------------------------
         SDDP.jl (c) Oscar Dowson and contributors, 2017-25
-------------------------------------------------------------------
problem
  nodes           : 2
  state variables : 2
  scenarios       : 4.00000e+00
  existing cuts   : false
options
  solver          : serial mode
  risk measure    : SDDP.Expectation()
  sampling scheme : SDDP.InSampleMonteCarlo
subproblem structure
  VariableRef                             : [7, 11]
  AffExpr in MOI.EqualTo{Float64}         : [2, 2]
  AffExpr in MOI.LessThan{Float64}        : [2, 2]
  VariableRef in MOI.EqualTo{Float64}     : [2, 2]
  VariableRef in MOI.GreaterThan{Float64} : [5, 7]
  VariableRef in MOI.Integer              : [2, 2]
  VariableRef in MOI.LessThan{Float64}    : [4, 7]
  VariableRef in MOI.ZeroOne              : [4, 4]
numerical stability report
  matrix range     [1e+00, 6e+00]
  objective range  [1e+00, 3e+01]
  bounds range     [1e+00, 1e+02]
  rhs range        [0e+00, 0e+00]
-------------------------------------------------------------------
 iteration    simulation      bound        time (s)     solves  pid
-------------------------------------------------------------------
        10  -4.000000e+01 -5.809615e+01  3.275514e-02        78   1
        20  -9.800000e+01 -5.809615e+01  6.861806e-02       148   1
        30  -4.000000e+01 -5.809615e+01  1.129150e-01       226   1
        40  -4.000000e+01 -5.809615e+01  1.475770e-01       296   1
-------------------------------------------------------------------
status         : simulation_stopping
total time (s) : 1.475770e-01
total solves   : 296
best bound     : -5.809615e+01
simulation ci  : -5.821250e+01 ± 8.353903e+00
numeric issues : 0
-------------------------------------------------------------------

-------------------------------------------------------------------
         SDDP.jl (c) Oscar Dowson and contributors, 2017-25
-------------------------------------------------------------------
problem
  nodes           : 2
  state variables : 2
  scenarios       : 9.00000e+00
  existing cuts   : false
options
  solver          : serial mode
  risk measure    : SDDP.Expectation()
  sampling scheme : SDDP.InSampleMonteCarlo
subproblem structure
  VariableRef                             : [7, 11]
  AffExpr in MOI.EqualTo{Float64}         : [2, 2]
  AffExpr in MOI.LessThan{Float64}        : [2, 2]
  VariableRef in MOI.EqualTo{Float64}     : [2, 2]
  VariableRef in MOI.GreaterThan{Float64} : [5, 7]
  VariableRef in MOI.Integer              : [2, 2]
  VariableRef in MOI.LessThan{Float64}    : [4, 7]
  VariableRef in MOI.ZeroOne              : [4, 4]
numerical stability report
  matrix range     [1e+00, 6e+00]
  objective range  [1e+00, 3e+01]
  bounds range     [1e+00, 1e+02]
  rhs range        [0e+00, 0e+00]
-------------------------------------------------------------------
 iteration    simulation      bound        time (s)     solves  pid
-------------------------------------------------------------------
        10  -4.700000e+01 -6.196125e+01  4.242492e-02       138   1
        20  -9.800000e+01 -6.196125e+01  7.893991e-02       258   1
        30  -6.300000e+01 -6.196125e+01  1.295099e-01       396   1
        40  -6.300000e+01 -6.196125e+01  1.678710e-01       516   1
-------------------------------------------------------------------
status         : simulation_stopping
total time (s) : 1.678710e-01
total solves   : 516
best bound     : -6.196125e+01
simulation ci  : -5.931250e+01 ± 6.576351e+00
numeric issues : 0
-------------------------------------------------------------------

-------------------------------------------------------------------
         SDDP.jl (c) Oscar Dowson and contributors, 2017-25
-------------------------------------------------------------------
problem
  nodes           : 2
  state variables : 2
  scenarios       : 3.60000e+01
  existing cuts   : false
options
  solver          : serial mode
  risk measure    : SDDP.Expectation()
  sampling scheme : SDDP.InSampleMonteCarlo
subproblem structure
  VariableRef                             : [7, 11]
  AffExpr in MOI.EqualTo{Float64}         : [2, 2]
  AffExpr in MOI.LessThan{Float64}        : [2, 2]
  VariableRef in MOI.EqualTo{Float64}     : [2, 2]
  VariableRef in MOI.GreaterThan{Float64} : [5, 7]
  VariableRef in MOI.Integer              : [2, 2]
  VariableRef in MOI.LessThan{Float64}    : [4, 7]
  VariableRef in MOI.ZeroOne              : [4, 4]
numerical stability report
  matrix range     [1e+00, 6e+00]
  objective range  [1e+00, 3e+01]
  bounds range     [1e+00, 1e+02]
  rhs range        [0e+00, 0e+00]
-------------------------------------------------------------------
 iteration    simulation      bound        time (s)     solves  pid
-------------------------------------------------------------------
        10  -5.400000e+01 -6.546793e+01  7.742310e-02       462   1
        20  -7.500000e+01 -6.546793e+01  1.372600e-01       852   1
        30  -7.000000e+01 -6.546793e+01  2.510819e-01      1314   1
        40  -4.000000e+01 -6.546793e+01  3.152399e-01      1704   1
-------------------------------------------------------------------
status         : simulation_stopping
total time (s) : 3.152399e-01
total solves   : 1704
best bound     : -6.546793e+01
simulation ci  : -6.396250e+01 ± 5.092518e+00
numeric issues : 0
-------------------------------------------------------------------

-------------------------------------------------------------------
         SDDP.jl (c) Oscar Dowson and contributors, 2017-25
-------------------------------------------------------------------
problem
  nodes           : 3
  state variables : 2
  scenarios       : 2.70000e+01
  existing cuts   : false
options
  solver          : serial mode
  risk measure    : SDDP.Expectation()
  sampling scheme : SDDP.InSampleMonteCarlo
subproblem structure
  VariableRef                             : [9, 9]
  AffExpr in MOI.EqualTo{Float64}         : [2, 2]
  AffExpr in MOI.LessThan{Float64}        : [2, 2]
  VariableRef in MOI.EqualTo{Float64}     : [2, 2]
  VariableRef in MOI.GreaterThan{Float64} : [2, 3]
  VariableRef in MOI.LessThan{Float64}    : [3, 3]
  VariableRef in MOI.ZeroOne              : [4, 4]
numerical stability report
  matrix range     [1e+00, 1e+00]
  objective range  [1e+00, 6e+00]
  bounds range     [1e+00, 1e+02]
  rhs range        [0e+00, 0e+00]
-------------------------------------------------------------------
 iteration    simulation      bound        time (s)     solves  pid
-------------------------------------------------------------------
         1L  6.000000e+00  1.414815e+01  4.240799e-02        11   1
        40L  1.200000e+01  8.000000e+00  4.157159e-01       602   1
-------------------------------------------------------------------
status         : simulation_stopping
total time (s) : 4.157159e-01
total solves   : 602
best bound     :  8.000000e+00
simulation ci  :  8.175000e+00 ± 9.174109e-01
numeric issues : 0
-------------------------------------------------------------------

-------------------------------------------------------------------
         SDDP.jl (c) Oscar Dowson and contributors, 2017-25
-------------------------------------------------------------------
problem
  nodes           : 2
  state variables : 3
  scenarios       : 3.00000e+00
  existing cuts   : false
options
  solver          : serial mode
  risk measure    : SDDP.Expectation()
  sampling scheme : SDDP.InSampleMonteCarlo
subproblem structure
  VariableRef                             : [7, 19]
  AffExpr in MOI.EqualTo{Float64}         : [3, 3]
  AffExpr in MOI.GreaterThan{Float64}     : [3, 3]
  AffExpr in MOI.LessThan{Float64}        : [1, 1]
  VariableRef in MOI.GreaterThan{Float64} : [3, 16]
  VariableRef in MOI.LessThan{Float64}    : [1, 2]
numerical stability report
  matrix range     [1e+00, 2e+01]
  objective range  [1e+00, 1e+03]
  bounds range     [6e+03, 5e+05]
  rhs range        [2e+02, 5e+02]
-------------------------------------------------------------------
 iteration    simulation      bound        time (s)     solves  pid
-------------------------------------------------------------------
         1  -9.800000e+04  4.922260e+05  8.689904e-02         6   1
        40   4.882000e+04  1.083900e+05  1.102960e-01       240   1
-------------------------------------------------------------------
status         : iteration_limit
total time (s) : 1.102960e-01
total solves   : 240
best bound     :  1.083900e+05
simulation ci  :  9.946328e+04 ± 1.976575e+04
numeric issues : 0
-------------------------------------------------------------------

