-------------------------------------------------------------------
         SDDP.jl (c) Oscar Dowson and contributors, 2017-25
-------------------------------------------------------------------
problem
  nodes           : 3
  state variables : 1
  scenarios       : 1.00000e+00
  existing cuts   : false
options
  solver          : serial mode
  risk measure    : SDDP.Expectation()
  sampling scheme : SDDP.InSampleMonteCarlo
subproblem structure
  VariableRef                             : [5, 5]
  AffExpr in MOI.EqualTo{Float64}         : [1, 1]
  VariableRef in MOI.GreaterThan{Float64} : [4, 4]
  VariableRef in MOI.Integer              : [2, 2]
  VariableRef in MOI.LessThan{Float64}    : [2, 3]
numerical stability report
  matrix range     [1e+00, 1e+00]
  objective range  [1e+00, 6e+00]
  bounds range     [1e+02, 2e+02]
  rhs range        [2e+02, 2e+02]
-------------------------------------------------------------------
 iteration    simulation      bound        time (s)     solves  pid
-------------------------------------------------------------------
         1   9.000000e+02  9.000000e+02  1.140606e+00         6   1
         2   9.000000e+02  9.000000e+02  1.308344e+00        15   1
         3S  9.000000e+02  9.000000e+02  1.474379e+00        21   1
         4   9.000000e+02  9.000000e+02  1.476409e+00        27   1
         5S  9.000000e+02  9.000000e+02  1.478847e+00        33   1
         6   9.000000e+02  9.000000e+02  1.480730e+00        39   1
         7S  9.000000e+02  9.000000e+02  1.483144e+00        45   1
         8   9.000000e+02  9.000000e+02  1.485068e+00        51   1
         9S  9.000000e+02  9.000000e+02  1.487489e+00        57   1
        10   9.000000e+02  9.000000e+02  1.489361e+00        63   1
        11S  9.000000e+02  9.000000e+02  1.491771e+00        69   1
        12   9.000000e+02  9.000000e+02  1.493654e+00        75   1
        13S  9.000000e+02  9.000000e+02  1.496141e+00        81   1
        14   9.000000e+02  9.000000e+02  1.498008e+00        87   1
        15S  9.000000e+02  9.000000e+02  1.500459e+00        93   1
        16   9.000000e+02  9.000000e+02  1.502366e+00        99   1
        17S  9.000000e+02  9.000000e+02  1.504855e+00       105   1
        18   9.000000e+02  9.000000e+02  1.506821e+00       111   1
        19S  9.000000e+02  9.000000e+02  1.509287e+00       117   1
        20   9.000000e+02  9.000000e+02  1.511213e+00       123   1
-------------------------------------------------------------------
status         : simulation_stopping
total time (s) : 1.511213e+00
total solves   : 123
best bound     :  9.000000e+02
simulation ci  :  9.000000e+02 ± 0.000000e+00
numeric issues : 0
-------------------------------------------------------------------

-------------------------------------------------------------------
         SDDP.jl (c) Oscar Dowson and contributors, 2017-25
-------------------------------------------------------------------
problem
  nodes           : 3
  state variables : 1
  scenarios       : 1.00000e+00
  existing cuts   : false
options
  solver          : serial mode
  risk measure    : SDDP.Expectation()
  sampling scheme : SDDP.InSampleMonteCarlo
subproblem structure
  VariableRef                             : [5, 5]
  AffExpr in MOI.EqualTo{Float64}         : [1, 1]
  VariableRef in MOI.GreaterThan{Float64} : [4, 4]
  VariableRef in MOI.Integer              : [2, 2]
  VariableRef in MOI.LessThan{Float64}    : [2, 3]
numerical stability report
  matrix range     [1e+00, 1e+00]
  objective range  [1e+00, 6e+00]
  bounds range     [1e+02, 2e+02]
  rhs range        [2e+02, 2e+02]
-------------------------------------------------------------------
 iteration    simulation      bound        time (s)     solves  pid
-------------------------------------------------------------------
         1   9.000000e+02  9.000000e+02  2.849789e-01         6   1
        20   9.000000e+02  9.000000e+02  4.601660e-01       123   1
-------------------------------------------------------------------
status         : simulation_stopping
total time (s) : 4.601660e-01
total solves   : 123
best bound     :  9.000000e+02
simulation ci  :  9.000000e+02 ± 0.000000e+00
numeric issues : 0
-------------------------------------------------------------------

-------------------------------------------------------------------
         SDDP.jl (c) Oscar Dowson and contributors, 2017-25
-------------------------------------------------------------------
problem
  nodes           : 12
  state variables : 1
  scenarios       : 1.00000e+00
  existing cuts   : false
options
  solver          : Threaded()
  risk measure    : SDDP.Expectation()
  sampling scheme : SDDP.InSampleMonteCarlo
subproblem structure
  VariableRef                             : [3, 3]
  VariableRef in MOI.GreaterThan{Float64} : [2, 2]
  VariableRef in MOI.LessThan{Float64}    : [1, 1]
numerical stability report
  matrix range     [0e+00, 0e+00]
  objective range  [1e+00, 1e+00]
  bounds range     [0e+00, 0e+00]
  rhs range        [0e+00, 0e+00]
-------------------------------------------------------------------
 iteration    simulation      bound        time (s)     solves  pid
-------------------------------------------------------------------
         1   0.000000e+00  0.000000e+00  2.450042e-01        88   3
         2   0.000000e+00  0.000000e+00  2.566690e-01        96   5
         3   0.000000e+00  0.000000e+00  2.571850e-01       105   4
         4   0.000000e+00  0.000000e+00  2.578990e-01       123   2
         5   0.000000e+00  0.000000e+00  2.593250e-01       158   3
         6   0.000000e+00  0.000000e+00  2.600491e-01       175   5
         7   0.000000e+00  0.000000e+00  2.610681e-01       198   4
         8   0.000000e+00  0.000000e+00  2.624180e-01       228   2
         9   0.000000e+00  0.000000e+00  2.630131e-01       240   3
        10   0.000000e+00  0.000000e+00  2.643080e-01       272   5
        11   0.000000e+00  0.000000e+00  2.657330e-01       300   4
        12   0.000000e+00  0.000000e+00  2.659881e-01       304   2
        13   0.000000e+00  0.000000e+00  2.671771e-01       312   3
-------------------------------------------------------------------
status         : iteration_limit
total time (s) : 2.671771e-01
total solves   : 312
best bound     :  0.000000e+00
simulation ci  :  0.000000e+00 ± 0.000000e+00
numeric issues : 0
-------------------------------------------------------------------

