-------------------------------------------------------------------
         SDDP.jl (c) Oscar Dowson and contributors, 2017-23
-------------------------------------------------------------------
problem
  nodes           : 60
  state variables : 9
  scenarios       : 4.27100e+14
  existing cuts   : false
options
  solver          : serial mode
  risk measure    : A convex combination of 0.5 * SDDP.Expectation() + 0.5 * SDDP.AVaR(0.25)
  sampling scheme : SDDP.SimulatorSamplingScheme{typeof(Main.__atexample__named__example_milk_producer.simulator)}
subproblem structure
  VariableRef                             : [35, 35]
  AffExpr in MOI.EqualTo{Float64}         : [10, 10]
  VariableRef in MOI.EqualTo{Float64}     : [1, 4]
  VariableRef in MOI.GreaterThan{Float64} : [21, 25]
  VariableRef in MOI.LessThan{Float64}    : [1, 5]
numerical stability report
  matrix range     [9e-01, 1e+00]
  objective range  [1e+00, 1e+01]
  bounds range     [1e-01, 1e+04]
  rhs range        [0e+00, 0e+00]
-------------------------------------------------------------------
 iteration    simulation      bound        time (s)     solves  pid
-------------------------------------------------------------------
         1  -8.619440e+02  7.523124e+02  5.612390e-01       242   1
        19   5.721795e+00  9.704190e+00  1.591084e+00      5518   1
        41   8.226074e+00  6.807160e+00  2.614638e+00     10602   1
        60   7.694383e+00  6.472799e+00  3.640955e+00     14980   1
        79   8.245859e+00  6.414067e+00  4.695624e+00     19373   1
        97   8.652576e+00  6.386022e+00  5.751747e+00     23424   1
       113   6.920432e+00  6.359473e+00  6.770419e+00     27126   1
       126   7.771094e+00  6.352041e+00  7.970356e+00     31327   1
       142   7.736269e+00  6.345907e+00  9.031093e+00     34989   1
       209   9.726271e+00  6.329089e+00  1.407408e+01     50558   1
       265   7.784422e+00  6.326252e+00  1.910121e+01     64570   1
       275   8.507050e+00  6.326097e+00  2.004119e+01     66985   1
-------------------------------------------------------------------
status         : time_limit
total time (s) : 2.004119e+01
total solves   : 66985
best bound     :  6.326097e+00
simulation ci  : -4.429471e+01 ± 5.335484e+01
numeric issues : 0
-------------------------------------------------------------------

-------------------------------------------------------------------
         SDDP.jl (c) Oscar Dowson and contributors, 2017-23
-------------------------------------------------------------------
problem
  nodes           : 2
  state variables : 1
  scenarios       : 1.00000e+02
  existing cuts   : false
options
  solver          : serial mode
  risk measure    : SDDP.Expectation()
  sampling scheme : SDDP.InSampleMonteCarlo
subproblem structure
  VariableRef                             : [3, 4]
  AffExpr in MOI.LessThan{Float64}        : [1, 1]
  VariableRef in MOI.GreaterThan{Float64} : [1, 3]
  VariableRef in MOI.LessThan{Float64}    : [1, 1]
numerical stability report
  matrix range     [1e+00, 1e+00]
  objective range  [1e-01, 5e+00]
  bounds range     [2e+02, 1e+03]
  rhs range        [0e+00, 0e+00]
-------------------------------------------------------------------
 iteration    simulation      bound        time (s)     solves  pid
-------------------------------------------------------------------
         1   0.000000e+00  7.270185e+02  6.690025e-03       103   1
        40   5.845561e+02  5.532407e+02  2.387550e-01      4520   1
-------------------------------------------------------------------
status         : simulation_stopping
total time (s) : 2.387550e-01
total solves   : 4520
best bound     :  5.532407e+02
simulation ci  :  5.534177e+02 ± 3.467502e+01
numeric issues : 0
-------------------------------------------------------------------

-------------------------------------------------------------------
         SDDP.jl (c) Oscar Dowson and contributors, 2017-23
-------------------------------------------------------------------
problem
  nodes           : 52
  state variables : 1
  scenarios       : 1.00000e+00
  existing cuts   : false
options
  solver          : serial mode
  risk measure    : SDDP.Expectation()
  sampling scheme : SDDP.InSampleMonteCarlo
subproblem structure
  VariableRef                             : [7, 7]
  AffExpr in MOI.EqualTo{Float64}         : [2, 2]
  VariableRef in MOI.EqualTo{Float64}     : [1, 1]
  VariableRef in MOI.GreaterThan{Float64} : [5, 5]
  VariableRef in MOI.LessThan{Float64}    : [2, 3]
numerical stability report
  matrix range     [1e+00, 1e+00]
  objective range  [1e+00, 2e+01]
  bounds range     [1e+01, 3e+02]
  rhs range        [7e+00, 1e+01]
-------------------------------------------------------------------
 iteration    simulation      bound        time (s)     solves  pid
-------------------------------------------------------------------
         1   1.079600e+03  3.157700e+02  4.895496e-02       104   1
        10   6.829100e+02  6.829100e+02  1.828790e-01      1092   1
-------------------------------------------------------------------
status         : iteration_limit
total time (s) : 1.828790e-01
total solves   : 1092
best bound     :  6.829100e+02
simulation ci  :  7.289889e+02 ± 7.726064e+01
numeric issues : 0
-------------------------------------------------------------------

-------------------------------------------------------------------
         SDDP.jl (c) Oscar Dowson and contributors, 2017-23
-------------------------------------------------------------------
problem
  nodes           : 52
  state variables : 1
  scenarios       : 6.46108e+24
  existing cuts   : false
options
  solver          : serial mode
  risk measure    : SDDP.Expectation()
  sampling scheme : SDDP.InSampleMonteCarlo
subproblem structure
  VariableRef                             : [7, 7]
  AffExpr in MOI.EqualTo{Float64}         : [2, 2]
  VariableRef in MOI.GreaterThan{Float64} : [5, 5]
  VariableRef in MOI.LessThan{Float64}    : [2, 3]
numerical stability report
  matrix range     [1e+00, 1e+00]
  objective range  [1e+00, 2e+01]
  bounds range     [1e+01, 3e+02]
  rhs range        [7e+00, 1e+01]
-------------------------------------------------------------------
 iteration    simulation      bound        time (s)     solves  pid
-------------------------------------------------------------------
         1   0.000000e+00  0.000000e+00  4.849792e-02       208   1
        22   1.495247e+02  2.267454e+02  1.055385e+00      9776   1
        52   5.395781e+02  2.534244e+02  2.088492e+00     16016   1
        78   1.034267e+02  2.623443e+02  3.098678e+00     21424   1
       100   1.089373e+02  2.668549e+02  4.013122e+00     26000   1
-------------------------------------------------------------------
status         : iteration_limit
total time (s) : 4.013122e+00
total solves   : 26000
best bound     :  2.668549e+02
simulation ci  :  2.657153e+02 ± 4.390236e+01
numeric issues : 0
-------------------------------------------------------------------

-------------------------------------------------------------------
         SDDP.jl (c) Oscar Dowson and contributors, 2017-23
-------------------------------------------------------------------
problem
  nodes           : 3
  state variables : 1
  scenarios       : 2.70000e+01
  existing cuts   : false
options
  solver          : serial mode
  risk measure    : SDDP.Expectation()
  sampling scheme : SDDP.InSampleMonteCarlo
subproblem structure
  VariableRef                             : [7, 7]
  AffExpr in MOI.EqualTo{Float64}         : [2, 2]
  VariableRef in MOI.GreaterThan{Float64} : [5, 5]
  VariableRef in MOI.LessThan{Float64}    : [1, 2]
numerical stability report
  matrix range     [1e+00, 1e+00]
  objective range  [1e+00, 2e+02]
  bounds range     [2e+02, 2e+02]
  rhs range        [2e+02, 2e+02]
-------------------------------------------------------------------
 iteration    simulation      bound        time (s)     solves  pid
-------------------------------------------------------------------
         1   2.750000e+04  2.500000e+03  3.805161e-03        12   1
        10   5.000000e+03  8.333333e+03  2.213216e-02       201   1
-------------------------------------------------------------------
status         : iteration_limit
total time (s) : 2.213216e-02
total solves   : 201
best bound     :  8.333333e+03
simulation ci  :  7.250000e+03 ± 4.645678e+03
numeric issues : 0
-------------------------------------------------------------------

-------------------------------------------------------------------
         SDDP.jl (c) Oscar Dowson and contributors, 2017-23
-------------------------------------------------------------------
problem
  nodes           : 5
  state variables : 1
  scenarios       : 1.08000e+02
  existing cuts   : false
options
  solver          : serial mode
  risk measure    : SDDP.Expectation()
  sampling scheme : SDDP.InSampleMonteCarlo
subproblem structure
  VariableRef                             : [7, 7]
  AffExpr in MOI.EqualTo{Float64}         : [2, 2]
  VariableRef in MOI.GreaterThan{Float64} : [5, 5]
  VariableRef in MOI.LessThan{Float64}    : [1, 2]
numerical stability report
  matrix range     [1e+00, 1e+00]
  objective range  [1e+00, 2e+02]
  bounds range     [2e+02, 2e+02]
  rhs range        [2e+02, 2e+02]
-------------------------------------------------------------------
 iteration    simulation      bound        time (s)     solves  pid
-------------------------------------------------------------------
         1   1.875000e+04  1.991887e+03  5.819082e-03        18   1
        40   1.875000e+03  8.072917e+03  1.741171e-01      1320   1
-------------------------------------------------------------------
status         : simulation_stopping
total time (s) : 1.741171e-01
total solves   : 1320
best bound     :  8.072917e+03
simulation ci  :  7.908949e+03 ± 2.483222e+03
numeric issues : 0
-------------------------------------------------------------------

-------------------------------------------------------------------
         SDDP.jl (c) Oscar Dowson and contributors, 2017-23
-------------------------------------------------------------------
problem
  nodes           : 3
  state variables : 1
  scenarios       : 1.00000e+00
  existing cuts   : false
options
  solver          : serial mode
  risk measure    : SDDP.Expectation()
  sampling scheme : SDDP.InSampleMonteCarlo
subproblem structure
  VariableRef                             : [4, 4]
  AffExpr in MOI.EqualTo{Float64}         : [1, 1]
  AffExpr in MOI.LessThan{Float64}        : [1, 1]
  VariableRef in MOI.EqualTo{Float64}     : [1, 1]
  VariableRef in MOI.GreaterThan{Float64} : [2, 3]
  VariableRef in MOI.LessThan{Float64}    : [1, 1]
numerical stability report
  matrix range     [1e+00, 1e+00]
  objective range  [0e+00, 0e+00]
  bounds range     [0e+00, 0e+00]
  rhs range        [0e+00, 0e+00]
-------------------------------------------------------------------
 iteration    simulation      bound        time (s)     solves  pid
-------------------------------------------------------------------
         1   2.499895e+01  1.562631e+00  3.109407e-02         6   1
        28   8.333333e+00  8.333333e+00  1.054655e+00       174   1
        40   8.333333e+00  8.333333e+00  1.460169e+00       246   1
-------------------------------------------------------------------
status         : simulation_stopping
total time (s) : 1.460169e+00
total solves   : 246
best bound     :  8.333333e+00
simulation ci  :  8.810723e+00 ± 8.167195e-01
numeric issues : 0
-------------------------------------------------------------------

-------------------------------------------------------------------
         SDDP.jl (c) Oscar Dowson and contributors, 2017-23
-------------------------------------------------------------------
problem
  nodes           : 1
  state variables : 12
  scenarios       : Inf
  existing cuts   : false
options
  solver          : serial mode
  risk measure    : SDDP.Expectation()
  sampling scheme : SDDP.InSampleMonteCarlo
subproblem structure
  VariableRef                          : [25, 25]
  AffExpr in MOI.EqualTo{Float64}      : [1, 1]
  AffExpr in MOI.LessThan{Float64}     : [13, 13]
  VariableRef in MOI.LessThan{Float64} : [1, 1]
  VariableRef in MOI.ZeroOne           : [12, 12]
numerical stability report
  matrix range     [1e+00, 1e+00]
  objective range  [1e+00, 1e+00]
  bounds range     [1e+01, 1e+01]
  rhs range        [1e+00, 1e+00]
-------------------------------------------------------------------
 iteration    simulation      bound        time (s)     solves  pid
-------------------------------------------------------------------
         1   0.000000e+00  1.000000e+01  1.562500e-02        39   1
        40   2.500000e+01  6.561000e+00  8.597879e-01      2644   1
-------------------------------------------------------------------
status         : simulation_stopping
total time (s) : 8.597879e-01
total solves   : 2644
best bound     :  6.561000e+00
simulation ci  :  5.025000e+00 ± 2.493574e+00
numeric issues : 0
-------------------------------------------------------------------

-------------------------------------------------------------------
         SDDP.jl (c) Oscar Dowson and contributors, 2017-23
-------------------------------------------------------------------
problem
  nodes           : 3
  state variables : 1
  scenarios       : 1.72800e+03
  existing cuts   : false
options
  solver          : serial mode
  risk measure    : SDDP.Expectation()
  sampling scheme : SDDP.InSampleMonteCarlo
subproblem structure
  VariableRef                             : [8, 8]
  AffExpr in MOI.EqualTo{Float64}         : [2, 4]
  AffExpr in MOI.GreaterThan{Float64}     : [2, 2]
  VariableRef in MOI.GreaterThan{Float64} : [6, 6]
  VariableRef in MOI.LessThan{Float64}    : [2, 3]
-------------------------------------------------------------------
 iteration    simulation      bound        time (s)     solves  pid
-------------------------------------------------------------------
         1   1.361250e+04  3.738585e+03  2.723908e-02        39   1
       159   5.775000e+03  5.090589e+03  1.030470e+00      7701   1
       328   1.191406e+04  5.092593e+03  2.035126e+00     14892   1
       480  -7.565859e-12  5.092593e+03  3.039121e+00     21120   1
       605   8.437500e+03  5.092593e+03  4.041340e+00     26595   1
       681   2.578125e+03  5.092593e+03  4.665291e+00     29559   1
-------------------------------------------------------------------
status         : simulation_stopping
total time (s) : 4.665291e+00
total solves   : 29559
best bound     :  5.092593e+03
simulation ci  :  5.106512e+03 ± 2.791936e+02
numeric issues : 0
-------------------------------------------------------------------

-------------------------------------------------------------------
         SDDP.jl (c) Oscar Dowson and contributors, 2017-23
-------------------------------------------------------------------
problem
  nodes           : 3
  state variables : 1
  scenarios       : 1.72800e+03
  existing cuts   : false
options
  solver          : serial mode
  risk measure    : SDDP.Expectation()
  sampling scheme : SDDP.InSampleMonteCarlo
subproblem structure
  VariableRef                             : [9, 9]
  AffExpr in MOI.EqualTo{Float64}         : [2, 10]
  AffExpr in MOI.GreaterThan{Float64}     : [4, 4]
  VariableRef in MOI.GreaterThan{Float64} : [7, 7]
  VariableRef in MOI.LessThan{Float64}    : [3, 4]
-------------------------------------------------------------------
 iteration    simulation      bound        time (s)     solves  pid
-------------------------------------------------------------------
         1   9.562500e+03  2.123386e+03  2.996993e-02        39   1
       160   0.000000e+00  5.135984e+03  1.033334e+00      7440   1
       303   3.750000e+02  5.135984e+03  2.037359e+00     13617   1
       448   4.000000e+03  5.135984e+03  3.037679e+00     19572   1
       581   1.710987e-10  5.135984e+03  4.042626e+00     25059   1
       587   1.000000e+03  5.135984e+03  4.082327e+00     25293   1
-------------------------------------------------------------------
status         : simulation_stopping
total time (s) : 4.082327e+00
total solves   : 25293
best bound     :  5.135984e+03
simulation ci  :  4.745624e+03 ± 3.097911e+02
numeric issues : 0
-------------------------------------------------------------------

-------------------------------------------------------------------
         SDDP.jl (c) Oscar Dowson and contributors, 2017-23
-------------------------------------------------------------------
problem
  nodes           : 3
  state variables : 1
  scenarios       : 2.70000e+01
  existing cuts   : false
options
  solver          : serial mode
  risk measure    : SDDP.Expectation()
  sampling scheme : SDDP.InSampleMonteCarlo
subproblem structure
  VariableRef                             : [7, 7]
  AffExpr in MOI.EqualTo{Float64}         : [2, 2]
  VariableRef in MOI.GreaterThan{Float64} : [5, 5]
  VariableRef in MOI.LessThan{Float64}    : [1, 2]
numerical stability report
  matrix range     [1e+00, 1e+00]
  objective range  [1e+00, 2e+02]
  bounds range     [2e+02, 2e+02]
  rhs range        [2e+02, 2e+02]
-------------------------------------------------------------------
 iteration    simulation      bound        time (s)     solves  pid
-------------------------------------------------------------------
         1   2.812500e+04  3.958333e+03  3.866911e-03        12   1
        40   1.875000e+03  1.062500e+04  9.282804e-02       642   1
-------------------------------------------------------------------
status         : simulation_stopping
total time (s) : 9.282804e-02
total solves   : 642
best bound     :  1.062500e+04
simulation ci  :  1.048317e+04 ± 2.715747e+03
numeric issues : 0
-------------------------------------------------------------------

-------------------------------------------------------------------
         SDDP.jl (c) Oscar Dowson and contributors, 2017-23
-------------------------------------------------------------------
problem
  nodes           : 1
  state variables : 1
  scenarios       : Inf
  existing cuts   : false
options
  solver          : serial mode
  risk measure    : SDDP.Expectation()
  sampling scheme : SDDP.InSampleMonteCarlo
subproblem structure
  VariableRef                             : [20, 20]
  AffExpr in MOI.EqualTo{Float64}         : [13, 13]
  AffExpr in MOI.GreaterThan{Float64}     : [6, 6]
  AffExpr in MOI.LessThan{Float64}        : [6, 6]
  VariableRef in MOI.GreaterThan{Float64} : [14, 14]
  VariableRef in MOI.LessThan{Float64}    : [11, 11]
numerical stability report
  matrix range     [1e+00, 2e+02]
  objective range  [1e+00, 1e+06]
  bounds range     [4e-01, 6e+00]
  rhs range        [5e-01, 5e+00]
-------------------------------------------------------------------
 iteration    simulation      bound        time (s)     solves  pid
-------------------------------------------------------------------
         1   5.320815e+06  4.656776e+04  1.347259e+00       139   1
         2   2.569199e+05  2.207853e+05  2.335053e+01      2065   1
        10   4.873543e+05  4.095783e+05  2.911504e+01      2541   1
-------------------------------------------------------------------
status         : iteration_limit
total time (s) : 2.911504e+01
total solves   : 2541
best bound     :  4.095783e+05
simulation ci  :  9.607670e+05 ± 9.668187e+05
numeric issues : 0
-------------------------------------------------------------------

-------------------------------------------------------------------
         SDDP.jl (c) Oscar Dowson and contributors, 2017-23
-------------------------------------------------------------------
problem
  nodes           : 1
  state variables : 1
  scenarios       : Inf
  existing cuts   : false
options
  solver          : serial mode
  risk measure    : SDDP.Expectation()
  sampling scheme : SDDP.InSampleMonteCarlo
subproblem structure
  VariableRef                             : [48, 48]
  AffExpr in MOI.EqualTo{Float64}         : [12, 12]
  AffExpr in MOI.GreaterThan{Float64}     : [6, 6]
  AffExpr in MOI.LessThan{Float64}        : [6, 6]
  QuadExpr in MOI.LessThan{Float64}       : [12, 12]
  VariableRef in MOI.GreaterThan{Float64} : [42, 42]
  VariableRef in MOI.LessThan{Float64}    : [39, 39]
numerical stability report
  matrix range     [1e+00, 1e+00]
  objective range  [1e+00, 1e+06]
  bounds range     [3e-01, 6e+00]
  rhs range        [5e-01, 2e+01]
-------------------------------------------------------------------
 iteration    simulation      bound        time (s)     solves  pid
-------------------------------------------------------------------
         1   1.755188e+04  3.422617e+04  1.421590e-01         7   1
         2   4.364800e+06  5.032957e+04  4.497872e+01      2232   1
         3   1.759890e+06  4.208948e+05  5.420219e+01      2551   1
         5   2.357671e+05  4.269663e+05  5.998561e+01      2749   1
         6   2.771335e+06  4.274145e+05  6.596379e+01      2904   1
         9   8.150158e+05  4.357328e+05  7.133665e+01      3077   1
        10   2.143338e+04  4.362134e+05  7.153438e+01      3084   1
-------------------------------------------------------------------
status         : iteration_limit
total time (s) : 7.153438e+01
total solves   : 3084
best bound     :  4.362134e+05
simulation ci  :  1.664268e+06 ± 1.393821e+06
numeric issues : 0
-------------------------------------------------------------------

-------------------------------------------------------------------
         SDDP.jl (c) Oscar Dowson and contributors, 2017-23
-------------------------------------------------------------------
problem
  nodes           : 1
  state variables : 1
  scenarios       : Inf
  existing cuts   : false
options
  solver          : serial mode
  risk measure    : SDDP.Expectation()
  sampling scheme : SDDP.InSampleMonteCarlo
subproblem structure
  VariableRef                             : [20, 20]
  AffExpr in MOI.EqualTo{Float64}         : [13, 13]
  AffExpr in MOI.GreaterThan{Float64}     : [6, 6]
  AffExpr in MOI.LessThan{Float64}        : [6, 6]
  VariableRef in MOI.GreaterThan{Float64} : [14, 14]
  VariableRef in MOI.LessThan{Float64}    : [11, 11]
numerical stability report
  matrix range     [1e+00, 2e+02]
  objective range  [1e+00, 1e+06]
  bounds range     [4e-01, 6e+00]
  rhs range        [5e-01, 5e+00]
-------------------------------------------------------------------
 iteration    simulation      bound        time (s)     solves  pid
-------------------------------------------------------------------
         1   2.528598e+06  4.875067e+04  5.195801e-01        39   1
         2   7.031293e+04  1.158851e+05  2.703509e+01      2393   1
         7   9.640155e+05  3.575679e+05  3.238404e+01      2612   1
        10   6.430013e+04  3.760148e+05  3.451353e+01      2699   1
-------------------------------------------------------------------
status         : iteration_limit
total time (s) : 3.451353e+01
total solves   : 2699
best bound     :  3.760148e+05
simulation ci  :  7.196682e+05 ± 6.007214e+05
numeric issues : 0
-------------------------------------------------------------------

-------------------------------------------------------------------
         SDDP.jl (c) Oscar Dowson and contributors, 2017-23
-------------------------------------------------------------------
problem
  nodes           : 5
  state variables : 1
  scenarios       : 1.08000e+02
  existing cuts   : false
options
  solver          : serial mode
  risk measure    : SDDP.Expectation()
  sampling scheme : SDDP.InSampleMonteCarlo
subproblem structure
  VariableRef                             : [7, 7]
  AffExpr in MOI.EqualTo{Float64}         : [2, 2]
  VariableRef in MOI.GreaterThan{Float64} : [5, 5]
  VariableRef in MOI.LessThan{Float64}    : [1, 2]
-------------------------------------------------------------------
 iteration    simulation      bound        time (s)     solves  pid
-------------------------------------------------------------------
         1   2.500000e+04  1.991887e+03  1.626086e-02        18   1
        20   5.000000e+03  8.072917e+03  9.387994e-02       660   1
-------------------------------------------------------------------
status         : iteration_limit
total time (s) : 9.387994e-02
total solves   : 660
best bound     :  8.072917e+03
simulation ci  :  1.048317e+04 ± 4.274778e+03
numeric issues : 0
-------------------------------------------------------------------

-------------------------------------------------------------------
         SDDP.jl (c) Oscar Dowson and contributors, 2017-23
-------------------------------------------------------------------
problem
  nodes           : 3
  state variables : 1
  scenarios       : 1.00000e+00
  existing cuts   : false
options
  solver          : serial mode
  risk measure    : SDDP.Expectation()
  sampling scheme : SDDP.InSampleMonteCarlo
subproblem structure
  VariableRef                             : [5, 5]
  AffExpr in MOI.EqualTo{Float64}         : [2, 2]
  VariableRef in MOI.GreaterThan{Float64} : [4, 4]
  VariableRef in MOI.LessThan{Float64}    : [1, 1]
-------------------------------------------------------------------
 iteration    simulation      bound        time (s)     solves  pid
-------------------------------------------------------------------
         1   6.500000e+00  3.000000e+00  3.561020e-03         6   1
         5   3.500000e+00  3.500000e+00  7.915020e-03        33   1
-------------------------------------------------------------------
status         : iteration_limit
total time (s) : 7.915020e-03
total solves   : 33
best bound     :  3.500000e+00
simulation ci  :  4.100000e+00 ± 1.176000e+00
numeric issues : 0
-------------------------------------------------------------------

-------------------------------------------------------------------
         SDDP.jl (c) Oscar Dowson and contributors, 2017-23
-------------------------------------------------------------------
problem
  nodes           : 3
  state variables : 1
  scenarios       : 1.00000e+00
  existing cuts   : false
options
  solver          : serial mode
  risk measure    : SDDP.Expectation()
  sampling scheme : SDDP.InSampleMonteCarlo
subproblem structure
  VariableRef                             : [5, 5]
  AffExpr in MOI.EqualTo{Float64}         : [2, 2]
  VariableRef in MOI.GreaterThan{Float64} : [4, 4]
  VariableRef in MOI.LessThan{Float64}    : [1, 1]
-------------------------------------------------------------------
 iteration    simulation      bound        time (s)     solves  pid
-------------------------------------------------------------------
         1   6.500000e+00  1.100000e+01  3.386974e-03         6   1
         5   5.500000e+00  1.100000e+01  6.995201e-03        33   1
-------------------------------------------------------------------
status         : iteration_limit
total time (s) : 6.995201e-03
total solves   : 33
best bound     :  1.100000e+01
simulation ci  :  5.700000e+00 ± 3.920000e-01
numeric issues : 0
-------------------------------------------------------------------

