-------------------------------------------------------------------
         SDDP.jl (c) Oscar Dowson and contributors, 2017-25
-------------------------------------------------------------------
problem
  nodes           : 30
  state variables : 5
  scenarios       : 7.57812e+11
  existing cuts   : false
options
  solver          : serial mode
  risk measure    : A convex combination of 0.5 * SDDP.Expectation() + 0.5 * SDDP.AVaR(0.25)
  sampling scheme : SDDP.SimulatorSamplingScheme{typeof(Main.__atexample__named__example_milk_producer.simulator)}
subproblem structure
  VariableRef                             : [15, 15]
  AffExpr in MOI.EqualTo{Float64}         : [5, 5]
  VariableRef in MOI.EqualTo{Float64}     : [1, 1]
  VariableRef in MOI.GreaterThan{Float64} : [8, 9]
  VariableRef in MOI.LessThan{Float64}    : [4, 4]
numerical stability report
  matrix range     [1e+00, 1e+00]
  objective range  [1e+00, 1e+01]
  bounds range     [2e+00, 1e+02]
  rhs range        [0e+00, 0e+00]
-------------------------------------------------------------------
 iteration    simulation      bound        time (s)     solves  pid
-------------------------------------------------------------------
         1  -2.763461e+01  5.742020e+01  1.254149e+00       162   1
        62   7.852824e+00  7.828284e+00  2.296083e+00     10044   1
       113   9.370083e+00  7.825606e+00  3.312000e+00     18306   1
       158   9.113800e+00  7.816140e+00  4.326819e+00     25596   1
       199   5.228086e+00  7.815574e+00  5.344852e+00     32238   1
       240   9.737172e+00  7.814847e+00  6.361697e+00     38880   1
       278   1.051627e+01  7.814758e+00  7.384971e+00     45036   1
       314   8.357829e+00  7.814119e+00  8.387300e+00     50868   1
       346   9.695767e+00  7.814009e+00  9.415433e+00     56052   1
       494   8.606653e+00  7.813472e+00  1.443068e+01     80028   1
       624   8.455373e+00  7.813373e+00  1.950416e+01    101088   1
       637   9.883749e+00  7.813359e+00  2.002309e+01    103194   1
-------------------------------------------------------------------
status         : time_limit
total time (s) : 2.002309e+01
total solves   : 103194
best bound     :  7.813359e+00
simulation ci  :  8.843709e+00 ± 2.746186e-01
numeric issues : 0
-------------------------------------------------------------------

-------------------------------------------------------------------
         SDDP.jl (c) Oscar Dowson and contributors, 2017-25
-------------------------------------------------------------------
problem
  nodes           : 2
  state variables : 1
  scenarios       : 1.00000e+02
  existing cuts   : false
options
  solver          : serial mode
  risk measure    : SDDP.Expectation()
  sampling scheme : SDDP.InSampleMonteCarlo
subproblem structure
  VariableRef                             : [4, 4]
  AffExpr in MOI.EqualTo{Float64}         : [1, 1]
  AffExpr in MOI.LessThan{Float64}        : [1, 1]
  VariableRef in MOI.GreaterThan{Float64} : [2, 3]
  VariableRef in MOI.LessThan{Float64}    : [1, 2]
numerical stability report
  matrix range     [1e+00, 1e+00]
  objective range  [1e-01, 5e+00]
  bounds range     [2e+02, 1e+03]
  rhs range        [0e+00, 0e+00]
-------------------------------------------------------------------
 iteration    simulation      bound        time (s)     solves  pid
-------------------------------------------------------------------
         1   0.000000e+00  7.433723e+02  7.736921e-03       103   1
         2   6.112190e+02  6.072110e+02  2.351999e-02       406   1
         3   6.072110e+02  5.646928e+02  2.800703e-02       509   1
         4   6.679514e+02  5.624777e+02  3.243399e-02       612   1
         5   6.409385e+02  5.612214e+02  3.681397e-02       715   1
         6   6.256171e+02  5.603960e+02  4.118299e-02       818   1
         7   5.868000e+02  5.602709e+02  4.553699e-02       921   1
         8   4.577959e+02  5.602267e+02  4.992700e-02      1024   1
         9   6.175075e+02  5.602238e+02  5.439591e-02      1127   1
        10   5.091989e+02  5.602238e+02  5.867910e-02      1230   1
        11   5.847677e+02  5.602238e+02  6.316495e-02      1333   1
        12   5.091989e+02  5.602238e+02  6.799102e-02      1436   1
        13   6.040626e+02  5.602238e+02  7.258201e-02      1539   1
        14   5.880350e+02  5.602238e+02  7.730603e-02      1642   1
        15   6.184550e+02  5.602238e+02  8.185697e-02      1745   1
        16   6.184550e+02  5.602238e+02  8.640099e-02      1848   1
        17   4.408101e+02  5.602238e+02  9.097004e-02      1951   1
        18   6.184550e+02  5.602238e+02  9.552097e-02      2054   1
        19   6.184550e+02  5.602238e+02  1.001279e-01      2157   1
        20   6.184550e+02  5.602238e+02  1.047430e-01      2260   1
        21   5.294149e+02  5.602238e+02  1.224551e-01      2563   1
        22   6.184550e+02  5.602238e+02  1.271119e-01      2666   1
        23   6.184550e+02  5.602238e+02  1.317611e-01      2769   1
        24   6.184550e+02  5.602238e+02  1.363571e-01      2872   1
        25   6.184550e+02  5.602238e+02  1.409450e-01      2975   1
        26   3.550331e+02  5.602238e+02  1.455581e-01      3078   1
        27   5.464788e+02  5.602238e+02  1.502490e-01      3181   1
        28   3.659807e+02  5.602238e+02  1.548970e-01      3284   1
        29   5.442626e+02  5.602238e+02  1.595161e-01      3387   1
        30   4.674523e+02  5.602238e+02  1.641641e-01      3490   1
        31   6.184550e+02  5.602238e+02  1.688321e-01      3593   1
        32   4.961326e+02  5.602238e+02  1.735461e-01      3696   1
        33   6.184550e+02  5.602238e+02  1.781809e-01      3799   1
        34   6.184550e+02  5.602238e+02  1.828301e-01      3902   1
        35   4.581769e+02  5.602238e+02  1.874921e-01      4005   1
        36   5.838175e+02  5.602238e+02  1.920950e-01      4108   1
        37   4.445760e+02  5.602238e+02  1.968460e-01      4211   1
        38   6.184550e+02  5.602238e+02  2.015419e-01      4314   1
        39   6.184550e+02  5.602238e+02  2.062430e-01      4417   1
        40   5.316057e+02  5.602238e+02  2.108979e-01      4520   1
-------------------------------------------------------------------
status         : simulation_stopping
total time (s) : 2.108979e-01
total solves   : 4520
best bound     :  5.602238e+02
simulation ci  :  5.508104e+02 ± 3.651113e+01
numeric issues : 0
-------------------------------------------------------------------

-------------------------------------------------------------------
         SDDP.jl (c) Oscar Dowson and contributors, 2017-25
-------------------------------------------------------------------
problem
  nodes           : 52
  state variables : 1
  scenarios       : 1.00000e+00
  existing cuts   : false
options
  solver          : serial mode
  risk measure    : SDDP.Expectation()
  sampling scheme : SDDP.InSampleMonteCarlo
subproblem structure
  VariableRef                             : [7, 7]
  AffExpr in MOI.EqualTo{Float64}         : [2, 2]
  VariableRef in MOI.EqualTo{Float64}     : [1, 1]
  VariableRef in MOI.GreaterThan{Float64} : [5, 5]
  VariableRef in MOI.LessThan{Float64}    : [2, 3]
numerical stability report
  matrix range     [1e+00, 1e+00]
  objective range  [1e+00, 2e+01]
  bounds range     [1e+01, 3e+02]
  rhs range        [7e+00, 1e+01]
-------------------------------------------------------------------
 iteration    simulation      bound        time (s)     solves  pid
-------------------------------------------------------------------
         1   1.079600e+03  3.157700e+02  6.973290e-02       104   1
        10   6.829100e+02  6.829100e+02  1.612761e-01      1040   1
-------------------------------------------------------------------
status         : iteration_limit
total time (s) : 1.612761e-01
total solves   : 1040
best bound     :  6.829100e+02
simulation ci  :  7.289889e+02 ± 7.726064e+01
numeric issues : 0
-------------------------------------------------------------------

-------------------------------------------------------------------
         SDDP.jl (c) Oscar Dowson and contributors, 2017-25
-------------------------------------------------------------------
problem
  nodes           : 52
  state variables : 1
  scenarios       : 6.46108e+24
  existing cuts   : false
options
  solver          : serial mode
  risk measure    : SDDP.Expectation()
  sampling scheme : SDDP.InSampleMonteCarlo
subproblem structure
  VariableRef                             : [7, 7]
  AffExpr in MOI.EqualTo{Float64}         : [2, 2]
  VariableRef in MOI.EqualTo{Float64}     : [1, 1]
  VariableRef in MOI.GreaterThan{Float64} : [5, 5]
  VariableRef in MOI.LessThan{Float64}    : [2, 3]
numerical stability report
  matrix range     [1e+00, 1e+00]
  objective range  [1e+00, 2e+01]
  bounds range     [1e+01, 3e+02]
  rhs range        [7e+00, 1e+01]
-------------------------------------------------------------------
 iteration    simulation      bound        time (s)     solves  pid
-------------------------------------------------------------------
         1   2.116100e+02  7.449539e+01  7.421398e-02       208   1
        48   1.463749e+02  2.494740e+02  1.075815e+00      9984   1
        88   7.929327e+01  2.669781e+02  2.098832e+00     18304   1
       100   1.452400e+02  2.700197e+02  2.398666e+00     20800   1
-------------------------------------------------------------------
status         : iteration_limit
total time (s) : 2.398666e+00
total solves   : 20800
best bound     :  2.700197e+02
simulation ci  :  2.518860e+02 ± 3.728288e+01
numeric issues : 0
-------------------------------------------------------------------

-------------------------------------------------------------------
         SDDP.jl (c) Oscar Dowson and contributors, 2017-25
-------------------------------------------------------------------
problem
  nodes           : 52
  state variables : 1
  scenarios       : Inf
  existing cuts   : false
options
  solver          : serial mode
  risk measure    : SDDP.Expectation()
  sampling scheme : SDDP.InSampleMonteCarlo
subproblem structure
  VariableRef                             : [7, 7]
  AffExpr in MOI.EqualTo{Float64}         : [2, 2]
  VariableRef in MOI.EqualTo{Float64}     : [1, 1]
  VariableRef in MOI.GreaterThan{Float64} : [5, 5]
  VariableRef in MOI.LessThan{Float64}    : [2, 2]
numerical stability report
  matrix range     [1e+00, 1e+00]
  objective range  [1e+00, 2e+01]
  bounds range     [1e+01, 3e+02]
  rhs range        [7e+00, 1e+01]
-------------------------------------------------------------------
 iteration    simulation      bound        time (s)     solves  pid
-------------------------------------------------------------------
         1   1.118391e+05  6.076670e+04  3.955879e-01      4579   1
         4   7.997422e+04  8.795547e+04  1.527461e+00     17900   1
         5   3.542737e+05  9.233736e+04  2.818570e+00     32671   1
        11   4.554547e+04  9.312818e+04  4.040565e+00     44545   1
        15   1.639550e+05  9.330382e+04  5.742839e+00     58909   1
        18   1.259371e+05  9.333096e+04  7.156796e+00     69942   1
        22   4.685974e+04  9.334300e+04  8.335810e+00     78690   1
        27   6.262482e+04  9.335212e+04  9.764747e+00     88273   1
        34   3.981900e+05  9.336642e+04  1.784640e+01    133846   1
        44   2.850216e+05  9.337370e+04  2.459906e+01    165700   1
        51   5.423220e+03  9.337808e+04  2.969251e+01    187145   1
        59   1.084354e+05  9.338014e+04  3.574560e+01    210881   1
        64   1.848501e+05  9.338194e+04  4.170341e+01    232320   1
        67   2.363613e+05  9.338244e+04  4.776749e+01    251049   1
        75   1.487722e+05  9.338516e+04  5.463139e+01    273121   1
        77   2.753523e+05  9.338557e+04  6.007882e+01    289767   1
        83   4.542147e+04  9.338750e+04  6.571088e+01    306425   1
        87   7.693742e+04  9.338837e+04  7.087861e+01    321205   1
        90   2.142698e+05  9.338959e+04  7.617575e+01    335774   1
        96   1.308261e+04  9.339020e+04  8.121904e+01    349104   1
       100   6.030135e+04  9.339029e+04  8.698309e+01    363676   1
-------------------------------------------------------------------
status         : iteration_limit
total time (s) : 8.698309e+01
total solves   : 363676
best bound     :  9.339029e+04
simulation ci  :  8.124747e+04 ± 1.517050e+04
numeric issues : 0
-------------------------------------------------------------------

-------------------------------------------------------------------
         SDDP.jl (c) Oscar Dowson and contributors, 2017-25
-------------------------------------------------------------------
problem
  nodes           : 3
  state variables : 1
  scenarios       : 2.70000e+01
  existing cuts   : false
options
  solver          : serial mode
  risk measure    : SDDP.Expectation()
  sampling scheme : SDDP.InSampleMonteCarlo
subproblem structure
  VariableRef                             : [7, 7]
  AffExpr in MOI.EqualTo{Float64}         : [2, 2]
  VariableRef in MOI.EqualTo{Float64}     : [1, 1]
  VariableRef in MOI.GreaterThan{Float64} : [5, 5]
  VariableRef in MOI.LessThan{Float64}    : [1, 2]
numerical stability report
  matrix range     [1e+00, 1e+00]
  objective range  [1e+00, 2e+02]
  bounds range     [2e+02, 2e+02]
  rhs range        [2e+02, 2e+02]
-------------------------------------------------------------------
 iteration    simulation      bound        time (s)     solves  pid
-------------------------------------------------------------------
         1   1.500000e+04  3.437500e+03  5.903006e-03        12   1
        10   5.000000e+03  8.333333e+03  1.566911e-02       120   1
-------------------------------------------------------------------
status         : iteration_limit
total time (s) : 1.566911e-02
total solves   : 120
best bound     :  8.333333e+03
simulation ci  :  7.656250e+03 ± 2.548815e+03
numeric issues : 0
-------------------------------------------------------------------

-------------------------------------------------------------------
         SDDP.jl (c) Oscar Dowson and contributors, 2017-25
-------------------------------------------------------------------
problem
  nodes           : 11
  state variables : 3
  scenarios       : 1.02400e+13
  existing cuts   : false
options
  solver          : serial mode
  risk measure    : SDDP.Expectation()
  sampling scheme : SDDP.InSampleMonteCarlo
subproblem structure
  VariableRef                             : [9, 9]
  AffExpr in MOI.EqualTo{Float64}         : [2, 2]
  VariableRef in MOI.EqualTo{Float64}     : [1, 2]
  VariableRef in MOI.GreaterThan{Float64} : [4, 5]
  VariableRef in MOI.LessThan{Float64}    : [1, 1]
numerical stability report
  matrix range     [1e+00, 1e+00]
  objective range  [1e+00, 4e+01]
  bounds range     [0e+00, 0e+00]
  rhs range        [0e+00, 0e+00]
-------------------------------------------------------------------
 iteration    simulation      bound        time (s)     solves  pid
-------------------------------------------------------------------
         1   3.917737e+05  4.573582e+04  2.546000e-02       212   1
        60   1.110665e+05  1.443332e+05  1.031832e+00     16020   1
       115   2.026395e+05  1.443373e+05  2.033983e+00     29880   1
       181   1.430184e+05  1.443373e+05  3.043765e+00     43872   1
       234   1.505553e+05  1.443373e+05  4.053003e+00     56208   1
       285   1.905553e+05  1.443373e+05  4.944277e+00     67020   1
-------------------------------------------------------------------
status         : simulation_stopping
total time (s) : 4.944277e+00
total solves   : 67020
best bound     :  1.443373e+05
simulation ci  :  1.464178e+05 ± 3.672480e+03
numeric issues : 0
-------------------------------------------------------------------

-------------------------------------------------------------------
         SDDP.jl (c) Oscar Dowson and contributors, 2017-25
-------------------------------------------------------------------
problem
  nodes           : 2
  state variables : 3
  scenarios       : Inf
  existing cuts   : false
options
  solver          : serial mode
  risk measure    : SDDP.Expectation()
  sampling scheme : SDDP.InSampleMonteCarlo
subproblem structure
  VariableRef                             : [9, 9]
  AffExpr in MOI.EqualTo{Float64}         : [2, 2]
  VariableRef in MOI.EqualTo{Float64}     : [1, 2]
  VariableRef in MOI.GreaterThan{Float64} : [4, 5]
numerical stability report
  matrix range     [1e+00, 1e+00]
  objective range  [1e+00, 4e+01]
  bounds range     [0e+00, 0e+00]
  rhs range        [0e+00, 0e+00]
-------------------------------------------------------------------
 iteration    simulation      bound        time (s)     solves  pid
-------------------------------------------------------------------
         1   9.805263e+03  2.769585e+04  7.568121e-03        64   1
        43   4.094539e+05  3.086756e+05  1.010978e+00     14554   1
        65   2.164707e+05  3.124757e+05  2.030228e+00     26546   1
        89   3.885606e+05  3.126472e+05  3.046344e+00     37931   1
       118   2.061524e+06  3.126639e+05  4.375774e+00     50707   1
       139   4.575031e+05  3.126649e+05  5.429540e+00     59611   1
       158   1.429840e+06  3.126650e+05  6.726231e+00     69878   1
       176   7.480290e+05  3.126650e+05  7.852797e+00     78170   1
       191   7.779237e+05  3.126650e+05  8.886618e+00     85367   1
       204   4.564079e+05  3.126650e+05  9.978324e+00     92541   1
       290   5.462605e+05  3.126650e+05  1.509482e+01    121607   1
       337   2.763658e+05  3.126650e+05  2.022719e+01    139987   1
       370   1.859237e+05  3.126650e+05  2.531786e+01    152662   1
       381   1.203103e+06  3.126650e+05  3.063627e+01    164139   1
       400   1.268079e+05  3.126650e+05  3.424045e+01    170815   1
-------------------------------------------------------------------
status         : iteration_limit
total time (s) : 3.424045e+01
total solves   : 170815
best bound     :  3.126650e+05
simulation ci  :  3.079829e+05 ± 2.810573e+04
numeric issues : 0
-------------------------------------------------------------------

-------------------------------------------------------------------
         SDDP.jl (c) Oscar Dowson and contributors, 2017-25
-------------------------------------------------------------------
problem
  nodes           : 5
  state variables : 1
  scenarios       : 1.08000e+02
  existing cuts   : false
options
  solver          : serial mode
  risk measure    : SDDP.Expectation()
  sampling scheme : SDDP.InSampleMonteCarlo
subproblem structure
  VariableRef                             : [7, 7]
  AffExpr in MOI.EqualTo{Float64}         : [2, 2]
  VariableRef in MOI.EqualTo{Float64}     : [1, 1]
  VariableRef in MOI.GreaterThan{Float64} : [5, 5]
  VariableRef in MOI.LessThan{Float64}    : [1, 2]
numerical stability report
  matrix range     [1e+00, 1e+00]
  objective range  [1e+00, 2e+02]
  bounds range     [2e+02, 2e+02]
  rhs range        [2e+02, 2e+02]
-------------------------------------------------------------------
 iteration    simulation      bound        time (s)     solves  pid
-------------------------------------------------------------------
         1   4.375000e+04  1.991887e+03  8.526087e-03        18   1
        40   2.750000e+04  8.072917e+03  1.337111e-01      1320   1
-------------------------------------------------------------------
status         : simulation_stopping
total time (s) : 1.337111e-01
total solves   : 1320
best bound     :  8.072917e+03
simulation ci  :  9.742098e+03 ± 3.275102e+03
numeric issues : 0
-------------------------------------------------------------------

-------------------------------------------------------------------
         SDDP.jl (c) Oscar Dowson and contributors, 2017-25
-------------------------------------------------------------------
problem
  nodes           : 3
  state variables : 1
  scenarios       : 1.00000e+00
  existing cuts   : false
options
  solver          : serial mode
  risk measure    : SDDP.Expectation()
  sampling scheme : SDDP.InSampleMonteCarlo
subproblem structure
  VariableRef                             : [4, 4]
  AffExpr in MOI.EqualTo{Float64}         : [1, 1]
  AffExpr in MOI.LessThan{Float64}        : [1, 1]
  VariableRef in MOI.EqualTo{Float64}     : [1, 1]
  VariableRef in MOI.GreaterThan{Float64} : [2, 3]
  VariableRef in MOI.LessThan{Float64}    : [1, 1]
numerical stability report
  matrix range     [1e+00, 1e+00]
  objective range  [0e+00, 0e+00]
  bounds range     [0e+00, 0e+00]
  rhs range        [0e+00, 0e+00]
-------------------------------------------------------------------
 iteration    simulation      bound        time (s)     solves  pid
-------------------------------------------------------------------
         1   2.499895e+01  1.562631e+00  1.808715e-02         6   1
        40   8.333333e+00  8.333333e+00  6.787620e-01       246   1
-------------------------------------------------------------------
status         : simulation_stopping
total time (s) : 6.787620e-01
total solves   : 246
best bound     :  8.333333e+00
simulation ci  :  8.810723e+00 ± 8.167195e-01
numeric issues : 0
-------------------------------------------------------------------

-------------------------------------------------------------------
         SDDP.jl (c) Oscar Dowson and contributors, 2017-25
-------------------------------------------------------------------
problem
  nodes           : 1
  state variables : 12
  scenarios       : Inf
  existing cuts   : false
options
  solver          : serial mode
  risk measure    : SDDP.Expectation()
  sampling scheme : SDDP.InSampleMonteCarlo
subproblem structure
  VariableRef                          : [25, 25]
  AffExpr in MOI.EqualTo{Float64}      : [1, 1]
  AffExpr in MOI.LessThan{Float64}     : [13, 13]
  VariableRef in MOI.LessThan{Float64} : [1, 1]
  VariableRef in MOI.ZeroOne           : [12, 12]
numerical stability report
  matrix range     [1e+00, 1e+00]
  objective range  [1e+00, 1e+00]
  bounds range     [1e+01, 1e+01]
  rhs range        [1e+00, 1e+00]
-------------------------------------------------------------------
 iteration    simulation      bound        time (s)     solves  pid
-------------------------------------------------------------------
         1   0.000000e+00  1.000000e+01  9.475946e-03        23   1
        44   9.000000e+00  6.561000e+00  7.415349e-01      3006   1
-------------------------------------------------------------------
status         : simulation_stopping
total time (s) : 7.415349e-01
total solves   : 3006
best bound     :  6.561000e+00
simulation ci  :  6.545455e+00 ± 2.557318e+00
numeric issues : 0
-------------------------------------------------------------------

-------------------------------------------------------------------
         SDDP.jl (c) Oscar Dowson and contributors, 2017-25
-------------------------------------------------------------------
problem
  nodes           : 3
  state variables : 1
  scenarios       : 1.72800e+03
  existing cuts   : false
options
  solver          : serial mode
  risk measure    : SDDP.Expectation()
  sampling scheme : SDDP.InSampleMonteCarlo
subproblem structure
  VariableRef                             : [8, 8]
  AffExpr in MOI.EqualTo{Float64}         : [2, 4]
  AffExpr in MOI.GreaterThan{Float64}     : [2, 2]
  VariableRef in MOI.EqualTo{Float64}     : [1, 1]
  VariableRef in MOI.GreaterThan{Float64} : [6, 6]
  VariableRef in MOI.LessThan{Float64}    : [2, 3]
-------------------------------------------------------------------
 iteration    simulation      bound        time (s)     solves  pid
-------------------------------------------------------------------
         1   1.321875e+04  3.900000e+03  1.200986e-02        39   1
       237   6.875000e+03  5.092593e+03  1.012298e+00     11043   1
       448   1.203125e+04  5.092593e+03  2.013648e+00     19872   1
       662   1.209375e+04  5.092593e+03  3.014707e+00     28818   1
       781   1.015625e+04  5.092593e+03  3.718291e+00     33759   1
-------------------------------------------------------------------
status         : simulation_stopping
total time (s) : 3.718291e+00
total solves   : 33759
best bound     :  5.092593e+03
simulation ci  :  5.017399e+03 ± 2.605568e+02
numeric issues : 0
-------------------------------------------------------------------

-------------------------------------------------------------------
         SDDP.jl (c) Oscar Dowson and contributors, 2017-25
-------------------------------------------------------------------
problem
  nodes           : 3
  state variables : 1
  scenarios       : 1.72800e+03
  existing cuts   : false
options
  solver          : serial mode
  risk measure    : SDDP.Expectation()
  sampling scheme : SDDP.InSampleMonteCarlo
subproblem structure
  VariableRef                             : [9, 9]
  AffExpr in MOI.EqualTo{Float64}         : [2, 10]
  AffExpr in MOI.GreaterThan{Float64}     : [4, 4]
  VariableRef in MOI.EqualTo{Float64}     : [1, 1]
  VariableRef in MOI.GreaterThan{Float64} : [7, 7]
  VariableRef in MOI.LessThan{Float64}    : [3, 4]
-------------------------------------------------------------------
 iteration    simulation      bound        time (s)     solves  pid
-------------------------------------------------------------------
         1   7.562500e+03  3.746769e+03  1.322508e-02        39   1
       212   5.937500e+03  5.135984e+03  1.013598e+00     10068   1
       429   3.062500e+03  5.135984e+03  2.017060e+00     19131   1
       496   0.000000e+00  5.135984e+03  2.315087e+00     21744   1
-------------------------------------------------------------------
status         : simulation_stopping
total time (s) : 2.315087e+00
total solves   : 21744
best bound     :  5.135984e+03
simulation ci  :  4.766480e+03 ± 3.218098e+02
numeric issues : 0
-------------------------------------------------------------------

-------------------------------------------------------------------
         SDDP.jl (c) Oscar Dowson and contributors, 2017-25
-------------------------------------------------------------------
problem
  nodes           : 3
  state variables : 1
  scenarios       : 2.70000e+01
  existing cuts   : false
options
  solver          : serial mode
  risk measure    : SDDP.Expectation()
  sampling scheme : SDDP.InSampleMonteCarlo
subproblem structure
  VariableRef                             : [7, 7]
  AffExpr in MOI.EqualTo{Float64}         : [2, 2]
  VariableRef in MOI.EqualTo{Float64}     : [1, 1]
  VariableRef in MOI.GreaterThan{Float64} : [5, 5]
  VariableRef in MOI.LessThan{Float64}    : [1, 2]
numerical stability report
  matrix range     [1e+00, 1e+00]
  objective range  [1e+00, 2e+02]
  bounds range     [2e+02, 2e+02]
  rhs range        [2e+02, 2e+02]
-------------------------------------------------------------------
 iteration    simulation      bound        time (s)     solves  pid
-------------------------------------------------------------------
         1   3.000000e+04  5.735677e+03  5.921841e-03        12   1
        40   2.750000e+04  1.062500e+04  6.869006e-02       642   1
-------------------------------------------------------------------
status         : simulation_stopping
total time (s) : 6.869006e-02
total solves   : 642
best bound     :  1.062500e+04
simulation ci  :  1.223234e+04 ± 2.945338e+03
numeric issues : 0
-------------------------------------------------------------------

-------------------------------------------------------------------
         SDDP.jl (c) Oscar Dowson and contributors, 2017-25
-------------------------------------------------------------------
problem
  nodes           : 1
  state variables : 1
  scenarios       : Inf
  existing cuts   : false
options
  solver          : serial mode
  risk measure    : SDDP.Expectation()
  sampling scheme : SDDP.InSampleMonteCarlo
subproblem structure
  VariableRef                             : [20, 20]
  AffExpr in MOI.EqualTo{Float64}         : [13, 13]
  AffExpr in MOI.Interval{Float64}        : [6, 6]
  VariableRef in MOI.GreaterThan{Float64} : [14, 14]
  VariableRef in MOI.LessThan{Float64}    : [11, 11]
numerical stability report
  matrix range     [1e+00, 2e+02]
  objective range  [1e+00, 1e+06]
  bounds range     [4e-01, 6e+00]
  rhs range        [5e-01, 5e+00]
-------------------------------------------------------------------
 iteration    simulation      bound        time (s)     solves  pid
-------------------------------------------------------------------
         1   5.243966e+04  6.484820e+04  6.271100e-02        15   1
         5   3.808997e+05  2.042925e+05  1.167588e+00       211   1
         9   5.126341e+05  3.772732e+05  2.599047e+00       451   1
        10   8.738713e+04  3.894012e+05  2.710882e+00       470   1
-------------------------------------------------------------------
status         : iteration_limit
total time (s) : 2.710882e+00
total solves   : 470
best bound     :  3.894012e+05
simulation ci  :  3.746610e+05 ± 2.873789e+05
numeric issues : 0
-------------------------------------------------------------------

-------------------------------------------------------------------
         SDDP.jl (c) Oscar Dowson and contributors, 2017-25
-------------------------------------------------------------------
problem
  nodes           : 1
  state variables : 1
  scenarios       : Inf
  existing cuts   : false
options
  solver          : serial mode
  risk measure    : SDDP.Expectation()
  sampling scheme : SDDP.InSampleMonteCarlo
subproblem structure
  VariableRef                             : [48, 48]
  AffExpr in MOI.EqualTo{Float64}         : [12, 12]
  AffExpr in MOI.Interval{Float64}        : [6, 6]
  NonlinearExpr in MOI.EqualTo{Float64}   : [24, 24]
  QuadExpr in MOI.LessThan{Float64}       : [12, 12]
  VariableRef in MOI.GreaterThan{Float64} : [42, 42]
  VariableRef in MOI.LessThan{Float64}    : [39, 39]
numerical stability report
  matrix range     [1e+00, 1e+00]
  objective range  [1e+00, 1e+06]
  bounds range     [3e-01, 6e+00]
  rhs range        [5e-01, 2e+01]
-------------------------------------------------------------------
 iteration    simulation      bound        time (s)     solves  pid
-------------------------------------------------------------------
         1   6.375731e+06  5.095404e+04  8.152699e-01        99   1
         2   1.290370e+06  1.014326e+05  2.888282e+00       250   1
         6   2.742055e+04  1.907755e+05  3.948935e+00       334   1
         8   1.835010e+06  3.560961e+05  8.632470e+00       648   1
        10   2.746151e+05  3.592101e+05  9.732871e+00       730   1
-------------------------------------------------------------------
status         : iteration_limit
total time (s) : 9.732871e+00
total solves   : 730
best bound     :  3.592101e+05
simulation ci  :  1.034685e+06 ± 1.224695e+06
numeric issues : 0
-------------------------------------------------------------------

-------------------------------------------------------------------
         SDDP.jl (c) Oscar Dowson and contributors, 2017-25
-------------------------------------------------------------------
problem
  nodes           : 1
  state variables : 1
  scenarios       : Inf
  existing cuts   : false
options
  solver          : serial mode
  risk measure    : SDDP.Expectation()
  sampling scheme : SDDP.InSampleMonteCarlo
subproblem structure
  VariableRef                             : [20, 20]
  AffExpr in MOI.EqualTo{Float64}         : [13, 13]
  AffExpr in MOI.Interval{Float64}        : [6, 6]
  VariableRef in MOI.GreaterThan{Float64} : [14, 14]
  VariableRef in MOI.LessThan{Float64}    : [11, 11]
numerical stability report
  matrix range     [1e+00, 2e+02]
  objective range  [1e+00, 1e+06]
  bounds range     [4e-01, 6e+00]
  rhs range        [5e-01, 5e+00]
-------------------------------------------------------------------
 iteration    simulation      bound        time (s)     solves  pid
-------------------------------------------------------------------
         1   1.254034e+07  6.841421e+04  7.833910e-01       120   1
         3   3.787045e+05  2.482742e+05  1.793114e+00       234   1
         6   3.719992e+05  3.058715e+05  3.238022e+00       387   1
         8   6.580933e+05  3.320461e+05  4.441285e+00       468   1
        10   5.269731e+04  3.489344e+05  4.667462e+00       492   1
-------------------------------------------------------------------
status         : iteration_limit
total time (s) : 4.667462e+00
total solves   : 492
best bound     :  3.489344e+05
simulation ci  :  1.581127e+06 ± 2.394136e+06
numeric issues : 0
-------------------------------------------------------------------

-------------------------------------------------------------------
         SDDP.jl (c) Oscar Dowson and contributors, 2017-25
-------------------------------------------------------------------
problem
  nodes           : 5
  state variables : 1
  scenarios       : 1.08000e+02
  existing cuts   : false
options
  solver          : serial mode
  risk measure    : SDDP.Expectation()
  sampling scheme : SDDP.InSampleMonteCarlo
subproblem structure
  VariableRef                             : [7, 7]
  AffExpr in MOI.EqualTo{Float64}         : [2, 2]
  VariableRef in MOI.EqualTo{Float64}     : [1, 1]
  VariableRef in MOI.GreaterThan{Float64} : [5, 5]
  VariableRef in MOI.LessThan{Float64}    : [1, 2]
-------------------------------------------------------------------
 iteration    simulation      bound        time (s)     solves  pid
-------------------------------------------------------------------
         1   1.562500e+04  1.991887e+03  1.069403e-02        18   1
        20   1.875000e+03  8.072917e+03  4.470801e-02       360   1
-------------------------------------------------------------------
status         : iteration_limit
total time (s) : 4.470801e-02
total solves   : 360
best bound     :  8.072917e+03
simulation ci  :  8.101136e+03 ± 3.575099e+03
numeric issues : 0
-------------------------------------------------------------------

-------------------------------------------------------------------
         SDDP.jl (c) Oscar Dowson and contributors, 2017-25
-------------------------------------------------------------------
problem
  nodes           : 3
  state variables : 1
  scenarios       : 1.00000e+00
  existing cuts   : false
options
  solver          : serial mode
  risk measure    : SDDP.Expectation()
  sampling scheme : SDDP.InSampleMonteCarlo
subproblem structure
  VariableRef                             : [5, 5]
  AffExpr in MOI.EqualTo{Float64}         : [2, 2]
  VariableRef in MOI.GreaterThan{Float64} : [4, 4]
  VariableRef in MOI.LessThan{Float64}    : [1, 1]
-------------------------------------------------------------------
 iteration    simulation      bound        time (s)     solves  pid
-------------------------------------------------------------------
         1   6.500000e+00  3.000000e+00  6.938934e-03         6   1
         5   3.500000e+00  3.500000e+00  9.520054e-03        30   1
-------------------------------------------------------------------
status         : iteration_limit
total time (s) : 9.520054e-03
total solves   : 30
best bound     :  3.500000e+00
simulation ci  :  4.100000e+00 ± 1.176000e+00
numeric issues : 0
-------------------------------------------------------------------

-------------------------------------------------------------------
         SDDP.jl (c) Oscar Dowson and contributors, 2017-25
-------------------------------------------------------------------
problem
  nodes           : 3
  state variables : 1
  scenarios       : 1.00000e+00
  existing cuts   : false
options
  solver          : serial mode
  risk measure    : SDDP.Expectation()
  sampling scheme : SDDP.InSampleMonteCarlo
subproblem structure
  VariableRef                             : [5, 5]
  AffExpr in MOI.EqualTo{Float64}         : [2, 2]
  VariableRef in MOI.GreaterThan{Float64} : [4, 4]
  VariableRef in MOI.LessThan{Float64}    : [1, 1]
-------------------------------------------------------------------
 iteration    simulation      bound        time (s)     solves  pid
-------------------------------------------------------------------
         1   6.500000e+00  1.100000e+01  8.820057e-03         6   1
         5   5.500000e+00  1.100000e+01  1.180696e-02        30   1
-------------------------------------------------------------------
status         : iteration_limit
total time (s) : 1.180696e-02
total solves   : 30
best bound     :  1.100000e+01
simulation ci  :  5.700000e+00 ± 3.920000e-01
numeric issues : 0
-------------------------------------------------------------------

