-------------------------------------------------------------------
         SDDP.jl (c) Oscar Dowson and contributors, 2017-23
-------------------------------------------------------------------
problem
  nodes           : 60
  state variables : 9
  scenarios       : 3.86434e+14
  existing cuts   : false
options
  solver          : serial mode
  risk measure    : A convex combination of 0.5 * SDDP.Expectation() + 0.5 * SDDP.AVaR(0.25)
  sampling scheme : SDDP.SimulatorSamplingScheme{typeof(Main.__atexample__named__example_milk_producer.simulator)}
subproblem structure
  VariableRef                             : [35, 35]
  AffExpr in MOI.EqualTo{Float64}         : [10, 10]
  VariableRef in MOI.EqualTo{Float64}     : [1, 4]
  VariableRef in MOI.GreaterThan{Float64} : [21, 25]
  VariableRef in MOI.LessThan{Float64}    : [1, 5]
numerical stability report
  matrix range     [9e-01, 1e+00]
  objective range  [1e+00, 1e+01]
  bounds range     [1e-01, 1e+04]
  rhs range        [0e+00, 0e+00]
-------------------------------------------------------------------
 iteration    simulation      bound        time (s)     solves  pid
-------------------------------------------------------------------
         1  -7.650510e+02  5.442442e+02  3.848639e-01       242   1
        38   1.014430e+01  6.677892e+00  2.026177e+00      9516   1
        78   7.997617e+00  6.342903e+00  4.051089e+00     18876   1
       109   8.191486e+00  6.308205e+00  6.030302e+00     27283   1
       143   7.984263e+00  6.255732e+00  8.068289e+00     35106   1
       174   8.844232e+00  6.244179e+00  1.005685e+01     42248   1
       198   5.946579e+00  6.236150e+00  1.201797e+01     48891   1
       226   9.100968e+00  6.223154e+00  1.404222e+01     55347   1
       252   8.358084e+00  6.221940e+00  1.600630e+01     61394   1
       278   1.011651e+01  6.217738e+00  1.800796e+01     67146   1
       298   9.083978e+00  6.217370e+00  2.001323e+01     73016   1
-------------------------------------------------------------------
status         : time_limit
total time (s) : 2.001323e+01
total solves   : 73016
best bound     :  6.217370e+00
simulation ci  : -3.246412e+01 ± 3.836490e+01
numeric issues : 0
-------------------------------------------------------------------

-------------------------------------------------------------------
         SDDP.jl (c) Oscar Dowson and contributors, 2017-23
-------------------------------------------------------------------
problem
  nodes           : 2
  state variables : 1
  scenarios       : 1.00000e+01
  existing cuts   : false
options
  solver          : serial mode
  risk measure    : SDDP.Expectation()
  sampling scheme : SDDP.InSampleMonteCarlo
subproblem structure
  VariableRef                             : [4, 4]
  AffExpr in MOI.EqualTo{Float64}         : [1, 1]
  AffExpr in MOI.LessThan{Float64}        : [1, 1]
  VariableRef in MOI.GreaterThan{Float64} : [2, 3]
  VariableRef in MOI.LessThan{Float64}    : [1, 1]
numerical stability report
  matrix range     [1e+00, 1e+00]
  objective range  [1e+00, 1e+00]
  bounds range     [7e-01, 2e+00]
  rhs range        [0e+00, 0e+00]
-------------------------------------------------------------------
 iteration    simulation      bound        time (s)     solves  pid
-------------------------------------------------------------------
         1   0.000000e+00  3.931536e-01  2.406120e-03        13   1
         2  -1.480533e-02  2.950494e-01  4.691124e-03        46   1
         3   2.950494e-01  2.153030e-01  6.191015e-03        59   1
         4   2.153030e-01  1.413783e-01  7.352114e-03        72   1
         5   1.040374e-01  1.401336e-01  8.509159e-03        85   1
         6   1.476017e-01  1.401336e-01  9.683132e-03        98   1
         7   1.476017e-01  1.401336e-01  1.085806e-02       111   1
         8   7.292003e-02  1.401336e-01  1.215315e-02       124   1
         9   1.476017e-01  1.401336e-01  1.333308e-02       137   1
        10   1.476017e-01  1.401336e-01  1.451015e-02       150   1
        11   1.476017e-01  1.401336e-01  1.569414e-02       163   1
        12   1.476017e-01  1.401336e-01  1.688600e-02       176   1
        13   7.292003e-02  1.401336e-01  1.827121e-02       189   1
        14   1.476017e-01  1.401336e-01  1.949215e-02       202   1
        15   1.476017e-01  1.401336e-01  2.071500e-02       215   1
        16   1.476017e-01  1.401336e-01  2.198505e-02       228   1
        17   1.476017e-01  1.401336e-01  2.322006e-02       241   1
        18   1.476017e-01  1.401336e-01  2.447104e-02       254   1
        19   1.476017e-01  1.401336e-01  2.575302e-02       267   1
        20   1.476017e-01  1.401336e-01  2.700710e-02       280   1
        21   1.476017e-01  1.401336e-01  2.987504e-02       313   1
        22   1.476017e-01  1.401336e-01  3.114319e-02       326   1
        23   1.476017e-01  1.401336e-01  3.240705e-02       339   1
        24   1.476017e-01  1.401336e-01  3.370714e-02       352   1
        25   1.476017e-01  1.401336e-01  3.498602e-02       365   1
        26   1.476017e-01  1.401336e-01  3.627706e-02       378   1
        27   1.476017e-01  1.401336e-01  3.763008e-02       391   1
        28   1.476017e-01  1.401336e-01  3.896022e-02       404   1
        29   1.476017e-01  1.401336e-01  4.029918e-02       417   1
        30   1.476017e-01  1.401336e-01  4.166913e-02       430   1
        31   1.476017e-01  1.401336e-01  4.301405e-02       443   1
        32   1.476017e-01  1.401336e-01  4.436707e-02       456   1
        33   1.476017e-01  1.401336e-01  4.576921e-02       469   1
        34   1.476017e-01  1.401336e-01  4.713917e-02       482   1
        35   1.476017e-01  1.401336e-01  4.852414e-02       495   1
        36   1.476017e-01  1.401336e-01  4.993415e-02       508   1
        37   1.476017e-01  1.401336e-01  5.134606e-02       521   1
        38   1.476017e-01  1.401336e-01  5.275822e-02       534   1
        39   1.476017e-01  1.401336e-01  5.421114e-02       547   1
        40   7.292003e-02  1.401336e-01  5.578303e-02       560   1
-------------------------------------------------------------------
status         : simulation_stopping
total time (s) : 5.578303e-02
total solves   : 560
best bound     :  1.401336e-01
simulation ci  :  1.385400e-01 ± 1.487336e-02
numeric issues : 0
-------------------------------------------------------------------

-------------------------------------------------------------------
         SDDP.jl (c) Oscar Dowson and contributors, 2017-23
-------------------------------------------------------------------
problem
  nodes           : 52
  state variables : 1
  scenarios       : 1.00000e+00
  existing cuts   : false
options
  solver          : serial mode
  risk measure    : SDDP.Expectation()
  sampling scheme : SDDP.InSampleMonteCarlo
subproblem structure
  VariableRef                             : [7, 7]
  AffExpr in MOI.EqualTo{Float64}         : [2, 2]
  VariableRef in MOI.EqualTo{Float64}     : [1, 1]
  VariableRef in MOI.GreaterThan{Float64} : [5, 5]
  VariableRef in MOI.LessThan{Float64}    : [2, 3]
numerical stability report
  matrix range     [1e+00, 1e+00]
  objective range  [1e+00, 2e+01]
  bounds range     [1e+01, 3e+02]
  rhs range        [7e+00, 1e+01]
-------------------------------------------------------------------
 iteration    simulation      bound        time (s)     solves  pid
-------------------------------------------------------------------
         1   1.079600e+03  3.157700e+02  3.901219e-02       104   1
         2   7.437727e+02  6.288200e+02  5.295014e-02       208   1
         3   6.861466e+02  6.829100e+02  6.371307e-02       312   1
         4   6.829100e+02  6.829100e+02  7.460904e-02       416   1
         5   6.829100e+02  6.829100e+02  1.276391e-01       520   1
         6   6.829100e+02  6.829100e+02  1.407042e-01       624   1
         7   6.829100e+02  6.829100e+02  1.536882e-01       728   1
         8   6.829100e+02  6.829100e+02  1.668952e-01       832   1
         9   6.829100e+02  6.829100e+02  1.805871e-01       936   1
        10   6.829100e+02  6.829100e+02  1.946490e-01      1040   1
-------------------------------------------------------------------
status         : iteration_limit
total time (s) : 1.946490e-01
total solves   : 1040
best bound     :  6.829100e+02
simulation ci  :  7.289889e+02 ± 7.726064e+01
numeric issues : 0
-------------------------------------------------------------------

-------------------------------------------------------------------
         SDDP.jl (c) Oscar Dowson and contributors, 2017-23
-------------------------------------------------------------------
problem
  nodes           : 52
  state variables : 1
  scenarios       : 6.46108e+24
  existing cuts   : false
options
  solver          : serial mode
  risk measure    : SDDP.Expectation()
  sampling scheme : SDDP.InSampleMonteCarlo
subproblem structure
  VariableRef                             : [7, 7]
  AffExpr in MOI.EqualTo{Float64}         : [2, 2]
  VariableRef in MOI.GreaterThan{Float64} : [5, 5]
  VariableRef in MOI.LessThan{Float64}    : [2, 3]
numerical stability report
  matrix range     [1e+00, 1e+00]
  objective range  [1e+00, 2e+01]
  bounds range     [1e+01, 3e+02]
  rhs range        [7e+00, 1e+01]
-------------------------------------------------------------------
 iteration    simulation      bound        time (s)     solves  pid
-------------------------------------------------------------------
         1   7.759800e+02  3.109077e+01  8.716106e-02       208   1
         2   6.672294e+02  1.454128e+02  1.076291e-01       416   1
         3   2.695806e+02  1.684640e+02  1.295099e-01       624   1
         4   2.047758e+02  1.717876e+02  1.516731e-01       832   1
         5   3.166159e+02  1.836386e+02  1.767101e-01      1040   1
         6   1.154307e+02  1.930363e+02  1.980619e-01      1248   1
         7   2.601537e+02  1.962250e+02  2.196450e-01      1456   1
         8   2.970176e+02  1.963761e+02  2.437730e-01      1664   1
         9   9.434127e+02  1.973165e+02  2.708919e-01      1872   1
        10   1.732895e+02  1.993488e+02  2.977891e-01      2080   1
        11   7.920038e+01  2.027572e+02  3.209381e-01      2288   1
        12   2.491659e+02  2.077605e+02  3.486550e-01      2496   1
        13   6.494258e+02  2.154959e+02  3.745661e-01      2704   1
        14   8.383695e+02  2.155128e+02  3.983021e-01      2912   1
        15   2.137093e+02  2.156615e+02  4.248781e-01      3120   1
        16   7.726445e+02  2.187570e+02  4.526949e-01      3328   1
        17   4.707603e+02  2.209050e+02  4.793510e-01      3536   1
        18   2.548859e+02  2.229011e+02  5.062871e-01      3744   1
        19   2.146802e+02  2.237649e+02  5.332201e-01      3952   1
        20   5.720579e+02  2.239708e+02  5.619531e-01      4160   1
        21   1.452400e+02  2.244368e+02  5.913401e-01      4368   1
        22   7.531789e+02  2.263102e+02  6.204600e-01      4576   1
        23   3.954488e+02  2.265908e+02  6.473219e-01      4784   1
        24   1.366632e+02  2.299040e+02  6.755800e-01      4992   1
        25   1.871206e+02  2.299557e+02  7.022109e-01      5200   1
        26   1.913277e+02  2.309637e+02  7.302620e-01      5408   1
        27   7.140000e+01  2.315186e+02  7.591081e-01      5616   1
        28   1.288222e+02  2.332907e+02  7.858131e-01      5824   1
        29   6.646748e+01  2.340267e+02  8.156409e-01      6032   1
        30   1.735196e+02  2.343581e+02  8.449421e-01      6240   1
        31   2.118100e+02  2.344037e+02  8.758850e-01      6448   1
        32   2.748934e+02  2.363433e+02  9.060609e-01      6656   1
        33   1.618623e+02  2.377180e+02  9.366710e-01      6864   1
        34   1.891574e+02  2.382774e+02  9.670269e-01      7072   1
        35   7.569114e+01  2.387235e+02  9.988160e-01      7280   1
        36   1.901700e+02  2.400597e+02  1.065931e+00      7488   1
        37   7.216401e+01  2.402464e+02  1.094938e+00      7696   1
        38   3.458213e+01  2.414398e+02  1.123045e+00      7904   1
        39   1.598000e+02  2.417462e+02  1.153498e+00      8112   1
        40   5.249916e+02  2.428986e+02  1.185019e+00      8320   1
        41   1.452400e+02  2.441715e+02  1.212406e+00      8528   1
        42   7.140000e+01  2.452219e+02  1.240840e+00      8736   1
        43   2.068571e+02  2.452970e+02  1.270803e+00      8944   1
        44   1.191311e+02  2.455087e+02  1.298089e+00      9152   1
        45   3.805843e+01  2.460879e+02  1.325218e+00      9360   1
        46   7.522726e+01  2.464309e+02  1.353580e+00      9568   1
        47   1.059376e+02  2.465252e+02  1.385633e+00      9776   1
        48   3.976004e+02  2.467513e+02  1.415768e+00      9984   1
        49   8.477366e+02  2.486835e+02  1.446427e+00     10192   1
        50   3.210700e+02  2.494094e+02  1.477787e+00     10400   1
        51   3.179100e+02  2.497082e+02  1.509208e+00     10608   1
        52   1.564011e+02  2.505428e+02  1.540707e+00     10816   1
        53   1.715375e+02  2.509671e+02  1.570174e+00     11024   1
        54   9.192174e+01  2.511666e+02  1.599547e+00     11232   1
        55   2.840000e+02  2.513013e+02  1.632140e+00     11440   1
        56   1.202369e+02  2.513468e+02  1.664999e+00     11648   1
        57   6.869967e+02  2.519365e+02  1.696141e+00     11856   1
        58   1.452400e+02  2.527171e+02  1.727837e+00     12064   1
        59   1.157450e+02  2.528802e+02  1.760129e+00     12272   1
        60   2.664000e+02  2.537032e+02  1.792197e+00     12480   1
        61   1.234407e+02  2.538677e+02  1.822488e+00     12688   1
        62   3.281414e+02  2.546639e+02  1.854680e+00     12896   1
        63   2.236960e+02  2.552974e+02  1.886769e+00     13104   1
        64   7.995276e+02  2.559378e+02  1.919100e+00     13312   1
        65   2.195308e+02  2.559991e+02  1.952193e+00     13520   1
        66   7.140000e+01  2.562510e+02  1.984377e+00     13728   1
        67   4.004045e+02  2.566372e+02  2.018324e+00     13936   1
        68   6.158622e+02  2.566816e+02  2.090034e+00     14144   1
        69   1.780000e+02  2.570057e+02  2.125858e+00     14352   1
        70   3.000293e+02  2.574647e+02  2.159542e+00     14560   1
        71   4.861090e+02  2.578070e+02  2.193192e+00     14768   1
        72   1.847553e+02  2.579668e+02  2.226104e+00     14976   1
        73   2.353793e+02  2.581167e+02  2.259114e+00     15184   1
        74   1.248189e+02  2.584051e+02  2.292811e+00     15392   1
        75   2.819443e+02  2.584250e+02  2.326942e+00     15600   1
        76   6.267956e+02  2.584847e+02  2.360820e+00     15808   1
        77   4.250559e+02  2.588793e+02  2.395791e+00     16016   1
        78   2.559616e+02  2.595089e+02  2.431371e+00     16224   1
        79   7.335849e+01  2.596368e+02  2.464771e+00     16432   1
        80   1.403537e+02  2.600268e+02  2.498586e+00     16640   1
        81   1.548940e+02  2.602465e+02  2.533125e+00     16848   1
        82   1.387799e+02  2.603451e+02  2.568118e+00     17056   1
        83   7.681000e+02  2.607463e+02  2.601756e+00     17264   1
        84   2.853944e+02  2.609128e+02  2.635697e+00     17472   1
        85   2.319700e+02  2.609560e+02  2.670521e+00     17680   1
        86   8.503645e+01  2.612339e+02  2.705474e+00     17888   1
        87   3.469637e+02  2.620342e+02  2.740920e+00     18096   1
        88   3.787218e+02  2.623002e+02  2.776287e+00     18304   1
        89   7.140000e+01  2.632331e+02  2.810614e+00     18512   1
        90   1.012140e+02  2.633298e+02  2.844434e+00     18720   1
        91   1.622368e+02  2.634428e+02  2.878790e+00     18928   1
        92   7.140000e+01  2.634850e+02  2.912165e+00     19136   1
        93   7.140000e+01  2.635135e+02  2.945675e+00     19344   1
        94   6.213957e+02  2.641723e+02  2.982775e+00     19552   1
        95   2.146600e+02  2.649476e+02  3.020222e+00     19760   1
        96   1.398148e+02  2.649512e+02  3.054677e+00     19968   1
        97   2.194199e+02  2.650620e+02  3.090704e+00     20176   1
        98   3.535025e+02  2.651631e+02  3.149666e+00     20384   1
        99   2.262560e+02  2.655445e+02  3.185028e+00     20592   1
       100   1.611700e+02  2.656925e+02  3.221265e+00     20800   1
-------------------------------------------------------------------
status         : iteration_limit
total time (s) : 3.221265e+00
total solves   : 20800
best bound     :  2.656925e+02
simulation ci  :  2.806564e+02 ± 4.277807e+01
numeric issues : 0
-------------------------------------------------------------------

-------------------------------------------------------------------
         SDDP.jl (c) Oscar Dowson and contributors, 2017-23
-------------------------------------------------------------------
problem
  nodes           : 3
  state variables : 1
  scenarios       : 2.70000e+01
  existing cuts   : false
options
  solver          : serial mode
  risk measure    : SDDP.Expectation()
  sampling scheme : SDDP.InSampleMonteCarlo
subproblem structure
  VariableRef                             : [7, 7]
  AffExpr in MOI.EqualTo{Float64}         : [2, 2]
  VariableRef in MOI.GreaterThan{Float64} : [5, 5]
  VariableRef in MOI.LessThan{Float64}    : [1, 2]
numerical stability report
  matrix range     [1e+00, 1e+00]
  objective range  [1e+00, 2e+02]
  bounds range     [2e+02, 2e+02]
  rhs range        [2e+02, 2e+02]
-------------------------------------------------------------------
 iteration    simulation      bound        time (s)     solves  pid
-------------------------------------------------------------------
         1   2.000000e+04  2.500000e+03  3.134012e-03        12   1
         2   1.500000e+04  7.500000e+03  4.324913e-03        24   1
         3   7.500000e+03  8.333333e+03  5.465984e-03        36   1
         4   5.000000e+03  8.333333e+03  6.887913e-03        48   1
         5   1.000000e+04  8.333333e+03  8.272886e-03        60   1
         6   7.500000e+03  8.333333e+03  9.491920e-03        72   1
         7   7.500000e+03  8.333333e+03  1.117992e-02        84   1
         8   1.250000e+04  8.333333e+03  1.288390e-02        96   1
         9   1.000000e+04  8.333333e+03  1.455498e-02       108   1
        10   1.750000e+04  8.333333e+03  1.628304e-02       120   1
-------------------------------------------------------------------
status         : iteration_limit
total time (s) : 1.628304e-02
total solves   : 120
best bound     :  8.333333e+03
simulation ci  :  1.125000e+04 ± 3.033782e+03
numeric issues : 0
-------------------------------------------------------------------

-------------------------------------------------------------------
         SDDP.jl (c) Oscar Dowson and contributors, 2017-23
-------------------------------------------------------------------
problem
  nodes           : 5
  state variables : 1
  scenarios       : 1.08000e+02
  existing cuts   : false
options
  solver          : serial mode
  risk measure    : SDDP.Expectation()
  sampling scheme : SDDP.InSampleMonteCarlo
subproblem structure
  VariableRef                             : [7, 7]
  AffExpr in MOI.EqualTo{Float64}         : [2, 2]
  VariableRef in MOI.GreaterThan{Float64} : [5, 5]
  VariableRef in MOI.LessThan{Float64}    : [1, 2]
numerical stability report
  matrix range     [1e+00, 1e+00]
  objective range  [1e+00, 2e+02]
  bounds range     [2e+02, 2e+02]
  rhs range        [2e+02, 2e+02]
-------------------------------------------------------------------
 iteration    simulation      bound        time (s)     solves  pid
-------------------------------------------------------------------
         1   3.750000e+04  1.991887e+03  4.744053e-03        18   1
         2   5.619654e+03  7.701344e+03  7.621098e-02       336   1
         3   1.125000e+04  7.975336e+03  7.800007e-02       354   1
         4   5.000000e+03  7.975336e+03  8.029795e-02       372   1
         5   1.625000e+04  8.072917e+03  8.267808e-02       390   1
         6   1.312500e+04  8.072917e+03  8.540916e-02       408   1
         7   1.125000e+04  8.072917e+03  8.806896e-02       426   1
         8   1.875000e+03  8.072917e+03  9.068894e-02       444   1
         9   5.000000e+03  8.072917e+03  9.335113e-02       462   1
        10   5.000000e+03  8.072917e+03  9.600306e-02       480   1
        11   1.125000e+04  8.072917e+03  9.870315e-02       498   1
        12   1.875000e+03  8.072917e+03  1.013741e-01       516   1
        13   2.750000e+04  8.072917e+03  1.041441e-01       534   1
        14   1.125000e+04  8.072917e+03  1.068029e-01       552   1
        15   5.000000e+03  8.072917e+03  1.092350e-01       570   1
        16   5.000000e+03  8.072917e+03  1.120200e-01       588   1
        17   1.875000e+03  8.072917e+03  1.148860e-01       606   1
        18   1.875000e+03  8.072917e+03  1.175461e-01       624   1
        19   2.750000e+04  8.072917e+03  1.203752e-01       642   1
        20   9.375000e+03  8.072917e+03  1.231070e-01       660   1
        21   1.875000e+03  8.072917e+03  1.528502e-01       978   1
        22   1.875000e+03  8.072917e+03  1.557581e-01       996   1
        23   5.000000e+03  8.072917e+03  1.587191e-01      1014   1
        24   9.375000e+03  8.072917e+03  1.616499e-01      1032   1
        25   1.875000e+03  8.072917e+03  1.645911e-01      1050   1
        26   1.875000e+03  8.072917e+03  1.671641e-01      1068   1
        27   5.000000e+03  8.072917e+03  1.700740e-01      1086   1
        28   5.000000e+03  8.072917e+03  1.726990e-01      1104   1
        29   5.000000e+03  8.072917e+03  1.757071e-01      1122   1
        30   5.000000e+03  8.072917e+03  1.783631e-01      1140   1
        31   2.437500e+04  8.072917e+03  1.814921e-01      1158   1
        32   1.875000e+03  8.072917e+03  1.843932e-01      1176   1
        33   5.000000e+03  8.072917e+03  1.874290e-01      1194   1
        34   1.875000e+03  8.072917e+03  1.905000e-01      1212   1
        35   5.000000e+03  8.072917e+03  1.936851e-01      1230   1
        36   2.437500e+04  8.072917e+03  1.969261e-01      1248   1
        37   2.250000e+04  8.072917e+03  1.999080e-01      1266   1
        38   2.250000e+04  8.072917e+03  2.030840e-01      1284   1
        39   1.875000e+03  8.072917e+03  2.058380e-01      1302   1
        40   5.000000e+03  8.072917e+03  2.086101e-01      1320   1
-------------------------------------------------------------------
status         : simulation_stopping
total time (s) : 2.086101e-01
total solves   : 1320
best bound     :  8.072917e+03
simulation ci  :  9.265491e+03 ± 2.806806e+03
numeric issues : 0
-------------------------------------------------------------------

-------------------------------------------------------------------
         SDDP.jl (c) Oscar Dowson and contributors, 2017-23
-------------------------------------------------------------------
problem
  nodes           : 3
  state variables : 1
  scenarios       : 1.00000e+00
  existing cuts   : false
options
  solver          : serial mode
  risk measure    : SDDP.Expectation()
  sampling scheme : SDDP.InSampleMonteCarlo
subproblem structure
  VariableRef                             : [4, 4]
  AffExpr in MOI.EqualTo{Float64}         : [1, 1]
  AffExpr in MOI.LessThan{Float64}        : [1, 1]
  VariableRef in MOI.EqualTo{Float64}     : [1, 1]
  VariableRef in MOI.GreaterThan{Float64} : [2, 3]
  VariableRef in MOI.LessThan{Float64}    : [1, 1]
numerical stability report
  matrix range     [1e+00, 1e+00]
  objective range  [0e+00, 0e+00]
  bounds range     [0e+00, 0e+00]
  rhs range        [0e+00, 0e+00]
-------------------------------------------------------------------
 iteration    simulation      bound        time (s)     solves  pid
-------------------------------------------------------------------
         1   2.499895e+01  1.562631e+00  2.718616e-02         6   1
        30   8.333333e+00  8.333333e+00  1.034858e+00       186   1
-------------------------------------------------------------------
status         : simulation_stopping
total time (s) : 1.410562e+00
total solves   : 246
best bound     :  8.333333e+00
simulation ci  :  8.810723e+00 ± 8.167195e-01
numeric issues : 0
-------------------------------------------------------------------

-------------------------------------------------------------------
         SDDP.jl (c) Oscar Dowson and contributors, 2017-23
-------------------------------------------------------------------
problem
  nodes           : 1
  state variables : 12
  scenarios       : Inf
  existing cuts   : false
options
  solver          : serial mode
  risk measure    : SDDP.Expectation()
  sampling scheme : SDDP.InSampleMonteCarlo
subproblem structure
  VariableRef                          : [25, 25]
  AffExpr in MOI.EqualTo{Float64}      : [1, 1]
  AffExpr in MOI.LessThan{Float64}     : [13, 13]
  VariableRef in MOI.LessThan{Float64} : [1, 1]
  VariableRef in MOI.ZeroOne           : [12, 12]
numerical stability report
  matrix range     [1e+00, 1e+00]
  objective range  [1e+00, 1e+00]
  bounds range     [1e+01, 1e+01]
  rhs range        [1e+00, 1e+00]
-------------------------------------------------------------------
 iteration    simulation      bound        time (s)     solves  pid
-------------------------------------------------------------------
         1   0.000000e+00  7.217100e+00  5.434036e-03        13   1
-------------------------------------------------------------------
status         : simulation_stopping
total time (s) : 9.394562e-01
total solves   : 3165
best bound     :  6.561000e+00
simulation ci  :  3.644444e+00 ± 1.676310e+00
numeric issues : 0
-------------------------------------------------------------------

-------------------------------------------------------------------
         SDDP.jl (c) Oscar Dowson and contributors, 2017-23
-------------------------------------------------------------------
problem
  nodes           : 3
  state variables : 1
  scenarios       : 1.72800e+03
  existing cuts   : false
options
  solver          : serial mode
  risk measure    : SDDP.Expectation()
  sampling scheme : SDDP.InSampleMonteCarlo
subproblem structure
  VariableRef                             : [8, 8]
  AffExpr in MOI.EqualTo{Float64}         : [2, 4]
  AffExpr in MOI.GreaterThan{Float64}     : [2, 2]
  VariableRef in MOI.GreaterThan{Float64} : [6, 6]
  VariableRef in MOI.LessThan{Float64}    : [2, 3]
-------------------------------------------------------------------
 iteration    simulation      bound        time (s)     solves  pid
-------------------------------------------------------------------
         1   8.765625e+03  3.081897e+03  2.347589e-02        39   1
        12   8.437500e+03  4.553239e+03  1.018410e-01       768   1
        29  -3.200349e-12  5.085973e+03  2.494268e-01      1731   1
        42   3.125000e+03  5.085973e+03  3.004670e-01      2238   1
        57   4.455000e+03  5.085973e+03  4.015000e-01      3123   1
        72   1.518750e+03  5.090589e+03  5.038290e-01      4008   1
        90   3.437500e+03  5.090589e+03  6.149929e-01      5010   1
       111   3.437500e+03  5.090589e+03  7.004800e-01      5829   1
       133   4.331250e+03  5.092593e+03  8.031600e-01      6687   1
       146   8.195000e+03  5.092593e+03  9.010239e-01      7194   1
       168   6.093750e+03  5.092593e+03  1.002109e+00      8052   1
       189   0.000000e+00  5.092593e+03  1.104318e+00      8871   1
       201   1.546875e+03  5.092593e+03  1.202530e+00      9639   1
       222   4.296875e+03  5.092593e+03  1.303932e+00     10458   1
       242   1.406250e+03  5.092593e+03  1.403313e+00     11238   1
       257   6.187500e+03  5.092593e+03  1.504703e+00     11823   1
       278   1.015625e+04  5.092593e+03  1.600006e+00     12642   1
-------------------------------------------------------------------
status         : simulation_stopping
total time (s) : 1.650729e+00
total solves   : 13071
best bound     :  5.092593e+03
simulation ci  :  5.137410e+03 ± 4.311234e+02
numeric issues : 0
-------------------------------------------------------------------

-------------------------------------------------------------------
         SDDP.jl (c) Oscar Dowson and contributors, 2017-23
-------------------------------------------------------------------
problem
  nodes           : 3
  state variables : 1
  scenarios       : 1.72800e+03
  existing cuts   : false
options
  solver          : serial mode
  risk measure    : SDDP.Expectation()
  sampling scheme : SDDP.InSampleMonteCarlo
subproblem structure
  VariableRef                             : [9, 9]
  AffExpr in MOI.EqualTo{Float64}         : [2, 10]
  AffExpr in MOI.GreaterThan{Float64}     : [4, 4]
  VariableRef in MOI.GreaterThan{Float64} : [7, 7]
  VariableRef in MOI.LessThan{Float64}    : [3, 4]
-------------------------------------------------------------------
 iteration    simulation      bound        time (s)     solves  pid
-------------------------------------------------------------------
         1   4.125000e+03  1.479266e+03  2.992070e-01        39   1
        29   1.150000e+04  5.135984e+03  5.190089e-01      1731   1
       101   3.625000e+03  5.135984e+03  1.021358e+00      5739   1
       192   6.250000e+03  5.135984e+03  1.500085e+00      9288   1
       274   1.300000e+04  5.135984e+03  2.003363e+00     12786   1
       351   5.500000e+03  5.135984e+03  2.502152e+00     16089   1
       425   6.687500e+03  5.135984e+03  3.001842e+00     19275   1
       501   4.706635e-11  5.135984e+03  3.520386e+00     22539   1
       575   5.625000e+03  5.135984e+03  4.001429e+00     25425   1
       642   1.150000e+04  5.135984e+03  4.504157e+00     28338   1
       709   3.125000e+03  5.135984e+03  5.002738e+00     31251   1
       779   9.875000e+03  5.135984e+03  5.505524e+00     33981   1
       844   2.000000e+03  5.135984e+03  6.005323e+00     36816   1
-------------------------------------------------------------------
status         : simulation_stopping
total time (s) : 6.403471e+00
total solves   : 39000
best bound     :  5.135984e+03
simulation ci  :  4.982987e+03 ± 2.468458e+02
numeric issues : 0
-------------------------------------------------------------------

-------------------------------------------------------------------
         SDDP.jl (c) Oscar Dowson and contributors, 2017-23
-------------------------------------------------------------------
problem
  nodes           : 3
  state variables : 1
  scenarios       : 2.70000e+01
  existing cuts   : false
options
  solver          : serial mode
  risk measure    : SDDP.Expectation()
  sampling scheme : SDDP.InSampleMonteCarlo
subproblem structure
  VariableRef                             : [7, 7]
  AffExpr in MOI.EqualTo{Float64}         : [2, 2]
  VariableRef in MOI.GreaterThan{Float64} : [5, 5]
  VariableRef in MOI.LessThan{Float64}    : [1, 2]
numerical stability report
  matrix range     [1e+00, 1e+00]
  objective range  [1e+00, 2e+02]
  bounds range     [2e+02, 2e+02]
  rhs range        [2e+02, 2e+02]
-------------------------------------------------------------------
 iteration    simulation      bound        time (s)     solves  pid
-------------------------------------------------------------------
         1   1.562500e+04  3.958333e+03  3.227949e-03        12   1
         2   1.673077e+04  1.032738e+04  1.150799e-02       105   1
         3   1.250000e+04  1.062500e+04  1.322103e-02       117   1
         4   1.250000e+04  1.062500e+04  1.492786e-02       129   1
         5   1.875000e+03  1.062500e+04  1.635885e-02       141   1
         6   1.125000e+04  1.062500e+04  1.779008e-02       153   1
         7   1.875000e+03  1.062500e+04  1.951003e-02       165   1
         8   5.000000e+03  1.062500e+04  2.137399e-02       177   1
         9   1.875000e+03  1.062500e+04  2.292204e-02       189   1
        10   1.125000e+04  1.062500e+04  2.445889e-02       201   1
        11   1.875000e+03  1.062500e+04  2.624202e-02       213   1
        12   1.875000e+03  1.062500e+04  2.796793e-02       225   1
        13   1.875000e+04  1.062500e+04  2.978492e-02       237   1
        14   5.000000e+03  1.062500e+04  3.148985e-02       249   1
        15   1.125000e+04  1.062500e+04  3.331208e-02       261   1
        16   2.437500e+04  1.062500e+04  3.513789e-02       273   1
        17   3.375000e+04  1.062500e+04  3.693008e-02       285   1
        18   9.375000e+03  1.062500e+04  3.871799e-02       297   1
        19   3.375000e+04  1.062500e+04  4.053807e-02       309   1
        20   9.375000e+03  1.062500e+04  4.240990e-02       321   1
        21   5.000000e+03  1.062500e+04  5.253696e-02       414   1
        22   3.375000e+04  1.062500e+04  5.442190e-02       426   1
        23   1.125000e+04  1.062500e+04  5.628490e-02       438   1
        24   2.750000e+04  1.062500e+04  5.823398e-02       450   1
        25   1.125000e+04  1.062500e+04  6.004286e-02       462   1
        26   1.312500e+04  1.062500e+04  6.198192e-02       474   1
        27   1.875000e+03  1.062500e+04  6.400394e-02       486   1
        28   1.875000e+03  1.062500e+04  6.588006e-02       498   1
        29   1.875000e+03  1.062500e+04  6.764388e-02       510   1
        30   5.000000e+03  1.062500e+04  6.975389e-02       522   1
        31   1.875000e+03  1.062500e+04  7.164598e-02       534   1
        32   9.375000e+03  1.062500e+04  7.375693e-02       546   1
        33   1.250000e+04  1.062500e+04  7.578993e-02       558   1
        34   1.125000e+04  1.062500e+04  7.787585e-02       570   1
        35   1.125000e+04  1.062500e+04  7.981586e-02       582   1
        36   3.375000e+04  1.062500e+04  8.199191e-02       594   1
        37   5.000000e+03  1.062500e+04  8.396602e-02       606   1
        38   1.125000e+04  1.062500e+04  8.606100e-02       618   1
        39   2.250000e+04  1.062500e+04  8.814692e-02       630   1
        40   3.375000e+04  1.062500e+04  9.042597e-02       642   1
-------------------------------------------------------------------
status         : simulation_stopping
total time (s) : 9.042597e-02
total solves   : 642
best bound     :  1.062500e+04
simulation ci  :  1.262139e+04 ± 3.188881e+03
numeric issues : 0
-------------------------------------------------------------------

-------------------------------------------------------------------
         SDDP.jl (c) Oscar Dowson and contributors, 2017-23
-------------------------------------------------------------------
problem
  nodes           : 1
  state variables : 1
  scenarios       : Inf
  existing cuts   : false
options
  solver          : serial mode
  risk measure    : SDDP.Expectation()
  sampling scheme : SDDP.InSampleMonteCarlo
subproblem structure
  VariableRef                             : [20, 20]
  AffExpr in MOI.EqualTo{Float64}         : [13, 13]
  AffExpr in MOI.GreaterThan{Float64}     : [6, 6]
  AffExpr in MOI.LessThan{Float64}        : [6, 6]
  VariableRef in MOI.GreaterThan{Float64} : [14, 14]
  VariableRef in MOI.LessThan{Float64}    : [11, 11]
numerical stability report
  matrix range     [1e+00, 2e+02]
  objective range  [1e+00, 1e+06]
  bounds range     [4e-01, 6e+00]
  rhs range        [5e-01, 5e+00]
-------------------------------------------------------------------
 iteration    simulation      bound        time (s)     solves  pid
-------------------------------------------------------------------
         1   1.747989e+04  3.408578e+04  6.320500e-02         7   1
         2   3.577784e+06  6.515434e+04  7.755451e-01        74   1
         3   4.899775e+06  6.912399e+04  2.973528e+00       225   1
         4   3.977899e+05  2.752317e+05  3.993686e+00       292   1
         5   3.251961e+06  3.022455e+05  6.887732e+00       475   1
         6   4.512524e+05  3.746053e+05  8.447419e+00       562   1
         7   1.416421e+05  3.786286e+05  8.937993e+00       593   1
         8   3.495977e+04  3.817190e+05  9.110446e+00       604   1
         9   1.043510e+06  3.819204e+05  1.223140e+01       795   1
        10   6.106955e+05  4.081454e+05  1.399600e+01       906   1
-------------------------------------------------------------------
status         : iteration_limit
total time (s) : 1.399600e+01
total solves   : 906
best bound     :  4.081454e+05
simulation ci  :  1.442685e+06 ± 1.101317e+06
numeric issues : 0
-------------------------------------------------------------------

-------------------------------------------------------------------
         SDDP.jl (c) Oscar Dowson and contributors, 2017-23
-------------------------------------------------------------------
problem
  nodes           : 1
  state variables : 1
  scenarios       : Inf
  existing cuts   : false
options
  solver          : serial mode
  risk measure    : SDDP.Expectation()
  sampling scheme : SDDP.InSampleMonteCarlo
subproblem structure
  VariableRef                             : [48, 48]
  AffExpr in MOI.EqualTo{Float64}         : [12, 12]
  AffExpr in MOI.GreaterThan{Float64}     : [6, 6]
  AffExpr in MOI.LessThan{Float64}        : [6, 6]
  QuadExpr in MOI.LessThan{Float64}       : [12, 12]
  VariableRef in MOI.GreaterThan{Float64} : [42, 42]
  VariableRef in MOI.LessThan{Float64}    : [39, 39]
numerical stability report
  matrix range     [1e+00, 1e+00]
  objective range  [1e+00, 1e+06]
  bounds range     [3e-01, 6e+00]
  rhs range        [5e-01, 2e+01]
-------------------------------------------------------------------
 iteration    simulation      bound        time (s)     solves  pid
-------------------------------------------------------------------
         1   1.784662e+05  5.095073e+04  1.084860e+00        39   1
         2   2.332491e+06  8.432111e+04  5.269468e+00       170   1
         3   2.197156e+06  1.369431e+05  1.003923e+01       313   1
         4   3.927345e+05  2.625789e+05  1.287418e+01       384   1
         5   1.309677e+05  2.914677e+05  1.397023e+01       415   1
         6   1.504558e+05  3.116299e+05  1.505782e+01       446   1
         7   6.643355e+06  3.261671e+05  2.531039e+01       729   1
         8   1.466503e+05  3.480484e+05  2.649853e+01       756   1
         9   1.546404e+06  3.719378e+05  3.404416e+01       967   1
        10   4.286675e+04  3.785858e+05  3.444311e+01       978   1
-------------------------------------------------------------------
status         : iteration_limit
total time (s) : 3.444311e+01
total solves   : 978
best bound     :  3.785858e+05
simulation ci  :  1.376155e+06 ± 1.275335e+06
numeric issues : 0
-------------------------------------------------------------------

-------------------------------------------------------------------
         SDDP.jl (c) Oscar Dowson and contributors, 2017-23
-------------------------------------------------------------------
problem
  nodes           : 1
  state variables : 1
  scenarios       : Inf
  existing cuts   : false
options
  solver          : serial mode
  risk measure    : SDDP.Expectation()
  sampling scheme : SDDP.InSampleMonteCarlo
subproblem structure
  VariableRef                             : [20, 20]
  AffExpr in MOI.EqualTo{Float64}         : [13, 13]
  AffExpr in MOI.GreaterThan{Float64}     : [6, 6]
  AffExpr in MOI.LessThan{Float64}        : [6, 6]
  VariableRef in MOI.GreaterThan{Float64} : [14, 14]
  VariableRef in MOI.LessThan{Float64}    : [11, 11]
numerical stability report
  matrix range     [1e+00, 2e+02]
  objective range  [1e+00, 1e+06]
  bounds range     [4e-01, 6e+00]
  rhs range        [5e-01, 5e+00]
-------------------------------------------------------------------
 iteration    simulation      bound        time (s)     solves  pid
-------------------------------------------------------------------
         1   9.098411e+06  5.212314e+04  2.655979e+00       177   1
         2   1.231844e+06  6.212804e+04  7.014910e+00       342   1
         3   1.270950e+05  1.367101e+05  7.385092e+00       360   1
         4   4.286675e+04  1.669732e+05  7.688852e+00       369   1
         5   6.695441e+05  3.142859e+05  9.387445e+00       432   1
         6   6.813000e+05  3.310629e+05  1.187850e+01       528   1
         7   4.893232e+05  3.374427e+05  1.377527e+01       594   1
         8   1.130983e+06  4.140815e+05  1.802461e+01       744   1
         9   7.274206e+05  4.151624e+05  2.112643e+01       828   1
        10   6.733388e+05  4.204695e+05  2.440954e+01       924   1
-------------------------------------------------------------------
status         : iteration_limit
total time (s) : 2.440954e+01
total solves   : 924
best bound     :  4.204695e+05
simulation ci  :  1.487213e+06 ± 1.673503e+06
numeric issues : 0
-------------------------------------------------------------------

-------------------------------------------------------------------
         SDDP.jl (c) Oscar Dowson and contributors, 2017-23
-------------------------------------------------------------------
problem
  nodes           : 5
  state variables : 1
  scenarios       : 1.08000e+02
  existing cuts   : false
options
  solver          : serial mode
  risk measure    : SDDP.Expectation()
  sampling scheme : SDDP.InSampleMonteCarlo
subproblem structure
  VariableRef                             : [7, 7]
  AffExpr in MOI.EqualTo{Float64}         : [2, 2]
  VariableRef in MOI.GreaterThan{Float64} : [5, 5]
  VariableRef in MOI.LessThan{Float64}    : [1, 2]
-------------------------------------------------------------------
 iteration    simulation      bound        time (s)     solves  pid
-------------------------------------------------------------------
         1   9.375000e+03  1.991887e+03  1.453590e-02        18   1
         2   1.336920e+04  7.701344e+03  1.658678e-02        36   1
         3   5.000000e+03  7.975336e+03  1.836991e-02        54   1
         4   1.312500e+04  8.072917e+03  2.067685e-02        72   1
         5   1.312500e+04  8.072917e+03  2.326798e-02        90   1
         6   1.875000e+03  8.072917e+03  2.583289e-02       108   1
         7   1.875000e+03  8.072917e+03  2.839684e-02       126   1
         8   1.875000e+03  8.072917e+03  3.087187e-02       144   1
         9   1.875000e+03  8.072917e+03  3.317785e-02       162   1
        10   2.750000e+04  8.072917e+03  3.576183e-02       180   1
        11   1.125000e+04  8.072917e+03  3.826690e-02       198   1
        12   5.000000e+03  8.072917e+03  4.092097e-02       216   1
        13   1.875000e+03  8.072917e+03  4.349589e-02       234   1
        14   1.125000e+04  8.072917e+03  4.627800e-02       252   1
        15   5.000000e+03  8.072917e+03  4.866600e-02       270   1
        16   1.875000e+03  8.072917e+03  5.141377e-02       288   1
        17   1.125000e+04  8.072917e+03  5.417395e-02       306   1
        18   1.875000e+03  8.072917e+03  5.657101e-02       324   1
        19   1.875000e+03  8.072917e+03  5.905199e-02       342   1
        20   1.875000e+03  8.072917e+03  6.150579e-02       360   1
-------------------------------------------------------------------
status         : iteration_limit
total time (s) : 6.150579e-02
total solves   : 360
best bound     :  8.072917e+03
simulation ci  :  7.105960e+03 ± 2.920753e+03
numeric issues : 0
-------------------------------------------------------------------

-------------------------------------------------------------------
         SDDP.jl (c) Oscar Dowson and contributors, 2017-23
-------------------------------------------------------------------
problem
  nodes           : 3
  state variables : 1
  scenarios       : 1.00000e+00
  existing cuts   : false
options
  solver          : serial mode
  risk measure    : SDDP.Expectation()
  sampling scheme : SDDP.InSampleMonteCarlo
subproblem structure
  VariableRef                             : [5, 5]
  AffExpr in MOI.EqualTo{Float64}         : [2, 2]
  VariableRef in MOI.GreaterThan{Float64} : [4, 4]
  VariableRef in MOI.LessThan{Float64}    : [1, 1]
-------------------------------------------------------------------
 iteration    simulation      bound        time (s)     solves  pid
-------------------------------------------------------------------
         1   6.500000e+00  3.000000e+00  2.809048e-03         6   1
         2   3.500000e+00  3.500000e+00  3.790140e-03        12   1
         3   3.500000e+00  3.500000e+00  4.758120e-03        18   1
         4   3.500000e+00  3.500000e+00  5.766153e-03        24   1
         5   3.500000e+00  3.500000e+00  6.737232e-03        30   1
-------------------------------------------------------------------
status         : iteration_limit
total time (s) : 6.737232e-03
total solves   : 30
best bound     :  3.500000e+00
simulation ci  :  4.100000e+00 ± 1.176000e+00
numeric issues : 0
-------------------------------------------------------------------

-------------------------------------------------------------------
         SDDP.jl (c) Oscar Dowson and contributors, 2017-23
-------------------------------------------------------------------
problem
  nodes           : 3
  state variables : 1
  scenarios       : 1.00000e+00
  existing cuts   : false
options
  solver          : serial mode
  risk measure    : SDDP.Expectation()
  sampling scheme : SDDP.InSampleMonteCarlo
subproblem structure
  VariableRef                             : [5, 5]
  AffExpr in MOI.EqualTo{Float64}         : [2, 2]
  VariableRef in MOI.GreaterThan{Float64} : [4, 4]
  VariableRef in MOI.LessThan{Float64}    : [1, 1]
-------------------------------------------------------------------
 iteration    simulation      bound        time (s)     solves  pid
-------------------------------------------------------------------
         1   6.500000e+00  1.100000e+01  2.693892e-03         6   1
         2   5.500000e+00  1.100000e+01  3.415823e-03        12   1
         3   5.500000e+00  1.100000e+01  4.263878e-03        18   1
         4   5.500000e+00  1.100000e+01  5.135059e-03        24   1
         5   5.500000e+00  1.100000e+01  6.031990e-03        30   1
-------------------------------------------------------------------
status         : iteration_limit
total time (s) : 6.031990e-03
total solves   : 30
best bound     :  1.100000e+01
simulation ci  :  5.700000e+00 ± 3.920000e-01
numeric issues : 0
-------------------------------------------------------------------

