-------------------------------------------------------------------
         SDDP.jl (c) Oscar Dowson and contributors, 2017-23
-------------------------------------------------------------------
problem
  nodes           : 3
  state variables : 1
  scenarios       : 1.33100e+03
  existing cuts   : true
options
  solver          : serial mode
  risk measure    : SDDP.Expectation()
  sampling scheme : SDDP.InSampleMonteCarlo
subproblem structure
  VariableRef                             : [9, 9]
  AffExpr in MOI.EqualTo{Float64}         : [2, 4]
  AffExpr in MOI.GreaterThan{Float64}     : [3, 7]
  VariableRef in MOI.EqualTo{Float64}     : [1, 1]
  VariableRef in MOI.GreaterThan{Float64} : [8, 8]
  VariableRef in MOI.LessThan{Float64}    : [5, 6]
-------------------------------------------------------------------
 iteration    simulation      bound        time (s)     solves  pid
-------------------------------------------------------------------
         1   8.650000e+02  5.500000e+02  2.958059e-03       707   1
        10   2.950000e+02  5.736664e+02  9.371495e-02      1331   1
-------------------------------------------------------------------
status         : iteration_limit
total time (s) : 9.371495e-02
total solves   : 1331
best bound     :  5.736664e+02
simulation ci  :  5.385000e+02 ± 1.500112e+02
numeric issues : 0
-------------------------------------------------------------------

