-------------------------------------------------------------------
         SDDP.jl (c) Oscar Dowson and contributors, 2017-25
-------------------------------------------------------------------
problem
  nodes           : 3
  state variables : 1
  scenarios       : 1.00000e+00
  existing cuts   : false
options
  solver          : serial mode
  risk measure    : SDDP.Expectation()
  sampling scheme : SDDP.InSampleMonteCarlo
subproblem structure
  VariableRef                             : [5, 5]
  AffExpr in MOI.EqualTo{Float64}         : [1, 1]
  VariableRef in MOI.GreaterThan{Float64} : [4, 4]
  VariableRef in MOI.Integer              : [2, 2]
  VariableRef in MOI.LessThan{Float64}    : [2, 3]
numerical stability report
  matrix range     [1e+00, 1e+00]
  objective range  [1e+00, 6e+00]
  bounds range     [1e+02, 2e+02]
  rhs range        [2e+02, 2e+02]
-------------------------------------------------------------------
 iteration    simulation      bound        time (s)     solves  pid
-------------------------------------------------------------------
         1   9.000000e+02  9.000000e+02  3.495998e-01         6   1
         2   9.000000e+02  9.000000e+02  3.593080e-01        15   1
         3S  9.000000e+02  9.000000e+02  4.420490e-01        21   1
         4   9.000000e+02  9.000000e+02  4.476950e-01        27   1
         5S  9.000000e+02  9.000000e+02  4.510000e-01        33   1
         6   9.000000e+02  9.000000e+02  4.534090e-01        39   1
         7S  9.000000e+02  9.000000e+02  4.566219e-01        45   1
         8   9.000000e+02  9.000000e+02  4.590569e-01        51   1
         9S  9.000000e+02  9.000000e+02  4.623590e-01        57   1
        10   9.000000e+02  9.000000e+02  4.648020e-01        63   1
        11S  9.000000e+02  9.000000e+02  4.680848e-01        69   1
        12   9.000000e+02  9.000000e+02  4.705338e-01        75   1
        13S  9.000000e+02  9.000000e+02  4.737990e-01        81   1
        14   9.000000e+02  9.000000e+02  4.762859e-01        87   1
        15S  9.000000e+02  9.000000e+02  4.796329e-01        93   1
        16   9.000000e+02  9.000000e+02  4.821339e-01        99   1
        17S  9.000000e+02  9.000000e+02  4.854429e-01       105   1
        18   9.000000e+02  9.000000e+02  4.879379e-01       111   1
        19S  9.000000e+02  9.000000e+02  4.912820e-01       117   1
        20   9.000000e+02  9.000000e+02  4.938509e-01       123   1
-------------------------------------------------------------------
status         : simulation_stopping
total time (s) : 4.938509e-01
total solves   : 123
best bound     :  9.000000e+02
simulation ci  :  9.000000e+02 ± 0.000000e+00
numeric issues : 0
-------------------------------------------------------------------

-------------------------------------------------------------------
         SDDP.jl (c) Oscar Dowson and contributors, 2017-25
-------------------------------------------------------------------
problem
  nodes           : 3
  state variables : 1
  scenarios       : 1.00000e+00
  existing cuts   : false
options
  solver          : serial mode
  risk measure    : SDDP.Expectation()
  sampling scheme : SDDP.InSampleMonteCarlo
subproblem structure
  VariableRef                             : [5, 5]
  AffExpr in MOI.EqualTo{Float64}         : [1, 1]
  VariableRef in MOI.GreaterThan{Float64} : [4, 4]
  VariableRef in MOI.Integer              : [2, 2]
  VariableRef in MOI.LessThan{Float64}    : [2, 3]
numerical stability report
  matrix range     [1e+00, 1e+00]
  objective range  [1e+00, 6e+00]
  bounds range     [1e+02, 2e+02]
  rhs range        [2e+02, 2e+02]
-------------------------------------------------------------------
 iteration    simulation      bound        time (s)     solves  pid
-------------------------------------------------------------------
         1   9.000000e+02  9.000000e+02  3.997710e-01         6   1
        20   9.000000e+02  9.000000e+02  5.961089e-01       123   1
-------------------------------------------------------------------
status         : simulation_stopping
total time (s) : 5.961089e-01
total solves   : 123
best bound     :  9.000000e+02
simulation ci  :  9.000000e+02 ± 0.000000e+00
numeric issues : 0
-------------------------------------------------------------------

-------------------------------------------------------------------
         SDDP.jl (c) Oscar Dowson and contributors, 2017-25
-------------------------------------------------------------------
problem
  nodes           : 12
  state variables : 1
  scenarios       : 1.00000e+00
  existing cuts   : false
options
  solver          : Threaded()
  risk measure    : SDDP.Expectation()
  sampling scheme : SDDP.InSampleMonteCarlo
subproblem structure
  VariableRef                             : [3, 3]
  VariableRef in MOI.GreaterThan{Float64} : [2, 2]
  VariableRef in MOI.LessThan{Float64}    : [1, 1]
numerical stability report
  matrix range     [0e+00, 0e+00]
  objective range  [1e+00, 1e+00]
  bounds range     [0e+00, 0e+00]
  rhs range        [0e+00, 0e+00]
-------------------------------------------------------------------
 iteration    simulation      bound        time (s)     solves  pid
-------------------------------------------------------------------
         1   0.000000e+00  0.000000e+00  1.274080e-01        83   4
         2   0.000000e+00  0.000000e+00  1.323731e-01        96   3
         3   0.000000e+00  0.000000e+00  1.378350e-01       120   4
         4   0.000000e+00  0.000000e+00  1.383910e-01       130   2
         5   0.000000e+00  0.000000e+00  1.385710e-01       135   1
         6   0.000000e+00  0.000000e+00  1.400671e-01       192   3
         7   0.000000e+00  0.000000e+00  1.412439e-01       214   4
         8   0.000000e+00  0.000000e+00  1.414230e-01       216   1
         9   0.000000e+00  0.000000e+00  1.421101e-01       242   1
        10   0.000000e+00  0.000000e+00  1.442490e-01       283   3
        11   0.000000e+00  0.000000e+00  1.444490e-01       286   3
        12   0.000000e+00  0.000000e+00  1.450830e-01       302   4
        13   0.000000e+00  0.000000e+00  1.463602e-01       312   2
-------------------------------------------------------------------
status         : iteration_limit
total time (s) : 1.463602e-01
total solves   : 312
best bound     :  0.000000e+00
simulation ci  :  0.000000e+00 ± 0.000000e+00
numeric issues : 0
-------------------------------------------------------------------

