-------------------------------------------------------------------
         SDDP.jl (c) Oscar Dowson and contributors, 2017-23
-------------------------------------------------------------------
problem
  nodes           : 3
  state variables : 1
  scenarios       : 1.33100e+03
  existing cuts   : true
options
  solver          : serial mode
  risk measure    : SDDP.Expectation()
  sampling scheme : SDDP.InSampleMonteCarlo
subproblem structure
  VariableRef                             : [9, 9]
  AffExpr in MOI.EqualTo{Float64}         : [2, 4]
  AffExpr in MOI.GreaterThan{Float64}     : [3, 48]
  VariableRef in MOI.EqualTo{Float64}     : [1, 1]
  VariableRef in MOI.GreaterThan{Float64} : [8, 8]
  VariableRef in MOI.LessThan{Float64}    : [5, 6]
-------------------------------------------------------------------
 iteration    simulation      bound        time (s)     solves  pid
-------------------------------------------------------------------
         1   2.506250e+02  5.205513e+02  4.812002e-03      5404   1
        10   2.631250e+02  5.213230e+02  9.804893e-02      6028   1
-------------------------------------------------------------------
status         : iteration_limit
total time (s) : 9.804893e-02
total solves   : 6028
best bound     :  5.213230e+02
simulation ci  :  3.949359e+02 ± 1.019543e+02
numeric issues : 0
-------------------------------------------------------------------

