-------------------------------------------------------------------
         SDDP.jl (c) Oscar Dowson and contributors, 2017-23
-------------------------------------------------------------------
problem
  nodes           : 3
  state variables : 1
  scenarios       : 1.33100e+03
  existing cuts   : true
options
  solver          : serial mode
  risk measure    : SDDP.Expectation()
  sampling scheme : SDDP.InSampleMonteCarlo
subproblem structure
  VariableRef                             : [9, 9]
  AffExpr in MOI.EqualTo{Float64}         : [2, 4]
  AffExpr in MOI.GreaterThan{Float64}     : [3, 54]
  VariableRef in MOI.EqualTo{Float64}     : [1, 1]
  VariableRef in MOI.GreaterThan{Float64} : [8, 8]
  VariableRef in MOI.LessThan{Float64}    : [5, 6]
-------------------------------------------------------------------
 iteration    simulation      bound        time (s)     solves  pid
-------------------------------------------------------------------
         1   7.187500e+01  5.937500e+01  3.700018e-03      6075   1
        10   7.812500e+01  5.938557e+01  8.120012e-02      6699   1
-------------------------------------------------------------------
status         : iteration_limit
total time (s) : 8.120012e-02
total solves   : 6699
best bound     :  5.938557e+01
simulation ci  :  6.668502e+01 ± 1.171871e+01
numeric issues : 0
-------------------------------------------------------------------

