-------------------------------------------------------------------
         SDDP.jl (c) Oscar Dowson and contributors, 2017-23
-------------------------------------------------------------------
problem
  nodes           : 3
  state variables : 1
  scenarios       : 1.33100e+03
  existing cuts   : true
options
  solver          : serial mode
  risk measure    : SDDP.Expectation()
  sampling scheme : SDDP.InSampleMonteCarlo
subproblem structure
  VariableRef                             : [9, 9]
  AffExpr in MOI.EqualTo{Float64}         : [2, 4]
  AffExpr in MOI.GreaterThan{Float64}     : [3, 14]
  VariableRef in MOI.EqualTo{Float64}     : [1, 1]
  VariableRef in MOI.GreaterThan{Float64} : [8, 8]
  VariableRef in MOI.LessThan{Float64}    : [5, 6]
-------------------------------------------------------------------
 iteration    simulation      bound        time (s)     solves  pid
-------------------------------------------------------------------
         1   5.675000e+02  3.346337e+02  3.241062e-03      1378   1
        10   4.370755e+02  3.468727e+02  7.615304e-02      2002   1
-------------------------------------------------------------------
status         : iteration_limit
total time (s) : 7.615304e-02
total solves   : 2002
best bound     :  3.468727e+02
simulation ci  :  3.604575e+02 ± 7.003395e+01
numeric issues : 0
-------------------------------------------------------------------

