-------------------------------------------------------------------
         SDDP.jl (c) Oscar Dowson and contributors, 2017-25
-------------------------------------------------------------------
problem
  nodes           : 2
  state variables : 1
  scenarios       : 2.00000e+00
  existing cuts   : false
options
  solver          : serial mode
  risk measure    : SDDP.Expectation()
  sampling scheme : SDDP.InSampleMonteCarlo
subproblem structure
  VariableRef                             : [6, 6]
  AffExpr in MOI.GreaterThan{Float64}     : [1, 1]
  AffExpr in MOI.LessThan{Float64}        : [1, 1]
  VariableRef in MOI.EqualTo{Float64}     : [1, 1]
  VariableRef in MOI.GreaterThan{Float64} : [3, 4]
  VariableRef in MOI.LessThan{Float64}    : [2, 2]
numerical stability report
  matrix range     [1e+00, 1e+00]
  objective range  [1e+00, 5e+00]
  bounds range     [8e+00, 8e+00]
  rhs range        [6e+00, 6e+00]
-------------------------------------------------------------------
 iteration    simulation      bound        time (s)     solves  pid
-------------------------------------------------------------------
         1   0.000000e+00 -1.000000e+01  4.437923e-03         5   1
        20   0.000000e+00 -1.000000e+01  1.530194e-02       104   1
-------------------------------------------------------------------
status         : simulation_stopping
total time (s) : 1.530194e-02
total solves   : 104
best bound     : -1.000000e+01
simulation ci  : -9.000000e+00 ± 4.474009e+00
numeric issues : 0
-------------------------------------------------------------------

-------------------------------------------------------------------
         SDDP.jl (c) Oscar Dowson and contributors, 2017-25
-------------------------------------------------------------------
problem
  nodes           : 3
  state variables : 2
  scenarios       : 4.00000e+00
  existing cuts   : false
options
  solver          : serial mode
  risk measure    : SDDP.Expectation()
  sampling scheme : SDDP.InSampleMonteCarlo
subproblem structure
  VariableRef                             : [8, 8]
  AffExpr in MOI.LessThan{Float64}        : [3, 3]
  VariableRef in MOI.EqualTo{Float64}     : [1, 1]
  VariableRef in MOI.GreaterThan{Float64} : [5, 5]
  VariableRef in MOI.LessThan{Float64}    : [1, 1]
numerical stability report
  matrix range     [1e+00, 1e+00]
  objective range  [2e-01, 3e+00]
  bounds range     [5e+01, 5e+01]
  rhs range        [0e+00, 0e+00]
-------------------------------------------------------------------
 iteration    simulation      bound        time (s)     solves  pid
-------------------------------------------------------------------
         5  -2.396000e+01 -2.396000e+01  9.946108e-03        52   1
        10  -4.260000e+01 -2.396000e+01  1.357698e-02        92   1
        15  -4.260000e+01 -2.396000e+01  1.741600e-02       132   1
        20  -4.260000e+01 -2.396000e+01  2.147198e-02       172   1
        25  -2.396000e+01 -2.396000e+01  2.666903e-02       224   1
        30  -4.260000e+01 -2.396000e+01  3.123808e-02       264   1
        35  -2.396000e+01 -2.396000e+01  3.608799e-02       304   1
        40  -2.396000e+01 -2.396000e+01  4.122305e-02       344   1
-------------------------------------------------------------------
status         : simulation_stopping
total time (s) : 4.122305e-02
total solves   : 344
best bound     : -2.396000e+01
simulation ci  : -2.660914e+01 ± 3.908038e+00
numeric issues : 0
-------------------------------------------------------------------

────────────────────────────────────────────────────────────────────
                           Time                    Allocations      
                  ───────────────────────   ────────────────────────
Tot / % measured:     74.0ms /   0.0%           23.4MiB /   0.0%    

Section   ncalls     time    %tot     avg     alloc    %tot      avg
────────────────────────────────────────────────────────────────────
────────────────────────────────────────────────────────────────────

-------------------------------------------------------------------
         SDDP.jl (c) Oscar Dowson and contributors, 2017-25
-------------------------------------------------------------------
problem
  nodes           : 3
  state variables : 2
  scenarios       : 4.00000e+00
  existing cuts   : false
options
  solver          : serial mode
  risk measure    : SDDP.Expectation()
  sampling scheme : SDDP.InSampleMonteCarlo
subproblem structure
  VariableRef                             : [8, 8]
  AffExpr in MOI.LessThan{Float64}        : [3, 3]
  VariableRef in MOI.EqualTo{Float64}     : [1, 1]
  VariableRef in MOI.GreaterThan{Float64} : [5, 5]
  VariableRef in MOI.LessThan{Float64}    : [1, 1]
numerical stability report
  matrix range     [1e+00, 1e+00]
  objective range  [2e-01, 3e+00]
  bounds range     [5e+01, 5e+01]
  rhs range        [0e+00, 0e+00]
-------------------------------------------------------------------
 iteration    simulation      bound        time (s)     solves  pid
-------------------------------------------------------------------
         5  -5.320000e+00 -2.396000e+01  8.381844e-03        52   1
        10  -5.320000e+00 -2.396000e+01  1.242089e-02        92   1
        15  -2.396000e+01 -2.396000e+01  1.687694e-02       132   1
        20  -5.320000e+00 -2.396000e+01  2.205801e-02       172   1
        25  -4.260000e+01 -2.396000e+01  2.850294e-02       224   1
        30  -2.396000e+01 -2.396000e+01  3.461385e-02       264   1
        35  -2.396000e+01 -2.396000e+01  4.130983e-02       304   1
        40  -2.396000e+01 -2.396000e+01  4.869199e-02       344   1
-------------------------------------------------------------------
status         : simulation_stopping
total time (s) : 4.869199e-02
total solves   : 344
best bound     : -2.396000e+01
simulation ci  : -1.957570e+01 ± 3.890802e+00
numeric issues : 0
-------------------------------------------------------------------

────────────────────────────────────────────────────────────────────
                           Time                    Allocations      
                  ───────────────────────   ────────────────────────
Tot / % measured:     52.1ms /   0.0%           29.4MiB /   0.0%    

Section   ncalls     time    %tot     avg     alloc    %tot      avg
────────────────────────────────────────────────────────────────────
────────────────────────────────────────────────────────────────────

-------------------------------------------------------------------
         SDDP.jl (c) Oscar Dowson and contributors, 2017-25
-------------------------------------------------------------------
problem
  nodes           : 2
  state variables : 1
  scenarios       : 2.00000e+00
  existing cuts   : false
options
  solver          : serial mode
  risk measure    : SDDP.Expectation()
  sampling scheme : SDDP.InSampleMonteCarlo
subproblem structure
  VariableRef                             : [3, 4]
  AffExpr in MOI.LessThan{Float64}        : [1, 1]
  VariableRef in MOI.GreaterThan{Float64} : [2, 3]
  VariableRef in MOI.LessThan{Float64}    : [2, 2]
numerical stability report
  matrix range     [1e+00, 1e+00]
  objective range  [1e+00, 2e+00]
  bounds range     [2e+00, 5e+00]
  rhs range        [0e+00, 0e+00]
-------------------------------------------------------------------
 iteration    simulation      bound        time (s)     solves  pid
-------------------------------------------------------------------
         1   0.000000e+00 -2.500000e+00  3.571987e-03         5   1
         2  -1.500000e+00 -2.000000e+00  4.623175e-03        14   1
         3  -1.000000e+00 -2.000000e+00  5.233049e-03        19   1
         4  -1.000000e+00 -2.000000e+00  5.666971e-03        24   1
         5  -1.000000e+00 -2.000000e+00  6.097078e-03        29   1
         6  -1.000000e+00 -2.000000e+00  6.539106e-03        34   1
         7  -3.000000e+00 -2.000000e+00  6.967068e-03        39   1
         8  -1.000000e+00 -2.000000e+00  7.445097e-03        44   1
         9  -3.000000e+00 -2.000000e+00  7.878065e-03        49   1
        10  -3.000000e+00 -2.000000e+00  8.342028e-03        54   1
        11  -1.000000e+00 -2.000000e+00  8.780956e-03        59   1
        12  -3.000000e+00 -2.000000e+00  9.238958e-03        64   1
        13  -3.000000e+00 -2.000000e+00  9.687185e-03        69   1
        14  -1.000000e+00 -2.000000e+00  1.013398e-02        74   1
        15  -1.000000e+00 -2.000000e+00  1.061106e-02        79   1
        16  -1.000000e+00 -2.000000e+00  1.107216e-02        84   1
        17  -1.000000e+00 -2.000000e+00  1.156116e-02        89   1
        18  -3.000000e+00 -2.000000e+00  1.202607e-02        94   1
        19  -1.000000e+00 -2.000000e+00  1.252103e-02        99   1
        20  -1.000000e+00 -2.000000e+00  1.302505e-02       104   1
        21  -1.000000e+00 -2.000000e+00  1.385903e-02       113   1
        22  -3.000000e+00 -2.000000e+00  1.437211e-02       118   1
        23  -3.000000e+00 -2.000000e+00  1.488614e-02       123   1
        24  -1.000000e+00 -2.000000e+00  1.540613e-02       128   1
        25  -1.000000e+00 -2.000000e+00  1.591516e-02       133   1
        26  -1.000000e+00 -2.000000e+00  1.644516e-02       138   1
        27  -3.000000e+00 -2.000000e+00  1.695919e-02       143   1
        28  -1.000000e+00 -2.000000e+00  1.750517e-02       148   1
        29  -3.000000e+00 -2.000000e+00  1.804519e-02       153   1
        30  -3.000000e+00 -2.000000e+00  1.860905e-02       158   1
        31  -3.000000e+00 -2.000000e+00  1.915503e-02       163   1
        32  -1.000000e+00 -2.000000e+00  1.971316e-02       168   1
        33  -3.000000e+00 -2.000000e+00  2.027798e-02       173   1
        34  -3.000000e+00 -2.000000e+00  2.083516e-02       178   1
        35  -3.000000e+00 -2.000000e+00  2.140117e-02       183   1
        36  -3.000000e+00 -2.000000e+00  2.197409e-02       188   1
        37  -3.000000e+00 -2.000000e+00  2.255201e-02       193   1
        38  -3.000000e+00 -2.000000e+00  2.318597e-02       198   1
        39  -1.000000e+00 -2.000000e+00  2.381110e-02       203   1
        40  -3.000000e+00 -2.000000e+00  2.444816e-02       208   1
-------------------------------------------------------------------
status         : simulation_stopping
total time (s) : 2.444816e-02
total solves   : 208
best bound     : -2.000000e+00
simulation ci  : -1.937500e+00 ± 3.219605e-01
numeric issues : 0
-------------------------------------------------------------------

-------------------------------------------------------------------
         SDDP.jl (c) Oscar Dowson and contributors, 2017-25
-------------------------------------------------------------------
problem
  nodes           : 3
  state variables : 1
  scenarios       : Inf
  existing cuts   : false
options
  solver          : serial mode
  risk measure    : SDDP.Expectation()
  sampling scheme : SDDP.InSampleMonteCarlo
subproblem structure
  VariableRef                             : [6, 6]
  AffExpr in MOI.EqualTo{Float64}         : [2, 2]
  VariableRef in MOI.GreaterThan{Float64} : [5, 5]
  VariableRef in MOI.LessThan{Float64}    : [1, 1]
numerical stability report
  matrix range     [1e+00, 1e+00]
  objective range  [1e+00, 3e+00]
  bounds range     [5e+00, 2e+01]
  rhs range        [2e+00, 1e+01]
-------------------------------------------------------------------
 iteration    simulation      bound        time (s)     solves  pid
-------------------------------------------------------------------
         1   2.390000e+02  6.216295e+01  1.087120e-01       183   1
        33   9.531154e+02  2.351331e+02  1.248929e+00      8715   1
        58   3.561086e+02  2.362697e+02  2.293141e+00     15078   1
        74   9.550751e+02  2.364090e+02  3.472691e+00     21198   1
        97   4.655029e+02  2.364295e+02  4.500360e+00     26115   1
       100   1.164997e+02  2.364302e+02  4.614404e+00     26640   1
-------------------------------------------------------------------
status         : iteration_limit
total time (s) : 4.614404e+00
total solves   : 26640
best bound     :  2.364302e+02
simulation ci  :  2.593751e+02 ± 5.185751e+01
numeric issues : 0
-------------------------------------------------------------------

-------------------------------------------------------------------
         SDDP.jl (c) Oscar Dowson and contributors, 2017-25
-------------------------------------------------------------------
problem
  nodes           : 5
  state variables : 3
  scenarios       : 1.43489e+07
  existing cuts   : false
options
  solver          : serial mode
  risk measure    : SDDP.Expectation()
  sampling scheme : SDDP.InSampleMonteCarlo
subproblem structure
  VariableRef                             : [13, 13]
  AffExpr in MOI.EqualTo{Float64}         : [3, 3]
  AffExpr in MOI.LessThan{Float64}        : [1, 1]
  VariableRef in MOI.EqualTo{Float64}     : [3, 3]
  VariableRef in MOI.GreaterThan{Float64} : [7, 7]
  VariableRef in MOI.LessThan{Float64}    : [6, 7]
numerical stability report
  matrix range     [1e+00, 1e+00]
  objective range  [3e-01, 2e+00]
  bounds range     [5e-01, 5e+00]
  rhs range        [2e+00, 2e+00]
-------------------------------------------------------------------
 iteration    simulation      bound        time (s)     solves  pid
-------------------------------------------------------------------
        10  -3.878303e+00 -4.434982e+00  2.107940e-01      1400   1
        20  -4.235800e+00 -4.403620e+00  3.446090e-01      2800   1
        30  -3.115997e+00 -4.381585e+00  4.832449e-01      4200   1
        40  -3.761147e+00 -4.369123e+00  6.309619e-01      5600   1
        50  -4.230230e+00 -4.363943e+00  7.852640e-01      7000   1
        60  -3.653084e+00 -4.360307e+00  9.406300e-01      8400   1
        70  -4.031867e+00 -4.357921e+00  1.127126e+00      9800   1
        80  -4.295103e+00 -4.355602e+00  1.287905e+00     11200   1
        90  -4.509149e+00 -4.354346e+00  1.453086e+00     12600   1
       100  -4.178952e+00 -4.352068e+00  1.616173e+00     14000   1
-------------------------------------------------------------------
status         : iteration_limit
total time (s) : 1.616173e+00
total solves   : 14000
best bound     : -4.352068e+00
simulation ci  : -4.250281e+00 ± 8.657687e-02
numeric issues : 0
-------------------------------------------------------------------

-------------------------------------------------------------------
         SDDP.jl (c) Oscar Dowson and contributors, 2017-25
-------------------------------------------------------------------
problem
  nodes           : 5
  state variables : 1
  scenarios       : 1.00000e+05
  existing cuts   : false
options
  solver          : serial mode
  risk measure    : SDDP.Expectation()
  sampling scheme : SDDP.InSampleMonteCarlo
subproblem structure
  VariableRef                             : [5, 5]
  AffExpr in MOI.EqualTo{Float64}         : [1, 1]
  VariableRef in MOI.EqualTo{Float64}     : [1, 1]
  VariableRef in MOI.GreaterThan{Float64} : [3, 3]
  VariableRef in MOI.LessThan{Float64}    : [2, 3]
numerical stability report
  matrix range     [1e+00, 1e+00]
  objective range  [3e-01, 2e+00]
  bounds range     [5e-01, 2e+00]
  rhs range        [0e+00, 0e+00]
-------------------------------------------------------------------
 iteration    simulation      bound        time (s)     solves  pid
-------------------------------------------------------------------
        10  -1.573154e+00 -1.474247e+00  8.160186e-02      1050   1
        20  -1.346690e+00 -1.471483e+00  1.245461e-01      1600   1
        30  -1.308031e+00 -1.471307e+00  2.185719e-01      2650   1
        40  -1.401200e+00 -1.471167e+00  2.642639e-01      3200   1
        50  -1.557483e+00 -1.471097e+00  3.998730e-01      4250   1
        60  -1.534169e+00 -1.471075e+00  4.466739e-01      4800   1
        65  -1.689864e+00 -1.471075e+00  4.706130e-01      5075   1
-------------------------------------------------------------------
status         : simulation_stopping
total time (s) : 4.706130e-01
total solves   : 5075
best bound     : -1.471075e+00
simulation ci  : -1.484084e+00 ± 4.058719e-02
numeric issues : 0
-------------------------------------------------------------------

-------------------------------------------------------------------
         SDDP.jl (c) Oscar Dowson and contributors, 2017-25
-------------------------------------------------------------------
problem
  nodes           : 2
  state variables : 4
  scenarios       : 2.00000e+00
  existing cuts   : false
options
  solver          : serial mode
  risk measure    : SDDP.Expectation()
  sampling scheme : SDDP.InSampleMonteCarlo
subproblem structure
  VariableRef                             : [29, 29]
  AffExpr in MOI.EqualTo{Float64}         : [4, 5]
  AffExpr in MOI.GreaterThan{Float64}     : [3, 3]
  AffExpr in MOI.LessThan{Float64}        : [4, 4]
  VariableRef in MOI.EqualTo{Float64}     : [3, 3]
  VariableRef in MOI.GreaterThan{Float64} : [22, 22]
  VariableRef in MOI.LessThan{Float64}    : [1, 1]
numerical stability report
  matrix range     [1e+00, 1e+00]
  objective range  [1e+00, 1e+06]
  bounds range     [0e+00, 0e+00]
  rhs range        [0e+00, 0e+00]
-------------------------------------------------------------------
 iteration    simulation      bound        time (s)     solves  pid
-------------------------------------------------------------------
        10   3.455904e+05  3.147347e+05  1.063085e-02        54   1
        20   3.336455e+05  3.402383e+05  1.768303e-02       104   1
        30   3.337559e+05  3.403155e+05  2.356005e-02       158   1
        40   3.337559e+05  3.403155e+05  2.885795e-02       208   1
        47   3.337559e+05  3.403155e+05  3.298306e-02       243   1
-------------------------------------------------------------------
status         : simulation_stopping
total time (s) : 3.298306e-02
total solves   : 243
best bound     :  3.403155e+05
simulation ci  :  1.380364e+08 ± 1.823274e+08
numeric issues : 0
-------------------------------------------------------------------

-------------------------------------------------------------------
         SDDP.jl (c) Oscar Dowson and contributors, 2017-25
-------------------------------------------------------------------
problem
  nodes           : 3
  state variables : 4
  scenarios       : 4.00000e+00
  existing cuts   : false
options
  solver          : serial mode
  risk measure    : SDDP.Expectation()
  sampling scheme : SDDP.InSampleMonteCarlo
subproblem structure
  VariableRef                             : [29, 29]
  AffExpr in MOI.EqualTo{Float64}         : [4, 5]
  AffExpr in MOI.GreaterThan{Float64}     : [3, 3]
  AffExpr in MOI.LessThan{Float64}        : [4, 4]
  VariableRef in MOI.EqualTo{Float64}     : [3, 3]
  VariableRef in MOI.GreaterThan{Float64} : [22, 22]
  VariableRef in MOI.LessThan{Float64}    : [1, 1]
numerical stability report
  matrix range     [1e+00, 1e+00]
  objective range  [1e+00, 1e+05]
  bounds range     [0e+00, 0e+00]
  rhs range        [0e+00, 0e+00]
-------------------------------------------------------------------
 iteration    simulation      bound        time (s)     solves  pid
-------------------------------------------------------------------
        10   5.099074e+05  3.509666e+05  1.617312e-02        92   1
        20   4.055335e+05  4.054833e+05  2.752113e-02       172   1
        30   3.959476e+05  4.067125e+05  3.731322e-02       264   1
        40   4.497721e+05  4.067125e+05  4.579711e-02       344   1
        47   3.959476e+05  4.067125e+05  5.262208e-02       400   1
-------------------------------------------------------------------
status         : simulation_stopping
total time (s) : 5.262208e-02
total solves   : 400
best bound     :  4.067125e+05
simulation ci  :  2.748575e+07 ± 3.643795e+07
numeric issues : 0
-------------------------------------------------------------------

-------------------------------------------------------------------
         SDDP.jl (c) Oscar Dowson and contributors, 2017-25
-------------------------------------------------------------------
problem
  nodes           : 10
  state variables : 4
  scenarios       : 2.70000e+01
  existing cuts   : false
options
  solver          : serial mode
  risk measure    : SDDP.Expectation()
  sampling scheme : SDDP.InSampleMonteCarlo
subproblem structure
  VariableRef                             : [24, 24]
  AffExpr in MOI.EqualTo{Float64}         : [3, 3]
  AffExpr in MOI.GreaterThan{Float64}     : [1, 1]
  AffExpr in MOI.LessThan{Float64}        : [1, 6]
  VariableRef in MOI.GreaterThan{Float64} : [20, 20]
  VariableRef in MOI.LessThan{Float64}    : [1, 2]
numerical stability report
  matrix range     [1e+00, 8e+01]
  objective range  [1e+00, 1e+03]
  bounds range     [6e+01, 6e+01]
  rhs range        [2e+02, 3e+03]
-------------------------------------------------------------------
 iteration    simulation      bound        time (s)     solves  pid
-------------------------------------------------------------------
         1   8.316000e+03  0.000000e+00  9.957600e-02        14   1
        40   5.132230e+03  4.074139e+03  1.991050e-01       776   1
-------------------------------------------------------------------
status         : simulation_stopping
total time (s) : 1.991050e-01
total solves   : 776
best bound     :  4.074139e+03
simulation ci  :  4.614472e+03 ± 6.483882e+02
numeric issues : 0
-------------------------------------------------------------------

-------------------------------------------------------------------
         SDDP.jl (c) Oscar Dowson and contributors, 2017-25
-------------------------------------------------------------------
problem
  nodes           : 3
  state variables : 1
  scenarios       : 4.00000e+00
  existing cuts   : false
options
  solver          : serial mode
  risk measure    : SDDP.Expectation()
  sampling scheme : SDDP.InSampleMonteCarlo
subproblem structure
  VariableRef                             : [6, 6]
  AffExpr in MOI.EqualTo{Float64}         : [1, 1]
  VariableRef in MOI.EqualTo{Float64}     : [1, 1]
  VariableRef in MOI.GreaterThan{Float64} : [4, 4]
  VariableRef in MOI.Integer              : [3, 3]
  VariableRef in MOI.LessThan{Float64}    : [2, 3]
numerical stability report
  matrix range     [1e+00, 1e+00]
  objective range  [1e+00, 3e+02]
  bounds range     [1e+02, 2e+02]
  rhs range        [0e+00, 0e+00]
-------------------------------------------------------------------
 iteration    simulation      bound        time (s)     solves  pid
-------------------------------------------------------------------
         1L  1.100000e+05  6.250000e+04  6.034300e-01         8   1
        20L  9.500000e+04  6.250000e+04  1.435431e+00       172   1
-------------------------------------------------------------------
status         : simulation_stopping
total time (s) : 1.435431e+00
total solves   : 172
best bound     :  6.250000e+04
simulation ci  :  6.625000e+04 ± 8.732889e+03
numeric issues : 0
-------------------------------------------------------------------

-------------------------------------------------------------------
         SDDP.jl (c) Oscar Dowson and contributors, 2017-25
-------------------------------------------------------------------
problem
  nodes           : 3
  state variables : 1
  scenarios       : 4.00000e+00
  existing cuts   : false
options
  solver          : serial mode
  risk measure    : SDDP.Expectation()
  sampling scheme : SDDP.InSampleMonteCarlo
subproblem structure
  VariableRef                             : [6, 6]
  AffExpr in MOI.EqualTo{Float64}         : [1, 1]
  VariableRef in MOI.EqualTo{Float64}     : [1, 1]
  VariableRef in MOI.GreaterThan{Float64} : [4, 4]
  VariableRef in MOI.Integer              : [3, 3]
  VariableRef in MOI.LessThan{Float64}    : [2, 3]
numerical stability report
  matrix range     [1e+00, 1e+00]
  objective range  [1e+00, 3e+02]
  bounds range     [1e+02, 2e+02]
  rhs range        [0e+00, 0e+00]
-------------------------------------------------------------------
 iteration    simulation      bound        time (s)     solves  pid
-------------------------------------------------------------------
         1   3.000000e+04  6.250000e+04  5.589962e-03         8   1
        20   5.500000e+04  6.250000e+04  4.877059e-01       172   1
-------------------------------------------------------------------
status         : simulation_stopping
total time (s) : 4.877059e-01
total solves   : 172
best bound     :  6.250000e+04
simulation ci  :  5.975000e+04 ± 8.921853e+03
numeric issues : 0
-------------------------------------------------------------------

-------------------------------------------------------------------
         SDDP.jl (c) Oscar Dowson and contributors, 2017-25
-------------------------------------------------------------------
problem
  nodes           : 3
  state variables : 1
  scenarios       : 4.00000e+00
  existing cuts   : false
options
  solver          : serial mode
  risk measure    : SDDP.Expectation()
  sampling scheme : SDDP.InSampleMonteCarlo
subproblem structure
  VariableRef                             : [5, 5]
  AffExpr in MOI.EqualTo{Float64}         : [1, 1]
  VariableRef in MOI.GreaterThan{Float64} : [4, 4]
  VariableRef in MOI.LessThan{Float64}    : [2, 3]
numerical stability report
  matrix range     [1e+00, 1e+00]
  objective range  [1e+00, 3e+02]
  bounds range     [1e+02, 2e+02]
  rhs range        [1e+02, 3e+02]
-------------------------------------------------------------------
 iteration    simulation      bound        time (s)     solves  pid
-------------------------------------------------------------------
         1   3.000000e+04  6.250000e+04  8.501053e-03         5   1
        10   9.500000e+04  6.250000e+04  1.079750e-01        50   1
-------------------------------------------------------------------
status         : iteration_limit
total time (s) : 1.079750e-01
total solves   : 50
best bound     :  6.250000e+04
simulation ci  :  5.850000e+04 ± 1.339333e+04
numeric issues : 0
-------------------------------------------------------------------

-------------------------------------------------------------------
         SDDP.jl (c) Oscar Dowson and contributors, 2017-25
-------------------------------------------------------------------
problem
  nodes           : 3
  state variables : 2
  scenarios       : 1.00000e+00
  existing cuts   : false
options
  solver          : serial mode
  risk measure    : SDDP.Expectation()
  sampling scheme : SDDP.InSampleMonteCarlo
subproblem structure
  VariableRef                             : [6, 6]
  AffExpr in MOI.EqualTo{Float64}         : [2, 2]
  VariableRef in MOI.GreaterThan{Float64} : [2, 3]
  VariableRef in MOI.LessThan{Float64}    : [3, 3]
  VariableRef in MOI.ZeroOne              : [3, 3]
numerical stability report
  matrix range     [1e+00, 1e+00]
  objective range  [1e+00, 6e+00]
  bounds range     [1e+00, 1e+02]
  rhs range        [0e+00, 0e+00]
-------------------------------------------------------------------
 iteration    simulation      bound        time (s)     solves  pid
-------------------------------------------------------------------
         1L  6.000000e+00  9.000000e+00  4.073215e-02         6   1
        20L  9.000000e+00  9.000000e+00  8.675814e-02       123   1
-------------------------------------------------------------------
status         : simulation_stopping
total time (s) : 8.675814e-02
total solves   : 123
best bound     :  9.000000e+00
simulation ci  :  8.850000e+00 ± 2.940000e-01
numeric issues : 0
-------------------------------------------------------------------

-------------------------------------------------------------------
         SDDP.jl (c) Oscar Dowson and contributors, 2017-25
-------------------------------------------------------------------
problem
  nodes           : 7
  state variables : 2
  scenarios       : 8.00000e+00
  existing cuts   : false
options
  solver          : serial mode
  risk measure    : SDDP.Expectation()
  sampling scheme : SDDP.InSampleMonteCarlo
subproblem structure
  VariableRef                             : [5, 7]
  AffExpr in MOI.EqualTo{Float64}         : [1, 1]
  VariableRef in MOI.GreaterThan{Float64} : [3, 5]
  VariableRef in MOI.LessThan{Float64}    : [1, 1]
numerical stability report
  matrix range     [1e+00, 1e+00]
  objective range  [1e+00, 4e+00]
  bounds range     [1e+03, 1e+03]
  rhs range        [6e+01, 8e+01]
-------------------------------------------------------------------
 iteration    simulation      bound        time (s)     solves  pid
-------------------------------------------------------------------
         5  -2.742188e+01  2.605769e-01  1.560998e-02        87   1
        10  -2.742188e+01  2.605769e-01  2.108884e-02       142   1
        15   6.813781e+00  1.253721e+00  2.701402e-02       197   1
        20   0.000000e+00  1.514085e+00  3.304195e-02       252   1
        25   4.864000e+01  1.514085e+00  4.134583e-02       339   1
        30  -1.428571e+00  1.514085e+00  4.746580e-02       394   1
        35   3.979039e-13  1.514085e+00  5.354095e-02       449   1
        40  -3.979039e-13  1.514085e+00  6.064796e-02       504   1
        43   4.864000e+01  1.514085e+00  6.465387e-02       537   1
-------------------------------------------------------------------
status         : simulation_stopping
total time (s) : 6.465387e-02
total solves   : 537
best bound     :  1.514085e+00
simulation ci  :  9.362303e-02 ± 6.246351e+00
numeric issues : 0
-------------------------------------------------------------------

-------------------------------------------------------------------
         SDDP.jl (c) Oscar Dowson and contributors, 2017-25
-------------------------------------------------------------------
problem
  nodes           : 7
  state variables : 2
  scenarios       : 3.20000e+01
  existing cuts   : false
options
  solver          : serial mode
  risk measure    : #4
  sampling scheme : SDDP.InSampleMonteCarlo
subproblem structure
  VariableRef                             : [5, 7]
  AffExpr in MOI.EqualTo{Float64}         : [1, 1]
  VariableRef in MOI.EqualTo{Float64}     : [1, 1]
  VariableRef in MOI.GreaterThan{Float64} : [2, 5]
  VariableRef in MOI.LessThan{Float64}    : [1, 1]
numerical stability report
  matrix range     [1e+00, 1e+00]
  objective range  [2e-02, 4e+00]
  bounds range     [1e+03, 1e+03]
  rhs range        [6e+01, 8e+01]
-------------------------------------------------------------------
 iteration    simulation      bound        time (s)     solves  pid
-------------------------------------------------------------------
        10  -7.690656e+00  2.366592e+00  1.585629e-01       278   1
        20   1.266135e+00  1.306623e+00  1.762240e-01       428   1
        30   2.252026e-01  1.280382e+00  1.943378e-01       578   1
        40  -1.051817e+00  1.278410e+00  2.258680e-01       856   1
        50   7.320288e+00  1.278410e+00  2.442069e-01      1006   1
        56   1.111084e+01  1.278410e+00  2.560179e-01      1096   1
-------------------------------------------------------------------
status         : simulation_stopping
total time (s) : 2.560179e-01
total solves   : 1096
best bound     :  1.278410e+00
simulation ci  :  3.912743e+00 ± 4.211699e+00
numeric issues : 0
-------------------------------------------------------------------

-------------------------------------------------------------------
         SDDP.jl (c) Oscar Dowson and contributors, 2017-25
-------------------------------------------------------------------
problem
  nodes           : 7
  state variables : 2
  scenarios       : 3.20000e+01
  existing cuts   : false
options
  solver          : serial mode
  risk measure    : #4
  sampling scheme : SDDP.InSampleMonteCarlo
subproblem structure
  VariableRef                             : [5, 7]
  AffExpr in MOI.EqualTo{Float64}         : [1, 1]
  VariableRef in MOI.EqualTo{Float64}     : [1, 1]
  VariableRef in MOI.GreaterThan{Float64} : [2, 5]
  VariableRef in MOI.LessThan{Float64}    : [1, 1]
numerical stability report
  matrix range     [1e+00, 1e+00]
  objective range  [2e-02, 4e+00]
  bounds range     [1e+03, 1e+03]
  rhs range        [6e+01, 8e+01]
-------------------------------------------------------------------
 iteration    simulation      bound        time (s)     solves  pid
-------------------------------------------------------------------
        10   2.007061e+00  1.281639e+00  3.877211e-02       278   1
        20   1.426676e+01  1.278410e+00  6.219196e-02       428   1
        30   1.522212e+00  1.278410e+00  1.012070e-01       706   1
        40  -4.523775e+01  1.278410e+00  1.295562e-01       856   1
-------------------------------------------------------------------
status         : simulation_stopping
total time (s) : 1.295562e-01
total solves   : 856
best bound     :  1.278410e+00
simulation ci  :  1.019480e+00 ± 6.246418e+00
numeric issues : 0
-------------------------------------------------------------------

-------------------------------------------------------------------
         SDDP.jl (c) Oscar Dowson and contributors, 2017-25
-------------------------------------------------------------------
problem
  nodes           : 4
  state variables : 1
  scenarios       : Inf
  existing cuts   : false
options
  solver          : serial mode
  risk measure    : SDDP.Expectation()
  sampling scheme : SDDP.InSampleMonteCarlo
subproblem structure
  VariableRef                             : [7, 7]
  AffExpr in MOI.EqualTo{Float64}         : [1, 1]
  AffExpr in MOI.GreaterThan{Float64}     : [2, 2]
  VariableRef in MOI.EqualTo{Float64}     : [1, 1]
  VariableRef in MOI.GreaterThan{Float64} : [5, 5]
  VariableRef in MOI.LessThan{Float64}    : [3, 3]
numerical stability report
  matrix range     [1e+00, 1e+00]
  objective range  [1e+00, 2e+00]
  bounds range     [2e+00, 1e+02]
  rhs range        [0e+00, 0e+00]
-------------------------------------------------------------------
 iteration    simulation      bound        time (s)     solves  pid
-------------------------------------------------------------------
        10   4.787277e+00  9.346930e+00  1.685230e+00       900   1
        20   6.374753e+00  1.361934e+01  1.828123e+00      1720   1
        30   2.848217e+01  1.624016e+01  2.117056e+00      3036   1
        40   1.973944e+01  1.776547e+01  2.429303e+00      4192   1
        50   4.000000e+00  1.889360e+01  2.678373e+00      5020   1
        60   1.142478e+01  1.907862e+01  2.959407e+00      5808   1
        70   9.386421e+00  1.961295e+01  3.230964e+00      6540   1
        80   5.667851e+01  1.890911e+01  3.445177e+00      7088   1
        90   3.740597e+01  1.993139e+01  3.881834e+00      8180   1
       100   9.867183e+00  2.001688e+01  4.089393e+00      8664   1
-------------------------------------------------------------------
status         : iteration_limit
total time (s) : 4.089393e+00
total solves   : 8664
best bound     :  2.001688e+01
simulation ci  :  2.301336e+01 ± 4.670816e+00
numeric issues : 0
-------------------------------------------------------------------

-------------------------------------------------------------------
         SDDP.jl (c) Oscar Dowson and contributors, 2017-25
-------------------------------------------------------------------
problem
  nodes           : 5
  state variables : 2
  scenarios       : 3.20000e+01
  existing cuts   : false
options
  solver          : serial mode
  risk measure    : SDDP.Expectation()
  sampling scheme : SDDP.InSampleMonteCarlo
subproblem structure
  VariableRef                             : [10, 10]
  AffExpr in MOI.EqualTo{Float64}         : [2, 2]
  AffExpr in MOI.GreaterThan{Float64}     : [2, 2]
  AffExpr in MOI.LessThan{Float64}        : [6, 6]
  VariableRef in MOI.EqualTo{Float64}     : [2, 2]
  VariableRef in MOI.GreaterThan{Float64} : [5, 6]
  VariableRef in MOI.LessThan{Float64}    : [6, 6]
  VariableRef in MOI.ZeroOne              : [5, 5]
numerical stability report
  matrix range     [1e+00, 1e+00]
  objective range  [1e+00, 6e+00]
  bounds range     [1e+00, 1e+01]
  rhs range        [1e+00, 1e+00]
-------------------------------------------------------------------
 iteration    simulation      bound        time (s)     solves  pid
-------------------------------------------------------------------
         5   9.000000e+00  9.002950e+00  2.383480e-01       235   1
        10   4.000000e+00  9.002950e+00  3.952780e-01       310   1
        15   4.000000e+00  9.002950e+00  5.606749e-01       385   1
        20   4.000000e+00  9.002950e+00  7.177029e-01       460   1
        25   1.000000e+01  9.002950e+00  1.524218e+00       695   1
        30   5.000000e+00  9.002950e+00  1.675040e+00       770   1
        35   1.000000e+01  9.002950e+00  1.852035e+00       845   1
        40   5.000000e+00  9.002950e+00  2.069419e+00       920   1
-------------------------------------------------------------------
status         : simulation_stopping
total time (s) : 2.069419e+00
total solves   : 920
best bound     :  9.002950e+00
simulation ci  :  6.375000e+00 ± 7.930178e-01
numeric issues : 0
-------------------------------------------------------------------

-------------------------------------------------------------------
         SDDP.jl (c) Oscar Dowson and contributors, 2017-25
-------------------------------------------------------------------
problem
  nodes           : 3
  state variables : 4
  scenarios       : 2.16000e+02
  existing cuts   : false
options
  solver          : serial mode
  risk measure    : SDDP.Expectation()
  sampling scheme : SDDP.InSampleMonteCarlo
subproblem structure
  VariableRef                             : [18, 18]
  AffExpr in MOI.EqualTo{Float64}         : [4, 4]
  AffExpr in MOI.GreaterThan{Float64}     : [4, 4]
  AffExpr in MOI.LessThan{Float64}        : [12, 12]
  VariableRef in MOI.EqualTo{Float64}     : [4, 4]
  VariableRef in MOI.GreaterThan{Float64} : [9, 10]
  VariableRef in MOI.LessThan{Float64}    : [10, 10]
  VariableRef in MOI.ZeroOne              : [9, 9]
numerical stability report
  matrix range     [1e+00, 1e+00]
  objective range  [1e+00, 4e+00]
  bounds range     [1e+00, 2e+01]
  rhs range        [1e+00, 1e+00]
-------------------------------------------------------------------
 iteration    simulation      bound        time (s)     solves  pid
-------------------------------------------------------------------
        10   1.000000e+01  6.868919e+00  3.964200e-01       510   1
        20   2.000000e+00  6.834387e+00  9.290009e-01       720   1
        30   1.200000e+01  6.834387e+00  2.258155e+00      1230   1
        40   7.000000e+00  6.823805e+00  2.799661e+00      1440   1
        50   7.000000e+00  6.823805e+00  4.250227e+00      1950   1
        60   5.000000e+00  6.823805e+00  4.767252e+00      2160   1
-------------------------------------------------------------------
status         : simulation_stopping
total time (s) : 4.767252e+00
total solves   : 2160
best bound     :  6.823805e+00
simulation ci  :  6.183333e+00 ± 6.258900e-01
numeric issues : 0
-------------------------------------------------------------------

-------------------------------------------------------------------
         SDDP.jl (c) Oscar Dowson and contributors, 2017-25
-------------------------------------------------------------------
problem
  nodes           : 5
  state variables : 5
  scenarios       : 3.27680e+04
  existing cuts   : false
options
  solver          : serial mode
  risk measure    : SDDP.Expectation()
  sampling scheme : SDDP.InSampleMonteCarlo
subproblem structure
  VariableRef                             : [14, 14]
  AffExpr in MOI.GreaterThan{Float64}     : [7, 7]
  AffExpr in MOI.LessThan{Float64}        : [4, 4]
  VariableRef in MOI.EqualTo{Float64}     : [1, 1]
  VariableRef in MOI.GreaterThan{Float64} : [8, 8]
  VariableRef in MOI.Integer              : [5, 5]
  VariableRef in MOI.LessThan{Float64}    : [5, 6]
numerical stability report
  matrix range     [1e+00, 1e+00]
  objective range  [1e+00, 5e+05]
  bounds range     [1e+00, 1e+00]
  rhs range        [0e+00, 0e+00]
-------------------------------------------------------------------
 iteration    simulation      bound        time (s)     solves  pid
-------------------------------------------------------------------
        10   2.549668e+06  2.075239e+06  4.643473e+00       920   1
        20   5.494568e+05  2.078257e+06  5.539118e+00      1340   1
        30   4.985879e+04  2.078257e+06  9.819550e+00      2260   1
        40   3.799447e+06  2.078257e+06  1.073267e+01      2680   1
        41   1.299866e+06  2.078257e+06  1.080032e+01      2722   1
-------------------------------------------------------------------
status         : simulation_stopping
total time (s) : 1.080032e+01
total solves   : 2722
best bound     :  2.078257e+06
simulation ci  :  1.981169e+06 ± 4.651235e+05
numeric issues : 0
-------------------------------------------------------------------

-------------------------------------------------------------------
         SDDP.jl (c) Oscar Dowson and contributors, 2017-25
-------------------------------------------------------------------
problem
  nodes           : 1
  state variables : 1
  scenarios       : Inf
  existing cuts   : false
options
  solver          : serial mode
  risk measure    : SDDP.Expectation()
  sampling scheme : SDDP.InSampleMonteCarlo
subproblem structure
  VariableRef                             : [8, 8]
  AffExpr in MOI.EqualTo{Float64}         : [2, 2]
  VariableRef in MOI.EqualTo{Float64}     : [2, 2]
  VariableRef in MOI.GreaterThan{Float64} : [5, 5]
  VariableRef in MOI.LessThan{Float64}    : [1, 1]
numerical stability report
  matrix range     [1e+00, 1e+00]
  objective range  [1e+00, 1e+01]
  bounds range     [5e+00, 2e+01]
  rhs range        [0e+00, 0e+00]
-------------------------------------------------------------------
 iteration    simulation      bound        time (s)     solves  pid
-------------------------------------------------------------------
       100   2.500000e+01  1.189023e+02  8.527119e-01      1946   1
       200   2.500000e+01  1.191635e+02  1.074361e+00      3920   1
       300   0.000000e+00  1.191666e+02  1.301643e+00      5902   1
       330   2.500000e+01  1.191667e+02  1.345249e+00      6224   1
-------------------------------------------------------------------
status         : simulation_stopping
total time (s) : 1.345249e+00
total solves   : 6224
best bound     :  1.191667e+02
simulation ci  :  2.158333e+01 ± 3.290252e+00
numeric issues : 0
-------------------------------------------------------------------

-------------------------------------------------------------------
         SDDP.jl (c) Oscar Dowson and contributors, 2017-25
-------------------------------------------------------------------
problem
  nodes           : 1
  state variables : 1
  scenarios       : Inf
  existing cuts   : false
options
  solver          : serial mode
  risk measure    : SDDP.Expectation()
  sampling scheme : SDDP.InSampleMonteCarlo
subproblem structure
  VariableRef                             : [8, 8]
  AffExpr in MOI.EqualTo{Float64}         : [2, 2]
  VariableRef in MOI.EqualTo{Float64}     : [2, 2]
  VariableRef in MOI.GreaterThan{Float64} : [5, 5]
  VariableRef in MOI.LessThan{Float64}    : [1, 1]
numerical stability report
  matrix range     [1e+00, 1e+00]
  objective range  [1e+00, 1e+01]
  bounds range     [5e+00, 2e+01]
  rhs range        [0e+00, 0e+00]
-------------------------------------------------------------------
 iteration    simulation      bound        time (s)     solves  pid
-------------------------------------------------------------------
       100   0.000000e+00  1.191283e+02  3.212612e-01      2874   1
       200   2.500000e+00  1.191666e+02  5.973821e-01      4855   1
       282   7.500000e+00  1.191667e+02  7.405050e-01      5733   1
-------------------------------------------------------------------
status         : simulation_stopping
total time (s) : 7.405050e-01
total solves   : 5733
best bound     :  1.191667e+02
simulation ci  :  2.104610e+01 ± 3.492245e+00
numeric issues : 0
-------------------------------------------------------------------

-------------------------------------------------------------------
         SDDP.jl (c) Oscar Dowson and contributors, 2017-25
-------------------------------------------------------------------
problem
  nodes           : 1
  state variables : 1
  scenarios       : Inf
  existing cuts   : false
options
  solver          : serial mode
  risk measure    : SDDP.Expectation()
  sampling scheme : SDDP.InSampleMonteCarlo
subproblem structure
  VariableRef                             : [3, 3]
  AffExpr in MOI.EqualTo{Float64}         : [1, 1]
  VariableRef in MOI.GreaterThan{Float64} : [1, 1]
numerical stability report
  matrix range     [1e+00, 1e+00]
  objective range  [1e+00, 1e+00]
  bounds range     [0e+00, 0e+00]
  rhs range        [0e+00, 0e+00]
-------------------------------------------------------------------
 iteration    simulation      bound        time (s)     solves  pid
-------------------------------------------------------------------
        10   4.000000e+00  1.997089e+01  7.260799e-02      1204   1
        20   8.000000e+00  2.000000e+01  8.849692e-02      1420   1
        30   1.600000e+01  2.000000e+01  1.594429e-01      2628   1
        40   8.000000e+00  2.000000e+01  1.764939e-01      2834   1
-------------------------------------------------------------------
status         : simulation_stopping
total time (s) : 1.764939e-01
total solves   : 2834
best bound     :  2.000000e+01
simulation ci  :  1.625000e+01 ± 4.766381e+00
numeric issues : 0
-------------------------------------------------------------------

-------------------------------------------------------------------
         SDDP.jl (c) Oscar Dowson and contributors, 2017-25
-------------------------------------------------------------------
problem
  nodes           : 1
  state variables : 1
  scenarios       : Inf
  existing cuts   : false
options
  solver          : serial mode
  risk measure    : SDDP.Expectation()
  sampling scheme : SDDP.InSampleMonteCarlo
subproblem structure
  VariableRef                             : [3, 3]
  AffExpr in MOI.EqualTo{Float64}         : [1, 1]
  VariableRef in MOI.GreaterThan{Float64} : [1, 1]
numerical stability report
  matrix range     [1e+00, 1e+00]
  objective range  [1e+00, 1e+00]
  bounds range     [0e+00, 0e+00]
  rhs range        [0e+00, 0e+00]
-------------------------------------------------------------------
 iteration    simulation      bound        time (s)     solves  pid
-------------------------------------------------------------------
         1   1.000000e+00  1.500000e+00  2.695084e-03         3   1
        40   4.000000e+00  2.000000e+00  4.532790e-02       578   1
-------------------------------------------------------------------
status         : simulation_stopping
total time (s) : 4.532790e-02
total solves   : 578
best bound     :  2.000000e+00
simulation ci  :  1.950000e+00 ± 5.568095e-01
numeric issues : 0
-------------------------------------------------------------------

-------------------------------------------------------------------
         SDDP.jl (c) Oscar Dowson and contributors, 2017-25
-------------------------------------------------------------------
problem
  nodes           : 3
  state variables : 1
  scenarios       : 8.51840e+04
  existing cuts   : false
options
  solver          : serial mode
  risk measure    : SDDP.Expectation()
  sampling scheme : SDDP.InSampleMonteCarlo
subproblem structure
  VariableRef                             : [6, 6]
  AffExpr in MOI.EqualTo{Float64}         : [1, 3]
  AffExpr in MOI.LessThan{Float64}        : [2, 2]
  VariableRef in MOI.EqualTo{Float64}     : [1, 1]
  VariableRef in MOI.GreaterThan{Float64} : [3, 4]
  VariableRef in MOI.LessThan{Float64}    : [3, 3]
numerical stability report
  matrix range     [8e-01, 2e+00]
  objective range  [1e+00, 2e+00]
  bounds range     [1e+00, 1e+02]
  rhs range        [5e+01, 5e+01]
-------------------------------------------------------------------
 iteration    simulation      bound        time (s)     solves  pid
-------------------------------------------------------------------
        10   5.250000e+00  4.888859e+00  1.819520e-01      1350   1
        20   4.350000e+00  4.105855e+00  2.776840e-01      2700   1
        30   5.000000e+00  4.100490e+00  3.845959e-01      4050   1
        40   3.475000e+00  4.097376e+00  5.015209e-01      5400   1
        50   5.250000e+00  4.095862e+00  6.205349e-01      6750   1
        60   3.643750e+00  4.093345e+00  7.446699e-01      8100   1
        70   2.643750e+00  4.091824e+00  8.662369e-01      9450   1
        80   5.087500e+00  4.091594e+00  9.946759e-01     10800   1
        90   5.062500e+00  4.091314e+00  1.123517e+00     12150   1
       100   4.843750e+00  4.086999e+00  1.263271e+00     13500   1
       110   3.437500e+00  4.086095e+00  1.401099e+00     14850   1
       120   3.375000e+00  4.085928e+00  1.540148e+00     16200   1
       130   5.025000e+00  4.085864e+00  1.704260e+00     17550   1
       140   5.000000e+00  4.085733e+00  1.846687e+00     18900   1
       150   3.500000e+00  4.085659e+00  1.990035e+00     20250   1
       160   4.281250e+00  4.085459e+00  2.129896e+00     21600   1
       170   4.500000e+00  4.085433e+00  2.271635e+00     22950   1
       180   5.768750e+00  4.085431e+00  2.415139e+00     24300   1
       190   3.468750e+00  4.085369e+00  2.567046e+00     25650   1
       200   4.131250e+00  4.085231e+00  2.720323e+00     27000   1
       210   4.506250e+00  4.085165e+00  2.867717e+00     28350   1
       220   4.900000e+00  4.085162e+00  3.015506e+00     29700   1
       230   4.025000e+00  4.085143e+00  3.164079e+00     31050   1
       240   4.468750e+00  4.085124e+00  3.319664e+00     32400   1
       250   4.062500e+00  4.085084e+00  3.474730e+00     33750   1
       260   4.875000e+00  4.085047e+00  3.629237e+00     35100   1
       270   3.850000e+00  4.085019e+00  3.802752e+00     36450   1
       280   4.912500e+00  4.085000e+00  3.959477e+00     37800   1
       290   2.987500e+00  4.084993e+00  4.119436e+00     39150   1
       300   3.825000e+00  4.084961e+00  4.277319e+00     40500   1
       310   3.250000e+00  4.084914e+00  4.437140e+00     41850   1
       320   3.537500e+00  4.084897e+00  4.597620e+00     43200   1
       330   3.950000e+00  4.084897e+00  4.748983e+00     44550   1
       340   4.500000e+00  4.084895e+00  4.910591e+00     45900   1
       350   5.000000e+00  4.084893e+00  5.069642e+00     47250   1
       360   3.075000e+00  4.084867e+00  5.229797e+00     48600   1
       370   3.500000e+00  4.084862e+00  5.400010e+00     49950   1
       380   3.356250e+00  4.084857e+00  5.568234e+00     51300   1
       390   5.500000e+00  4.084841e+00  5.744503e+00     52650   1
       400   4.475000e+00  4.084837e+00  5.912694e+00     54000   1
       410   3.750000e+00  4.084834e+00  6.080768e+00     55350   1
       420   3.687500e+00  4.084834e+00  6.263547e+00     56700   1
       430   4.337500e+00  4.084813e+00  6.431823e+00     58050   1
       440   5.750000e+00  4.084813e+00  6.581608e+00     59400   1
       450   4.937500e+00  4.084776e+00  6.752029e+00     60750   1
       460   3.600000e+00  4.084776e+00  6.920415e+00     62100   1
       470   4.387500e+00  4.084776e+00  7.082472e+00     63450   1
       480   4.000000e+00  4.084771e+00  7.252908e+00     64800   1
       490   2.975000e+00  4.084769e+00  7.418463e+00     66150   1
       500   3.125000e+00  4.084769e+00  7.583849e+00     67500   1
       510   4.250000e+00  4.084769e+00  7.757348e+00     68850   1
       520   4.512500e+00  4.084767e+00  7.919937e+00     70200   1
       530   3.875000e+00  4.084767e+00  8.095527e+00     71550   1
       540   4.387500e+00  4.084762e+00  8.269970e+00     72900   1
       550   5.287500e+00  4.084762e+00  8.457674e+00     74250   1
       560   4.650000e+00  4.084762e+00  8.622008e+00     75600   1
       570   3.062500e+00  4.084762e+00  8.791762e+00     76950   1
       580   3.187500e+00  4.084758e+00  8.953377e+00     78300   1
       590   3.812500e+00  4.084758e+00  9.110966e+00     79650   1
       600   3.637500e+00  4.084746e+00  9.274776e+00     81000   1
       610   3.925000e+00  4.084746e+00  9.441375e+00     82350   1
       620   4.625000e+00  4.084746e+00  9.610039e+00     83700   1
       630   4.218750e+00  4.084746e+00  9.783657e+00     85050   1
       640   3.025000e+00  4.084746e+00  9.955439e+00     86400   1
       650   2.993750e+00  4.084746e+00  1.012266e+01     87750   1
       660   3.262500e+00  4.084746e+00  1.029280e+01     89100   1
       670   3.575000e+00  4.084746e+00  1.047126e+01     90450   1
       680   2.981250e+00  4.084746e+00  1.066644e+01     91800   1
       690   4.187500e+00  4.084746e+00  1.084179e+01     93150   1
       700   4.500000e+00  4.084746e+00  1.101467e+01     94500   1
       710   3.225000e+00  4.084746e+00  1.119026e+01     95850   1
       720   4.375000e+00  4.084746e+00  1.136620e+01     97200   1
       730   2.650000e+00  4.084746e+00  1.154927e+01     98550   1
       740   3.312500e+00  4.084746e+00  1.172345e+01     99900   1
       750   4.725000e+00  4.084746e+00  1.191324e+01    101250   1
       760   3.375000e+00  4.084746e+00  1.210210e+01    102600   1
       770   5.375000e+00  4.084746e+00  1.228400e+01    103950   1
       780   4.068750e+00  4.084746e+00  1.247032e+01    105300   1
       790   4.412500e+00  4.084746e+00  1.265578e+01    106650   1
       800   4.350000e+00  4.084746e+00  1.284331e+01    108000   1
       810   5.887500e+00  4.084746e+00  1.304415e+01    109350   1
       820   4.912500e+00  4.084746e+00  1.323116e+01    110700   1
       830   4.400000e+00  4.084746e+00  1.341034e+01    112050   1
       840   3.675000e+00  4.084746e+00  1.359713e+01    113400   1
       850   5.375000e+00  4.084746e+00  1.377494e+01    114750   1
       860   3.562500e+00  4.084746e+00  1.396220e+01    116100   1
       870   3.075000e+00  4.084746e+00  1.416023e+01    117450   1
       880   3.625000e+00  4.084746e+00  1.434997e+01    118800   1
       890   2.937500e+00  4.084746e+00  1.454167e+01    120150   1
       900   4.450000e+00  4.084746e+00  1.473281e+01    121500   1
       910   4.200000e+00  4.084746e+00  1.492057e+01    122850   1
       920   3.687500e+00  4.084746e+00  1.512788e+01    124200   1
       930   4.725000e+00  4.084746e+00  1.531642e+01    125550   1
       940   4.018750e+00  4.084746e+00  1.549604e+01    126900   1
       950   4.675000e+00  4.084746e+00  1.567486e+01    128250   1
       960   3.375000e+00  4.084746e+00  1.585240e+01    129600   1
       970   3.812500e+00  4.084746e+00  1.603000e+01    130950   1
       980   3.112500e+00  4.084746e+00  1.621675e+01    132300   1
       990   3.600000e+00  4.084746e+00  1.640579e+01    133650   1
      1000   5.500000e+00  4.084746e+00  1.659638e+01    135000   1
      1010   3.187500e+00  4.084746e+00  1.678260e+01    136350   1
      1020   4.900000e+00  4.084746e+00  1.697190e+01    137700   1
      1030   3.637500e+00  4.084746e+00  1.718264e+01    139050   1
      1040   3.975000e+00  4.084746e+00  1.737290e+01    140400   1
      1050   4.750000e+00  4.084746e+00  1.756242e+01    141750   1
      1060   4.437500e+00  4.084746e+00  1.776749e+01    143100   1
      1070   5.000000e+00  4.084746e+00  1.795980e+01    144450   1
      1080   4.143750e+00  4.084746e+00  1.815746e+01    145800   1
      1090   5.625000e+00  4.084746e+00  1.834359e+01    147150   1
      1100   3.475000e+00  4.084746e+00  1.854201e+01    148500   1
      1110   4.156250e+00  4.084746e+00  1.873972e+01    149850   1
      1120   4.450000e+00  4.084746e+00  1.894490e+01    151200   1
      1130   3.225000e+00  4.084741e+00  1.914198e+01    152550   1
      1140   5.375000e+00  4.084741e+00  1.933279e+01    153900   1
      1150   4.800000e+00  4.084737e+00  1.953353e+01    155250   1
      1160   3.300000e+00  4.084737e+00  1.972404e+01    156600   1
      1170   4.356250e+00  4.084737e+00  1.991175e+01    157950   1
      1175   4.000000e+00  4.084737e+00  2.001069e+01    158625   1
-------------------------------------------------------------------
status         : time_limit
total time (s) : 2.001069e+01
total solves   : 158625
best bound     :  4.084737e+00
simulation ci  :  4.070295e+00 ± 4.157559e-02
numeric issues : 0
-------------------------------------------------------------------

-------------------------------------------------------------------
         SDDP.jl (c) Oscar Dowson and contributors, 2017-25
-------------------------------------------------------------------
problem
  nodes           : 3
  state variables : 1
  scenarios       : 8.51840e+04
  existing cuts   : false
options
  solver          : serial mode
  risk measure    : SDDP.Expectation()
  sampling scheme : SDDP.InSampleMonteCarlo
subproblem structure
  VariableRef                             : [6, 6]
  AffExpr in MOI.EqualTo{Float64}         : [1, 3]
  AffExpr in MOI.LessThan{Float64}        : [2, 2]
  VariableRef in MOI.EqualTo{Float64}     : [1, 1]
  VariableRef in MOI.GreaterThan{Float64} : [3, 4]
  VariableRef in MOI.LessThan{Float64}    : [3, 3]
numerical stability report
  matrix range     [8e-01, 2e+00]
  objective range  [1e+00, 2e+00]
  bounds range     [1e+00, 1e+02]
  rhs range        [5e+01, 5e+01]
-------------------------------------------------------------------
 iteration    simulation      bound        time (s)     solves  pid
-------------------------------------------------------------------
        10   5.062500e+00  4.353271e+00  2.198699e-01      1350   1
        20   4.881250e+00  4.338904e+00  5.942910e-01      2700   1
        30   2.625000e+00  4.044913e+00  1.069810e+00      4050   1
        40   3.175000e+00  4.043475e+00  1.652835e+00      5400   1
        50   3.500000e+00  4.041903e+00  2.473346e+00      6750   1
        60   4.031250e+00  4.041675e+00  3.377639e+00      8100   1
        70   4.800000e+00  4.041321e+00  4.439961e+00      9450   1
        80   4.250000e+00  4.040124e+00  5.618527e+00     10800   1
        90   5.237500e+00  4.039282e+00  6.900485e+00     12150   1
       100   3.162500e+00  4.038982e+00  8.278701e+00     13500   1
       110   4.125000e+00  4.038962e+00  9.795227e+00     14850   1
       120   2.975000e+00  4.038832e+00  1.150196e+01     16200   1
       130   4.781250e+00  4.038829e+00  1.320086e+01     17550   1
       140   5.156250e+00  4.038829e+00  1.517270e+01     18900   1
       150   2.750000e+00  4.038779e+00  1.717843e+01     20250   1
       160   4.225000e+00  4.038779e+00  1.929299e+01     21600   1
       163   3.700000e+00  4.038775e+00  2.003729e+01     22005   1
-------------------------------------------------------------------
status         : time_limit
total time (s) : 2.003729e+01
total solves   : 22005
best bound     :  4.038775e+00
simulation ci  :  4.071779e+00 ± 1.107878e-01
numeric issues : 0
-------------------------------------------------------------------

-------------------------------------------------------------------
         SDDP.jl (c) Oscar Dowson and contributors, 2017-25
-------------------------------------------------------------------
problem
  nodes           : 8
  state variables : 1
  scenarios       : 1.00000e+08
  existing cuts   : false
options
  solver          : serial mode
  risk measure    : SDDP.Expectation()
  sampling scheme : SDDP.InSampleMonteCarlo
subproblem structure
  VariableRef                             : [7, 7]
  AffExpr in MOI.EqualTo{Float64}         : [1, 1]
  AffExpr in MOI.GreaterThan{Float64}     : [2, 2]
  VariableRef in MOI.EqualTo{Float64}     : [1, 1]
  VariableRef in MOI.GreaterThan{Float64} : [4, 4]
  VariableRef in MOI.LessThan{Float64}    : [1, 2]
  VariableRef in MOI.ZeroOne              : [1, 1]
numerical stability report
  matrix range     [1e+00, 2e+00]
  objective range  [5e-01, 1e+00]
  bounds range     [1e+00, 1e+00]
  rhs range        [1e+00, 1e+00]
-------------------------------------------------------------------
 iteration    simulation      bound        time (s)     solves  pid
-------------------------------------------------------------------
        10   3.064816e+00  1.163022e+00  5.669069e+00      1680   1
        20   3.096506e+00  1.164381e+00  6.197872e+00      2560   1
        30   2.765327e+00  1.164716e+00  1.140786e+01      4240   1
        40   3.179709e+00  1.164716e+00  1.196338e+01      5120   1
        50   2.897036e+00  1.164716e+00  1.713609e+01      6800   1
        60   3.339910e+00  1.164716e+00  1.768661e+01      7680   1
-------------------------------------------------------------------
status         : simulation_stopping
total time (s) : 1.768661e+01
total solves   : 7680
best bound     :  1.164716e+00
simulation ci  :  3.188136e+00 ± 8.907315e-02
numeric issues : 0
-------------------------------------------------------------------

-------------------------------------------------------------------
         SDDP.jl (c) Oscar Dowson and contributors, 2017-25
-------------------------------------------------------------------
problem
  nodes           : 2
  state variables : 2
  scenarios       : 4.00000e+00
  existing cuts   : false
options
  solver          : serial mode
  risk measure    : SDDP.Expectation()
  sampling scheme : SDDP.InSampleMonteCarlo
subproblem structure
  VariableRef                             : [7, 11]
  AffExpr in MOI.EqualTo{Float64}         : [2, 2]
  AffExpr in MOI.LessThan{Float64}        : [2, 2]
  VariableRef in MOI.EqualTo{Float64}     : [2, 2]
  VariableRef in MOI.GreaterThan{Float64} : [5, 7]
  VariableRef in MOI.Integer              : [2, 2]
  VariableRef in MOI.LessThan{Float64}    : [4, 7]
  VariableRef in MOI.ZeroOne              : [4, 4]
numerical stability report
  matrix range     [1e+00, 6e+00]
  objective range  [1e+00, 3e+01]
  bounds range     [1e+00, 1e+02]
  rhs range        [0e+00, 0e+00]
-------------------------------------------------------------------
 iteration    simulation      bound        time (s)     solves  pid
-------------------------------------------------------------------
        10  -4.000000e+01 -5.809615e+01  1.608920e-01        78   1
        20  -9.800000e+01 -5.809615e+01  3.475480e-01       148   1
        30  -4.000000e+01 -5.809615e+01  5.617440e-01       226   1
        40  -4.000000e+01 -5.809615e+01  7.403719e-01       296   1
-------------------------------------------------------------------
status         : simulation_stopping
total time (s) : 7.403719e-01
total solves   : 296
best bound     : -5.809615e+01
simulation ci  : -5.693750e+01 ± 7.912706e+00
numeric issues : 0
-------------------------------------------------------------------

-------------------------------------------------------------------
         SDDP.jl (c) Oscar Dowson and contributors, 2017-25
-------------------------------------------------------------------
problem
  nodes           : 2
  state variables : 2
  scenarios       : 9.00000e+00
  existing cuts   : false
options
  solver          : serial mode
  risk measure    : SDDP.Expectation()
  sampling scheme : SDDP.InSampleMonteCarlo
subproblem structure
  VariableRef                             : [7, 11]
  AffExpr in MOI.EqualTo{Float64}         : [2, 2]
  AffExpr in MOI.LessThan{Float64}        : [2, 2]
  VariableRef in MOI.EqualTo{Float64}     : [2, 2]
  VariableRef in MOI.GreaterThan{Float64} : [5, 7]
  VariableRef in MOI.Integer              : [2, 2]
  VariableRef in MOI.LessThan{Float64}    : [4, 7]
  VariableRef in MOI.ZeroOne              : [4, 4]
numerical stability report
  matrix range     [1e+00, 6e+00]
  objective range  [1e+00, 3e+01]
  bounds range     [1e+00, 1e+02]
  rhs range        [0e+00, 0e+00]
-------------------------------------------------------------------
 iteration    simulation      bound        time (s)     solves  pid
-------------------------------------------------------------------
        10  -7.500000e+01 -6.196125e+01  2.476211e-01       138   1
        20  -4.000000e+01 -6.196125e+01  4.463580e-01       258   1
        30  -6.300000e+01 -6.196125e+01  7.483430e-01       396   1
        40  -4.000000e+01 -6.196125e+01  9.369621e-01       516   1
-------------------------------------------------------------------
status         : simulation_stopping
total time (s) : 9.369621e-01
total solves   : 516
best bound     : -6.196125e+01
simulation ci  : -5.738750e+01 ± 5.539327e+00
numeric issues : 0
-------------------------------------------------------------------

-------------------------------------------------------------------
         SDDP.jl (c) Oscar Dowson and contributors, 2017-25
-------------------------------------------------------------------
problem
  nodes           : 2
  state variables : 2
  scenarios       : 3.60000e+01
  existing cuts   : false
options
  solver          : serial mode
  risk measure    : SDDP.Expectation()
  sampling scheme : SDDP.InSampleMonteCarlo
subproblem structure
  VariableRef                             : [7, 11]
  AffExpr in MOI.EqualTo{Float64}         : [2, 2]
  AffExpr in MOI.LessThan{Float64}        : [2, 2]
  VariableRef in MOI.EqualTo{Float64}     : [2, 2]
  VariableRef in MOI.GreaterThan{Float64} : [5, 7]
  VariableRef in MOI.Integer              : [2, 2]
  VariableRef in MOI.LessThan{Float64}    : [4, 7]
  VariableRef in MOI.ZeroOne              : [4, 4]
numerical stability report
  matrix range     [1e+00, 6e+00]
  objective range  [1e+00, 3e+01]
  bounds range     [1e+00, 1e+02]
  rhs range        [0e+00, 0e+00]
-------------------------------------------------------------------
 iteration    simulation      bound        time (s)     solves  pid
-------------------------------------------------------------------
        10  -4.000000e+01 -6.546793e+01  3.506081e-01       462   1
        20  -7.000000e+01 -6.546793e+01  5.778091e-01       852   1
        30  -9.800000e+01 -6.546793e+01  1.187242e+00      1314   1
        40  -4.000000e+01 -6.546793e+01  1.398498e+00      1704   1
-------------------------------------------------------------------
status         : simulation_stopping
total time (s) : 1.398498e+00
total solves   : 1704
best bound     : -6.546793e+01
simulation ci  : -6.311250e+01 ± 5.804496e+00
numeric issues : 0
-------------------------------------------------------------------

-------------------------------------------------------------------
         SDDP.jl (c) Oscar Dowson and contributors, 2017-25
-------------------------------------------------------------------
problem
  nodes           : 3
  state variables : 2
  scenarios       : 2.70000e+01
  existing cuts   : false
options
  solver          : serial mode
  risk measure    : SDDP.Expectation()
  sampling scheme : SDDP.InSampleMonteCarlo
subproblem structure
  VariableRef                             : [9, 9]
  AffExpr in MOI.EqualTo{Float64}         : [2, 2]
  AffExpr in MOI.LessThan{Float64}        : [2, 2]
  VariableRef in MOI.EqualTo{Float64}     : [2, 2]
  VariableRef in MOI.GreaterThan{Float64} : [2, 3]
  VariableRef in MOI.LessThan{Float64}    : [3, 3]
  VariableRef in MOI.ZeroOne              : [4, 4]
numerical stability report
  matrix range     [1e+00, 1e+00]
  objective range  [1e+00, 6e+00]
  bounds range     [1e+00, 1e+02]
  rhs range        [0e+00, 0e+00]
-------------------------------------------------------------------
 iteration    simulation      bound        time (s)     solves  pid
-------------------------------------------------------------------
         1L  1.200000e+01  1.414815e+01  4.453802e-02        11   1
        21L  6.000000e+00  8.000000e+00  1.314936e+00       393   1
        38L  1.200000e+01  8.000000e+00  2.327247e+00       580   1
        40L  1.200000e+01  8.000000e+00  2.454885e+00       602   1
-------------------------------------------------------------------
status         : simulation_stopping
total time (s) : 2.454885e+00
total solves   : 602
best bound     :  8.000000e+00
simulation ci  :  7.875000e+00 ± 8.854484e-01
numeric issues : 0
-------------------------------------------------------------------

-------------------------------------------------------------------
         SDDP.jl (c) Oscar Dowson and contributors, 2017-25
-------------------------------------------------------------------
problem
  nodes           : 2
  state variables : 3
  scenarios       : 3.00000e+00
  existing cuts   : false
options
  solver          : serial mode
  risk measure    : SDDP.Expectation()
  sampling scheme : SDDP.InSampleMonteCarlo
subproblem structure
  VariableRef                             : [7, 19]
  AffExpr in MOI.EqualTo{Float64}         : [3, 3]
  AffExpr in MOI.GreaterThan{Float64}     : [3, 3]
  AffExpr in MOI.LessThan{Float64}        : [1, 1]
  VariableRef in MOI.GreaterThan{Float64} : [3, 16]
  VariableRef in MOI.LessThan{Float64}    : [1, 2]
numerical stability report
  matrix range     [1e+00, 2e+01]
  objective range  [1e+00, 1e+03]
  bounds range     [6e+03, 5e+05]
  rhs range        [2e+02, 5e+02]
-------------------------------------------------------------------
 iteration    simulation      bound        time (s)     solves  pid
-------------------------------------------------------------------
         1  -9.800000e+04  4.922260e+05  8.643579e-02         6   1
        40   4.882000e+04  1.083900e+05  1.129010e-01       240   1
-------------------------------------------------------------------
status         : iteration_limit
total time (s) : 1.129010e-01
total solves   : 240
best bound     :  1.083900e+05
simulation ci  :  8.495100e+04 ± 1.905968e+04
numeric issues : 0
-------------------------------------------------------------------

