------------------------------------------------------------------------------
          SDDP.jl (c) Oscar Dowson and SDDP.jl contributors, 2017-22

Problem
  Nodes           : 3
  State variables : 1
  Scenarios       : 1.72800e+03
  Existing cuts   : false
  Subproblem structure                      : (min, max)
    Variables                               : (8, 8)
    VariableRef in MOI.LessThan{Float64}    : (2, 3)
    AffExpr in MOI.GreaterThan{Float64}     : (2, 2)
    AffExpr in MOI.EqualTo{Float64}         : (2, 4)
    VariableRef in MOI.GreaterThan{Float64} : (6, 6)
Options
  Solver          : serial mode
  Risk measure    : SDDP.Expectation()
  Sampling scheme : SDDP.InSampleMonteCarlo

 Iteration    Simulation       Bound         Time (s)    Proc. ID   # Solves
        1    1.153125e+04   3.900000e+03   1.961432e-01          1         39
        2    1.060400e+04   4.100024e+03   2.006781e-01          1         78
        3    8.466531e+03   4.216667e+03   2.049701e-01          1        117
        4    3.164062e+03   4.510417e+03   2.080810e-01          1        156
        5    4.882812e+03   5.000000e+03   2.110832e-01          1        195
        6    3.910939e+03   5.047123e+03   2.145782e-01          1        234
        7    5.175000e+03   5.047123e+03   2.184842e-01          1        273
        8    3.796875e+03   5.047123e+03   2.222362e-01          1        312
        9    1.546875e+03   5.060556e+03   2.267241e-01          1        351
       10    9.680000e+03   5.060556e+03   2.298701e-01          1        390

Terminating training
  Status         : iteration_limit
  Total time (s) : 2.298701e-01
  Total solves   : 390
  Best bound     :  5.060556e+03
  Simulation CI  :  6.275835e+03 ± 2.163672e+03
------------------------------------------------------------------------------
------------------------------------------------------------------------------
          SDDP.jl (c) Oscar Dowson and SDDP.jl contributors, 2017-22

Problem
  Nodes           : 3
  State variables : 1
  Scenarios       : 1.72800e+03
  Existing cuts   : false
  Subproblem structure                      : (min, max)
    Variables                               : (9, 9)
    VariableRef in MOI.LessThan{Float64}    : (3, 4)
    AffExpr in MOI.GreaterThan{Float64}     : (4, 4)
    AffExpr in MOI.EqualTo{Float64}         : (2, 10)
    VariableRef in MOI.GreaterThan{Float64} : (7, 7)
Options
  Solver          : serial mode
  Risk measure    : SDDP.Expectation()
  Sampling scheme : SDDP.InSampleMonteCarlo

 Iteration    Simulation       Bound         Time (s)    Proc. ID   # Solves
        1    3.750000e+03   2.888258e+03   5.023692e-01          1         39
        2    8.250000e+03   4.138883e+03   5.102911e-01          1         78
        3    1.561186e+04   4.465912e+03   5.141101e-01          1        117
        4    4.202520e+03   4.690522e+03   5.176711e-01          1        156
        5    1.394362e+04   4.977124e+03   5.222721e-01          1        195
        6    4.377350e+03   4.988150e+03   5.261800e-01          1        234
        7    7.750000e+03   4.988150e+03   5.297441e-01          1        273
        8    9.001638e+03   4.988150e+03   5.335610e-01          1        312
        9    3.000000e+03   4.998925e+03   5.374100e-01          1        351
       10    9.562500e+03   4.998925e+03   5.414851e-01          1        390

Terminating training
  Status         : iteration_limit
  Total time (s) : 5.414851e-01
  Total solves   : 390
  Best bound     :  4.998925e+03
  Simulation CI  :  7.944949e+03 ± 2.673190e+03
------------------------------------------------------------------------------
