------------------------------------------------------------------------------
          SDDP.jl (c) Oscar Dowson and SDDP.jl contributors, 2017-23

Problem
  Nodes           : 3
  State variables : 1
  Scenarios       : 1.33100e+03
  Existing cuts   : true
  Subproblem structure                      : (min, max)
    Variables                               : (9, 9)
    VariableRef in MOI.EqualTo{Float64}     : (1, 1)
    VariableRef in MOI.LessThan{Float64}    : (5, 6)
    AffExpr in MOI.GreaterThan{Float64}     : (3, 25)
    AffExpr in MOI.EqualTo{Float64}         : (2, 4)
    VariableRef in MOI.GreaterThan{Float64} : (8, 8)
Options
  Solver          : serial mode
  Risk measure    : SDDP.Expectation()
  Sampling scheme : SDDP.InSampleMonteCarlo

 Iteration    Simulation       Bound         Time (s)    Proc. ID   # Solves
        1    3.737500e+02   4.626061e+02   4.864931e-03          1       1520
        2    3.333333e+02   4.628015e+02   9.677887e-03          1       1556
        3    7.150000e+02   4.650660e+02   1.420498e-02          1       1592
        4    2.950000e+02   4.652274e+02   1.871181e-02          1       1628
        5    4.425000e+02   4.652614e+02   2.411795e-02          1       1664
        6    2.950000e+02   4.652614e+02   2.929187e-02          1       1700
        7    4.850000e+02   4.654624e+02   3.459096e-02          1       1736
        8    2.387500e+02   4.656172e+02   3.944087e-02          1       1772
        9    4.840423e+02   4.656602e+02   4.448485e-02          1       1808
       10    2.450000e+02   4.658509e+02   4.968381e-02          1       1844

Terminating training
  Status         : iteration_limit
  Total time (s) : 4.968381e-02
  Total solves   : 1844
  Best bound     :  4.658509e+02
  Simulation CI  :  3.907376e+02 ± 9.045105e+01
------------------------------------------------------------------------------
