-------------------------------------------------------------------
         SDDP.jl (c) Oscar Dowson and contributors, 2017-23
-------------------------------------------------------------------
problem
  nodes           : 60
  state variables : 9
  scenarios       : 2.77629e+14
  existing cuts   : false
options
  solver          : serial mode
  risk measure    : A convex combination of 0.5 * SDDP.Expectation() + 0.5 * SDDP.AVaR(0.25)
  sampling scheme : SDDP.SimulatorSamplingScheme{typeof(Main.__atexample__named__example_milk_producer.simulator)}
subproblem structure
  VariableRef                             : [35, 35]
  VariableRef in MOI.EqualTo{Float64}     : [1, 4]
  VariableRef in MOI.LessThan{Float64}    : [1, 5]
  VariableRef in MOI.GreaterThan{Float64} : [21, 25]
  AffExpr in MOI.EqualTo{Float64}         : [10, 10]
numerical stability report
  matrix range     [9e-01, 1e+00]
  objective range  [1e+00, 1e+01]
  bounds range     [1e-01, 1e+04]
  rhs range        [0e+00, 0e+00]
-------------------------------------------------------------------
 iteration    simulation      bound        time (s)     solves  pid
-------------------------------------------------------------------
         1  -7.299254e+02  6.258253e+02  8.658321e-01       222   1
        33   7.243168e+00  7.005344e+00  2.037746e+00      7411   1
        77   9.017808e+00  6.310951e+00  4.050803e+00     17239   1
       115   1.055582e+01  6.245354e+00  6.005659e+00     25600   1
       150   8.095104e+00  6.221249e+00  8.028147e+00     33385   1
       182   7.120024e+00  6.214054e+00  1.006052e+01     40529   1
       212   9.622200e+00  6.207596e+00  1.206997e+01     47134   1
       240   9.179367e+00  6.207002e+00  1.404561e+01     53260   1
       267   8.839570e+00  6.206280e+00  1.604740e+01     59144   1
       292   6.057150e+00  6.203394e+00  1.806016e+01     64844   1
       316   9.653029e+00  6.202065e+00  2.007936e+01     70192   1
-------------------------------------------------------------------
status         : time_limit
total time (s) : 2.007936e+01
total solves   : 70192
best bound     :  6.202065e+00
simulation ci  : -1.017315e+01 ± 2.247552e+01
numeric issues : 0
-------------------------------------------------------------------

-------------------------------------------------------------------
         SDDP.jl (c) Oscar Dowson and contributors, 2017-23
-------------------------------------------------------------------
problem
  nodes           : 2
  state variables : 1
  scenarios       : 1.00000e+01
  existing cuts   : false
options
  solver          : serial mode
  risk measure    : SDDP.Expectation()
  sampling scheme : SDDP.InSampleMonteCarlo
subproblem structure
  VariableRef                             : [4, 4]
  VariableRef in MOI.LessThan{Float64}    : [1, 1]
  AffExpr in MOI.LessThan{Float64}        : [1, 1]
  VariableRef in MOI.GreaterThan{Float64} : [2, 3]
  AffExpr in MOI.EqualTo{Float64}         : [1, 1]
numerical stability report
  matrix range     [1e+00, 1e+00]
  objective range  [1e+00, 1e+00]
  bounds range     [5e-01, 3e+00]
  rhs range        [0e+00, 0e+00]
-------------------------------------------------------------------
 iteration    simulation      bound        time (s)     solves  pid
-------------------------------------------------------------------
         1   0.000000e+00  4.579289e-01  2.375126e-03        13   1
-------------------------------------------------------------------
status         : bound_stalling
total time (s) : 1.189208e-02
total solves   : 143
best bound     :  1.246933e-01
simulation ci  :  7.054391e-02 ± 1.103812e-01
numeric issues : 0
-------------------------------------------------------------------

-------------------------------------------------------------------
         SDDP.jl (c) Oscar Dowson and contributors, 2017-23
-------------------------------------------------------------------
problem
  nodes           : 52
  state variables : 1
  scenarios       : 1.00000e+00
  existing cuts   : false
options
  solver          : serial mode
  risk measure    : SDDP.Expectation()
  sampling scheme : SDDP.InSampleMonteCarlo
subproblem structure
  VariableRef                             : [7, 7]
  VariableRef in MOI.EqualTo{Float64}     : [1, 1]
  VariableRef in MOI.LessThan{Float64}    : [2, 3]
  VariableRef in MOI.GreaterThan{Float64} : [5, 5]
  AffExpr in MOI.EqualTo{Float64}         : [2, 2]
numerical stability report
  matrix range     [1e+00, 1e+00]
  objective range  [1e+00, 2e+01]
  bounds range     [1e+01, 3e+02]
  rhs range        [7e+00, 1e+01]
-------------------------------------------------------------------
 iteration    simulation      bound        time (s)     solves  pid
-------------------------------------------------------------------
         1   1.079600e+03  3.157700e+02  3.542399e-02       104   1
-------------------------------------------------------------------
status         : iteration_limit
total time (s) : 1.386030e-01
total solves   : 1040
best bound     :  6.829100e+02
simulation ci  :  7.289889e+02 ± 7.726064e+01
numeric issues : 0
-------------------------------------------------------------------

-------------------------------------------------------------------
         SDDP.jl (c) Oscar Dowson and contributors, 2017-23
-------------------------------------------------------------------
problem
  nodes           : 52
  state variables : 1
  scenarios       : 6.46108e+24
  existing cuts   : false
options
  solver          : serial mode
  risk measure    : SDDP.Expectation()
  sampling scheme : SDDP.InSampleMonteCarlo
subproblem structure
  VariableRef                             : [7, 7]
  VariableRef in MOI.LessThan{Float64}    : [2, 3]
  VariableRef in MOI.GreaterThan{Float64} : [5, 5]
  AffExpr in MOI.EqualTo{Float64}         : [2, 2]
numerical stability report
  matrix range     [1e+00, 1e+00]
  objective range  [1e+00, 2e+01]
  bounds range     [1e+01, 3e+02]
  rhs range        [7e+00, 1e+01]
-------------------------------------------------------------------
 iteration    simulation      bound        time (s)     solves  pid
-------------------------------------------------------------------
         1   8.642800e+02  3.904160e+00  3.956485e-02       208   1
-------------------------------------------------------------------
status         : iteration_limit
total time (s) : 2.849299e+00
total solves   : 20800
best bound     :  2.673584e+02
simulation ci  :  3.226173e+02 ± 4.436486e+01
numeric issues : 0
-------------------------------------------------------------------

-------------------------------------------------------------------
         SDDP.jl (c) Oscar Dowson and contributors, 2017-23
-------------------------------------------------------------------
problem
  nodes           : 3
  state variables : 1
  scenarios       : 2.70000e+01
  existing cuts   : false
options
  solver          : serial mode
  risk measure    : SDDP.Expectation()
  sampling scheme : SDDP.InSampleMonteCarlo
subproblem structure
  VariableRef                             : [7, 7]
  VariableRef in MOI.LessThan{Float64}    : [1, 2]
  VariableRef in MOI.GreaterThan{Float64} : [5, 5]
  AffExpr in MOI.EqualTo{Float64}         : [2, 2]
numerical stability report
  matrix range     [1e+00, 1e+00]
  objective range  [1e+00, 2e+02]
  bounds range     [2e+02, 2e+02]
  rhs range        [2e+02, 2e+02]
-------------------------------------------------------------------
 iteration    simulation      bound        time (s)     solves  pid
-------------------------------------------------------------------
         1   3.000000e+04  2.500000e+03  2.989054e-03        12   1
-------------------------------------------------------------------
status         : iteration_limit
total time (s) : 1.428103e-02
total solves   : 120
best bound     :  8.333333e+03
simulation ci  :  1.062500e+04 ± 4.637775e+03
numeric issues : 0
-------------------------------------------------------------------

-------------------------------------------------------------------
         SDDP.jl (c) Oscar Dowson and contributors, 2017-23
-------------------------------------------------------------------
problem
  nodes           : 5
  state variables : 1
  scenarios       : 1.08000e+02
  existing cuts   : false
options
  solver          : serial mode
  risk measure    : SDDP.Expectation()
  sampling scheme : SDDP.InSampleMonteCarlo
subproblem structure
  VariableRef                             : [7, 7]
  VariableRef in MOI.LessThan{Float64}    : [1, 2]
  VariableRef in MOI.GreaterThan{Float64} : [5, 5]
  AffExpr in MOI.EqualTo{Float64}         : [2, 2]
numerical stability report
  matrix range     [1e+00, 1e+00]
  objective range  [1e+00, 2e+02]
  bounds range     [2e+02, 2e+02]
  rhs range        [2e+02, 2e+02]
-------------------------------------------------------------------
 iteration    simulation      bound        time (s)     solves  pid
-------------------------------------------------------------------
         1   9.375000e+03  1.991887e+03  4.548788e-03        18   1
-------------------------------------------------------------------
status         : iteration_limit
total time (s) : 2.408600e-02
total solves   : 180
best bound     :  8.072917e+03
simulation ci  :  1.306943e+04 ± 6.612584e+03
numeric issues : 0
-------------------------------------------------------------------

-------------------------------------------------------------------
         SDDP.jl (c) Oscar Dowson and contributors, 2017-23
-------------------------------------------------------------------
problem
  nodes           : 3
  state variables : 1
  scenarios       : 1.00000e+00
  existing cuts   : false
options
  solver          : serial mode
  risk measure    : SDDP.Expectation()
  sampling scheme : SDDP.InSampleMonteCarlo
subproblem structure
  VariableRef                             : [4, 4]
  VariableRef in MOI.EqualTo{Float64}     : [1, 1]
  VariableRef in MOI.LessThan{Float64}    : [1, 1]
  AffExpr in MOI.LessThan{Float64}        : [1, 1]
  VariableRef in MOI.GreaterThan{Float64} : [2, 3]
  AffExpr in MOI.EqualTo{Float64}         : [1, 1]
numerical stability report
  matrix range     [1e+00, 1e+00]
  objective range  [0e+00, 0e+00]
  bounds range     [0e+00, 0e+00]
  rhs range        [0e+00, 0e+00]
-------------------------------------------------------------------
 iteration    simulation      bound        time (s)     solves  pid
-------------------------------------------------------------------
         1   2.499895e+01  1.562631e+00  2.752304e-02         6   1
-------------------------------------------------------------------
status         : bound_stalling
total time (s) : 6.096730e-01
total solves   : 108
best bound     :  8.333333e+00
simulation ci  :  9.394200e+00 ± 1.805733e+00
numeric issues : 0
-------------------------------------------------------------------

-------------------------------------------------------------------
         SDDP.jl (c) Oscar Dowson and contributors, 2017-23
-------------------------------------------------------------------
problem
  nodes           : 1
  state variables : 12
  scenarios       : Inf
  existing cuts   : false
options
  solver          : serial mode
  risk measure    : SDDP.Expectation()
  sampling scheme : SDDP.InSampleMonteCarlo
subproblem structure
  VariableRef                          : [25, 25]
  VariableRef in MOI.LessThan{Float64} : [1, 1]
  VariableRef in MOI.ZeroOne           : [12, 12]
  AffExpr in MOI.LessThan{Float64}     : [13, 13]
  AffExpr in MOI.EqualTo{Float64}      : [1, 1]
numerical stability report
  matrix range     [1e+00, 1e+00]
  objective range  [1e+00, 1e+00]
  bounds range     [1e+01, 1e+01]
  rhs range        [1e+00, 1e+00]
-------------------------------------------------------------------
 iteration    simulation      bound        time (s)     solves  pid
-------------------------------------------------------------------
         1   0.000000e+00  9.958140e+00  6.282806e-03        17   1
-------------------------------------------------------------------
status         : bound_stalling
total time (s) : 1.887908e-01
total solves   : 525
best bound     :  6.561000e+00
simulation ci  :  5.222222e+00 ± 2.093213e+00
numeric issues : 0
-------------------------------------------------------------------

-------------------------------------------------------------------
         SDDP.jl (c) Oscar Dowson and contributors, 2017-23
-------------------------------------------------------------------
problem
  nodes           : 3
  state variables : 1
  scenarios       : 1.72800e+03
  existing cuts   : false
options
  solver          : serial mode
  risk measure    : SDDP.Expectation()
  sampling scheme : SDDP.InSampleMonteCarlo
subproblem structure
  VariableRef                             : [8, 8]
  VariableRef in MOI.LessThan{Float64}    : [2, 3]
  AffExpr in MOI.GreaterThan{Float64}     : [2, 2]
  AffExpr in MOI.EqualTo{Float64}         : [2, 4]
  VariableRef in MOI.GreaterThan{Float64} : [6, 6]
-------------------------------------------------------------------
 iteration    simulation      bound        time (s)     solves  pid
-------------------------------------------------------------------
         1   4.725000e+03  2.741935e+03  2.457690e-02        39   1
-------------------------------------------------------------------
status         : iteration_limit
total time (s) : 5.498481e-02
total solves   : 390
best bound     :  4.726692e+03
simulation ci  :  4.318745e+03 ± 1.404904e+03
numeric issues : 0
-------------------------------------------------------------------

-------------------------------------------------------------------
         SDDP.jl (c) Oscar Dowson and contributors, 2017-23
-------------------------------------------------------------------
problem
  nodes           : 3
  state variables : 1
  scenarios       : 1.72800e+03
  existing cuts   : false
options
  solver          : serial mode
  risk measure    : SDDP.Expectation()
  sampling scheme : SDDP.InSampleMonteCarlo
subproblem structure
  VariableRef                             : [9, 9]
  VariableRef in MOI.LessThan{Float64}    : [3, 4]
  AffExpr in MOI.GreaterThan{Float64}     : [4, 4]
  AffExpr in MOI.EqualTo{Float64}         : [2, 10]
  VariableRef in MOI.GreaterThan{Float64} : [7, 7]
-------------------------------------------------------------------
 iteration    simulation      bound        time (s)     solves  pid
-------------------------------------------------------------------
         1   1.106250e+04  3.746769e+03  3.287196e-02        39   1
-------------------------------------------------------------------
status         : iteration_limit
total time (s) : 6.592894e-02
total solves   : 390
best bound     :  4.756711e+03
simulation ci  :  5.427648e+03 ± 2.279385e+03
numeric issues : 0
-------------------------------------------------------------------

-------------------------------------------------------------------
         SDDP.jl (c) Oscar Dowson and contributors, 2017-23
-------------------------------------------------------------------
problem
  nodes           : 3
  state variables : 1
  scenarios       : 2.70000e+01
  existing cuts   : false
options
  solver          : serial mode
  risk measure    : SDDP.Expectation()
  sampling scheme : SDDP.InSampleMonteCarlo
subproblem structure
  VariableRef                             : [7, 7]
  VariableRef in MOI.LessThan{Float64}    : [1, 2]
  VariableRef in MOI.GreaterThan{Float64} : [5, 5]
  AffExpr in MOI.EqualTo{Float64}         : [2, 2]
numerical stability report
  matrix range     [1e+00, 1e+00]
  objective range  [1e+00, 2e+02]
  bounds range     [2e+02, 2e+02]
  rhs range        [2e+02, 2e+02]
-------------------------------------------------------------------
 iteration    simulation      bound        time (s)     solves  pid
-------------------------------------------------------------------
         1   5.625000e+03  5.735677e+03  3.185987e-03        12   1
-------------------------------------------------------------------
status         : iteration_limit
total time (s) : 1.561809e-02
total solves   : 120
best bound     :  1.062500e+04
simulation ci  :  8.407388e+03 ± 3.313403e+03
numeric issues : 0
-------------------------------------------------------------------

-------------------------------------------------------------------
         SDDP.jl (c) Oscar Dowson and contributors, 2017-23
-------------------------------------------------------------------
problem
  nodes           : 5
  state variables : 1
  scenarios       : 1.08000e+02
  existing cuts   : false
options
  solver          : serial mode
  risk measure    : SDDP.Expectation()
  sampling scheme : SDDP.InSampleMonteCarlo
subproblem structure
  VariableRef                             : [7, 7]
  VariableRef in MOI.LessThan{Float64}    : [1, 2]
  VariableRef in MOI.GreaterThan{Float64} : [5, 5]
  AffExpr in MOI.EqualTo{Float64}         : [2, 2]
-------------------------------------------------------------------
 iteration    simulation      bound        time (s)     solves  pid
-------------------------------------------------------------------
         1   2.500000e+04  1.991887e+03  1.544690e-02        18   1
-------------------------------------------------------------------
status         : iteration_limit
total time (s) : 1.393399e-01
total solves   : 360
best bound     :  8.072917e+03
simulation ci  :  7.824535e+03 ± 3.183179e+03
numeric issues : 0
-------------------------------------------------------------------

-------------------------------------------------------------------
         SDDP.jl (c) Oscar Dowson and contributors, 2017-23
-------------------------------------------------------------------
problem
  nodes           : 3
  state variables : 1
  scenarios       : 1.00000e+00
  existing cuts   : false
options
  solver          : serial mode
  risk measure    : SDDP.Expectation()
  sampling scheme : SDDP.InSampleMonteCarlo
subproblem structure
  VariableRef                             : [5, 5]
  VariableRef in MOI.LessThan{Float64}    : [1, 1]
  VariableRef in MOI.GreaterThan{Float64} : [4, 4]
  AffExpr in MOI.EqualTo{Float64}         : [2, 2]
-------------------------------------------------------------------
 iteration    simulation      bound        time (s)     solves  pid
-------------------------------------------------------------------
         1   6.500000e+00  3.000000e+00  2.753973e-03         6   1
-------------------------------------------------------------------
status         : iteration_limit
total time (s) : 5.980968e-03
total solves   : 30
best bound     :  3.500000e+00
simulation ci  :  4.100000e+00 ± 1.176000e+00
numeric issues : 0
-------------------------------------------------------------------

-------------------------------------------------------------------
         SDDP.jl (c) Oscar Dowson and contributors, 2017-23
-------------------------------------------------------------------
problem
  nodes           : 3
  state variables : 1
  scenarios       : 1.00000e+00
  existing cuts   : false
options
  solver          : serial mode
  risk measure    : SDDP.Expectation()
  sampling scheme : SDDP.InSampleMonteCarlo
subproblem structure
  VariableRef                             : [5, 5]
  VariableRef in MOI.LessThan{Float64}    : [1, 1]
  VariableRef in MOI.GreaterThan{Float64} : [4, 4]
  AffExpr in MOI.EqualTo{Float64}         : [2, 2]
-------------------------------------------------------------------
 iteration    simulation      bound        time (s)     solves  pid
-------------------------------------------------------------------
         1   6.500000e+00  1.100000e+01  2.669096e-03         6   1
-------------------------------------------------------------------
status         : iteration_limit
total time (s) : 5.275011e-03
total solves   : 30
best bound     :  1.100000e+01
simulation ci  :  5.700000e+00 ± 3.920000e-01
numeric issues : 0
-------------------------------------------------------------------

