-------------------------------------------------------------------
         SDDP.jl (c) Oscar Dowson and contributors, 2017-23
-------------------------------------------------------------------
problem
  nodes           : 3
  state variables : 1
  scenarios       : 1.33100e+03
  existing cuts   : true
options
  solver          : serial mode
  risk measure    : SDDP.Expectation()
  sampling scheme : SDDP.InSampleMonteCarlo
subproblem structure
  VariableRef                             : [9, 9]
  AffExpr in MOI.EqualTo{Float64}         : [2, 4]
  AffExpr in MOI.GreaterThan{Float64}     : [3, 31]
  VariableRef in MOI.EqualTo{Float64}     : [1, 1]
  VariableRef in MOI.GreaterThan{Float64} : [8, 8]
  VariableRef in MOI.LessThan{Float64}    : [5, 6]
-------------------------------------------------------------------
 iteration    simulation      bound        time (s)     solves  pid
-------------------------------------------------------------------
         1   1.300000e+02  1.129545e+02  3.086090e-03      3391   1
        10   8.812500e+01  1.129771e+02  1.041470e-01      4015   1
-------------------------------------------------------------------
status         : iteration_limit
total time (s) : 1.041470e-01
total solves   : 4015
best bound     :  1.129771e+02
simulation ci  :  1.146875e+02 ± 2.642851e+01
numeric issues : 0
-------------------------------------------------------------------

