-------------------------------------------------------------------
         SDDP.jl (c) Oscar Dowson and contributors, 2017-24
-------------------------------------------------------------------
problem
  nodes           : 2
  state variables : 1
  scenarios       : 2.00000e+00
  existing cuts   : false
options
  solver          : serial mode
  risk measure    : SDDP.Expectation()
  sampling scheme : SDDP.InSampleMonteCarlo
subproblem structure
  VariableRef                             : [6, 6]
  AffExpr in MOI.GreaterThan{Float64}     : [1, 1]
  AffExpr in MOI.LessThan{Float64}        : [1, 1]
  VariableRef in MOI.EqualTo{Float64}     : [1, 1]
  VariableRef in MOI.GreaterThan{Float64} : [3, 4]
  VariableRef in MOI.LessThan{Float64}    : [2, 2]
numerical stability report
  matrix range     [1e+00, 1e+00]
  objective range  [1e+00, 5e+00]
  bounds range     [8e+00, 8e+00]
  rhs range        [6e+00, 6e+00]
-------------------------------------------------------------------
 iteration    simulation      bound        time (s)     solves  pid
-------------------------------------------------------------------
         1   0.000000e+00 -1.000000e+01  2.763033e-03         5   1
        20   0.000000e+00 -1.000000e+01  1.517701e-02       104   1
-------------------------------------------------------------------
status         : simulation_stopping
total time (s) : 1.517701e-02
total solves   : 104
best bound     : -1.000000e+01
simulation ci  : -9.000000e+00 ± 4.474009e+00
numeric issues : 0
-------------------------------------------------------------------

-------------------------------------------------------------------
         SDDP.jl (c) Oscar Dowson and contributors, 2017-24
-------------------------------------------------------------------
problem
  nodes           : 3
  state variables : 2
  scenarios       : 4.00000e+00
  existing cuts   : false
options
  solver          : serial mode
  risk measure    : SDDP.Expectation()
  sampling scheme : SDDP.InSampleMonteCarlo
subproblem structure
  VariableRef                             : [8, 8]
  AffExpr in MOI.LessThan{Float64}        : [3, 3]
  VariableRef in MOI.GreaterThan{Float64} : [5, 5]
  VariableRef in MOI.LessThan{Float64}    : [1, 1]
numerical stability report
  matrix range     [1e+00, 1e+00]
  objective range  [2e-01, 3e+00]
  bounds range     [5e+01, 5e+01]
  rhs range        [0e+00, 0e+00]
-------------------------------------------------------------------
 iteration    simulation      bound        time (s)     solves  pid
-------------------------------------------------------------------
         5  -2.396000e+01 -2.396000e+01  7.642031e-03        52   1
        10  -4.260000e+01 -2.396000e+01  1.159406e-02        92   1
        15  -4.260000e+01 -2.396000e+01  1.563311e-02       132   1
        20  -4.260000e+01 -2.396000e+01  1.985717e-02       172   1
        25  -2.396000e+01 -2.396000e+01  2.540803e-02       224   1
        30  -4.260000e+01 -2.396000e+01  3.027701e-02       264   1
        35  -2.396000e+01 -2.396000e+01  3.536510e-02       304   1
        40  -2.396000e+01 -2.396000e+01  4.091120e-02       344   1
-------------------------------------------------------------------
status         : simulation_stopping
total time (s) : 4.091120e-02
total solves   : 344
best bound     : -2.396000e+01
simulation ci  : -2.660914e+01 ± 3.908038e+00
numeric issues : 0
-------------------------------------------------------------------

────────────────────────────────────────────────────────────────────────────────
                                       Time                    Allocations      
                              ───────────────────────   ────────────────────────
      Tot / % measured:           49.5ms /  72.8%           33.0MiB /  21.1%    

Section               ncalls     time    %tot     avg     alloc    %tot      avg
────────────────────────────────────────────────────────────────────────────────
backward_pass             40   21.9ms   60.6%   547μs   6.00MiB   86.0%   154KiB
  solve_subproblem       160   12.6ms   34.9%  78.6μs    871KiB   12.2%  5.44KiB
    get_dual_solution    160    643μs    1.8%  4.02μs    190KiB    2.7%  1.19KiB
  prepare_backward...    160   28.3μs    0.1%   177ns     0.00B    0.0%    0.00B
forward_pass              40   8.75ms   24.2%   219μs    768KiB   10.8%  19.2KiB
  solve_subproblem       120   7.82ms   21.7%  65.1μs    588KiB    8.2%  4.90KiB
    get_dual_solution    120   86.5μs    0.2%   721ns   16.9KiB    0.2%     144B
  sample_scenario         40    138μs    0.4%  3.45μs   24.5KiB    0.3%     628B
calculate_bound           40   5.44ms   15.1%   136μs    224KiB    3.1%  5.61KiB
  get_dual_solution       40   36.3μs    0.1%   908ns   5.62KiB    0.1%     144B
get_dual_solution         36   23.3μs    0.1%   646ns   5.06KiB    0.1%     144B
────────────────────────────────────────────────────────────────────────────────

-------------------------------------------------------------------
         SDDP.jl (c) Oscar Dowson and contributors, 2017-24
-------------------------------------------------------------------
problem
  nodes           : 3
  state variables : 2
  scenarios       : 4.00000e+00
  existing cuts   : false
options
  solver          : serial mode
  risk measure    : SDDP.Expectation()
  sampling scheme : SDDP.InSampleMonteCarlo
subproblem structure
  VariableRef                             : [8, 8]
  AffExpr in MOI.LessThan{Float64}        : [3, 3]
  VariableRef in MOI.GreaterThan{Float64} : [5, 5]
  VariableRef in MOI.LessThan{Float64}    : [1, 1]
numerical stability report
  matrix range     [1e+00, 1e+00]
  objective range  [2e-01, 3e+00]
  bounds range     [5e+01, 5e+01]
  rhs range        [0e+00, 0e+00]
-------------------------------------------------------------------
 iteration    simulation      bound        time (s)     solves  pid
-------------------------------------------------------------------
         5  -5.320000e+00 -2.396000e+01  8.006096e-03        52   1
        10  -5.320000e+00 -2.396000e+01  1.225710e-02        92   1
        15  -2.396000e+01 -2.396000e+01  1.780891e-02       132   1
        20  -5.320000e+00 -2.396000e+01  2.335596e-02       172   1
        25  -4.260000e+01 -2.396000e+01  3.066397e-02       224   1
        30  -2.396000e+01 -2.396000e+01  3.754902e-02       264   1
        35  -2.396000e+01 -2.396000e+01  4.510903e-02       304   1
        40  -2.396000e+01 -2.396000e+01  5.316401e-02       344   1
-------------------------------------------------------------------
status         : simulation_stopping
total time (s) : 5.316401e-02
total solves   : 344
best bound     : -2.396000e+01
simulation ci  : -1.957570e+01 ± 3.890802e+00
numeric issues : 0
-------------------------------------------------------------------

────────────────────────────────────────────────────────────────────────────────
                                       Time                    Allocations      
                              ───────────────────────   ────────────────────────
      Tot / % measured:           89.2ms /  53.4%           39.1MiB /  33.4%    

Section               ncalls     time    %tot     avg     alloc    %tot      avg
────────────────────────────────────────────────────────────────────────────────
backward_pass             40   33.1ms   69.4%   827μs   12.1MiB   92.5%   309KiB
  solve_subproblem       160   13.4ms   28.1%  83.6μs    872KiB    6.5%  5.45KiB
    get_dual_solution    160    660μs    1.4%  4.12μs    190KiB    1.4%  1.19KiB
  prepare_backward...    160   28.7μs    0.1%   180ns     0.00B    0.0%    0.00B
forward_pass              40   8.62ms   18.1%   216μs    768KiB    5.7%  19.2KiB
  solve_subproblem       120   7.67ms   16.1%  63.9μs    588KiB    4.4%  4.90KiB
    get_dual_solution    120   81.9μs    0.2%   683ns   16.9KiB    0.1%     144B
  sample_scenario         40    144μs    0.3%  3.61μs   24.2KiB    0.2%     620B
calculate_bound           40   5.92ms   12.4%   148μs    226KiB    1.7%  5.66KiB
  get_dual_solution       40   36.3μs    0.1%   907ns   5.62KiB    0.0%     144B
get_dual_solution         36   24.9μs    0.1%   693ns   5.06KiB    0.0%     144B
────────────────────────────────────────────────────────────────────────────────

-------------------------------------------------------------------
         SDDP.jl (c) Oscar Dowson and contributors, 2017-24
-------------------------------------------------------------------
problem
  nodes           : 2
  state variables : 1
  scenarios       : 2.00000e+00
  existing cuts   : false
options
  solver          : serial mode
  risk measure    : SDDP.Expectation()
  sampling scheme : SDDP.InSampleMonteCarlo
subproblem structure
  VariableRef                             : [3, 4]
  AffExpr in MOI.LessThan{Float64}        : [1, 1]
  VariableRef in MOI.GreaterThan{Float64} : [2, 3]
  VariableRef in MOI.LessThan{Float64}    : [2, 2]
numerical stability report
  matrix range     [1e+00, 1e+00]
  objective range  [1e+00, 2e+00]
  bounds range     [2e+00, 5e+00]
  rhs range        [0e+00, 0e+00]
-------------------------------------------------------------------
 iteration    simulation      bound        time (s)     solves  pid
-------------------------------------------------------------------
         1   0.000000e+00 -2.500000e+00  2.249956e-03         5   1
         2  -1.500000e+00 -2.000000e+00  3.249884e-03        14   1
         3  -1.000000e+00 -2.000000e+00  3.732920e-03        19   1
         4  -1.000000e+00 -2.000000e+00  4.308939e-03        24   1
         5  -2.000000e+00 -2.000000e+00  4.940033e-03        29   1
         6  -2.000000e+00 -2.000000e+00  5.526066e-03        34   1
         7  -2.000000e+00 -2.000000e+00  6.186962e-03        39   1
         8  -2.000000e+00 -2.000000e+00  6.788015e-03        44   1
         9  -2.000000e+00 -2.000000e+00  7.372856e-03        49   1
        10  -2.000000e+00 -2.000000e+00  7.952929e-03        54   1
        11  -2.000000e+00 -2.000000e+00  8.549929e-03        59   1
        12  -2.000000e+00 -2.000000e+00  9.137869e-03        64   1
        13  -2.000000e+00 -2.000000e+00  9.747982e-03        69   1
        14  -2.000000e+00 -2.000000e+00  1.035595e-02        74   1
        15  -2.000000e+00 -2.000000e+00  1.096296e-02        79   1
        16  -2.000000e+00 -2.000000e+00  1.157188e-02        84   1
        17  -2.000000e+00 -2.000000e+00  1.219106e-02        89   1
        18  -2.000000e+00 -2.000000e+00  1.283097e-02        94   1
        19  -2.000000e+00 -2.000000e+00  1.347494e-02        99   1
        20  -2.000000e+00 -2.000000e+00  1.415086e-02       104   1
        21  -2.000000e+00 -2.000000e+00  1.516390e-02       113   1
        22  -2.000000e+00 -2.000000e+00  1.582193e-02       118   1
        23  -2.000000e+00 -2.000000e+00  1.646590e-02       123   1
        24  -2.000000e+00 -2.000000e+00  1.712394e-02       128   1
        25  -2.000000e+00 -2.000000e+00  1.780391e-02       133   1
        26  -2.000000e+00 -2.000000e+00  1.849008e-02       138   1
        27  -2.000000e+00 -2.000000e+00  1.916790e-02       143   1
        28  -2.000000e+00 -2.000000e+00  1.987100e-02       148   1
        29  -2.000000e+00 -2.000000e+00  2.056694e-02       153   1
        30  -2.000000e+00 -2.000000e+00  2.124906e-02       158   1
        31  -2.000000e+00 -2.000000e+00  2.199006e-02       163   1
        32  -2.000000e+00 -2.000000e+00  4.777408e-02       168   1
        33  -2.000000e+00 -2.000000e+00  4.854703e-02       173   1
        34  -2.000000e+00 -2.000000e+00  4.928803e-02       178   1
        35  -2.000000e+00 -2.000000e+00  5.004501e-02       183   1
        36  -2.000000e+00 -2.000000e+00  5.076098e-02       188   1
        37  -2.000000e+00 -2.000000e+00  5.147886e-02       193   1
        38  -2.000000e+00 -2.000000e+00  5.219793e-02       198   1
        39  -2.000000e+00 -2.000000e+00  5.293393e-02       203   1
        40  -2.000000e+00 -2.000000e+00  5.368900e-02       208   1
-------------------------------------------------------------------
status         : simulation_stopping
total time (s) : 5.368900e-02
total solves   : 208
best bound     : -2.000000e+00
simulation ci  : -1.887500e+00 ± 1.189300e-01
numeric issues : 0
-------------------------------------------------------------------

-------------------------------------------------------------------
         SDDP.jl (c) Oscar Dowson and contributors, 2017-24
-------------------------------------------------------------------
problem
  nodes           : 3
  state variables : 1
  scenarios       : Inf
  existing cuts   : false
options
  solver          : serial mode
  risk measure    : SDDP.Expectation()
  sampling scheme : SDDP.InSampleMonteCarlo
subproblem structure
  VariableRef                             : [6, 6]
  AffExpr in MOI.EqualTo{Float64}         : [2, 2]
  VariableRef in MOI.GreaterThan{Float64} : [5, 5]
  VariableRef in MOI.LessThan{Float64}    : [1, 1]
numerical stability report
  matrix range     [1e+00, 1e+00]
  objective range  [1e+00, 3e+00]
  bounds range     [5e+00, 2e+01]
  rhs range        [2e+00, 1e+01]
-------------------------------------------------------------------
 iteration    simulation      bound        time (s)     solves  pid
-------------------------------------------------------------------
         1   2.390000e+02  6.304440e+01  1.103470e-01       183   1
        31   8.517170e+02  2.346450e+02  1.196832e+00      7701   1
        50   5.832977e+02  2.361584e+02  2.304230e+00     13230   1
        63   8.928468e+02  2.363625e+02  3.317252e+00     17421   1
        76   8.600261e+02  2.364145e+02  4.529045e+00     22092   1
        89   2.365015e+02  2.364263e+02  5.551026e+00     24987   1
       100   1.135002e+02  2.364293e+02  6.229514e+00     26640   1
-------------------------------------------------------------------
status         : iteration_limit
total time (s) : 6.229514e+00
total solves   : 26640
best bound     :  2.364293e+02
simulation ci  :  2.593398e+02 ± 5.186931e+01
numeric issues : 0
-------------------------------------------------------------------

-------------------------------------------------------------------
         SDDP.jl (c) Oscar Dowson and contributors, 2017-24
-------------------------------------------------------------------
problem
  nodes           : 5
  state variables : 3
  scenarios       : 1.43489e+07
  existing cuts   : false
options
  solver          : serial mode
  risk measure    : SDDP.Expectation()
  sampling scheme : SDDP.InSampleMonteCarlo
subproblem structure
  VariableRef                             : [13, 13]
  AffExpr in MOI.EqualTo{Float64}         : [3, 3]
  AffExpr in MOI.LessThan{Float64}        : [1, 1]
  VariableRef in MOI.GreaterThan{Float64} : [7, 7]
  VariableRef in MOI.LessThan{Float64}    : [6, 7]
numerical stability report
  matrix range     [1e+00, 1e+00]
  objective range  [3e-01, 2e+00]
  bounds range     [5e-01, 5e+00]
  rhs range        [2e+00, 2e+00]
-------------------------------------------------------------------
 iteration    simulation      bound        time (s)     solves  pid
-------------------------------------------------------------------
        10  -3.878303e+00 -4.434982e+00  2.154880e-01      1400   1
        20  -4.262885e+00 -4.399265e+00  3.452251e-01      2800   1
        30  -3.075162e+00 -4.382527e+00  4.819551e-01      4200   1
        40  -3.761147e+00 -4.369587e+00  6.323240e-01      5600   1
        50  -4.323162e+00 -4.362199e+00  8.433452e-01      7000   1
        60  -3.654943e+00 -4.358401e+00  9.960310e-01      8400   1
        70  -4.010883e+00 -4.357368e+00  1.152168e+00      9800   1
        80  -4.314412e+00 -4.355714e+00  1.313477e+00     11200   1
        90  -4.542422e+00 -4.353708e+00  1.481565e+00     12600   1
       100  -4.178952e+00 -4.351685e+00  1.644205e+00     14000   1
-------------------------------------------------------------------
status         : iteration_limit
total time (s) : 1.644205e+00
total solves   : 14000
best bound     : -4.351685e+00
simulation ci  : -4.246786e+00 ± 8.703997e-02
numeric issues : 0
-------------------------------------------------------------------

-------------------------------------------------------------------
         SDDP.jl (c) Oscar Dowson and contributors, 2017-24
-------------------------------------------------------------------
problem
  nodes           : 5
  state variables : 1
  scenarios       : 1.00000e+05
  existing cuts   : false
options
  solver          : serial mode
  risk measure    : SDDP.Expectation()
  sampling scheme : SDDP.InSampleMonteCarlo
subproblem structure
  VariableRef                             : [5, 5]
  AffExpr in MOI.EqualTo{Float64}         : [1, 1]
  VariableRef in MOI.GreaterThan{Float64} : [3, 3]
  VariableRef in MOI.LessThan{Float64}    : [2, 3]
numerical stability report
  matrix range     [1e+00, 1e+00]
  objective range  [3e-01, 2e+00]
  bounds range     [5e-01, 2e+00]
  rhs range        [0e+00, 0e+00]
-------------------------------------------------------------------
 iteration    simulation      bound        time (s)     solves  pid
-------------------------------------------------------------------
        10  -1.573154e+00 -1.474247e+00  7.209086e-02      1050   1
        20  -1.346690e+00 -1.471483e+00  1.122549e-01      1600   1
        30  -1.308031e+00 -1.471307e+00  1.987529e-01      2650   1
        40  -1.401200e+00 -1.471167e+00  2.418110e-01      3200   1
        50  -1.557483e+00 -1.471097e+00  3.466070e-01      4250   1
        60  -1.534169e+00 -1.471075e+00  3.962181e-01      4800   1
        65  -1.689864e+00 -1.471075e+00  4.204600e-01      5075   1
-------------------------------------------------------------------
status         : simulation_stopping
total time (s) : 4.204600e-01
total solves   : 5075
best bound     : -1.471075e+00
simulation ci  : -1.484094e+00 ± 4.058993e-02
numeric issues : 0
-------------------------------------------------------------------

-------------------------------------------------------------------
         SDDP.jl (c) Oscar Dowson and contributors, 2017-24
-------------------------------------------------------------------
problem
  nodes           : 2
  state variables : 4
  scenarios       : 2.00000e+00
  existing cuts   : false
options
  solver          : serial mode
  risk measure    : SDDP.Expectation()
  sampling scheme : SDDP.InSampleMonteCarlo
subproblem structure
  VariableRef                             : [29, 29]
  AffExpr in MOI.EqualTo{Float64}         : [4, 5]
  AffExpr in MOI.GreaterThan{Float64}     : [3, 3]
  AffExpr in MOI.LessThan{Float64}        : [4, 4]
  VariableRef in MOI.GreaterThan{Float64} : [22, 22]
  VariableRef in MOI.LessThan{Float64}    : [1, 1]
numerical stability report
  matrix range     [1e+00, 1e+00]
  objective range  [1e+00, 1e+06]
  bounds range     [0e+00, 0e+00]
  rhs range        [0e+00, 0e+00]
-------------------------------------------------------------------
 iteration    simulation      bound        time (s)     solves  pid
-------------------------------------------------------------------
        10   3.455904e+05  3.147347e+05  8.427143e-03        54   1
        20   3.336455e+05  3.402383e+05  1.470113e-02       104   1
        30   3.337559e+05  3.403155e+05  2.213216e-02       158   1
        40   3.337559e+05  3.403155e+05  2.934003e-02       208   1
        48   3.337559e+05  3.403155e+05  3.555107e-02       248   1
-------------------------------------------------------------------
status         : simulation_stopping
total time (s) : 3.555107e-02
total solves   : 248
best bound     :  3.403155e+05
simulation ci  :  1.351676e+08 ± 1.785770e+08
numeric issues : 0
-------------------------------------------------------------------

-------------------------------------------------------------------
         SDDP.jl (c) Oscar Dowson and contributors, 2017-24
-------------------------------------------------------------------
problem
  nodes           : 3
  state variables : 4
  scenarios       : 4.00000e+00
  existing cuts   : false
options
  solver          : serial mode
  risk measure    : SDDP.Expectation()
  sampling scheme : SDDP.InSampleMonteCarlo
subproblem structure
  VariableRef                             : [29, 29]
  AffExpr in MOI.EqualTo{Float64}         : [4, 5]
  AffExpr in MOI.GreaterThan{Float64}     : [3, 3]
  AffExpr in MOI.LessThan{Float64}        : [4, 4]
  VariableRef in MOI.EqualTo{Float64}     : [3, 3]
  VariableRef in MOI.GreaterThan{Float64} : [22, 22]
  VariableRef in MOI.LessThan{Float64}    : [1, 1]
numerical stability report
  matrix range     [1e+00, 1e+00]
  objective range  [1e+00, 1e+05]
  bounds range     [0e+00, 0e+00]
  rhs range        [0e+00, 0e+00]
-------------------------------------------------------------------
 iteration    simulation      bound        time (s)     solves  pid
-------------------------------------------------------------------
        10   4.403329e+05  3.509666e+05  1.363397e-02        92   1
        20   4.055335e+05  4.054833e+05  2.450395e-02       172   1
        30   3.959476e+05  4.067125e+05  3.801203e-02       264   1
        40   3.959476e+05  4.067125e+05  5.139494e-02       344   1
        47   3.959476e+05  4.067125e+05  6.154990e-02       400   1
-------------------------------------------------------------------
status         : simulation_stopping
total time (s) : 6.154990e-02
total solves   : 400
best bound     :  4.067125e+05
simulation ci  :  2.695623e+07 ± 3.645336e+07
numeric issues : 0
-------------------------------------------------------------------

-------------------------------------------------------------------
         SDDP.jl (c) Oscar Dowson and contributors, 2017-24
-------------------------------------------------------------------
problem
  nodes           : 10
  state variables : 4
  scenarios       : 2.70000e+01
  existing cuts   : false
options
  solver          : serial mode
  risk measure    : SDDP.Expectation()
  sampling scheme : SDDP.InSampleMonteCarlo
subproblem structure
  VariableRef                             : [24, 24]
  AffExpr in MOI.EqualTo{Float64}         : [3, 3]
  AffExpr in MOI.GreaterThan{Float64}     : [1, 1]
  AffExpr in MOI.LessThan{Float64}        : [1, 6]
  VariableRef in MOI.GreaterThan{Float64} : [20, 20]
  VariableRef in MOI.LessThan{Float64}    : [1, 2]
numerical stability report
  matrix range     [1e+00, 8e+01]
  objective range  [1e+00, 1e+03]
  bounds range     [6e+01, 6e+01]
  rhs range        [2e+02, 3e+03]
-------------------------------------------------------------------
 iteration    simulation      bound        time (s)     solves  pid
-------------------------------------------------------------------
         1   8.316000e+03  0.000000e+00  9.890795e-02        14   1
        40   4.716000e+03  4.074139e+03  2.333810e-01       776   1
-------------------------------------------------------------------
status         : simulation_stopping
total time (s) : 2.333810e-01
total solves   : 776
best bound     :  4.074139e+03
simulation ci  :  4.477341e+03 ± 6.593738e+02
numeric issues : 0
-------------------------------------------------------------------

-------------------------------------------------------------------
         SDDP.jl (c) Oscar Dowson and contributors, 2017-24
-------------------------------------------------------------------
problem
  nodes           : 3
  state variables : 1
  scenarios       : 4.00000e+00
  existing cuts   : false
options
  solver          : serial mode
  risk measure    : SDDP.Expectation()
  sampling scheme : SDDP.InSampleMonteCarlo
subproblem structure
  VariableRef                             : [6, 6]
  AffExpr in MOI.EqualTo{Float64}         : [1, 1]
  VariableRef in MOI.GreaterThan{Float64} : [4, 4]
  VariableRef in MOI.Integer              : [3, 3]
  VariableRef in MOI.LessThan{Float64}    : [2, 3]
numerical stability report
  matrix range     [1e+00, 1e+00]
  objective range  [1e+00, 3e+02]
  bounds range     [1e+02, 2e+02]
  rhs range        [0e+00, 0e+00]
-------------------------------------------------------------------
 iteration    simulation      bound        time (s)     solves  pid
-------------------------------------------------------------------
         1L  7.000000e+04  6.166667e+04  5.877728e-01         8   1
        40L  5.500000e+04  6.250000e+04  8.389909e-01       344   1
-------------------------------------------------------------------
status         : simulation_stopping
total time (s) : 8.389909e-01
total solves   : 344
best bound     :  6.250000e+04
simulation ci  :  6.091250e+04 ± 6.325667e+03
numeric issues : 0
-------------------------------------------------------------------

-------------------------------------------------------------------
         SDDP.jl (c) Oscar Dowson and contributors, 2017-24
-------------------------------------------------------------------
problem
  nodes           : 3
  state variables : 1
  scenarios       : 4.00000e+00
  existing cuts   : false
options
  solver          : serial mode
  risk measure    : SDDP.Expectation()
  sampling scheme : SDDP.InSampleMonteCarlo
subproblem structure
  VariableRef                             : [6, 6]
  AffExpr in MOI.EqualTo{Float64}         : [1, 1]
  VariableRef in MOI.GreaterThan{Float64} : [4, 4]
  VariableRef in MOI.Integer              : [3, 3]
  VariableRef in MOI.LessThan{Float64}    : [2, 3]
numerical stability report
  matrix range     [1e+00, 1e+00]
  objective range  [1e+00, 3e+02]
  bounds range     [1e+02, 2e+02]
  rhs range        [0e+00, 0e+00]
-------------------------------------------------------------------
 iteration    simulation      bound        time (s)     solves  pid
-------------------------------------------------------------------
         1   3.000000e+04  6.250000e+04  4.208088e-03         8   1
        20   4.000000e+04  6.250000e+04  5.128121e-02       172   1
-------------------------------------------------------------------
status         : simulation_stopping
total time (s) : 5.128121e-02
total solves   : 172
best bound     :  6.250000e+04
simulation ci  :  5.650000e+04 ± 6.785916e+03
numeric issues : 0
-------------------------------------------------------------------

-------------------------------------------------------------------
         SDDP.jl (c) Oscar Dowson and contributors, 2017-24
-------------------------------------------------------------------
problem
  nodes           : 3
  state variables : 1
  scenarios       : 4.00000e+00
  existing cuts   : false
options
  solver          : serial mode
  risk measure    : SDDP.Expectation()
  sampling scheme : SDDP.InSampleMonteCarlo
subproblem structure
  VariableRef                             : [5, 5]
  AffExpr in MOI.EqualTo{Float64}         : [1, 1]
  VariableRef in MOI.GreaterThan{Float64} : [4, 4]
  VariableRef in MOI.LessThan{Float64}    : [2, 3]
numerical stability report
  matrix range     [1e+00, 1e+00]
  objective range  [1e+00, 3e+02]
  bounds range     [1e+02, 2e+02]
  rhs range        [1e+02, 3e+02]
-------------------------------------------------------------------
 iteration    simulation      bound        time (s)     solves  pid
-------------------------------------------------------------------
         1   7.000000e+04  6.250000e+04  6.263018e-03         5   1
        10   6.000000e+04  6.250000e+04  2.203202e-02        50   1
-------------------------------------------------------------------
status         : iteration_limit
total time (s) : 2.203202e-02
total solves   : 50
best bound     :  6.250000e+04
simulation ci  :  6.150000e+04 ± 1.265596e+04
numeric issues : 0
-------------------------------------------------------------------

-------------------------------------------------------------------
         SDDP.jl (c) Oscar Dowson and contributors, 2017-24
-------------------------------------------------------------------
problem
  nodes           : 3
  state variables : 2
  scenarios       : 1.00000e+00
  existing cuts   : false
options
  solver          : serial mode
  risk measure    : SDDP.Expectation()
  sampling scheme : SDDP.InSampleMonteCarlo
subproblem structure
  VariableRef                             : [6, 6]
  AffExpr in MOI.EqualTo{Float64}         : [2, 2]
  VariableRef in MOI.GreaterThan{Float64} : [2, 3]
  VariableRef in MOI.LessThan{Float64}    : [3, 3]
  VariableRef in MOI.ZeroOne              : [3, 3]
numerical stability report
  matrix range     [1e+00, 1e+00]
  objective range  [1e+00, 6e+00]
  bounds range     [1e+00, 1e+02]
  rhs range        [0e+00, 0e+00]
-------------------------------------------------------------------
 iteration    simulation      bound        time (s)     solves  pid
-------------------------------------------------------------------
         1L  6.000000e+00  9.000000e+00  4.093814e-02         6   1
        20L  9.000000e+00  9.000000e+00  8.124518e-02       123   1
-------------------------------------------------------------------
status         : simulation_stopping
total time (s) : 8.124518e-02
total solves   : 123
best bound     :  9.000000e+00
simulation ci  :  8.850000e+00 ± 2.940000e-01
numeric issues : 0
-------------------------------------------------------------------

-------------------------------------------------------------------
         SDDP.jl (c) Oscar Dowson and contributors, 2017-24
-------------------------------------------------------------------
problem
  nodes           : 7
  state variables : 2
  scenarios       : 8.00000e+00
  existing cuts   : false
options
  solver          : serial mode
  risk measure    : SDDP.Expectation()
  sampling scheme : SDDP.InSampleMonteCarlo
subproblem structure
  VariableRef                             : [5, 7]
  AffExpr in MOI.EqualTo{Float64}         : [1, 1]
  VariableRef in MOI.GreaterThan{Float64} : [3, 5]
  VariableRef in MOI.LessThan{Float64}    : [1, 1]
numerical stability report
  matrix range     [1e+00, 1e+00]
  objective range  [1e+00, 4e+00]
  bounds range     [1e+03, 1e+03]
  rhs range        [6e+01, 8e+01]
-------------------------------------------------------------------
 iteration    simulation      bound        time (s)     solves  pid
-------------------------------------------------------------------
         5  -1.620000e+00 -8.522173e-01  1.301599e-02        87   1
        10  -1.847411e-13  1.392784e+00  1.991010e-02       142   1
        15  -6.963319e-13  1.514085e+00  2.743506e-02       197   1
        20   1.136868e-13  1.514085e+00  3.520012e-02       252   1
        25  -1.080025e-12  1.514085e+00  9.351707e-02       339   1
        30   1.136868e-13  1.514085e+00  1.022439e-01       394   1
        35  -2.479988e+01  1.514085e+00  1.113100e-01       449   1
        40   1.136868e-13  1.514085e+00  1.208129e-01       504   1
-------------------------------------------------------------------
status         : simulation_stopping
total time (s) : 1.208129e-01
total solves   : 504
best bound     :  1.514085e+00
simulation ci  :  3.429060e+00 ± 6.665883e+00
numeric issues : 0
-------------------------------------------------------------------

-------------------------------------------------------------------
         SDDP.jl (c) Oscar Dowson and contributors, 2017-24
-------------------------------------------------------------------
problem
  nodes           : 7
  state variables : 2
  scenarios       : 3.20000e+01
  existing cuts   : false
options
  solver          : serial mode
  risk measure    : #4
  sampling scheme : SDDP.InSampleMonteCarlo
subproblem structure
  VariableRef                             : [5, 7]
  AffExpr in MOI.EqualTo{Float64}         : [1, 1]
  VariableRef in MOI.GreaterThan{Float64} : [2, 5]
  VariableRef in MOI.LessThan{Float64}    : [1, 1]
numerical stability report
  matrix range     [1e+00, 1e+00]
  objective range  [2e-02, 4e+00]
  bounds range     [1e+03, 1e+03]
  rhs range        [6e+01, 8e+01]
-------------------------------------------------------------------
 iteration    simulation      bound        time (s)     solves  pid
-------------------------------------------------------------------
        10   4.375000e+00  6.798204e+00  1.593101e-01       278   1
        20   1.230957e+01  1.358825e+00  1.784770e-01       428   1
        30   8.859026e+00  1.278410e+00  2.119260e-01       706   1
        40  -2.315795e+01  1.278410e+00  2.359290e-01       856   1
        49   3.014193e+01  1.278410e+00  2.579010e-01       991   1
-------------------------------------------------------------------
status         : simulation_stopping
total time (s) : 2.579010e-01
total solves   : 991
best bound     :  1.278410e+00
simulation ci  : -1.755629e+00 ± 5.526921e+00
numeric issues : 0
-------------------------------------------------------------------

-------------------------------------------------------------------
         SDDP.jl (c) Oscar Dowson and contributors, 2017-24
-------------------------------------------------------------------
problem
  nodes           : 7
  state variables : 2
  scenarios       : 3.20000e+01
  existing cuts   : false
options
  solver          : serial mode
  risk measure    : #4
  sampling scheme : SDDP.InSampleMonteCarlo
subproblem structure
  VariableRef                             : [5, 7]
  AffExpr in MOI.EqualTo{Float64}         : [1, 1]
  VariableRef in MOI.GreaterThan{Float64} : [2, 5]
  VariableRef in MOI.LessThan{Float64}    : [1, 1]
numerical stability report
  matrix range     [1e+00, 1e+00]
  objective range  [2e-02, 4e+00]
  bounds range     [1e+03, 1e+03]
  rhs range        [6e+01, 8e+01]
-------------------------------------------------------------------
 iteration    simulation      bound        time (s)     solves  pid
-------------------------------------------------------------------
        10  -2.454000e+00  1.647363e+00  3.897691e-02       278   1
        20  -3.575118e+00  1.278410e+00  6.944299e-02       428   1
        30  -5.003795e+01  1.278410e+00  1.186969e-01       706   1
        40   6.835609e+00  1.278410e+00  1.601050e-01       856   1
-------------------------------------------------------------------
status         : simulation_stopping
total time (s) : 1.601050e-01
total solves   : 856
best bound     :  1.278410e+00
simulation ci  :  4.369345e+00 ± 4.780393e+00
numeric issues : 0
-------------------------------------------------------------------

-------------------------------------------------------------------
         SDDP.jl (c) Oscar Dowson and contributors, 2017-24
-------------------------------------------------------------------
problem
  nodes           : 4
  state variables : 1
  scenarios       : Inf
  existing cuts   : false
options
  solver          : serial mode
  risk measure    : SDDP.Expectation()
  sampling scheme : SDDP.InSampleMonteCarlo
subproblem structure
  VariableRef                             : [7, 7]
  AffExpr in MOI.EqualTo{Float64}         : [1, 1]
  AffExpr in MOI.GreaterThan{Float64}     : [2, 2]
  VariableRef in MOI.EqualTo{Float64}     : [1, 1]
  VariableRef in MOI.GreaterThan{Float64} : [5, 5]
  VariableRef in MOI.LessThan{Float64}    : [3, 3]
numerical stability report
  matrix range     [1e+00, 1e+00]
  objective range  [1e+00, 2e+00]
  bounds range     [2e+00, 1e+02]
  rhs range        [0e+00, 0e+00]
-------------------------------------------------------------------
 iteration    simulation      bound        time (s)     solves  pid
-------------------------------------------------------------------
        10   4.787277e+00  9.346930e+00  1.456003e+00       900   1
        20   6.374753e+00  1.361934e+01  1.630589e+00      1720   1
        30   2.813321e+01  1.651297e+01  2.081573e+00      3036   1
        40   1.654759e+01  1.632970e+01  3.057816e+00      4192   1
        50   3.570941e+00  1.846889e+01  3.372474e+00      5020   1
        60   1.087425e+01  1.890254e+01  3.719990e+00      5808   1
        70   9.381610e+00  1.940320e+01  4.129348e+00      6540   1
        80   5.648731e+01  1.962435e+01  4.457603e+00      7088   1
        90   3.879273e+01  1.981008e+01  5.068689e+00      8180   1
       100   7.870187e+00  1.997117e+01  5.357475e+00      8664   1
-------------------------------------------------------------------
status         : iteration_limit
total time (s) : 5.357475e+00
total solves   : 8664
best bound     :  1.997117e+01
simulation ci  :  2.275399e+01 ± 4.541987e+00
numeric issues : 0
-------------------------------------------------------------------

-------------------------------------------------------------------
         SDDP.jl (c) Oscar Dowson and contributors, 2017-24
-------------------------------------------------------------------
problem
  nodes           : 5
  state variables : 2
  scenarios       : 3.20000e+01
  existing cuts   : false
options
  solver          : serial mode
  risk measure    : SDDP.Expectation()
  sampling scheme : SDDP.InSampleMonteCarlo
subproblem structure
  VariableRef                             : [10, 10]
  AffExpr in MOI.EqualTo{Float64}         : [2, 2]
  AffExpr in MOI.GreaterThan{Float64}     : [2, 2]
  AffExpr in MOI.LessThan{Float64}        : [6, 6]
  VariableRef in MOI.GreaterThan{Float64} : [5, 6]
  VariableRef in MOI.LessThan{Float64}    : [6, 6]
  VariableRef in MOI.ZeroOne              : [5, 5]
numerical stability report
  matrix range     [1e+00, 1e+00]
  objective range  [1e+00, 6e+00]
  bounds range     [1e+00, 1e+01]
  rhs range        [1e+00, 1e+00]
-------------------------------------------------------------------
 iteration    simulation      bound        time (s)     solves  pid
-------------------------------------------------------------------
         5   9.000000e+00  9.002950e+00  1.440730e-01       235   1
        10   4.000000e+00  9.002950e+00  1.903970e-01       310   1
        15   4.000000e+00  9.002950e+00  2.123160e-01       385   1
        20   4.000000e+00  9.002950e+00  2.343311e-01       460   1
        25   1.000000e+01  9.002950e+00  3.108511e-01       695   1
        30   5.000000e+00  9.002950e+00  3.340731e-01       770   1
        35   1.000000e+01  9.002950e+00  3.585141e-01       845   1
        40   5.000000e+00  9.002950e+00  3.837891e-01       920   1
-------------------------------------------------------------------
status         : simulation_stopping
total time (s) : 3.837891e-01
total solves   : 920
best bound     :  9.002950e+00
simulation ci  :  6.375000e+00 ± 7.930178e-01
numeric issues : 0
-------------------------------------------------------------------

-------------------------------------------------------------------
         SDDP.jl (c) Oscar Dowson and contributors, 2017-24
-------------------------------------------------------------------
problem
  nodes           : 3
  state variables : 4
  scenarios       : 2.16000e+02
  existing cuts   : false
options
  solver          : serial mode
  risk measure    : SDDP.Expectation()
  sampling scheme : SDDP.InSampleMonteCarlo
subproblem structure
  VariableRef                             : [18, 18]
  AffExpr in MOI.EqualTo{Float64}         : [4, 4]
  AffExpr in MOI.GreaterThan{Float64}     : [4, 4]
  AffExpr in MOI.LessThan{Float64}        : [12, 12]
  VariableRef in MOI.GreaterThan{Float64} : [9, 10]
  VariableRef in MOI.LessThan{Float64}    : [10, 10]
  VariableRef in MOI.ZeroOne              : [9, 9]
numerical stability report
  matrix range     [1e+00, 1e+00]
  objective range  [1e+00, 4e+00]
  bounds range     [1e+00, 2e+01]
  rhs range        [1e+00, 1e+00]
-------------------------------------------------------------------
 iteration    simulation      bound        time (s)     solves  pid
-------------------------------------------------------------------
        10   1.000000e+01  6.868919e+00  1.101410e-01       510   1
        20   2.000000e+00  6.834387e+00  1.665752e-01       720   1
        30   1.200000e+01  6.834387e+00  3.167851e-01      1230   1
        40   7.000000e+00  6.823805e+00  3.730011e-01      1440   1
        50   7.000000e+00  6.823805e+00  5.305011e-01      1950   1
        60   5.000000e+00  6.823805e+00  5.883570e-01      2160   1
-------------------------------------------------------------------
status         : simulation_stopping
total time (s) : 5.883570e-01
total solves   : 2160
best bound     :  6.823805e+00
simulation ci  :  6.183333e+00 ± 6.258900e-01
numeric issues : 0
-------------------------------------------------------------------

-------------------------------------------------------------------
         SDDP.jl (c) Oscar Dowson and contributors, 2017-24
-------------------------------------------------------------------
problem
  nodes           : 5
  state variables : 5
  scenarios       : 3.27680e+04
  existing cuts   : false
options
  solver          : serial mode
  risk measure    : SDDP.Expectation()
  sampling scheme : SDDP.InSampleMonteCarlo
subproblem structure
  VariableRef                             : [14, 14]
  AffExpr in MOI.GreaterThan{Float64}     : [7, 7]
  AffExpr in MOI.LessThan{Float64}        : [4, 4]
  VariableRef in MOI.GreaterThan{Float64} : [8, 8]
  VariableRef in MOI.Integer              : [5, 5]
  VariableRef in MOI.LessThan{Float64}    : [5, 6]
numerical stability report
  matrix range     [1e+00, 1e+00]
  objective range  [1e+00, 5e+05]
  bounds range     [1e+00, 1e+00]
  rhs range        [0e+00, 0e+00]
-------------------------------------------------------------------
 iteration    simulation      bound        time (s)     solves  pid
-------------------------------------------------------------------
        10   2.549668e+06  2.078257e+06  5.627129e-01       920   1
        20   5.494568e+05  2.078257e+06  7.766969e-01      1340   1
        30   4.985879e+04  2.078257e+06  1.360550e+00      2260   1
        40   3.799447e+06  2.078257e+06  1.575598e+00      2680   1
        50   1.049867e+06  2.078257e+06  2.159233e+00      3600   1
        60   3.985191e+04  2.078257e+06  2.375208e+00      4020   1
-------------------------------------------------------------------
status         : simulation_stopping
total time (s) : 2.375208e+00
total solves   : 4020
best bound     :  2.078257e+06
simulation ci  :  2.031697e+06 ± 3.922745e+05
numeric issues : 0
-------------------------------------------------------------------

-------------------------------------------------------------------
         SDDP.jl (c) Oscar Dowson and contributors, 2017-24
-------------------------------------------------------------------
problem
  nodes           : 5
  state variables : 5
  scenarios       : 3.27680e+04
  existing cuts   : false
options
  solver          : serial mode
  risk measure    : SDDP.Expectation()
  sampling scheme : SDDP.InSampleMonteCarlo
subproblem structure
  VariableRef                             : [14, 14]
  AffExpr in MOI.GreaterThan{Float64}     : [7, 7]
  AffExpr in MOI.LessThan{Float64}        : [4, 4]
  VariableRef in MOI.GreaterThan{Float64} : [8, 8]
  VariableRef in MOI.Integer              : [5, 5]
  VariableRef in MOI.LessThan{Float64}    : [5, 6]
numerical stability report
  matrix range     [1e+00, 1e+00]
  objective range  [1e+00, 5e+05]
  bounds range     [1e+00, 1e+00]
  rhs range        [0e+00, 0e+00]
-------------------------------------------------------------------
 iteration    simulation      bound        time (s)     solves  pid
-------------------------------------------------------------------
        10L  4.986663e+04  2.079119e+06  9.964669e-01       920   1
        20L  3.799878e+06  2.079330e+06  1.756482e+00      1340   1
        30L  3.003923e+04  2.079457e+06  2.925505e+00      2260   1
        40L  5.549882e+06  2.079457e+06  3.771047e+00      2680   1
        50L  2.799466e+06  2.079457e+06  5.018486e+00      3600   1
        60L  3.549880e+06  2.079457e+06  5.818784e+00      4020   1
-------------------------------------------------------------------
status         : simulation_stopping
total time (s) : 5.818784e+00
total solves   : 4020
best bound     :  2.079457e+06
simulation ci  :  2.352204e+06 ± 5.377531e+05
numeric issues : 0
-------------------------------------------------------------------

-------------------------------------------------------------------
         SDDP.jl (c) Oscar Dowson and contributors, 2017-24
-------------------------------------------------------------------
problem
  nodes           : 1
  state variables : 1
  scenarios       : Inf
  existing cuts   : false
options
  solver          : serial mode
  risk measure    : SDDP.Expectation()
  sampling scheme : SDDP.InSampleMonteCarlo
subproblem structure
  VariableRef                             : [8, 8]
  AffExpr in MOI.EqualTo{Float64}         : [2, 2]
  VariableRef in MOI.GreaterThan{Float64} : [5, 5]
  VariableRef in MOI.LessThan{Float64}    : [1, 1]
numerical stability report
  matrix range     [1e+00, 1e+00]
  objective range  [1e+00, 1e+01]
  bounds range     [5e+00, 2e+01]
  rhs range        [0e+00, 0e+00]
-------------------------------------------------------------------
 iteration    simulation      bound        time (s)     solves  pid
-------------------------------------------------------------------
       100   2.500000e+01  1.188965e+02  8.305922e-01      1946   1
       200   2.500000e+01  1.191634e+02  1.043521e+00      3920   1
       300   0.000000e+00  1.191666e+02  1.258537e+00      5902   1
       330   2.500000e+01  1.191667e+02  1.300908e+00      6224   1
-------------------------------------------------------------------
status         : simulation_stopping
total time (s) : 1.300908e+00
total solves   : 6224
best bound     :  1.191667e+02
simulation ci  :  2.158333e+01 ± 3.290252e+00
numeric issues : 0
-------------------------------------------------------------------

-------------------------------------------------------------------
         SDDP.jl (c) Oscar Dowson and contributors, 2017-24
-------------------------------------------------------------------
problem
  nodes           : 1
  state variables : 1
  scenarios       : Inf
  existing cuts   : false
options
  solver          : serial mode
  risk measure    : SDDP.Expectation()
  sampling scheme : SDDP.InSampleMonteCarlo
subproblem structure
  VariableRef                             : [8, 8]
  AffExpr in MOI.EqualTo{Float64}         : [2, 2]
  VariableRef in MOI.GreaterThan{Float64} : [5, 5]
  VariableRef in MOI.LessThan{Float64}    : [1, 1]
numerical stability report
  matrix range     [1e+00, 1e+00]
  objective range  [1e+00, 1e+01]
  bounds range     [5e+00, 2e+01]
  rhs range        [0e+00, 0e+00]
-------------------------------------------------------------------
 iteration    simulation      bound        time (s)     solves  pid
-------------------------------------------------------------------
       100   0.000000e+00  1.191285e+02  2.914021e-01      2874   1
       200   2.500000e+00  1.191666e+02  5.227630e-01      4855   1
       282   7.500000e+00  1.191667e+02  6.560462e-01      5733   1
-------------------------------------------------------------------
status         : simulation_stopping
total time (s) : 6.560462e-01
total solves   : 5733
best bound     :  1.191667e+02
simulation ci  :  2.104610e+01 ± 3.492245e+00
numeric issues : 0
-------------------------------------------------------------------

-------------------------------------------------------------------
         SDDP.jl (c) Oscar Dowson and contributors, 2017-24
-------------------------------------------------------------------
problem
  nodes           : 1
  state variables : 1
  scenarios       : Inf
  existing cuts   : false
options
  solver          : serial mode
  risk measure    : SDDP.Expectation()
  sampling scheme : SDDP.InSampleMonteCarlo
subproblem structure
  VariableRef                             : [3, 3]
  AffExpr in MOI.EqualTo{Float64}         : [1, 1]
  VariableRef in MOI.GreaterThan{Float64} : [1, 1]
numerical stability report
  matrix range     [1e+00, 1e+00]
  objective range  [1e+00, 1e+00]
  bounds range     [0e+00, 0e+00]
  rhs range        [0e+00, 0e+00]
-------------------------------------------------------------------
 iteration    simulation      bound        time (s)     solves  pid
-------------------------------------------------------------------
        10   4.000000e+00  1.997089e+01  7.129502e-02      1204   1
        20   8.000000e+00  2.000000e+01  9.357619e-02      1420   1
        30   1.600000e+01  2.000000e+01  1.660142e-01      2628   1
        40   8.000000e+00  2.000000e+01  1.892681e-01      2834   1
-------------------------------------------------------------------
status         : simulation_stopping
total time (s) : 1.892681e-01
total solves   : 2834
best bound     :  2.000000e+01
simulation ci  :  1.625000e+01 ± 4.766381e+00
numeric issues : 0
-------------------------------------------------------------------

-------------------------------------------------------------------
         SDDP.jl (c) Oscar Dowson and contributors, 2017-24
-------------------------------------------------------------------
problem
  nodes           : 1
  state variables : 1
  scenarios       : Inf
  existing cuts   : false
options
  solver          : serial mode
  risk measure    : SDDP.Expectation()
  sampling scheme : SDDP.InSampleMonteCarlo
subproblem structure
  VariableRef                             : [3, 3]
  AffExpr in MOI.EqualTo{Float64}         : [1, 1]
  VariableRef in MOI.GreaterThan{Float64} : [1, 1]
numerical stability report
  matrix range     [1e+00, 1e+00]
  objective range  [1e+00, 1e+00]
  bounds range     [0e+00, 0e+00]
  rhs range        [0e+00, 0e+00]
-------------------------------------------------------------------
 iteration    simulation      bound        time (s)     solves  pid
-------------------------------------------------------------------
         1   1.000000e+00  1.500000e+00  1.702070e-03         3   1
        40   4.000000e+00  2.000000e+00  4.517102e-02       578   1
-------------------------------------------------------------------
status         : simulation_stopping
total time (s) : 4.517102e-02
total solves   : 578
best bound     :  2.000000e+00
simulation ci  :  1.950000e+00 ± 5.568095e-01
numeric issues : 0
-------------------------------------------------------------------

-------------------------------------------------------------------
         SDDP.jl (c) Oscar Dowson and contributors, 2017-24
-------------------------------------------------------------------
problem
  nodes           : 3
  state variables : 1
  scenarios       : 8.51840e+04
  existing cuts   : false
options
  solver          : serial mode
  risk measure    : SDDP.Expectation()
  sampling scheme : SDDP.InSampleMonteCarlo
subproblem structure
  VariableRef                             : [6, 6]
  AffExpr in MOI.EqualTo{Float64}         : [1, 3]
  AffExpr in MOI.LessThan{Float64}        : [2, 2]
  VariableRef in MOI.GreaterThan{Float64} : [3, 4]
  VariableRef in MOI.LessThan{Float64}    : [3, 3]
numerical stability report
  matrix range     [8e-01, 2e+00]
  objective range  [1e+00, 2e+00]
  bounds range     [1e+00, 1e+02]
  rhs range        [5e+01, 5e+01]
-------------------------------------------------------------------
 iteration    simulation      bound        time (s)     solves  pid
-------------------------------------------------------------------
        10   5.250000e+00  4.888859e+00  1.788990e-01      1350   1
        20   4.350000e+00  4.105855e+00  2.643170e-01      2700   1
        30   5.000000e+00  4.100490e+00  3.607950e-01      4050   1
        40   3.500000e+00  4.097376e+00  4.649961e-01      5400   1
        50   5.250000e+00  4.095859e+00  6.118801e-01      6750   1
        60   3.643750e+00  4.093342e+00  7.281721e-01      8100   1
        70   2.643750e+00  4.091818e+00  8.465681e-01      9450   1
        80   5.087500e+00  4.091591e+00  9.640551e-01     10800   1
        90   5.062500e+00  4.091309e+00  1.084041e+00     12150   1
       100   4.843750e+00  4.087004e+00  1.214725e+00     13500   1
       110   3.437500e+00  4.086094e+00  1.343416e+00     14850   1
       120   3.375000e+00  4.085926e+00  1.473002e+00     16200   1
       130   5.025000e+00  4.085866e+00  1.606086e+00     17550   1
       140   5.000000e+00  4.085734e+00  1.739528e+00     18900   1
       150   3.500000e+00  4.085655e+00  1.881350e+00     20250   1
       160   4.281250e+00  4.085454e+00  2.014442e+00     21600   1
       170   4.562500e+00  4.085425e+00  2.150134e+00     22950   1
       180   5.768750e+00  4.085425e+00  2.283872e+00     24300   1
       190   3.468750e+00  4.085359e+00  2.426356e+00     25650   1
       200   4.131250e+00  4.085225e+00  2.566087e+00     27000   1
       210   4.512500e+00  4.085157e+00  2.703460e+00     28350   1
       220   4.900000e+00  4.085153e+00  2.847675e+00     29700   1
       230   4.025000e+00  4.085134e+00  2.995550e+00     31050   1
       240   4.468750e+00  4.085116e+00  3.143343e+00     32400   1
       250   4.062500e+00  4.085075e+00  3.290606e+00     33750   1
       260   4.875000e+00  4.085037e+00  3.440884e+00     35100   1
       270   3.850000e+00  4.085011e+00  3.587420e+00     36450   1
       280   4.912500e+00  4.084992e+00  3.784113e+00     37800   1
       290   2.987500e+00  4.084986e+00  3.936802e+00     39150   1
       300   3.825000e+00  4.084957e+00  4.091377e+00     40500   1
       310   3.250000e+00  4.084911e+00  4.246857e+00     41850   1
       320   3.600000e+00  4.084896e+00  4.405947e+00     43200   1
       330   3.925000e+00  4.084896e+00  4.549080e+00     44550   1
       340   4.500000e+00  4.084893e+00  4.703598e+00     45900   1
       350   5.000000e+00  4.084891e+00  4.856959e+00     47250   1
       360   3.075000e+00  4.084866e+00  5.015478e+00     48600   1
       370   3.500000e+00  4.084861e+00  5.173236e+00     49950   1
       380   3.356250e+00  4.084857e+00  5.333193e+00     51300   1
       390   5.500000e+00  4.084846e+00  5.501226e+00     52650   1
       400   4.475000e+00  4.084846e+00  5.662170e+00     54000   1
       410   3.750000e+00  4.084843e+00  5.823492e+00     55350   1
       420   3.687500e+00  4.084843e+00  5.993077e+00     56700   1
       430   4.337500e+00  4.084825e+00  6.179104e+00     58050   1
       440   5.750000e+00  4.084825e+00  6.335426e+00     59400   1
       450   4.925000e+00  4.084792e+00  6.516129e+00     60750   1
       460   3.600000e+00  4.084792e+00  6.695444e+00     62100   1
       470   4.387500e+00  4.084792e+00  6.866955e+00     63450   1
       480   4.000000e+00  4.084792e+00  7.061215e+00     64800   1
       490   2.975000e+00  4.084788e+00  7.234171e+00     66150   1
       500   3.125000e+00  4.084788e+00  7.435803e+00     67500   1
       510   4.250000e+00  4.084788e+00  7.609860e+00     68850   1
       520   4.512500e+00  4.084786e+00  7.779244e+00     70200   1
       530   3.875000e+00  4.084786e+00  7.959283e+00     71550   1
       540   4.387500e+00  4.084781e+00  8.141021e+00     72900   1
       550   5.281250e+00  4.084780e+00  8.318459e+00     74250   1
       560   4.650000e+00  4.084780e+00  8.487936e+00     75600   1
       570   3.062500e+00  4.084780e+00  8.663653e+00     76950   1
       580   3.187500e+00  4.084780e+00  8.828186e+00     78300   1
       590   3.812500e+00  4.084780e+00  8.990346e+00     79650   1
       600   3.637500e+00  4.084774e+00  9.180085e+00     81000   1
       610   3.950000e+00  4.084765e+00  9.357292e+00     82350   1
       620   4.625000e+00  4.084760e+00  9.540943e+00     83700   1
       630   4.218750e+00  4.084760e+00  9.729668e+00     85050   1
       640   3.025000e+00  4.084755e+00  9.914221e+00     86400   1
       650   2.993750e+00  4.084751e+00  1.008871e+01     87750   1
       660   3.262500e+00  4.084746e+00  1.026670e+01     89100   1
       670   3.625000e+00  4.084746e+00  1.045169e+01     90450   1
       680   2.981250e+00  4.084746e+00  1.064047e+01     91800   1
       690   4.187500e+00  4.084746e+00  1.085279e+01     93150   1
       700   4.500000e+00  4.084746e+00  1.103959e+01     94500   1
       710   3.225000e+00  4.084746e+00  1.121651e+01     95850   1
       720   4.375000e+00  4.084746e+00  1.139167e+01     97200   1
       730   2.650000e+00  4.084746e+00  1.157047e+01     98550   1
       740   3.250000e+00  4.084746e+00  1.174741e+01     99900   1
       750   4.725000e+00  4.084746e+00  1.194500e+01    101250   1
       760   3.375000e+00  4.084746e+00  1.213708e+01    102600   1
       770   5.375000e+00  4.084746e+00  1.232519e+01    103950   1
       780   4.068750e+00  4.084746e+00  1.251856e+01    105300   1
       790   4.412500e+00  4.084746e+00  1.271970e+01    106650   1
       800   4.350000e+00  4.084746e+00  1.291368e+01    108000   1
       810   5.887500e+00  4.084746e+00  1.310755e+01    109350   1
       820   4.912500e+00  4.084746e+00  1.329282e+01    110700   1
       830   4.387500e+00  4.084746e+00  1.347235e+01    112050   1
       840   3.675000e+00  4.084746e+00  1.367194e+01    113400   1
       850   5.375000e+00  4.084746e+00  1.386784e+01    114750   1
       860   3.562500e+00  4.084746e+00  1.407115e+01    116100   1
       870   3.075000e+00  4.084746e+00  1.429724e+01    117450   1
       880   3.625000e+00  4.084746e+00  1.448865e+01    118800   1
       890   2.937500e+00  4.084746e+00  1.467586e+01    120150   1
       900   4.450000e+00  4.084746e+00  1.487606e+01    121500   1
       910   4.200000e+00  4.084746e+00  1.507353e+01    122850   1
       920   3.687500e+00  4.084746e+00  1.527965e+01    124200   1
       930   4.725000e+00  4.084746e+00  1.548015e+01    125550   1
       940   4.018750e+00  4.084746e+00  1.567403e+01    126900   1
       950   4.675000e+00  4.084746e+00  1.587062e+01    128250   1
       960   3.375000e+00  4.084746e+00  1.605851e+01    129600   1
       970   3.812500e+00  4.084746e+00  1.624605e+01    130950   1
       980   3.112500e+00  4.084746e+00  1.644480e+01    132300   1
       990   3.600000e+00  4.084746e+00  1.664393e+01    133650   1
      1000   5.500000e+00  4.084746e+00  1.684493e+01    135000   1
      1010   3.187500e+00  4.084746e+00  1.703846e+01    136350   1
      1020   4.900000e+00  4.084746e+00  1.726285e+01    137700   1
      1030   3.637500e+00  4.084746e+00  1.747002e+01    139050   1
      1040   3.975000e+00  4.084746e+00  1.766746e+01    140400   1
      1050   4.750000e+00  4.084746e+00  1.786608e+01    141750   1
      1060   4.437500e+00  4.084746e+00  1.807764e+01    143100   1
      1070   5.000000e+00  4.084746e+00  1.827484e+01    144450   1
      1080   4.143750e+00  4.084746e+00  1.847672e+01    145800   1
      1090   5.625000e+00  4.084746e+00  1.866703e+01    147150   1
      1100   3.475000e+00  4.084746e+00  1.886691e+01    148500   1
      1110   4.156250e+00  4.084746e+00  1.914108e+01    149850   1
      1120   4.450000e+00  4.084746e+00  1.935221e+01    151200   1
      1130   3.312500e+00  4.084741e+00  1.956061e+01    152550   1
      1140   5.375000e+00  4.084741e+00  1.976027e+01    153900   1
      1150   4.800000e+00  4.084737e+00  1.997208e+01    155250   1
      1151   4.975000e+00  4.084737e+00  2.001655e+01    155385   1
-------------------------------------------------------------------
status         : time_limit
total time (s) : 2.001655e+01
total solves   : 155385
best bound     :  4.084737e+00
simulation ci  :  4.071287e+00 ± 4.224136e-02
numeric issues : 0
-------------------------------------------------------------------

-------------------------------------------------------------------
         SDDP.jl (c) Oscar Dowson and contributors, 2017-24
-------------------------------------------------------------------
problem
  nodes           : 3
  state variables : 1
  scenarios       : 8.51840e+04
  existing cuts   : false
options
  solver          : serial mode
  risk measure    : SDDP.Expectation()
  sampling scheme : SDDP.InSampleMonteCarlo
subproblem structure
  VariableRef                             : [6, 6]
  AffExpr in MOI.EqualTo{Float64}         : [1, 3]
  AffExpr in MOI.LessThan{Float64}        : [2, 2]
  VariableRef in MOI.GreaterThan{Float64} : [3, 4]
  VariableRef in MOI.LessThan{Float64}    : [3, 3]
numerical stability report
  matrix range     [8e-01, 2e+00]
  objective range  [1e+00, 2e+00]
  bounds range     [1e+00, 1e+02]
  rhs range        [5e+01, 5e+01]
-------------------------------------------------------------------
 iteration    simulation      bound        time (s)     solves  pid
-------------------------------------------------------------------
        10   5.250000e+00  5.184869e+00  2.254100e-01      1350   1
        20   4.125000e+00  5.177278e+00  5.696070e-01      2700   1
        30   4.375000e+00  4.046023e+00  1.059045e+00      4050   1
        40   3.375000e+00  4.044175e+00  1.686014e+00      5400   1
        50   5.212500e+00  4.042842e+00  2.446071e+00      6750   1
        60   3.812500e+00  4.041608e+00  3.246980e+00      8100   1
        70   5.156250e+00  4.041254e+00  4.188544e+00      9450   1
        80   3.437500e+00  4.041219e+00  5.257761e+00     10800   1
        90   3.900000e+00  4.041152e+00  6.525023e+00     12150   1
       100   4.875000e+00  4.041026e+00  7.759433e+00     13500   1
       110   3.437500e+00  4.039999e+00  9.163835e+00     14850   1
       120   3.937500e+00  4.039107e+00  1.063588e+01     16200   1
       130   3.837500e+00  4.038947e+00  1.215613e+01     17550   1
       140   3.500000e+00  4.038818e+00  1.389561e+01     18900   1
       150   2.875000e+00  4.038818e+00  1.573745e+01     20250   1
       160   3.225000e+00  4.038816e+00  1.772097e+01     21600   1
       170   3.156250e+00  4.038792e+00  1.977454e+01     22950   1
       172   4.725000e+00  4.038773e+00  2.017597e+01     23220   1
-------------------------------------------------------------------
status         : time_limit
total time (s) : 2.017597e+01
total solves   : 23220
best bound     :  4.038773e+00
simulation ci  :  4.097166e+00 ± 1.091340e-01
numeric issues : 0
-------------------------------------------------------------------

-------------------------------------------------------------------
         SDDP.jl (c) Oscar Dowson and contributors, 2017-24
-------------------------------------------------------------------
problem
  nodes           : 8
  state variables : 1
  scenarios       : 1.00000e+08
  existing cuts   : false
options
  solver          : serial mode
  risk measure    : SDDP.Expectation()
  sampling scheme : SDDP.InSampleMonteCarlo
subproblem structure
  VariableRef                             : [7, 7]
  AffExpr in MOI.EqualTo{Float64}         : [1, 1]
  AffExpr in MOI.GreaterThan{Float64}     : [2, 2]
  VariableRef in MOI.GreaterThan{Float64} : [4, 4]
  VariableRef in MOI.LessThan{Float64}    : [1, 2]
  VariableRef in MOI.ZeroOne              : [1, 1]
numerical stability report
  matrix range     [1e+00, 2e+00]
  objective range  [5e-01, 1e+00]
  bounds range     [1e+00, 1e+00]
  rhs range        [1e+00, 1e+00]
-------------------------------------------------------------------
 iteration    simulation      bound        time (s)     solves  pid
-------------------------------------------------------------------
        10   4.127393e+00  1.166820e+00  3.920770e-01      1680   1
        20   4.082570e+00  1.167181e+00  4.949310e-01      2560   1
        30   3.490082e+00  1.167410e+00  8.878930e-01      4240   1
        40   2.952594e+00  1.167416e+00  1.013392e+00      5120   1
        50   3.378524e+00  1.167416e+00  1.407796e+00      6800   1
        60   3.357241e+00  1.167416e+00  1.510276e+00      7680   1
        70   3.069083e+00  1.167416e+00  1.920683e+00      9360   1
        80   3.733521e+00  1.167416e+00  2.025134e+00     10240   1
-------------------------------------------------------------------
status         : simulation_stopping
total time (s) : 2.025134e+00
total solves   : 10240
best bound     :  1.167416e+00
simulation ci  :  3.322163e+00 ± 1.130237e-01
numeric issues : 0
-------------------------------------------------------------------

-------------------------------------------------------------------
         SDDP.jl (c) Oscar Dowson and contributors, 2017-24
-------------------------------------------------------------------
problem
  nodes           : 2
  state variables : 2
  scenarios       : 4.00000e+00
  existing cuts   : false
options
  solver          : serial mode
  risk measure    : SDDP.Expectation()
  sampling scheme : SDDP.InSampleMonteCarlo
subproblem structure
  VariableRef                             : [7, 11]
  AffExpr in MOI.EqualTo{Float64}         : [2, 2]
  AffExpr in MOI.LessThan{Float64}        : [2, 2]
  VariableRef in MOI.GreaterThan{Float64} : [5, 7]
  VariableRef in MOI.Integer              : [2, 2]
  VariableRef in MOI.LessThan{Float64}    : [4, 7]
  VariableRef in MOI.ZeroOne              : [4, 4]
numerical stability report
  matrix range     [1e+00, 6e+00]
  objective range  [1e+00, 3e+01]
  bounds range     [1e+00, 1e+02]
  rhs range        [0e+00, 0e+00]
-------------------------------------------------------------------
 iteration    simulation      bound        time (s)     solves  pid
-------------------------------------------------------------------
        10  -4.000000e+01 -5.809615e+01  3.125405e-02        78   1
        20  -4.000000e+01 -5.809615e+01  6.354713e-02       148   1
        30  -4.000000e+01 -5.809615e+01  1.025519e-01       226   1
        40  -4.000000e+01 -5.809615e+01  1.364050e-01       296   1
-------------------------------------------------------------------
status         : simulation_stopping
total time (s) : 1.364050e-01
total solves   : 296
best bound     : -5.809615e+01
simulation ci  : -5.298750e+01 ± 7.547329e+00
numeric issues : 0
-------------------------------------------------------------------

-------------------------------------------------------------------
         SDDP.jl (c) Oscar Dowson and contributors, 2017-24
-------------------------------------------------------------------
problem
  nodes           : 2
  state variables : 2
  scenarios       : 9.00000e+00
  existing cuts   : false
options
  solver          : serial mode
  risk measure    : SDDP.Expectation()
  sampling scheme : SDDP.InSampleMonteCarlo
subproblem structure
  VariableRef                             : [7, 11]
  AffExpr in MOI.EqualTo{Float64}         : [2, 2]
  AffExpr in MOI.LessThan{Float64}        : [2, 2]
  VariableRef in MOI.GreaterThan{Float64} : [5, 7]
  VariableRef in MOI.Integer              : [2, 2]
  VariableRef in MOI.LessThan{Float64}    : [4, 7]
  VariableRef in MOI.ZeroOne              : [4, 4]
numerical stability report
  matrix range     [1e+00, 6e+00]
  objective range  [1e+00, 3e+01]
  bounds range     [1e+00, 1e+02]
  rhs range        [0e+00, 0e+00]
-------------------------------------------------------------------
 iteration    simulation      bound        time (s)     solves  pid
-------------------------------------------------------------------
        10  -7.500000e+01 -6.196125e+01  4.189610e-02       138   1
        20  -4.700000e+01 -6.196125e+01  7.812214e-02       258   1
        30  -7.500000e+01 -6.196125e+01  1.287200e-01       396   1
        40  -4.000000e+01 -6.196125e+01  1.662931e-01       516   1
-------------------------------------------------------------------
status         : simulation_stopping
total time (s) : 1.662931e-01
total solves   : 516
best bound     : -6.196125e+01
simulation ci  : -5.761250e+01 ± 6.552323e+00
numeric issues : 0
-------------------------------------------------------------------

-------------------------------------------------------------------
         SDDP.jl (c) Oscar Dowson and contributors, 2017-24
-------------------------------------------------------------------
problem
  nodes           : 2
  state variables : 2
  scenarios       : 3.60000e+01
  existing cuts   : false
options
  solver          : serial mode
  risk measure    : SDDP.Expectation()
  sampling scheme : SDDP.InSampleMonteCarlo
subproblem structure
  VariableRef                             : [7, 11]
  AffExpr in MOI.EqualTo{Float64}         : [2, 2]
  AffExpr in MOI.LessThan{Float64}        : [2, 2]
  VariableRef in MOI.GreaterThan{Float64} : [5, 7]
  VariableRef in MOI.Integer              : [2, 2]
  VariableRef in MOI.LessThan{Float64}    : [4, 7]
  VariableRef in MOI.ZeroOne              : [4, 4]
numerical stability report
  matrix range     [1e+00, 6e+00]
  objective range  [1e+00, 3e+01]
  bounds range     [1e+00, 1e+02]
  rhs range        [0e+00, 0e+00]
-------------------------------------------------------------------
 iteration    simulation      bound        time (s)     solves  pid
-------------------------------------------------------------------
        10  -4.000000e+01 -6.546793e+01  7.671785e-02       462   1
        20  -4.000000e+01 -6.546793e+01  1.365359e-01       852   1
        30  -5.900000e+01 -6.546793e+01  2.502449e-01      1314   1
        40  -4.000000e+01 -6.546793e+01  3.108439e-01      1704   1
-------------------------------------------------------------------
status         : simulation_stopping
total time (s) : 3.108439e-01
total solves   : 1704
best bound     : -6.546793e+01
simulation ci  : -5.993750e+01 ± 5.944580e+00
numeric issues : 0
-------------------------------------------------------------------

-------------------------------------------------------------------
         SDDP.jl (c) Oscar Dowson and contributors, 2017-24
-------------------------------------------------------------------
problem
  nodes           : 3
  state variables : 2
  scenarios       : 2.70000e+01
  existing cuts   : false
options
  solver          : serial mode
  risk measure    : SDDP.Expectation()
  sampling scheme : SDDP.InSampleMonteCarlo
subproblem structure
  VariableRef                             : [9, 9]
  AffExpr in MOI.EqualTo{Float64}         : [2, 2]
  AffExpr in MOI.LessThan{Float64}        : [2, 2]
  VariableRef in MOI.GreaterThan{Float64} : [2, 3]
  VariableRef in MOI.LessThan{Float64}    : [3, 3]
  VariableRef in MOI.ZeroOne              : [4, 4]
numerical stability report
  matrix range     [1e+00, 1e+00]
  objective range  [1e+00, 6e+00]
  bounds range     [1e+00, 1e+02]
  rhs range        [0e+00, 0e+00]
-------------------------------------------------------------------
 iteration    simulation      bound        time (s)     solves  pid
-------------------------------------------------------------------
         1L  3.000000e+00  1.422222e+01  4.265022e-02        11   1
        40L  6.000000e+00  8.000000e+00  5.565591e-01       602   1
-------------------------------------------------------------------
status         : simulation_stopping
total time (s) : 5.565591e-01
total solves   : 602
best bound     :  8.000000e+00
simulation ci  :  7.875000e+00 ± 8.854484e-01
numeric issues : 0
-------------------------------------------------------------------

-------------------------------------------------------------------
         SDDP.jl (c) Oscar Dowson and contributors, 2017-24
-------------------------------------------------------------------
problem
  nodes           : 2
  state variables : 3
  scenarios       : 3.00000e+00
  existing cuts   : false
options
  solver          : serial mode
  risk measure    : SDDP.Expectation()
  sampling scheme : SDDP.InSampleMonteCarlo
subproblem structure
  VariableRef                             : [7, 19]
  AffExpr in MOI.EqualTo{Float64}         : [3, 3]
  AffExpr in MOI.GreaterThan{Float64}     : [3, 3]
  AffExpr in MOI.LessThan{Float64}        : [1, 1]
  VariableRef in MOI.GreaterThan{Float64} : [3, 16]
  VariableRef in MOI.LessThan{Float64}    : [1, 2]
numerical stability report
  matrix range     [1e+00, 2e+01]
  objective range  [1e+00, 1e+03]
  bounds range     [6e+03, 5e+05]
  rhs range        [2e+02, 5e+02]
-------------------------------------------------------------------
 iteration    simulation      bound        time (s)     solves  pid
-------------------------------------------------------------------
         1  -9.800000e+04  4.922260e+05  8.470798e-02         6   1
        40   4.882000e+04  1.083900e+05  1.147540e-01       240   1
-------------------------------------------------------------------
status         : iteration_limit
total time (s) : 1.147540e-01
total solves   : 240
best bound     :  1.083900e+05
simulation ci  :  9.788267e+04 ± 2.004557e+04
numeric issues : 0
-------------------------------------------------------------------

