------------------------------------------------------------------------------
          SDDP.jl (c) Oscar Dowson and SDDP.jl contributors, 2017-23

Problem
  Nodes           : 3
  State variables : 1
  Scenarios       : 1.33100e+03
  Existing cuts   : true
  Subproblem structure                      : (min, max)
    Variables                               : (9, 9)
    VariableRef in MOI.EqualTo{Float64}     : (1, 1)
    VariableRef in MOI.LessThan{Float64}    : (5, 6)
    AffExpr in MOI.GreaterThan{Float64}     : (3, 41)
    AffExpr in MOI.EqualTo{Float64}         : (2, 4)
    VariableRef in MOI.GreaterThan{Float64} : (8, 8)
Options
  Solver          : serial mode
  Risk measure    : SDDP.Expectation()
  Sampling scheme : SDDP.InSampleMonteCarlo

 Iteration    Simulation       Bound         Time (s)    Proc. ID   # Solves
        1    3.812500e+02   4.072952e+02   4.529953e-03          1       2633
        2    3.593750e+02   4.073680e+02   8.597851e-03          1       2669
        3    6.749006e+02   4.074882e+02   1.300001e-02          1       2705
        4    4.825000e+02   4.075387e+02   1.761484e-02          1       2741
        5    5.506250e+02   4.077605e+02   2.197289e-02          1       2777
        6    1.825000e+02   4.079711e+02   2.658892e-02          1       2813
        7    1.918750e+02   4.079711e+02   3.138185e-02          1       2849
        8    5.212500e+02   4.080005e+02   3.574800e-02          1       2885
        9    3.091729e+02   4.080290e+02   4.027581e-02          1       2921
       10    5.818750e+02   4.080500e+02   4.507494e-02          1       2957

Terminating training
  Status         : iteration_limit
  Total time (s) : 4.507494e-02
  Total solves   : 2957
  Best bound     :  4.080500e+02
  Simulation CI  :  4.235323e+02 ± 1.029245e+02
------------------------------------------------------------------------------
