------------------------------------------------------------------------------
          SDDP.jl (c) Oscar Dowson and SDDP.jl contributors, 2017-23

Problem
  Nodes           : 3
  State variables : 1
  Scenarios       : 1.33100e+03
  Existing cuts   : true
  Subproblem structure                      : (min, max)
    Variables                               : (9, 9)
    VariableRef in MOI.EqualTo{Float64}     : (1, 1)
    VariableRef in MOI.LessThan{Float64}    : (5, 6)
    AffExpr in MOI.GreaterThan{Float64}     : (3, 33)
    AffExpr in MOI.EqualTo{Float64}         : (2, 4)
    VariableRef in MOI.GreaterThan{Float64} : (8, 8)
Options
  Solver          : serial mode
  Risk measure    : SDDP.Expectation()
  Sampling scheme : SDDP.InSampleMonteCarlo

 Iteration    Simulation       Bound         Time (s)    Proc. ID   # Solves
        1    1.675000e+02   1.129545e+02   3.931999e-03          1       1891
        2    1.070005e+02   1.129545e+02   7.514954e-03          1       1927
        3    1.112500e+02   1.129545e+02   1.177692e-02          1       1963
        4    1.237500e+02   1.129545e+02   1.599789e-02          1       1999
        5    1.175000e+02   1.129715e+02   2.005887e-02          1       2035
        6    9.875000e+01   1.129771e+02   2.453279e-02          1       2071
        7    1.050000e+02   1.129771e+02   2.900195e-02          1       2107
        8    9.250000e+01   1.129771e+02   3.343391e-02          1       2143
        9    1.168750e+02   1.129771e+02   3.778696e-02          1       2179
       10    1.362500e+02   1.129771e+02   4.205179e-02          1       2215

Terminating training
  Status         : iteration_limit
  Total time (s) : 4.205179e-02
  Total solves   : 2215
  Best bound     :  1.129771e+02
  Simulation CI  :  1.176375e+02 ± 1.334615e+01
------------------------------------------------------------------------------
