-------------------------------------------------------------------
         SDDP.jl (c) Oscar Dowson and contributors, 2017-25
-------------------------------------------------------------------
problem
  nodes           : 2
  state variables : 1
  scenarios       : 2.00000e+00
  existing cuts   : false
options
  solver          : serial mode
  risk measure    : SDDP.Expectation()
  sampling scheme : SDDP.InSampleMonteCarlo
subproblem structure
  VariableRef                             : [6, 6]
  AffExpr in MOI.GreaterThan{Float64}     : [1, 1]
  AffExpr in MOI.LessThan{Float64}        : [1, 1]
  VariableRef in MOI.EqualTo{Float64}     : [1, 1]
  VariableRef in MOI.GreaterThan{Float64} : [3, 4]
  VariableRef in MOI.LessThan{Float64}    : [2, 2]
numerical stability report
  matrix range     [1e+00, 1e+00]
  objective range  [1e+00, 5e+00]
  bounds range     [8e+00, 8e+00]
  rhs range        [6e+00, 6e+00]
-------------------------------------------------------------------
 iteration    simulation      bound        time (s)     solves  pid
-------------------------------------------------------------------
         1   0.000000e+00 -1.000000e+01  4.577875e-03         5   1
        20   0.000000e+00 -1.000000e+01  1.529288e-02       104   1
-------------------------------------------------------------------
status         : simulation_stopping
total time (s) : 1.529288e-02
total solves   : 104
best bound     : -1.000000e+01
simulation ci  : -9.000000e+00 ± 4.474009e+00
numeric issues : 0
-------------------------------------------------------------------

-------------------------------------------------------------------
         SDDP.jl (c) Oscar Dowson and contributors, 2017-25
-------------------------------------------------------------------
problem
  nodes           : 3
  state variables : 2
  scenarios       : 4.00000e+00
  existing cuts   : false
options
  solver          : serial mode
  risk measure    : SDDP.Expectation()
  sampling scheme : SDDP.InSampleMonteCarlo
subproblem structure
  VariableRef                             : [8, 8]
  AffExpr in MOI.LessThan{Float64}        : [3, 3]
  VariableRef in MOI.EqualTo{Float64}     : [1, 1]
  VariableRef in MOI.GreaterThan{Float64} : [5, 5]
  VariableRef in MOI.LessThan{Float64}    : [1, 1]
numerical stability report
  matrix range     [1e+00, 1e+00]
  objective range  [2e-01, 3e+00]
  bounds range     [5e+01, 5e+01]
  rhs range        [0e+00, 0e+00]
-------------------------------------------------------------------
 iteration    simulation      bound        time (s)     solves  pid
-------------------------------------------------------------------
         5  -2.396000e+01 -2.396000e+01  9.150028e-03        52   1
        10  -4.260000e+01 -2.396000e+01  1.265717e-02        92   1
        15  -4.260000e+01 -2.396000e+01  1.639295e-02       132   1
        20  -4.260000e+01 -2.396000e+01  2.043200e-02       172   1
        25  -2.396000e+01 -2.396000e+01  2.569914e-02       224   1
        30  -4.260000e+01 -2.396000e+01  3.032112e-02       264   1
        35  -2.396000e+01 -2.396000e+01  3.523517e-02       304   1
        40  -2.396000e+01 -2.396000e+01  4.049897e-02       344   1
-------------------------------------------------------------------
status         : simulation_stopping
total time (s) : 4.049897e-02
total solves   : 344
best bound     : -2.396000e+01
simulation ci  : -2.660914e+01 ± 3.908038e+00
numeric issues : 0
-------------------------------------------------------------------

────────────────────────────────────────────────────────────────────
                           Time                    Allocations      
                  ───────────────────────   ────────────────────────
Tot / % measured:     44.3ms /   0.0%           22.9MiB /   0.0%    

Section   ncalls     time    %tot     avg     alloc    %tot      avg
────────────────────────────────────────────────────────────────────
────────────────────────────────────────────────────────────────────

-------------------------------------------------------------------
         SDDP.jl (c) Oscar Dowson and contributors, 2017-25
-------------------------------------------------------------------
problem
  nodes           : 3
  state variables : 2
  scenarios       : 4.00000e+00
  existing cuts   : false
options
  solver          : serial mode
  risk measure    : SDDP.Expectation()
  sampling scheme : SDDP.InSampleMonteCarlo
subproblem structure
  VariableRef                             : [8, 8]
  AffExpr in MOI.LessThan{Float64}        : [3, 3]
  VariableRef in MOI.EqualTo{Float64}     : [1, 1]
  VariableRef in MOI.GreaterThan{Float64} : [5, 5]
  VariableRef in MOI.LessThan{Float64}    : [1, 1]
numerical stability report
  matrix range     [1e+00, 1e+00]
  objective range  [2e-01, 3e+00]
  bounds range     [5e+01, 5e+01]
  rhs range        [0e+00, 0e+00]
-------------------------------------------------------------------
 iteration    simulation      bound        time (s)     solves  pid
-------------------------------------------------------------------
         5  -5.320000e+00 -2.396000e+01  9.819031e-03        52   1
        10  -5.320000e+00 -2.396000e+01  1.385188e-02        92   1
        15  -2.396000e+01 -2.396000e+01  1.834893e-02       132   1
        20  -5.320000e+00 -2.396000e+01  2.333498e-02       172   1
        25  -4.260000e+01 -2.396000e+01  2.987695e-02       224   1
        30  -2.396000e+01 -2.396000e+01  3.605199e-02       264   1
        35  -2.396000e+01 -2.396000e+01  6.602693e-02       304   1
        40  -2.396000e+01 -2.396000e+01  7.348895e-02       344   1
-------------------------------------------------------------------
status         : simulation_stopping
total time (s) : 7.348895e-02
total solves   : 344
best bound     : -2.396000e+01
simulation ci  : -1.957570e+01 ± 3.890802e+00
numeric issues : 0
-------------------------------------------------------------------

────────────────────────────────────────────────────────────────────
                           Time                    Allocations      
                  ───────────────────────   ────────────────────────
Tot / % measured:     77.2ms /   0.0%           28.8MiB /   0.0%    

Section   ncalls     time    %tot     avg     alloc    %tot      avg
────────────────────────────────────────────────────────────────────
────────────────────────────────────────────────────────────────────

-------------------------------------------------------------------
         SDDP.jl (c) Oscar Dowson and contributors, 2017-25
-------------------------------------------------------------------
problem
  nodes           : 2
  state variables : 1
  scenarios       : 2.00000e+00
  existing cuts   : false
options
  solver          : serial mode
  risk measure    : SDDP.Expectation()
  sampling scheme : SDDP.InSampleMonteCarlo
subproblem structure
  VariableRef                             : [3, 4]
  AffExpr in MOI.LessThan{Float64}        : [1, 1]
  VariableRef in MOI.GreaterThan{Float64} : [2, 3]
  VariableRef in MOI.LessThan{Float64}    : [2, 2]
numerical stability report
  matrix range     [1e+00, 1e+00]
  objective range  [1e+00, 2e+00]
  bounds range     [2e+00, 5e+00]
  rhs range        [0e+00, 0e+00]
-------------------------------------------------------------------
 iteration    simulation      bound        time (s)     solves  pid
-------------------------------------------------------------------
         1   0.000000e+00 -2.500000e+00  2.987862e-03         5   1
         2  -1.500000e+00 -2.000000e+00  4.007816e-03        14   1
         3  -1.000000e+00 -2.000000e+00  4.516840e-03        19   1
         4  -1.000000e+00 -2.000000e+00  4.945993e-03        24   1
         5  -1.000000e+00 -2.000000e+00  5.381823e-03        29   1
         6  -1.000000e+00 -2.000000e+00  5.790949e-03        34   1
         7  -3.000000e+00 -2.000000e+00  6.219864e-03        39   1
         8  -1.000000e+00 -2.000000e+00  6.646872e-03        44   1
         9  -3.000000e+00 -2.000000e+00  7.067919e-03        49   1
        10  -3.000000e+00 -2.000000e+00  7.506847e-03        54   1
        11  -1.000000e+00 -2.000000e+00  7.932901e-03        59   1
        12  -3.000000e+00 -2.000000e+00  8.399010e-03        64   1
        13  -3.000000e+00 -2.000000e+00  8.849859e-03        69   1
        14  -1.000000e+00 -2.000000e+00  9.315014e-03        74   1
        15  -1.000000e+00 -2.000000e+00  9.783030e-03        79   1
        16  -1.000000e+00 -2.000000e+00  1.028085e-02        84   1
        17  -1.000000e+00 -2.000000e+00  1.076388e-02        89   1
        18  -3.000000e+00 -2.000000e+00  1.126385e-02        94   1
        19  -1.000000e+00 -2.000000e+00  1.174998e-02        99   1
        20  -1.000000e+00 -2.000000e+00  1.225591e-02       104   1
        21  -1.000000e+00 -2.000000e+00  1.307487e-02       113   1
        22  -3.000000e+00 -2.000000e+00  1.361394e-02       118   1
        23  -3.000000e+00 -2.000000e+00  1.412201e-02       123   1
        24  -1.000000e+00 -2.000000e+00  1.465702e-02       128   1
        25  -1.000000e+00 -2.000000e+00  3.244281e-02       133   1
        26  -1.000000e+00 -2.000000e+00  3.300786e-02       138   1
        27  -3.000000e+00 -2.000000e+00  3.356600e-02       143   1
        28  -1.000000e+00 -2.000000e+00  3.408599e-02       148   1
        29  -3.000000e+00 -2.000000e+00  3.462386e-02       153   1
        30  -3.000000e+00 -2.000000e+00  3.514194e-02       158   1
        31  -3.000000e+00 -2.000000e+00  3.570890e-02       163   1
        32  -1.000000e+00 -2.000000e+00  3.624892e-02       168   1
        33  -3.000000e+00 -2.000000e+00  3.679299e-02       173   1
        34  -3.000000e+00 -2.000000e+00  3.734994e-02       178   1
        35  -3.000000e+00 -2.000000e+00  3.790402e-02       183   1
        36  -3.000000e+00 -2.000000e+00  3.847003e-02       188   1
        37  -3.000000e+00 -2.000000e+00  3.902698e-02       193   1
        38  -3.000000e+00 -2.000000e+00  3.963399e-02       198   1
        39  -1.000000e+00 -2.000000e+00  4.021788e-02       203   1
        40  -3.000000e+00 -2.000000e+00  4.078603e-02       208   1
-------------------------------------------------------------------
status         : simulation_stopping
total time (s) : 4.078603e-02
total solves   : 208
best bound     : -2.000000e+00
simulation ci  : -1.937500e+00 ± 3.219605e-01
numeric issues : 0
-------------------------------------------------------------------

-------------------------------------------------------------------
         SDDP.jl (c) Oscar Dowson and contributors, 2017-25
-------------------------------------------------------------------
problem
  nodes           : 3
  state variables : 1
  scenarios       : Inf
  existing cuts   : false
options
  solver          : serial mode
  risk measure    : SDDP.Expectation()
  sampling scheme : SDDP.InSampleMonteCarlo
subproblem structure
  VariableRef                             : [6, 6]
  AffExpr in MOI.EqualTo{Float64}         : [2, 2]
  VariableRef in MOI.GreaterThan{Float64} : [5, 5]
  VariableRef in MOI.LessThan{Float64}    : [1, 1]
numerical stability report
  matrix range     [1e+00, 1e+00]
  objective range  [1e+00, 3e+00]
  bounds range     [5e+00, 2e+01]
  rhs range        [2e+00, 1e+01]
-------------------------------------------------------------------
 iteration    simulation      bound        time (s)     solves  pid
-------------------------------------------------------------------
         1   2.390000e+02  6.216295e+01  1.115232e-01       183   1
        33   9.531154e+02  2.351331e+02  1.214186e+00      8715   1
        58   3.561086e+02  2.362697e+02  2.230816e+00     15078   1
        74   9.550751e+02  2.364090e+02  3.356527e+00     21198   1
        98   2.615032e+02  2.364299e+02  4.405607e+00     26370   1
       100   1.164997e+02  2.364302e+02  4.463381e+00     26640   1
-------------------------------------------------------------------
status         : iteration_limit
total time (s) : 4.463381e+00
total solves   : 26640
best bound     :  2.364302e+02
simulation ci  :  2.593751e+02 ± 5.185751e+01
numeric issues : 0
-------------------------------------------------------------------

-------------------------------------------------------------------
         SDDP.jl (c) Oscar Dowson and contributors, 2017-25
-------------------------------------------------------------------
problem
  nodes           : 5
  state variables : 3
  scenarios       : 1.43489e+07
  existing cuts   : false
options
  solver          : serial mode
  risk measure    : SDDP.Expectation()
  sampling scheme : SDDP.InSampleMonteCarlo
subproblem structure
  VariableRef                             : [13, 13]
  AffExpr in MOI.EqualTo{Float64}         : [3, 3]
  AffExpr in MOI.LessThan{Float64}        : [1, 1]
  VariableRef in MOI.EqualTo{Float64}     : [3, 3]
  VariableRef in MOI.GreaterThan{Float64} : [7, 7]
  VariableRef in MOI.LessThan{Float64}    : [6, 7]
numerical stability report
  matrix range     [1e+00, 1e+00]
  objective range  [3e-01, 2e+00]
  bounds range     [5e-01, 5e+00]
  rhs range        [2e+00, 2e+00]
-------------------------------------------------------------------
 iteration    simulation      bound        time (s)     solves  pid
-------------------------------------------------------------------
        10  -3.878303e+00 -4.434982e+00  2.090058e-01      1400   1
        20  -4.235800e+00 -4.403620e+00  3.364730e-01      2800   1
        30  -3.115997e+00 -4.381585e+00  4.702640e-01      4200   1
        40  -3.761147e+00 -4.369123e+00  6.135418e-01      5600   1
        50  -4.230230e+00 -4.363943e+00  7.614400e-01      7000   1
        60  -3.653084e+00 -4.360307e+00  9.117808e-01      8400   1
        70  -4.031867e+00 -4.357921e+00  1.065477e+00      9800   1
        80  -4.295103e+00 -4.355602e+00  1.220634e+00     11200   1
        90  -4.509149e+00 -4.354346e+00  1.382794e+00     12600   1
       100  -4.178952e+00 -4.352068e+00  1.543676e+00     14000   1
-------------------------------------------------------------------
status         : iteration_limit
total time (s) : 1.543676e+00
total solves   : 14000
best bound     : -4.352068e+00
simulation ci  : -4.250281e+00 ± 8.657687e-02
numeric issues : 0
-------------------------------------------------------------------

-------------------------------------------------------------------
         SDDP.jl (c) Oscar Dowson and contributors, 2017-25
-------------------------------------------------------------------
problem
  nodes           : 5
  state variables : 1
  scenarios       : 1.00000e+05
  existing cuts   : false
options
  solver          : serial mode
  risk measure    : SDDP.Expectation()
  sampling scheme : SDDP.InSampleMonteCarlo
subproblem structure
  VariableRef                             : [5, 5]
  AffExpr in MOI.EqualTo{Float64}         : [1, 1]
  VariableRef in MOI.EqualTo{Float64}     : [1, 1]
  VariableRef in MOI.GreaterThan{Float64} : [3, 3]
  VariableRef in MOI.LessThan{Float64}    : [2, 3]
numerical stability report
  matrix range     [1e+00, 1e+00]
  objective range  [3e-01, 2e+00]
  bounds range     [5e-01, 2e+00]
  rhs range        [0e+00, 0e+00]
-------------------------------------------------------------------
 iteration    simulation      bound        time (s)     solves  pid
-------------------------------------------------------------------
        10  -1.573154e+00 -1.474247e+00  7.763100e-02      1050   1
        20  -1.346690e+00 -1.471483e+00  1.186891e-01      1600   1
        30  -1.308031e+00 -1.471307e+00  2.086351e-01      2650   1
        40  -1.401200e+00 -1.471167e+00  2.519691e-01      3200   1
        50  -1.557483e+00 -1.471097e+00  3.468511e-01      4250   1
        60  -1.534169e+00 -1.471075e+00  3.925900e-01      4800   1
        65  -1.689864e+00 -1.471075e+00  4.160860e-01      5075   1
-------------------------------------------------------------------
status         : simulation_stopping
total time (s) : 4.160860e-01
total solves   : 5075
best bound     : -1.471075e+00
simulation ci  : -1.484084e+00 ± 4.058719e-02
numeric issues : 0
-------------------------------------------------------------------

-------------------------------------------------------------------
         SDDP.jl (c) Oscar Dowson and contributors, 2017-25
-------------------------------------------------------------------
problem
  nodes           : 2
  state variables : 4
  scenarios       : 2.00000e+00
  existing cuts   : false
options
  solver          : serial mode
  risk measure    : SDDP.Expectation()
  sampling scheme : SDDP.InSampleMonteCarlo
subproblem structure
  VariableRef                             : [29, 29]
  AffExpr in MOI.EqualTo{Float64}         : [4, 5]
  AffExpr in MOI.GreaterThan{Float64}     : [3, 3]
  AffExpr in MOI.LessThan{Float64}        : [4, 4]
  VariableRef in MOI.EqualTo{Float64}     : [3, 3]
  VariableRef in MOI.GreaterThan{Float64} : [22, 22]
  VariableRef in MOI.LessThan{Float64}    : [1, 1]
numerical stability report
  matrix range     [1e+00, 1e+00]
  objective range  [1e+00, 1e+06]
  bounds range     [0e+00, 0e+00]
  rhs range        [0e+00, 0e+00]
-------------------------------------------------------------------
 iteration    simulation      bound        time (s)     solves  pid
-------------------------------------------------------------------
        10   3.455904e+05  3.147347e+05  9.999037e-03        54   1
        20   3.336455e+05  3.402383e+05  1.616001e-02       104   1
        30   3.337559e+05  3.403155e+05  2.143312e-02       158   1
        40   3.337559e+05  3.403155e+05  2.633500e-02       208   1
        47   3.337559e+05  3.403155e+05  3.017712e-02       243   1
-------------------------------------------------------------------
status         : simulation_stopping
total time (s) : 3.017712e-02
total solves   : 243
best bound     :  3.403155e+05
simulation ci  :  1.380364e+08 ± 1.823274e+08
numeric issues : 0
-------------------------------------------------------------------

-------------------------------------------------------------------
         SDDP.jl (c) Oscar Dowson and contributors, 2017-25
-------------------------------------------------------------------
problem
  nodes           : 3
  state variables : 4
  scenarios       : 4.00000e+00
  existing cuts   : false
options
  solver          : serial mode
  risk measure    : SDDP.Expectation()
  sampling scheme : SDDP.InSampleMonteCarlo
subproblem structure
  VariableRef                             : [29, 29]
  AffExpr in MOI.EqualTo{Float64}         : [4, 5]
  AffExpr in MOI.GreaterThan{Float64}     : [3, 3]
  AffExpr in MOI.LessThan{Float64}        : [4, 4]
  VariableRef in MOI.EqualTo{Float64}     : [3, 3]
  VariableRef in MOI.GreaterThan{Float64} : [22, 22]
  VariableRef in MOI.LessThan{Float64}    : [1, 1]
numerical stability report
  matrix range     [1e+00, 1e+00]
  objective range  [1e+00, 1e+05]
  bounds range     [0e+00, 0e+00]
  rhs range        [0e+00, 0e+00]
-------------------------------------------------------------------
 iteration    simulation      bound        time (s)     solves  pid
-------------------------------------------------------------------
        10   5.099074e+05  3.509666e+05  1.485395e-02        92   1
        20   4.055335e+05  4.054833e+05  2.518797e-02       172   1
        30   3.959476e+05  4.067125e+05  3.559709e-02       264   1
        40   4.497721e+05  4.067125e+05  4.368591e-02       344   1
        47   3.959476e+05  4.067125e+05  5.044293e-02       400   1
-------------------------------------------------------------------
status         : simulation_stopping
total time (s) : 5.044293e-02
total solves   : 400
best bound     :  4.067125e+05
simulation ci  :  2.748575e+07 ± 3.643795e+07
numeric issues : 0
-------------------------------------------------------------------

-------------------------------------------------------------------
         SDDP.jl (c) Oscar Dowson and contributors, 2017-25
-------------------------------------------------------------------
problem
  nodes           : 10
  state variables : 4
  scenarios       : 2.70000e+01
  existing cuts   : false
options
  solver          : serial mode
  risk measure    : SDDP.Expectation()
  sampling scheme : SDDP.InSampleMonteCarlo
subproblem structure
  VariableRef                             : [24, 24]
  AffExpr in MOI.EqualTo{Float64}         : [3, 3]
  AffExpr in MOI.GreaterThan{Float64}     : [1, 1]
  AffExpr in MOI.LessThan{Float64}        : [1, 6]
  VariableRef in MOI.GreaterThan{Float64} : [20, 20]
  VariableRef in MOI.LessThan{Float64}    : [1, 2]
numerical stability report
  matrix range     [1e+00, 8e+01]
  objective range  [1e+00, 1e+03]
  bounds range     [6e+01, 6e+01]
  rhs range        [2e+02, 3e+03]
-------------------------------------------------------------------
 iteration    simulation      bound        time (s)     solves  pid
-------------------------------------------------------------------
         1   8.316000e+03  0.000000e+00  1.018391e-01        14   1
        40   5.132230e+03  4.074139e+03  1.962390e-01       776   1
-------------------------------------------------------------------
status         : simulation_stopping
total time (s) : 1.962390e-01
total solves   : 776
best bound     :  4.074139e+03
simulation ci  :  4.614472e+03 ± 6.483882e+02
numeric issues : 0
-------------------------------------------------------------------

-------------------------------------------------------------------
         SDDP.jl (c) Oscar Dowson and contributors, 2017-25
-------------------------------------------------------------------
problem
  nodes           : 3
  state variables : 1
  scenarios       : 4.00000e+00
  existing cuts   : false
options
  solver          : serial mode
  risk measure    : SDDP.Expectation()
  sampling scheme : SDDP.InSampleMonteCarlo
subproblem structure
  VariableRef                             : [6, 6]
  AffExpr in MOI.EqualTo{Float64}         : [1, 1]
  VariableRef in MOI.EqualTo{Float64}     : [1, 1]
  VariableRef in MOI.GreaterThan{Float64} : [4, 4]
  VariableRef in MOI.Integer              : [3, 3]
  VariableRef in MOI.LessThan{Float64}    : [2, 3]
numerical stability report
  matrix range     [1e+00, 1e+00]
  objective range  [1e+00, 3e+02]
  bounds range     [1e+02, 2e+02]
  rhs range        [0e+00, 0e+00]
-------------------------------------------------------------------
 iteration    simulation      bound        time (s)     solves  pid
-------------------------------------------------------------------
         1L  1.100000e+05  6.250000e+04  6.000950e-01         8   1
        20L  9.500000e+04  6.250000e+04  1.434381e+00       172   1
-------------------------------------------------------------------
status         : simulation_stopping
total time (s) : 1.434381e+00
total solves   : 172
best bound     :  6.250000e+04
simulation ci  :  6.625000e+04 ± 8.732889e+03
numeric issues : 0
-------------------------------------------------------------------

-------------------------------------------------------------------
         SDDP.jl (c) Oscar Dowson and contributors, 2017-25
-------------------------------------------------------------------
problem
  nodes           : 3
  state variables : 1
  scenarios       : 4.00000e+00
  existing cuts   : false
options
  solver          : serial mode
  risk measure    : SDDP.Expectation()
  sampling scheme : SDDP.InSampleMonteCarlo
subproblem structure
  VariableRef                             : [6, 6]
  AffExpr in MOI.EqualTo{Float64}         : [1, 1]
  VariableRef in MOI.EqualTo{Float64}     : [1, 1]
  VariableRef in MOI.GreaterThan{Float64} : [4, 4]
  VariableRef in MOI.Integer              : [3, 3]
  VariableRef in MOI.LessThan{Float64}    : [2, 3]
numerical stability report
  matrix range     [1e+00, 1e+00]
  objective range  [1e+00, 3e+02]
  bounds range     [1e+02, 2e+02]
  rhs range        [0e+00, 0e+00]
-------------------------------------------------------------------
 iteration    simulation      bound        time (s)     solves  pid
-------------------------------------------------------------------
         1   3.000000e+04  6.250000e+04  5.749941e-03         8   1
        20   5.500000e+04  6.250000e+04  4.688931e-01       172   1
-------------------------------------------------------------------
status         : simulation_stopping
total time (s) : 4.688931e-01
total solves   : 172
best bound     :  6.250000e+04
simulation ci  :  5.975000e+04 ± 8.921853e+03
numeric issues : 0
-------------------------------------------------------------------

-------------------------------------------------------------------
         SDDP.jl (c) Oscar Dowson and contributors, 2017-25
-------------------------------------------------------------------
problem
  nodes           : 3
  state variables : 1
  scenarios       : 4.00000e+00
  existing cuts   : false
options
  solver          : serial mode
  risk measure    : SDDP.Expectation()
  sampling scheme : SDDP.InSampleMonteCarlo
subproblem structure
  VariableRef                             : [5, 5]
  AffExpr in MOI.EqualTo{Float64}         : [1, 1]
  VariableRef in MOI.GreaterThan{Float64} : [4, 4]
  VariableRef in MOI.LessThan{Float64}    : [2, 3]
numerical stability report
  matrix range     [1e+00, 1e+00]
  objective range  [1e+00, 3e+02]
  bounds range     [1e+02, 2e+02]
  rhs range        [1e+02, 3e+02]
-------------------------------------------------------------------
 iteration    simulation      bound        time (s)     solves  pid
-------------------------------------------------------------------
         1   3.000000e+04  6.250000e+04  9.693146e-03         5   1
        10   9.500000e+04  6.250000e+04  1.104462e-01        50   1
-------------------------------------------------------------------
status         : iteration_limit
total time (s) : 1.104462e-01
total solves   : 50
best bound     :  6.250000e+04
simulation ci  :  5.850000e+04 ± 1.339333e+04
numeric issues : 0
-------------------------------------------------------------------

-------------------------------------------------------------------
         SDDP.jl (c) Oscar Dowson and contributors, 2017-25
-------------------------------------------------------------------
problem
  nodes           : 3
  state variables : 2
  scenarios       : 1.00000e+00
  existing cuts   : false
options
  solver          : serial mode
  risk measure    : SDDP.Expectation()
  sampling scheme : SDDP.InSampleMonteCarlo
subproblem structure
  VariableRef                             : [6, 6]
  AffExpr in MOI.EqualTo{Float64}         : [2, 2]
  VariableRef in MOI.GreaterThan{Float64} : [2, 3]
  VariableRef in MOI.LessThan{Float64}    : [3, 3]
  VariableRef in MOI.ZeroOne              : [3, 3]
numerical stability report
  matrix range     [1e+00, 1e+00]
  objective range  [1e+00, 6e+00]
  bounds range     [1e+00, 1e+02]
  rhs range        [0e+00, 0e+00]
-------------------------------------------------------------------
 iteration    simulation      bound        time (s)     solves  pid
-------------------------------------------------------------------
         1L  6.000000e+00  9.000000e+00  4.366517e-02         6   1
        20L  9.000000e+00  9.000000e+00  8.951497e-02       123   1
-------------------------------------------------------------------
status         : simulation_stopping
total time (s) : 8.951497e-02
total solves   : 123
best bound     :  9.000000e+00
simulation ci  :  8.850000e+00 ± 2.940000e-01
numeric issues : 0
-------------------------------------------------------------------

-------------------------------------------------------------------
         SDDP.jl (c) Oscar Dowson and contributors, 2017-25
-------------------------------------------------------------------
problem
  nodes           : 7
  state variables : 2
  scenarios       : 8.00000e+00
  existing cuts   : false
options
  solver          : serial mode
  risk measure    : SDDP.Expectation()
  sampling scheme : SDDP.InSampleMonteCarlo
subproblem structure
  VariableRef                             : [5, 7]
  AffExpr in MOI.EqualTo{Float64}         : [1, 1]
  VariableRef in MOI.GreaterThan{Float64} : [3, 5]
  VariableRef in MOI.LessThan{Float64}    : [1, 1]
numerical stability report
  matrix range     [1e+00, 1e+00]
  objective range  [1e+00, 4e+00]
  bounds range     [1e+03, 1e+03]
  rhs range        [6e+01, 8e+01]
-------------------------------------------------------------------
 iteration    simulation      bound        time (s)     solves  pid
-------------------------------------------------------------------
         5  -2.742188e+01  2.605769e-01  1.610088e-02        87   1
        10  -2.742188e+01  2.605769e-01  2.154493e-02       142   1
        15   6.813781e+00  1.253721e+00  2.745795e-02       197   1
        20   0.000000e+00  1.514085e+00  3.349996e-02       252   1
        25   4.864000e+01  1.514085e+00  4.176092e-02       339   1
        30  -1.428571e+00  1.514085e+00  4.774284e-02       394   1
        35   3.979039e-13  1.514085e+00  7.143497e-02       449   1
        40  -3.979039e-13  1.514085e+00  7.856989e-02       504   1
        43   4.864000e+01  1.514085e+00  8.262396e-02       537   1
-------------------------------------------------------------------
status         : simulation_stopping
total time (s) : 8.262396e-02
total solves   : 537
best bound     :  1.514085e+00
simulation ci  :  9.362303e-02 ± 6.246351e+00
numeric issues : 0
-------------------------------------------------------------------

-------------------------------------------------------------------
         SDDP.jl (c) Oscar Dowson and contributors, 2017-25
-------------------------------------------------------------------
problem
  nodes           : 7
  state variables : 2
  scenarios       : 3.20000e+01
  existing cuts   : false
options
  solver          : serial mode
  risk measure    : #4
  sampling scheme : SDDP.InSampleMonteCarlo
subproblem structure
  VariableRef                             : [5, 7]
  AffExpr in MOI.EqualTo{Float64}         : [1, 1]
  VariableRef in MOI.EqualTo{Float64}     : [1, 1]
  VariableRef in MOI.GreaterThan{Float64} : [2, 5]
  VariableRef in MOI.LessThan{Float64}    : [1, 1]
numerical stability report
  matrix range     [1e+00, 1e+00]
  objective range  [2e-02, 4e+00]
  bounds range     [1e+03, 1e+03]
  rhs range        [6e+01, 8e+01]
-------------------------------------------------------------------
 iteration    simulation      bound        time (s)     solves  pid
-------------------------------------------------------------------
        10  -7.690656e+00  2.366592e+00  1.648350e-01       278   1
        20   1.266135e+00  1.306623e+00  1.823130e-01       428   1
        30   2.252026e-01  1.280382e+00  2.003829e-01       578   1
        40  -1.051817e+00  1.278410e+00  2.320168e-01       856   1
        50   7.320288e+00  1.278410e+00  2.502069e-01      1006   1
        56   1.111084e+01  1.278410e+00  2.619500e-01      1096   1
-------------------------------------------------------------------
status         : simulation_stopping
total time (s) : 2.619500e-01
total solves   : 1096
best bound     :  1.278410e+00
simulation ci  :  3.912743e+00 ± 4.211699e+00
numeric issues : 0
-------------------------------------------------------------------

-------------------------------------------------------------------
         SDDP.jl (c) Oscar Dowson and contributors, 2017-25
-------------------------------------------------------------------
problem
  nodes           : 7
  state variables : 2
  scenarios       : 3.20000e+01
  existing cuts   : false
options
  solver          : serial mode
  risk measure    : #4
  sampling scheme : SDDP.InSampleMonteCarlo
subproblem structure
  VariableRef                             : [5, 7]
  AffExpr in MOI.EqualTo{Float64}         : [1, 1]
  VariableRef in MOI.EqualTo{Float64}     : [1, 1]
  VariableRef in MOI.GreaterThan{Float64} : [2, 5]
  VariableRef in MOI.LessThan{Float64}    : [1, 1]
numerical stability report
  matrix range     [1e+00, 1e+00]
  objective range  [2e-02, 4e+00]
  bounds range     [1e+03, 1e+03]
  rhs range        [6e+01, 8e+01]
-------------------------------------------------------------------
 iteration    simulation      bound        time (s)     solves  pid
-------------------------------------------------------------------
        10   2.007061e+00  1.281639e+00  3.863096e-02       278   1
        20   1.426676e+01  1.278410e+00  6.181002e-02       428   1
        30   1.522212e+00  1.278410e+00  1.004500e-01       706   1
        40  -4.523775e+01  1.278410e+00  1.289690e-01       856   1
-------------------------------------------------------------------
status         : simulation_stopping
total time (s) : 1.289690e-01
total solves   : 856
best bound     :  1.278410e+00
simulation ci  :  1.019480e+00 ± 6.246418e+00
numeric issues : 0
-------------------------------------------------------------------

-------------------------------------------------------------------
         SDDP.jl (c) Oscar Dowson and contributors, 2017-25
-------------------------------------------------------------------
problem
  nodes           : 4
  state variables : 1
  scenarios       : Inf
  existing cuts   : false
options
  solver          : serial mode
  risk measure    : SDDP.Expectation()
  sampling scheme : SDDP.InSampleMonteCarlo
subproblem structure
  VariableRef                             : [7, 7]
  AffExpr in MOI.EqualTo{Float64}         : [1, 1]
  AffExpr in MOI.GreaterThan{Float64}     : [2, 2]
  VariableRef in MOI.EqualTo{Float64}     : [1, 1]
  VariableRef in MOI.GreaterThan{Float64} : [5, 5]
  VariableRef in MOI.LessThan{Float64}    : [3, 3]
numerical stability report
  matrix range     [1e+00, 1e+00]
  objective range  [1e+00, 2e+00]
  bounds range     [2e+00, 1e+02]
  rhs range        [0e+00, 0e+00]
-------------------------------------------------------------------
 iteration    simulation      bound        time (s)     solves  pid
-------------------------------------------------------------------
        10   4.787277e+00  9.346930e+00  1.627375e+00       900   1
        20   6.374753e+00  1.361934e+01  1.767351e+00      1720   1
        30   2.848217e+01  1.624016e+01  2.047704e+00      3036   1
        40   1.973944e+01  1.776547e+01  2.365740e+00      4192   1
        50   4.000000e+00  1.889360e+01  2.626062e+00      5020   1
        60   1.142478e+01  1.907862e+01  2.885862e+00      5808   1
        70   9.386421e+00  1.961295e+01  3.168465e+00      6540   1
        80   5.667851e+01  1.890911e+01  3.372934e+00      7088   1
        90   3.740597e+01  1.993139e+01  3.840929e+00      8180   1
       100   9.867183e+00  2.001688e+01  4.030084e+00      8664   1
-------------------------------------------------------------------
status         : iteration_limit
total time (s) : 4.030084e+00
total solves   : 8664
best bound     :  2.001688e+01
simulation ci  :  2.301336e+01 ± 4.670816e+00
numeric issues : 0
-------------------------------------------------------------------

-------------------------------------------------------------------
         SDDP.jl (c) Oscar Dowson and contributors, 2017-25
-------------------------------------------------------------------
problem
  nodes           : 5
  state variables : 2
  scenarios       : 3.20000e+01
  existing cuts   : false
options
  solver          : serial mode
  risk measure    : SDDP.Expectation()
  sampling scheme : SDDP.InSampleMonteCarlo
subproblem structure
  VariableRef                             : [10, 10]
  AffExpr in MOI.EqualTo{Float64}         : [2, 2]
  AffExpr in MOI.GreaterThan{Float64}     : [2, 2]
  AffExpr in MOI.LessThan{Float64}        : [6, 6]
  VariableRef in MOI.EqualTo{Float64}     : [2, 2]
  VariableRef in MOI.GreaterThan{Float64} : [5, 6]
  VariableRef in MOI.LessThan{Float64}    : [6, 6]
  VariableRef in MOI.ZeroOne              : [5, 5]
numerical stability report
  matrix range     [1e+00, 1e+00]
  objective range  [1e+00, 6e+00]
  bounds range     [1e+00, 1e+01]
  rhs range        [1e+00, 1e+00]
-------------------------------------------------------------------
 iteration    simulation      bound        time (s)     solves  pid
-------------------------------------------------------------------
         5   9.000000e+00  9.002950e+00  2.406499e-01       235   1
        10   4.000000e+00  9.002950e+00  3.977580e-01       310   1
        15   4.000000e+00  9.002950e+00  5.640090e-01       385   1
        20   4.000000e+00  9.002950e+00  7.223110e-01       460   1
        25   1.000000e+01  9.002950e+00  1.534384e+00       695   1
        30   5.000000e+00  9.002950e+00  1.686084e+00       770   1
        35   1.000000e+01  9.002950e+00  1.863968e+00       845   1
        40   5.000000e+00  9.002950e+00  2.034399e+00       920   1
-------------------------------------------------------------------
status         : simulation_stopping
total time (s) : 2.034399e+00
total solves   : 920
best bound     :  9.002950e+00
simulation ci  :  6.375000e+00 ± 7.930178e-01
numeric issues : 0
-------------------------------------------------------------------

-------------------------------------------------------------------
         SDDP.jl (c) Oscar Dowson and contributors, 2017-25
-------------------------------------------------------------------
problem
  nodes           : 3
  state variables : 4
  scenarios       : 2.16000e+02
  existing cuts   : false
options
  solver          : serial mode
  risk measure    : SDDP.Expectation()
  sampling scheme : SDDP.InSampleMonteCarlo
subproblem structure
  VariableRef                             : [18, 18]
  AffExpr in MOI.EqualTo{Float64}         : [4, 4]
  AffExpr in MOI.GreaterThan{Float64}     : [4, 4]
  AffExpr in MOI.LessThan{Float64}        : [12, 12]
  VariableRef in MOI.EqualTo{Float64}     : [4, 4]
  VariableRef in MOI.GreaterThan{Float64} : [9, 10]
  VariableRef in MOI.LessThan{Float64}    : [10, 10]
  VariableRef in MOI.ZeroOne              : [9, 9]
numerical stability report
  matrix range     [1e+00, 1e+00]
  objective range  [1e+00, 4e+00]
  bounds range     [1e+00, 2e+01]
  rhs range        [1e+00, 1e+00]
-------------------------------------------------------------------
 iteration    simulation      bound        time (s)     solves  pid
-------------------------------------------------------------------
        10   1.000000e+01  6.868919e+00  3.980830e-01       510   1
        20   2.000000e+00  6.834387e+00  9.208419e-01       720   1
        30   1.200000e+01  6.834387e+00  2.261086e+00      1230   1
        40   7.000000e+00  6.823805e+00  2.801958e+00      1440   1
        50   7.000000e+00  6.823805e+00  4.256113e+00      1950   1
        60   5.000000e+00  6.823805e+00  4.777428e+00      2160   1
-------------------------------------------------------------------
status         : simulation_stopping
total time (s) : 4.777428e+00
total solves   : 2160
best bound     :  6.823805e+00
simulation ci  :  6.183333e+00 ± 6.258900e-01
numeric issues : 0
-------------------------------------------------------------------

-------------------------------------------------------------------
         SDDP.jl (c) Oscar Dowson and contributors, 2017-25
-------------------------------------------------------------------
problem
  nodes           : 5
  state variables : 5
  scenarios       : 3.27680e+04
  existing cuts   : false
options
  solver          : serial mode
  risk measure    : SDDP.Expectation()
  sampling scheme : SDDP.InSampleMonteCarlo
subproblem structure
  VariableRef                             : [14, 14]
  AffExpr in MOI.GreaterThan{Float64}     : [7, 7]
  AffExpr in MOI.LessThan{Float64}        : [4, 4]
  VariableRef in MOI.EqualTo{Float64}     : [1, 1]
  VariableRef in MOI.GreaterThan{Float64} : [8, 8]
  VariableRef in MOI.Integer              : [5, 5]
  VariableRef in MOI.LessThan{Float64}    : [5, 6]
numerical stability report
  matrix range     [1e+00, 1e+00]
  objective range  [1e+00, 5e+05]
  bounds range     [1e+00, 1e+00]
  rhs range        [0e+00, 0e+00]
-------------------------------------------------------------------
 iteration    simulation      bound        time (s)     solves  pid
-------------------------------------------------------------------
        10   2.549668e+06  2.075239e+06  4.596694e+00       920   1
        20   5.494568e+05  2.078257e+06  5.491332e+00      1340   1
        30   4.985879e+04  2.078257e+06  9.806529e+00      2260   1
        40   3.799447e+06  2.078257e+06  1.071377e+01      2680   1
        41   1.299866e+06  2.078257e+06  1.078264e+01      2722   1
-------------------------------------------------------------------
status         : simulation_stopping
total time (s) : 1.078264e+01
total solves   : 2722
best bound     :  2.078257e+06
simulation ci  :  1.981169e+06 ± 4.651235e+05
numeric issues : 0
-------------------------------------------------------------------

-------------------------------------------------------------------
         SDDP.jl (c) Oscar Dowson and contributors, 2017-25
-------------------------------------------------------------------
problem
  nodes           : 1
  state variables : 1
  scenarios       : Inf
  existing cuts   : false
options
  solver          : serial mode
  risk measure    : SDDP.Expectation()
  sampling scheme : SDDP.InSampleMonteCarlo
subproblem structure
  VariableRef                             : [8, 8]
  AffExpr in MOI.EqualTo{Float64}         : [2, 2]
  VariableRef in MOI.EqualTo{Float64}     : [2, 2]
  VariableRef in MOI.GreaterThan{Float64} : [5, 5]
  VariableRef in MOI.LessThan{Float64}    : [1, 1]
numerical stability report
  matrix range     [1e+00, 1e+00]
  objective range  [1e+00, 1e+01]
  bounds range     [5e+00, 2e+01]
  rhs range        [0e+00, 0e+00]
-------------------------------------------------------------------
 iteration    simulation      bound        time (s)     solves  pid
-------------------------------------------------------------------
       100   2.500000e+01  1.189023e+02  8.103261e-01      1946   1
       200   2.500000e+01  1.191635e+02  1.025776e+00      3920   1
       300   0.000000e+00  1.191666e+02  1.245214e+00      5902   1
       330   2.500000e+01  1.191667e+02  1.287026e+00      6224   1
-------------------------------------------------------------------
status         : simulation_stopping
total time (s) : 1.287026e+00
total solves   : 6224
best bound     :  1.191667e+02
simulation ci  :  2.158333e+01 ± 3.290252e+00
numeric issues : 0
-------------------------------------------------------------------

-------------------------------------------------------------------
         SDDP.jl (c) Oscar Dowson and contributors, 2017-25
-------------------------------------------------------------------
problem
  nodes           : 1
  state variables : 1
  scenarios       : Inf
  existing cuts   : false
options
  solver          : serial mode
  risk measure    : SDDP.Expectation()
  sampling scheme : SDDP.InSampleMonteCarlo
subproblem structure
  VariableRef                             : [8, 8]
  AffExpr in MOI.EqualTo{Float64}         : [2, 2]
  VariableRef in MOI.EqualTo{Float64}     : [2, 2]
  VariableRef in MOI.GreaterThan{Float64} : [5, 5]
  VariableRef in MOI.LessThan{Float64}    : [1, 1]
numerical stability report
  matrix range     [1e+00, 1e+00]
  objective range  [1e+00, 1e+01]
  bounds range     [5e+00, 2e+01]
  rhs range        [0e+00, 0e+00]
-------------------------------------------------------------------
 iteration    simulation      bound        time (s)     solves  pid
-------------------------------------------------------------------
       100   0.000000e+00  1.191283e+02  3.214970e-01      2874   1
       200   2.500000e+00  1.191666e+02  5.701320e-01      4855   1
       282   7.500000e+00  1.191667e+02  7.105169e-01      5733   1
-------------------------------------------------------------------
status         : simulation_stopping
total time (s) : 7.105169e-01
total solves   : 5733
best bound     :  1.191667e+02
simulation ci  :  2.104610e+01 ± 3.492245e+00
numeric issues : 0
-------------------------------------------------------------------

-------------------------------------------------------------------
         SDDP.jl (c) Oscar Dowson and contributors, 2017-25
-------------------------------------------------------------------
problem
  nodes           : 1
  state variables : 1
  scenarios       : Inf
  existing cuts   : false
options
  solver          : serial mode
  risk measure    : SDDP.Expectation()
  sampling scheme : SDDP.InSampleMonteCarlo
subproblem structure
  VariableRef                             : [3, 3]
  AffExpr in MOI.EqualTo{Float64}         : [1, 1]
  VariableRef in MOI.GreaterThan{Float64} : [1, 1]
numerical stability report
  matrix range     [1e+00, 1e+00]
  objective range  [1e+00, 1e+00]
  bounds range     [0e+00, 0e+00]
  rhs range        [0e+00, 0e+00]
-------------------------------------------------------------------
 iteration    simulation      bound        time (s)     solves  pid
-------------------------------------------------------------------
        10   4.000000e+00  1.997089e+01  8.103395e-02      1204   1
        20   8.000000e+00  2.000000e+01  9.817290e-02      1420   1
        30   1.600000e+01  2.000000e+01  1.775560e-01      2628   1
        40   8.000000e+00  2.000000e+01  1.964328e-01      2834   1
-------------------------------------------------------------------
status         : simulation_stopping
total time (s) : 1.964328e-01
total solves   : 2834
best bound     :  2.000000e+01
simulation ci  :  1.625000e+01 ± 4.766381e+00
numeric issues : 0
-------------------------------------------------------------------

-------------------------------------------------------------------
         SDDP.jl (c) Oscar Dowson and contributors, 2017-25
-------------------------------------------------------------------
problem
  nodes           : 4
  state variables : 1
  scenarios       : 1.00000e+03
  existing cuts   : false
options
  solver          : serial mode
  risk measure    : A convex combination of 0.5 * SDDP.Expectation() + 0.5 * SDDP.AVaR(0.2)
  sampling scheme : SDDP.InSampleMonteCarlo
subproblem structure
  VariableRef                             : [9, 9]
  AffExpr in MOI.EqualTo{Float64}         : [2, 2]
  VariableRef in MOI.EqualTo{Float64}     : [1, 1]
  VariableRef in MOI.GreaterThan{Float64} : [7, 7]
  VariableRef in MOI.LessThan{Float64}    : [6, 7]
numerical stability report
  matrix range     [1e+00, 1e+00]
  objective range  [1e+00, 5e+01]
  bounds range     [2e+01, 2e+02]
  rhs range        [8e+01, 8e+01]
-------------------------------------------------------------------
 iteration    simulation      bound        time (s)     solves  pid
-------------------------------------------------------------------
         1   1.948878e+03  2.847167e+03  9.317160e-03        35   1
        10   7.500000e+02  2.935390e+03  3.954816e-02       350   1
-------------------------------------------------------------------
status         : iteration_limit
total time (s) : 3.954816e-02
total solves   : 350
best bound     :  2.935390e+03
simulation ci  :  1.544902e+03 ± 5.533339e+02
numeric issues : 0
-------------------------------------------------------------------

-------------------------------------------------------------------
         SDDP.jl (c) Oscar Dowson and contributors, 2017-25
-------------------------------------------------------------------
problem
  nodes           : 1
  state variables : 1
  scenarios       : Inf
  existing cuts   : false
options
  solver          : serial mode
  risk measure    : SDDP.Expectation()
  sampling scheme : SDDP.InSampleMonteCarlo
subproblem structure
  VariableRef                             : [3, 3]
  AffExpr in MOI.EqualTo{Float64}         : [1, 1]
  VariableRef in MOI.GreaterThan{Float64} : [1, 1]
numerical stability report
  matrix range     [1e+00, 1e+00]
  objective range  [1e+00, 1e+00]
  bounds range     [0e+00, 0e+00]
  rhs range        [0e+00, 0e+00]
-------------------------------------------------------------------
 iteration    simulation      bound        time (s)     solves  pid
-------------------------------------------------------------------
         1   1.000000e+00  1.500000e+00  2.590895e-03         3   1
        40   1.000000e+00  2.000000e+00  4.742289e-02       608   1
-------------------------------------------------------------------
status         : simulation_stopping
total time (s) : 4.742289e-02
total solves   : 608
best bound     :  2.000000e+00
simulation ci  :  2.075000e+00 ± 6.408542e-01
numeric issues : 0
-------------------------------------------------------------------

-------------------------------------------------------------------
         SDDP.jl (c) Oscar Dowson and contributors, 2017-25
-------------------------------------------------------------------
problem
  nodes           : 3
  state variables : 1
  scenarios       : 8.51840e+04
  existing cuts   : false
options
  solver          : serial mode
  risk measure    : SDDP.Expectation()
  sampling scheme : SDDP.InSampleMonteCarlo
subproblem structure
  VariableRef                             : [6, 6]
  AffExpr in MOI.EqualTo{Float64}         : [1, 3]
  AffExpr in MOI.LessThan{Float64}        : [2, 2]
  VariableRef in MOI.EqualTo{Float64}     : [1, 1]
  VariableRef in MOI.GreaterThan{Float64} : [3, 4]
  VariableRef in MOI.LessThan{Float64}    : [3, 3]
numerical stability report
  matrix range     [8e-01, 2e+00]
  objective range  [1e+00, 2e+00]
  bounds range     [1e+00, 1e+02]
  rhs range        [5e+01, 5e+01]
-------------------------------------------------------------------
 iteration    simulation      bound        time (s)     solves  pid
-------------------------------------------------------------------
        10   5.500000e+00  5.473308e+00  1.915619e-01      1350   1
        20   4.062500e+00  4.451907e+00  2.880950e-01      2700   1
        30   2.993750e+00  4.101372e+00  3.939381e-01      4050   1
        40   5.750000e+00  4.095757e+00  5.048981e-01      5400   1
        50   5.125000e+00  4.093536e+00  6.208301e-01      6750   1
        60   3.737500e+00  4.089225e+00  7.442989e-01      8100   1
        70   4.500000e+00  4.088152e+00  8.678839e-01      9450   1
        80   4.950000e+00  4.087904e+00  9.939780e-01     10800   1
        90   4.125000e+00  4.087756e+00  1.124968e+00     12150   1
       100   3.275000e+00  4.086300e+00  1.265244e+00     13500   1
       110   5.250000e+00  4.086125e+00  1.399950e+00     14850   1
       120   4.975000e+00  4.086054e+00  1.542589e+00     16200   1
       130   3.500000e+00  4.085422e+00  1.681474e+00     17550   1
       140   4.593750e+00  4.085327e+00  1.820715e+00     18900   1
       150   3.000000e+00  4.085258e+00  1.959738e+00     20250   1
       160   2.700000e+00  4.085247e+00  2.129195e+00     21600   1
       170   3.812500e+00  4.085151e+00  2.273451e+00     22950   1
       180   3.875000e+00  4.085121e+00  2.423705e+00     24300   1
       190   4.737500e+00  4.085102e+00  2.568468e+00     25650   1
       200   2.906250e+00  4.085073e+00  2.715017e+00     27000   1
       210   3.750000e+00  4.085050e+00  2.866753e+00     28350   1
       220   5.050000e+00  4.085037e+00  3.015032e+00     29700   1
       230   2.925000e+00  4.085012e+00  3.158456e+00     31050   1
       240   4.500000e+00  4.084970e+00  3.308181e+00     32400   1
       250   4.875000e+00  4.084908e+00  3.464429e+00     33750   1
       260   3.675000e+00  4.084905e+00  3.609968e+00     35100   1
       270   4.725000e+00  4.084903e+00  3.766510e+00     36450   1
       280   3.437500e+00  4.084900e+00  3.917896e+00     37800   1
       290   3.750000e+00  4.084879e+00  4.076224e+00     39150   1
       300   4.125000e+00  4.084879e+00  4.237471e+00     40500   1
       310   4.875000e+00  4.084803e+00  4.393909e+00     41850   1
       320   5.625000e+00  4.084803e+00  4.547031e+00     43200   1
       330   3.825000e+00  4.084800e+00  4.708248e+00     44550   1
       340   3.300000e+00  4.084796e+00  4.868633e+00     45900   1
       350   5.887500e+00  4.084796e+00  5.057572e+00     47250   1
       360   3.600000e+00  4.084786e+00  5.220001e+00     48600   1
       370   3.618750e+00  4.084786e+00  5.377015e+00     49950   1
       380   4.968750e+00  4.084782e+00  5.532406e+00     51300   1
       390   3.300000e+00  4.084780e+00  5.689770e+00     52650   1
       400   4.006250e+00  4.084779e+00  5.856180e+00     54000   1
       410   4.050000e+00  4.084779e+00  6.025198e+00     55350   1
       420   5.125000e+00  4.084776e+00  6.189198e+00     56700   1
       430   4.000000e+00  4.084776e+00  6.352465e+00     58050   1
       440   4.125000e+00  4.084776e+00  6.520088e+00     59400   1
       450   3.112500e+00  4.084776e+00  6.689568e+00     60750   1
       460   3.750000e+00  4.084771e+00  6.857988e+00     62100   1
       470   3.187500e+00  4.084767e+00  7.014077e+00     63450   1
       480   3.031250e+00  4.084757e+00  7.197349e+00     64800   1
       490   4.181250e+00  4.084753e+00  7.368843e+00     66150   1
       500   3.187500e+00  4.084746e+00  7.546394e+00     67500   1
       510   4.875000e+00  4.084741e+00  7.715938e+00     68850   1
       520   3.900000e+00  4.084737e+00  7.880607e+00     70200   1
       530   4.350000e+00  4.084737e+00  8.049599e+00     71550   1
       540   4.212500e+00  4.084737e+00  8.236893e+00     72900   1
       550   4.250000e+00  4.084734e+00  8.409773e+00     74250   1
       560   3.750000e+00  4.084734e+00  8.579522e+00     75600   1
       570   5.306250e+00  4.084730e+00  8.750333e+00     76950   1
       580   4.725000e+00  4.084730e+00  8.920312e+00     78300   1
       590   4.250000e+00  4.084730e+00  9.088200e+00     79650   1
       600   4.000000e+00  4.084730e+00  9.261365e+00     81000   1
       610   4.600000e+00  4.084730e+00  9.424381e+00     82350   1
       620   3.375000e+00  4.084730e+00  9.592206e+00     83700   1
       630   3.981250e+00  4.084725e+00  9.767431e+00     85050   1
       640   3.250000e+00  4.084725e+00  9.938917e+00     86400   1
       650   3.625000e+00  4.084725e+00  1.012163e+01     87750   1
       660   4.781250e+00  4.084725e+00  1.030039e+01     89100   1
       670   4.275000e+00  4.084725e+00  1.048342e+01     90450   1
       680   2.731250e+00  4.084725e+00  1.067107e+01     91800   1
       690   5.237500e+00  4.084725e+00  1.085524e+01     93150   1
       700   3.325000e+00  4.084725e+00  1.102804e+01     94500   1
       710   4.750000e+00  4.084725e+00  1.121316e+01     95850   1
       720   4.537500e+00  4.084725e+00  1.139501e+01     97200   1
       730   4.725000e+00  4.084725e+00  1.159981e+01     98550   1
       740   4.475000e+00  4.084725e+00  1.177752e+01     99900   1
       750   2.893750e+00  4.084725e+00  1.195436e+01    101250   1
       760   3.525000e+00  4.084725e+00  1.213324e+01    102600   1
       770   3.525000e+00  4.084725e+00  1.231651e+01    103950   1
       780   3.262500e+00  4.084725e+00  1.249748e+01    105300   1
       790   4.918750e+00  4.084725e+00  1.268534e+01    106650   1
       800   3.750000e+00  4.084725e+00  1.286631e+01    108000   1
       810   4.687500e+00  4.084725e+00  1.304982e+01    109350   1
       820   4.018750e+00  4.084725e+00  1.323856e+01    110700   1
       830   4.725000e+00  4.084725e+00  1.342673e+01    112050   1
       840   4.268750e+00  4.084725e+00  1.361362e+01    113400   1
       850   5.175000e+00  4.084725e+00  1.379378e+01    114750   1
       860   3.125000e+00  4.084725e+00  1.398550e+01    116100   1
       870   2.762500e+00  4.084725e+00  1.416140e+01    117450   1
       880   3.375000e+00  4.084725e+00  1.433695e+01    118800   1
       890   3.875000e+00  4.084725e+00  1.454152e+01    120150   1
       900   3.093750e+00  4.084725e+00  1.472322e+01    121500   1
       910   4.125000e+00  4.084724e+00  1.492241e+01    122850   1
       920   4.750000e+00  4.084724e+00  1.511231e+01    124200   1
       930   5.431250e+00  4.084724e+00  1.530395e+01    125550   1
       940   3.000000e+00  4.084724e+00  1.549870e+01    126900   1
       950   4.243750e+00  4.084724e+00  1.568311e+01    128250   1
       960   3.756250e+00  4.084724e+00  1.586946e+01    129600   1
       970   3.750000e+00  4.084724e+00  1.606222e+01    130950   1
       980   4.350000e+00  4.084724e+00  1.624686e+01    132300   1
       990   3.375000e+00  4.084722e+00  1.643579e+01    133650   1
      1000   4.750000e+00  4.084722e+00  1.662216e+01    135000   1
      1010   3.825000e+00  4.084722e+00  1.680642e+01    136350   1
      1020   4.000000e+00  4.084722e+00  1.698178e+01    137700   1
      1030   4.500000e+00  4.084722e+00  1.716949e+01    139050   1
      1040   3.637500e+00  4.084722e+00  1.737693e+01    140400   1
      1050   4.050000e+00  4.084722e+00  1.756115e+01    141750   1
      1060   4.925000e+00  4.084722e+00  1.775640e+01    143100   1
      1070   4.500000e+00  4.084722e+00  1.795873e+01    144450   1
      1080   5.000000e+00  4.084722e+00  1.816278e+01    145800   1
      1090   4.393750e+00  4.084722e+00  1.836450e+01    147150   1
      1100   3.750000e+00  4.084722e+00  1.857728e+01    148500   1
      1110   4.306250e+00  4.084722e+00  1.876784e+01    149850   1
      1120   4.200000e+00  4.084722e+00  1.896592e+01    151200   1
      1130   4.343750e+00  4.084722e+00  1.916756e+01    152550   1
      1140   4.650000e+00  4.084722e+00  1.937020e+01    153900   1
      1150   4.537500e+00  4.084722e+00  1.957409e+01    155250   1
      1160   4.250000e+00  4.084722e+00  1.978398e+01    156600   1
      1170   3.312500e+00  4.084722e+00  2.000250e+01    157950   1
-------------------------------------------------------------------
status         : time_limit
total time (s) : 2.000250e+01
total solves   : 157950
best bound     :  4.084722e+00
simulation ci  :  4.099656e+00 ± 4.212180e-02
numeric issues : 0
-------------------------------------------------------------------

-------------------------------------------------------------------
         SDDP.jl (c) Oscar Dowson and contributors, 2017-25
-------------------------------------------------------------------
problem
  nodes           : 3
  state variables : 1
  scenarios       : 8.51840e+04
  existing cuts   : false
options
  solver          : serial mode
  risk measure    : SDDP.Expectation()
  sampling scheme : SDDP.InSampleMonteCarlo
subproblem structure
  VariableRef                             : [6, 6]
  AffExpr in MOI.EqualTo{Float64}         : [1, 3]
  AffExpr in MOI.LessThan{Float64}        : [2, 2]
  VariableRef in MOI.EqualTo{Float64}     : [1, 1]
  VariableRef in MOI.GreaterThan{Float64} : [3, 4]
  VariableRef in MOI.LessThan{Float64}    : [3, 3]
numerical stability report
  matrix range     [8e-01, 2e+00]
  objective range  [1e+00, 2e+00]
  bounds range     [1e+00, 1e+02]
  rhs range        [5e+01, 5e+01]
-------------------------------------------------------------------
 iteration    simulation      bound        time (s)     solves  pid
-------------------------------------------------------------------
        10   3.750000e+00  4.061415e+00  2.122209e-01      1350   1
        20   3.700000e+00  4.057843e+00  5.810919e-01      2700   1
        30   4.125000e+00  4.040573e+00  1.132602e+00      4050   1
        40   5.093750e+00  4.040141e+00  1.817626e+00      5400   1
        50   4.500000e+00  4.039277e+00  2.649579e+00      6750   1
        60   4.350000e+00  4.039145e+00  3.657843e+00      8100   1
        70   4.518750e+00  4.039125e+00  4.709006e+00      9450   1
        80   5.500000e+00  4.038974e+00  5.932834e+00     10800   1
        90   4.925000e+00  4.038841e+00  7.314723e+00     12150   1
       100   4.350000e+00  4.038773e+00  8.751976e+00     13500   1
       110   3.731250e+00  4.038221e+00  1.025620e+01     14850   1
       120   5.025000e+00  4.038153e+00  1.188265e+01     16200   1
       130   4.087500e+00  4.038131e+00  1.366521e+01     17550   1
       140   3.200000e+00  4.038117e+00  1.548993e+01     18900   1
       150   2.937500e+00  4.038116e+00  1.742603e+01     20250   1
       160   5.200000e+00  4.038097e+00  1.955540e+01     21600   1
       163   2.750000e+00  4.038097e+00  2.019301e+01     22005   1
-------------------------------------------------------------------
status         : time_limit
total time (s) : 2.019301e+01
total solves   : 22005
best bound     :  4.038097e+00
simulation ci  :  4.086081e+00 ± 1.144725e-01
numeric issues : 0
-------------------------------------------------------------------

-------------------------------------------------------------------
         SDDP.jl (c) Oscar Dowson and contributors, 2017-25
-------------------------------------------------------------------
problem
  nodes           : 8
  state variables : 1
  scenarios       : 1.00000e+08
  existing cuts   : false
options
  solver          : serial mode
  risk measure    : SDDP.Expectation()
  sampling scheme : SDDP.InSampleMonteCarlo
subproblem structure
  VariableRef                             : [7, 7]
  AffExpr in MOI.EqualTo{Float64}         : [1, 1]
  AffExpr in MOI.GreaterThan{Float64}     : [2, 2]
  VariableRef in MOI.EqualTo{Float64}     : [1, 1]
  VariableRef in MOI.GreaterThan{Float64} : [4, 4]
  VariableRef in MOI.LessThan{Float64}    : [1, 2]
  VariableRef in MOI.ZeroOne              : [1, 1]
numerical stability report
  matrix range     [1e+00, 2e+00]
  objective range  [5e-01, 1e+00]
  bounds range     [1e+00, 1e+00]
  rhs range        [1e+00, 1e+00]
-------------------------------------------------------------------
 iteration    simulation      bound        time (s)     solves  pid
-------------------------------------------------------------------
        10   3.192287e+00  1.163696e+00  5.572576e+00      1680   1
        20   3.106329e+00  1.167188e+00  6.116832e+00      2560   1
        30   3.268250e+00  1.167299e+00  1.120867e+01      4240   1
        40   3.929329e+00  1.167299e+00  1.171905e+01      5120   1
        50   2.897950e+00  1.167299e+00  1.681490e+01      6800   1
        60   3.497385e+00  1.167299e+00  1.733986e+01      7680   1
        70   3.676975e+00  1.167299e+00  2.240384e+01      9360   1
        80   3.010696e+00  1.167299e+00  2.295755e+01     10240   1
        90   3.294464e+00  1.167299e+00  2.802120e+01     11920   1
       100   3.153272e+00  1.167410e+00  2.854296e+01     12800   1
       110   2.783639e+00  1.167410e+00  2.909014e+01     13680   1
       120   3.078332e+00  1.167410e+00  2.963292e+01     14560   1
       130   3.208001e+00  1.167410e+00  3.019765e+01     15440   1
       140   3.603100e+00  1.167410e+00  3.071681e+01     16320   1
       150   2.875897e+00  1.167410e+00  3.126299e+01     17200   1
       160   3.052070e+00  1.167410e+00  3.182332e+01     18080   1
       170   3.013476e+00  1.167410e+00  3.237786e+01     18960   1
       180   3.249203e+00  1.167416e+00  3.299833e+01     19840   1
       184   3.524252e+00  1.167416e+00  3.324181e+01     20192   1
-------------------------------------------------------------------
status         : simulation_stopping
total time (s) : 3.324181e+01
total solves   : 20192
best bound     :  1.167416e+00
simulation ci  :  3.215966e+00 ± 5.976719e-02
numeric issues : 0
-------------------------------------------------------------------

-------------------------------------------------------------------
         SDDP.jl (c) Oscar Dowson and contributors, 2017-25
-------------------------------------------------------------------
problem
  nodes           : 2
  state variables : 2
  scenarios       : 4.00000e+00
  existing cuts   : false
options
  solver          : serial mode
  risk measure    : SDDP.Expectation()
  sampling scheme : SDDP.InSampleMonteCarlo
subproblem structure
  VariableRef                             : [7, 11]
  AffExpr in MOI.EqualTo{Float64}         : [2, 2]
  AffExpr in MOI.LessThan{Float64}        : [2, 2]
  VariableRef in MOI.EqualTo{Float64}     : [2, 2]
  VariableRef in MOI.GreaterThan{Float64} : [5, 7]
  VariableRef in MOI.Integer              : [2, 2]
  VariableRef in MOI.LessThan{Float64}    : [4, 7]
  VariableRef in MOI.ZeroOne              : [4, 4]
numerical stability report
  matrix range     [1e+00, 6e+00]
  objective range  [1e+00, 3e+01]
  bounds range     [1e+00, 1e+02]
  rhs range        [0e+00, 0e+00]
-------------------------------------------------------------------
 iteration    simulation      bound        time (s)     solves  pid
-------------------------------------------------------------------
        10  -4.700000e+01 -5.809615e+01  1.780121e-01        78   1
        20  -9.800000e+01 -5.809615e+01  3.402112e-01       148   1
        30  -9.800000e+01 -5.809615e+01  5.338941e-01       226   1
        40  -4.700000e+01 -5.809615e+01  7.218521e-01       296   1
-------------------------------------------------------------------
status         : simulation_stopping
total time (s) : 7.218521e-01
total solves   : 296
best bound     : -5.809615e+01
simulation ci  : -5.381250e+01 ± 7.419419e+00
numeric issues : 0
-------------------------------------------------------------------

-------------------------------------------------------------------
         SDDP.jl (c) Oscar Dowson and contributors, 2017-25
-------------------------------------------------------------------
problem
  nodes           : 2
  state variables : 2
  scenarios       : 9.00000e+00
  existing cuts   : false
options
  solver          : serial mode
  risk measure    : SDDP.Expectation()
  sampling scheme : SDDP.InSampleMonteCarlo
subproblem structure
  VariableRef                             : [7, 11]
  AffExpr in MOI.EqualTo{Float64}         : [2, 2]
  AffExpr in MOI.LessThan{Float64}        : [2, 2]
  VariableRef in MOI.EqualTo{Float64}     : [2, 2]
  VariableRef in MOI.GreaterThan{Float64} : [5, 7]
  VariableRef in MOI.Integer              : [2, 2]
  VariableRef in MOI.LessThan{Float64}    : [4, 7]
  VariableRef in MOI.ZeroOne              : [4, 4]
numerical stability report
  matrix range     [1e+00, 6e+00]
  objective range  [1e+00, 3e+01]
  bounds range     [1e+00, 1e+02]
  rhs range        [0e+00, 0e+00]
-------------------------------------------------------------------
 iteration    simulation      bound        time (s)     solves  pid
-------------------------------------------------------------------
        10  -8.200000e+01 -6.196125e+01  2.129889e-01       138   1
        20  -4.000000e+01 -6.196125e+01  4.110019e-01       258   1
        30  -8.200000e+01 -6.196125e+01  6.944859e-01       396   1
        40  -7.500000e+01 -6.196125e+01  8.952749e-01       516   1
-------------------------------------------------------------------
status         : simulation_stopping
total time (s) : 8.952749e-01
total solves   : 516
best bound     : -6.196125e+01
simulation ci  : -6.113750e+01 ± 6.029189e+00
numeric issues : 0
-------------------------------------------------------------------

-------------------------------------------------------------------
         SDDP.jl (c) Oscar Dowson and contributors, 2017-25
-------------------------------------------------------------------
problem
  nodes           : 2
  state variables : 2
  scenarios       : 3.60000e+01
  existing cuts   : false
options
  solver          : serial mode
  risk measure    : SDDP.Expectation()
  sampling scheme : SDDP.InSampleMonteCarlo
subproblem structure
  VariableRef                             : [7, 11]
  AffExpr in MOI.EqualTo{Float64}         : [2, 2]
  AffExpr in MOI.LessThan{Float64}        : [2, 2]
  VariableRef in MOI.EqualTo{Float64}     : [2, 2]
  VariableRef in MOI.GreaterThan{Float64} : [5, 7]
  VariableRef in MOI.Integer              : [2, 2]
  VariableRef in MOI.LessThan{Float64}    : [4, 7]
  VariableRef in MOI.ZeroOne              : [4, 4]
numerical stability report
  matrix range     [1e+00, 6e+00]
  objective range  [1e+00, 3e+01]
  bounds range     [1e+00, 1e+02]
  rhs range        [0e+00, 0e+00]
-------------------------------------------------------------------
 iteration    simulation      bound        time (s)     solves  pid
-------------------------------------------------------------------
        10  -8.200000e+01 -6.546793e+01  3.256118e-01       462   1
        20  -4.000000e+01 -6.546793e+01  5.312200e-01       852   1
        30  -5.600000e+01 -6.546793e+01  1.126639e+00      1314   1
        40  -8.200000e+01 -6.546793e+01  1.350051e+00      1704   1
-------------------------------------------------------------------
status         : simulation_stopping
total time (s) : 1.350051e+00
total solves   : 1704
best bound     : -6.546793e+01
simulation ci  : -6.113750e+01 ± 5.124887e+00
numeric issues : 0
-------------------------------------------------------------------

-------------------------------------------------------------------
         SDDP.jl (c) Oscar Dowson and contributors, 2017-25
-------------------------------------------------------------------
problem
  nodes           : 3
  state variables : 2
  scenarios       : 2.70000e+01
  existing cuts   : false
options
  solver          : serial mode
  risk measure    : SDDP.Expectation()
  sampling scheme : SDDP.InSampleMonteCarlo
subproblem structure
  VariableRef                             : [9, 9]
  AffExpr in MOI.EqualTo{Float64}         : [2, 2]
  AffExpr in MOI.LessThan{Float64}        : [2, 2]
  VariableRef in MOI.EqualTo{Float64}     : [2, 2]
  VariableRef in MOI.GreaterThan{Float64} : [2, 3]
  VariableRef in MOI.LessThan{Float64}    : [3, 3]
  VariableRef in MOI.ZeroOne              : [4, 4]
numerical stability report
  matrix range     [1e+00, 1e+00]
  objective range  [1e+00, 6e+00]
  bounds range     [1e+00, 1e+02]
  rhs range        [0e+00, 0e+00]
-------------------------------------------------------------------
 iteration    simulation      bound        time (s)     solves  pid
-------------------------------------------------------------------
         1L  6.000000e+00  1.200000e+01  4.471612e-02        11   1
        18L  1.200000e+01  8.000000e+00  1.050866e+00       279   1
        31L  1.200000e+01  8.000000e+00  2.085936e+00       503   1
        40L  1.200000e+01  8.000000e+00  2.639876e+00       602   1
-------------------------------------------------------------------
status         : simulation_stopping
total time (s) : 2.639876e+00
total solves   : 602
best bound     :  8.000000e+00
simulation ci  :  8.625000e+00 ± 9.459568e-01
numeric issues : 0
-------------------------------------------------------------------

-------------------------------------------------------------------
         SDDP.jl (c) Oscar Dowson and contributors, 2017-25
-------------------------------------------------------------------
problem
  nodes           : 2
  state variables : 3
  scenarios       : 3.00000e+00
  existing cuts   : false
options
  solver          : serial mode
  risk measure    : SDDP.Expectation()
  sampling scheme : SDDP.InSampleMonteCarlo
subproblem structure
  VariableRef                             : [7, 19]
  AffExpr in MOI.EqualTo{Float64}         : [3, 3]
  AffExpr in MOI.GreaterThan{Float64}     : [3, 3]
  AffExpr in MOI.LessThan{Float64}        : [1, 1]
  VariableRef in MOI.GreaterThan{Float64} : [3, 16]
  VariableRef in MOI.LessThan{Float64}    : [1, 2]
numerical stability report
  matrix range     [1e+00, 2e+01]
  objective range  [1e+00, 1e+03]
  bounds range     [6e+03, 5e+05]
  rhs range        [2e+02, 5e+02]
-------------------------------------------------------------------
 iteration    simulation      bound        time (s)     solves  pid
-------------------------------------------------------------------
         1  -9.800000e+04  4.922260e+05  8.824992e-02         6   1
        40   1.093500e+05  1.083900e+05  1.137080e-01       240   1
-------------------------------------------------------------------
status         : iteration_limit
total time (s) : 1.137080e-01
total solves   : 240
best bound     :  1.083900e+05
simulation ci  :  9.131722e+04 ± 1.912609e+04
numeric issues : 0
-------------------------------------------------------------------

