------------------------------------------------------------------------------
          SDDP.jl (c) Oscar Dowson and SDDP.jl contributors, 2017-23

Problem
  Nodes           : 2
  State variables : 1
  Scenarios       : 2.00000e+00
  Existing cuts   : false
  Subproblem structure                      : (min, max)
    Variables                               : (6, 6)
    VariableRef in MOI.EqualTo{Float64}     : (1, 1)
    VariableRef in MOI.LessThan{Float64}    : (1, 2)
    AffExpr in MOI.LessThan{Float64}        : (1, 1)
    AffExpr in MOI.GreaterThan{Float64}     : (1, 1)
    VariableRef in MOI.GreaterThan{Float64} : (4, 4)
Options
  Solver          : serial mode
  Risk measure    : SDDP.Expectation()
  Sampling scheme : SDDP.InSampleMonteCarlo

Numerical stability report
  Non-zero Matrix range     [1e+00, 1e+00]
  Non-zero Objective range  [1e+00, 5e+00]
  Non-zero Bounds range     [8e+00, 8e+00]
  Non-zero RHS range        [6e+00, 6e+00]
No problems detected

 Iteration    Simulation       Bound         Time (s)    Proc. ID   # Solves
        5    0.000000e+00   1.000000e+01   4.620075e-03          1         25
       10    2.000000e+01   1.000000e+01   1.659298e-02          1         50

Terminating training
  Status         : iteration_limit
  Total time (s) : 1.659298e-02
  Total solves   : 50
  Best bound     :  1.000000e+01
  Simulation CI  :  6.000000e+00 ± 5.987899e+00
------------------------------------------------------------------------------
------------------------------------------------------------------------------
          SDDP.jl (c) Oscar Dowson and SDDP.jl contributors, 2017-23

Problem
  Nodes           : 3
  State variables : 2
  Scenarios       : 4.00000e+00
  Existing cuts   : false
  Subproblem structure                      : (min, max)
    Variables                               : (8, 8)
    VariableRef in MOI.LessThan{Float64}    : (1, 1)
    AffExpr in MOI.LessThan{Float64}        : (3, 3)
    VariableRef in MOI.GreaterThan{Float64} : (5, 5)
Options
  Solver          : serial mode
  Risk measure    : SDDP.Expectation()
  Sampling scheme : SDDP.InSampleMonteCarlo

Numerical stability report
  Non-zero Matrix range     [1e+00, 1e+00]
  Non-zero Objective range  [2e-01, 3e+00]
  Non-zero Bounds range     [5e+01, 5e+01]
  Non-zero RHS range        [0e+00, 0e+00]
No problems detected

 Iteration    Simulation       Bound         Time (s)    Proc. ID   # Solves
        5   -5.320000e+00  -2.396000e+01   6.042004e-03          1         40
       10   -2.396000e+01  -2.396000e+01   9.541988e-03          1         80

Terminating training
  Status         : iteration_limit
  Total time (s) : 9.541988e-03
  Total solves   : 80
  Best bound     : -2.396000e+01
  Simulation CI  : -1.770054e+01 ± 8.656740e+00
------------------------------------------------------------------------------
 ────────────────────────────────────────────────────────────────────────────────
                                        Time                    Allocations      
                               ───────────────────────   ────────────────────────
       Tot / % measured:            227ms /   3.7%           27.4MiB /   2.6%    

 Section               ncalls     time    %tot     avg     alloc    %tot      avg
 ────────────────────────────────────────────────────────────────────────────────
 backward_pass             10   4.14ms   49.0%   414μs    434KiB   60.4%  43.4KiB
   solve_subproblem        40   3.23ms   38.3%  80.9μs    189KiB   26.4%  4.74KiB
     get_dual_solution     40    142μs    1.7%  3.56μs   40.0KiB    5.6%  1.00KiB
   prepare_backward...     20   21.3μs    0.3%  1.06μs   2.97KiB    0.4%     152B
 forward_pass              10   2.95ms   34.9%   295μs    228KiB   31.8%  22.8KiB
   solve_subproblem        30   2.70ms   32.0%  90.2μs    177KiB   24.6%  5.90KiB
     get_dual_solution     30   27.9μs    0.3%   930ns   16.4KiB    2.3%     560B
   sample_scenario         10   54.6μs    0.6%  5.46μs   9.19KiB    1.3%     941B
 calculate_bound           10   1.36ms   16.0%   136μs   56.5KiB    7.9%  5.65KiB
   get_dual_solution       10   11.2μs    0.1%  1.12μs   5.47KiB    0.8%     560B
 ────────────────────────────────────────────────────────────────────────────────

------------------------------------------------------------------------------
          SDDP.jl (c) Oscar Dowson and SDDP.jl contributors, 2017-23

Problem
  Nodes           : 3
  State variables : 2
  Scenarios       : 4.00000e+00
  Existing cuts   : false
  Subproblem structure                      : (min, max)
    Variables                               : (8, 8)
    VariableRef in MOI.LessThan{Float64}    : (1, 1)
    AffExpr in MOI.LessThan{Float64}        : (3, 3)
    VariableRef in MOI.GreaterThan{Float64} : (5, 5)
Options
  Solver          : serial mode
  Risk measure    : SDDP.Expectation()
  Sampling scheme : SDDP.InSampleMonteCarlo

Numerical stability report
  Non-zero Matrix range     [1e+00, 1e+00]
  Non-zero Objective range  [2e-01, 3e+00]
  Non-zero Bounds range     [5e+01, 5e+01]
  Non-zero RHS range        [0e+00, 0e+00]
No problems detected

 Iteration    Simulation       Bound         Time (s)    Proc. ID   # Solves
        5   -5.320000e+00  -2.396000e+01   5.738974e-03          1         40
       10   -2.396000e+01  -2.396000e+01   9.250879e-03          1         80

Terminating training
  Status         : iteration_limit
  Total time (s) : 9.250879e-03
  Total solves   : 80
  Best bound     : -2.396000e+01
  Simulation CI  : -1.218854e+01 ± 6.232271e+00
------------------------------------------------------------------------------
 ────────────────────────────────────────────────────────────────────────────────
                                        Time                    Allocations      
                               ───────────────────────   ────────────────────────
       Tot / % measured:           12.3ms /  66.4%           1.29MiB /  54.3%    

 Section               ncalls     time    %tot     avg     alloc    %tot      avg
 ────────────────────────────────────────────────────────────────────────────────
 backward_pass             10   3.95ms   48.4%   395μs    434KiB   60.4%  43.4KiB
   solve_subproblem        40   3.05ms   37.4%  76.3μs    189KiB   26.4%  4.74KiB
     get_dual_solution     40    141μs    1.7%  3.53μs   40.0KiB    5.6%  1.00KiB
   prepare_backward...     20   20.4μs    0.3%  1.02μs   2.97KiB    0.4%     152B
 forward_pass              10   2.83ms   34.7%   283μs    228KiB   31.8%  22.8KiB
   solve_subproblem        30   2.60ms   31.8%  86.5μs    177KiB   24.6%  5.90KiB
     get_dual_solution     30   27.7μs    0.3%   923ns   16.4KiB    2.3%     560B
   sample_scenario         10   50.9μs    0.6%  5.09μs   9.14KiB    1.3%     936B
 calculate_bound           10   1.37ms   16.8%   137μs   56.5KiB    7.9%  5.65KiB
   get_dual_solution       10   11.2μs    0.1%  1.12μs   5.47KiB    0.8%     560B
 ────────────────────────────────────────────────────────────────────────────────

------------------------------------------------------------------------------
          SDDP.jl (c) Oscar Dowson and SDDP.jl contributors, 2017-23

Problem
  Nodes           : 2
  State variables : 1
  Scenarios       : 2.00000e+00
  Existing cuts   : false
  Subproblem structure                      : (min, max)
    Variables                               : (3, 4)
    VariableRef in MOI.LessThan{Float64}    : (2, 2)
    AffExpr in MOI.LessThan{Float64}        : (1, 1)
    VariableRef in MOI.GreaterThan{Float64} : (2, 3)
Options
  Solver          : serial mode
  Risk measure    : SDDP.Expectation()
  Sampling scheme : SDDP.InSampleMonteCarlo

Numerical stability report
  Non-zero Matrix range     [1e+00, 1e+00]
  Non-zero Objective range  [1e+00, 2e+00]
  Non-zero Bounds range     [2e+00, 5e+00]
  Non-zero RHS range        [0e+00, 0e+00]
No problems detected

 Iteration    Simulation       Bound         Time (s)    Proc. ID   # Solves
        1    0.000000e+00  -2.500000e+00   1.471496e-02          1          5
        2   -2.500000e+00  -2.000000e+00   1.539087e-02          1         10
        3   -3.000000e+00  -2.000000e+00   1.585388e-02          1         15

Terminating training
  Status         : iteration_limit
  Total time (s) : 1.585388e-02
  Total solves   : 15
  Best bound     : -2.000000e+00
  Simulation CI  : -1.833333e+00 ± 1.818803e+00
------------------------------------------------------------------------------
------------------------------------------------------------------------------
          SDDP.jl (c) Oscar Dowson and SDDP.jl contributors, 2017-23

Problem
  Nodes           : 3
  State variables : 1
  Scenarios       : Inf
  Existing cuts   : false
  Subproblem structure                      : (min, max)
    Variables                               : (6, 6)
    VariableRef in MOI.LessThan{Float64}    : (1, 1)
    VariableRef in MOI.GreaterThan{Float64} : (5, 5)
    AffExpr in MOI.EqualTo{Float64}         : (2, 2)
Options
  Solver          : serial mode
  Risk measure    : SDDP.Expectation()
  Sampling scheme : SDDP.InSampleMonteCarlo

Numerical stability report
  Non-zero Matrix range     [1e+00, 1e+00]
  Non-zero Objective range  [1e+00, 3e+00]
  Non-zero Bounds range     [5e+00, 2e+01]
  Non-zero RHS range        [2e+00, 1e+01]
No problems detected

 Iteration    Simulation       Bound         Time (s)    Proc. ID   # Solves
        1    1.940000e+02   8.617986e+01   9.489083e-02          1        267
        2    8.850000e+01   1.066277e+02   1.105609e-01          1        402
        3    1.760000e+02   1.299277e+02   1.275361e-01          1        549
        4    3.540083e+02   1.546951e+02   1.611218e-01          1        816
        5    2.685000e+02   1.730631e+02   1.975241e-01          1       1107
        6    3.385817e+02   1.847377e+02   2.467339e-01          1       1470
        7    2.776220e+01   1.879896e+02   2.558401e-01          1       1533
        8    1.321895e+02   1.925415e+02   2.697918e-01          1       1632
        9    2.205322e+02   2.010833e+02   3.010809e-01          1       1851
       10    1.996429e+02   2.046703e+02   3.282509e-01          1       2034
       11    8.023055e+01   2.070885e+02   3.410950e-01          1       2121
       12    6.942059e+01   2.084161e+02   3.507810e-01          1       2184
       13    5.672949e+02   2.187836e+02   4.360650e-01          1       2775
       14    1.742083e+02   2.204837e+02   4.682219e-01          1       2982
       15    8.638027e+02   2.275930e+02   6.091249e-01          1       3873
       16    2.500000e+00   2.277098e+02   6.117699e-01          1       3888
       17    2.893484e+02   2.285684e+02   6.591361e-01          1       4167
       18    3.064593e+02   2.300139e+02   7.093339e-01          1       4458
       19    7.853518e+01   2.302053e+02   7.285879e-01          1       4569
       20    7.974752e+02   2.321294e+02   8.652229e-01          1       5352
       21    2.088776e+02   2.322546e+02   8.928258e-01          1       5511
       22    7.597159e+02   2.337308e+02   1.036667e+00          1       6294
       23    2.371941e+02   2.339254e+02   1.072508e+00          1       6489
       24    2.834876e+01   2.339254e+02   1.074971e+00          1       6504
       25    9.054597e+02   2.349435e+02   1.317811e+00          1       7491
       26    3.066430e+01   2.349839e+02   1.327241e+00          1       7542
       27    6.414651e+02   2.353374e+02   1.462371e+00          1       8265
       28    4.871049e+02   2.354549e+02   1.544904e+00          1       8688
       29    1.047948e+02   2.355252e+02   1.568495e+00          1       8811
       30    1.687157e+02   2.355556e+02   1.607776e+00          1       8994
       31    7.261254e+02   2.357417e+02   1.775061e+00          1       9789
       32    4.492668e+01   2.357959e+02   1.789669e+00          1       9852
       33    1.026583e+02   2.357982e+02   1.814028e+00          1       9963
       34    5.574223e+02   2.359182e+02   1.936833e+00          1      10530
       35    2.729798e+02   2.359679e+02   2.000950e+00          1      10821
       36    3.670739e+02   2.359917e+02   2.105078e+00          1      11268
       37    1.064541e+02   2.360178e+02   2.132552e+00          1      11391
       38    2.668830e+02   2.360337e+02   2.202269e+00          1      11682
       39    2.650000e+01   2.360346e+02   2.214082e+00          1      11733
       40    1.905546e+01   2.360598e+02   2.223415e+00          1      11772
       41    3.435508e+02   2.360827e+02   2.312203e+00          1      12159
       42    1.020289e+02   2.361113e+02   2.333026e+00          1      12246
       43    1.443556e+02   2.361180e+02   2.366890e+00          1      12393
       44    5.542970e+02   2.361749e+02   2.489658e+00          1      12900
       45    2.100219e+02   2.361927e+02   2.549145e+00          1      13131
       46    1.785834e+02   2.362168e+02   2.597539e+00          1      13314
       47    1.013430e+02   2.362230e+02   2.621315e+00          1      13401
       48    7.203920e+01   2.362319e+02   2.647166e+00          1      13500
       49    3.640509e+02   2.362434e+02   2.751302e+00          1      13875
       50    2.757174e+02   2.362652e+02   2.820198e+00          1      14130
       51    3.457205e+02   2.362718e+02   2.922911e+00          1      14493
       52    3.015133e+02   2.363003e+02   3.028077e+00          1      14868
       53    1.157184e+02   2.363062e+02   3.077174e+00          1      15051
       54    8.404997e+01   2.363069e+02   3.101297e+00          1      15138
       55    2.530183e+02   2.363173e+02   3.154777e+00          1      15345
       56    5.651378e+01   2.363207e+02   3.170855e+00          1      15408
       57    8.599815e+01   2.363252e+02   3.201237e+00          1      15519
       58    3.007672e+02   2.363312e+02   3.297075e+00          1      15870
       59    1.914912e+02   2.363317e+02   3.342249e+00          1      16041
       60    3.203913e+01   2.363360e+02   3.356054e+00          1      16092
       61    6.600653e+01   2.363382e+02   3.375784e+00          1      16167
       62    2.461688e+02   2.363422e+02   3.477498e+00          1      16506
       63    1.850595e+01   2.363446e+02   3.481664e+00          1      16521
       64    2.070102e+02   2.363465e+02   3.549432e+00          1      16752
       65    2.005412e+00   2.363480e+02   3.553320e+00          1      16767
       66    1.720059e+02   2.363534e+02   3.613916e+00          1      16986
       67    1.579869e+02   2.363557e+02   3.672982e+00          1      17193
       68    2.460232e+02   2.363641e+02   3.736540e+00          1      17424
       69    2.234751e+02   2.363649e+02   3.787713e+00          1      17583
       70    1.099001e+01   2.363678e+02   3.800498e+00          1      17622
       71    2.329982e+02   2.363699e+02   3.870344e+00          1      17841
       72    3.005747e+02   2.363764e+02   3.954277e+00          1      18120
       73    7.794549e+01   2.363778e+02   3.974398e+00          1      18183
       74    2.720713e+02   2.363821e+02   4.061216e+00          1      18450
       75    1.035026e+02   2.363821e+02   4.076381e+00          1      18501
       76    7.799956e+01   2.363825e+02   4.087912e+00          1      18540
       77    4.301657e+01   2.363834e+02   4.103778e+00          1      18591
       78    5.850102e+01   2.363839e+02   4.122771e+00          1      18654
       79    9.099923e+01   2.363850e+02   4.165399e+00          1      18789
       80    3.451472e+01   2.363875e+02   4.181850e+00          1      18840
       81    7.499980e+01   2.363885e+02   4.209658e+00          1      18927
       82    2.925173e+02   2.363931e+02   4.320508e+00          1      19266
       83    7.548398e+01   2.363935e+02   4.348609e+00          1      19353
       84    2.500000e+01   2.363938e+02   4.356973e+00          1      19380
       85    3.225046e+02   2.363970e+02   4.422204e+00          1      19599
       86    3.505412e+02   2.363999e+02   4.551562e+00          1      20010
       87    4.190096e+02   2.364045e+02   4.677771e+00          1      20409
       88    4.355059e+01   2.364052e+02   4.698049e+00          1      20472
       89    1.530011e+02   2.364072e+02   4.752772e+00          1      20643
       90    2.534959e+02   2.364083e+02   4.834090e+00          1      20886
       91    3.390081e+02   2.364109e+02   4.933929e+00          1      21189
       92    1.552565e+01   2.364110e+02   4.942851e+00          1      21216
       93    1.275182e+02   2.364112e+02   5.004943e+00          1      21399
       94    2.105008e+02   2.364128e+02   5.077047e+00          1      21606
       95    8.435292e+02   2.364143e+02   5.330378e+00          1      22317
       96    4.405284e+02   2.364174e+02   5.491970e+00          1      22752
       97    1.535465e+02   2.364176e+02   5.541896e+00          1      22887
       98    9.850103e+01   2.364177e+02   5.570416e+00          1      22962
       99    1.069949e+02   2.364188e+02   5.615007e+00          1      23085
      100    8.750134e+01   2.364192e+02   5.641679e+00          1      23160

Terminating training
  Status         : iteration_limit
  Total time (s) : 5.641679e+00
  Total solves   : 23160
  Best bound     :  2.364192e+02
  Simulation CI  :  2.247979e+02 ± 4.010270e+01
------------------------------------------------------------------------------
------------------------------------------------------------------------------
          SDDP.jl (c) Oscar Dowson and SDDP.jl contributors, 2017-23

Problem
  Nodes           : 5
  State variables : 3
  Scenarios       : 1.43489e+07
  Existing cuts   : false
  Subproblem structure                      : (min, max)
    Variables                               : (13, 13)
    VariableRef in MOI.LessThan{Float64}    : (6, 7)
    AffExpr in MOI.LessThan{Float64}        : (1, 1)
    VariableRef in MOI.GreaterThan{Float64} : (7, 7)
    AffExpr in MOI.EqualTo{Float64}         : (3, 3)
Options
  Solver          : serial mode
  Risk measure    : SDDP.Expectation()
  Sampling scheme : SDDP.InSampleMonteCarlo

Numerical stability report
  Non-zero Matrix range     [1e+00, 1e+00]
  Non-zero Objective range  [3e-01, 2e+00]
  Non-zero Bounds range     [5e-01, 5e+00]
  Non-zero RHS range        [2e+00, 2e+00]
No problems detected

 Iteration    Simulation       Bound         Time (s)    Proc. ID   # Solves
       10   -4.487696e+00  -4.443335e+00   1.100810e-01          1       1400
       20   -4.842991e+00  -4.388941e+00   2.392249e-01          1       2800
       30   -4.193961e+00  -4.375300e+00   3.789530e-01          1       4200
       40   -4.945658e+00  -4.369811e+00   5.202959e-01          1       5600
       50   -4.805113e+00  -4.366601e+00   6.746209e-01          1       7000
       60   -4.397496e+00  -4.362569e+00   8.284979e-01          1       8400
       70   -4.350929e+00  -4.358615e+00   9.848108e-01          1       9800
       80   -4.819443e+00  -4.354454e+00   1.259897e+00          1      11200
       90   -4.519670e+00  -4.352503e+00   1.424106e+00          1      12600
      100   -3.893235e+00  -4.351248e+00   1.595077e+00          1      14000

Terminating training
  Status         : iteration_limit
  Total time (s) : 1.595077e+00
  Total solves   : 14000
  Best bound     : -4.351248e+00
  Simulation CI  : -4.352150e+00 ± 8.487769e-02
------------------------------------------------------------------------------
------------------------------------------------------------------------------
          SDDP.jl (c) Oscar Dowson and SDDP.jl contributors, 2017-23

Problem
  Nodes           : 5
  State variables : 1
  Scenarios       : 1.00000e+05
  Existing cuts   : false
  Subproblem structure                      : (min, max)
    Variables                               : (5, 5)
    VariableRef in MOI.LessThan{Float64}    : (2, 3)
    VariableRef in MOI.GreaterThan{Float64} : (3, 3)
    AffExpr in MOI.EqualTo{Float64}         : (1, 1)
Options
  Solver          : serial mode
  Risk measure    : SDDP.Expectation()
  Sampling scheme : SDDP.InSampleMonteCarlo

Numerical stability report
  Non-zero Matrix range     [1e+00, 1e+00]
  Non-zero Objective range  [3e-01, 2e+00]
  Non-zero Bounds range     [5e-01, 2e+00]
  Non-zero RHS range        [0e+00, 0e+00]
No problems detected

 Iteration    Simulation       Bound         Time (s)    Proc. ID   # Solves
       10   -1.472998e+00  -1.473983e+00   3.724003e-02          1        550
       20   -1.312622e+00  -1.472269e+00   7.758999e-02          1       1100
       30   -1.238687e+00  -1.471686e+00   1.218660e-01          1       1650
       40   -1.648086e+00  -1.471257e+00   1.654930e-01          1       2200
       50   -1.329903e+00  -1.471136e+00   2.117300e-01          1       2750

Terminating training
  Status         : iteration_limit
  Total time (s) : 2.117300e-01
  Total solves   : 2750
  Best bound     : -1.471136e+00
  Simulation CI  : -1.455143e+00 ± 5.523791e-02
------------------------------------------------------------------------------
------------------------------------------------------------------------------
          SDDP.jl (c) Oscar Dowson and SDDP.jl contributors, 2017-23

Problem
  Nodes           : 2
  State variables : 4
  Scenarios       : 2.00000e+00
  Existing cuts   : false
  Subproblem structure                      : (min, max)
    Variables                               : (29, 29)
    VariableRef in MOI.LessThan{Float64}    : (1, 1)
    AffExpr in MOI.LessThan{Float64}        : (4, 4)
    VariableRef in MOI.GreaterThan{Float64} : (22, 22)
    AffExpr in MOI.EqualTo{Float64}         : (4, 5)
    AffExpr in MOI.GreaterThan{Float64}     : (3, 3)
Options
  Solver          : serial mode
  Risk measure    : SDDP.Expectation()
  Sampling scheme : SDDP.InSampleMonteCarlo

Numerical stability report
  Non-zero Matrix range     [1e+00, 1e+00]
  Non-zero Objective range  [1e+00, 1e+06]
  Non-zero Bounds range     [0e+00, 0e+00]
  Non-zero RHS range        [0e+00, 0e+00]
No problems detected

 Iteration    Simulation       Bound         Time (s)    Proc. ID   # Solves
       10    3.455904e+05   3.147347e+05   6.511927e-03          1         50
       20    3.336455e+05   3.402383e+05   1.321077e-02          1        100
       30    3.337559e+05   3.403155e+05   2.067399e-02          1        150
       40    3.337559e+05   3.403155e+05   2.826381e-02          1        200
       50    3.337559e+05   3.403155e+05   3.648996e-02          1        250

Terminating training
  Status         : iteration_limit
  Total time (s) : 3.648996e-02
  Total solves   : 250
  Best bound     :  3.403155e+05
  Simulation CI  :  1.246633e+08 ± 1.715174e+08
------------------------------------------------------------------------------
------------------------------------------------------------------------------
          SDDP.jl (c) Oscar Dowson and SDDP.jl contributors, 2017-23

Problem
  Nodes           : 3
  State variables : 4
  Scenarios       : 4.00000e+00
  Existing cuts   : false
  Subproblem structure                      : (min, max)
    Variables                               : (29, 29)
    VariableRef in MOI.EqualTo{Float64}     : (3, 3)
    VariableRef in MOI.LessThan{Float64}    : (1, 1)
    AffExpr in MOI.LessThan{Float64}        : (4, 4)
    AffExpr in MOI.GreaterThan{Float64}     : (3, 3)
    AffExpr in MOI.EqualTo{Float64}         : (4, 5)
    VariableRef in MOI.GreaterThan{Float64} : (22, 22)
Options
  Solver          : serial mode
  Risk measure    : SDDP.Expectation()
  Sampling scheme : SDDP.InSampleMonteCarlo

Numerical stability report
  Non-zero Matrix range     [1e+00, 1e+00]
  Non-zero Objective range  [1e+00, 1e+05]
  Non-zero Bounds range     [0e+00, 0e+00]
  Non-zero RHS range        [0e+00, 0e+00]
No problems detected

 Iteration    Simulation       Bound         Time (s)    Proc. ID   # Solves
       10    5.099074e+05   3.509666e+05   1.369500e-02          1         80
       20    4.055335e+05   4.054833e+05   2.611184e-02          1        160
       30    4.497721e+05   4.067125e+05   4.102087e-02          1        240

Terminating training
  Status         : iteration_limit
  Total time (s) : 4.102087e-02
  Total solves   : 240
  Best bound     :  4.067125e+05
  Simulation CI  :  4.200274e+07 ± 5.673929e+07
------------------------------------------------------------------------------
------------------------------------------------------------------------------
          SDDP.jl (c) Oscar Dowson and SDDP.jl contributors, 2017-23

Problem
  Nodes           : 10
  State variables : 4
  Scenarios       : 2.70000e+01
  Existing cuts   : false
  Subproblem structure                      : (min, max)
    Variables                               : (24, 24)
    VariableRef in MOI.LessThan{Float64}    : (1, 2)
    AffExpr in MOI.LessThan{Float64}        : (1, 6)
    AffExpr in MOI.GreaterThan{Float64}     : (1, 1)
    AffExpr in MOI.EqualTo{Float64}         : (3, 3)
    VariableRef in MOI.GreaterThan{Float64} : (20, 20)
Options
  Solver          : serial mode
  Risk measure    : SDDP.Expectation()
  Sampling scheme : SDDP.InSampleMonteCarlo

Numerical stability report
  Non-zero Matrix range     [1e+00, 8e+01]
  Non-zero Objective range  [1e+00, 1e+03]
  Non-zero Bounds range     [6e+01, 6e+01]
  Non-zero RHS range        [2e+02, 3e+03]
No problems detected

 Iteration    Simulation       Bound         Time (s)    Proc. ID   # Solves
       10    2.308500e+03   4.074139e+03   3.273106e-02          1        140
       20    4.716000e+03   4.074139e+03   6.645799e-02          1        280
       30    2.308500e+03   4.074139e+03   1.056769e-01          1        420
       40    4.716000e+03   4.074139e+03   1.940179e-01          1        560
       50    2.308500e+03   4.074139e+03   2.455349e-01          1        700

Terminating training
  Status         : iteration_limit
  Total time (s) : 2.455349e-01
  Total solves   : 700
  Best bound     :  4.074139e+03
  Simulation CI  :  4.347151e+03 ± 5.688893e+02
------------------------------------------------------------------------------
------------------------------------------------------------------------------
          SDDP.jl (c) Oscar Dowson and SDDP.jl contributors, 2017-23

Problem
  Nodes           : 3
  State variables : 1
  Scenarios       : 4.00000e+00
  Existing cuts   : false
  Subproblem structure                      : (min, max)
    Variables                               : (6, 6)
    VariableRef in MOI.LessThan{Float64}    : (2, 3)
    VariableRef in MOI.GreaterThan{Float64} : (4, 4)
    AffExpr in MOI.EqualTo{Float64}         : (1, 1)
    VariableRef in MOI.Integer              : (3, 3)
Options
  Solver          : serial mode
  Risk measure    : SDDP.Expectation()
  Sampling scheme : SDDP.InSampleMonteCarlo

Numerical stability report
  Non-zero Matrix range     [1e+00, 1e+00]
  Non-zero Objective range  [1e+00, 3e+02]
  Non-zero Bounds range     [1e+02, 2e+02]
  Non-zero RHS range        [0e+00, 0e+00]
No problems detected

 Iteration    Simulation       Bound         Time (s)    Proc. ID   # Solves
       10L   5.500000e+04   6.250000e+04   4.939551e-01          1         80
       20L   9.500000e+04   6.250000e+04   5.550611e-01          1        160

Terminating training
  Status         : iteration_limit
  Total time (s) : 5.550611e-01
  Total solves   : 160
  Best bound     :  6.250000e+04
  Simulation CI  :  6.557500e+04 ± 9.305594e+03
------------------------------------------------------------------------------
------------------------------------------------------------------------------
          SDDP.jl (c) Oscar Dowson and SDDP.jl contributors, 2017-23

Problem
  Nodes           : 3
  State variables : 1
  Scenarios       : 4.00000e+00
  Existing cuts   : false
  Subproblem structure                      : (min, max)
    Variables                               : (6, 6)
    VariableRef in MOI.LessThan{Float64}    : (2, 3)
    VariableRef in MOI.GreaterThan{Float64} : (4, 4)
    AffExpr in MOI.EqualTo{Float64}         : (1, 1)
    VariableRef in MOI.Integer              : (3, 3)
Options
  Solver          : serial mode
  Risk measure    : SDDP.Expectation()
  Sampling scheme : SDDP.InSampleMonteCarlo

Numerical stability report
  Non-zero Matrix range     [1e+00, 1e+00]
  Non-zero Objective range  [1e+00, 3e+02]
  Non-zero Bounds range     [1e+02, 2e+02]
  Non-zero RHS range        [0e+00, 0e+00]
No problems detected

 Iteration    Simulation       Bound         Time (s)    Proc. ID   # Solves
       10    6.000000e+04   6.250000e+04   2.546906e-02          1         80
       20    6.000000e+04   6.250000e+04   5.238819e-02          1        160

Terminating training
  Status         : iteration_limit
  Total time (s) : 5.238819e-02
  Total solves   : 160
  Best bound     :  6.250000e+04
  Simulation CI  :  6.675000e+04 ± 1.095154e+04
------------------------------------------------------------------------------
------------------------------------------------------------------------------
          SDDP.jl (c) Oscar Dowson and SDDP.jl contributors, 2017-23

Problem
  Nodes           : 3
  State variables : 2
  Scenarios       : 1.00000e+00
  Existing cuts   : false
  Subproblem structure                      : (min, max)
    Variables                               : (6, 6)
    VariableRef in MOI.LessThan{Float64}    : (3, 3)
    VariableRef in MOI.ZeroOne              : (3, 3)
    VariableRef in MOI.GreaterThan{Float64} : (2, 3)
    AffExpr in MOI.EqualTo{Float64}         : (2, 2)
Options
  Solver          : serial mode
  Risk measure    : SDDP.Expectation()
  Sampling scheme : SDDP.InSampleMonteCarlo

Numerical stability report
  Non-zero Matrix range     [1e+00, 1e+00]
  Non-zero Objective range  [1e+00, 6e+00]
  Non-zero Bounds range     [1e+00, 1e+02]
  Non-zero RHS range        [0e+00, 0e+00]
No problems detected

 Iteration    Simulation       Bound         Time (s)    Proc. ID   # Solves
        5L   9.000000e+00   9.000000e+00   6.640577e-02          1         30
       10L   9.000000e+00   9.000000e+00   7.874584e-02          1         60

Terminating training
  Status         : iteration_limit
  Total time (s) : 7.874584e-02
  Total solves   : 60
  Best bound     :  9.000000e+00
  Simulation CI  :  8.700000e+00 ± 5.880000e-01
------------------------------------------------------------------------------
------------------------------------------------------------------------------
          SDDP.jl (c) Oscar Dowson and SDDP.jl contributors, 2017-23

Problem
  Nodes           : 7
  State variables : 2
  Scenarios       : 8.00000e+00
  Existing cuts   : false
  Subproblem structure                      : (min, max)
    Variables                               : (5, 7)
    VariableRef in MOI.LessThan{Float64}    : (1, 1)
    VariableRef in MOI.GreaterThan{Float64} : (3, 5)
    AffExpr in MOI.EqualTo{Float64}         : (1, 1)
Options
  Solver          : serial mode
  Risk measure    : SDDP.Expectation()
  Sampling scheme : SDDP.InSampleMonteCarlo

Numerical stability report
  Non-zero Matrix range     [1e+00, 1e+00]
  Non-zero Objective range  [1e+00, 4e+00]
  Non-zero Bounds range     [1e+03, 1e+03]
  Non-zero RHS range        [6e+01, 8e+01]
No problems detected

 Iteration    Simulation       Bound         Time (s)    Proc. ID   # Solves
        5    2.747392e+01  -1.170596e+00   9.867907e-03          1         55
       10   -8.924811e+00   1.508277e+00   1.725101e-02          1        110
       15   -1.428571e+00   1.514085e+00   2.552390e-02          1        165
       20    4.864000e+01   1.514085e+00   3.406692e-02          1        220
       25   -2.479988e+01   1.514085e+00   4.418898e-02          1        275

Terminating training
  Status         : iteration_limit
  Total time (s) : 4.418898e-02
  Total solves   : 275
  Best bound     :  1.514085e+00
  Simulation CI  : -3.247455e+00 ± 7.939847e+00
------------------------------------------------------------------------------
------------------------------------------------------------------------------
          SDDP.jl (c) Oscar Dowson and SDDP.jl contributors, 2017-23

Problem
  Nodes           : 7
  State variables : 2
  Scenarios       : 3.20000e+01
  Existing cuts   : false
  Subproblem structure                      : (min, max)
    Variables                               : (5, 7)
    VariableRef in MOI.LessThan{Float64}    : (1, 1)
    VariableRef in MOI.GreaterThan{Float64} : (2, 5)
    AffExpr in MOI.EqualTo{Float64}         : (1, 1)
Options
  Solver          : serial mode
  Risk measure    : #4
  Sampling scheme : SDDP.InSampleMonteCarlo

Numerical stability report
  Non-zero Matrix range     [1e+00, 1e+00]
  Non-zero Objective range  [2e-02, 4e+00]
  Non-zero Bounds range     [1e+03, 1e+03]
  Non-zero RHS range        [6e+01, 8e+01]
No problems detected

 Iteration    Simulation       Bound         Time (s)    Proc. ID   # Solves
       10    8.498500e+00   1.290147e+00   6.203890e-02          1        150
       20    5.360281e+00   1.278609e+00   8.528495e-02          1        300
       30    6.666667e-03   1.278410e+00   1.100659e-01          1        450
       40    1.786499e+01   1.278410e+00   1.373580e-01          1        600
       50    2.115547e+01   1.278410e+00   1.651690e-01          1        750
       60    7.320288e+00   1.278410e+00   1.944110e-01          1        900
       70   -2.315795e+01   1.278410e+00   2.264071e-01          1       1050
       80    4.123990e-11   1.278410e+00   2.597289e-01          1       1200
       90   -3.575118e+00   1.278410e+00   2.954419e-01          1       1350
      100   -5.614035e+00   1.278410e+00   3.342841e-01          1       1500

Terminating training
  Status         : iteration_limit
  Total time (s) : 3.342841e-01
  Total solves   : 1500
  Best bound     :  1.278410e+00
  Simulation CI  :  2.118168e+00 ± 4.028153e+00
------------------------------------------------------------------------------
------------------------------------------------------------------------------
          SDDP.jl (c) Oscar Dowson and SDDP.jl contributors, 2017-23

Problem
  Nodes           : 7
  State variables : 2
  Scenarios       : 3.20000e+01
  Existing cuts   : false
  Subproblem structure                      : (min, max)
    Variables                               : (5, 7)
    VariableRef in MOI.LessThan{Float64}    : (1, 1)
    VariableRef in MOI.GreaterThan{Float64} : (2, 5)
    AffExpr in MOI.EqualTo{Float64}         : (1, 1)
Options
  Solver          : serial mode
  Risk measure    : #4
  Sampling scheme : SDDP.InSampleMonteCarlo

Numerical stability report
  Non-zero Matrix range     [1e+00, 1e+00]
  Non-zero Objective range  [2e-02, 4e+00]
  Non-zero Bounds range     [1e+03, 1e+03]
  Non-zero RHS range        [6e+01, 8e+01]
No problems detected

 Iteration    Simulation       Bound         Time (s)    Proc. ID   # Solves
       10   -2.454000e+00   1.278727e+00   2.346897e-02          1        150
       20    2.115547e+01   1.278410e+00   4.714203e-02          1        300
       30    8.859026e+00   1.278410e+00   7.241511e-02          1        450
       40    6.740000e+00   1.278410e+00   9.922910e-02          1        600
       50    3.014193e+01   1.278410e+00   1.282160e-01          1        750
       60    1.426676e+01   1.278410e+00   1.593001e-01          1        900
       70    2.019026e+00   1.278410e+00   1.926470e-01          1       1050
       80    6.740000e+00   1.278410e+00   2.282860e-01          1       1200
       90   -5.614035e+00   1.278410e+00   2.660201e-01          1       1350
      100    3.014193e+01   1.278410e+00   3.062329e-01          1       1500

Terminating training
  Status         : iteration_limit
  Total time (s) : 3.062329e-01
  Total solves   : 1500
  Best bound     :  1.278410e+00
  Simulation CI  :  2.417962e+00 ± 3.617376e+00
------------------------------------------------------------------------------
------------------------------------------------------------------------------
          SDDP.jl (c) Oscar Dowson and SDDP.jl contributors, 2017-23

Problem
  Nodes           : 4
  State variables : 1
  Scenarios       : Inf
  Existing cuts   : false
  Subproblem structure                      : (min, max)
    Variables                               : (7, 7)
    VariableRef in MOI.EqualTo{Float64}     : (1, 1)
    VariableRef in MOI.LessThan{Float64}    : (3, 3)
    AffExpr in MOI.GreaterThan{Float64}     : (2, 2)
    AffExpr in MOI.EqualTo{Float64}         : (1, 1)
    VariableRef in MOI.GreaterThan{Float64} : (5, 5)
Options
  Solver          : serial mode
  Risk measure    : SDDP.Expectation()
  Sampling scheme : SDDP.InSampleMonteCarlo

Numerical stability report
  Non-zero Matrix range     [1e+00, 1e+00]
  Non-zero Objective range  [1e+00, 2e+00]
  Non-zero Bounds range     [2e+00, 1e+02]
  Non-zero RHS range        [0e+00, 0e+00]
No problems detected

 Iteration    Simulation       Bound         Time (s)    Proc. ID   # Solves
       10    4.787277e+00   9.346930e+00   1.925600e-01          1        900
       20    6.374753e+00   1.361934e+01   3.971820e-01          1       1720
       30    2.813321e+01   1.651297e+01   8.020878e-01          1       3036
       40    1.654759e+01   1.632970e+01   1.235394e+00          1       4192
       50    3.570941e+00   1.846889e+01   1.571749e+00          1       5020
       60    1.087425e+01   1.890254e+01   1.988171e+00          1       5808
       70    9.381610e+00   1.940320e+01   2.375469e+00          1       6540
       80    5.648731e+01   1.962435e+01   2.665044e+00          1       7088
       90    3.879273e+01   1.981008e+01   3.356170e+00          1       8180
      100    7.870187e+00   1.997117e+01   3.655151e+00          1       8664

Terminating training
  Status         : iteration_limit
  Total time (s) : 3.655151e+00
  Total solves   : 8664
  Best bound     :  1.997117e+01
  Simulation CI  :  2.275399e+01 ± 4.541987e+00
------------------------------------------------------------------------------
------------------------------------------------------------------------------
          SDDP.jl (c) Oscar Dowson and SDDP.jl contributors, 2017-23

Problem
  Nodes           : 5
  State variables : 2
  Scenarios       : 3.20000e+01
  Existing cuts   : false
  Subproblem structure                      : (min, max)
    Variables                               : (10, 10)
    VariableRef in MOI.LessThan{Float64}    : (6, 6)
    VariableRef in MOI.ZeroOne              : (5, 5)
    AffExpr in MOI.LessThan{Float64}        : (6, 6)
    AffExpr in MOI.GreaterThan{Float64}     : (2, 2)
    AffExpr in MOI.EqualTo{Float64}         : (2, 2)
    VariableRef in MOI.GreaterThan{Float64} : (5, 6)
Options
  Solver          : serial mode
  Risk measure    : SDDP.Expectation()
  Sampling scheme : SDDP.InSampleMonteCarlo

Numerical stability report
  Non-zero Matrix range     [1e+00, 1e+00]
  Non-zero Objective range  [1e+00, 6e+00]
  Non-zero Bounds range     [1e+00, 1e+01]
  Non-zero RHS range        [1e+00, 1e+00]
No problems detected

 Iteration    Simulation       Bound         Time (s)    Proc. ID   # Solves
        5    8.000000e+00   9.002950e+00   2.784801e-02          1         75
       10    4.000000e+00   9.002950e+00   5.545712e-02          1        150

Terminating training
  Status         : iteration_limit
  Total time (s) : 5.545712e-02
  Total solves   : 150
  Best bound     :  9.002950e+00
  Simulation CI  :  6.800000e+00 ± 1.955640e+00
------------------------------------------------------------------------------
------------------------------------------------------------------------------
          SDDP.jl (c) Oscar Dowson and SDDP.jl contributors, 2017-23

Problem
  Nodes           : 3
  State variables : 4
  Scenarios       : 2.16000e+02
  Existing cuts   : false
  Subproblem structure                      : (min, max)
    Variables                               : (18, 18)
    VariableRef in MOI.LessThan{Float64}    : (10, 10)
    VariableRef in MOI.ZeroOne              : (9, 9)
    AffExpr in MOI.LessThan{Float64}        : (12, 12)
    AffExpr in MOI.GreaterThan{Float64}     : (4, 4)
    AffExpr in MOI.EqualTo{Float64}         : (4, 4)
    VariableRef in MOI.GreaterThan{Float64} : (9, 10)
Options
  Solver          : serial mode
  Risk measure    : SDDP.Expectation()
  Sampling scheme : SDDP.InSampleMonteCarlo

Numerical stability report
  Non-zero Matrix range     [1e+00, 1e+00]
  Non-zero Objective range  [1e+00, 4e+00]
  Non-zero Bounds range     [1e+00, 2e+01]
  Non-zero RHS range        [1e+00, 1e+00]
No problems detected

 Iteration    Simulation       Bound         Time (s)    Proc. ID   # Solves
       10    5.000000e+00   7.233527e+00   5.688000e-02          1        210
       20    4.000000e+00   6.823805e+00   1.239800e-01          1        420
       30    7.000000e+00   6.823805e+00   1.936769e-01          1        630
       40    6.000000e+00   6.823805e+00   2.644010e-01          1        840
       50    4.000000e+00   6.823805e+00   3.802280e-01          1       1050

Terminating training
  Status         : iteration_limit
  Total time (s) : 3.802280e-01
  Total solves   : 1050
  Best bound     :  6.823805e+00
  Simulation CI  :  6.260000e+00 ± 6.831311e-01
------------------------------------------------------------------------------
------------------------------------------------------------------------------
          SDDP.jl (c) Oscar Dowson and SDDP.jl contributors, 2017-23

Problem
  Nodes           : 5
  State variables : 5
  Scenarios       : 3.27680e+04
  Existing cuts   : false
  Subproblem structure                      : (min, max)
    Variables                               : (14, 14)
    VariableRef in MOI.LessThan{Float64}    : (5, 6)
    AffExpr in MOI.LessThan{Float64}        : (4, 4)
    AffExpr in MOI.GreaterThan{Float64}     : (7, 7)
    VariableRef in MOI.GreaterThan{Float64} : (8, 8)
    VariableRef in MOI.Integer              : (5, 5)
Options
  Solver          : serial mode
  Risk measure    : SDDP.Expectation()
  Sampling scheme : SDDP.InSampleMonteCarlo

Numerical stability report
  Non-zero Matrix range     [1e+00, 1e+00]
  Non-zero Objective range  [1e+00, 5e+05]
  Non-zero Bounds range     [1e+00, 1e+00]
  Non-zero RHS range        [0e+00, 0e+00]
No problems detected

 Iteration    Simulation       Bound         Time (s)    Proc. ID   # Solves
       10    1.299460e+06   2.074407e+06   3.225350e-01          1        420
       20    5.494569e+05   2.078257e+06   6.449771e-01          1        840
       30    3.799664e+06   2.078257e+06   9.656630e-01          1       1260
       40    3.003323e+04   2.078257e+06   1.291656e+00          1       1680
       50    1.299670e+06   2.078257e+06   1.623750e+00          1       2100

Terminating training
  Status         : iteration_limit
  Total time (s) : 1.623750e+00
  Total solves   : 2100
  Best bound     :  2.078257e+06
  Simulation CI  :  1.637329e+06 ± 4.278137e+05
------------------------------------------------------------------------------
------------------------------------------------------------------------------
          SDDP.jl (c) Oscar Dowson and SDDP.jl contributors, 2017-23

Problem
  Nodes           : 5
  State variables : 5
  Scenarios       : 3.27680e+04
  Existing cuts   : false
  Subproblem structure                      : (min, max)
    Variables                               : (14, 14)
    VariableRef in MOI.LessThan{Float64}    : (5, 6)
    AffExpr in MOI.LessThan{Float64}        : (4, 4)
    AffExpr in MOI.GreaterThan{Float64}     : (7, 7)
    VariableRef in MOI.GreaterThan{Float64} : (8, 8)
    VariableRef in MOI.Integer              : (5, 5)
Options
  Solver          : serial mode
  Risk measure    : SDDP.Expectation()
  Sampling scheme : SDDP.InSampleMonteCarlo

Numerical stability report
  Non-zero Matrix range     [1e+00, 1e+00]
  Non-zero Objective range  [1e+00, 5e+05]
  Non-zero Bounds range     [1e+00, 1e+00]
  Non-zero RHS range        [0e+00, 0e+00]
No problems detected

 Iteration    Simulation       Bound         Time (s)    Proc. ID   # Solves
       10L   6.049668e+06   2.079056e+06   9.531000e-01          1        420
       20L   3.964699e+04   2.079373e+06   2.084185e+00          1        840
       30L   2.299861e+06   2.079457e+06   3.362212e+00          1       1260
       40L   2.549666e+06   2.079457e+06   4.698038e+00          1       1680
       50L   3.799867e+06   2.079457e+06   5.960328e+00          1       2100

Terminating training
  Status         : iteration_limit
  Total time (s) : 5.960328e+00
  Total solves   : 2100
  Best bound     :  2.079457e+06
  Simulation CI  :  2.279134e+06 ± 5.020451e+05
------------------------------------------------------------------------------
------------------------------------------------------------------------------
          SDDP.jl (c) Oscar Dowson and SDDP.jl contributors, 2017-23

Problem
  Nodes           : 1
  State variables : 1
  Scenarios       : Inf
  Existing cuts   : false
  Subproblem structure                      : (min, max)
    Variables                               : (8, 8)
    VariableRef in MOI.LessThan{Float64}    : (1, 1)
    VariableRef in MOI.GreaterThan{Float64} : (5, 5)
    AffExpr in MOI.EqualTo{Float64}         : (2, 2)
Options
  Solver          : serial mode
  Risk measure    : SDDP.Expectation()
  Sampling scheme : SDDP.InSampleMonteCarlo

Numerical stability report
  Non-zero Matrix range     [1e+00, 1e+00]
  Non-zero Objective range  [1e+00, 1e+01]
  Non-zero Bounds range     [5e+00, 2e+01]
  Non-zero RHS range        [0e+00, 0e+00]
No problems detected

 Iteration    Simulation       Bound         Time (s)    Proc. ID   # Solves
      100    0.000000e+00   1.189320e+02   1.313522e-01          1       1052
      200    1.000000e+01   1.191650e+02   2.701781e-01          1       2080
      300    2.500000e+01   1.191667e+02   4.231930e-01          1       3132
      400    2.500000e+00   1.191667e+02   5.897150e-01          1       4208

Terminating training
  Status         : iteration_limit
  Total time (s) : 5.897150e-01
  Total solves   : 4208
  Best bound     :  1.191667e+02
  Simulation CI  :  1.993750e+01 ± 2.876680e+00
------------------------------------------------------------------------------
------------------------------------------------------------------------------
          SDDP.jl (c) Oscar Dowson and SDDP.jl contributors, 2017-23

Problem
  Nodes           : 1
  State variables : 1
  Scenarios       : Inf
  Existing cuts   : false
  Subproblem structure                      : (min, max)
    Variables                               : (8, 8)
    VariableRef in MOI.LessThan{Float64}    : (1, 1)
    VariableRef in MOI.GreaterThan{Float64} : (5, 5)
    AffExpr in MOI.EqualTo{Float64}         : (2, 2)
Options
  Solver          : serial mode
  Risk measure    : SDDP.Expectation()
  Sampling scheme : SDDP.InSampleMonteCarlo

Numerical stability report
  Non-zero Matrix range     [1e+00, 1e+00]
  Non-zero Objective range  [1e+00, 1e+01]
  Non-zero Bounds range     [5e+00, 2e+01]
  Non-zero RHS range        [0e+00, 0e+00]
No problems detected

 Iteration    Simulation       Bound         Time (s)    Proc. ID   # Solves
      100    0.000000e+00   1.190436e+02   1.370440e-01          1       1088
      200    2.500000e+01   1.191661e+02   3.317111e-01          1       2160
      300    7.500000e+00   1.191667e+02   4.844861e-01          1       3232
      400    2.500000e+01   1.191667e+02   6.481490e-01          1       4292

Terminating training
  Status         : iteration_limit
  Total time (s) : 6.481490e-01
  Total solves   : 4292
  Best bound     :  1.191667e+02
  Simulation CI  :  2.318125e+01 ± 3.235710e+00
------------------------------------------------------------------------------
------------------------------------------------------------------------------
          SDDP.jl (c) Oscar Dowson and SDDP.jl contributors, 2017-23

Problem
  Nodes           : 1
  State variables : 1
  Scenarios       : Inf
  Existing cuts   : false
  Subproblem structure                      : (min, max)
    Variables                               : (3, 3)
    VariableRef in MOI.GreaterThan{Float64} : (1, 1)
    AffExpr in MOI.EqualTo{Float64}         : (1, 1)
Options
  Solver          : serial mode
  Risk measure    : SDDP.Expectation()
  Sampling scheme : SDDP.InSampleMonteCarlo

Numerical stability report
  Non-zero Matrix range     [1e+00, 1e+00]
  Non-zero Objective range  [1e+00, 1e+00]
  Non-zero Bounds range     [0e+00, 0e+00]
  Non-zero RHS range        [0e+00, 0e+00]
No problems detected

 Iteration    Simulation       Bound         Time (s)    Proc. ID   # Solves
       10    1.400000e+01   1.999401e+01   1.494789e-02          1        162
       20    3.800000e+01   2.000000e+01   3.907990e-02          1        420
       30    2.800000e+01   2.000000e+01   6.074405e-02          1        628
       40    2.000000e+00   2.000000e+01   8.367896e-02          1        778
       50    2.000000e+00   2.000000e+01   2.428410e-01          1       1052
       60    2.000000e+00   2.000000e+01   4.763510e-01          1       1208
       70    1.000000e+01   2.000000e+01   7.111919e-01          1       1336
       80    6.000000e+00   2.000000e+01   1.280383e+00          1       1558
       90    4.000000e+01   2.000000e+01   2.053485e+00          1       1774
      100    1.200000e+01   2.000000e+01   3.098388e+00          1       1986

Terminating training
  Status         : iteration_limit
  Total time (s) : 3.098388e+00
  Total solves   : 1986
  Best bound     :  2.000000e+01
  Simulation CI  :  1.886000e+01 ± 3.436515e+00
------------------------------------------------------------------------------
------------------------------------------------------------------------------
          SDDP.jl (c) Oscar Dowson and SDDP.jl contributors, 2017-23

Problem
  Nodes           : 1
  State variables : 1
  Scenarios       : Inf
  Existing cuts   : false
  Subproblem structure                      : (min, max)
    Variables                               : (3, 3)
    VariableRef in MOI.GreaterThan{Float64} : (1, 1)
    AffExpr in MOI.EqualTo{Float64}         : (1, 1)
Options
  Solver          : serial mode
  Risk measure    : SDDP.Expectation()
  Sampling scheme : SDDP.InSampleMonteCarlo

Numerical stability report
  Non-zero Matrix range     [1e+00, 1e+00]
  Non-zero Objective range  [1e+00, 1e+00]
  Non-zero Bounds range     [0e+00, 0e+00]
  Non-zero RHS range        [0e+00, 0e+00]
No problems detected

 Iteration    Simulation       Bound         Time (s)    Proc. ID   # Solves
       10    1.000000e+00   1.999756e+00   4.358053e-03          1         34
       20    1.000000e+00   2.000000e+00   9.249926e-03          1         86

Terminating training
  Status         : iteration_limit
  Total time (s) : 9.249926e-03
  Total solves   : 86
  Best bound     :  2.000000e+00
  Simulation CI  :  1.650000e+00 ± 4.981843e-01
------------------------------------------------------------------------------
------------------------------------------------------------------------------
          SDDP.jl (c) Oscar Dowson and SDDP.jl contributors, 2017-23

Problem
  Nodes           : 3
  State variables : 1
  Scenarios       : 8.51840e+04
  Existing cuts   : false
  Subproblem structure                      : (min, max)
    Variables                               : (6, 6)
    VariableRef in MOI.LessThan{Float64}    : (3, 3)
    AffExpr in MOI.LessThan{Float64}        : (2, 2)
    VariableRef in MOI.GreaterThan{Float64} : (3, 4)
    AffExpr in MOI.EqualTo{Float64}         : (1, 3)
Options
  Solver          : serial mode
  Risk measure    : SDDP.Expectation()
  Sampling scheme : SDDP.InSampleMonteCarlo

Numerical stability report
  Non-zero Matrix range     [8e-01, 2e+00]
  Non-zero Objective range  [1e+00, 2e+00]
  Non-zero Bounds range     [1e+00, 1e+02]
  Non-zero RHS range        [5e+01, 5e+01]
No problems detected

 Iteration    Simulation       Bound         Time (s)    Proc. ID   # Solves
       10    4.125000e+00   4.457783e+00   8.753610e-02          1       1350
       20    3.637500e+00   4.447309e+00   2.115099e-01          1       2700
       30    2.700000e+00   4.095250e+00   3.103499e-01          1       4050
       40    3.225000e+00   4.092170e+00   4.129069e-01          1       5400
       50    3.600000e+00   4.091137e+00   5.198760e-01          1       6750
       60    4.175000e+00   4.090079e+00   6.376641e-01          1       8100
       70    3.575000e+00   4.089504e+00   7.607529e-01          1       9450
       80    6.000000e+00   4.088991e+00   8.836551e-01          1      10800
       90    4.125000e+00   4.088246e+00   1.005219e+00          1      12150
      100    3.275000e+00   4.088004e+00   1.130744e+00          1      13500

Terminating training
  Status         : iteration_limit
  Total time (s) : 1.130744e+00
  Total solves   : 13500
  Best bound     :  4.088004e+00
  Simulation CI  :  4.092688e+00 ± 1.351972e-01
------------------------------------------------------------------------------
------------------------------------------------------------------------------
          SDDP.jl (c) Oscar Dowson and SDDP.jl contributors, 2017-23

Problem
  Nodes           : 3
  State variables : 1
  Scenarios       : 8.51840e+04
  Existing cuts   : false
  Subproblem structure                      : (min, max)
    Variables                               : (6, 6)
    VariableRef in MOI.LessThan{Float64}    : (3, 3)
    AffExpr in MOI.LessThan{Float64}        : (2, 2)
    VariableRef in MOI.GreaterThan{Float64} : (3, 4)
    AffExpr in MOI.EqualTo{Float64}         : (1, 3)
Options
  Solver          : serial mode
  Risk measure    : SDDP.Expectation()
  Sampling scheme : SDDP.InSampleMonteCarlo

Numerical stability report
  Non-zero Matrix range     [8e-01, 2e+00]
  Non-zero Objective range  [1e+00, 2e+00]
  Non-zero Bounds range     [1e+00, 1e+02]
  Non-zero RHS range        [5e+01, 5e+01]
No problems detected

 Iteration    Simulation       Bound         Time (s)    Proc. ID   # Solves
       10    3.200000e+00   5.104174e+00   2.271891e-01          1       1350
       20    4.425000e+00   5.030601e+00   6.395562e-01          1       2700
       30    4.700000e+00   4.345639e+00   1.284607e+00          1       4050
       40    4.056250e+00   4.342671e+00   1.976938e+00          1       5400
       50    3.112500e+00   4.339882e+00   2.849142e+00          1       6750
       60    4.337500e+00   4.339338e+00   3.906207e+00          1       8100
       70    5.250000e+00   4.339311e+00   5.086275e+00          1       9450
       80    3.956250e+00   4.339259e+00   6.375464e+00          1      10800
       90    3.375000e+00   4.338516e+00   7.773100e+00          1      12150
      100    4.181250e+00   4.046498e+00   9.206973e+00          1      13500

Terminating training
  Status         : iteration_limit
  Total time (s) : 9.206973e+00
  Total solves   : 13500
  Best bound     :  4.046498e+00
  Simulation CI  :  4.145397e+00 ± 1.381186e-01
------------------------------------------------------------------------------
------------------------------------------------------------------------------
          SDDP.jl (c) Oscar Dowson and SDDP.jl contributors, 2017-23

Problem
  Nodes           : 8
  State variables : 1
  Scenarios       : 1.00000e+08
  Existing cuts   : false
  Subproblem structure                      : (min, max)
    Variables                               : (7, 7)
    VariableRef in MOI.LessThan{Float64}    : (1, 2)
    VariableRef in MOI.ZeroOne              : (1, 1)
    AffExpr in MOI.GreaterThan{Float64}     : (2, 2)
    AffExpr in MOI.EqualTo{Float64}         : (1, 1)
    VariableRef in MOI.GreaterThan{Float64} : (4, 4)
Options
  Solver          : serial mode
  Risk measure    : SDDP.Expectation()
  Sampling scheme : SDDP.InSampleMonteCarlo

Numerical stability report
  Non-zero Matrix range     [1e+00, 2e+00]
  Non-zero Objective range  [5e-01, 1e+00]
  Non-zero Bounds range     [1e+00, 1e+00]
  Non-zero RHS range        [1e+00, 1e+00]
No problems detected

 Iteration    Simulation       Bound         Time (s)    Proc. ID   # Solves
       10    3.248004e+00   1.165036e+00   1.027749e-01          1        880
       20    2.212205e+00   1.165481e+00   2.037828e-01          1       1760
       30    2.554054e+00   1.165750e+00   3.110359e-01          1       2640
       40    2.987695e+00   1.165750e+00   4.208329e-01          1       3520
       50    3.682757e+00   1.167410e+00   5.331409e-01          1       4400
       60    3.633475e+00   1.167410e+00   6.788750e-01          1       5280
       70    3.483926e+00   1.167410e+00   7.975378e-01          1       6160
       80    3.198985e+00   1.167410e+00   9.145708e-01          1       7040
       90    3.497207e+00   1.167410e+00   1.030831e+00          1       7920
      100    4.070719e+00   1.167410e+00   1.151645e+00          1       8800

Terminating training
  Status         : iteration_limit
  Total time (s) : 1.151645e+00
  Total solves   : 8800
  Best bound     :  1.167410e+00
  Simulation CI  :  3.209543e+00 ± 8.791427e-02
------------------------------------------------------------------------------
------------------------------------------------------------------------------
          SDDP.jl (c) Oscar Dowson and SDDP.jl contributors, 2017-23

Problem
  Nodes           : 2
  State variables : 2
  Scenarios       : 4.00000e+00
  Existing cuts   : false
  Subproblem structure                      : (min, max)
    Variables                               : (7, 11)
    VariableRef in MOI.LessThan{Float64}    : (4, 7)
    VariableRef in MOI.ZeroOne              : (4, 4)
    AffExpr in MOI.LessThan{Float64}        : (2, 2)
    VariableRef in MOI.GreaterThan{Float64} : (5, 7)
    AffExpr in MOI.EqualTo{Float64}         : (2, 2)
    VariableRef in MOI.Integer              : (2, 2)
Options
  Solver          : serial mode
  Risk measure    : SDDP.Expectation()
  Sampling scheme : SDDP.InSampleMonteCarlo

Numerical stability report
  Non-zero Matrix range     [1e+00, 6e+00]
  Non-zero Objective range  [1e+00, 3e+01]
  Non-zero Bounds range     [1e+00, 1e+02]
  Non-zero RHS range        [0e+00, 0e+00]
No problems detected

 Iteration    Simulation       Bound         Time (s)    Proc. ID   # Solves
       10   -9.800000e+01  -5.809615e+01   4.629993e-02          1         70
       20   -4.000000e+01  -5.809615e+01   1.005969e-01          1        140
       30   -4.700000e+01  -5.809615e+01   1.564970e-01          1        210
       40   -4.700000e+01  -5.809615e+01   2.125411e-01          1        280
       50   -9.800000e+01  -5.809615e+01   2.696650e-01          1        350
       60   -4.700000e+01  -5.809615e+01   3.276501e-01          1        420
       70   -4.000000e+01  -5.809615e+01   3.872130e-01          1        490
       80   -9.800000e+01  -5.809615e+01   4.471290e-01          1        560
       90   -4.700000e+01  -5.809615e+01   5.095720e-01          1        630
      100   -4.000000e+01  -5.809615e+01   5.715380e-01          1        700

Terminating training
  Status         : iteration_limit
  Total time (s) : 5.715380e-01
  Total solves   : 700
  Best bound     : -5.809615e+01
  Simulation CI  : -5.775500e+01 ± 5.020600e+00
------------------------------------------------------------------------------
------------------------------------------------------------------------------
          SDDP.jl (c) Oscar Dowson and SDDP.jl contributors, 2017-23

Problem
  Nodes           : 2
  State variables : 2
  Scenarios       : 9.00000e+00
  Existing cuts   : false
  Subproblem structure                      : (min, max)
    Variables                               : (7, 11)
    VariableRef in MOI.LessThan{Float64}    : (4, 7)
    VariableRef in MOI.ZeroOne              : (4, 4)
    AffExpr in MOI.LessThan{Float64}        : (2, 2)
    VariableRef in MOI.GreaterThan{Float64} : (5, 7)
    AffExpr in MOI.EqualTo{Float64}         : (2, 2)
    VariableRef in MOI.Integer              : (2, 2)
Options
  Solver          : serial mode
  Risk measure    : SDDP.Expectation()
  Sampling scheme : SDDP.InSampleMonteCarlo

Numerical stability report
  Non-zero Matrix range     [1e+00, 6e+00]
  Non-zero Objective range  [1e+00, 3e+01]
  Non-zero Bounds range     [1e+00, 1e+02]
  Non-zero RHS range        [0e+00, 0e+00]
No problems detected

 Iteration    Simulation       Bound         Time (s)    Proc. ID   # Solves
       10   -9.800000e+01  -6.196125e+01   5.038500e-02          1        120
       20   -4.000000e+01  -6.196125e+01   1.033340e-01          1        240
       30   -9.800000e+01  -6.196125e+01   1.574709e-01          1        360
       40   -6.300000e+01  -6.196125e+01   2.139759e-01          1        480
       50   -4.000000e+01  -6.196125e+01   2.703199e-01          1        600
       60   -4.700000e+01  -6.196125e+01   3.291941e-01          1        720
       70   -4.000000e+01  -6.196125e+01   3.899620e-01          1        840
       80   -7.500000e+01  -6.196125e+01   4.518461e-01          1        960
       90   -4.700000e+01  -6.196125e+01   5.157990e-01          1       1080
      100   -4.700000e+01  -6.196125e+01   6.279740e-01          1       1200

Terminating training
  Status         : iteration_limit
  Total time (s) : 6.279740e-01
  Total solves   : 1200
  Best bound     : -6.196125e+01
  Simulation CI  : -5.872500e+01 ± 4.056491e+00
------------------------------------------------------------------------------
------------------------------------------------------------------------------
          SDDP.jl (c) Oscar Dowson and SDDP.jl contributors, 2017-23

Problem
  Nodes           : 2
  State variables : 2
  Scenarios       : 3.60000e+01
  Existing cuts   : false
  Subproblem structure                      : (min, max)
    Variables                               : (7, 11)
    VariableRef in MOI.LessThan{Float64}    : (4, 7)
    VariableRef in MOI.ZeroOne              : (4, 4)
    AffExpr in MOI.LessThan{Float64}        : (2, 2)
    VariableRef in MOI.GreaterThan{Float64} : (5, 7)
    AffExpr in MOI.EqualTo{Float64}         : (2, 2)
    VariableRef in MOI.Integer              : (2, 2)
Options
  Solver          : serial mode
  Risk measure    : SDDP.Expectation()
  Sampling scheme : SDDP.InSampleMonteCarlo

Numerical stability report
  Non-zero Matrix range     [1e+00, 6e+00]
  Non-zero Objective range  [1e+00, 3e+01]
  Non-zero Bounds range     [1e+00, 1e+02]
  Non-zero RHS range        [0e+00, 0e+00]
No problems detected

 Iteration    Simulation       Bound         Time (s)    Proc. ID   # Solves
       10   -5.900000e+01  -6.546793e+01   7.119417e-02          1        390
       20   -6.300000e+01  -6.546793e+01   1.438541e-01          1        780
       30   -5.900000e+01  -6.546793e+01   2.163682e-01          1       1170
       40   -8.200000e+01  -6.546793e+01   2.891581e-01          1       1560
       50   -5.900000e+01  -6.546793e+01   3.640802e-01          1       1950
       60   -7.900000e+01  -6.546793e+01   4.386451e-01          1       2340
       70   -7.500000e+01  -6.546793e+01   5.136170e-01          1       2730
       80   -5.400000e+01  -6.546793e+01   5.905762e-01          1       3120
       90   -7.900000e+01  -6.546793e+01   6.679041e-01          1       3510
      100   -6.300000e+01  -6.546793e+01   7.477801e-01          1       3900

Terminating training
  Status         : iteration_limit
  Total time (s) : 7.477801e-01
  Total solves   : 3900
  Best bound     : -6.546793e+01
  Simulation CI  : -6.135500e+01 ± 3.087406e+00
------------------------------------------------------------------------------
------------------------------------------------------------------------------
          SDDP.jl (c) Oscar Dowson and SDDP.jl contributors, 2017-23

Problem
  Nodes           : 3
  State variables : 2
  Scenarios       : 2.70000e+01
  Existing cuts   : false
  Subproblem structure                      : (min, max)
    Variables                               : (9, 9)
    VariableRef in MOI.LessThan{Float64}    : (3, 3)
    VariableRef in MOI.ZeroOne              : (4, 4)
    AffExpr in MOI.LessThan{Float64}        : (2, 2)
    VariableRef in MOI.GreaterThan{Float64} : (2, 3)
    AffExpr in MOI.EqualTo{Float64}         : (2, 2)
Options
  Solver          : serial mode
  Risk measure    : SDDP.Expectation()
  Sampling scheme : SDDP.InSampleMonteCarlo

Numerical stability report
  Non-zero Matrix range     [1e+00, 1e+00]
  Non-zero Objective range  [1e+00, 6e+00]
  Non-zero Bounds range     [1e+00, 1e+02]
  Non-zero RHS range        [0e+00, 0e+00]
No problems detected

 Iteration    Simulation       Bound         Time (s)    Proc. ID   # Solves
        1L   6.000000e+00   1.414815e+01   5.578589e-02          1         11
        2L   6.000000e+00   1.414815e+01   6.192493e-02          1         22
        3L   6.000000e+00   9.111111e+00   6.956291e-02          1         33
        4L   1.200000e+01   8.777778e+00   8.047891e-02          1         44
        5L   9.000000e+00   8.777778e+00   9.310293e-02          1         55
        6L   6.000000e+00   8.777778e+00   1.050189e-01          1         66
        7L   3.000000e+00   8.333333e+00   1.150780e-01          1         77
        8L   1.200000e+01   8.000000e+00   1.247280e-01          1         88
        9L   6.000000e+00   8.000000e+00   1.349599e-01          1         99
       10L   6.000000e+00   8.000000e+00   1.446669e-01          1        110

Terminating training
  Status         : iteration_limit
  Total time (s) : 1.446669e-01
  Total solves   : 110
  Best bound     :  8.000000e+00
  Simulation CI  :  7.200000e+00 ± 1.796370e+00
------------------------------------------------------------------------------
------------------------------------------------------------------------------
          SDDP.jl (c) Oscar Dowson and SDDP.jl contributors, 2017-23

Problem
  Nodes           : 2
  State variables : 3
  Scenarios       : 3.00000e+00
  Existing cuts   : false
  Subproblem structure                      : (min, max)
    Variables                               : (7, 19)
    VariableRef in MOI.LessThan{Float64}    : (1, 2)
    AffExpr in MOI.LessThan{Float64}        : (1, 1)
    AffExpr in MOI.GreaterThan{Float64}     : (3, 3)
    AffExpr in MOI.EqualTo{Float64}         : (3, 3)
    VariableRef in MOI.GreaterThan{Float64} : (3, 16)
Options
  Solver          : serial mode
  Risk measure    : SDDP.Expectation()
  Sampling scheme : SDDP.InSampleMonteCarlo

Numerical stability report
  Non-zero Matrix range     [1e+00, 2e+01]
  Non-zero Objective range  [1e+00, 1e+03]
  Non-zero Bounds range     [6e+03, 5e+05]
  Non-zero RHS range        [2e+02, 5e+02]
No problems detected

 Iteration    Simulation       Bound         Time (s)    Proc. ID   # Solves
        1   -9.800000e+04   4.922260e+05   2.151012e-03          1          6
        2   -7.994040e+04   1.320000e+05   3.113985e-03          1         12
        3    2.800000e+04   1.290000e+05   3.835917e-03          1         18
        4    1.086000e+05   1.268139e+05   4.580975e-03          1         24
        5    8.163785e+04   1.219636e+05   5.190849e-03          1         30
        6    1.098545e+05   1.121210e+05   6.046057e-03          1         36
        7    1.589371e+05   1.104195e+05   6.793976e-03          1         42
        8    4.784940e+04   1.095042e+05   7.487059e-03          1         48
        9    5.125161e+04   1.088611e+05   8.229017e-03          1         54
       10    1.088611e+05   1.088021e+05   8.893013e-03          1         60
       11    4.988974e+04   1.083900e+05   9.714842e-03          1         66
       12    1.670000e+05   1.083900e+05   1.062584e-02          1         72
       13    4.882000e+04   1.083900e+05   1.157904e-02          1         78
       14    4.882000e+04   1.083900e+05   1.252007e-02          1         84
       15    1.093500e+05   1.083900e+05   1.345396e-02          1         90
       16    1.093500e+05   1.083900e+05   1.436806e-02          1         96
       17    1.670000e+05   1.083900e+05   1.533103e-02          1        102
       18    1.093500e+05   1.083900e+05   1.630998e-02          1        108
       19    4.882000e+04   1.083900e+05   1.725006e-02          1        114
       20    1.093500e+05   1.083900e+05   1.819205e-02          1        120

Terminating training
  Status         : iteration_limit
  Total time (s) : 1.819205e-02
  Total solves   : 120
  Best bound     :  1.083900e+05
  Simulation CI  :  7.424005e+04 ± 3.055476e+04
------------------------------------------------------------------------------
