-------------------------------------------------------------------
         SDDP.jl (c) Oscar Dowson and contributors, 2017-23
-------------------------------------------------------------------
problem
  nodes           : 3
  state variables : 1
  scenarios       : 1.33100e+03
  existing cuts   : true
options
  solver          : serial mode
  risk measure    : SDDP.Expectation()
  sampling scheme : SDDP.InSampleMonteCarlo
subproblem structure
  VariableRef                             : [9, 9]
  AffExpr in MOI.EqualTo{Float64}         : [2, 4]
  AffExpr in MOI.GreaterThan{Float64}     : [3, 7]
  VariableRef in MOI.EqualTo{Float64}     : [1, 1]
  VariableRef in MOI.GreaterThan{Float64} : [8, 8]
  VariableRef in MOI.LessThan{Float64}    : [5, 6]
-------------------------------------------------------------------
 iteration    simulation      bound        time (s)     solves  pid
-------------------------------------------------------------------
         1   6.750000e+02  5.500000e+02  2.789974e-03       407   1
        10   4.500000e+02  5.733959e+02  3.031611e-02       731   1
-------------------------------------------------------------------
status         : iteration_limit
total time (s) : 3.031611e-02
total solves   : 731
best bound     :  5.733959e+02
simulation ci  :  5.000000e+02 ± 1.079583e+02
numeric issues : 0
-------------------------------------------------------------------

