-------------------------------------------------------------------
         SDDP.jl (c) Oscar Dowson and contributors, 2017-25
-------------------------------------------------------------------
problem
  nodes           : 3
  state variables : 1
  scenarios       : 1.00000e+00
  existing cuts   : false
options
  solver          : serial mode
  risk measure    : SDDP.Expectation()
  sampling scheme : SDDP.InSampleMonteCarlo
subproblem structure
  VariableRef                             : [5, 5]
  AffExpr in MOI.EqualTo{Float64}         : [1, 1]
  VariableRef in MOI.GreaterThan{Float64} : [4, 4]
  VariableRef in MOI.Integer              : [2, 2]
  VariableRef in MOI.LessThan{Float64}    : [2, 3]
numerical stability report
  matrix range     [1e+00, 1e+00]
  objective range  [1e+00, 6e+00]
  bounds range     [1e+02, 2e+02]
  rhs range        [2e+02, 2e+02]
-------------------------------------------------------------------
 iteration    simulation      bound        time (s)     solves  pid
-------------------------------------------------------------------
         1   9.000000e+02  9.000000e+02  1.130025e+00         6   1
         2   9.000000e+02  9.000000e+02  1.288634e+00        15   1
         3S  9.000000e+02  9.000000e+02  1.426175e+00        21   1
         4   9.000000e+02  9.000000e+02  1.428101e+00        27   1
         5S  9.000000e+02  9.000000e+02  1.430409e+00        33   1
         6   9.000000e+02  9.000000e+02  1.432180e+00        39   1
         7S  9.000000e+02  9.000000e+02  1.434475e+00        45   1
         8   9.000000e+02  9.000000e+02  1.436257e+00        51   1
         9S  9.000000e+02  9.000000e+02  1.438590e+00        57   1
        10   9.000000e+02  9.000000e+02  1.440361e+00        63   1
        11S  9.000000e+02  9.000000e+02  1.442650e+00        69   1
        12   9.000000e+02  9.000000e+02  1.444408e+00        75   1
        13S  9.000000e+02  9.000000e+02  1.446748e+00        81   1
        14   9.000000e+02  9.000000e+02  1.448558e+00        87   1
        15S  9.000000e+02  9.000000e+02  1.450911e+00        93   1
        16   9.000000e+02  9.000000e+02  1.452705e+00        99   1
        17S  9.000000e+02  9.000000e+02  1.455138e+00       105   1
        18   9.000000e+02  9.000000e+02  1.456944e+00       111   1
        19S  9.000000e+02  9.000000e+02  1.459323e+00       117   1
        20   9.000000e+02  9.000000e+02  1.482638e+00       123   1
-------------------------------------------------------------------
status         : simulation_stopping
total time (s) : 1.482638e+00
total solves   : 123
best bound     :  9.000000e+02
simulation ci  :  9.000000e+02 ± 0.000000e+00
numeric issues : 0
-------------------------------------------------------------------

-------------------------------------------------------------------
         SDDP.jl (c) Oscar Dowson and contributors, 2017-25
-------------------------------------------------------------------
problem
  nodes           : 3
  state variables : 1
  scenarios       : 1.00000e+00
  existing cuts   : false
options
  solver          : serial mode
  risk measure    : SDDP.Expectation()
  sampling scheme : SDDP.InSampleMonteCarlo
subproblem structure
  VariableRef                             : [5, 5]
  AffExpr in MOI.EqualTo{Float64}         : [1, 1]
  VariableRef in MOI.GreaterThan{Float64} : [4, 4]
  VariableRef in MOI.Integer              : [2, 2]
  VariableRef in MOI.LessThan{Float64}    : [2, 3]
numerical stability report
  matrix range     [1e+00, 1e+00]
  objective range  [1e+00, 6e+00]
  bounds range     [1e+02, 2e+02]
  rhs range        [2e+02, 2e+02]
-------------------------------------------------------------------
 iteration    simulation      bound        time (s)     solves  pid
-------------------------------------------------------------------
         1   9.000000e+02  9.000000e+02  2.725019e-01         6   1
        20   9.000000e+02  9.000000e+02  4.345529e-01       123   1
-------------------------------------------------------------------
status         : simulation_stopping
total time (s) : 4.345529e-01
total solves   : 123
best bound     :  9.000000e+02
simulation ci  :  9.000000e+02 ± 0.000000e+00
numeric issues : 0
-------------------------------------------------------------------

-------------------------------------------------------------------
         SDDP.jl (c) Oscar Dowson and contributors, 2017-25
-------------------------------------------------------------------
problem
  nodes           : 12
  state variables : 1
  scenarios       : 1.00000e+00
  existing cuts   : false
options
  solver          : Threaded()
  risk measure    : SDDP.Expectation()
  sampling scheme : SDDP.InSampleMonteCarlo
subproblem structure
  VariableRef                             : [3, 3]
  VariableRef in MOI.GreaterThan{Float64} : [2, 2]
  VariableRef in MOI.LessThan{Float64}    : [1, 1]
numerical stability report
  matrix range     [0e+00, 0e+00]
  objective range  [1e+00, 1e+00]
  bounds range     [0e+00, 0e+00]
  rhs range        [0e+00, 0e+00]
-------------------------------------------------------------------
 iteration    simulation      bound        time (s)     solves  pid
-------------------------------------------------------------------
         4   0.000000e+00  0.000000e+00  2.450590e-01        96   3
         5   0.000000e+00  0.000000e+00  2.607751e-01       182   5
         6   0.000000e+00  0.000000e+00  2.612231e-01       189   2
         7   0.000000e+00  0.000000e+00  2.625461e-01       207   3
         8   0.000000e+00  0.000000e+00  2.628450e-01       213   4
        11   0.000000e+00  0.000000e+00  2.964001e-01       283   3
        12   0.000000e+00  0.000000e+00  2.972689e-01       294   4
        13   0.000000e+00  0.000000e+00  2.999010e-01       312   5
-------------------------------------------------------------------
status         : iteration_limit
total time (s) : 2.999010e-01
total solves   : 312
best bound     :  0.000000e+00
simulation ci  :  0.000000e+00 ± 0.000000e+00
numeric issues : 0
-------------------------------------------------------------------

