------------------------------------------------------------------------------
          SDDP.jl (c) Oscar Dowson and SDDP.jl contributors, 2017-23

Problem
  Nodes           : 3
  State variables : 1
  Scenarios       : 1.33100e+03
  Existing cuts   : true
  Subproblem structure                      : (min, max)
    Variables                               : (9, 9)
    VariableRef in MOI.EqualTo{Float64}     : (1, 1)
    VariableRef in MOI.LessThan{Float64}    : (5, 6)
    AffExpr in MOI.GreaterThan{Float64}     : (3, 19)
    AffExpr in MOI.EqualTo{Float64}         : (2, 4)
    VariableRef in MOI.GreaterThan{Float64} : (8, 8)
Options
  Solver          : serial mode
  Risk measure    : SDDP.Expectation()
  Sampling scheme : SDDP.InSampleMonteCarlo

 Iteration    Simulation       Bound         Time (s)    Proc. ID   # Solves
        1    1.887500e+02   1.995243e+02   3.340006e-03          1       1149
        2    1.753930e+02   1.999460e+02   6.876945e-03          1       1185
        3    1.035576e+02   2.002992e+02   1.021409e-02          1       1221
        4    1.575000e+02   2.036148e+02   1.405215e-02          1       1257
        5    1.562500e+02   2.051277e+02   1.746011e-02          1       1293
        6    1.962500e+02   2.052517e+02   2.132010e-02          1       1329
        7    2.987500e+02   2.052517e+02   2.520204e-02          1       1365
        8    2.212500e+02   2.052855e+02   2.918196e-02          1       1401
        9    2.462500e+02   2.052855e+02   3.310394e-02          1       1437
       10    2.962500e+02   2.052855e+02   3.703904e-02          1       1473

Terminating training
  Status         : iteration_limit
  Total time (s) : 3.703904e-02
  Total solves   : 1473
  Best bound     :  2.052855e+02
  Simulation CI  :  2.040201e+02 ± 3.876873e+01
------------------------------------------------------------------------------
