-------------------------------------------------------------------
         SDDP.jl (c) Oscar Dowson and contributors, 2017-25
-------------------------------------------------------------------
problem
  nodes           : 3
  state variables : 1
  scenarios       : 1.00000e+00
  existing cuts   : false
options
  solver          : serial mode
  risk measure    : SDDP.Expectation()
  sampling scheme : SDDP.InSampleMonteCarlo
subproblem structure
  VariableRef                             : [5, 5]
  AffExpr in MOI.EqualTo{Float64}         : [1, 1]
  VariableRef in MOI.GreaterThan{Float64} : [4, 4]
  VariableRef in MOI.Integer              : [2, 2]
  VariableRef in MOI.LessThan{Float64}    : [2, 3]
numerical stability report
  matrix range     [1e+00, 1e+00]
  objective range  [1e+00, 6e+00]
  bounds range     [1e+02, 2e+02]
  rhs range        [2e+02, 2e+02]
-------------------------------------------------------------------
 iteration    simulation      bound        time (s)     solves  pid
-------------------------------------------------------------------
         1   9.000000e+02  9.000000e+02  3.737099e-01         6   1
         2   9.000000e+02  9.000000e+02  4.353840e-01        15   1
         3S  9.000000e+02  9.000000e+02  5.683281e-01        21   1
         4   9.000000e+02  9.000000e+02  6.048889e-01        27   1
         5S  9.000000e+02  9.000000e+02  6.527359e-01        33   1
         6   9.000000e+02  9.000000e+02  6.852419e-01        39   1
         7S  9.000000e+02  9.000000e+02  7.340109e-01        45   1
         8   9.000000e+02  9.000000e+02  7.663419e-01        51   1
         9S  9.000000e+02  9.000000e+02  8.144901e-01        57   1
        10   9.000000e+02  9.000000e+02  8.473580e-01        63   1
        11S  9.000000e+02  9.000000e+02  8.952351e-01        69   1
        12   9.000000e+02  9.000000e+02  9.275680e-01        75   1
        13S  9.000000e+02  9.000000e+02  9.760029e-01        81   1
        14   9.000000e+02  9.000000e+02  1.009063e+00        87   1
        15S  9.000000e+02  9.000000e+02  1.058713e+00        93   1
        16   9.000000e+02  9.000000e+02  1.091831e+00        99   1
        17S  9.000000e+02  9.000000e+02  1.140489e+00       105   1
        18   9.000000e+02  9.000000e+02  1.172885e+00       111   1
        19S  9.000000e+02  9.000000e+02  1.221605e+00       117   1
        20   9.000000e+02  9.000000e+02  1.253963e+00       123   1
-------------------------------------------------------------------
status         : simulation_stopping
total time (s) : 1.253963e+00
total solves   : 123
best bound     :  9.000000e+02
simulation ci  :  9.000000e+02 ± 0.000000e+00
numeric issues : 0
-------------------------------------------------------------------

-------------------------------------------------------------------
         SDDP.jl (c) Oscar Dowson and contributors, 2017-25
-------------------------------------------------------------------
problem
  nodes           : 3
  state variables : 1
  scenarios       : 1.00000e+00
  existing cuts   : false
options
  solver          : serial mode
  risk measure    : SDDP.Expectation()
  sampling scheme : SDDP.InSampleMonteCarlo
subproblem structure
  VariableRef                             : [5, 5]
  AffExpr in MOI.EqualTo{Float64}         : [1, 1]
  VariableRef in MOI.GreaterThan{Float64} : [4, 4]
  VariableRef in MOI.Integer              : [2, 2]
  VariableRef in MOI.LessThan{Float64}    : [2, 3]
numerical stability report
  matrix range     [1e+00, 1e+00]
  objective range  [1e+00, 6e+00]
  bounds range     [1e+02, 2e+02]
  rhs range        [2e+02, 2e+02]
-------------------------------------------------------------------
 iteration    simulation      bound        time (s)     solves  pid
-------------------------------------------------------------------
         1   9.000000e+02  9.000000e+02  4.302301e-01         6   1
        20   9.000000e+02  9.000000e+02  1.251437e+00       123   1
-------------------------------------------------------------------
status         : simulation_stopping
total time (s) : 1.251437e+00
total solves   : 123
best bound     :  9.000000e+02
simulation ci  :  9.000000e+02 ± 0.000000e+00
numeric issues : 0
-------------------------------------------------------------------

-------------------------------------------------------------------
         SDDP.jl (c) Oscar Dowson and contributors, 2017-25
-------------------------------------------------------------------
problem
  nodes           : 12
  state variables : 1
  scenarios       : 1.00000e+00
  existing cuts   : false
options
  solver          : Threaded()
  risk measure    : SDDP.Expectation()
  sampling scheme : SDDP.InSampleMonteCarlo
subproblem structure
  VariableRef                             : [3, 3]
  VariableRef in MOI.GreaterThan{Float64} : [2, 2]
  VariableRef in MOI.LessThan{Float64}    : [1, 1]
numerical stability report
  matrix range     [0e+00, 0e+00]
  objective range  [1e+00, 1e+00]
  bounds range     [0e+00, 0e+00]
  rhs range        [0e+00, 0e+00]
-------------------------------------------------------------------
 iteration    simulation      bound        time (s)     solves  pid
-------------------------------------------------------------------
         1   0.000000e+00  0.000000e+00  4.728413e-02        88   4
         2   0.000000e+00  0.000000e+00  4.772615e-02        94   1
         3   0.000000e+00  0.000000e+00  4.791522e-02        96   1
         4   0.000000e+00  0.000000e+00  4.809618e-02       101   1
         5   0.000000e+00  0.000000e+00  5.023909e-02       181   3
         7   0.000000e+00  0.000000e+00  5.101514e-02       192   2
         8   0.000000e+00  0.000000e+00  5.121803e-02       194   1
         9   0.000000e+00  0.000000e+00  5.383205e-02       277   3
        11   0.000000e+00  0.000000e+00  5.472803e-02       288   2
        12   0.000000e+00  0.000000e+00  5.491400e-02       290   4
        13   0.000000e+00  0.000000e+00  5.676103e-02       312   3
-------------------------------------------------------------------
status         : iteration_limit
total time (s) : 5.676103e-02
total solves   : 312
best bound     :  0.000000e+00
simulation ci  :  0.000000e+00 ± 0.000000e+00
numeric issues : 0
-------------------------------------------------------------------

