-------------------------------------------------------------------
         SDDP.jl (c) Oscar Dowson and contributors, 2017-23
-------------------------------------------------------------------
problem
  nodes           : 3
  state variables : 1
  scenarios       : 1.33100e+03
  existing cuts   : true
options
  solver          : serial mode
  risk measure    : SDDP.Expectation()
  sampling scheme : SDDP.InSampleMonteCarlo
subproblem structure
  VariableRef                             : [9, 9]
  VariableRef in MOI.EqualTo{Float64}     : [1, 1]
  VariableRef in MOI.LessThan{Float64}    : [5, 6]
  AffExpr in MOI.GreaterThan{Float64}     : [3, 14]
  AffExpr in MOI.EqualTo{Float64}         : [2, 4]
  VariableRef in MOI.GreaterThan{Float64} : [8, 8]
-------------------------------------------------------------------
 iteration    simulation      bound        time (s)     solves  pid
-------------------------------------------------------------------
         1   4.850000e+02  3.349793e+02  3.614902e-03       778   1
         2   5.600000e+02  3.392618e+02  7.093906e-03       814   1
         3   1.525000e+02  3.433337e+02  1.090980e-02       850   1
         4   3.817599e+02  3.457611e+02  1.476192e-02       886   1
         5   3.650658e+02  3.460565e+02  1.865888e-02       922   1
         6   3.837500e+02  3.463392e+02  2.243280e-02       958   1
         7   2.500000e+02  3.465082e+02  2.643895e-02       994   1
         8   5.571447e+02  3.465799e+02  2.989197e-02      1030   1
         9   4.580882e+02  3.466980e+02  3.380799e-02      1066   1
        10   3.550000e+02  3.468286e+02  3.759885e-02      1102   1
-------------------------------------------------------------------
status         : iteration_limit
total time (s) : 3.759885e-02
total solves   : 1102
best bound     :  3.468286e+02
simulation ci  :  3.948309e+02 ± 7.954180e+01
numeric issues : 0
-------------------------------------------------------------------

