-------------------------------------------------------------------
         SDDP.jl (c) Oscar Dowson and contributors, 2017-23
-------------------------------------------------------------------
problem
  nodes           : 3
  state variables : 1
  scenarios       : 1.33100e+03
  existing cuts   : true
options
  solver          : serial mode
  risk measure    : SDDP.Expectation()
  sampling scheme : SDDP.InSampleMonteCarlo
subproblem structure
  VariableRef                             : [9, 9]
  VariableRef in MOI.EqualTo{Float64}     : [1, 1]
  VariableRef in MOI.LessThan{Float64}    : [5, 6]
  AffExpr in MOI.GreaterThan{Float64}     : [3, 7]
  AffExpr in MOI.EqualTo{Float64}         : [2, 4]
  VariableRef in MOI.GreaterThan{Float64} : [8, 8]
-------------------------------------------------------------------
 iteration    simulation      bound        time (s)     solves  pid
-------------------------------------------------------------------
         1   6.750000e+02  5.500000e+02  3.249168e-03       407   1
         2   7.000000e+02  5.677498e+02  6.270170e-03       443   1
         3   3.450000e+02  5.692712e+02  9.809017e-03       479   1
         4   4.500000e+02  5.711983e+02  1.336002e-02       515   1
         5   2.800000e+02  5.717055e+02  1.687407e-02       551   1
         6   3.500000e+02  5.717055e+02  2.082109e-02       587   1
         7   4.000000e+02  5.718745e+02  2.479720e-02       623   1
         8   5.500000e+02  5.725169e+02  2.858615e-02       659   1
         9   8.000000e+02  5.732607e+02  3.223705e-02       695   1
        10   4.500000e+02  5.733959e+02  3.589511e-02       731   1
-------------------------------------------------------------------
status         : iteration_limit
total time (s) : 3.589511e-02
total solves   : 731
best bound     :  5.733959e+02
simulation ci  :  5.000000e+02 ± 1.079583e+02
numeric issues : 0
-------------------------------------------------------------------

