-------------------------------------------------------------------
         SDDP.jl (c) Oscar Dowson and contributors, 2017-23
-------------------------------------------------------------------
problem
  nodes           : 3
  state variables : 1
  scenarios       : 1.33100e+03
  existing cuts   : true
options
  solver          : serial mode
  risk measure    : SDDP.Expectation()
  sampling scheme : SDDP.InSampleMonteCarlo
subproblem structure
  VariableRef                             : [9, 9]
  VariableRef in MOI.EqualTo{Float64}     : [1, 1]
  VariableRef in MOI.LessThan{Float64}    : [5, 6]
  AffExpr in MOI.GreaterThan{Float64}     : [3, 47]
  AffExpr in MOI.EqualTo{Float64}         : [2, 4]
  VariableRef in MOI.GreaterThan{Float64} : [8, 8]
-------------------------------------------------------------------
 iteration    simulation      bound        time (s)     solves  pid
-------------------------------------------------------------------
         1   8.525000e+02  5.197742e+02  4.305124e-03      3004   1
         2   4.125000e+02  5.207890e+02  8.428097e-03      3040   1
         3   6.325000e+02  5.208831e+02  1.325917e-02      3076   1
         4   5.887500e+02  5.208831e+02  1.831317e-02      3112   1
         5   6.812500e+02  5.209321e+02  2.247405e-02      3148   1
         6   3.287500e+02  5.209912e+02  2.691007e-02      3184   1
         7   7.237500e+02  5.209912e+02  3.131509e-02      3220   1
         8   2.375000e+02  5.211301e+02  3.596115e-02      3256   1
         9   3.612500e+02  5.211567e+02  4.092717e-02      3292   1
        10   4.493750e+02  5.211793e+02  4.600596e-02      3328   1
-------------------------------------------------------------------
status         : iteration_limit
total time (s) : 4.600596e-02
total solves   : 3328
best bound     :  5.211793e+02
simulation ci  :  5.268125e+02 ± 1.227709e+02
numeric issues : 0
-------------------------------------------------------------------

