-------------------------------------------------------------------
         SDDP.jl (c) Oscar Dowson and contributors, 2017-23
-------------------------------------------------------------------
problem
  nodes           : 3
  state variables : 1
  scenarios       : 1.33100e+03
  existing cuts   : true
options
  solver          : serial mode
  risk measure    : SDDP.Expectation()
  sampling scheme : SDDP.InSampleMonteCarlo
subproblem structure
  VariableRef                             : [9, 9]
  VariableRef in MOI.EqualTo{Float64}     : [1, 1]
  VariableRef in MOI.LessThan{Float64}    : [5, 6]
  AffExpr in MOI.GreaterThan{Float64}     : [3, 53]
  AffExpr in MOI.EqualTo{Float64}         : [2, 4]
  VariableRef in MOI.GreaterThan{Float64} : [8, 8]
-------------------------------------------------------------------
 iteration    simulation      bound        time (s)     solves  pid
-------------------------------------------------------------------
         1   3.437500e+01  5.937500e+01  3.725052e-03      3375   1
         2   6.875000e+01  5.937500e+01  7.182121e-03      3411   1
         3   7.500000e+01  5.937500e+01  1.064301e-02      3447   1
         4   1.062500e+02  5.938345e+01  1.431513e-02      3483   1
         5   4.687500e+01  5.938557e+01  1.825619e-02      3519   1
         6   5.625000e+01  5.938557e+01  2.218914e-02      3555   1
         7   7.187500e+01  5.938557e+01  2.589607e-02      3591   1
         8   5.000000e+01  5.938557e+01  2.959418e-02      3627   1
         9   4.375000e+01  5.938557e+01  3.338003e-02      3663   1
        10   3.750000e+01  5.938557e+01  3.717518e-02      3699   1
-------------------------------------------------------------------
status         : iteration_limit
total time (s) : 3.717518e-02
total solves   : 3699
best bound     :  5.938557e+01
simulation ci  :  5.906250e+01 ± 1.352595e+01
numeric issues : 0
-------------------------------------------------------------------

