-------------------------------------------------------------------
         SDDP.jl (c) Oscar Dowson and contributors, 2017-23
-------------------------------------------------------------------
problem
  nodes           : 2
  state variables : 1
  scenarios       : 2.00000e+00
  existing cuts   : false
options
  solver          : serial mode
  risk measure    : SDDP.Expectation()
  sampling scheme : SDDP.InSampleMonteCarlo
subproblem structure
  VariableRef                             : [6, 6]
  AffExpr in MOI.GreaterThan{Float64}     : [1, 1]
  AffExpr in MOI.LessThan{Float64}        : [1, 1]
  VariableRef in MOI.EqualTo{Float64}     : [1, 1]
  VariableRef in MOI.GreaterThan{Float64} : [3, 4]
  VariableRef in MOI.LessThan{Float64}    : [2, 2]
numerical stability report
  matrix range     [1e+00, 1e+00]
  objective range  [1e+00, 5e+00]
  bounds range     [8e+00, 8e+00]
  rhs range        [6e+00, 6e+00]
-------------------------------------------------------------------
 iteration    simulation      bound        time (s)     solves  pid
-------------------------------------------------------------------
         1  -2.000000e+01 -1.000000e+01  2.725840e-03         5   1
        20  -2.000000e+01 -1.000000e+01  1.958489e-02       104   1
-------------------------------------------------------------------
status         : simulation_stopping
total time (s) : 1.958489e-02
total solves   : 104
best bound     : -1.000000e+01
simulation ci  : -1.100000e+01 ± 4.474009e+00
numeric issues : 0
-------------------------------------------------------------------

-------------------------------------------------------------------
         SDDP.jl (c) Oscar Dowson and contributors, 2017-23
-------------------------------------------------------------------
problem
  nodes           : 3
  state variables : 2
  scenarios       : 4.00000e+00
  existing cuts   : false
options
  solver          : serial mode
  risk measure    : SDDP.Expectation()
  sampling scheme : SDDP.InSampleMonteCarlo
subproblem structure
  VariableRef                             : [8, 8]
  AffExpr in MOI.LessThan{Float64}        : [3, 3]
  VariableRef in MOI.GreaterThan{Float64} : [5, 5]
  VariableRef in MOI.LessThan{Float64}    : [1, 1]
numerical stability report
  matrix range     [1e+00, 1e+00]
  objective range  [2e-01, 3e+00]
  bounds range     [5e+01, 5e+01]
  rhs range        [0e+00, 0e+00]
-------------------------------------------------------------------
 iteration    simulation      bound        time (s)     solves  pid
-------------------------------------------------------------------
         5  -5.320000e+00 -2.396000e+01  9.123087e-03        52   1
        10  -4.260000e+01 -2.396000e+01  1.410007e-02        92   1
        15  -2.396000e+01 -2.396000e+01  1.944900e-02       132   1
        20  -5.320000e+00 -2.396000e+01  2.530098e-02       172   1
        25  -5.320000e+00 -2.396000e+01  3.267193e-02       224   1
        30  -2.396000e+01 -2.396000e+01  3.946686e-02       264   1
        35  -5.320000e+00 -2.396000e+01  4.671097e-02       304   1
        40  -2.396000e+01 -2.396000e+01  5.450606e-02       344   1
-------------------------------------------------------------------
status         : simulation_stopping
total time (s) : 5.450606e-02
total solves   : 344
best bound     : -2.396000e+01
simulation ci  : -2.288114e+01 ± 4.394100e+00
numeric issues : 0
-------------------------------------------------------------------

 ────────────────────────────────────────────────────────────────────────────────
                                        Time                    Allocations      
                               ───────────────────────   ────────────────────────
       Tot / % measured:           64.6ms /  76.5%           8.56MiB /  87.3%    

 Section               ncalls     time    %tot     avg     alloc    %tot      avg
 ────────────────────────────────────────────────────────────────────────────────
 backward_pass             40   31.5ms   63.7%   787μs   6.47MiB   86.6%   166KiB
   solve_subproblem       160   16.0ms   32.3%   100μs    768KiB   10.0%  4.80KiB
     get_dual_solution    160    858μs    1.7%  5.36μs    170KiB    2.2%  1.06KiB
   prepare_backward...     80   85.5μs    0.2%  1.07μs   12.5KiB    0.2%     160B
 forward_pass              40   10.4ms   21.0%   260μs    778KiB   10.2%  19.5KiB
   solve_subproblem       120   9.22ms   18.6%  76.8μs    572KiB    7.5%  4.77KiB
     get_dual_solution    120    127μs    0.3%  1.06μs   65.6KiB    0.9%     560B
   sample_scenario         40    255μs    0.5%  6.39μs   36.9KiB    0.5%     944B
 calculate_bound           40   7.52ms   15.2%   188μs    224KiB    2.9%  5.61KiB
   get_dual_solution       40   54.3μs    0.1%  1.36μs   21.9KiB    0.3%     560B
 get_dual_solution         36   34.6μs    0.1%   961ns   19.7KiB    0.3%     560B
 ────────────────────────────────────────────────────────────────────────────────

-------------------------------------------------------------------
         SDDP.jl (c) Oscar Dowson and contributors, 2017-23
-------------------------------------------------------------------
problem
  nodes           : 3
  state variables : 2
  scenarios       : 4.00000e+00
  existing cuts   : false
options
  solver          : serial mode
  risk measure    : SDDP.Expectation()
  sampling scheme : SDDP.InSampleMonteCarlo
subproblem structure
  VariableRef                             : [8, 8]
  AffExpr in MOI.LessThan{Float64}        : [3, 3]
  VariableRef in MOI.GreaterThan{Float64} : [5, 5]
  VariableRef in MOI.LessThan{Float64}    : [1, 1]
numerical stability report
  matrix range     [1e+00, 1e+00]
  objective range  [2e-01, 3e+00]
  bounds range     [5e+01, 5e+01]
  rhs range        [0e+00, 0e+00]
-------------------------------------------------------------------
 iteration    simulation      bound        time (s)     solves  pid
-------------------------------------------------------------------
         5  -2.396000e+01 -2.396000e+01  8.739948e-03        52   1
        10  -2.396000e+01 -2.396000e+01  1.418400e-02        92   1
        15  -4.260000e+01 -2.396000e+01  2.055001e-02       132   1
        20  -5.320000e+00 -2.396000e+01  2.775097e-02       172   1
        25  -4.260000e+01 -2.396000e+01  3.695393e-02       224   1
        30  -2.396000e+01 -2.396000e+01  4.606295e-02       264   1
        35  -2.396000e+01 -2.396000e+01  5.621004e-02       304   1
        40  -4.260000e+01 -2.396000e+01  6.718206e-02       344   1
-------------------------------------------------------------------
status         : simulation_stopping
total time (s) : 6.718206e-02
total solves   : 344
best bound     : -2.396000e+01
simulation ci  : -2.563370e+01 ± 4.573611e+00
numeric issues : 0
-------------------------------------------------------------------

 ────────────────────────────────────────────────────────────────────────────────
                                        Time                    Allocations      
                               ───────────────────────   ────────────────────────
       Tot / % measured:           72.6ms /  85.9%           15.3MiB /  93.3%    

 Section               ncalls     time    %tot     avg     alloc    %tot      avg
 ────────────────────────────────────────────────────────────────────────────────
 backward_pass             40   44.2ms   70.8%  1.10ms   13.3MiB   93.0%   339KiB
   solve_subproblem       160   16.1ms   25.8%   101μs    770KiB    5.3%  4.81KiB
     get_dual_solution    160    844μs    1.4%  5.27μs    170KiB    1.2%  1.06KiB
   prepare_backward...     80   83.3μs    0.1%  1.04μs   12.5KiB    0.1%     160B
 forward_pass              40   10.1ms   16.2%   252μs    778KiB    5.3%  19.5KiB
   solve_subproblem       120   8.95ms   14.3%  74.6μs    572KiB    3.9%  4.77KiB
     get_dual_solution    120    114μs    0.2%   948ns   65.6KiB    0.4%     560B
   sample_scenario         40    249μs    0.4%  6.23μs   37.0KiB    0.3%     946B
 calculate_bound           40   8.14ms   13.0%   203μs    226KiB    1.5%  5.65KiB
   get_dual_solution       40   54.6μs    0.1%  1.37μs   21.9KiB    0.1%     560B
 get_dual_solution         36   30.3μs    0.0%   842ns   19.7KiB    0.1%     560B
 ────────────────────────────────────────────────────────────────────────────────

-------------------------------------------------------------------
         SDDP.jl (c) Oscar Dowson and contributors, 2017-23
-------------------------------------------------------------------
problem
  nodes           : 2
  state variables : 1
  scenarios       : 2.00000e+00
  existing cuts   : false
options
  solver          : serial mode
  risk measure    : SDDP.Expectation()
  sampling scheme : SDDP.InSampleMonteCarlo
subproblem structure
  VariableRef                             : [3, 4]
  AffExpr in MOI.LessThan{Float64}        : [1, 1]
  VariableRef in MOI.GreaterThan{Float64} : [2, 3]
  VariableRef in MOI.LessThan{Float64}    : [2, 2]
numerical stability report
  matrix range     [1e+00, 1e+00]
  objective range  [1e+00, 2e+00]
  bounds range     [2e+00, 5e+00]
  rhs range        [0e+00, 0e+00]
-------------------------------------------------------------------
 iteration    simulation      bound        time (s)     solves  pid
-------------------------------------------------------------------
         1   0.000000e+00 -2.500000e+00  2.360821e-03         5   1
         2  -1.500000e+00 -2.000000e+00  3.614902e-03        14   1
         3  -1.000000e+00 -2.000000e+00  4.230022e-03        19   1
         4  -1.000000e+00 -2.000000e+00  5.009890e-03        24   1
         5  -2.000000e+00 -2.000000e+00  5.862951e-03        29   1
         6  -2.000000e+00 -2.000000e+00  6.631851e-03        34   1
         7  -2.000000e+00 -2.000000e+00  7.396936e-03        39   1
         8  -2.000000e+00 -2.000000e+00  8.165836e-03        44   1
         9  -2.000000e+00 -2.000000e+00  8.971930e-03        49   1
        10  -2.000000e+00 -2.000000e+00  9.765863e-03        54   1
        11  -2.000000e+00 -2.000000e+00  1.054788e-02        59   1
        12  -2.000000e+00 -2.000000e+00  1.134491e-02        64   1
        13  -2.000000e+00 -2.000000e+00  1.215792e-02        69   1
        14  -2.000000e+00 -2.000000e+00  1.302791e-02        74   1
        15  -2.000000e+00 -2.000000e+00  1.386285e-02        79   1
        16  -2.000000e+00 -2.000000e+00  1.470089e-02        84   1
        17  -2.000000e+00 -2.000000e+00  1.555085e-02        89   1
        18  -2.000000e+00 -2.000000e+00  1.640391e-02        94   1
        19  -2.000000e+00 -2.000000e+00  1.728988e-02        99   1
        20  -2.000000e+00 -2.000000e+00  1.816297e-02       104   1
        21  -2.000000e+00 -2.000000e+00  1.944685e-02       113   1
        22  -2.000000e+00 -2.000000e+00  2.033901e-02       118   1
        23  -2.000000e+00 -2.000000e+00  2.127194e-02       123   1
        24  -2.000000e+00 -2.000000e+00  2.219296e-02       128   1
        25  -2.000000e+00 -2.000000e+00  2.310491e-02       133   1
        26  -2.000000e+00 -2.000000e+00  2.403188e-02       138   1
        27  -2.000000e+00 -2.000000e+00  2.501488e-02       143   1
        28  -2.000000e+00 -2.000000e+00  2.600002e-02       148   1
        29  -2.000000e+00 -2.000000e+00  2.695799e-02       153   1
        30  -2.000000e+00 -2.000000e+00  2.792597e-02       158   1
        31  -2.000000e+00 -2.000000e+00  2.892494e-02       163   1
        32  -2.000000e+00 -2.000000e+00  2.991986e-02       168   1
        33  -2.000000e+00 -2.000000e+00  3.091693e-02       173   1
        34  -2.000000e+00 -2.000000e+00  3.191900e-02       178   1
        35  -2.000000e+00 -2.000000e+00  7.254601e-02       183   1
        36  -2.000000e+00 -2.000000e+00  7.365704e-02       188   1
        37  -2.000000e+00 -2.000000e+00  7.471204e-02       193   1
        38  -2.000000e+00 -2.000000e+00  7.575798e-02       198   1
        39  -2.000000e+00 -2.000000e+00  7.682705e-02       203   1
        40  -2.000000e+00 -2.000000e+00  7.791591e-02       208   1
-------------------------------------------------------------------
status         : simulation_stopping
total time (s) : 7.791591e-02
total solves   : 208
best bound     : -2.000000e+00
simulation ci  : -1.887500e+00 ± 1.189300e-01
numeric issues : 0
-------------------------------------------------------------------

-------------------------------------------------------------------
         SDDP.jl (c) Oscar Dowson and contributors, 2017-23
-------------------------------------------------------------------
problem
  nodes           : 3
  state variables : 1
  scenarios       : Inf
  existing cuts   : false
options
  solver          : serial mode
  risk measure    : SDDP.Expectation()
  sampling scheme : SDDP.InSampleMonteCarlo
subproblem structure
  VariableRef                             : [6, 6]
  AffExpr in MOI.EqualTo{Float64}         : [2, 2]
  VariableRef in MOI.GreaterThan{Float64} : [5, 5]
  VariableRef in MOI.LessThan{Float64}    : [1, 1]
numerical stability report
  matrix range     [1e+00, 1e+00]
  objective range  [1e+00, 3e+00]
  bounds range     [5e+00, 2e+01]
  rhs range        [2e+00, 1e+01]
-------------------------------------------------------------------
 iteration    simulation      bound        time (s)     solves  pid
-------------------------------------------------------------------
         1   1.875000e+02  5.730907e+01  1.587751e-01       171   1
        16   9.106242e+02  2.307696e+02  1.165574e+00      5628   1
        32   3.397891e+02  2.352353e+02  2.177766e+00     10296   1
        55   2.069099e+02  2.361779e+02  3.223650e+00     14889   1
        81   2.555360e+02  2.363640e+02  4.263651e+00     19023   1
       100   3.810150e+02  2.364050e+02  5.124864e+00     22440   1
-------------------------------------------------------------------
status         : iteration_limit
total time (s) : 5.124864e+00
total solves   : 22440
best bound     :  2.364050e+02
simulation ci  :  2.175254e+02 ± 4.114733e+01
numeric issues : 0
-------------------------------------------------------------------

-------------------------------------------------------------------
         SDDP.jl (c) Oscar Dowson and contributors, 2017-23
-------------------------------------------------------------------
problem
  nodes           : 5
  state variables : 3
  scenarios       : 1.43489e+07
  existing cuts   : false
options
  solver          : serial mode
  risk measure    : SDDP.Expectation()
  sampling scheme : SDDP.InSampleMonteCarlo
subproblem structure
  VariableRef                             : [13, 13]
  AffExpr in MOI.EqualTo{Float64}         : [3, 3]
  AffExpr in MOI.LessThan{Float64}        : [1, 1]
  VariableRef in MOI.GreaterThan{Float64} : [7, 7]
  VariableRef in MOI.LessThan{Float64}    : [6, 7]
numerical stability report
  matrix range     [1e+00, 1e+00]
  objective range  [3e-01, 2e+00]
  bounds range     [5e-01, 5e+00]
  rhs range        [2e+00, 2e+00]
-------------------------------------------------------------------
 iteration    simulation      bound        time (s)     solves  pid
-------------------------------------------------------------------
        10  -4.922083e+00 -4.434638e+00  2.612920e-01      1400   1
        20  -4.706672e+00 -4.394888e+00  4.148459e-01      2800   1
        30  -4.335554e+00 -4.382121e+00  5.903811e-01      4200   1
        40  -4.694172e+00 -4.371073e+00  8.158660e-01      5600   1
        50  -4.399057e+00 -4.363820e+00  9.977760e-01      7000   1
        60  -4.160355e+00 -4.359161e+00  1.190375e+00      8400   1
        70  -4.058791e+00 -4.357014e+00  1.387394e+00      9800   1
        80  -4.021816e+00 -4.354824e+00  1.584966e+00     11200   1
        90  -4.183451e+00 -4.353510e+00  1.829368e+00     12600   1
       100  -4.427540e+00 -4.352317e+00  2.040419e+00     14000   1
-------------------------------------------------------------------
status         : iteration_limit
total time (s) : 2.040419e+00
total solves   : 14000
best bound     : -4.352317e+00
simulation ci  : -4.269762e+00 ± 9.083550e-02
numeric issues : 0
-------------------------------------------------------------------

-------------------------------------------------------------------
         SDDP.jl (c) Oscar Dowson and contributors, 2017-23
-------------------------------------------------------------------
problem
  nodes           : 5
  state variables : 1
  scenarios       : 1.00000e+05
  existing cuts   : false
options
  solver          : serial mode
  risk measure    : SDDP.Expectation()
  sampling scheme : SDDP.InSampleMonteCarlo
subproblem structure
  VariableRef                             : [5, 5]
  AffExpr in MOI.EqualTo{Float64}         : [1, 1]
  VariableRef in MOI.GreaterThan{Float64} : [3, 3]
  VariableRef in MOI.LessThan{Float64}    : [2, 3]
numerical stability report
  matrix range     [1e+00, 1e+00]
  objective range  [3e-01, 2e+00]
  bounds range     [5e-01, 2e+00]
  rhs range        [0e+00, 0e+00]
-------------------------------------------------------------------
 iteration    simulation      bound        time (s)     solves  pid
-------------------------------------------------------------------
        10  -1.565484e+00 -1.475189e+00  8.222985e-02      1050   1
        20  -1.727228e+00 -1.472181e+00  1.310878e-01      1600   1
        30  -1.496755e+00 -1.471454e+00  1.843369e-01      2150   1
        40  -1.359251e+00 -1.471203e+00  3.567498e-01      3200   1
        50  -1.553194e+00 -1.471127e+00  4.156508e-01      3750   1
        60  -1.497533e+00 -1.471090e+00  5.338109e-01      4800   1
        70  -1.210184e+00 -1.471075e+00  5.956810e-01      5350   1
        80  -1.221237e+00 -1.471075e+00  7.161558e-01      6400   1
        90  -1.661370e+00 -1.471075e+00  7.815299e-01      6950   1
        91  -1.587071e+00 -1.471075e+00  7.883248e-01      7005   1
-------------------------------------------------------------------
status         : simulation_stopping
total time (s) : 7.883248e-01
total solves   : 7005
best bound     : -1.471075e+00
simulation ci  : -1.469771e+00 ± 3.899941e-02
numeric issues : 0
-------------------------------------------------------------------

-------------------------------------------------------------------
         SDDP.jl (c) Oscar Dowson and contributors, 2017-23
-------------------------------------------------------------------
problem
  nodes           : 2
  state variables : 4
  scenarios       : 2.00000e+00
  existing cuts   : false
options
  solver          : serial mode
  risk measure    : SDDP.Expectation()
  sampling scheme : SDDP.InSampleMonteCarlo
subproblem structure
  VariableRef                             : [29, 29]
  AffExpr in MOI.EqualTo{Float64}         : [4, 5]
  AffExpr in MOI.GreaterThan{Float64}     : [3, 3]
  AffExpr in MOI.LessThan{Float64}        : [4, 4]
  VariableRef in MOI.GreaterThan{Float64} : [22, 22]
  VariableRef in MOI.LessThan{Float64}    : [1, 1]
numerical stability report
  matrix range     [1e+00, 1e+00]
  objective range  [1e+00, 1e+06]
  bounds range     [0e+00, 0e+00]
  rhs range        [0e+00, 0e+00]
-------------------------------------------------------------------
 iteration    simulation      bound        time (s)     solves  pid
-------------------------------------------------------------------
        10   3.455904e+05  3.147347e+05  1.107097e-02        54   1
        20   3.336455e+05  3.402383e+05  1.998901e-02       104   1
        30   3.337559e+05  3.403155e+05  3.098607e-02       158   1
        40   3.337559e+05  3.403155e+05  4.165292e-02       208   1
        48   3.337559e+05  3.403155e+05  5.102587e-02       248   1
-------------------------------------------------------------------
status         : simulation_stopping
total time (s) : 5.102587e-02
total solves   : 248
best bound     :  3.403155e+05
simulation ci  :  1.298465e+08 ± 1.785863e+08
numeric issues : 0
-------------------------------------------------------------------

-------------------------------------------------------------------
         SDDP.jl (c) Oscar Dowson and contributors, 2017-23
-------------------------------------------------------------------
problem
  nodes           : 3
  state variables : 4
  scenarios       : 4.00000e+00
  existing cuts   : false
options
  solver          : serial mode
  risk measure    : SDDP.Expectation()
  sampling scheme : SDDP.InSampleMonteCarlo
subproblem structure
  VariableRef                             : [29, 29]
  AffExpr in MOI.EqualTo{Float64}         : [4, 5]
  AffExpr in MOI.GreaterThan{Float64}     : [3, 3]
  AffExpr in MOI.LessThan{Float64}        : [4, 4]
  VariableRef in MOI.EqualTo{Float64}     : [3, 3]
  VariableRef in MOI.GreaterThan{Float64} : [22, 22]
  VariableRef in MOI.LessThan{Float64}    : [1, 1]
numerical stability report
  matrix range     [1e+00, 1e+00]
  objective range  [1e+00, 1e+05]
  bounds range     [0e+00, 0e+00]
  rhs range        [0e+00, 0e+00]
-------------------------------------------------------------------
 iteration    simulation      bound        time (s)     solves  pid
-------------------------------------------------------------------
        10   5.099074e+05  3.509666e+05  1.847100e-02        92   1
        20   4.055335e+05  4.054833e+05  3.401303e-02       172   1
        30   3.959476e+05  4.067125e+05  5.258393e-02       264   1
        40   3.959476e+05  4.067125e+05  7.222295e-02       344   1
        47   3.959476e+05  4.067125e+05  8.734393e-02       400   1
-------------------------------------------------------------------
status         : simulation_stopping
total time (s) : 8.734393e-02
total solves   : 400
best bound     :  4.067125e+05
simulation ci  :  3.369367e+07 ± 4.852922e+07
numeric issues : 0
-------------------------------------------------------------------

-------------------------------------------------------------------
         SDDP.jl (c) Oscar Dowson and contributors, 2017-23
-------------------------------------------------------------------
problem
  nodes           : 10
  state variables : 4
  scenarios       : 2.70000e+01
  existing cuts   : false
options
  solver          : serial mode
  risk measure    : SDDP.Expectation()
  sampling scheme : SDDP.InSampleMonteCarlo
subproblem structure
  VariableRef                             : [24, 24]
  AffExpr in MOI.EqualTo{Float64}         : [3, 3]
  AffExpr in MOI.GreaterThan{Float64}     : [1, 1]
  AffExpr in MOI.LessThan{Float64}        : [1, 6]
  VariableRef in MOI.GreaterThan{Float64} : [20, 20]
  VariableRef in MOI.LessThan{Float64}    : [1, 2]
numerical stability report
  matrix range     [1e+00, 8e+01]
  objective range  [1e+00, 1e+03]
  bounds range     [6e+01, 6e+01]
  rhs range        [2e+02, 3e+03]
-------------------------------------------------------------------
 iteration    simulation      bound        time (s)     solves  pid
-------------------------------------------------------------------
         1   8.316000e+03  0.000000e+00  1.386180e-01        14   1
        40   5.132230e+03  4.074139e+03  3.682861e-01       776   1
-------------------------------------------------------------------
status         : simulation_stopping
total time (s) : 3.682861e-01
total solves   : 776
best bound     :  4.074139e+03
simulation ci  :  3.830094e+03 ± 5.434074e+02
numeric issues : 0
-------------------------------------------------------------------

-------------------------------------------------------------------
         SDDP.jl (c) Oscar Dowson and contributors, 2017-23
-------------------------------------------------------------------
problem
  nodes           : 3
  state variables : 1
  scenarios       : 4.00000e+00
  existing cuts   : false
options
  solver          : serial mode
  risk measure    : SDDP.Expectation()
  sampling scheme : SDDP.InSampleMonteCarlo
subproblem structure
  VariableRef                             : [6, 6]
  AffExpr in MOI.EqualTo{Float64}         : [1, 1]
  VariableRef in MOI.GreaterThan{Float64} : [4, 4]
  VariableRef in MOI.Integer              : [3, 3]
  VariableRef in MOI.LessThan{Float64}    : [2, 3]
numerical stability report
  matrix range     [1e+00, 1e+00]
  objective range  [1e+00, 3e+02]
  bounds range     [1e+02, 2e+02]
  rhs range        [0e+00, 0e+00]
-------------------------------------------------------------------
 iteration    simulation      bound        time (s)     solves  pid
-------------------------------------------------------------------
         1L  1.100000e+05  6.166667e+04  4.719892e-01         8   1
        40L  9.500000e+04  6.250000e+04  8.433051e-01       344   1
-------------------------------------------------------------------
status         : simulation_stopping
total time (s) : 8.433051e-01
total solves   : 344
best bound     :  6.250000e+04
simulation ci  :  6.403750e+04 ± 7.378039e+03
numeric issues : 0
-------------------------------------------------------------------

-------------------------------------------------------------------
         SDDP.jl (c) Oscar Dowson and contributors, 2017-23
-------------------------------------------------------------------
problem
  nodes           : 3
  state variables : 1
  scenarios       : 4.00000e+00
  existing cuts   : false
options
  solver          : serial mode
  risk measure    : SDDP.Expectation()
  sampling scheme : SDDP.InSampleMonteCarlo
subproblem structure
  VariableRef                             : [6, 6]
  AffExpr in MOI.EqualTo{Float64}         : [1, 1]
  VariableRef in MOI.GreaterThan{Float64} : [4, 4]
  VariableRef in MOI.Integer              : [3, 3]
  VariableRef in MOI.LessThan{Float64}    : [2, 3]
numerical stability report
  matrix range     [1e+00, 1e+00]
  objective range  [1e+00, 3e+02]
  bounds range     [1e+02, 2e+02]
  rhs range        [0e+00, 0e+00]
-------------------------------------------------------------------
 iteration    simulation      bound        time (s)     solves  pid
-------------------------------------------------------------------
         1   3.000000e+04  6.250000e+04  5.237818e-03         8   1
        20   9.500000e+04  6.250000e+04  7.302189e-02       172   1
-------------------------------------------------------------------
status         : simulation_stopping
total time (s) : 7.302189e-02
total solves   : 172
best bound     :  6.250000e+04
simulation ci  :  5.900000e+04 ± 8.953666e+03
numeric issues : 0
-------------------------------------------------------------------

-------------------------------------------------------------------
         SDDP.jl (c) Oscar Dowson and contributors, 2017-23
-------------------------------------------------------------------
problem
  nodes           : 3
  state variables : 1
  scenarios       : 4.00000e+00
  existing cuts   : false
options
  solver          : serial mode
  risk measure    : SDDP.Expectation()
  sampling scheme : SDDP.InSampleMonteCarlo
subproblem structure
  VariableRef                             : [5, 5]
  AffExpr in MOI.EqualTo{Float64}         : [1, 1]
  VariableRef in MOI.GreaterThan{Float64} : [4, 4]
  VariableRef in MOI.LessThan{Float64}    : [2, 3]
numerical stability report
  matrix range     [1e+00, 1e+00]
  objective range  [1e+00, 3e+02]
  bounds range     [1e+02, 2e+02]
  rhs range        [1e+02, 3e+02]
-------------------------------------------------------------------
 iteration    simulation      bound        time (s)     solves  pid
-------------------------------------------------------------------
         1   7.000000e+04  6.250000e+04  6.139994e-03         5   1
        10   4.000000e+04  6.250000e+04  2.462506e-02        50   1
-------------------------------------------------------------------
status         : iteration_limit
total time (s) : 2.462506e-02
total solves   : 50
best bound     :  6.250000e+04
simulation ci  :  6.300000e+04 ± 1.188636e+04
numeric issues : 0
-------------------------------------------------------------------

-------------------------------------------------------------------
         SDDP.jl (c) Oscar Dowson and contributors, 2017-23
-------------------------------------------------------------------
problem
  nodes           : 3
  state variables : 2
  scenarios       : 1.00000e+00
  existing cuts   : false
options
  solver          : serial mode
  risk measure    : SDDP.Expectation()
  sampling scheme : SDDP.InSampleMonteCarlo
subproblem structure
  VariableRef                             : [6, 6]
  AffExpr in MOI.EqualTo{Float64}         : [2, 2]
  VariableRef in MOI.GreaterThan{Float64} : [2, 3]
  VariableRef in MOI.LessThan{Float64}    : [3, 3]
  VariableRef in MOI.ZeroOne              : [3, 3]
numerical stability report
  matrix range     [1e+00, 1e+00]
  objective range  [1e+00, 6e+00]
  bounds range     [1e+00, 1e+02]
  rhs range        [0e+00, 0e+00]
-------------------------------------------------------------------
 iteration    simulation      bound        time (s)     solves  pid
-------------------------------------------------------------------
         1L  6.000000e+00  9.000000e+00  6.186104e-02         6   1
        20L  9.000000e+00  9.000000e+00  1.278911e-01       123   1
-------------------------------------------------------------------
status         : simulation_stopping
total time (s) : 1.278911e-01
total solves   : 123
best bound     :  9.000000e+00
simulation ci  :  8.850000e+00 ± 2.940000e-01
numeric issues : 0
-------------------------------------------------------------------

-------------------------------------------------------------------
         SDDP.jl (c) Oscar Dowson and contributors, 2017-23
-------------------------------------------------------------------
problem
  nodes           : 7
  state variables : 2
  scenarios       : 8.00000e+00
  existing cuts   : false
options
  solver          : serial mode
  risk measure    : SDDP.Expectation()
  sampling scheme : SDDP.InSampleMonteCarlo
subproblem structure
  VariableRef                             : [5, 7]
  AffExpr in MOI.EqualTo{Float64}         : [1, 1]
  VariableRef in MOI.GreaterThan{Float64} : [3, 5]
  VariableRef in MOI.LessThan{Float64}    : [1, 1]
numerical stability report
  matrix range     [1e+00, 1e+00]
  objective range  [1e+00, 4e+00]
  bounds range     [1e+03, 1e+03]
  rhs range        [6e+01, 8e+01]
-------------------------------------------------------------------
 iteration    simulation      bound        time (s)     solves  pid
-------------------------------------------------------------------
         5   3.820112e+01  4.739851e-01  1.552391e-02        87   1
        10  -9.185804e-01  1.470936e+00  2.435493e-02       142   1
        15   2.842171e-14  1.514085e+00  3.385305e-02       197   1
        20   4.864000e+01  1.514085e+00  4.471707e-02       252   1
        25  -5.115908e-13  1.514085e+00  1.437171e-01       339   1
        30  -5.684342e-14  1.514085e+00  1.557801e-01       394   1
        35  -1.428571e+00  1.514085e+00  1.682351e-01       449   1
        40  -1.428571e+00  1.514085e+00  1.816440e-01       504   1
-------------------------------------------------------------------
status         : simulation_stopping
total time (s) : 1.816440e-01
total solves   : 504
best bound     :  1.514085e+00
simulation ci  :  1.484895e-01 ± 4.500713e+00
numeric issues : 0
-------------------------------------------------------------------

-------------------------------------------------------------------
         SDDP.jl (c) Oscar Dowson and contributors, 2017-23
-------------------------------------------------------------------
problem
  nodes           : 7
  state variables : 2
  scenarios       : 3.20000e+01
  existing cuts   : false
options
  solver          : serial mode
  risk measure    : #4
  sampling scheme : SDDP.InSampleMonteCarlo
subproblem structure
  VariableRef                             : [5, 7]
  AffExpr in MOI.EqualTo{Float64}         : [1, 1]
  VariableRef in MOI.GreaterThan{Float64} : [2, 5]
  VariableRef in MOI.LessThan{Float64}    : [1, 1]
numerical stability report
  matrix range     [1e+00, 1e+00]
  objective range  [2e-02, 4e+00]
  bounds range     [1e+03, 1e+03]
  rhs range        [6e+01, 8e+01]
-------------------------------------------------------------------
 iteration    simulation      bound        time (s)     solves  pid
-------------------------------------------------------------------
        10   4.334699e-01  2.295721e+00  2.239370e-01       278   1
        20   3.236628e+00  1.278659e+00  2.530909e-01       428   1
        30  -3.575118e+00  1.278410e+00  2.833080e-01       578   1
        40  -1.787775e+01  1.278410e+00  3.680460e-01       856   1
        50  -4.523775e+01  1.278410e+00  4.037080e-01      1006   1
-------------------------------------------------------------------
status         : simulation_stopping
total time (s) : 4.037080e-01
total solves   : 1006
best bound     :  1.278410e+00
simulation ci  :  1.160144e+00 ± 5.028387e+00
numeric issues : 0
-------------------------------------------------------------------

-------------------------------------------------------------------
         SDDP.jl (c) Oscar Dowson and contributors, 2017-23
-------------------------------------------------------------------
problem
  nodes           : 7
  state variables : 2
  scenarios       : 3.20000e+01
  existing cuts   : false
options
  solver          : serial mode
  risk measure    : #4
  sampling scheme : SDDP.InSampleMonteCarlo
subproblem structure
  VariableRef                             : [5, 7]
  AffExpr in MOI.EqualTo{Float64}         : [1, 1]
  VariableRef in MOI.GreaterThan{Float64} : [2, 5]
  VariableRef in MOI.LessThan{Float64}    : [1, 1]
numerical stability report
  matrix range     [1e+00, 1e+00]
  objective range  [2e-02, 4e+00]
  bounds range     [1e+03, 1e+03]
  rhs range        [6e+01, 8e+01]
-------------------------------------------------------------------
 iteration    simulation      bound        time (s)     solves  pid
-------------------------------------------------------------------
        10  -5.614035e+00  1.278410e+00  4.929113e-02       278   1
        20   3.014193e+01  1.278410e+00  9.117913e-02       428   1
        30   1.111084e+01  1.278410e+00  1.547880e-01       706   1
        40   1.522212e+00  1.278410e+00  2.153940e-01       856   1
-------------------------------------------------------------------
status         : simulation_stopping
total time (s) : 2.153940e-01
total solves   : 856
best bound     :  1.278410e+00
simulation ci  :  2.093524e+00 ± 6.946229e+00
numeric issues : 0
-------------------------------------------------------------------

-------------------------------------------------------------------
         SDDP.jl (c) Oscar Dowson and contributors, 2017-23
-------------------------------------------------------------------
problem
  nodes           : 4
  state variables : 1
  scenarios       : Inf
  existing cuts   : false
options
  solver          : serial mode
  risk measure    : SDDP.Expectation()
  sampling scheme : SDDP.InSampleMonteCarlo
subproblem structure
  VariableRef                             : [7, 7]
  AffExpr in MOI.EqualTo{Float64}         : [1, 1]
  AffExpr in MOI.GreaterThan{Float64}     : [2, 2]
  VariableRef in MOI.EqualTo{Float64}     : [1, 1]
  VariableRef in MOI.GreaterThan{Float64} : [5, 5]
  VariableRef in MOI.LessThan{Float64}    : [3, 3]
numerical stability report
  matrix range     [1e+00, 1e+00]
  objective range  [1e+00, 2e+00]
  bounds range     [2e+00, 1e+02]
  rhs range        [0e+00, 0e+00]
-------------------------------------------------------------------
 iteration    simulation      bound        time (s)     solves  pid
-------------------------------------------------------------------
        10   4.787277e+00  9.346930e+00  1.360662e+00       900   1
        20   6.374753e+00  1.361934e+01  1.607638e+00      1720   1
        30   2.813321e+01  1.651297e+01  2.116595e+00      3036   1
        40   1.654759e+01  1.632970e+01  2.644942e+00      4192   1
        50   3.570941e+00  1.846889e+01  3.037811e+00      5020   1
        60   1.087425e+01  1.890254e+01  3.459015e+00      5808   1
        70   9.381610e+00  1.940320e+01  3.913547e+00      6540   1
        80   5.648731e+01  1.962435e+01  4.206967e+00      7088   1
        90   3.879273e+01  1.981008e+01  4.901420e+00      8180   1
       100   7.870187e+00  1.997117e+01  5.216071e+00      8664   1
-------------------------------------------------------------------
status         : iteration_limit
total time (s) : 5.216071e+00
total solves   : 8664
best bound     :  1.997117e+01
simulation ci  :  2.275399e+01 ± 4.541987e+00
numeric issues : 0
-------------------------------------------------------------------

-------------------------------------------------------------------
         SDDP.jl (c) Oscar Dowson and contributors, 2017-23
-------------------------------------------------------------------
problem
  nodes           : 5
  state variables : 2
  scenarios       : 3.20000e+01
  existing cuts   : false
options
  solver          : serial mode
  risk measure    : SDDP.Expectation()
  sampling scheme : SDDP.InSampleMonteCarlo
subproblem structure
  VariableRef                             : [10, 10]
  AffExpr in MOI.EqualTo{Float64}         : [2, 2]
  AffExpr in MOI.GreaterThan{Float64}     : [2, 2]
  AffExpr in MOI.LessThan{Float64}        : [6, 6]
  VariableRef in MOI.GreaterThan{Float64} : [5, 6]
  VariableRef in MOI.LessThan{Float64}    : [6, 6]
  VariableRef in MOI.ZeroOne              : [5, 5]
numerical stability report
  matrix range     [1e+00, 1e+00]
  objective range  [1e+00, 6e+00]
  bounds range     [1e+00, 1e+01]
  rhs range        [1e+00, 1e+00]
-------------------------------------------------------------------
 iteration    simulation      bound        time (s)     solves  pid
-------------------------------------------------------------------
         5   9.000000e+00  9.002950e+00  2.378430e-01       235   1
        10   4.000000e+00  9.002950e+00  2.742159e-01       310   1
        15   4.000000e+00  9.002950e+00  3.117499e-01       385   1
        20   4.000000e+00  9.002950e+00  3.497939e-01       460   1
        25   1.000000e+01  9.002950e+00  4.517889e-01       695   1
        30   5.000000e+00  9.002950e+00  4.912059e-01       770   1
        35   1.000000e+01  9.002950e+00  5.325060e-01       845   1
        40   5.000000e+00  9.002950e+00  5.740340e-01       920   1
-------------------------------------------------------------------
status         : simulation_stopping
total time (s) : 5.740340e-01
total solves   : 920
best bound     :  9.002950e+00
simulation ci  :  6.375000e+00 ± 7.930178e-01
numeric issues : 0
-------------------------------------------------------------------

-------------------------------------------------------------------
         SDDP.jl (c) Oscar Dowson and contributors, 2017-23
-------------------------------------------------------------------
problem
  nodes           : 3
  state variables : 4
  scenarios       : 2.16000e+02
  existing cuts   : false
options
  solver          : serial mode
  risk measure    : SDDP.Expectation()
  sampling scheme : SDDP.InSampleMonteCarlo
subproblem structure
  VariableRef                             : [18, 18]
  AffExpr in MOI.EqualTo{Float64}         : [4, 4]
  AffExpr in MOI.GreaterThan{Float64}     : [4, 4]
  AffExpr in MOI.LessThan{Float64}        : [12, 12]
  VariableRef in MOI.GreaterThan{Float64} : [9, 10]
  VariableRef in MOI.LessThan{Float64}    : [10, 10]
  VariableRef in MOI.ZeroOne              : [9, 9]
numerical stability report
  matrix range     [1e+00, 1e+00]
  objective range  [1e+00, 4e+00]
  bounds range     [1e+00, 2e+01]
  rhs range        [1e+00, 1e+00]
-------------------------------------------------------------------
 iteration    simulation      bound        time (s)     solves  pid
-------------------------------------------------------------------
        10   1.000000e+01  6.868919e+00  1.532261e-01       510   1
        20   2.000000e+00  6.834387e+00  2.419341e-01       720   1
        30   1.200000e+01  6.834387e+00  4.421411e-01      1230   1
        40   7.000000e+00  6.823805e+00  5.327401e-01      1440   1
        50   7.000000e+00  6.823805e+00  7.793381e-01      1950   1
        60   5.000000e+00  6.823805e+00  8.711131e-01      2160   1
-------------------------------------------------------------------
status         : simulation_stopping
total time (s) : 8.711131e-01
total solves   : 2160
best bound     :  6.823805e+00
simulation ci  :  6.200000e+00 ± 6.281544e-01
numeric issues : 0
-------------------------------------------------------------------

-------------------------------------------------------------------
         SDDP.jl (c) Oscar Dowson and contributors, 2017-23
-------------------------------------------------------------------
problem
  nodes           : 5
  state variables : 5
  scenarios       : 3.27680e+04
  existing cuts   : false
options
  solver          : serial mode
  risk measure    : SDDP.Expectation()
  sampling scheme : SDDP.InSampleMonteCarlo
subproblem structure
  VariableRef                             : [14, 14]
  AffExpr in MOI.GreaterThan{Float64}     : [7, 7]
  AffExpr in MOI.LessThan{Float64}        : [4, 4]
  VariableRef in MOI.GreaterThan{Float64} : [8, 8]
  VariableRef in MOI.Integer              : [5, 5]
  VariableRef in MOI.LessThan{Float64}    : [5, 6]
numerical stability report
  matrix range     [1e+00, 1e+00]
  objective range  [1e+00, 5e+05]
  bounds range     [1e+00, 1e+00]
  rhs range        [0e+00, 0e+00]
-------------------------------------------------------------------
 iteration    simulation      bound        time (s)     solves  pid
-------------------------------------------------------------------
        10   2.549668e+06  2.078257e+06  8.999150e-01       920   1
        20   5.494568e+05  2.078257e+06  1.281347e+00      1340   1
        30   4.985879e+04  2.078257e+06  2.247772e+00      2260   1
        40   3.799447e+06  2.078257e+06  2.706151e+00      2680   1
        50   1.049867e+06  2.078257e+06  3.690944e+00      3600   1
        60   3.985191e+04  2.078257e+06  4.098222e+00      4020   1
-------------------------------------------------------------------
status         : simulation_stopping
total time (s) : 4.098222e+00
total solves   : 4020
best bound     :  2.078257e+06
simulation ci  :  2.031697e+06 ± 3.922745e+05
numeric issues : 0
-------------------------------------------------------------------

-------------------------------------------------------------------
         SDDP.jl (c) Oscar Dowson and contributors, 2017-23
-------------------------------------------------------------------
problem
  nodes           : 5
  state variables : 5
  scenarios       : 3.27680e+04
  existing cuts   : false
options
  solver          : serial mode
  risk measure    : SDDP.Expectation()
  sampling scheme : SDDP.InSampleMonteCarlo
subproblem structure
  VariableRef                             : [14, 14]
  AffExpr in MOI.GreaterThan{Float64}     : [7, 7]
  AffExpr in MOI.LessThan{Float64}        : [4, 4]
  VariableRef in MOI.GreaterThan{Float64} : [8, 8]
  VariableRef in MOI.Integer              : [5, 5]
  VariableRef in MOI.LessThan{Float64}    : [5, 6]
numerical stability report
  matrix range     [1e+00, 1e+00]
  objective range  [1e+00, 5e+05]
  bounds range     [1e+00, 1e+00]
  rhs range        [0e+00, 0e+00]
-------------------------------------------------------------------
 iteration    simulation      bound        time (s)     solves  pid
-------------------------------------------------------------------
        10L  4.986663e+04  2.079056e+06  1.790636e+00       920   1
        20L  3.799878e+06  2.079267e+06  3.114230e+00      1340   1
        30L  3.003923e+04  2.079457e+06  5.198419e+00      2260   1
        40L  5.549882e+06  2.079457e+06  6.654450e+00      2680   1
        50L  2.799466e+06  2.079457e+06  8.792313e+00      3600   1
        60L  3.549880e+06  2.079457e+06  1.021473e+01      4020   1
-------------------------------------------------------------------
status         : simulation_stopping
total time (s) : 1.021473e+01
total solves   : 4020
best bound     :  2.079457e+06
simulation ci  :  2.352197e+06 ± 5.377546e+05
numeric issues : 0
-------------------------------------------------------------------

-------------------------------------------------------------------
         SDDP.jl (c) Oscar Dowson and contributors, 2017-23
-------------------------------------------------------------------
problem
  nodes           : 1
  state variables : 1
  scenarios       : Inf
  existing cuts   : false
options
  solver          : serial mode
  risk measure    : SDDP.Expectation()
  sampling scheme : SDDP.InSampleMonteCarlo
subproblem structure
  VariableRef                             : [8, 8]
  AffExpr in MOI.EqualTo{Float64}         : [2, 2]
  VariableRef in MOI.GreaterThan{Float64} : [5, 5]
  VariableRef in MOI.LessThan{Float64}    : [1, 1]
numerical stability report
  matrix range     [1e+00, 1e+00]
  objective range  [1e+00, 1e+01]
  bounds range     [5e+00, 2e+01]
  rhs range        [0e+00, 0e+00]
-------------------------------------------------------------------
 iteration    simulation      bound        time (s)     solves  pid
-------------------------------------------------------------------
       100   2.500000e+01  1.188965e+02  8.414049e-01      1946   1
       200   2.500000e+01  1.191634e+02  1.182174e+00      3920   1
       300   0.000000e+00  1.191666e+02  1.465991e+00      5902   1
       330   2.500000e+01  1.191667e+02  1.524385e+00      6224   1
-------------------------------------------------------------------
status         : simulation_stopping
total time (s) : 1.524385e+00
total solves   : 6224
best bound     :  1.191667e+02
simulation ci  :  2.158333e+01 ± 3.290252e+00
numeric issues : 0
-------------------------------------------------------------------

-------------------------------------------------------------------
         SDDP.jl (c) Oscar Dowson and contributors, 2017-23
-------------------------------------------------------------------
problem
  nodes           : 1
  state variables : 1
  scenarios       : Inf
  existing cuts   : false
options
  solver          : serial mode
  risk measure    : SDDP.Expectation()
  sampling scheme : SDDP.InSampleMonteCarlo
subproblem structure
  VariableRef                             : [8, 8]
  AffExpr in MOI.EqualTo{Float64}         : [2, 2]
  VariableRef in MOI.GreaterThan{Float64} : [5, 5]
  VariableRef in MOI.LessThan{Float64}    : [1, 1]
numerical stability report
  matrix range     [1e+00, 1e+00]
  objective range  [1e+00, 1e+01]
  bounds range     [5e+00, 2e+01]
  rhs range        [0e+00, 0e+00]
-------------------------------------------------------------------
 iteration    simulation      bound        time (s)     solves  pid
-------------------------------------------------------------------
       100   0.000000e+00  1.191285e+02  3.991678e-01      2874   1
       200   2.500000e+00  1.191666e+02  7.654400e-01      4855   1
       282   7.500000e+00  1.191667e+02  9.611230e-01      5733   1
-------------------------------------------------------------------
status         : simulation_stopping
total time (s) : 9.611230e-01
total solves   : 5733
best bound     :  1.191667e+02
simulation ci  :  2.104610e+01 ± 3.492245e+00
numeric issues : 0
-------------------------------------------------------------------

-------------------------------------------------------------------
         SDDP.jl (c) Oscar Dowson and contributors, 2017-23
-------------------------------------------------------------------
problem
  nodes           : 1
  state variables : 1
  scenarios       : Inf
  existing cuts   : false
options
  solver          : serial mode
  risk measure    : SDDP.Expectation()
  sampling scheme : SDDP.InSampleMonteCarlo
subproblem structure
  VariableRef                             : [3, 3]
  AffExpr in MOI.EqualTo{Float64}         : [1, 1]
  VariableRef in MOI.GreaterThan{Float64} : [1, 1]
numerical stability report
  matrix range     [1e+00, 1e+00]
  objective range  [1e+00, 1e+00]
  bounds range     [0e+00, 0e+00]
  rhs range        [0e+00, 0e+00]
-------------------------------------------------------------------
 iteration    simulation      bound        time (s)     solves  pid
-------------------------------------------------------------------
        10   4.000000e+00  1.997089e+01  7.708001e-02      1204   1
        20   8.000000e+00  2.000000e+01  1.039391e-01      1420   1
        30   1.600000e+01  2.000000e+01  1.837170e-01      2628   1
        40   8.000000e+00  2.000000e+01  2.148399e-01      2834   1
-------------------------------------------------------------------
status         : simulation_stopping
total time (s) : 2.148399e-01
total solves   : 2834
best bound     :  2.000000e+01
simulation ci  :  1.625000e+01 ± 4.766381e+00
numeric issues : 0
-------------------------------------------------------------------

-------------------------------------------------------------------
         SDDP.jl (c) Oscar Dowson and contributors, 2017-23
-------------------------------------------------------------------
problem
  nodes           : 1
  state variables : 1
  scenarios       : Inf
  existing cuts   : false
options
  solver          : serial mode
  risk measure    : SDDP.Expectation()
  sampling scheme : SDDP.InSampleMonteCarlo
subproblem structure
  VariableRef                             : [3, 3]
  AffExpr in MOI.EqualTo{Float64}         : [1, 1]
  VariableRef in MOI.GreaterThan{Float64} : [1, 1]
numerical stability report
  matrix range     [1e+00, 1e+00]
  objective range  [1e+00, 1e+00]
  bounds range     [0e+00, 0e+00]
  rhs range        [0e+00, 0e+00]
-------------------------------------------------------------------
 iteration    simulation      bound        time (s)     solves  pid
-------------------------------------------------------------------
         1   1.000000e+00  1.500000e+00  1.676083e-03         3   1
        40   4.000000e+00  2.000000e+00  5.271006e-02       578   1
-------------------------------------------------------------------
status         : simulation_stopping
total time (s) : 5.271006e-02
total solves   : 578
best bound     :  2.000000e+00
simulation ci  :  1.950000e+00 ± 5.568095e-01
numeric issues : 0
-------------------------------------------------------------------

-------------------------------------------------------------------
         SDDP.jl (c) Oscar Dowson and contributors, 2017-23
-------------------------------------------------------------------
problem
  nodes           : 3
  state variables : 1
  scenarios       : 8.51840e+04
  existing cuts   : false
options
  solver          : serial mode
  risk measure    : SDDP.Expectation()
  sampling scheme : SDDP.InSampleMonteCarlo
subproblem structure
  VariableRef                             : [6, 6]
  AffExpr in MOI.EqualTo{Float64}         : [1, 3]
  AffExpr in MOI.LessThan{Float64}        : [2, 2]
  VariableRef in MOI.GreaterThan{Float64} : [3, 4]
  VariableRef in MOI.LessThan{Float64}    : [3, 3]
numerical stability report
  matrix range     [8e-01, 2e+00]
  objective range  [1e+00, 2e+00]
  bounds range     [1e+00, 1e+02]
  rhs range        [5e+01, 5e+01]
-------------------------------------------------------------------
 iteration    simulation      bound        time (s)     solves  pid
-------------------------------------------------------------------
        10   5.250000e+00  4.888669e+00  2.329440e-01      1350   1
        20   4.350000e+00  4.105556e+00  3.416770e-01      2700   1
        30   5.000000e+00  4.099889e+00  5.084910e-01      4050   1
        40   3.500000e+00  4.096596e+00  6.469159e-01      5400   1
        50   5.250000e+00  4.095112e+00  7.936230e-01      6750   1
        60   3.643750e+00  4.092827e+00  9.449549e-01      8100   1
        70   2.643750e+00  4.091514e+00  1.096050e+00      9450   1
        80   5.087500e+00  4.091301e+00  1.292982e+00     10800   1
        90   5.062500e+00  4.090986e+00  1.444601e+00     12150   1
       100   4.843750e+00  4.086917e+00  1.612485e+00     13500   1
       110   3.400000e+00  4.085985e+00  1.781361e+00     14850   1
       120   3.375000e+00  4.085819e+00  1.957960e+00     16200   1
       130   5.025000e+00  4.085765e+00  2.178948e+00     17550   1
       140   5.000000e+00  4.085640e+00  2.354921e+00     18900   1
       150   3.500000e+00  4.085560e+00  2.528897e+00     20250   1
       160   4.281250e+00  4.085411e+00  2.698151e+00     21600   1
       170   4.562500e+00  4.085379e+00  2.871749e+00     22950   1
       180   5.768750e+00  4.085379e+00  3.070242e+00     24300   1
       190   3.468750e+00  4.085337e+00  3.255992e+00     25650   1
       200   4.131250e+00  4.085202e+00  3.440101e+00     27000   1
       210   4.512500e+00  4.085132e+00  3.622815e+00     28350   1
       220   4.900000e+00  4.085130e+00  3.831625e+00     29700   1
       230   4.025000e+00  4.085111e+00  4.014517e+00     31050   1
       240   4.468750e+00  4.085094e+00  4.207300e+00     32400   1
       250   4.062500e+00  4.085056e+00  4.399171e+00     33750   1
       260   4.875000e+00  4.085019e+00  4.596366e+00     35100   1
       270   3.850000e+00  4.084990e+00  4.818153e+00     36450   1
       280   4.912500e+00  4.084971e+00  5.015270e+00     37800   1
       290   2.987500e+00  4.084965e+00  5.223146e+00     39150   1
       300   3.825000e+00  4.084940e+00  5.434308e+00     40500   1
       310   3.250000e+00  4.084900e+00  5.640159e+00     41850   1
       320   3.537500e+00  4.084889e+00  5.872090e+00     43200   1
       330   3.950000e+00  4.084889e+00  6.061490e+00     44550   1
       340   4.500000e+00  4.084886e+00  6.265249e+00     45900   1
       350   5.000000e+00  4.084886e+00  6.469454e+00     47250   1
       360   3.075000e+00  4.084864e+00  6.700317e+00     48600   1
       370   3.500000e+00  4.084859e+00  6.917453e+00     49950   1
       380   3.356250e+00  4.084854e+00  7.133683e+00     51300   1
       390   5.500000e+00  4.084839e+00  7.361093e+00     52650   1
       400   4.475000e+00  4.084834e+00  7.570504e+00     54000   1
       410   3.750000e+00  4.084832e+00  7.806222e+00     55350   1
       420   3.687500e+00  4.084832e+00  8.028981e+00     56700   1
       430   4.337500e+00  4.084811e+00  8.255275e+00     58050   1
       440   5.750000e+00  4.084811e+00  8.452442e+00     59400   1
       450   4.937500e+00  4.084776e+00  8.705562e+00     60750   1
       460   3.600000e+00  4.084776e+00  8.919223e+00     62100   1
       470   4.387500e+00  4.084776e+00  9.126675e+00     63450   1
       480   4.000000e+00  4.084771e+00  9.354462e+00     64800   1
       490   2.975000e+00  4.084769e+00  9.602549e+00     66150   1
       500   3.125000e+00  4.084769e+00  9.823150e+00     67500   1
       510   4.250000e+00  4.084769e+00  1.005864e+01     68850   1
       520   4.525000e+00  4.084767e+00  1.027278e+01     70200   1
       530   3.875000e+00  4.084767e+00  1.051016e+01     71550   1
       540   4.387500e+00  4.084762e+00  1.077785e+01     72900   1
       550   5.287500e+00  4.084762e+00  1.101537e+01     74250   1
       560   4.650000e+00  4.084762e+00  1.123734e+01     75600   1
       570   3.062500e+00  4.084762e+00  1.146310e+01     76950   1
       580   3.187500e+00  4.084758e+00  1.170651e+01     78300   1
       590   3.812500e+00  4.084758e+00  1.192063e+01     79650   1
       600   3.637500e+00  4.084746e+00  1.215150e+01     81000   1
       610   3.925000e+00  4.084746e+00  1.238552e+01     82350   1
       620   4.625000e+00  4.084746e+00  1.265012e+01     83700   1
       630   4.218750e+00  4.084746e+00  1.289713e+01     85050   1
       640   3.025000e+00  4.084746e+00  1.314489e+01     86400   1
       650   2.993750e+00  4.084746e+00  1.337465e+01     87750   1
       660   3.262500e+00  4.084746e+00  1.363912e+01     89100   1
       670   3.575000e+00  4.084746e+00  1.388937e+01     90450   1
       680   2.981250e+00  4.084746e+00  1.413146e+01     91800   1
       690   4.187500e+00  4.084746e+00  1.438270e+01     93150   1
       700   4.500000e+00  4.084746e+00  1.465069e+01     94500   1
       710   3.225000e+00  4.084746e+00  1.489600e+01     95850   1
       720   4.375000e+00  4.084746e+00  1.515498e+01     97200   1
       730   2.650000e+00  4.084746e+00  1.541372e+01     98550   1
       740   3.250000e+00  4.084746e+00  1.568454e+01     99900   1
       750   4.725000e+00  4.084746e+00  1.595116e+01    101250   1
       760   3.375000e+00  4.084746e+00  1.621089e+01    102600   1
       770   5.375000e+00  4.084746e+00  1.646881e+01    103950   1
       780   4.068750e+00  4.084746e+00  1.675978e+01    105300   1
       790   4.412500e+00  4.084746e+00  1.702225e+01    106650   1
       800   4.350000e+00  4.084746e+00  1.729008e+01    108000   1
       810   5.900000e+00  4.084746e+00  1.755905e+01    109350   1
       820   4.912500e+00  4.084746e+00  1.782860e+01    110700   1
       830   4.387500e+00  4.084746e+00  1.811288e+01    112050   1
       840   3.712500e+00  4.084746e+00  1.839258e+01    113400   1
       850   5.375000e+00  4.084746e+00  1.865577e+01    114750   1
       860   3.562500e+00  4.084746e+00  1.892262e+01    116100   1
       870   3.075000e+00  4.084746e+00  1.922917e+01    117450   1
       880   3.625000e+00  4.084746e+00  1.949795e+01    118800   1
       890   2.937500e+00  4.084746e+00  1.976174e+01    120150   1
       899   4.625000e+00  4.084746e+00  2.000919e+01    121365   1
-------------------------------------------------------------------
status         : time_limit
total time (s) : 2.000919e+01
total solves   : 121365
best bound     :  4.084746e+00
simulation ci  :  4.074263e+00 ± 4.796483e-02
numeric issues : 0
-------------------------------------------------------------------

-------------------------------------------------------------------
         SDDP.jl (c) Oscar Dowson and contributors, 2017-23
-------------------------------------------------------------------
problem
  nodes           : 3
  state variables : 1
  scenarios       : 8.51840e+04
  existing cuts   : false
options
  solver          : serial mode
  risk measure    : SDDP.Expectation()
  sampling scheme : SDDP.InSampleMonteCarlo
subproblem structure
  VariableRef                             : [6, 6]
  AffExpr in MOI.EqualTo{Float64}         : [1, 3]
  AffExpr in MOI.LessThan{Float64}        : [2, 2]
  VariableRef in MOI.GreaterThan{Float64} : [3, 4]
  VariableRef in MOI.LessThan{Float64}    : [3, 3]
numerical stability report
  matrix range     [8e-01, 2e+00]
  objective range  [1e+00, 2e+00]
  bounds range     [1e+00, 1e+02]
  rhs range        [5e+01, 5e+01]
-------------------------------------------------------------------
 iteration    simulation      bound        time (s)     solves  pid
-------------------------------------------------------------------
        10   4.375000e+00  5.812024e+00  3.232729e-01      1350   1
        20   4.725000e+00  4.057984e+00  8.629899e-01      2700   1
        30   4.737500e+00  4.051809e+00  1.563110e+00      4050   1
        40   4.875000e+00  4.039140e+00  2.496225e+00      5400   1
        50   3.062500e+00  4.038400e+00  3.674054e+00      6750   1
        60   4.250000e+00  4.038186e+00  5.033077e+00      8100   1
        70   5.343750e+00  4.038018e+00  6.468061e+00      9450   1
        80   4.375000e+00  4.037856e+00  8.197761e+00     10800   1
        90   4.062500e+00  4.037691e+00  1.007873e+01     12150   1
       100   3.581250e+00  4.037585e+00  1.207707e+01     13500   1
       110   4.125000e+00  4.037585e+00  1.419986e+01     14850   1
       120   5.375000e+00  4.037585e+00  1.662793e+01     16200   1
       130   6.000000e+00  4.037586e+00  1.892525e+01     17550   1
       135   4.137500e+00  4.037577e+00  2.018427e+01     18225   1
-------------------------------------------------------------------
status         : time_limit
total time (s) : 2.018427e+01
total solves   : 18225
best bound     :  4.037577e+00
simulation ci  :  4.126944e+00 ± 1.313770e-01
numeric issues : 0
-------------------------------------------------------------------

-------------------------------------------------------------------
         SDDP.jl (c) Oscar Dowson and contributors, 2017-23
-------------------------------------------------------------------
problem
  nodes           : 8
  state variables : 1
  scenarios       : 1.00000e+08
  existing cuts   : false
options
  solver          : serial mode
  risk measure    : SDDP.Expectation()
  sampling scheme : SDDP.InSampleMonteCarlo
subproblem structure
  VariableRef                             : [7, 7]
  AffExpr in MOI.EqualTo{Float64}         : [1, 1]
  AffExpr in MOI.GreaterThan{Float64}     : [2, 2]
  VariableRef in MOI.GreaterThan{Float64} : [4, 4]
  VariableRef in MOI.LessThan{Float64}    : [1, 2]
  VariableRef in MOI.ZeroOne              : [1, 1]
numerical stability report
  matrix range     [1e+00, 2e+00]
  objective range  [5e-01, 1e+00]
  bounds range     [1e+00, 1e+00]
  rhs range        [1e+00, 1e+00]
-------------------------------------------------------------------
 iteration    simulation      bound        time (s)     solves  pid
-------------------------------------------------------------------
        10   3.717602e+00  1.166212e+00  4.553649e-01      1680   1
        20   3.314080e+00  1.167299e+00  5.730519e-01      2560   1
        30   4.007530e+00  1.167299e+00  1.011397e+00      4240   1
        40   3.458732e+00  1.167299e+00  1.136784e+00      5120   1
        50   3.476838e+00  1.167299e+00  1.589055e+00      6800   1
        60   3.274855e+00  1.167299e+00  1.754350e+00      7680   1
-------------------------------------------------------------------
status         : simulation_stopping
total time (s) : 1.754350e+00
total solves   : 7680
best bound     :  1.167299e+00
simulation ci  :  3.386625e+00 ± 1.175538e-01
numeric issues : 0
-------------------------------------------------------------------

-------------------------------------------------------------------
         SDDP.jl (c) Oscar Dowson and contributors, 2017-23
-------------------------------------------------------------------
problem
  nodes           : 2
  state variables : 2
  scenarios       : 4.00000e+00
  existing cuts   : false
options
  solver          : serial mode
  risk measure    : SDDP.Expectation()
  sampling scheme : SDDP.InSampleMonteCarlo
subproblem structure
  VariableRef                             : [7, 11]
  AffExpr in MOI.EqualTo{Float64}         : [2, 2]
  AffExpr in MOI.LessThan{Float64}        : [2, 2]
  VariableRef in MOI.GreaterThan{Float64} : [5, 7]
  VariableRef in MOI.Integer              : [2, 2]
  VariableRef in MOI.LessThan{Float64}    : [4, 7]
  VariableRef in MOI.ZeroOne              : [4, 4]
numerical stability report
  matrix range     [1e+00, 6e+00]
  objective range  [1e+00, 3e+01]
  bounds range     [1e+00, 1e+02]
  rhs range        [0e+00, 0e+00]
-------------------------------------------------------------------
 iteration    simulation      bound        time (s)     solves  pid
-------------------------------------------------------------------
        10  -4.000000e+01 -5.809615e+01  5.648899e-02        78   1
        20  -9.800000e+01 -5.809615e+01  1.185322e-01       148   1
        30  -4.700000e+01 -5.809615e+01  1.919401e-01       226   1
        40  -4.700000e+01 -5.809615e+01  2.565372e-01       296   1
-------------------------------------------------------------------
status         : simulation_stopping
total time (s) : 2.565372e-01
total solves   : 296
best bound     : -5.809615e+01
simulation ci  : -6.058750e+01 ± 8.255009e+00
numeric issues : 0
-------------------------------------------------------------------

-------------------------------------------------------------------
         SDDP.jl (c) Oscar Dowson and contributors, 2017-23
-------------------------------------------------------------------
problem
  nodes           : 2
  state variables : 2
  scenarios       : 9.00000e+00
  existing cuts   : false
options
  solver          : serial mode
  risk measure    : SDDP.Expectation()
  sampling scheme : SDDP.InSampleMonteCarlo
subproblem structure
  VariableRef                             : [7, 11]
  AffExpr in MOI.EqualTo{Float64}         : [2, 2]
  AffExpr in MOI.LessThan{Float64}        : [2, 2]
  VariableRef in MOI.GreaterThan{Float64} : [5, 7]
  VariableRef in MOI.Integer              : [2, 2]
  VariableRef in MOI.LessThan{Float64}    : [4, 7]
  VariableRef in MOI.ZeroOne              : [4, 4]
numerical stability report
  matrix range     [1e+00, 6e+00]
  objective range  [1e+00, 3e+01]
  bounds range     [1e+00, 1e+02]
  rhs range        [0e+00, 0e+00]
-------------------------------------------------------------------
 iteration    simulation      bound        time (s)     solves  pid
-------------------------------------------------------------------
        10  -4.000000e+01 -6.196125e+01  6.396914e-02       138   1
        20  -4.000000e+01 -6.196125e+01  1.271141e-01       258   1
        30  -4.000000e+01 -6.196125e+01  2.122710e-01       396   1
        40  -4.000000e+01 -6.196125e+01  2.772300e-01       516   1
-------------------------------------------------------------------
status         : simulation_stopping
total time (s) : 2.772300e-01
total solves   : 516
best bound     : -6.196125e+01
simulation ci  : -5.408750e+01 ± 5.336149e+00
numeric issues : 0
-------------------------------------------------------------------

-------------------------------------------------------------------
         SDDP.jl (c) Oscar Dowson and contributors, 2017-23
-------------------------------------------------------------------
problem
  nodes           : 2
  state variables : 2
  scenarios       : 3.60000e+01
  existing cuts   : false
options
  solver          : serial mode
  risk measure    : SDDP.Expectation()
  sampling scheme : SDDP.InSampleMonteCarlo
subproblem structure
  VariableRef                             : [7, 11]
  AffExpr in MOI.EqualTo{Float64}         : [2, 2]
  AffExpr in MOI.LessThan{Float64}        : [2, 2]
  VariableRef in MOI.GreaterThan{Float64} : [5, 7]
  VariableRef in MOI.Integer              : [2, 2]
  VariableRef in MOI.LessThan{Float64}    : [4, 7]
  VariableRef in MOI.ZeroOne              : [4, 4]
numerical stability report
  matrix range     [1e+00, 6e+00]
  objective range  [1e+00, 3e+01]
  bounds range     [1e+00, 1e+02]
  rhs range        [0e+00, 0e+00]
-------------------------------------------------------------------
 iteration    simulation      bound        time (s)     solves  pid
-------------------------------------------------------------------
        10  -9.800000e+01 -6.546793e+01  1.049931e-01       462   1
        20  -4.700000e+01 -6.546793e+01  1.878622e-01       852   1
        30  -8.200000e+01 -6.546793e+01  3.458362e-01      1314   1
        40  -5.900000e+01 -6.546793e+01  4.308691e-01      1704   1
-------------------------------------------------------------------
status         : simulation_stopping
total time (s) : 4.308691e-01
total solves   : 1704
best bound     : -6.546793e+01
simulation ci  : -6.551250e+01 ± 5.661675e+00
numeric issues : 0
-------------------------------------------------------------------

-------------------------------------------------------------------
         SDDP.jl (c) Oscar Dowson and contributors, 2017-23
-------------------------------------------------------------------
problem
  nodes           : 3
  state variables : 2
  scenarios       : 2.70000e+01
  existing cuts   : false
options
  solver          : serial mode
  risk measure    : SDDP.Expectation()
  sampling scheme : SDDP.InSampleMonteCarlo
subproblem structure
  VariableRef                             : [9, 9]
  AffExpr in MOI.EqualTo{Float64}         : [2, 2]
  AffExpr in MOI.LessThan{Float64}        : [2, 2]
  VariableRef in MOI.GreaterThan{Float64} : [2, 3]
  VariableRef in MOI.LessThan{Float64}    : [3, 3]
  VariableRef in MOI.ZeroOne              : [4, 4]
numerical stability report
  matrix range     [1e+00, 1e+00]
  objective range  [1e+00, 6e+00]
  bounds range     [1e+00, 1e+02]
  rhs range        [0e+00, 0e+00]
-------------------------------------------------------------------
 iteration    simulation      bound        time (s)     solves  pid
-------------------------------------------------------------------
         1L  6.000000e+00  1.200000e+01  6.522298e-02        11   1
        40L  6.000000e+00  8.000000e+00  6.058030e-01       602   1
-------------------------------------------------------------------
status         : simulation_stopping
total time (s) : 6.058030e-01
total solves   : 602
best bound     :  8.000000e+00
simulation ci  :  8.100000e+00 ± 8.731608e-01
numeric issues : 0
-------------------------------------------------------------------

-------------------------------------------------------------------
         SDDP.jl (c) Oscar Dowson and contributors, 2017-23
-------------------------------------------------------------------
problem
  nodes           : 2
  state variables : 3
  scenarios       : 3.00000e+00
  existing cuts   : false
options
  solver          : serial mode
  risk measure    : SDDP.Expectation()
  sampling scheme : SDDP.InSampleMonteCarlo
subproblem structure
  VariableRef                             : [7, 19]
  AffExpr in MOI.EqualTo{Float64}         : [3, 3]
  AffExpr in MOI.GreaterThan{Float64}     : [3, 3]
  AffExpr in MOI.LessThan{Float64}        : [1, 1]
  VariableRef in MOI.GreaterThan{Float64} : [3, 16]
  VariableRef in MOI.LessThan{Float64}    : [1, 2]
numerical stability report
  matrix range     [1e+00, 2e+01]
  objective range  [1e+00, 1e+03]
  bounds range     [6e+03, 5e+05]
  rhs range        [2e+02, 5e+02]
-------------------------------------------------------------------
 iteration    simulation      bound        time (s)     solves  pid
-------------------------------------------------------------------
         1  -9.800000e+04  4.922260e+05  1.290781e-01         6   1
        20   1.670000e+05  1.083900e+05  1.470020e-01       120   1
-------------------------------------------------------------------
status         : iteration_limit
total time (s) : 1.470020e-01
total solves   : 120
best bound     :  1.083900e+05
simulation ci  :  9.561247e+04 ± 3.439718e+04
numeric issues : 0
-------------------------------------------------------------------

