-------------------------------------------------------------------
         SDDP.jl (c) Oscar Dowson and contributors, 2017-25
-------------------------------------------------------------------
problem
  nodes           : 2
  state variables : 1
  scenarios       : 2.00000e+00
  existing cuts   : false
options
  solver          : serial mode
  risk measure    : SDDP.Expectation()
  sampling scheme : SDDP.InSampleMonteCarlo
subproblem structure
  VariableRef                             : [6, 6]
  AffExpr in MOI.GreaterThan{Float64}     : [1, 1]
  AffExpr in MOI.LessThan{Float64}        : [1, 1]
  VariableRef in MOI.EqualTo{Float64}     : [1, 1]
  VariableRef in MOI.GreaterThan{Float64} : [3, 4]
  VariableRef in MOI.LessThan{Float64}    : [2, 2]
numerical stability report
  matrix range     [1e+00, 1e+00]
  objective range  [1e+00, 5e+00]
  bounds range     [8e+00, 8e+00]
  rhs range        [6e+00, 6e+00]
-------------------------------------------------------------------
 iteration    simulation      bound        time (s)     solves  pid
-------------------------------------------------------------------
         1   0.000000e+00 -1.000000e+01  4.671097e-03         5   1
        20   0.000000e+00 -1.000000e+01  1.616406e-02       104   1
-------------------------------------------------------------------
status         : simulation_stopping
total time (s) : 1.616406e-02
total solves   : 104
best bound     : -1.000000e+01
simulation ci  : -9.000000e+00 ± 4.474009e+00
numeric issues : 0
-------------------------------------------------------------------

-------------------------------------------------------------------
         SDDP.jl (c) Oscar Dowson and contributors, 2017-25
-------------------------------------------------------------------
problem
  nodes           : 3
  state variables : 2
  scenarios       : 4.00000e+00
  existing cuts   : false
options
  solver          : serial mode
  risk measure    : SDDP.Expectation()
  sampling scheme : SDDP.InSampleMonteCarlo
subproblem structure
  VariableRef                             : [8, 8]
  AffExpr in MOI.LessThan{Float64}        : [3, 3]
  VariableRef in MOI.EqualTo{Float64}     : [1, 1]
  VariableRef in MOI.GreaterThan{Float64} : [5, 5]
  VariableRef in MOI.LessThan{Float64}    : [1, 1]
numerical stability report
  matrix range     [1e+00, 1e+00]
  objective range  [2e-01, 3e+00]
  bounds range     [5e+01, 5e+01]
  rhs range        [0e+00, 0e+00]
-------------------------------------------------------------------
 iteration    simulation      bound        time (s)     solves  pid
-------------------------------------------------------------------
         5  -2.396000e+01 -2.396000e+01  1.008797e-02        52   1
        10  -4.260000e+01 -2.396000e+01  1.366997e-02        92   1
        15  -4.260000e+01 -2.396000e+01  1.739693e-02       132   1
        20  -4.260000e+01 -2.396000e+01  2.143979e-02       172   1
        25  -2.396000e+01 -2.396000e+01  2.658582e-02       224   1
        30  -4.260000e+01 -2.396000e+01  3.109479e-02       264   1
        35  -2.396000e+01 -2.396000e+01  3.592896e-02       304   1
        40  -2.396000e+01 -2.396000e+01  4.105091e-02       344   1
-------------------------------------------------------------------
status         : simulation_stopping
total time (s) : 4.105091e-02
total solves   : 344
best bound     : -2.396000e+01
simulation ci  : -2.660914e+01 ± 3.908038e+00
numeric issues : 0
-------------------------------------------------------------------

────────────────────────────────────────────────────────────────────
                           Time                    Allocations      
                  ───────────────────────   ────────────────────────
Tot / % measured:     45.0ms /   0.0%           23.4MiB /   0.0%    

Section   ncalls     time    %tot     avg     alloc    %tot      avg
────────────────────────────────────────────────────────────────────
────────────────────────────────────────────────────────────────────

-------------------------------------------------------------------
         SDDP.jl (c) Oscar Dowson and contributors, 2017-25
-------------------------------------------------------------------
problem
  nodes           : 3
  state variables : 2
  scenarios       : 4.00000e+00
  existing cuts   : false
options
  solver          : serial mode
  risk measure    : SDDP.Expectation()
  sampling scheme : SDDP.InSampleMonteCarlo
subproblem structure
  VariableRef                             : [8, 8]
  AffExpr in MOI.LessThan{Float64}        : [3, 3]
  VariableRef in MOI.EqualTo{Float64}     : [1, 1]
  VariableRef in MOI.GreaterThan{Float64} : [5, 5]
  VariableRef in MOI.LessThan{Float64}    : [1, 1]
numerical stability report
  matrix range     [1e+00, 1e+00]
  objective range  [2e-01, 3e+00]
  bounds range     [5e+01, 5e+01]
  rhs range        [0e+00, 0e+00]
-------------------------------------------------------------------
 iteration    simulation      bound        time (s)     solves  pid
-------------------------------------------------------------------
         5  -5.320000e+00 -2.396000e+01  9.488106e-03        52   1
        10  -5.320000e+00 -2.396000e+01  1.349711e-02        92   1
        15  -2.396000e+01 -2.396000e+01  1.805806e-02       132   1
        20  -5.320000e+00 -2.396000e+01  2.307105e-02       172   1
        25  -4.260000e+01 -2.396000e+01  2.960610e-02       224   1
        30  -2.396000e+01 -2.396000e+01  3.576207e-02       264   1
        35  -2.396000e+01 -2.396000e+01  4.251909e-02       304   1
        40  -2.396000e+01 -2.396000e+01  4.994392e-02       344   1
-------------------------------------------------------------------
status         : simulation_stopping
total time (s) : 4.994392e-02
total solves   : 344
best bound     : -2.396000e+01
simulation ci  : -1.957570e+01 ± 3.890802e+00
numeric issues : 0
-------------------------------------------------------------------

────────────────────────────────────────────────────────────────────
                           Time                    Allocations      
                  ───────────────────────   ────────────────────────
Tot / % measured:     53.5ms /   0.0%           29.4MiB /   0.0%    

Section   ncalls     time    %tot     avg     alloc    %tot      avg
────────────────────────────────────────────────────────────────────
────────────────────────────────────────────────────────────────────

-------------------------------------------------------------------
         SDDP.jl (c) Oscar Dowson and contributors, 2017-25
-------------------------------------------------------------------
problem
  nodes           : 2
  state variables : 1
  scenarios       : 2.00000e+00
  existing cuts   : false
options
  solver          : serial mode
  risk measure    : SDDP.Expectation()
  sampling scheme : SDDP.InSampleMonteCarlo
subproblem structure
  VariableRef                             : [3, 4]
  AffExpr in MOI.LessThan{Float64}        : [1, 1]
  VariableRef in MOI.GreaterThan{Float64} : [2, 3]
  VariableRef in MOI.LessThan{Float64}    : [2, 2]
numerical stability report
  matrix range     [1e+00, 1e+00]
  objective range  [1e+00, 2e+00]
  bounds range     [2e+00, 5e+00]
  rhs range        [0e+00, 0e+00]
-------------------------------------------------------------------
 iteration    simulation      bound        time (s)     solves  pid
-------------------------------------------------------------------
         1   0.000000e+00 -2.500000e+00  3.602028e-03         5   1
         2  -1.500000e+00 -2.000000e+00  4.657984e-03        14   1
         3  -1.000000e+00 -2.000000e+00  5.177021e-03        19   1
         4  -1.000000e+00 -2.000000e+00  5.615950e-03        24   1
         5  -1.000000e+00 -2.000000e+00  6.062984e-03        29   1
         6  -1.000000e+00 -2.000000e+00  6.489038e-03        34   1
         7  -3.000000e+00 -2.000000e+00  6.934881e-03        39   1
         8  -1.000000e+00 -2.000000e+00  7.363081e-03        44   1
         9  -3.000000e+00 -2.000000e+00  7.786036e-03        49   1
        10  -3.000000e+00 -2.000000e+00  8.235931e-03        54   1
        11  -1.000000e+00 -2.000000e+00  8.671999e-03        59   1
        12  -3.000000e+00 -2.000000e+00  9.131908e-03        64   1
        13  -3.000000e+00 -2.000000e+00  9.572983e-03        69   1
        14  -1.000000e+00 -2.000000e+00  1.003098e-02        74   1
        15  -1.000000e+00 -2.000000e+00  1.047993e-02        79   1
        16  -1.000000e+00 -2.000000e+00  1.094198e-02        84   1
        17  -1.000000e+00 -2.000000e+00  1.139307e-02        89   1
        18  -3.000000e+00 -2.000000e+00  1.189804e-02        94   1
        19  -1.000000e+00 -2.000000e+00  1.237988e-02        99   1
        20  -1.000000e+00 -2.000000e+00  1.286292e-02       104   1
        21  -1.000000e+00 -2.000000e+00  1.370502e-02       113   1
        22  -3.000000e+00 -2.000000e+00  1.421285e-02       118   1
        23  -3.000000e+00 -2.000000e+00  1.470399e-02       123   1
        24  -1.000000e+00 -2.000000e+00  1.521206e-02       128   1
        25  -1.000000e+00 -2.000000e+00  1.571393e-02       133   1
        26  -1.000000e+00 -2.000000e+00  1.624393e-02       138   1
        27  -3.000000e+00 -2.000000e+00  1.674795e-02       143   1
        28  -1.000000e+00 -2.000000e+00  1.727796e-02       148   1
        29  -3.000000e+00 -2.000000e+00  1.779485e-02       153   1
        30  -3.000000e+00 -2.000000e+00  1.835585e-02       158   1
        31  -3.000000e+00 -2.000000e+00  1.887393e-02       163   1
        32  -1.000000e+00 -2.000000e+00  1.943898e-02       168   1
        33  -3.000000e+00 -2.000000e+00  2.000093e-02       173   1
        34  -3.000000e+00 -2.000000e+00  2.055287e-02       178   1
        35  -3.000000e+00 -2.000000e+00  2.113986e-02       183   1
        36  -3.000000e+00 -2.000000e+00  2.169299e-02       188   1
        37  -3.000000e+00 -2.000000e+00  2.228999e-02       193   1
        38  -3.000000e+00 -2.000000e+00  2.285099e-02       198   1
        39  -1.000000e+00 -2.000000e+00  2.345395e-02       203   1
        40  -3.000000e+00 -2.000000e+00  3.658986e-02       208   1
-------------------------------------------------------------------
status         : simulation_stopping
total time (s) : 3.658986e-02
total solves   : 208
best bound     : -2.000000e+00
simulation ci  : -1.937500e+00 ± 3.219605e-01
numeric issues : 0
-------------------------------------------------------------------

-------------------------------------------------------------------
         SDDP.jl (c) Oscar Dowson and contributors, 2017-25
-------------------------------------------------------------------
problem
  nodes           : 3
  state variables : 1
  scenarios       : Inf
  existing cuts   : false
options
  solver          : serial mode
  risk measure    : SDDP.Expectation()
  sampling scheme : SDDP.InSampleMonteCarlo
subproblem structure
  VariableRef                             : [6, 6]
  AffExpr in MOI.EqualTo{Float64}         : [2, 2]
  VariableRef in MOI.GreaterThan{Float64} : [5, 5]
  VariableRef in MOI.LessThan{Float64}    : [1, 1]
numerical stability report
  matrix range     [1e+00, 1e+00]
  objective range  [1e+00, 3e+00]
  bounds range     [5e+00, 2e+01]
  rhs range        [2e+00, 1e+01]
-------------------------------------------------------------------
 iteration    simulation      bound        time (s)     solves  pid
-------------------------------------------------------------------
         1   2.390000e+02  6.216295e+01  1.080921e-01       183   1
        33   9.531154e+02  2.351331e+02  1.215095e+00      8715   1
        58   3.561086e+02  2.362697e+02  2.259603e+00     15078   1
        74   9.550751e+02  2.364090e+02  3.394043e+00     21198   1
        97   4.655029e+02  2.364295e+02  4.411842e+00     26115   1
       100   1.164997e+02  2.364302e+02  4.530066e+00     26640   1
-------------------------------------------------------------------
status         : iteration_limit
total time (s) : 4.530066e+00
total solves   : 26640
best bound     :  2.364302e+02
simulation ci  :  2.593751e+02 ± 5.185751e+01
numeric issues : 0
-------------------------------------------------------------------

-------------------------------------------------------------------
         SDDP.jl (c) Oscar Dowson and contributors, 2017-25
-------------------------------------------------------------------
problem
  nodes           : 5
  state variables : 3
  scenarios       : 1.43489e+07
  existing cuts   : false
options
  solver          : serial mode
  risk measure    : SDDP.Expectation()
  sampling scheme : SDDP.InSampleMonteCarlo
subproblem structure
  VariableRef                             : [13, 13]
  AffExpr in MOI.EqualTo{Float64}         : [3, 3]
  AffExpr in MOI.LessThan{Float64}        : [1, 1]
  VariableRef in MOI.EqualTo{Float64}     : [3, 3]
  VariableRef in MOI.GreaterThan{Float64} : [7, 7]
  VariableRef in MOI.LessThan{Float64}    : [6, 7]
numerical stability report
  matrix range     [1e+00, 1e+00]
  objective range  [3e-01, 2e+00]
  bounds range     [5e-01, 5e+00]
  rhs range        [2e+00, 2e+00]
-------------------------------------------------------------------
 iteration    simulation      bound        time (s)     solves  pid
-------------------------------------------------------------------
        10  -3.878303e+00 -4.434982e+00  2.123079e-01      1400   1
        20  -4.235800e+00 -4.403620e+00  3.446448e-01      2800   1
        30  -3.115997e+00 -4.381585e+00  5.123558e-01      4200   1
        40  -3.761147e+00 -4.369123e+00  6.615229e-01      5600   1
        50  -4.230230e+00 -4.363943e+00  8.160439e-01      7000   1
        60  -3.653084e+00 -4.360307e+00  9.705360e-01      8400   1
        70  -4.031867e+00 -4.357921e+00  1.129704e+00      9800   1
        80  -4.295103e+00 -4.355602e+00  1.291625e+00     11200   1
        90  -4.509149e+00 -4.354346e+00  1.458555e+00     12600   1
       100  -4.178952e+00 -4.352068e+00  1.622018e+00     14000   1
-------------------------------------------------------------------
status         : iteration_limit
total time (s) : 1.622018e+00
total solves   : 14000
best bound     : -4.352068e+00
simulation ci  : -4.250281e+00 ± 8.657687e-02
numeric issues : 0
-------------------------------------------------------------------

-------------------------------------------------------------------
         SDDP.jl (c) Oscar Dowson and contributors, 2017-25
-------------------------------------------------------------------
problem
  nodes           : 5
  state variables : 1
  scenarios       : 1.00000e+05
  existing cuts   : false
options
  solver          : serial mode
  risk measure    : SDDP.Expectation()
  sampling scheme : SDDP.InSampleMonteCarlo
subproblem structure
  VariableRef                             : [5, 5]
  AffExpr in MOI.EqualTo{Float64}         : [1, 1]
  VariableRef in MOI.EqualTo{Float64}     : [1, 1]
  VariableRef in MOI.GreaterThan{Float64} : [3, 3]
  VariableRef in MOI.LessThan{Float64}    : [2, 3]
numerical stability report
  matrix range     [1e+00, 1e+00]
  objective range  [3e-01, 2e+00]
  bounds range     [5e-01, 2e+00]
  rhs range        [0e+00, 0e+00]
-------------------------------------------------------------------
 iteration    simulation      bound        time (s)     solves  pid
-------------------------------------------------------------------
        10  -1.573154e+00 -1.474247e+00  7.762814e-02      1050   1
        20  -1.346690e+00 -1.471483e+00  1.189480e-01      1600   1
        30  -1.308031e+00 -1.471307e+00  2.099540e-01      2650   1
        40  -1.401200e+00 -1.471167e+00  2.538130e-01      3200   1
        50  -1.557483e+00 -1.471097e+00  3.472400e-01      4250   1
        60  -1.534169e+00 -1.471075e+00  3.931260e-01      4800   1
        65  -1.689864e+00 -1.471075e+00  4.168642e-01      5075   1
-------------------------------------------------------------------
status         : simulation_stopping
total time (s) : 4.168642e-01
total solves   : 5075
best bound     : -1.471075e+00
simulation ci  : -1.484084e+00 ± 4.058719e-02
numeric issues : 0
-------------------------------------------------------------------

-------------------------------------------------------------------
         SDDP.jl (c) Oscar Dowson and contributors, 2017-25
-------------------------------------------------------------------
problem
  nodes           : 2
  state variables : 4
  scenarios       : 2.00000e+00
  existing cuts   : false
options
  solver          : serial mode
  risk measure    : SDDP.Expectation()
  sampling scheme : SDDP.InSampleMonteCarlo
subproblem structure
  VariableRef                             : [29, 29]
  AffExpr in MOI.EqualTo{Float64}         : [4, 5]
  AffExpr in MOI.GreaterThan{Float64}     : [3, 3]
  AffExpr in MOI.LessThan{Float64}        : [4, 4]
  VariableRef in MOI.EqualTo{Float64}     : [3, 3]
  VariableRef in MOI.GreaterThan{Float64} : [22, 22]
  VariableRef in MOI.LessThan{Float64}    : [1, 1]
numerical stability report
  matrix range     [1e+00, 1e+00]
  objective range  [1e+00, 1e+06]
  bounds range     [0e+00, 0e+00]
  rhs range        [0e+00, 0e+00]
-------------------------------------------------------------------
 iteration    simulation      bound        time (s)     solves  pid
-------------------------------------------------------------------
        10   3.455904e+05  3.147347e+05  1.106501e-02        54   1
        20   3.336455e+05  3.402383e+05  1.791501e-02       104   1
        30   3.337559e+05  3.403155e+05  5.719209e-02       158   1
        40   3.337559e+05  3.403155e+05  6.237507e-02       208   1
        47   3.337559e+05  3.403155e+05  6.643105e-02       243   1
-------------------------------------------------------------------
status         : simulation_stopping
total time (s) : 6.643105e-02
total solves   : 243
best bound     :  3.403155e+05
simulation ci  :  1.380364e+08 ± 1.823274e+08
numeric issues : 0
-------------------------------------------------------------------

-------------------------------------------------------------------
         SDDP.jl (c) Oscar Dowson and contributors, 2017-25
-------------------------------------------------------------------
problem
  nodes           : 3
  state variables : 4
  scenarios       : 4.00000e+00
  existing cuts   : false
options
  solver          : serial mode
  risk measure    : SDDP.Expectation()
  sampling scheme : SDDP.InSampleMonteCarlo
subproblem structure
  VariableRef                             : [29, 29]
  AffExpr in MOI.EqualTo{Float64}         : [4, 5]
  AffExpr in MOI.GreaterThan{Float64}     : [3, 3]
  AffExpr in MOI.LessThan{Float64}        : [4, 4]
  VariableRef in MOI.EqualTo{Float64}     : [3, 3]
  VariableRef in MOI.GreaterThan{Float64} : [22, 22]
  VariableRef in MOI.LessThan{Float64}    : [1, 1]
numerical stability report
  matrix range     [1e+00, 1e+00]
  objective range  [1e+00, 1e+05]
  bounds range     [0e+00, 0e+00]
  rhs range        [0e+00, 0e+00]
-------------------------------------------------------------------
 iteration    simulation      bound        time (s)     solves  pid
-------------------------------------------------------------------
        10   5.099074e+05  3.509666e+05  1.628900e-02        92   1
        20   4.055335e+05  4.054833e+05  2.756190e-02       172   1
        30   3.959476e+05  4.067125e+05  3.717589e-02       264   1
        40   4.497721e+05  4.067125e+05  4.557991e-02       344   1
        47   3.959476e+05  4.067125e+05  5.239487e-02       400   1
-------------------------------------------------------------------
status         : simulation_stopping
total time (s) : 5.239487e-02
total solves   : 400
best bound     :  4.067125e+05
simulation ci  :  2.748575e+07 ± 3.643795e+07
numeric issues : 0
-------------------------------------------------------------------

-------------------------------------------------------------------
         SDDP.jl (c) Oscar Dowson and contributors, 2017-25
-------------------------------------------------------------------
problem
  nodes           : 10
  state variables : 4
  scenarios       : 2.70000e+01
  existing cuts   : false
options
  solver          : serial mode
  risk measure    : SDDP.Expectation()
  sampling scheme : SDDP.InSampleMonteCarlo
subproblem structure
  VariableRef                             : [24, 24]
  AffExpr in MOI.EqualTo{Float64}         : [3, 3]
  AffExpr in MOI.GreaterThan{Float64}     : [1, 1]
  AffExpr in MOI.LessThan{Float64}        : [1, 6]
  VariableRef in MOI.GreaterThan{Float64} : [20, 20]
  VariableRef in MOI.LessThan{Float64}    : [1, 2]
numerical stability report
  matrix range     [1e+00, 8e+01]
  objective range  [1e+00, 1e+03]
  bounds range     [6e+01, 6e+01]
  rhs range        [2e+02, 3e+03]
-------------------------------------------------------------------
 iteration    simulation      bound        time (s)     solves  pid
-------------------------------------------------------------------
         1   8.316000e+03  0.000000e+00  9.761190e-02        14   1
        40   5.132230e+03  4.074139e+03  1.986170e-01       776   1
-------------------------------------------------------------------
status         : simulation_stopping
total time (s) : 1.986170e-01
total solves   : 776
best bound     :  4.074139e+03
simulation ci  :  4.614472e+03 ± 6.483882e+02
numeric issues : 0
-------------------------------------------------------------------

-------------------------------------------------------------------
         SDDP.jl (c) Oscar Dowson and contributors, 2017-25
-------------------------------------------------------------------
problem
  nodes           : 3
  state variables : 1
  scenarios       : 4.00000e+00
  existing cuts   : false
options
  solver          : serial mode
  risk measure    : SDDP.Expectation()
  sampling scheme : SDDP.InSampleMonteCarlo
subproblem structure
  VariableRef                             : [6, 6]
  AffExpr in MOI.EqualTo{Float64}         : [1, 1]
  VariableRef in MOI.EqualTo{Float64}     : [1, 1]
  VariableRef in MOI.GreaterThan{Float64} : [4, 4]
  VariableRef in MOI.Integer              : [3, 3]
  VariableRef in MOI.LessThan{Float64}    : [2, 3]
numerical stability report
  matrix range     [1e+00, 1e+00]
  objective range  [1e+00, 3e+02]
  bounds range     [1e+02, 2e+02]
  rhs range        [0e+00, 0e+00]
-------------------------------------------------------------------
 iteration    simulation      bound        time (s)     solves  pid
-------------------------------------------------------------------
         1L  1.100000e+05  6.250000e+04  5.990520e-01         8   1
        20L  9.500000e+04  6.250000e+04  1.440817e+00       172   1
-------------------------------------------------------------------
status         : simulation_stopping
total time (s) : 1.440817e+00
total solves   : 172
best bound     :  6.250000e+04
simulation ci  :  6.625000e+04 ± 8.732889e+03
numeric issues : 0
-------------------------------------------------------------------

-------------------------------------------------------------------
         SDDP.jl (c) Oscar Dowson and contributors, 2017-25
-------------------------------------------------------------------
problem
  nodes           : 3
  state variables : 1
  scenarios       : 4.00000e+00
  existing cuts   : false
options
  solver          : serial mode
  risk measure    : SDDP.Expectation()
  sampling scheme : SDDP.InSampleMonteCarlo
subproblem structure
  VariableRef                             : [6, 6]
  AffExpr in MOI.EqualTo{Float64}         : [1, 1]
  VariableRef in MOI.EqualTo{Float64}     : [1, 1]
  VariableRef in MOI.GreaterThan{Float64} : [4, 4]
  VariableRef in MOI.Integer              : [3, 3]
  VariableRef in MOI.LessThan{Float64}    : [2, 3]
numerical stability report
  matrix range     [1e+00, 1e+00]
  objective range  [1e+00, 3e+02]
  bounds range     [1e+02, 2e+02]
  rhs range        [0e+00, 0e+00]
-------------------------------------------------------------------
 iteration    simulation      bound        time (s)     solves  pid
-------------------------------------------------------------------
         1   3.000000e+04  6.250000e+04  6.697893e-03         8   1
        20   5.500000e+04  6.250000e+04  4.735520e-01       172   1
-------------------------------------------------------------------
status         : simulation_stopping
total time (s) : 4.735520e-01
total solves   : 172
best bound     :  6.250000e+04
simulation ci  :  5.975000e+04 ± 8.921853e+03
numeric issues : 0
-------------------------------------------------------------------

-------------------------------------------------------------------
         SDDP.jl (c) Oscar Dowson and contributors, 2017-25
-------------------------------------------------------------------
problem
  nodes           : 3
  state variables : 1
  scenarios       : 4.00000e+00
  existing cuts   : false
options
  solver          : serial mode
  risk measure    : SDDP.Expectation()
  sampling scheme : SDDP.InSampleMonteCarlo
subproblem structure
  VariableRef                             : [5, 5]
  AffExpr in MOI.EqualTo{Float64}         : [1, 1]
  VariableRef in MOI.GreaterThan{Float64} : [4, 4]
  VariableRef in MOI.LessThan{Float64}    : [2, 3]
numerical stability report
  matrix range     [1e+00, 1e+00]
  objective range  [1e+00, 3e+02]
  bounds range     [1e+02, 2e+02]
  rhs range        [1e+02, 3e+02]
-------------------------------------------------------------------
 iteration    simulation      bound        time (s)     solves  pid
-------------------------------------------------------------------
         1   3.000000e+04  6.250000e+04  9.457827e-03         5   1
        10   9.500000e+04  6.250000e+04  1.092000e-01        50   1
-------------------------------------------------------------------
status         : iteration_limit
total time (s) : 1.092000e-01
total solves   : 50
best bound     :  6.250000e+04
simulation ci  :  5.850000e+04 ± 1.339333e+04
numeric issues : 0
-------------------------------------------------------------------

-------------------------------------------------------------------
         SDDP.jl (c) Oscar Dowson and contributors, 2017-25
-------------------------------------------------------------------
problem
  nodes           : 3
  state variables : 2
  scenarios       : 1.00000e+00
  existing cuts   : false
options
  solver          : serial mode
  risk measure    : SDDP.Expectation()
  sampling scheme : SDDP.InSampleMonteCarlo
subproblem structure
  VariableRef                             : [6, 6]
  AffExpr in MOI.EqualTo{Float64}         : [2, 2]
  VariableRef in MOI.GreaterThan{Float64} : [2, 3]
  VariableRef in MOI.LessThan{Float64}    : [3, 3]
  VariableRef in MOI.ZeroOne              : [3, 3]
numerical stability report
  matrix range     [1e+00, 1e+00]
  objective range  [1e+00, 6e+00]
  bounds range     [1e+00, 1e+02]
  rhs range        [0e+00, 0e+00]
-------------------------------------------------------------------
 iteration    simulation      bound        time (s)     solves  pid
-------------------------------------------------------------------
         1L  6.000000e+00  9.000000e+00  4.258895e-02         6   1
        20L  9.000000e+00  9.000000e+00  8.876395e-02       123   1
-------------------------------------------------------------------
status         : simulation_stopping
total time (s) : 8.876395e-02
total solves   : 123
best bound     :  9.000000e+00
simulation ci  :  8.850000e+00 ± 2.940000e-01
numeric issues : 0
-------------------------------------------------------------------

-------------------------------------------------------------------
         SDDP.jl (c) Oscar Dowson and contributors, 2017-25
-------------------------------------------------------------------
problem
  nodes           : 7
  state variables : 2
  scenarios       : 8.00000e+00
  existing cuts   : false
options
  solver          : serial mode
  risk measure    : SDDP.Expectation()
  sampling scheme : SDDP.InSampleMonteCarlo
subproblem structure
  VariableRef                             : [5, 7]
  AffExpr in MOI.EqualTo{Float64}         : [1, 1]
  VariableRef in MOI.GreaterThan{Float64} : [3, 5]
  VariableRef in MOI.LessThan{Float64}    : [1, 1]
numerical stability report
  matrix range     [1e+00, 1e+00]
  objective range  [1e+00, 4e+00]
  bounds range     [1e+03, 1e+03]
  rhs range        [6e+01, 8e+01]
-------------------------------------------------------------------
 iteration    simulation      bound        time (s)     solves  pid
-------------------------------------------------------------------
         5  -2.742188e+01  2.605769e-01  1.794696e-02        87   1
        10  -2.742188e+01  2.605769e-01  2.359891e-02       142   1
        15   6.813781e+00  1.253721e+00  2.969790e-02       197   1
        20   0.000000e+00  1.514085e+00  3.594995e-02       252   1
        25   4.864000e+01  1.514085e+00  4.434896e-02       339   1
        30  -1.428571e+00  1.514085e+00  5.031490e-02       394   1
        35   3.979039e-13  1.514085e+00  5.638695e-02       449   1
        40  -3.979039e-13  1.514085e+00  6.337786e-02       504   1
        43   4.864000e+01  1.514085e+00  6.735206e-02       537   1
-------------------------------------------------------------------
status         : simulation_stopping
total time (s) : 6.735206e-02
total solves   : 537
best bound     :  1.514085e+00
simulation ci  :  9.362303e-02 ± 6.246351e+00
numeric issues : 0
-------------------------------------------------------------------

-------------------------------------------------------------------
         SDDP.jl (c) Oscar Dowson and contributors, 2017-25
-------------------------------------------------------------------
problem
  nodes           : 7
  state variables : 2
  scenarios       : 3.20000e+01
  existing cuts   : false
options
  solver          : serial mode
  risk measure    : #4
  sampling scheme : SDDP.InSampleMonteCarlo
subproblem structure
  VariableRef                             : [5, 7]
  AffExpr in MOI.EqualTo{Float64}         : [1, 1]
  VariableRef in MOI.EqualTo{Float64}     : [1, 1]
  VariableRef in MOI.GreaterThan{Float64} : [2, 5]
  VariableRef in MOI.LessThan{Float64}    : [1, 1]
numerical stability report
  matrix range     [1e+00, 1e+00]
  objective range  [2e-02, 4e+00]
  bounds range     [1e+03, 1e+03]
  rhs range        [6e+01, 8e+01]
-------------------------------------------------------------------
 iteration    simulation      bound        time (s)     solves  pid
-------------------------------------------------------------------
        10  -7.690656e+00  2.366592e+00  1.643901e-01       278   1
        20   1.266135e+00  1.306623e+00  1.823099e-01       428   1
        30   2.252026e-01  1.280382e+00  2.006691e-01       578   1
        40  -1.051817e+00  1.278410e+00  2.333400e-01       856   1
        50   7.320288e+00  1.278410e+00  2.542090e-01      1006   1
        56   1.111084e+01  1.278410e+00  2.664130e-01      1096   1
-------------------------------------------------------------------
status         : simulation_stopping
total time (s) : 2.664130e-01
total solves   : 1096
best bound     :  1.278410e+00
simulation ci  :  3.912743e+00 ± 4.211699e+00
numeric issues : 0
-------------------------------------------------------------------

-------------------------------------------------------------------
         SDDP.jl (c) Oscar Dowson and contributors, 2017-25
-------------------------------------------------------------------
problem
  nodes           : 7
  state variables : 2
  scenarios       : 3.20000e+01
  existing cuts   : false
options
  solver          : serial mode
  risk measure    : #4
  sampling scheme : SDDP.InSampleMonteCarlo
subproblem structure
  VariableRef                             : [5, 7]
  AffExpr in MOI.EqualTo{Float64}         : [1, 1]
  VariableRef in MOI.EqualTo{Float64}     : [1, 1]
  VariableRef in MOI.GreaterThan{Float64} : [2, 5]
  VariableRef in MOI.LessThan{Float64}    : [1, 1]
numerical stability report
  matrix range     [1e+00, 1e+00]
  objective range  [2e-02, 4e+00]
  bounds range     [1e+03, 1e+03]
  rhs range        [6e+01, 8e+01]
-------------------------------------------------------------------
 iteration    simulation      bound        time (s)     solves  pid
-------------------------------------------------------------------
        10   2.007061e+00  1.281639e+00  3.979492e-02       278   1
        20   1.426676e+01  1.278410e+00  6.479406e-02       428   1
        30   1.522212e+00  1.278410e+00  1.076910e-01       706   1
        40  -4.523775e+01  1.278410e+00  1.370621e-01       856   1
-------------------------------------------------------------------
status         : simulation_stopping
total time (s) : 1.370621e-01
total solves   : 856
best bound     :  1.278410e+00
simulation ci  :  1.019480e+00 ± 6.246418e+00
numeric issues : 0
-------------------------------------------------------------------

-------------------------------------------------------------------
         SDDP.jl (c) Oscar Dowson and contributors, 2017-25
-------------------------------------------------------------------
problem
  nodes           : 4
  state variables : 1
  scenarios       : Inf
  existing cuts   : false
options
  solver          : serial mode
  risk measure    : SDDP.Expectation()
  sampling scheme : SDDP.InSampleMonteCarlo
subproblem structure
  VariableRef                             : [7, 7]
  AffExpr in MOI.EqualTo{Float64}         : [1, 1]
  AffExpr in MOI.GreaterThan{Float64}     : [2, 2]
  VariableRef in MOI.EqualTo{Float64}     : [1, 1]
  VariableRef in MOI.GreaterThan{Float64} : [5, 5]
  VariableRef in MOI.LessThan{Float64}    : [3, 3]
numerical stability report
  matrix range     [1e+00, 1e+00]
  objective range  [1e+00, 2e+00]
  bounds range     [2e+00, 1e+02]
  rhs range        [0e+00, 0e+00]
-------------------------------------------------------------------
 iteration    simulation      bound        time (s)     solves  pid
-------------------------------------------------------------------
        10   4.787277e+00  9.346930e+00  1.630493e+00       900   1
        20   6.374753e+00  1.361934e+01  1.775646e+00      1720   1
        30   2.848217e+01  1.624016e+01  2.057572e+00      3036   1
        40   1.973944e+01  1.776547e+01  2.380639e+00      4192   1
        50   4.000000e+00  1.889360e+01  2.634414e+00      5020   1
        60   1.142478e+01  1.907862e+01  2.900383e+00      5808   1
        70   9.386421e+00  1.961295e+01  3.182883e+00      6540   1
        80   5.667851e+01  1.890911e+01  3.382096e+00      7088   1
        90   3.740597e+01  1.993139e+01  3.847350e+00      8180   1
       100   9.867183e+00  2.001688e+01  4.036472e+00      8664   1
-------------------------------------------------------------------
status         : iteration_limit
total time (s) : 4.036472e+00
total solves   : 8664
best bound     :  2.001688e+01
simulation ci  :  2.301336e+01 ± 4.670816e+00
numeric issues : 0
-------------------------------------------------------------------

-------------------------------------------------------------------
         SDDP.jl (c) Oscar Dowson and contributors, 2017-25
-------------------------------------------------------------------
problem
  nodes           : 5
  state variables : 2
  scenarios       : 3.20000e+01
  existing cuts   : false
options
  solver          : serial mode
  risk measure    : SDDP.Expectation()
  sampling scheme : SDDP.InSampleMonteCarlo
subproblem structure
  VariableRef                             : [10, 10]
  AffExpr in MOI.EqualTo{Float64}         : [2, 2]
  AffExpr in MOI.GreaterThan{Float64}     : [2, 2]
  AffExpr in MOI.LessThan{Float64}        : [6, 6]
  VariableRef in MOI.EqualTo{Float64}     : [2, 2]
  VariableRef in MOI.GreaterThan{Float64} : [5, 6]
  VariableRef in MOI.LessThan{Float64}    : [6, 6]
  VariableRef in MOI.ZeroOne              : [5, 5]
numerical stability report
  matrix range     [1e+00, 1e+00]
  objective range  [1e+00, 6e+00]
  bounds range     [1e+00, 1e+01]
  rhs range        [1e+00, 1e+00]
-------------------------------------------------------------------
 iteration    simulation      bound        time (s)     solves  pid
-------------------------------------------------------------------
         5   9.000000e+00  9.002950e+00  2.405651e-01       235   1
        10   4.000000e+00  9.002950e+00  3.977051e-01       310   1
        15   4.000000e+00  9.002950e+00  5.643129e-01       385   1
        20   4.000000e+00  9.002950e+00  7.218971e-01       460   1
        25   1.000000e+01  9.002950e+00  1.545816e+00       695   1
        30   5.000000e+00  9.002950e+00  1.697530e+00       770   1
        35   1.000000e+01  9.002950e+00  1.891069e+00       845   1
        40   5.000000e+00  9.002950e+00  2.063802e+00       920   1
-------------------------------------------------------------------
status         : simulation_stopping
total time (s) : 2.063802e+00
total solves   : 920
best bound     :  9.002950e+00
simulation ci  :  6.375000e+00 ± 7.930178e-01
numeric issues : 0
-------------------------------------------------------------------

-------------------------------------------------------------------
         SDDP.jl (c) Oscar Dowson and contributors, 2017-25
-------------------------------------------------------------------
problem
  nodes           : 3
  state variables : 4
  scenarios       : 2.16000e+02
  existing cuts   : false
options
  solver          : serial mode
  risk measure    : SDDP.Expectation()
  sampling scheme : SDDP.InSampleMonteCarlo
subproblem structure
  VariableRef                             : [18, 18]
  AffExpr in MOI.EqualTo{Float64}         : [4, 4]
  AffExpr in MOI.GreaterThan{Float64}     : [4, 4]
  AffExpr in MOI.LessThan{Float64}        : [12, 12]
  VariableRef in MOI.EqualTo{Float64}     : [4, 4]
  VariableRef in MOI.GreaterThan{Float64} : [9, 10]
  VariableRef in MOI.LessThan{Float64}    : [10, 10]
  VariableRef in MOI.ZeroOne              : [9, 9]
numerical stability report
  matrix range     [1e+00, 1e+00]
  objective range  [1e+00, 4e+00]
  bounds range     [1e+00, 2e+01]
  rhs range        [1e+00, 1e+00]
-------------------------------------------------------------------
 iteration    simulation      bound        time (s)     solves  pid
-------------------------------------------------------------------
        10   1.000000e+01  6.868919e+00  4.007940e-01       510   1
        20   2.000000e+00  6.834387e+00  9.259391e-01       720   1
        30   1.200000e+01  6.834387e+00  2.295886e+00      1230   1
        40   7.000000e+00  6.823805e+00  2.836847e+00      1440   1
        50   7.000000e+00  6.823805e+00  4.295939e+00      1950   1
        60   5.000000e+00  6.823805e+00  4.824371e+00      2160   1
-------------------------------------------------------------------
status         : simulation_stopping
total time (s) : 4.824371e+00
total solves   : 2160
best bound     :  6.823805e+00
simulation ci  :  6.183333e+00 ± 6.258900e-01
numeric issues : 0
-------------------------------------------------------------------

-------------------------------------------------------------------
         SDDP.jl (c) Oscar Dowson and contributors, 2017-25
-------------------------------------------------------------------
problem
  nodes           : 5
  state variables : 5
  scenarios       : 3.27680e+04
  existing cuts   : false
options
  solver          : serial mode
  risk measure    : SDDP.Expectation()
  sampling scheme : SDDP.InSampleMonteCarlo
subproblem structure
  VariableRef                             : [14, 14]
  AffExpr in MOI.GreaterThan{Float64}     : [7, 7]
  AffExpr in MOI.LessThan{Float64}        : [4, 4]
  VariableRef in MOI.EqualTo{Float64}     : [1, 1]
  VariableRef in MOI.GreaterThan{Float64} : [8, 8]
  VariableRef in MOI.Integer              : [5, 5]
  VariableRef in MOI.LessThan{Float64}    : [5, 6]
numerical stability report
  matrix range     [1e+00, 1e+00]
  objective range  [1e+00, 5e+05]
  bounds range     [1e+00, 1e+00]
  rhs range        [0e+00, 0e+00]
-------------------------------------------------------------------
 iteration    simulation      bound        time (s)     solves  pid
-------------------------------------------------------------------
        10   2.549668e+06  2.075239e+06  4.658002e+00       920   1
        20   5.494568e+05  2.078257e+06  5.609330e+00      1340   1
        30   4.985879e+04  2.078257e+06  9.966861e+00      2260   1
        40   3.799447e+06  2.078257e+06  1.089841e+01      2680   1
        41   1.299866e+06  2.078257e+06  1.096815e+01      2722   1
-------------------------------------------------------------------
status         : simulation_stopping
total time (s) : 1.096815e+01
total solves   : 2722
best bound     :  2.078257e+06
simulation ci  :  1.981169e+06 ± 4.651235e+05
numeric issues : 0
-------------------------------------------------------------------

-------------------------------------------------------------------
         SDDP.jl (c) Oscar Dowson and contributors, 2017-25
-------------------------------------------------------------------
problem
  nodes           : 1
  state variables : 1
  scenarios       : Inf
  existing cuts   : false
options
  solver          : serial mode
  risk measure    : SDDP.Expectation()
  sampling scheme : SDDP.InSampleMonteCarlo
subproblem structure
  VariableRef                             : [8, 8]
  AffExpr in MOI.EqualTo{Float64}         : [2, 2]
  VariableRef in MOI.EqualTo{Float64}     : [2, 2]
  VariableRef in MOI.GreaterThan{Float64} : [5, 5]
  VariableRef in MOI.LessThan{Float64}    : [1, 1]
numerical stability report
  matrix range     [1e+00, 1e+00]
  objective range  [1e+00, 1e+01]
  bounds range     [5e+00, 2e+01]
  rhs range        [0e+00, 0e+00]
-------------------------------------------------------------------
 iteration    simulation      bound        time (s)     solves  pid
-------------------------------------------------------------------
       100   2.500000e+01  1.189023e+02  8.338420e-01      1946   1
       200   2.500000e+01  1.191635e+02  1.057495e+00      3920   1
       300   0.000000e+00  1.191666e+02  1.287709e+00      5902   1
       330   2.500000e+01  1.191667e+02  1.332093e+00      6224   1
-------------------------------------------------------------------
status         : simulation_stopping
total time (s) : 1.332093e+00
total solves   : 6224
best bound     :  1.191667e+02
simulation ci  :  2.158333e+01 ± 3.290252e+00
numeric issues : 0
-------------------------------------------------------------------

-------------------------------------------------------------------
         SDDP.jl (c) Oscar Dowson and contributors, 2017-25
-------------------------------------------------------------------
problem
  nodes           : 1
  state variables : 1
  scenarios       : Inf
  existing cuts   : false
options
  solver          : serial mode
  risk measure    : SDDP.Expectation()
  sampling scheme : SDDP.InSampleMonteCarlo
subproblem structure
  VariableRef                             : [8, 8]
  AffExpr in MOI.EqualTo{Float64}         : [2, 2]
  VariableRef in MOI.EqualTo{Float64}     : [2, 2]
  VariableRef in MOI.GreaterThan{Float64} : [5, 5]
  VariableRef in MOI.LessThan{Float64}    : [1, 1]
numerical stability report
  matrix range     [1e+00, 1e+00]
  objective range  [1e+00, 1e+01]
  bounds range     [5e+00, 2e+01]
  rhs range        [0e+00, 0e+00]
-------------------------------------------------------------------
 iteration    simulation      bound        time (s)     solves  pid
-------------------------------------------------------------------
       100   0.000000e+00  1.191283e+02  3.494670e-01      2874   1
       200   2.500000e+00  1.191666e+02  6.015482e-01      4855   1
       282   7.500000e+00  1.191667e+02  7.471931e-01      5733   1
-------------------------------------------------------------------
status         : simulation_stopping
total time (s) : 7.471931e-01
total solves   : 5733
best bound     :  1.191667e+02
simulation ci  :  2.104610e+01 ± 3.492245e+00
numeric issues : 0
-------------------------------------------------------------------

-------------------------------------------------------------------
         SDDP.jl (c) Oscar Dowson and contributors, 2017-25
-------------------------------------------------------------------
problem
  nodes           : 1
  state variables : 1
  scenarios       : Inf
  existing cuts   : false
options
  solver          : serial mode
  risk measure    : SDDP.Expectation()
  sampling scheme : SDDP.InSampleMonteCarlo
subproblem structure
  VariableRef                             : [3, 3]
  AffExpr in MOI.EqualTo{Float64}         : [1, 1]
  VariableRef in MOI.GreaterThan{Float64} : [1, 1]
numerical stability report
  matrix range     [1e+00, 1e+00]
  objective range  [1e+00, 1e+00]
  bounds range     [0e+00, 0e+00]
  rhs range        [0e+00, 0e+00]
-------------------------------------------------------------------
 iteration    simulation      bound        time (s)     solves  pid
-------------------------------------------------------------------
        10   4.000000e+00  1.997089e+01  7.291102e-02      1204   1
        20   8.000000e+00  2.000000e+01  8.879900e-02      1420   1
        30   1.600000e+01  2.000000e+01  1.598370e-01      2628   1
        40   8.000000e+00  2.000000e+01  1.768410e-01      2834   1
-------------------------------------------------------------------
status         : simulation_stopping
total time (s) : 1.768410e-01
total solves   : 2834
best bound     :  2.000000e+01
simulation ci  :  1.625000e+01 ± 4.766381e+00
numeric issues : 0
-------------------------------------------------------------------

-------------------------------------------------------------------
         SDDP.jl (c) Oscar Dowson and contributors, 2017-25
-------------------------------------------------------------------
problem
  nodes           : 1
  state variables : 1
  scenarios       : Inf
  existing cuts   : false
options
  solver          : serial mode
  risk measure    : SDDP.Expectation()
  sampling scheme : SDDP.InSampleMonteCarlo
subproblem structure
  VariableRef                             : [3, 3]
  AffExpr in MOI.EqualTo{Float64}         : [1, 1]
  VariableRef in MOI.GreaterThan{Float64} : [1, 1]
numerical stability report
  matrix range     [1e+00, 1e+00]
  objective range  [1e+00, 1e+00]
  bounds range     [0e+00, 0e+00]
  rhs range        [0e+00, 0e+00]
-------------------------------------------------------------------
 iteration    simulation      bound        time (s)     solves  pid
-------------------------------------------------------------------
         1   1.000000e+00  1.500000e+00  2.786160e-03         3   1
        40   4.000000e+00  2.000000e+00  4.521608e-02       578   1
-------------------------------------------------------------------
status         : simulation_stopping
total time (s) : 4.521608e-02
total solves   : 578
best bound     :  2.000000e+00
simulation ci  :  1.950000e+00 ± 5.568095e-01
numeric issues : 0
-------------------------------------------------------------------

-------------------------------------------------------------------
         SDDP.jl (c) Oscar Dowson and contributors, 2017-25
-------------------------------------------------------------------
problem
  nodes           : 3
  state variables : 1
  scenarios       : 8.51840e+04
  existing cuts   : false
options
  solver          : serial mode
  risk measure    : SDDP.Expectation()
  sampling scheme : SDDP.InSampleMonteCarlo
subproblem structure
  VariableRef                             : [6, 6]
  AffExpr in MOI.EqualTo{Float64}         : [1, 3]
  AffExpr in MOI.LessThan{Float64}        : [2, 2]
  VariableRef in MOI.EqualTo{Float64}     : [1, 1]
  VariableRef in MOI.GreaterThan{Float64} : [3, 4]
  VariableRef in MOI.LessThan{Float64}    : [3, 3]
numerical stability report
  matrix range     [8e-01, 2e+00]
  objective range  [1e+00, 2e+00]
  bounds range     [1e+00, 1e+02]
  rhs range        [5e+01, 5e+01]
-------------------------------------------------------------------
 iteration    simulation      bound        time (s)     solves  pid
-------------------------------------------------------------------
        10   5.250000e+00  4.888859e+00  1.864610e-01      1350   1
        20   4.350000e+00  4.105855e+00  2.844169e-01      2700   1
        30   5.000000e+00  4.100490e+00  3.935850e-01      4050   1
        40   3.475000e+00  4.097376e+00  5.101731e-01      5400   1
        50   5.250000e+00  4.095862e+00  6.298060e-01      6750   1
        60   3.643750e+00  4.093345e+00  7.539561e-01      8100   1
        70   2.643750e+00  4.091824e+00  8.759930e-01      9450   1
        80   5.087500e+00  4.091594e+00  1.027435e+00     10800   1
        90   5.062500e+00  4.091314e+00  1.155858e+00     12150   1
       100   4.843750e+00  4.086999e+00  1.296406e+00     13500   1
       110   3.437500e+00  4.086095e+00  1.433381e+00     14850   1
       120   3.375000e+00  4.085928e+00  1.572875e+00     16200   1
       130   5.025000e+00  4.085864e+00  1.717499e+00     17550   1
       140   5.000000e+00  4.085733e+00  1.861419e+00     18900   1
       150   3.500000e+00  4.085659e+00  2.006059e+00     20250   1
       160   4.281250e+00  4.085459e+00  2.146553e+00     21600   1
       170   4.500000e+00  4.085433e+00  2.289827e+00     22950   1
       180   5.768750e+00  4.085431e+00  2.435756e+00     24300   1
       190   3.468750e+00  4.085369e+00  2.588420e+00     25650   1
       200   4.131250e+00  4.085231e+00  2.739920e+00     27000   1
       210   4.506250e+00  4.085165e+00  2.891772e+00     28350   1
       220   4.900000e+00  4.085162e+00  3.062223e+00     29700   1
       230   4.025000e+00  4.085143e+00  3.211598e+00     31050   1
       240   4.468750e+00  4.085124e+00  3.372236e+00     32400   1
       250   4.062500e+00  4.085084e+00  3.527883e+00     33750   1
       260   4.875000e+00  4.085047e+00  3.683567e+00     35100   1
       270   3.850000e+00  4.085019e+00  3.837630e+00     36450   1
       280   4.912500e+00  4.085000e+00  3.994119e+00     37800   1
       290   2.987500e+00  4.084993e+00  4.155837e+00     39150   1
       300   3.825000e+00  4.084961e+00  4.319108e+00     40500   1
       310   3.250000e+00  4.084914e+00  4.480377e+00     41850   1
       320   3.537500e+00  4.084897e+00  4.643812e+00     43200   1
       330   3.950000e+00  4.084897e+00  4.796070e+00     44550   1
       340   4.500000e+00  4.084895e+00  4.955947e+00     45900   1
       350   5.000000e+00  4.084893e+00  5.137184e+00     47250   1
       360   3.075000e+00  4.084867e+00  5.299522e+00     48600   1
       370   3.500000e+00  4.084862e+00  5.471932e+00     49950   1
       380   3.356250e+00  4.084857e+00  5.640939e+00     51300   1
       390   5.500000e+00  4.084841e+00  5.818329e+00     52650   1
       400   4.475000e+00  4.084837e+00  5.985047e+00     54000   1
       410   3.750000e+00  4.084834e+00  6.152134e+00     55350   1
       420   3.687500e+00  4.084834e+00  6.322189e+00     56700   1
       430   4.337500e+00  4.084813e+00  6.495838e+00     58050   1
       440   5.750000e+00  4.084813e+00  6.648529e+00     59400   1
       450   4.937500e+00  4.084776e+00  6.821114e+00     60750   1
       460   3.600000e+00  4.084776e+00  6.990026e+00     62100   1
       470   4.387500e+00  4.084776e+00  7.151745e+00     63450   1
       480   4.000000e+00  4.084771e+00  7.322961e+00     64800   1
       490   2.975000e+00  4.084769e+00  7.512359e+00     66150   1
       500   3.125000e+00  4.084769e+00  7.679588e+00     67500   1
       510   4.250000e+00  4.084769e+00  7.855989e+00     68850   1
       520   4.512500e+00  4.084767e+00  8.022132e+00     70200   1
       530   3.875000e+00  4.084767e+00  8.201573e+00     71550   1
       540   4.387500e+00  4.084762e+00  8.379640e+00     72900   1
       550   5.287500e+00  4.084762e+00  8.559533e+00     74250   1
       560   4.650000e+00  4.084762e+00  8.727122e+00     75600   1
       570   3.062500e+00  4.084762e+00  8.901481e+00     76950   1
       580   3.187500e+00  4.084758e+00  9.067323e+00     78300   1
       590   3.812500e+00  4.084758e+00  9.227238e+00     79650   1
       600   3.637500e+00  4.084746e+00  9.397391e+00     81000   1
       610   3.925000e+00  4.084746e+00  9.570731e+00     82350   1
       620   4.625000e+00  4.084746e+00  9.759850e+00     83700   1
       630   4.218750e+00  4.084746e+00  9.935274e+00     85050   1
       640   3.025000e+00  4.084746e+00  1.010805e+01     86400   1
       650   2.993750e+00  4.084746e+00  1.027239e+01     87750   1
       660   3.262500e+00  4.084746e+00  1.044258e+01     89100   1
       670   3.575000e+00  4.084746e+00  1.062227e+01     90450   1
       680   2.981250e+00  4.084746e+00  1.079919e+01     91800   1
       690   4.187500e+00  4.084746e+00  1.097655e+01     93150   1
       700   4.500000e+00  4.084746e+00  1.115357e+01     94500   1
       710   3.225000e+00  4.084746e+00  1.133331e+01     95850   1
       720   4.375000e+00  4.084746e+00  1.151647e+01     97200   1
       730   2.650000e+00  4.084746e+00  1.170573e+01     98550   1
       740   3.312500e+00  4.084746e+00  1.188579e+01     99900   1
       750   4.725000e+00  4.084746e+00  1.209427e+01    101250   1
       760   3.375000e+00  4.084746e+00  1.228193e+01    102600   1
       770   5.375000e+00  4.084746e+00  1.246130e+01    103950   1
       780   4.068750e+00  4.084746e+00  1.265062e+01    105300   1
       790   4.412500e+00  4.084746e+00  1.283810e+01    106650   1
       800   4.350000e+00  4.084746e+00  1.304048e+01    108000   1
       810   5.887500e+00  4.084746e+00  1.322790e+01    109350   1
       820   4.912500e+00  4.084746e+00  1.341453e+01    110700   1
       830   4.400000e+00  4.084746e+00  1.360298e+01    112050   1
       840   3.675000e+00  4.084746e+00  1.379687e+01    113400   1
       850   5.375000e+00  4.084746e+00  1.398372e+01    114750   1
       860   3.562500e+00  4.084746e+00  1.417848e+01    116100   1
       870   3.075000e+00  4.084746e+00  1.439349e+01    117450   1
       880   3.625000e+00  4.084746e+00  1.458533e+01    118800   1
       890   2.937500e+00  4.084746e+00  1.478128e+01    120150   1
       900   4.450000e+00  4.084746e+00  1.496990e+01    121500   1
       910   4.200000e+00  4.084746e+00  1.515779e+01    122850   1
       920   3.687500e+00  4.084746e+00  1.535021e+01    124200   1
       930   4.725000e+00  4.084746e+00  1.554091e+01    125550   1
       940   4.018750e+00  4.084746e+00  1.572456e+01    126900   1
       950   4.675000e+00  4.084746e+00  1.591299e+01    128250   1
       960   3.375000e+00  4.084746e+00  1.609692e+01    129600   1
       970   3.812500e+00  4.084746e+00  1.627929e+01    130950   1
       980   3.112500e+00  4.084746e+00  1.646900e+01    132300   1
       990   3.600000e+00  4.084746e+00  1.668004e+01    133650   1
      1000   5.500000e+00  4.084746e+00  1.687155e+01    135000   1
      1010   3.187500e+00  4.084746e+00  1.705989e+01    136350   1
      1020   4.900000e+00  4.084746e+00  1.725383e+01    137700   1
      1030   3.637500e+00  4.084746e+00  1.745581e+01    139050   1
      1040   3.975000e+00  4.084746e+00  1.764924e+01    140400   1
      1050   4.750000e+00  4.084746e+00  1.784907e+01    141750   1
      1060   4.437500e+00  4.084746e+00  1.806719e+01    143100   1
      1070   5.000000e+00  4.084746e+00  1.826777e+01    144450   1
      1080   4.143750e+00  4.084746e+00  1.847315e+01    145800   1
      1090   5.625000e+00  4.084746e+00  1.868600e+01    147150   1
      1100   3.475000e+00  4.084746e+00  1.888512e+01    148500   1
      1110   4.156250e+00  4.084746e+00  1.908492e+01    149850   1
      1120   4.450000e+00  4.084746e+00  1.927934e+01    151200   1
      1130   3.225000e+00  4.084741e+00  1.948075e+01    152550   1
      1140   5.375000e+00  4.084741e+00  1.967286e+01    153900   1
      1150   4.800000e+00  4.084737e+00  1.988797e+01    155250   1
      1156   3.500000e+00  4.084737e+00  2.000498e+01    156060   1
-------------------------------------------------------------------
status         : time_limit
total time (s) : 2.000498e+01
total solves   : 156060
best bound     :  4.084737e+00
simulation ci  :  4.070288e+00 ± 4.209706e-02
numeric issues : 0
-------------------------------------------------------------------

-------------------------------------------------------------------
         SDDP.jl (c) Oscar Dowson and contributors, 2017-25
-------------------------------------------------------------------
problem
  nodes           : 3
  state variables : 1
  scenarios       : 8.51840e+04
  existing cuts   : false
options
  solver          : serial mode
  risk measure    : SDDP.Expectation()
  sampling scheme : SDDP.InSampleMonteCarlo
subproblem structure
  VariableRef                             : [6, 6]
  AffExpr in MOI.EqualTo{Float64}         : [1, 3]
  AffExpr in MOI.LessThan{Float64}        : [2, 2]
  VariableRef in MOI.EqualTo{Float64}     : [1, 1]
  VariableRef in MOI.GreaterThan{Float64} : [3, 4]
  VariableRef in MOI.LessThan{Float64}    : [3, 3]
numerical stability report
  matrix range     [8e-01, 2e+00]
  objective range  [1e+00, 2e+00]
  bounds range     [1e+00, 1e+02]
  rhs range        [5e+01, 5e+01]
-------------------------------------------------------------------
 iteration    simulation      bound        time (s)     solves  pid
-------------------------------------------------------------------
        10   5.112500e+00  5.224404e+00  2.504449e-01      1350   1
        20   4.406250e+00  4.048871e+00  6.462739e-01      2700   1
        30   3.525000e+00  4.045913e+00  1.161860e+00      4050   1
        40   4.687500e+00  4.044245e+00  1.862595e+00      5400   1
        50   4.125000e+00  4.042166e+00  2.647773e+00      6750   1
        60   3.125000e+00  4.041300e+00  3.567120e+00      8100   1
        70   3.806250e+00  4.041203e+00  4.662974e+00      9450   1
        80   3.581250e+00  4.041110e+00  5.897039e+00     10800   1
        90   4.456250e+00  4.041019e+00  7.231478e+00     12150   1
       100   4.512500e+00  4.040030e+00  8.669360e+00     13500   1
       110   5.062500e+00  4.039207e+00  1.019154e+01     14850   1
       120   4.968750e+00  4.038959e+00  1.184187e+01     16200   1
       130   4.125000e+00  4.038943e+00  1.359144e+01     17550   1
       140   3.925000e+00  4.038818e+00  1.558499e+01     18900   1
       150   3.875000e+00  4.038816e+00  1.754688e+01     20250   1
       160   3.918750e+00  4.038816e+00  1.976518e+01     21600   1
       162   3.000000e+00  4.038792e+00  2.018291e+01     21870   1
-------------------------------------------------------------------
status         : time_limit
total time (s) : 2.018291e+01
total solves   : 21870
best bound     :  4.038792e+00
simulation ci  :  4.096563e+00 ± 1.123091e-01
numeric issues : 0
-------------------------------------------------------------------

-------------------------------------------------------------------
         SDDP.jl (c) Oscar Dowson and contributors, 2017-25
-------------------------------------------------------------------
problem
  nodes           : 8
  state variables : 1
  scenarios       : 1.00000e+08
  existing cuts   : false
options
  solver          : serial mode
  risk measure    : SDDP.Expectation()
  sampling scheme : SDDP.InSampleMonteCarlo
subproblem structure
  VariableRef                             : [7, 7]
  AffExpr in MOI.EqualTo{Float64}         : [1, 1]
  AffExpr in MOI.GreaterThan{Float64}     : [2, 2]
  VariableRef in MOI.EqualTo{Float64}     : [1, 1]
  VariableRef in MOI.GreaterThan{Float64} : [4, 4]
  VariableRef in MOI.LessThan{Float64}    : [1, 2]
  VariableRef in MOI.ZeroOne              : [1, 1]
numerical stability report
  matrix range     [1e+00, 2e+00]
  objective range  [5e-01, 1e+00]
  bounds range     [1e+00, 1e+00]
  rhs range        [1e+00, 1e+00]
-------------------------------------------------------------------
 iteration    simulation      bound        time (s)     solves  pid
-------------------------------------------------------------------
        10   3.464183e+00  1.167254e+00  5.576477e+00      1680   1
        20   3.570060e+00  1.167254e+00  6.099017e+00      2560   1
        30   3.116441e+00  1.167299e+00  1.131462e+01      4240   1
        40   3.414594e+00  1.167299e+00  1.182950e+01      5120   1
        50   2.670501e+00  1.167299e+00  1.699794e+01      6800   1
        60   3.146555e+00  1.167299e+00  1.754941e+01      7680   1
        70   2.271745e+00  1.167410e+00  2.269826e+01      9360   1
        80   3.444273e+00  1.167410e+00  2.323779e+01     10240   1
        90   3.812260e+00  1.167410e+00  2.832981e+01     11920   1
       100   3.765937e+00  1.167410e+00  2.890946e+01     12800   1
-------------------------------------------------------------------
status         : simulation_stopping
total time (s) : 2.890946e+01
total solves   : 12800
best bound     :  1.167410e+00
simulation ci  :  3.250149e+00 ± 9.480793e-02
numeric issues : 0
-------------------------------------------------------------------

-------------------------------------------------------------------
         SDDP.jl (c) Oscar Dowson and contributors, 2017-25
-------------------------------------------------------------------
problem
  nodes           : 2
  state variables : 2
  scenarios       : 4.00000e+00
  existing cuts   : false
options
  solver          : serial mode
  risk measure    : SDDP.Expectation()
  sampling scheme : SDDP.InSampleMonteCarlo
subproblem structure
  VariableRef                             : [7, 11]
  AffExpr in MOI.EqualTo{Float64}         : [2, 2]
  AffExpr in MOI.LessThan{Float64}        : [2, 2]
  VariableRef in MOI.EqualTo{Float64}     : [2, 2]
  VariableRef in MOI.GreaterThan{Float64} : [5, 7]
  VariableRef in MOI.Integer              : [2, 2]
  VariableRef in MOI.LessThan{Float64}    : [4, 7]
  VariableRef in MOI.ZeroOne              : [4, 4]
numerical stability report
  matrix range     [1e+00, 6e+00]
  objective range  [1e+00, 3e+01]
  bounds range     [1e+00, 1e+02]
  rhs range        [0e+00, 0e+00]
-------------------------------------------------------------------
 iteration    simulation      bound        time (s)     solves  pid
-------------------------------------------------------------------
        10  -9.800000e+01 -5.809615e+01  1.633780e-01        78   1
        20  -4.000000e+01 -5.809615e+01  3.495400e-01       148   1
        30  -4.000000e+01 -5.809615e+01  5.912762e-01       226   1
        40  -4.000000e+01 -5.809615e+01  7.473881e-01       296   1
-------------------------------------------------------------------
status         : simulation_stopping
total time (s) : 7.473881e-01
total solves   : 296
best bound     : -5.809615e+01
simulation ci  : -5.526250e+01 ± 7.719638e+00
numeric issues : 0
-------------------------------------------------------------------

-------------------------------------------------------------------
         SDDP.jl (c) Oscar Dowson and contributors, 2017-25
-------------------------------------------------------------------
problem
  nodes           : 2
  state variables : 2
  scenarios       : 9.00000e+00
  existing cuts   : false
options
  solver          : serial mode
  risk measure    : SDDP.Expectation()
  sampling scheme : SDDP.InSampleMonteCarlo
subproblem structure
  VariableRef                             : [7, 11]
  AffExpr in MOI.EqualTo{Float64}         : [2, 2]
  AffExpr in MOI.LessThan{Float64}        : [2, 2]
  VariableRef in MOI.EqualTo{Float64}     : [2, 2]
  VariableRef in MOI.GreaterThan{Float64} : [5, 7]
  VariableRef in MOI.Integer              : [2, 2]
  VariableRef in MOI.LessThan{Float64}    : [4, 7]
  VariableRef in MOI.ZeroOne              : [4, 4]
numerical stability report
  matrix range     [1e+00, 6e+00]
  objective range  [1e+00, 3e+01]
  bounds range     [1e+00, 1e+02]
  rhs range        [0e+00, 0e+00]
-------------------------------------------------------------------
 iteration    simulation      bound        time (s)     solves  pid
-------------------------------------------------------------------
        10  -9.800000e+01 -6.196125e+01  2.032900e-01       138   1
        20  -4.700000e+01 -6.196125e+01  3.820739e-01       258   1
        30  -4.000000e+01 -6.196125e+01  6.665819e-01       396   1
        40  -7.500000e+01 -6.196125e+01  8.862579e-01       516   1
-------------------------------------------------------------------
status         : simulation_stopping
total time (s) : 8.862579e-01
total solves   : 516
best bound     : -6.196125e+01
simulation ci  : -5.636250e+01 ± 6.068374e+00
numeric issues : 0
-------------------------------------------------------------------

-------------------------------------------------------------------
         SDDP.jl (c) Oscar Dowson and contributors, 2017-25
-------------------------------------------------------------------
problem
  nodes           : 2
  state variables : 2
  scenarios       : 3.60000e+01
  existing cuts   : false
options
  solver          : serial mode
  risk measure    : SDDP.Expectation()
  sampling scheme : SDDP.InSampleMonteCarlo
subproblem structure
  VariableRef                             : [7, 11]
  AffExpr in MOI.EqualTo{Float64}         : [2, 2]
  AffExpr in MOI.LessThan{Float64}        : [2, 2]
  VariableRef in MOI.EqualTo{Float64}     : [2, 2]
  VariableRef in MOI.GreaterThan{Float64} : [5, 7]
  VariableRef in MOI.Integer              : [2, 2]
  VariableRef in MOI.LessThan{Float64}    : [4, 7]
  VariableRef in MOI.ZeroOne              : [4, 4]
numerical stability report
  matrix range     [1e+00, 6e+00]
  objective range  [1e+00, 3e+01]
  bounds range     [1e+00, 1e+02]
  rhs range        [0e+00, 0e+00]
-------------------------------------------------------------------
 iteration    simulation      bound        time (s)     solves  pid
-------------------------------------------------------------------
        10  -4.000000e+01 -6.546793e+01  3.416991e-01       462   1
        20  -4.000000e+01 -6.546793e+01  5.628991e-01       852   1
        30  -4.000000e+01 -6.546793e+01  1.183347e+00      1314   1
        40  -7.000000e+01 -6.546793e+01  1.414759e+00      1704   1
-------------------------------------------------------------------
status         : simulation_stopping
total time (s) : 1.414759e+00
total solves   : 1704
best bound     : -6.546793e+01
simulation ci  : -6.093750e+01 ± 5.172143e+00
numeric issues : 0
-------------------------------------------------------------------

-------------------------------------------------------------------
         SDDP.jl (c) Oscar Dowson and contributors, 2017-25
-------------------------------------------------------------------
problem
  nodes           : 3
  state variables : 2
  scenarios       : 2.70000e+01
  existing cuts   : false
options
  solver          : serial mode
  risk measure    : SDDP.Expectation()
  sampling scheme : SDDP.InSampleMonteCarlo
subproblem structure
  VariableRef                             : [9, 9]
  AffExpr in MOI.EqualTo{Float64}         : [2, 2]
  AffExpr in MOI.LessThan{Float64}        : [2, 2]
  VariableRef in MOI.EqualTo{Float64}     : [2, 2]
  VariableRef in MOI.GreaterThan{Float64} : [2, 3]
  VariableRef in MOI.LessThan{Float64}    : [3, 3]
  VariableRef in MOI.ZeroOne              : [4, 4]
numerical stability report
  matrix range     [1e+00, 1e+00]
  objective range  [1e+00, 6e+00]
  bounds range     [1e+00, 1e+02]
  rhs range        [0e+00, 0e+00]
-------------------------------------------------------------------
 iteration    simulation      bound        time (s)     solves  pid
-------------------------------------------------------------------
         1L  6.000000e+00  1.200000e+01  4.663801e-02        11   1
        18L  6.000000e+00  8.000000e+00  1.102009e+00       279   1
        32L  1.200000e+01  8.000000e+00  2.153406e+00       514   1
        40L  6.000000e+00  8.000000e+00  2.640392e+00       602   1
-------------------------------------------------------------------
status         : simulation_stopping
total time (s) : 2.640392e+00
total solves   : 602
best bound     :  8.000000e+00
simulation ci  :  7.050000e+00 ± 7.458507e-01
numeric issues : 0
-------------------------------------------------------------------

-------------------------------------------------------------------
         SDDP.jl (c) Oscar Dowson and contributors, 2017-25
-------------------------------------------------------------------
problem
  nodes           : 2
  state variables : 3
  scenarios       : 3.00000e+00
  existing cuts   : false
options
  solver          : serial mode
  risk measure    : SDDP.Expectation()
  sampling scheme : SDDP.InSampleMonteCarlo
subproblem structure
  VariableRef                             : [7, 19]
  AffExpr in MOI.EqualTo{Float64}         : [3, 3]
  AffExpr in MOI.GreaterThan{Float64}     : [3, 3]
  AffExpr in MOI.LessThan{Float64}        : [1, 1]
  VariableRef in MOI.GreaterThan{Float64} : [3, 16]
  VariableRef in MOI.LessThan{Float64}    : [1, 2]
numerical stability report
  matrix range     [1e+00, 2e+01]
  objective range  [1e+00, 1e+03]
  bounds range     [6e+03, 5e+05]
  rhs range        [2e+02, 5e+02]
-------------------------------------------------------------------
 iteration    simulation      bound        time (s)     solves  pid
-------------------------------------------------------------------
         1  -9.800000e+04  4.922260e+05  9.030294e-02         6   1
        40   1.670000e+05  1.083900e+05  1.165659e-01       240   1
-------------------------------------------------------------------
status         : iteration_limit
total time (s) : 1.165659e-01
total solves   : 240
best bound     :  1.083900e+05
simulation ci  :  8.606992e+04 ± 1.831209e+04
numeric issues : 0
-------------------------------------------------------------------

