-------------------------------------------------------------------
         SDDP.jl (c) Oscar Dowson and contributors, 2017-25
-------------------------------------------------------------------
problem
  nodes           : 3
  state variables : 1
  scenarios       : 1.00000e+00
  existing cuts   : false
options
  solver          : serial mode
  risk measure    : SDDP.Expectation()
  sampling scheme : SDDP.InSampleMonteCarlo
subproblem structure
  VariableRef                             : [5, 5]
  AffExpr in MOI.EqualTo{Float64}         : [1, 1]
  VariableRef in MOI.GreaterThan{Float64} : [4, 4]
  VariableRef in MOI.Integer              : [2, 2]
  VariableRef in MOI.LessThan{Float64}    : [2, 3]
numerical stability report
  matrix range     [1e+00, 1e+00]
  objective range  [1e+00, 6e+00]
  bounds range     [1e+02, 2e+02]
  rhs range        [2e+02, 2e+02]
-------------------------------------------------------------------
 iteration    simulation      bound        time (s)     solves  pid
-------------------------------------------------------------------
         1   9.000000e+02  9.000000e+02  1.127981e+00         6   1
         2   9.000000e+02  9.000000e+02  1.317479e+00        15   1
         3S  9.000000e+02  9.000000e+02  1.458878e+00        21   1
         4   9.000000e+02  9.000000e+02  1.460867e+00        27   1
         5S  9.000000e+02  9.000000e+02  1.463360e+00        33   1
         6   9.000000e+02  9.000000e+02  1.465205e+00        39   1
         7S  9.000000e+02  9.000000e+02  1.467605e+00        45   1
         8   9.000000e+02  9.000000e+02  1.469412e+00        51   1
         9S  9.000000e+02  9.000000e+02  1.471784e+00        57   1
        10   9.000000e+02  9.000000e+02  1.473570e+00        63   1
        11S  9.000000e+02  9.000000e+02  1.475894e+00        69   1
        12   9.000000e+02  9.000000e+02  1.477678e+00        75   1
        13S  9.000000e+02  9.000000e+02  1.480021e+00        81   1
        14   9.000000e+02  9.000000e+02  1.481853e+00        87   1
        15S  9.000000e+02  9.000000e+02  1.484270e+00        93   1
        16   9.000000e+02  9.000000e+02  1.486068e+00        99   1
        17S  9.000000e+02  9.000000e+02  1.488509e+00       105   1
        18   9.000000e+02  9.000000e+02  1.490352e+00       111   1
        19S  9.000000e+02  9.000000e+02  1.492742e+00       117   1
        20   9.000000e+02  9.000000e+02  1.494613e+00       123   1
-------------------------------------------------------------------
status         : simulation_stopping
total time (s) : 1.494613e+00
total solves   : 123
best bound     :  9.000000e+02
simulation ci  :  9.000000e+02 ± 0.000000e+00
numeric issues : 0
-------------------------------------------------------------------

-------------------------------------------------------------------
         SDDP.jl (c) Oscar Dowson and contributors, 2017-25
-------------------------------------------------------------------
problem
  nodes           : 3
  state variables : 1
  scenarios       : 1.00000e+00
  existing cuts   : false
options
  solver          : serial mode
  risk measure    : SDDP.Expectation()
  sampling scheme : SDDP.InSampleMonteCarlo
subproblem structure
  VariableRef                             : [5, 5]
  AffExpr in MOI.EqualTo{Float64}         : [1, 1]
  VariableRef in MOI.GreaterThan{Float64} : [4, 4]
  VariableRef in MOI.Integer              : [2, 2]
  VariableRef in MOI.LessThan{Float64}    : [2, 3]
numerical stability report
  matrix range     [1e+00, 1e+00]
  objective range  [1e+00, 6e+00]
  bounds range     [1e+02, 2e+02]
  rhs range        [2e+02, 2e+02]
-------------------------------------------------------------------
 iteration    simulation      bound        time (s)     solves  pid
-------------------------------------------------------------------
         1   9.000000e+02  9.000000e+02  2.813859e-01         6   1
        20   9.000000e+02  9.000000e+02  4.760368e-01       123   1
-------------------------------------------------------------------
status         : simulation_stopping
total time (s) : 4.760368e-01
total solves   : 123
best bound     :  9.000000e+02
simulation ci  :  9.000000e+02 ± 0.000000e+00
numeric issues : 0
-------------------------------------------------------------------

-------------------------------------------------------------------
         SDDP.jl (c) Oscar Dowson and contributors, 2017-25
-------------------------------------------------------------------
problem
  nodes           : 12
  state variables : 1
  scenarios       : 1.00000e+00
  existing cuts   : false
options
  solver          : Threaded()
  risk measure    : SDDP.Expectation()
  sampling scheme : SDDP.InSampleMonteCarlo
subproblem structure
  VariableRef                             : [3, 3]
  VariableRef in MOI.GreaterThan{Float64} : [2, 2]
  VariableRef in MOI.LessThan{Float64}    : [1, 1]
numerical stability report
  matrix range     [0e+00, 0e+00]
  objective range  [1e+00, 1e+00]
  bounds range     [0e+00, 0e+00]
  rhs range        [0e+00, 0e+00]
-------------------------------------------------------------------
 iteration    simulation      bound        time (s)     solves  pid
-------------------------------------------------------------------
         4   0.000000e+00  0.000000e+00  2.598588e-01        96   2
         5   0.000000e+00  0.000000e+00  2.806530e-01       183   4
         8   0.000000e+00  0.000000e+00  2.812269e-01       192   5
         9   0.000000e+00  0.000000e+00  2.839839e-01       269   4
        10   0.000000e+00  0.000000e+00  2.850840e-01       287   3
        11   0.000000e+00  0.000000e+00  2.856600e-01       299   2
        12   0.000000e+00  0.000000e+00  2.859108e-01       302   5
        13   0.000000e+00  0.000000e+00  2.872789e-01       312   4
-------------------------------------------------------------------
status         : iteration_limit
total time (s) : 2.872789e-01
total solves   : 312
best bound     :  0.000000e+00
simulation ci  :  0.000000e+00 ± 0.000000e+00
numeric issues : 0
-------------------------------------------------------------------

