-------------------------------------------------------------------
         SDDP.jl (c) Oscar Dowson and contributors, 2017-25
-------------------------------------------------------------------
problem
  nodes           : 2
  state variables : 1
  scenarios       : 2.00000e+00
  existing cuts   : false
options
  solver          : serial mode
  risk measure    : SDDP.Expectation()
  sampling scheme : SDDP.InSampleMonteCarlo
subproblem structure
  VariableRef                             : [6, 6]
  AffExpr in MOI.GreaterThan{Float64}     : [1, 1]
  AffExpr in MOI.LessThan{Float64}        : [1, 1]
  VariableRef in MOI.EqualTo{Float64}     : [1, 1]
  VariableRef in MOI.GreaterThan{Float64} : [3, 4]
  VariableRef in MOI.LessThan{Float64}    : [2, 2]
numerical stability report
  matrix range     [1e+00, 1e+00]
  objective range  [1e+00, 5e+00]
  bounds range     [8e+00, 8e+00]
  rhs range        [6e+00, 6e+00]
-------------------------------------------------------------------
 iteration    simulation      bound        time (s)     solves  pid
-------------------------------------------------------------------
         1  -2.000000e+01 -1.000000e+01  3.844023e-03         5   1
        20   0.000000e+00 -1.000000e+01  1.516008e-02       104   1
-------------------------------------------------------------------
status         : simulation_stopping
total time (s) : 1.516008e-02
total solves   : 104
best bound     : -1.000000e+01
simulation ci  : -1.200000e+01 ± 4.405700e+00
numeric issues : 0
-------------------------------------------------------------------

-------------------------------------------------------------------
         SDDP.jl (c) Oscar Dowson and contributors, 2017-25
-------------------------------------------------------------------
problem
  nodes           : 3
  state variables : 2
  scenarios       : 4.00000e+00
  existing cuts   : false
options
  solver          : serial mode
  risk measure    : SDDP.Expectation()
  sampling scheme : SDDP.InSampleMonteCarlo
subproblem structure
  VariableRef                             : [8, 8]
  AffExpr in MOI.LessThan{Float64}        : [3, 3]
  VariableRef in MOI.EqualTo{Float64}     : [1, 1]
  VariableRef in MOI.GreaterThan{Float64} : [5, 5]
  VariableRef in MOI.LessThan{Float64}    : [1, 1]
numerical stability report
  matrix range     [1e+00, 1e+00]
  objective range  [2e-01, 3e+00]
  bounds range     [5e+01, 5e+01]
  rhs range        [0e+00, 0e+00]
-------------------------------------------------------------------
 iteration    simulation      bound        time (s)     solves  pid
-------------------------------------------------------------------
         5  -2.396000e+01 -2.396000e+01  8.276224e-03        52   1
        10  -4.260000e+01 -2.396000e+01  1.191616e-02        92   1
        15  -5.320000e+00 -2.396000e+01  1.568317e-02       132   1
        20  -2.396000e+01 -2.396000e+01  1.964617e-02       172   1
        25  -2.396000e+01 -2.396000e+01  2.466011e-02       224   1
        30  -2.396000e+01 -2.396000e+01  2.913809e-02       264   1
        35  -4.260000e+01 -2.396000e+01  3.389621e-02       304   1
        40  -2.396000e+01 -2.396000e+01  3.902411e-02       344   1
-------------------------------------------------------------------
status         : simulation_stopping
total time (s) : 3.902411e-02
total solves   : 344
best bound     : -2.396000e+01
simulation ci  : -2.612314e+01 ± 4.105831e+00
numeric issues : 0
-------------------------------------------------------------------

────────────────────────────────────────────────────────────────────────────────────
                                           Time                    Allocations      
                                  ───────────────────────   ────────────────────────
        Tot / % measured:             43.5ms /  77.2%           33.3MiB /  20.1%    

Section                   ncalls     time    %tot     avg     alloc    %tot      avg
────────────────────────────────────────────────────────────────────────────────────
backward_pass                 40   20.4ms   60.8%   510μs   5.76MiB   85.9%   148KiB
  solve_subproblem           160   11.8ms   35.2%  73.9μs    841KiB   12.2%  5.25KiB
    get_dual_solution        160    575μs    1.7%  3.60μs    190KiB    2.8%  1.19KiB
  prepare_backward_pass      160   26.5μs    0.1%   165ns     0.00B    0.0%    0.00B
forward_pass                  40   7.88ms   23.5%   197μs    746KiB   10.9%  18.6KiB
  solve_subproblem           120   7.02ms   20.9%  58.5μs    565KiB    8.2%  4.71KiB
    get_dual_solution        120   63.1μs    0.2%   526ns   16.9KiB    0.2%     144B
  sample_scenario             40    123μs    0.4%  3.08μs   24.5KiB    0.4%     627B
calculate_bound               40   5.26ms   15.7%   132μs    217KiB    3.2%  5.42KiB
  get_dual_solution           40   29.1μs    0.1%   729ns   5.62KiB    0.1%     144B
get_dual_solution             36   19.5μs    0.1%   541ns   5.06KiB    0.1%     144B
────────────────────────────────────────────────────────────────────────────────────

-------------------------------------------------------------------
         SDDP.jl (c) Oscar Dowson and contributors, 2017-25
-------------------------------------------------------------------
problem
  nodes           : 3
  state variables : 2
  scenarios       : 4.00000e+00
  existing cuts   : false
options
  solver          : serial mode
  risk measure    : SDDP.Expectation()
  sampling scheme : SDDP.InSampleMonteCarlo
subproblem structure
  VariableRef                             : [8, 8]
  AffExpr in MOI.LessThan{Float64}        : [3, 3]
  VariableRef in MOI.EqualTo{Float64}     : [1, 1]
  VariableRef in MOI.GreaterThan{Float64} : [5, 5]
  VariableRef in MOI.LessThan{Float64}    : [1, 1]
numerical stability report
  matrix range     [1e+00, 1e+00]
  objective range  [2e-01, 3e+00]
  bounds range     [5e+01, 5e+01]
  rhs range        [0e+00, 0e+00]
-------------------------------------------------------------------
 iteration    simulation      bound        time (s)     solves  pid
-------------------------------------------------------------------
         5  -4.260000e+01 -2.396000e+01  7.349014e-03        52   1
        10  -5.320000e+00 -2.396000e+01  1.125193e-02        92   1
        15  -2.396000e+01 -2.396000e+01  1.556396e-02       132   1
        20  -4.260000e+01 -2.396000e+01  2.035308e-02       172   1
        25  -2.396000e+01 -2.396000e+01  2.645707e-02       224   1
        30  -2.396000e+01 -2.396000e+01  3.225899e-02       264   1
        35  -2.396000e+01 -2.396000e+01  3.857088e-02       304   1
        40  -2.396000e+01 -2.396000e+01  4.552007e-02       344   1
-------------------------------------------------------------------
status         : simulation_stopping
total time (s) : 4.552007e-02
total solves   : 344
best bound     : -2.396000e+01
simulation ci  : -1.910970e+01 ± 3.945892e+00
numeric issues : 0
-------------------------------------------------------------------

────────────────────────────────────────────────────────────────────────────────────
                                           Time                    Allocations      
                                  ───────────────────────   ────────────────────────
        Tot / % measured:             69.4ms /  58.8%           39.3MiB /  32.1%    

Section                   ncalls     time    %tot     avg     alloc    %tot      avg
────────────────────────────────────────────────────────────────────────────────────
backward_pass                 40   27.6ms   67.7%   691μs   11.7MiB   92.5%   299KiB
  solve_subproblem           160   11.8ms   28.9%  73.8μs    842KiB    6.5%  5.27KiB
    get_dual_solution        160    590μs    1.4%  3.69μs    190KiB    1.5%  1.19KiB
  prepare_backward_pass      160   26.1μs    0.1%   163ns     0.00B    0.0%    0.00B
forward_pass                  40   7.55ms   18.5%   189μs    745KiB    5.8%  18.6KiB
  solve_subproblem           120   6.70ms   16.4%  55.8μs    565KiB    4.4%  4.71KiB
    get_dual_solution        120   63.4μs    0.2%   528ns   16.9KiB    0.1%     144B
  sample_scenario             40    118μs    0.3%  2.94μs   24.2KiB    0.2%     620B
calculate_bound               40   5.61ms   13.7%   140μs    219KiB    1.7%  5.47KiB
  get_dual_solution           40   31.3μs    0.1%   781ns   5.62KiB    0.0%     144B
get_dual_solution             36   19.7μs    0.0%   547ns   5.06KiB    0.0%     144B
────────────────────────────────────────────────────────────────────────────────────

-------------------------------------------------------------------
         SDDP.jl (c) Oscar Dowson and contributors, 2017-25
-------------------------------------------------------------------
problem
  nodes           : 2
  state variables : 1
  scenarios       : 2.00000e+00
  existing cuts   : false
options
  solver          : serial mode
  risk measure    : SDDP.Expectation()
  sampling scheme : SDDP.InSampleMonteCarlo
subproblem structure
  VariableRef                             : [3, 4]
  AffExpr in MOI.LessThan{Float64}        : [1, 1]
  VariableRef in MOI.GreaterThan{Float64} : [2, 3]
  VariableRef in MOI.LessThan{Float64}    : [2, 2]
numerical stability report
  matrix range     [1e+00, 1e+00]
  objective range  [1e+00, 2e+00]
  bounds range     [2e+00, 5e+00]
  rhs range        [0e+00, 0e+00]
-------------------------------------------------------------------
 iteration    simulation      bound        time (s)     solves  pid
-------------------------------------------------------------------
         1   0.000000e+00 -2.500000e+00  2.838135e-03         5   1
         2  -1.500000e+00 -2.000000e+00  3.793001e-03        14   1
         3  -1.000000e+00 -2.000000e+00  4.259109e-03        19   1
         4  -3.000000e+00 -2.000000e+00  4.807949e-03        24   1
         5  -2.000000e+00 -2.000000e+00  5.392075e-03        29   1
         6  -2.000000e+00 -2.000000e+00  5.960941e-03        34   1
         7  -2.000000e+00 -2.000000e+00  6.513119e-03        39   1
         8  -2.000000e+00 -2.000000e+00  7.076025e-03        44   1
         9  -2.000000e+00 -2.000000e+00  7.632017e-03        49   1
        10  -2.000000e+00 -2.000000e+00  8.188009e-03        54   1
        11  -2.000000e+00 -2.000000e+00  8.747101e-03        59   1
        12  -2.000000e+00 -2.000000e+00  9.303093e-03        64   1
        13  -2.000000e+00 -2.000000e+00  9.892941e-03        69   1
        14  -2.000000e+00 -2.000000e+00  1.045895e-02        74   1
        15  -2.000000e+00 -2.000000e+00  1.103806e-02        79   1
        16  -2.000000e+00 -2.000000e+00  1.162195e-02        84   1
        17  -2.000000e+00 -2.000000e+00  2.876902e-02        89   1
        18  -2.000000e+00 -2.000000e+00  2.940106e-02        94   1
        19  -2.000000e+00 -2.000000e+00  3.002596e-02        99   1
        20  -2.000000e+00 -2.000000e+00  3.066897e-02       104   1
        21  -2.000000e+00 -2.000000e+00  3.161597e-02       113   1
        22  -2.000000e+00 -2.000000e+00  3.223205e-02       118   1
        23  -2.000000e+00 -2.000000e+00  3.286099e-02       123   1
        24  -2.000000e+00 -2.000000e+00  3.349996e-02       128   1
        25  -2.000000e+00 -2.000000e+00  3.415513e-02       133   1
        26  -2.000000e+00 -2.000000e+00  3.478098e-02       138   1
        27  -2.000000e+00 -2.000000e+00  3.540516e-02       143   1
        28  -2.000000e+00 -2.000000e+00  3.604007e-02       148   1
        29  -2.000000e+00 -2.000000e+00  3.669095e-02       153   1
        30  -2.000000e+00 -2.000000e+00  3.731298e-02       158   1
        31  -2.000000e+00 -2.000000e+00  3.795195e-02       163   1
        32  -2.000000e+00 -2.000000e+00  3.859901e-02       168   1
        33  -2.000000e+00 -2.000000e+00  3.924012e-02       173   1
        34  -2.000000e+00 -2.000000e+00  3.991508e-02       178   1
        35  -2.000000e+00 -2.000000e+00  4.055810e-02       183   1
        36  -2.000000e+00 -2.000000e+00  4.122305e-02       188   1
        37  -2.000000e+00 -2.000000e+00  4.190898e-02       193   1
        38  -2.000000e+00 -2.000000e+00  4.261303e-02       198   1
        39  -2.000000e+00 -2.000000e+00  4.328895e-02       203   1
        40  -2.000000e+00 -2.000000e+00  4.397798e-02       208   1
-------------------------------------------------------------------
status         : simulation_stopping
total time (s) : 4.397798e-02
total solves   : 208
best bound     : -2.000000e+00
simulation ci  : -1.937500e+00 ± 1.225000e-01
numeric issues : 0
-------------------------------------------------------------------

-------------------------------------------------------------------
         SDDP.jl (c) Oscar Dowson and contributors, 2017-25
-------------------------------------------------------------------
problem
  nodes           : 3
  state variables : 1
  scenarios       : Inf
  existing cuts   : false
options
  solver          : serial mode
  risk measure    : SDDP.Expectation()
  sampling scheme : SDDP.InSampleMonteCarlo
subproblem structure
  VariableRef                             : [6, 6]
  AffExpr in MOI.EqualTo{Float64}         : [2, 2]
  VariableRef in MOI.GreaterThan{Float64} : [5, 5]
  VariableRef in MOI.LessThan{Float64}    : [1, 1]
numerical stability report
  matrix range     [1e+00, 1e+00]
  objective range  [1e+00, 3e+00]
  bounds range     [5e+00, 2e+01]
  rhs range        [2e+00, 1e+01]
-------------------------------------------------------------------
 iteration    simulation      bound        time (s)     solves  pid
-------------------------------------------------------------------
         1   1.500000e+01  1.050370e+01  8.717084e-02        15   1
        23   7.272569e+02  2.340718e+02  1.121177e+00      7953   1
        54   2.532798e+02  2.361980e+02  2.164405e+00     14670   1
        87   8.490627e+02  2.363852e+02  3.189879e+00     20481   1
       100   2.664982e+02  2.364051e+02  3.493889e+00     22104   1
-------------------------------------------------------------------
status         : iteration_limit
total time (s) : 3.493889e+00
total solves   : 22104
best bound     :  2.364051e+02
simulation ci  :  2.144053e+02 ± 4.095724e+01
numeric issues : 0
-------------------------------------------------------------------

-------------------------------------------------------------------
         SDDP.jl (c) Oscar Dowson and contributors, 2017-25
-------------------------------------------------------------------
problem
  nodes           : 5
  state variables : 3
  scenarios       : 1.43489e+07
  existing cuts   : false
options
  solver          : serial mode
  risk measure    : SDDP.Expectation()
  sampling scheme : SDDP.InSampleMonteCarlo
subproblem structure
  VariableRef                             : [13, 13]
  AffExpr in MOI.EqualTo{Float64}         : [3, 3]
  AffExpr in MOI.LessThan{Float64}        : [1, 1]
  VariableRef in MOI.EqualTo{Float64}     : [3, 3]
  VariableRef in MOI.GreaterThan{Float64} : [7, 7]
  VariableRef in MOI.LessThan{Float64}    : [6, 7]
numerical stability report
  matrix range     [1e+00, 1e+00]
  objective range  [3e-01, 2e+00]
  bounds range     [5e-01, 5e+00]
  rhs range        [2e+00, 2e+00]
-------------------------------------------------------------------
 iteration    simulation      bound        time (s)     solves  pid
-------------------------------------------------------------------
        10  -4.385228e+00 -4.442269e+00  1.873639e-01      1400   1
        20  -3.881547e+00 -4.392566e+00  2.995229e-01      2800   1
        30  -3.671354e+00 -4.376606e+00  4.226029e-01      4200   1
        40  -4.312032e+00 -4.370551e+00  5.540159e-01      5600   1
        50  -4.077684e+00 -4.362538e+00  6.889200e-01      7000   1
        60  -3.609363e+00 -4.357411e+00  8.280349e-01      8400   1
        70  -4.997551e+00 -4.355252e+00  9.636140e-01      9800   1
        80  -4.608038e+00 -4.352744e+00  1.104757e+00     11200   1
        90  -4.949477e+00 -4.350750e+00  1.246267e+00     12600   1
       100  -4.165260e+00 -4.349697e+00  1.393245e+00     14000   1
-------------------------------------------------------------------
status         : iteration_limit
total time (s) : 1.393245e+00
total solves   : 14000
best bound     : -4.349697e+00
simulation ci  : -4.310541e+00 ± 9.196174e-02
numeric issues : 0
-------------------------------------------------------------------

-------------------------------------------------------------------
         SDDP.jl (c) Oscar Dowson and contributors, 2017-25
-------------------------------------------------------------------
problem
  nodes           : 5
  state variables : 1
  scenarios       : 1.00000e+05
  existing cuts   : false
options
  solver          : serial mode
  risk measure    : SDDP.Expectation()
  sampling scheme : SDDP.InSampleMonteCarlo
subproblem structure
  VariableRef                             : [5, 5]
  AffExpr in MOI.EqualTo{Float64}         : [1, 1]
  VariableRef in MOI.EqualTo{Float64}     : [1, 1]
  VariableRef in MOI.GreaterThan{Float64} : [3, 3]
  VariableRef in MOI.LessThan{Float64}    : [2, 3]
numerical stability report
  matrix range     [1e+00, 1e+00]
  objective range  [3e-01, 2e+00]
  bounds range     [5e-01, 2e+00]
  rhs range        [0e+00, 0e+00]
-------------------------------------------------------------------
 iteration    simulation      bound        time (s)     solves  pid
-------------------------------------------------------------------
        10  -1.442965e+00 -1.475770e+00  6.959510e-02      1050   1
        20  -1.559536e+00 -1.471842e+00  1.059351e-01      1600   1
        30  -1.633260e+00 -1.471526e+00  1.840470e-01      2650   1
        40  -1.512908e+00 -1.471277e+00  2.234731e-01      3200   1
        50  -1.504160e+00 -1.471172e+00  3.419900e-01      4250   1
        60  -1.352909e+00 -1.471159e+00  3.852439e-01      4800   1
        70  -1.520847e+00 -1.471079e+00  4.708941e-01      5850   1
        80  -1.340949e+00 -1.471075e+00  5.160260e-01      6400   1
        90  -1.260376e+00 -1.471075e+00  6.034801e-01      7450   1
       100  -1.573293e+00 -1.471075e+00  6.518481e-01      8000   1
       110  -1.364263e+00 -1.471075e+00  7.011001e-01      8550   1
       120  -1.572199e+00 -1.471075e+00  7.514241e-01      9100   1
       130  -1.548012e+00 -1.471075e+00  8.020699e-01      9650   1
       140  -1.462561e+00 -1.471075e+00  8.538599e-01     10200   1
       150  -1.154072e+00 -1.471075e+00  9.080880e-01     10750   1
       160  -1.512908e+00 -1.471075e+00  9.649210e-01     11300   1
       170  -1.486600e+00 -1.471075e+00  1.020528e+00     11850   1
       180  -1.405274e+00 -1.471075e+00  1.096011e+00     12400   1
       187  -1.281632e+00 -1.471075e+00  1.133133e+00     12785   1
-------------------------------------------------------------------
status         : simulation_stopping
total time (s) : 1.133133e+00
total solves   : 12785
best bound     : -1.471075e+00
simulation ci  : -1.474018e+00 ± 2.599111e-02
numeric issues : 0
-------------------------------------------------------------------

-------------------------------------------------------------------
         SDDP.jl (c) Oscar Dowson and contributors, 2017-25
-------------------------------------------------------------------
problem
  nodes           : 2
  state variables : 4
  scenarios       : 2.00000e+00
  existing cuts   : false
options
  solver          : serial mode
  risk measure    : SDDP.Expectation()
  sampling scheme : SDDP.InSampleMonteCarlo
subproblem structure
  VariableRef                             : [29, 29]
  AffExpr in MOI.EqualTo{Float64}         : [4, 5]
  AffExpr in MOI.GreaterThan{Float64}     : [3, 3]
  AffExpr in MOI.LessThan{Float64}        : [4, 4]
  VariableRef in MOI.EqualTo{Float64}     : [3, 3]
  VariableRef in MOI.GreaterThan{Float64} : [22, 22]
  VariableRef in MOI.LessThan{Float64}    : [1, 1]
numerical stability report
  matrix range     [1e+00, 1e+00]
  objective range  [1e+00, 1e+06]
  bounds range     [0e+00, 0e+00]
  rhs range        [0e+00, 0e+00]
-------------------------------------------------------------------
 iteration    simulation      bound        time (s)     solves  pid
-------------------------------------------------------------------
        10   3.455904e+05  3.147347e+05  8.992195e-03        54   1
        20   3.336455e+05  3.402383e+05  1.500797e-02       104   1
        30   3.993519e+05  3.403155e+05  2.225018e-02       158   1
        40   3.337559e+05  3.403155e+05  2.925801e-02       208   1
        48   3.337559e+05  3.403155e+05  3.569412e-02       248   1
-------------------------------------------------------------------
status         : simulation_stopping
total time (s) : 3.569412e-02
total solves   : 248
best bound     :  3.403155e+05
simulation ci  :  1.298433e+08 ± 1.785865e+08
numeric issues : 0
-------------------------------------------------------------------

-------------------------------------------------------------------
         SDDP.jl (c) Oscar Dowson and contributors, 2017-25
-------------------------------------------------------------------
problem
  nodes           : 3
  state variables : 4
  scenarios       : 4.00000e+00
  existing cuts   : false
options
  solver          : serial mode
  risk measure    : SDDP.Expectation()
  sampling scheme : SDDP.InSampleMonteCarlo
subproblem structure
  VariableRef                             : [29, 29]
  AffExpr in MOI.EqualTo{Float64}         : [4, 5]
  AffExpr in MOI.GreaterThan{Float64}     : [3, 3]
  AffExpr in MOI.LessThan{Float64}        : [4, 4]
  VariableRef in MOI.EqualTo{Float64}     : [3, 3]
  VariableRef in MOI.GreaterThan{Float64} : [22, 22]
  VariableRef in MOI.LessThan{Float64}    : [1, 1]
numerical stability report
  matrix range     [1e+00, 1e+00]
  objective range  [1e+00, 1e+05]
  bounds range     [0e+00, 0e+00]
  rhs range        [0e+00, 0e+00]
-------------------------------------------------------------------
 iteration    simulation      bound        time (s)     solves  pid
-------------------------------------------------------------------
        10   4.403329e+05  3.509666e+05  1.584911e-02        92   1
        20   4.055335e+05  4.054833e+05  2.624106e-02       172   1
        30   4.497721e+05  4.067125e+05  3.880310e-02       264   1
        40   3.959476e+05  4.067125e+05  5.193210e-02       344   1
        47   3.959476e+05  4.067125e+05  6.199718e-02       400   1
-------------------------------------------------------------------
status         : simulation_stopping
total time (s) : 6.199718e-02
total solves   : 400
best bound     :  4.067125e+05
simulation ci  :  2.695840e+07 ± 3.645323e+07
numeric issues : 0
-------------------------------------------------------------------

-------------------------------------------------------------------
         SDDP.jl (c) Oscar Dowson and contributors, 2017-25
-------------------------------------------------------------------
problem
  nodes           : 10
  state variables : 4
  scenarios       : 2.70000e+01
  existing cuts   : false
options
  solver          : serial mode
  risk measure    : SDDP.Expectation()
  sampling scheme : SDDP.InSampleMonteCarlo
subproblem structure
  VariableRef                             : [24, 24]
  AffExpr in MOI.EqualTo{Float64}         : [3, 3]
  AffExpr in MOI.GreaterThan{Float64}     : [1, 1]
  AffExpr in MOI.LessThan{Float64}        : [1, 6]
  VariableRef in MOI.GreaterThan{Float64} : [20, 20]
  VariableRef in MOI.LessThan{Float64}    : [1, 2]
numerical stability report
  matrix range     [1e+00, 8e+01]
  objective range  [1e+00, 1e+03]
  bounds range     [6e+01, 6e+01]
  rhs range        [2e+02, 3e+03]
-------------------------------------------------------------------
 iteration    simulation      bound        time (s)     solves  pid
-------------------------------------------------------------------
         1   8.316000e+03  0.000000e+00  9.610891e-02        14   1
        40   7.539730e+03  4.074139e+03  2.242191e-01       776   1
-------------------------------------------------------------------
status         : simulation_stopping
total time (s) : 2.242191e-01
total solves   : 776
best bound     :  4.074139e+03
simulation ci  :  4.487432e+03 ± 7.254646e+02
numeric issues : 0
-------------------------------------------------------------------

-------------------------------------------------------------------
         SDDP.jl (c) Oscar Dowson and contributors, 2017-25
-------------------------------------------------------------------
problem
  nodes           : 3
  state variables : 1
  scenarios       : 4.00000e+00
  existing cuts   : false
options
  solver          : serial mode
  risk measure    : SDDP.Expectation()
  sampling scheme : SDDP.InSampleMonteCarlo
subproblem structure
  VariableRef                             : [6, 6]
  AffExpr in MOI.EqualTo{Float64}         : [1, 1]
  VariableRef in MOI.EqualTo{Float64}     : [1, 1]
  VariableRef in MOI.GreaterThan{Float64} : [4, 4]
  VariableRef in MOI.Integer              : [3, 3]
  VariableRef in MOI.LessThan{Float64}    : [2, 3]
numerical stability report
  matrix range     [1e+00, 1e+00]
  objective range  [1e+00, 3e+02]
  bounds range     [1e+02, 2e+02]
  rhs range        [0e+00, 0e+00]
-------------------------------------------------------------------
 iteration    simulation      bound        time (s)     solves  pid
-------------------------------------------------------------------
         1L  7.000000e+04  6.250000e+04  5.718160e-01         8   1
        20L  6.000000e+04  6.250000e+04  6.649089e-01       172   1
-------------------------------------------------------------------
status         : simulation_stopping
total time (s) : 6.649089e-01
total solves   : 172
best bound     :  6.250000e+04
simulation ci  :  6.550000e+04 ± 8.348941e+03
numeric issues : 0
-------------------------------------------------------------------

-------------------------------------------------------------------
         SDDP.jl (c) Oscar Dowson and contributors, 2017-25
-------------------------------------------------------------------
problem
  nodes           : 3
  state variables : 1
  scenarios       : 4.00000e+00
  existing cuts   : false
options
  solver          : serial mode
  risk measure    : SDDP.Expectation()
  sampling scheme : SDDP.InSampleMonteCarlo
subproblem structure
  VariableRef                             : [6, 6]
  AffExpr in MOI.EqualTo{Float64}         : [1, 1]
  VariableRef in MOI.EqualTo{Float64}     : [1, 1]
  VariableRef in MOI.GreaterThan{Float64} : [4, 4]
  VariableRef in MOI.Integer              : [3, 3]
  VariableRef in MOI.LessThan{Float64}    : [2, 3]
numerical stability report
  matrix range     [1e+00, 1e+00]
  objective range  [1e+00, 3e+02]
  bounds range     [1e+02, 2e+02]
  rhs range        [0e+00, 0e+00]
-------------------------------------------------------------------
 iteration    simulation      bound        time (s)     solves  pid
-------------------------------------------------------------------
         1   7.000000e+04  6.250000e+04  4.942179e-03         8   1
        20   5.500000e+04  6.250000e+04  4.388118e-02       172   1
-------------------------------------------------------------------
status         : simulation_stopping
total time (s) : 4.388118e-02
total solves   : 172
best bound     :  6.250000e+04
simulation ci  :  6.475000e+04 ± 9.603974e+03
numeric issues : 0
-------------------------------------------------------------------

-------------------------------------------------------------------
         SDDP.jl (c) Oscar Dowson and contributors, 2017-25
-------------------------------------------------------------------
problem
  nodes           : 3
  state variables : 1
  scenarios       : 4.00000e+00
  existing cuts   : false
options
  solver          : serial mode
  risk measure    : SDDP.Expectation()
  sampling scheme : SDDP.InSampleMonteCarlo
subproblem structure
  VariableRef                             : [5, 5]
  AffExpr in MOI.EqualTo{Float64}         : [1, 1]
  VariableRef in MOI.GreaterThan{Float64} : [4, 4]
  VariableRef in MOI.LessThan{Float64}    : [2, 3]
numerical stability report
  matrix range     [1e+00, 1e+00]
  objective range  [1e+00, 3e+02]
  bounds range     [1e+02, 2e+02]
  rhs range        [1e+02, 3e+02]
-------------------------------------------------------------------
 iteration    simulation      bound        time (s)     solves  pid
-------------------------------------------------------------------
         1   3.000000e+04  6.250000e+04  8.390903e-03         5   1
        10   5.500000e+04  6.250000e+04  2.233887e-02        50   1
-------------------------------------------------------------------
status         : iteration_limit
total time (s) : 2.233887e-02
total solves   : 50
best bound     :  6.250000e+04
simulation ci  :  6.100000e+04 ± 1.271904e+04
numeric issues : 0
-------------------------------------------------------------------

-------------------------------------------------------------------
         SDDP.jl (c) Oscar Dowson and contributors, 2017-25
-------------------------------------------------------------------
problem
  nodes           : 3
  state variables : 2
  scenarios       : 1.00000e+00
  existing cuts   : false
options
  solver          : serial mode
  risk measure    : SDDP.Expectation()
  sampling scheme : SDDP.InSampleMonteCarlo
subproblem structure
  VariableRef                             : [6, 6]
  AffExpr in MOI.EqualTo{Float64}         : [2, 2]
  VariableRef in MOI.GreaterThan{Float64} : [2, 3]
  VariableRef in MOI.LessThan{Float64}    : [3, 3]
  VariableRef in MOI.ZeroOne              : [3, 3]
numerical stability report
  matrix range     [1e+00, 1e+00]
  objective range  [1e+00, 6e+00]
  bounds range     [1e+00, 1e+02]
  rhs range        [0e+00, 0e+00]
-------------------------------------------------------------------
 iteration    simulation      bound        time (s)     solves  pid
-------------------------------------------------------------------
         1L  6.000000e+00  9.000000e+00  4.193711e-02         6   1
        20L  9.000000e+00  9.000000e+00  8.364797e-02       123   1
-------------------------------------------------------------------
status         : simulation_stopping
total time (s) : 8.364797e-02
total solves   : 123
best bound     :  9.000000e+00
simulation ci  :  8.850000e+00 ± 2.940000e-01
numeric issues : 0
-------------------------------------------------------------------

-------------------------------------------------------------------
         SDDP.jl (c) Oscar Dowson and contributors, 2017-25
-------------------------------------------------------------------
problem
  nodes           : 7
  state variables : 2
  scenarios       : 8.00000e+00
  existing cuts   : false
options
  solver          : serial mode
  risk measure    : SDDP.Expectation()
  sampling scheme : SDDP.InSampleMonteCarlo
subproblem structure
  VariableRef                             : [5, 7]
  AffExpr in MOI.EqualTo{Float64}         : [1, 1]
  VariableRef in MOI.GreaterThan{Float64} : [3, 5]
  VariableRef in MOI.LessThan{Float64}    : [1, 1]
numerical stability report
  matrix range     [1e+00, 1e+00]
  objective range  [1e+00, 4e+00]
  bounds range     [1e+03, 1e+03]
  rhs range        [6e+01, 8e+01]
-------------------------------------------------------------------
 iteration    simulation      bound        time (s)     solves  pid
-------------------------------------------------------------------
         5  -1.136868e-13  4.739851e-01  1.513100e-02        87   1
        10   0.000000e+00  1.484161e+00  2.174306e-02       142   1
        15  -8.870299e+00  1.514085e+00  2.827191e-02       197   1
        20  -1.428571e+00  1.514085e+00  3.581309e-02       252   1
        25  -2.479988e+01  1.514085e+00  8.876705e-02       339   1
        30  -1.428571e+00  1.514085e+00  9.679389e-02       394   1
        35   1.421085e-14  1.514085e+00  1.053369e-01       449   1
        40  -1.428571e+00  1.514085e+00  1.144109e-01       504   1
-------------------------------------------------------------------
status         : simulation_stopping
total time (s) : 1.144109e-01
total solves   : 504
best bound     :  1.514085e+00
simulation ci  :  1.858631e+00 ± 6.043640e+00
numeric issues : 0
-------------------------------------------------------------------

-------------------------------------------------------------------
         SDDP.jl (c) Oscar Dowson and contributors, 2017-25
-------------------------------------------------------------------
problem
  nodes           : 7
  state variables : 2
  scenarios       : 3.20000e+01
  existing cuts   : false
options
  solver          : serial mode
  risk measure    : #4
  sampling scheme : SDDP.InSampleMonteCarlo
subproblem structure
  VariableRef                             : [5, 7]
  AffExpr in MOI.EqualTo{Float64}         : [1, 1]
  VariableRef in MOI.EqualTo{Float64}     : [1, 1]
  VariableRef in MOI.GreaterThan{Float64} : [2, 5]
  VariableRef in MOI.LessThan{Float64}    : [1, 1]
numerical stability report
  matrix range     [1e+00, 1e+00]
  objective range  [2e-02, 4e+00]
  bounds range     [1e+03, 1e+03]
  rhs range        [6e+01, 8e+01]
-------------------------------------------------------------------
 iteration    simulation      bound        time (s)     solves  pid
-------------------------------------------------------------------
        10   2.284531e+01  1.288927e+00  1.580760e-01       278   1
        20   2.825352e+00  1.278410e+00  1.781669e-01       428   1
        30  -3.575118e+00  1.278410e+00  2.123959e-01       706   1
        40   3.508198e+01  1.278410e+00  2.348709e-01       856   1
-------------------------------------------------------------------
status         : simulation_stopping
total time (s) : 2.348709e-01
total solves   : 856
best bound     :  1.278410e+00
simulation ci  :  3.347300e+00 ± 5.636199e+00
numeric issues : 0
-------------------------------------------------------------------

-------------------------------------------------------------------
         SDDP.jl (c) Oscar Dowson and contributors, 2017-25
-------------------------------------------------------------------
problem
  nodes           : 7
  state variables : 2
  scenarios       : 3.20000e+01
  existing cuts   : false
options
  solver          : serial mode
  risk measure    : #4
  sampling scheme : SDDP.InSampleMonteCarlo
subproblem structure
  VariableRef                             : [5, 7]
  AffExpr in MOI.EqualTo{Float64}         : [1, 1]
  VariableRef in MOI.EqualTo{Float64}     : [1, 1]
  VariableRef in MOI.GreaterThan{Float64} : [2, 5]
  VariableRef in MOI.LessThan{Float64}    : [1, 1]
numerical stability report
  matrix range     [1e+00, 1e+00]
  objective range  [2e-02, 4e+00]
  bounds range     [1e+03, 1e+03]
  rhs range        [6e+01, 8e+01]
-------------------------------------------------------------------
 iteration    simulation      bound        time (s)     solves  pid
-------------------------------------------------------------------
        10   1.886566e+01  1.333680e+00  3.653908e-02       278   1
        20   2.820962e+01  1.278410e+00  6.411600e-02       428   1
        30   3.508198e+01  1.278410e+00  1.070621e-01       706   1
        40   7.320288e+00  1.278410e+00  1.449900e-01       856   1
-------------------------------------------------------------------
status         : simulation_stopping
total time (s) : 1.449900e-01
total solves   : 856
best bound     :  1.278410e+00
simulation ci  :  4.559468e+00 ± 6.581091e+00
numeric issues : 0
-------------------------------------------------------------------

-------------------------------------------------------------------
         SDDP.jl (c) Oscar Dowson and contributors, 2017-25
-------------------------------------------------------------------
problem
  nodes           : 4
  state variables : 1
  scenarios       : Inf
  existing cuts   : false
options
  solver          : serial mode
  risk measure    : SDDP.Expectation()
  sampling scheme : SDDP.InSampleMonteCarlo
subproblem structure
  VariableRef                             : [7, 7]
  AffExpr in MOI.EqualTo{Float64}         : [1, 1]
  AffExpr in MOI.GreaterThan{Float64}     : [2, 2]
  VariableRef in MOI.EqualTo{Float64}     : [1, 1]
  VariableRef in MOI.GreaterThan{Float64} : [5, 5]
  VariableRef in MOI.LessThan{Float64}    : [3, 3]
numerical stability report
  matrix range     [1e+00, 1e+00]
  objective range  [1e+00, 2e+00]
  bounds range     [2e+00, 1e+02]
  rhs range        [0e+00, 0e+00]
-------------------------------------------------------------------
 iteration    simulation      bound        time (s)     solves  pid
-------------------------------------------------------------------
        10   4.787277e+00  9.346930e+00  1.561507e+00       900   1
        20   6.374753e+00  1.361934e+01  1.727775e+00      1720   1
        30   2.813321e+01  1.651297e+01  2.076955e+00      3036   1
        40   1.654759e+01  1.632970e+01  2.425433e+00      4192   1
        50   3.570941e+00  1.846889e+01  2.691208e+00      5020   1
        60   1.087425e+01  1.890254e+01  2.975448e+00      5808   1
        70   9.381610e+00  1.940320e+01  3.271622e+00      6540   1
        80   5.648731e+01  1.962435e+01  3.492265e+00      7088   1
        90   3.879273e+01  1.981008e+01  3.974736e+00      8180   1
       100   7.870187e+00  1.997117e+01  4.195705e+00      8664   1
-------------------------------------------------------------------
status         : iteration_limit
total time (s) : 4.195705e+00
total solves   : 8664
best bound     :  1.997117e+01
simulation ci  :  2.275399e+01 ± 4.541987e+00
numeric issues : 0
-------------------------------------------------------------------

-------------------------------------------------------------------
         SDDP.jl (c) Oscar Dowson and contributors, 2017-25
-------------------------------------------------------------------
problem
  nodes           : 5
  state variables : 2
  scenarios       : 3.20000e+01
  existing cuts   : false
options
  solver          : serial mode
  risk measure    : SDDP.Expectation()
  sampling scheme : SDDP.InSampleMonteCarlo
subproblem structure
  VariableRef                             : [10, 10]
  AffExpr in MOI.EqualTo{Float64}         : [2, 2]
  AffExpr in MOI.GreaterThan{Float64}     : [2, 2]
  AffExpr in MOI.LessThan{Float64}        : [6, 6]
  VariableRef in MOI.EqualTo{Float64}     : [2, 2]
  VariableRef in MOI.GreaterThan{Float64} : [5, 6]
  VariableRef in MOI.LessThan{Float64}    : [6, 6]
  VariableRef in MOI.ZeroOne              : [5, 5]
numerical stability report
  matrix range     [1e+00, 1e+00]
  objective range  [1e+00, 6e+00]
  bounds range     [1e+00, 1e+01]
  rhs range        [1e+00, 1e+00]
-------------------------------------------------------------------
 iteration    simulation      bound        time (s)     solves  pid
-------------------------------------------------------------------
         5   9.000000e+00  9.002950e+00  1.373091e-01       235   1
        10   4.000000e+00  9.002950e+00  1.576989e-01       310   1
        15   4.000000e+00  9.002950e+00  1.788440e-01       385   1
        20   4.000000e+00  9.002950e+00  2.002449e-01       460   1
        25   1.000000e+01  9.002950e+00  2.727561e-01       695   1
        30   5.000000e+00  9.002950e+00  2.949340e-01       770   1
        35   1.000000e+01  9.002950e+00  3.185110e-01       845   1
        40   5.000000e+00  9.002950e+00  3.424270e-01       920   1
-------------------------------------------------------------------
status         : simulation_stopping
total time (s) : 3.424270e-01
total solves   : 920
best bound     :  9.002950e+00
simulation ci  :  6.375000e+00 ± 7.930178e-01
numeric issues : 0
-------------------------------------------------------------------

-------------------------------------------------------------------
         SDDP.jl (c) Oscar Dowson and contributors, 2017-25
-------------------------------------------------------------------
problem
  nodes           : 3
  state variables : 4
  scenarios       : 2.16000e+02
  existing cuts   : false
options
  solver          : serial mode
  risk measure    : SDDP.Expectation()
  sampling scheme : SDDP.InSampleMonteCarlo
subproblem structure
  VariableRef                             : [18, 18]
  AffExpr in MOI.EqualTo{Float64}         : [4, 4]
  AffExpr in MOI.GreaterThan{Float64}     : [4, 4]
  AffExpr in MOI.LessThan{Float64}        : [12, 12]
  VariableRef in MOI.EqualTo{Float64}     : [4, 4]
  VariableRef in MOI.GreaterThan{Float64} : [9, 10]
  VariableRef in MOI.LessThan{Float64}    : [10, 10]
  VariableRef in MOI.ZeroOne              : [9, 9]
numerical stability report
  matrix range     [1e+00, 1e+00]
  objective range  [1e+00, 4e+00]
  bounds range     [1e+00, 2e+01]
  rhs range        [1e+00, 1e+00]
-------------------------------------------------------------------
 iteration    simulation      bound        time (s)     solves  pid
-------------------------------------------------------------------
        10   1.000000e+01  6.868919e+00  1.051190e-01       510   1
        20   2.000000e+00  6.834387e+00  1.570401e-01       720   1
        30   1.200000e+01  6.834387e+00  2.965691e-01      1230   1
        40   7.000000e+00  6.823805e+00  3.489540e-01      1440   1
        50   7.000000e+00  6.823805e+00  4.932630e-01      1950   1
        60   5.000000e+00  6.823805e+00  5.466900e-01      2160   1
-------------------------------------------------------------------
status         : simulation_stopping
total time (s) : 5.466900e-01
total solves   : 2160
best bound     :  6.823805e+00
simulation ci  :  6.183333e+00 ± 6.258900e-01
numeric issues : 0
-------------------------------------------------------------------

-------------------------------------------------------------------
         SDDP.jl (c) Oscar Dowson and contributors, 2017-25
-------------------------------------------------------------------
problem
  nodes           : 5
  state variables : 5
  scenarios       : 3.27680e+04
  existing cuts   : false
options
  solver          : serial mode
  risk measure    : SDDP.Expectation()
  sampling scheme : SDDP.InSampleMonteCarlo
subproblem structure
  VariableRef                             : [14, 14]
  AffExpr in MOI.GreaterThan{Float64}     : [7, 7]
  AffExpr in MOI.LessThan{Float64}        : [4, 4]
  VariableRef in MOI.EqualTo{Float64}     : [1, 1]
  VariableRef in MOI.GreaterThan{Float64} : [8, 8]
  VariableRef in MOI.Integer              : [5, 5]
  VariableRef in MOI.LessThan{Float64}    : [5, 6]
numerical stability report
  matrix range     [1e+00, 1e+00]
  objective range  [1e+00, 5e+05]
  bounds range     [1e+00, 1e+00]
  rhs range        [0e+00, 0e+00]
-------------------------------------------------------------------
 iteration    simulation      bound        time (s)     solves  pid
-------------------------------------------------------------------
        10   2.549668e+06  2.078257e+06  5.129170e-01       920   1
        20   5.494568e+05  2.078257e+06  7.022340e-01      1340   1
        30   4.985879e+04  2.078257e+06  1.229727e+00      2260   1
        40   3.799447e+06  2.078257e+06  1.425518e+00      2680   1
        50   1.049867e+06  2.078257e+06  1.960503e+00      3600   1
        60   3.985191e+04  2.078257e+06  2.192879e+00      4020   1
-------------------------------------------------------------------
status         : simulation_stopping
total time (s) : 2.192879e+00
total solves   : 4020
best bound     :  2.078257e+06
simulation ci  :  2.031697e+06 ± 3.922745e+05
numeric issues : 0
-------------------------------------------------------------------

-------------------------------------------------------------------
         SDDP.jl (c) Oscar Dowson and contributors, 2017-25
-------------------------------------------------------------------
problem
  nodes           : 5
  state variables : 5
  scenarios       : 3.27680e+04
  existing cuts   : false
options
  solver          : serial mode
  risk measure    : SDDP.Expectation()
  sampling scheme : SDDP.InSampleMonteCarlo
subproblem structure
  VariableRef                             : [14, 14]
  AffExpr in MOI.GreaterThan{Float64}     : [7, 7]
  AffExpr in MOI.LessThan{Float64}        : [4, 4]
  VariableRef in MOI.EqualTo{Float64}     : [1, 1]
  VariableRef in MOI.GreaterThan{Float64} : [8, 8]
  VariableRef in MOI.Integer              : [5, 5]
  VariableRef in MOI.LessThan{Float64}    : [5, 6]
numerical stability report
  matrix range     [1e+00, 1e+00]
  objective range  [1e+00, 5e+05]
  bounds range     [1e+00, 1e+00]
  rhs range        [0e+00, 0e+00]
-------------------------------------------------------------------
 iteration    simulation      bound        time (s)     solves  pid
-------------------------------------------------------------------
        10L  4.986663e+04  2.079119e+06  1.124341e+00       920   1
        20L  3.799878e+06  2.079330e+06  1.999265e+00      1340   1
        30L  3.003923e+04  2.079457e+06  3.211812e+00      2260   1
        40L  5.549882e+06  2.079457e+06  4.176253e+00      2680   1
        50L  2.799466e+06  2.079457e+06  5.477789e+00      3600   1
        60L  3.549880e+06  2.079457e+06  6.446140e+00      4020   1
-------------------------------------------------------------------
status         : simulation_stopping
total time (s) : 6.446140e+00
total solves   : 4020
best bound     :  2.079457e+06
simulation ci  :  2.352204e+06 ± 5.377531e+05
numeric issues : 0
-------------------------------------------------------------------

-------------------------------------------------------------------
         SDDP.jl (c) Oscar Dowson and contributors, 2017-25
-------------------------------------------------------------------
problem
  nodes           : 1
  state variables : 1
  scenarios       : Inf
  existing cuts   : false
options
  solver          : serial mode
  risk measure    : SDDP.Expectation()
  sampling scheme : SDDP.InSampleMonteCarlo
subproblem structure
  VariableRef                             : [8, 8]
  AffExpr in MOI.EqualTo{Float64}         : [2, 2]
  VariableRef in MOI.EqualTo{Float64}     : [2, 2]
  VariableRef in MOI.GreaterThan{Float64} : [5, 5]
  VariableRef in MOI.LessThan{Float64}    : [1, 1]
numerical stability report
  matrix range     [1e+00, 1e+00]
  objective range  [1e+00, 1e+01]
  bounds range     [5e+00, 2e+01]
  rhs range        [0e+00, 0e+00]
-------------------------------------------------------------------
 iteration    simulation      bound        time (s)     solves  pid
-------------------------------------------------------------------
       100   2.500000e+01  1.188965e+02  7.706590e-01      1946   1
       200   2.500000e+01  1.191634e+02  9.690220e-01      3920   1
       300   0.000000e+00  1.191666e+02  1.171685e+00      5902   1
       330   2.500000e+01  1.191667e+02  1.212081e+00      6224   1
-------------------------------------------------------------------
status         : simulation_stopping
total time (s) : 1.212081e+00
total solves   : 6224
best bound     :  1.191667e+02
simulation ci  :  2.158333e+01 ± 3.290252e+00
numeric issues : 0
-------------------------------------------------------------------

-------------------------------------------------------------------
         SDDP.jl (c) Oscar Dowson and contributors, 2017-25
-------------------------------------------------------------------
problem
  nodes           : 1
  state variables : 1
  scenarios       : Inf
  existing cuts   : false
options
  solver          : serial mode
  risk measure    : SDDP.Expectation()
  sampling scheme : SDDP.InSampleMonteCarlo
subproblem structure
  VariableRef                             : [8, 8]
  AffExpr in MOI.EqualTo{Float64}         : [2, 2]
  VariableRef in MOI.EqualTo{Float64}     : [2, 2]
  VariableRef in MOI.GreaterThan{Float64} : [5, 5]
  VariableRef in MOI.LessThan{Float64}    : [1, 1]
numerical stability report
  matrix range     [1e+00, 1e+00]
  objective range  [1e+00, 1e+01]
  bounds range     [5e+00, 2e+01]
  rhs range        [0e+00, 0e+00]
-------------------------------------------------------------------
 iteration    simulation      bound        time (s)     solves  pid
-------------------------------------------------------------------
       100   0.000000e+00  1.191285e+02  2.930248e-01      2874   1
       200   2.500000e+00  1.191666e+02  5.188830e-01      4855   1
       282   7.500000e+00  1.191667e+02  6.504259e-01      5733   1
-------------------------------------------------------------------
status         : simulation_stopping
total time (s) : 6.504259e-01
total solves   : 5733
best bound     :  1.191667e+02
simulation ci  :  2.104610e+01 ± 3.492245e+00
numeric issues : 0
-------------------------------------------------------------------

-------------------------------------------------------------------
         SDDP.jl (c) Oscar Dowson and contributors, 2017-25
-------------------------------------------------------------------
problem
  nodes           : 1
  state variables : 1
  scenarios       : Inf
  existing cuts   : false
options
  solver          : serial mode
  risk measure    : SDDP.Expectation()
  sampling scheme : SDDP.InSampleMonteCarlo
subproblem structure
  VariableRef                             : [3, 3]
  AffExpr in MOI.EqualTo{Float64}         : [1, 1]
  VariableRef in MOI.GreaterThan{Float64} : [1, 1]
numerical stability report
  matrix range     [1e+00, 1e+00]
  objective range  [1e+00, 1e+00]
  bounds range     [0e+00, 0e+00]
  rhs range        [0e+00, 0e+00]
-------------------------------------------------------------------
 iteration    simulation      bound        time (s)     solves  pid
-------------------------------------------------------------------
        10   4.000000e+00  1.997089e+01  6.430316e-02      1204   1
        20   8.000000e+00  2.000000e+01  8.427095e-02      1420   1
        30   1.600000e+01  2.000000e+01  1.457031e-01      2628   1
        40   8.000000e+00  2.000000e+01  1.663311e-01      2834   1
-------------------------------------------------------------------
status         : simulation_stopping
total time (s) : 1.663311e-01
total solves   : 2834
best bound     :  2.000000e+01
simulation ci  :  1.625000e+01 ± 4.766381e+00
numeric issues : 0
-------------------------------------------------------------------

-------------------------------------------------------------------
         SDDP.jl (c) Oscar Dowson and contributors, 2017-25
-------------------------------------------------------------------
problem
  nodes           : 4
  state variables : 1
  scenarios       : 1.00000e+03
  existing cuts   : false
options
  solver          : serial mode
  risk measure    : A convex combination of 0.5 * SDDP.Expectation() + 0.5 * SDDP.AVaR(0.2)
  sampling scheme : SDDP.InSampleMonteCarlo
subproblem structure
  VariableRef                             : [9, 9]
  AffExpr in MOI.EqualTo{Float64}         : [2, 2]
  VariableRef in MOI.EqualTo{Float64}     : [1, 1]
  VariableRef in MOI.GreaterThan{Float64} : [7, 7]
  VariableRef in MOI.LessThan{Float64}    : [6, 7]
numerical stability report
  matrix range     [1e+00, 1e+00]
  objective range  [1e+00, 5e+01]
  bounds range     [2e+01, 2e+02]
  rhs range        [8e+01, 8e+01]
-------------------------------------------------------------------
 iteration    simulation      bound        time (s)     solves  pid
-------------------------------------------------------------------
         1   1.948878e+03  2.847167e+03  9.079218e-03        35   1
        10   7.500000e+02  2.935390e+03  3.789902e-02       350   1
-------------------------------------------------------------------
status         : iteration_limit
total time (s) : 3.789902e-02
total solves   : 350
best bound     :  2.935390e+03
simulation ci  :  1.544902e+03 ± 5.533339e+02
numeric issues : 0
-------------------------------------------------------------------

-------------------------------------------------------------------
         SDDP.jl (c) Oscar Dowson and contributors, 2017-25
-------------------------------------------------------------------
problem
  nodes           : 1
  state variables : 1
  scenarios       : Inf
  existing cuts   : false
options
  solver          : serial mode
  risk measure    : SDDP.Expectation()
  sampling scheme : SDDP.InSampleMonteCarlo
subproblem structure
  VariableRef                             : [3, 3]
  AffExpr in MOI.EqualTo{Float64}         : [1, 1]
  VariableRef in MOI.GreaterThan{Float64} : [1, 1]
numerical stability report
  matrix range     [1e+00, 1e+00]
  objective range  [1e+00, 1e+00]
  bounds range     [0e+00, 0e+00]
  rhs range        [0e+00, 0e+00]
-------------------------------------------------------------------
 iteration    simulation      bound        time (s)     solves  pid
-------------------------------------------------------------------
         1   1.000000e+00  1.500000e+00  2.390862e-03         3   1
        40   1.000000e+00  2.000000e+00  4.458404e-02       608   1
-------------------------------------------------------------------
status         : simulation_stopping
total time (s) : 4.458404e-02
total solves   : 608
best bound     :  2.000000e+00
simulation ci  :  2.075000e+00 ± 6.408542e-01
numeric issues : 0
-------------------------------------------------------------------

-------------------------------------------------------------------
         SDDP.jl (c) Oscar Dowson and contributors, 2017-25
-------------------------------------------------------------------
problem
  nodes           : 3
  state variables : 1
  scenarios       : 8.51840e+04
  existing cuts   : false
options
  solver          : serial mode
  risk measure    : SDDP.Expectation()
  sampling scheme : SDDP.InSampleMonteCarlo
subproblem structure
  VariableRef                             : [6, 6]
  AffExpr in MOI.EqualTo{Float64}         : [1, 3]
  AffExpr in MOI.LessThan{Float64}        : [2, 2]
  VariableRef in MOI.EqualTo{Float64}     : [1, 1]
  VariableRef in MOI.GreaterThan{Float64} : [3, 4]
  VariableRef in MOI.LessThan{Float64}    : [3, 3]
numerical stability report
  matrix range     [8e-01, 2e+00]
  objective range  [1e+00, 2e+00]
  bounds range     [1e+00, 1e+02]
  rhs range        [5e+01, 5e+01]
-------------------------------------------------------------------
 iteration    simulation      bound        time (s)     solves  pid
-------------------------------------------------------------------
        10   5.500000e+00  5.472460e+00  1.687350e-01      1350   1
        20   4.062500e+00  4.451728e+00  2.510250e-01      2700   1
        30   2.993750e+00  4.101331e+00  3.418992e-01      4050   1
        40   5.750000e+00  4.095725e+00  4.373930e-01      5400   1
        50   5.125000e+00  4.093519e+00  5.374050e-01      6750   1
        60   3.737500e+00  4.089213e+00  6.418459e-01      8100   1
        70   4.500000e+00  4.088135e+00  7.485981e-01      9450   1
        80   4.950000e+00  4.087902e+00  8.591740e-01     10800   1
        90   4.125000e+00  4.087743e+00  9.706581e-01     12150   1
       100   3.275000e+00  4.086282e+00  1.088620e+00     13500   1
       110   5.250000e+00  4.086120e+00  1.206002e+00     14850   1
       120   4.975000e+00  4.086052e+00  1.330410e+00     16200   1
       130   3.518750e+00  4.085417e+00  1.462247e+00     17550   1
       140   4.593750e+00  4.085325e+00  1.585118e+00     18900   1
       150   3.000000e+00  4.085258e+00  1.706379e+00     20250   1
       160   2.700000e+00  4.085247e+00  1.835002e+00     21600   1
       170   3.812500e+00  4.085151e+00  1.962545e+00     22950   1
       180   3.875000e+00  4.085121e+00  2.121446e+00     24300   1
       190   4.687500e+00  4.085102e+00  2.247665e+00     25650   1
       200   2.906250e+00  4.085073e+00  2.376142e+00     27000   1
       210   3.750000e+00  4.085050e+00  2.513097e+00     28350   1
       220   5.050000e+00  4.085037e+00  2.648372e+00     29700   1
       230   2.925000e+00  4.085012e+00  2.777205e+00     31050   1
       240   4.500000e+00  4.084966e+00  2.910479e+00     32400   1
       250   4.875000e+00  4.084904e+00  3.046022e+00     33750   1
       260   3.675000e+00  4.084902e+00  3.174826e+00     35100   1
       270   4.725000e+00  4.084900e+00  3.314643e+00     36450   1
       280   3.437500e+00  4.084896e+00  3.449484e+00     37800   1
       290   3.750000e+00  4.084876e+00  3.591071e+00     39150   1
       300   4.125000e+00  4.084876e+00  3.735490e+00     40500   1
       310   4.875000e+00  4.084803e+00  3.876315e+00     41850   1
       320   5.625000e+00  4.084803e+00  4.021426e+00     43200   1
       330   3.825000e+00  4.084800e+00  4.169051e+00     44550   1
       340   3.300000e+00  4.084796e+00  4.314609e+00     45900   1
       350   5.887500e+00  4.084796e+00  4.461536e+00     47250   1
       360   3.600000e+00  4.084786e+00  4.610065e+00     48600   1
       370   3.618750e+00  4.084786e+00  4.780879e+00     49950   1
       380   4.968750e+00  4.084782e+00  4.923211e+00     51300   1
       390   3.300000e+00  4.084780e+00  5.063122e+00     52650   1
       400   4.006250e+00  4.084779e+00  5.215945e+00     54000   1
       410   4.050000e+00  4.084779e+00  5.367970e+00     55350   1
       420   5.125000e+00  4.084776e+00  5.514033e+00     56700   1
       430   4.000000e+00  4.084776e+00  5.658308e+00     58050   1
       440   4.125000e+00  4.084776e+00  5.808343e+00     59400   1
       450   3.112500e+00  4.084776e+00  5.953308e+00     60750   1
       460   3.750000e+00  4.084771e+00  6.095094e+00     62100   1
       470   3.187500e+00  4.084764e+00  6.226476e+00     63450   1
       480   3.031250e+00  4.084755e+00  6.378505e+00     64800   1
       490   4.181250e+00  4.084753e+00  6.522788e+00     66150   1
       500   3.187500e+00  4.084746e+00  6.675043e+00     67500   1
       510   4.875000e+00  4.084741e+00  6.828378e+00     68850   1
       520   3.900000e+00  4.084737e+00  6.971274e+00     70200   1
       530   4.350000e+00  4.084737e+00  7.118421e+00     71550   1
       540   4.212500e+00  4.084737e+00  7.264737e+00     72900   1
       550   4.250000e+00  4.084734e+00  7.415725e+00     74250   1
       560   3.750000e+00  4.084734e+00  7.592931e+00     75600   1
       570   5.306250e+00  4.084730e+00  7.746433e+00     76950   1
       580   4.725000e+00  4.084730e+00  7.899116e+00     78300   1
       590   4.250000e+00  4.084730e+00  8.048664e+00     79650   1
       600   4.000000e+00  4.084730e+00  8.205307e+00     81000   1
       610   4.600000e+00  4.084730e+00  8.353172e+00     82350   1
       620   3.375000e+00  4.084730e+00  8.504903e+00     83700   1
       630   3.981250e+00  4.084725e+00  8.664622e+00     85050   1
       640   3.250000e+00  4.084725e+00  8.816966e+00     86400   1
       650   3.625000e+00  4.084725e+00  8.968747e+00     87750   1
       660   4.781250e+00  4.084725e+00  9.123113e+00     89100   1
       670   4.287500e+00  4.084725e+00  9.279812e+00     90450   1
       680   2.731250e+00  4.084725e+00  9.442290e+00     91800   1
       690   5.237500e+00  4.084725e+00  9.606978e+00     93150   1
       700   3.325000e+00  4.084725e+00  9.766740e+00     94500   1
       710   4.750000e+00  4.084725e+00  9.928942e+00     95850   1
       720   4.537500e+00  4.084725e+00  1.009191e+01     97200   1
       730   4.725000e+00  4.084725e+00  1.028970e+01     98550   1
       740   4.475000e+00  4.084725e+00  1.044928e+01     99900   1
       750   2.893750e+00  4.084725e+00  1.060780e+01    101250   1
       760   3.525000e+00  4.084725e+00  1.078067e+01    102600   1
       770   3.525000e+00  4.084725e+00  1.094027e+01    103950   1
       780   3.262500e+00  4.084725e+00  1.109938e+01    105300   1
       790   4.918750e+00  4.084725e+00  1.126788e+01    106650   1
       800   3.750000e+00  4.084725e+00  1.143053e+01    108000   1
       810   4.687500e+00  4.084725e+00  1.160371e+01    109350   1
       820   4.018750e+00  4.084725e+00  1.177326e+01    110700   1
       830   4.712500e+00  4.084725e+00  1.194395e+01    112050   1
       840   4.256250e+00  4.084725e+00  1.211254e+01    113400   1
       850   5.175000e+00  4.084725e+00  1.227306e+01    114750   1
       860   3.125000e+00  4.084725e+00  1.244474e+01    116100   1
       870   2.762500e+00  4.084725e+00  1.260653e+01    117450   1
       880   3.375000e+00  4.084725e+00  1.277441e+01    118800   1
       890   3.875000e+00  4.084725e+00  1.295630e+01    120150   1
       900   3.093750e+00  4.084725e+00  1.315444e+01    121500   1
       910   4.125000e+00  4.084724e+00  1.334778e+01    122850   1
       920   4.750000e+00  4.084724e+00  1.353390e+01    124200   1
       930   5.431250e+00  4.084724e+00  1.371750e+01    125550   1
       940   3.000000e+00  4.084724e+00  1.390531e+01    126900   1
       950   4.243750e+00  4.084724e+00  1.408176e+01    128250   1
       960   3.756250e+00  4.084724e+00  1.425780e+01    129600   1
       970   3.750000e+00  4.084724e+00  1.443824e+01    130950   1
       980   4.350000e+00  4.084724e+00  1.461444e+01    132300   1
       990   3.375000e+00  4.084722e+00  1.479449e+01    133650   1
      1000   4.750000e+00  4.084722e+00  1.497562e+01    135000   1
      1010   3.825000e+00  4.084722e+00  1.515497e+01    136350   1
      1020   4.000000e+00  4.084722e+00  1.534739e+01    137700   1
      1030   4.500000e+00  4.084722e+00  1.553810e+01    139050   1
      1040   3.637500e+00  4.084722e+00  1.572287e+01    140400   1
      1050   4.056250e+00  4.084722e+00  1.592765e+01    141750   1
      1060   4.925000e+00  4.084722e+00  1.610912e+01    143100   1
      1070   4.500000e+00  4.084722e+00  1.629660e+01    144450   1
      1080   5.000000e+00  4.084722e+00  1.648043e+01    145800   1
      1090   4.393750e+00  4.084722e+00  1.665534e+01    147150   1
      1100   3.750000e+00  4.084722e+00  1.684943e+01    148500   1
      1110   4.306250e+00  4.084722e+00  1.701213e+01    149850   1
      1120   4.200000e+00  4.084722e+00  1.718313e+01    151200   1
      1130   4.343750e+00  4.084722e+00  1.736388e+01    152550   1
      1140   4.650000e+00  4.084722e+00  1.754029e+01    153900   1
      1150   4.537500e+00  4.084722e+00  1.772074e+01    155250   1
      1160   4.250000e+00  4.084722e+00  1.790493e+01    156600   1
      1170   3.312500e+00  4.084722e+00  1.807717e+01    157950   1
      1180   4.968750e+00  4.084722e+00  1.826830e+01    159300   1
      1190   4.062500e+00  4.084718e+00  1.845020e+01    160650   1
      1200   3.750000e+00  4.084718e+00  1.862418e+01    162000   1
      1210   4.387500e+00  4.084718e+00  1.879892e+01    163350   1
      1220   5.237500e+00  4.084718e+00  1.899744e+01    164700   1
      1230   2.737500e+00  4.084718e+00  1.918071e+01    166050   1
      1240   4.587500e+00  4.084713e+00  1.937588e+01    167400   1
      1250   3.787500e+00  4.084713e+00  1.956616e+01    168750   1
      1260   4.250000e+00  4.084713e+00  1.975773e+01    170100   1
      1270   4.125000e+00  4.084713e+00  1.994760e+01    171450   1
      1273   4.412500e+00  4.084713e+00  2.000416e+01    171855   1
-------------------------------------------------------------------
status         : time_limit
total time (s) : 2.000416e+01
total solves   : 171855
best bound     :  4.084713e+00
simulation ci  :  4.104217e+00 ± 4.051711e-02
numeric issues : 0
-------------------------------------------------------------------

-------------------------------------------------------------------
         SDDP.jl (c) Oscar Dowson and contributors, 2017-25
-------------------------------------------------------------------
problem
  nodes           : 3
  state variables : 1
  scenarios       : 8.51840e+04
  existing cuts   : false
options
  solver          : serial mode
  risk measure    : SDDP.Expectation()
  sampling scheme : SDDP.InSampleMonteCarlo
subproblem structure
  VariableRef                             : [6, 6]
  AffExpr in MOI.EqualTo{Float64}         : [1, 3]
  AffExpr in MOI.LessThan{Float64}        : [2, 2]
  VariableRef in MOI.EqualTo{Float64}     : [1, 1]
  VariableRef in MOI.GreaterThan{Float64} : [3, 4]
  VariableRef in MOI.LessThan{Float64}    : [3, 3]
numerical stability report
  matrix range     [8e-01, 2e+00]
  objective range  [1e+00, 2e+00]
  bounds range     [1e+00, 1e+02]
  rhs range        [5e+01, 5e+01]
-------------------------------------------------------------------
 iteration    simulation      bound        time (s)     solves  pid
-------------------------------------------------------------------
        10   3.825000e+00  4.072297e+00  2.221529e-01      1350   1
        20   3.675000e+00  4.052185e+00  5.794110e-01      2700   1
        30   5.343750e+00  4.046200e+00  1.081330e+00      4050   1
        40   5.212500e+00  4.043643e+00  1.699233e+00      5400   1
        50   3.877273e+00  4.043442e+00  2.488964e+00      6750   1
        60   2.750000e+00  4.043339e+00  3.426080e+00      8100   1
        70   2.737500e+00  4.038164e+00  4.416760e+00      9450   1
        80   5.412500e+00  4.037715e+00  5.536168e+00     10800   1
        90   4.312500e+00  4.037627e+00  6.751116e+00     12150   1
       100   3.843750e+00  4.037443e+00  8.023522e+00     13500   1
       110   4.500000e+00  4.037496e+00  9.468391e+00     14850   1
       120   3.131250e+00  4.037474e+00  1.099281e+01     16200   1
       130   5.212500e+00  4.037456e+00  1.325534e+01     17550   1
       140   4.187500e+00  4.037456e+00  1.501772e+01     18900   1
       150   3.587500e+00  4.037429e+00  1.685830e+01     20250   1
       160   4.262500e+00  4.037430e+00  1.871706e+01     21600   1
       167   4.187500e+00  4.037380e+00  2.014854e+01     22545   1
-------------------------------------------------------------------
status         : time_limit
total time (s) : 2.014854e+01
total solves   : 22545
best bound     :  4.037380e+00
simulation ci  :  4.027416e+00 ± 1.126341e-01
numeric issues : 0
-------------------------------------------------------------------

-------------------------------------------------------------------
         SDDP.jl (c) Oscar Dowson and contributors, 2017-25
-------------------------------------------------------------------
problem
  nodes           : 8
  state variables : 1
  scenarios       : 1.00000e+08
  existing cuts   : false
options
  solver          : serial mode
  risk measure    : SDDP.Expectation()
  sampling scheme : SDDP.InSampleMonteCarlo
subproblem structure
  VariableRef                             : [7, 7]
  AffExpr in MOI.EqualTo{Float64}         : [1, 1]
  AffExpr in MOI.GreaterThan{Float64}     : [2, 2]
  VariableRef in MOI.EqualTo{Float64}     : [1, 1]
  VariableRef in MOI.GreaterThan{Float64} : [4, 4]
  VariableRef in MOI.LessThan{Float64}    : [1, 2]
  VariableRef in MOI.ZeroOne              : [1, 1]
numerical stability report
  matrix range     [1e+00, 2e+00]
  objective range  [5e-01, 1e+00]
  bounds range     [1e+00, 1e+00]
  rhs range        [1e+00, 1e+00]
-------------------------------------------------------------------
 iteration    simulation      bound        time (s)     solves  pid
-------------------------------------------------------------------
        10   3.899819e+00  1.161263e+00  3.840439e-01      1680   1
        20   3.351013e+00  1.167070e+00  4.778860e-01      2560   1
        30   3.267401e+00  1.167416e+00  8.672750e-01      4240   1
        40   3.130375e+00  1.167416e+00  9.648390e-01      5120   1
        50   3.641722e+00  1.167416e+00  1.360151e+00      6800   1
        60   3.524846e+00  1.167416e+00  1.460658e+00      7680   1
        70   3.135381e+00  1.167416e+00  1.859077e+00      9360   1
        80   4.637211e+00  1.167416e+00  1.961065e+00     10240   1
        81   2.701317e+00  1.167416e+00  1.971791e+00     10328   1
-------------------------------------------------------------------
status         : simulation_stopping
total time (s) : 1.971791e+00
total solves   : 10328
best bound     :  1.167416e+00
simulation ci  :  3.399398e+00 ± 1.106055e-01
numeric issues : 0
-------------------------------------------------------------------

-------------------------------------------------------------------
         SDDP.jl (c) Oscar Dowson and contributors, 2017-25
-------------------------------------------------------------------
problem
  nodes           : 2
  state variables : 2
  scenarios       : 4.00000e+00
  existing cuts   : false
options
  solver          : serial mode
  risk measure    : SDDP.Expectation()
  sampling scheme : SDDP.InSampleMonteCarlo
subproblem structure
  VariableRef                             : [7, 11]
  AffExpr in MOI.EqualTo{Float64}         : [2, 2]
  AffExpr in MOI.LessThan{Float64}        : [2, 2]
  VariableRef in MOI.EqualTo{Float64}     : [2, 2]
  VariableRef in MOI.GreaterThan{Float64} : [5, 7]
  VariableRef in MOI.Integer              : [2, 2]
  VariableRef in MOI.LessThan{Float64}    : [4, 7]
  VariableRef in MOI.ZeroOne              : [4, 4]
numerical stability report
  matrix range     [1e+00, 6e+00]
  objective range  [1e+00, 3e+01]
  bounds range     [1e+00, 1e+02]
  rhs range        [0e+00, 0e+00]
-------------------------------------------------------------------
 iteration    simulation      bound        time (s)     solves  pid
-------------------------------------------------------------------
        10  -4.000000e+01 -5.809615e+01  3.264403e-02        78   1
        20  -9.800000e+01 -5.809615e+01  7.027102e-02       148   1
        30  -9.800000e+01 -5.809615e+01  1.091392e-01       226   1
        40  -9.800000e+01 -5.809615e+01  1.429632e-01       296   1
-------------------------------------------------------------------
status         : simulation_stopping
total time (s) : 1.429632e-01
total solves   : 296
best bound     : -5.809615e+01
simulation ci  : -5.426250e+01 ± 7.575865e+00
numeric issues : 0
-------------------------------------------------------------------

-------------------------------------------------------------------
         SDDP.jl (c) Oscar Dowson and contributors, 2017-25
-------------------------------------------------------------------
problem
  nodes           : 2
  state variables : 2
  scenarios       : 9.00000e+00
  existing cuts   : false
options
  solver          : serial mode
  risk measure    : SDDP.Expectation()
  sampling scheme : SDDP.InSampleMonteCarlo
subproblem structure
  VariableRef                             : [7, 11]
  AffExpr in MOI.EqualTo{Float64}         : [2, 2]
  AffExpr in MOI.LessThan{Float64}        : [2, 2]
  VariableRef in MOI.EqualTo{Float64}     : [2, 2]
  VariableRef in MOI.GreaterThan{Float64} : [5, 7]
  VariableRef in MOI.Integer              : [2, 2]
  VariableRef in MOI.LessThan{Float64}    : [4, 7]
  VariableRef in MOI.ZeroOne              : [4, 4]
numerical stability report
  matrix range     [1e+00, 6e+00]
  objective range  [1e+00, 3e+01]
  bounds range     [1e+00, 1e+02]
  rhs range        [0e+00, 0e+00]
-------------------------------------------------------------------
 iteration    simulation      bound        time (s)     solves  pid
-------------------------------------------------------------------
        10  -6.300000e+01 -6.196125e+01  4.017401e-02       138   1
        20  -9.800000e+01 -6.196125e+01  1.030211e-01       258   1
        30  -4.000000e+01 -6.196125e+01  1.529860e-01       396   1
        40  -6.300000e+01 -6.196125e+01  1.909230e-01       516   1
-------------------------------------------------------------------
status         : simulation_stopping
total time (s) : 1.909230e-01
total solves   : 516
best bound     : -6.196125e+01
simulation ci  : -5.938750e+01 ± 6.843331e+00
numeric issues : 0
-------------------------------------------------------------------

-------------------------------------------------------------------
         SDDP.jl (c) Oscar Dowson and contributors, 2017-25
-------------------------------------------------------------------
problem
  nodes           : 2
  state variables : 2
  scenarios       : 3.60000e+01
  existing cuts   : false
options
  solver          : serial mode
  risk measure    : SDDP.Expectation()
  sampling scheme : SDDP.InSampleMonteCarlo
subproblem structure
  VariableRef                             : [7, 11]
  AffExpr in MOI.EqualTo{Float64}         : [2, 2]
  AffExpr in MOI.LessThan{Float64}        : [2, 2]
  VariableRef in MOI.EqualTo{Float64}     : [2, 2]
  VariableRef in MOI.GreaterThan{Float64} : [5, 7]
  VariableRef in MOI.Integer              : [2, 2]
  VariableRef in MOI.LessThan{Float64}    : [4, 7]
  VariableRef in MOI.ZeroOne              : [4, 4]
numerical stability report
  matrix range     [1e+00, 6e+00]
  objective range  [1e+00, 3e+01]
  bounds range     [1e+00, 1e+02]
  rhs range        [0e+00, 0e+00]
-------------------------------------------------------------------
 iteration    simulation      bound        time (s)     solves  pid
-------------------------------------------------------------------
        10  -7.900000e+01 -6.546793e+01  7.845807e-02       462   1
        20  -7.500000e+01 -6.546793e+01  1.380191e-01       852   1
        30  -5.400000e+01 -6.546793e+01  2.532470e-01      1314   1
        40  -7.500000e+01 -6.546793e+01  3.145471e-01      1704   1
-------------------------------------------------------------------
status         : simulation_stopping
total time (s) : 3.145471e-01
total solves   : 1704
best bound     : -6.546793e+01
simulation ci  : -5.903750e+01 ± 5.130817e+00
numeric issues : 0
-------------------------------------------------------------------

-------------------------------------------------------------------
         SDDP.jl (c) Oscar Dowson and contributors, 2017-25
-------------------------------------------------------------------
problem
  nodes           : 3
  state variables : 2
  scenarios       : 2.70000e+01
  existing cuts   : false
options
  solver          : serial mode
  risk measure    : SDDP.Expectation()
  sampling scheme : SDDP.InSampleMonteCarlo
subproblem structure
  VariableRef                             : [9, 9]
  AffExpr in MOI.EqualTo{Float64}         : [2, 2]
  AffExpr in MOI.LessThan{Float64}        : [2, 2]
  VariableRef in MOI.EqualTo{Float64}     : [2, 2]
  VariableRef in MOI.GreaterThan{Float64} : [2, 3]
  VariableRef in MOI.LessThan{Float64}    : [3, 3]
  VariableRef in MOI.ZeroOne              : [4, 4]
numerical stability report
  matrix range     [1e+00, 1e+00]
  objective range  [1e+00, 6e+00]
  bounds range     [1e+00, 1e+02]
  rhs range        [0e+00, 0e+00]
-------------------------------------------------------------------
 iteration    simulation      bound        time (s)     solves  pid
-------------------------------------------------------------------
         1L  6.000000e+00  1.200000e+01  4.332209e-02        11   1
        40L  6.000000e+00  8.000000e+00  4.167922e-01       602   1
-------------------------------------------------------------------
status         : simulation_stopping
total time (s) : 4.167922e-01
total solves   : 602
best bound     :  8.000000e+00
simulation ci  :  8.850000e+00 ± 9.165046e-01
numeric issues : 0
-------------------------------------------------------------------

-------------------------------------------------------------------
         SDDP.jl (c) Oscar Dowson and contributors, 2017-25
-------------------------------------------------------------------
problem
  nodes           : 2
  state variables : 3
  scenarios       : 3.00000e+00
  existing cuts   : false
options
  solver          : serial mode
  risk measure    : SDDP.Expectation()
  sampling scheme : SDDP.InSampleMonteCarlo
subproblem structure
  VariableRef                             : [7, 19]
  AffExpr in MOI.EqualTo{Float64}         : [3, 3]
  AffExpr in MOI.GreaterThan{Float64}     : [3, 3]
  AffExpr in MOI.LessThan{Float64}        : [1, 1]
  VariableRef in MOI.GreaterThan{Float64} : [3, 16]
  VariableRef in MOI.LessThan{Float64}    : [1, 2]
numerical stability report
  matrix range     [1e+00, 2e+01]
  objective range  [1e+00, 1e+03]
  bounds range     [6e+03, 5e+05]
  rhs range        [2e+02, 5e+02]
-------------------------------------------------------------------
 iteration    simulation      bound        time (s)     solves  pid
-------------------------------------------------------------------
         1  -9.800000e+04  4.922260e+05  8.866692e-02         6   1
        40   1.093500e+05  1.083900e+05  1.171429e-01       240   1
-------------------------------------------------------------------
status         : iteration_limit
total time (s) : 1.171429e-01
total solves   : 240
best bound     :  1.083900e+05
simulation ci  :  8.107403e+04 ± 1.839912e+04
numeric issues : 0
-------------------------------------------------------------------

