-------------------------------------------------------------------
         SDDP.jl (c) Oscar Dowson and contributors, 2017-23
-------------------------------------------------------------------
problem
  nodes           : 30
  state variables : 5
  scenarios       : 1.10547e+12
  existing cuts   : false
options
  solver          : serial mode
  risk measure    : A convex combination of 0.5 * SDDP.Expectation() + 0.5 * SDDP.AVaR(0.25)
  sampling scheme : SDDP.SimulatorSamplingScheme{typeof(Main.__atexample__named__example_milk_producer.simulator)}
subproblem structure
  VariableRef                             : [15, 15]
  AffExpr in MOI.EqualTo{Float64}         : [5, 5]
  VariableRef in MOI.GreaterThan{Float64} : [8, 9]
  VariableRef in MOI.LessThan{Float64}    : [4, 4]
numerical stability report
  matrix range     [1e+00, 1e+00]
  objective range  [1e+00, 1e+01]
  bounds range     [2e+00, 1e+02]
  rhs range        [0e+00, 0e+00]
-------------------------------------------------------------------
 iteration    simulation      bound        time (s)     solves  pid
-------------------------------------------------------------------
         1  -4.414284e+01  5.100035e+01  1.188590e+00       157   1
        47   7.957373e+00  7.645727e+00  2.209127e+00      6944   1
        87   9.049317e+00  7.611541e+00  3.219639e+00     12744   1
       122   1.075989e+01  7.609791e+00  4.231172e+00     17864   1
       155   8.203757e+00  7.606732e+00  5.244244e+00     22690   1
       186   6.640151e+00  7.604878e+00  6.249313e+00     27177   1
       216   1.085619e+01  7.604737e+00  7.274982e+00     31522   1
       244   8.505036e+00  7.604605e+00  8.302038e+00     35678   1
       272   8.221675e+00  7.601502e+00  9.313088e+00     39734   1
       393   8.641176e+00  7.598761e+00  1.432137e+01     57516   1
       498   9.980807e+00  7.597284e+00  1.932507e+01     72701   1
       512   9.664967e+00  7.597284e+00  2.002784e+01     74794   1
-------------------------------------------------------------------
status         : time_limit
total time (s) : 2.002784e+01
total solves   : 74794
best bound     :  7.597284e+00
simulation ci  :  8.604791e+00 ± 3.406717e-01
numeric issues : 0
-------------------------------------------------------------------

-------------------------------------------------------------------
         SDDP.jl (c) Oscar Dowson and contributors, 2017-23
-------------------------------------------------------------------
problem
  nodes           : 2
  state variables : 1
  scenarios       : 1.00000e+02
  existing cuts   : false
options
  solver          : serial mode
  risk measure    : SDDP.Expectation()
  sampling scheme : SDDP.InSampleMonteCarlo
subproblem structure
  VariableRef                             : [4, 4]
  AffExpr in MOI.EqualTo{Float64}         : [1, 1]
  AffExpr in MOI.LessThan{Float64}        : [1, 1]
  VariableRef in MOI.GreaterThan{Float64} : [2, 3]
  VariableRef in MOI.LessThan{Float64}    : [1, 1]
numerical stability report
  matrix range     [1e+00, 1e+00]
  objective range  [1e-01, 5e+00]
  bounds range     [2e+02, 1e+03]
  rhs range        [0e+00, 0e+00]
-------------------------------------------------------------------
 iteration    simulation      bound        time (s)     solves  pid
-------------------------------------------------------------------
         1   0.000000e+00  7.274780e+02  7.169962e-03       103   1
         2   7.274780e+02  5.950112e+02  2.604890e-02       406   1
         3   5.950112e+02  5.631522e+02  3.157592e-02       509   1
         4   4.826625e+02  5.591821e+02  3.709602e-02       612   1
         5   6.140565e+02  5.577626e+02  4.262209e-02       715   1
         6   6.045932e+02  5.571645e+02  4.820895e-02       818   1
         7   6.006058e+02  5.571571e+02  5.373907e-02       921   1
         8   6.030598e+02  5.571539e+02  5.920100e-02      1024   1
         9   6.041254e+02  5.571537e+02  6.462097e-02      1127   1
        10   5.816030e+02  5.571537e+02  7.029104e-02      1230   1
        11   3.787725e+02  5.571537e+02  1.465421e-01      1333   1
        12   6.041921e+02  5.571537e+02  1.524169e-01      1436   1
        13   5.154734e+02  5.571537e+02  1.581690e-01      1539   1
        14   5.494312e+02  5.571537e+02  1.638269e-01      1642   1
        15   5.304504e+02  5.571537e+02  1.695421e-01      1745   1
        16   5.154734e+02  5.571537e+02  1.753099e-01      1848   1
        17   5.190111e+02  5.571537e+02  1.809609e-01      1951   1
        18   5.875496e+02  5.571537e+02  1.866851e-01      2054   1
        19   6.041921e+02  5.571537e+02  1.924191e-01      2157   1
        20   6.041921e+02  5.571537e+02  1.981821e-01      2260   1
        21   5.977671e+02  5.571537e+02  2.203331e-01      2563   1
        22   6.041921e+02  5.571537e+02  2.260721e-01      2666   1
        23   6.041921e+02  5.571537e+02  2.318251e-01      2769   1
        24   6.041921e+02  5.571537e+02  2.376239e-01      2872   1
        25   5.527482e+02  5.571537e+02  2.435110e-01      2975   1
        26   6.039654e+02  5.571537e+02  2.492249e-01      3078   1
        27   3.865338e+02  5.571537e+02  2.549829e-01      3181   1
        28   6.041921e+02  5.571537e+02  2.607470e-01      3284   1
        29   6.041921e+02  5.571537e+02  2.665379e-01      3387   1
        30   6.041921e+02  5.571537e+02  2.722909e-01      3490   1
        31   5.744560e+02  5.571537e+02  2.780700e-01      3593   1
        32   5.154734e+02  5.571537e+02  2.838049e-01      3696   1
        33   6.041921e+02  5.571537e+02  2.896399e-01      3799   1
        34   5.440962e+02  5.571537e+02  2.955050e-01      3902   1
        35   6.041921e+02  5.571537e+02  3.013420e-01      4005   1
        36   6.041921e+02  5.571537e+02  3.071761e-01      4108   1
        37   4.256853e+02  5.571537e+02  3.130951e-01      4211   1
        38   6.041921e+02  5.571537e+02  3.190370e-01      4314   1
        39   5.527482e+02  5.571537e+02  3.248670e-01      4417   1
        40   5.675978e+02  5.571537e+02  3.307950e-01      4520   1
-------------------------------------------------------------------
status         : simulation_stopping
total time (s) : 3.307950e-01
total solves   : 4520
best bound     :  5.571537e+02
simulation ci  :  5.546231e+02 ± 3.431777e+01
numeric issues : 0
-------------------------------------------------------------------

-------------------------------------------------------------------
         SDDP.jl (c) Oscar Dowson and contributors, 2017-23
-------------------------------------------------------------------
problem
  nodes           : 52
  state variables : 1
  scenarios       : 1.00000e+00
  existing cuts   : false
options
  solver          : serial mode
  risk measure    : SDDP.Expectation()
  sampling scheme : SDDP.InSampleMonteCarlo
subproblem structure
  VariableRef                             : [7, 7]
  AffExpr in MOI.EqualTo{Float64}         : [2, 2]
  VariableRef in MOI.EqualTo{Float64}     : [1, 1]
  VariableRef in MOI.GreaterThan{Float64} : [5, 5]
  VariableRef in MOI.LessThan{Float64}    : [2, 3]
numerical stability report
  matrix range     [1e+00, 1e+00]
  objective range  [1e+00, 2e+01]
  bounds range     [1e+01, 3e+02]
  rhs range        [7e+00, 1e+01]
-------------------------------------------------------------------
 iteration    simulation      bound        time (s)     solves  pid
-------------------------------------------------------------------
         1   1.079600e+03  3.157700e+02  5.075121e-02       104   1
        10   6.829100e+02  6.829100e+02  1.769030e-01      1040   1
-------------------------------------------------------------------
status         : iteration_limit
total time (s) : 1.769030e-01
total solves   : 1040
best bound     :  6.829100e+02
simulation ci  :  7.289889e+02 ± 7.726064e+01
numeric issues : 0
-------------------------------------------------------------------

-------------------------------------------------------------------
         SDDP.jl (c) Oscar Dowson and contributors, 2017-23
-------------------------------------------------------------------
problem
  nodes           : 52
  state variables : 1
  scenarios       : 6.46108e+24
  existing cuts   : false
options
  solver          : serial mode
  risk measure    : SDDP.Expectation()
  sampling scheme : SDDP.InSampleMonteCarlo
subproblem structure
  VariableRef                             : [7, 7]
  AffExpr in MOI.EqualTo{Float64}         : [2, 2]
  VariableRef in MOI.GreaterThan{Float64} : [5, 5]
  VariableRef in MOI.LessThan{Float64}    : [2, 3]
numerical stability report
  matrix range     [1e+00, 1e+00]
  objective range  [1e+00, 2e+01]
  bounds range     [1e+01, 3e+02]
  rhs range        [7e+00, 1e+01]
-------------------------------------------------------------------
 iteration    simulation      bound        time (s)     solves  pid
-------------------------------------------------------------------
         1   5.624200e+02  4.600251e+01  5.578494e-02       208   1
        34   1.334548e+02  2.406772e+02  1.075159e+00      7072   1
        63   5.445000e+02  2.604099e+02  2.091447e+00     13104   1
        90   1.622485e+02  2.678653e+02  3.123949e+00     18720   1
       100   2.303106e+02  2.688955e+02  3.540499e+00     20800   1
-------------------------------------------------------------------
status         : iteration_limit
total time (s) : 3.540499e+00
total solves   : 20800
best bound     :  2.688955e+02
simulation ci  :  3.186710e+02 ± 4.548132e+01
numeric issues : 0
-------------------------------------------------------------------

-------------------------------------------------------------------
         SDDP.jl (c) Oscar Dowson and contributors, 2017-23
-------------------------------------------------------------------
problem
  nodes           : 52
  state variables : 1
  scenarios       : Inf
  existing cuts   : false
options
  solver          : serial mode
  risk measure    : SDDP.Expectation()
  sampling scheme : SDDP.InSampleMonteCarlo
subproblem structure
  VariableRef                             : [7, 7]
  AffExpr in MOI.EqualTo{Float64}         : [2, 2]
  VariableRef in MOI.GreaterThan{Float64} : [5, 5]
  VariableRef in MOI.LessThan{Float64}    : [2, 2]
numerical stability report
  matrix range     [1e+00, 1e+00]
  objective range  [1e+00, 2e+01]
  bounds range     [1e+01, 3e+02]
  rhs range        [7e+00, 1e+01]
-------------------------------------------------------------------
 iteration    simulation      bound        time (s)     solves  pid
-------------------------------------------------------------------
         1   1.610673e+04  1.273657e+04  1.685250e-01       835   1
         5   9.149319e+04  8.383144e+04  1.288479e+00     11455   1
         8   4.462793e+04  9.125077e+04  2.415826e+00     21032   1
        12   1.121042e+05  9.290344e+04  4.001760e+00     33316   1
        13   2.247624e+05  9.318818e+04  5.531346e+00     42887   1
        16   6.172182e+04  9.330050e+04  6.784048e+00     50176   1
        19   5.375452e+04  9.332229e+04  8.031692e+00     57257   1
        20   1.275351e+05  9.334452e+04  9.094075e+00     62876   1
        24   3.610790e+05  9.336160e+04  1.568154e+01     93464   1
        33   3.853616e+04  9.336723e+04  2.106729e+01    116163   1
        37   3.409561e+05  9.337104e+04  2.857711e+01    143839   1
        39   1.860923e+05  9.337645e+04  3.458973e+01    164853   1
        41   5.108419e+05  9.337743e+04  4.155760e+01    187115   1
        45   3.583017e+05  9.337979e+04  4.895176e+01    209591   1
        52   1.619231e+05  9.338185e+04  5.481366e+01    227084   1
        57   1.168058e+05  9.338395e+04  6.155251e+01    246235   1
        64   1.958230e+05  9.338581e+04  6.860720e+01    265600   1
        69   1.439527e+05  9.338723e+04  7.405959e+01    279967   1
        75   3.768856e+04  9.338750e+04  7.962055e+01    294337   1
        81   5.591996e+04  9.338806e+04  8.488807e+01    307667   1
        85   3.318058e+05  9.338883e+04  9.559059e+01    333471   1
        86   3.725241e+05  9.338886e+04  1.026354e+02    349282   1
        88   1.339056e+05  9.338998e+04  1.096220e+02    364888   1
        96   2.276156e+05  9.339146e+04  1.192467e+02    385504   1
       100   1.080476e+05  9.339185e+04  1.281060e+02    403820   1
-------------------------------------------------------------------
status         : iteration_limit
total time (s) : 1.281060e+02
total solves   : 403820
best bound     :  9.339185e+04
simulation ci  :  9.063626e+04 ± 1.927003e+04
numeric issues : 0
-------------------------------------------------------------------

-------------------------------------------------------------------
         SDDP.jl (c) Oscar Dowson and contributors, 2017-23
-------------------------------------------------------------------
problem
  nodes           : 3
  state variables : 1
  scenarios       : 2.70000e+01
  existing cuts   : false
options
  solver          : serial mode
  risk measure    : SDDP.Expectation()
  sampling scheme : SDDP.InSampleMonteCarlo
subproblem structure
  VariableRef                             : [7, 7]
  AffExpr in MOI.EqualTo{Float64}         : [2, 2]
  VariableRef in MOI.GreaterThan{Float64} : [5, 5]
  VariableRef in MOI.LessThan{Float64}    : [1, 2]
numerical stability report
  matrix range     [1e+00, 1e+00]
  objective range  [1e+00, 2e+02]
  bounds range     [2e+02, 2e+02]
  rhs range        [2e+02, 2e+02]
-------------------------------------------------------------------
 iteration    simulation      bound        time (s)     solves  pid
-------------------------------------------------------------------
         1   7.500000e+03  3.437500e+03  3.983021e-03        12   1
        10   1.250000e+04  8.333333e+03  1.691413e-02       120   1
-------------------------------------------------------------------
status         : iteration_limit
total time (s) : 1.691413e-02
total solves   : 120
best bound     :  8.333333e+03
simulation ci  :  8.031250e+03 ± 3.053026e+03
numeric issues : 0
-------------------------------------------------------------------

-------------------------------------------------------------------
         SDDP.jl (c) Oscar Dowson and contributors, 2017-23
-------------------------------------------------------------------
problem
  nodes           : 5
  state variables : 1
  scenarios       : 1.08000e+02
  existing cuts   : false
options
  solver          : serial mode
  risk measure    : SDDP.Expectation()
  sampling scheme : SDDP.InSampleMonteCarlo
subproblem structure
  VariableRef                             : [7, 7]
  AffExpr in MOI.EqualTo{Float64}         : [2, 2]
  VariableRef in MOI.GreaterThan{Float64} : [5, 5]
  VariableRef in MOI.LessThan{Float64}    : [1, 2]
numerical stability report
  matrix range     [1e+00, 1e+00]
  objective range  [1e+00, 2e+02]
  bounds range     [2e+02, 2e+02]
  rhs range        [2e+02, 2e+02]
-------------------------------------------------------------------
 iteration    simulation      bound        time (s)     solves  pid
-------------------------------------------------------------------
         1   2.500000e+04  1.991887e+03  6.489038e-03        18   1
        40   5.000000e+03  8.072917e+03  1.785319e-01      1320   1
-------------------------------------------------------------------
status         : simulation_stopping
total time (s) : 1.785319e-01
total solves   : 1320
best bound     :  8.072917e+03
simulation ci  :  7.747377e+03 ± 2.087881e+03
numeric issues : 0
-------------------------------------------------------------------

-------------------------------------------------------------------
         SDDP.jl (c) Oscar Dowson and contributors, 2017-23
-------------------------------------------------------------------
problem
  nodes           : 3
  state variables : 1
  scenarios       : 1.00000e+00
  existing cuts   : false
options
  solver          : serial mode
  risk measure    : SDDP.Expectation()
  sampling scheme : SDDP.InSampleMonteCarlo
subproblem structure
  VariableRef                             : [4, 4]
  AffExpr in MOI.EqualTo{Float64}         : [1, 1]
  AffExpr in MOI.LessThan{Float64}        : [1, 1]
  VariableRef in MOI.EqualTo{Float64}     : [1, 1]
  VariableRef in MOI.GreaterThan{Float64} : [2, 3]
  VariableRef in MOI.LessThan{Float64}    : [1, 1]
numerical stability report
  matrix range     [1e+00, 1e+00]
  objective range  [0e+00, 0e+00]
  bounds range     [0e+00, 0e+00]
  rhs range        [0e+00, 0e+00]
-------------------------------------------------------------------
 iteration    simulation      bound        time (s)     solves  pid
-------------------------------------------------------------------
         1   2.499895e+01  1.562631e+00  3.088593e-02         6   1
        29   8.333333e+00  8.333333e+00  1.049291e+00       180   1
        40   8.333333e+00  8.333333e+00  1.483367e+00       246   1
-------------------------------------------------------------------
status         : simulation_stopping
total time (s) : 1.483367e+00
total solves   : 246
best bound     :  8.333333e+00
simulation ci  :  8.810723e+00 ± 8.167195e-01
numeric issues : 0
-------------------------------------------------------------------

-------------------------------------------------------------------
         SDDP.jl (c) Oscar Dowson and contributors, 2017-23
-------------------------------------------------------------------
problem
  nodes           : 1
  state variables : 12
  scenarios       : Inf
  existing cuts   : false
options
  solver          : serial mode
  risk measure    : SDDP.Expectation()
  sampling scheme : SDDP.InSampleMonteCarlo
subproblem structure
  VariableRef                          : [25, 25]
  AffExpr in MOI.EqualTo{Float64}      : [1, 1]
  AffExpr in MOI.LessThan{Float64}     : [13, 13]
  VariableRef in MOI.LessThan{Float64} : [1, 1]
  VariableRef in MOI.ZeroOne           : [12, 12]
numerical stability report
  matrix range     [1e+00, 1e+00]
  objective range  [1e+00, 1e+00]
  bounds range     [1e+01, 1e+01]
  rhs range        [1e+00, 1e+00]
-------------------------------------------------------------------
 iteration    simulation      bound        time (s)     solves  pid
-------------------------------------------------------------------
         1   0.000000e+00  7.217100e+00  6.644011e-03        13   1
        42   6.000000e+00  6.561000e+00  1.015899e+00      2764   1
        45   0.000000e+00  6.561000e+00  1.046538e+00      2817   1
-------------------------------------------------------------------
status         : simulation_stopping
total time (s) : 1.046538e+00
total solves   : 2817
best bound     :  6.561000e+00
simulation ci  :  5.933333e+00 ± 2.501352e+00
numeric issues : 0
-------------------------------------------------------------------

-------------------------------------------------------------------
         SDDP.jl (c) Oscar Dowson and contributors, 2017-23
-------------------------------------------------------------------
problem
  nodes           : 3
  state variables : 1
  scenarios       : 1.72800e+03
  existing cuts   : false
options
  solver          : serial mode
  risk measure    : SDDP.Expectation()
  sampling scheme : SDDP.InSampleMonteCarlo
subproblem structure
  VariableRef                             : [8, 8]
  AffExpr in MOI.EqualTo{Float64}         : [2, 4]
  AffExpr in MOI.GreaterThan{Float64}     : [2, 2]
  VariableRef in MOI.GreaterThan{Float64} : [6, 6]
  VariableRef in MOI.LessThan{Float64}    : [2, 3]
-------------------------------------------------------------------
 iteration    simulation      bound        time (s)     solves  pid
-------------------------------------------------------------------
         1   6.930000e+03  3.792977e+03  2.795815e-02        39   1
       154   3.781250e+03  5.092593e+03  1.029859e+00      7506   1
       185   5.445000e+03  5.092593e+03  1.194304e+00      8715   1
-------------------------------------------------------------------
status         : simulation_stopping
total time (s) : 1.194304e+00
total solves   : 8715
best bound     :  5.092593e+03
simulation ci  :  5.118725e+03 ± 5.404986e+02
numeric issues : 0
-------------------------------------------------------------------

-------------------------------------------------------------------
         SDDP.jl (c) Oscar Dowson and contributors, 2017-23
-------------------------------------------------------------------
problem
  nodes           : 3
  state variables : 1
  scenarios       : 1.72800e+03
  existing cuts   : false
options
  solver          : serial mode
  risk measure    : SDDP.Expectation()
  sampling scheme : SDDP.InSampleMonteCarlo
subproblem structure
  VariableRef                             : [9, 9]
  AffExpr in MOI.EqualTo{Float64}         : [2, 10]
  AffExpr in MOI.GreaterThan{Float64}     : [4, 4]
  VariableRef in MOI.GreaterThan{Float64} : [7, 7]
  VariableRef in MOI.LessThan{Float64}    : [3, 4]
-------------------------------------------------------------------
 iteration    simulation      bound        time (s)     solves  pid
-------------------------------------------------------------------
         1   7.812500e+03  3.566760e+03  3.075099e-02        39   1
        83   1.875000e+03  5.135984e+03  6.713309e-01      4437   1
-------------------------------------------------------------------
status         : simulation_stopping
total time (s) : 6.713309e-01
total solves   : 4437
best bound     :  5.135984e+03
simulation ci  :  4.502562e+03 ± 7.712916e+02
numeric issues : 0
-------------------------------------------------------------------

-------------------------------------------------------------------
         SDDP.jl (c) Oscar Dowson and contributors, 2017-23
-------------------------------------------------------------------
problem
  nodes           : 3
  state variables : 1
  scenarios       : 2.70000e+01
  existing cuts   : false
options
  solver          : serial mode
  risk measure    : SDDP.Expectation()
  sampling scheme : SDDP.InSampleMonteCarlo
subproblem structure
  VariableRef                             : [7, 7]
  AffExpr in MOI.EqualTo{Float64}         : [2, 2]
  VariableRef in MOI.GreaterThan{Float64} : [5, 5]
  VariableRef in MOI.LessThan{Float64}    : [1, 2]
numerical stability report
  matrix range     [1e+00, 1e+00]
  objective range  [1e+00, 2e+02]
  bounds range     [2e+02, 2e+02]
  rhs range        [2e+02, 2e+02]
-------------------------------------------------------------------
 iteration    simulation      bound        time (s)     solves  pid
-------------------------------------------------------------------
         1   3.750000e+04  3.958333e+03  3.983974e-03        12   1
        40   5.000000e+03  1.062500e+04  9.789395e-02       642   1
-------------------------------------------------------------------
status         : simulation_stopping
total time (s) : 9.789395e-02
total solves   : 642
best bound     :  1.062500e+04
simulation ci  :  1.060594e+04 ± 2.564224e+03
numeric issues : 0
-------------------------------------------------------------------

-------------------------------------------------------------------
         SDDP.jl (c) Oscar Dowson and contributors, 2017-23
-------------------------------------------------------------------
problem
  nodes           : 1
  state variables : 1
  scenarios       : Inf
  existing cuts   : false
options
  solver          : serial mode
  risk measure    : SDDP.Expectation()
  sampling scheme : SDDP.InSampleMonteCarlo
subproblem structure
  VariableRef                             : [20, 20]
  AffExpr in MOI.EqualTo{Float64}         : [13, 13]
  AffExpr in MOI.GreaterThan{Float64}     : [6, 6]
  AffExpr in MOI.LessThan{Float64}        : [6, 6]
  VariableRef in MOI.GreaterThan{Float64} : [14, 14]
  VariableRef in MOI.LessThan{Float64}    : [11, 11]
numerical stability report
  matrix range     [1e+00, 2e+02]
  objective range  [1e+00, 1e+06]
  bounds range     [4e-01, 6e+00]
  rhs range        [5e-01, 5e+00]
-------------------------------------------------------------------
 iteration    simulation      bound        time (s)     solves  pid
-------------------------------------------------------------------
         1   1.747989e+04  3.408578e+04  6.225801e-02         7   1
         3   4.164895e+05  1.151203e+05  1.330246e+00       113   1
         6   5.171253e+05  2.910961e+05  3.082085e+00       234   1
         8   3.107475e+06  3.234664e+05  6.493078e+00       460   1
        10   1.747989e+04  3.465465e+05  6.920016e+00       486   1
-------------------------------------------------------------------
status         : iteration_limit
total time (s) : 6.920016e+00
total solves   : 486
best bound     :  3.465465e+05
simulation ci  :  4.500280e+05 ± 5.886719e+05
numeric issues : 0
-------------------------------------------------------------------

-------------------------------------------------------------------
         SDDP.jl (c) Oscar Dowson and contributors, 2017-23
-------------------------------------------------------------------
problem
  nodes           : 1
  state variables : 1
  scenarios       : Inf
  existing cuts   : false
options
  solver          : serial mode
  risk measure    : SDDP.Expectation()
  sampling scheme : SDDP.InSampleMonteCarlo
subproblem structure
  VariableRef                             : [48, 48]
  AffExpr in MOI.EqualTo{Float64}         : [12, 12]
  AffExpr in MOI.GreaterThan{Float64}     : [6, 6]
  AffExpr in MOI.LessThan{Float64}        : [6, 6]
  QuadExpr in MOI.LessThan{Float64}       : [12, 12]
  VariableRef in MOI.GreaterThan{Float64} : [42, 42]
  VariableRef in MOI.LessThan{Float64}    : [39, 39]
numerical stability report
  matrix range     [1e+00, 1e+00]
  objective range  [1e+00, 1e+06]
  bounds range     [3e-01, 6e+00]
  rhs range        [5e-01, 2e+01]
-------------------------------------------------------------------
 iteration    simulation      bound        time (s)     solves  pid
-------------------------------------------------------------------
         1   1.755188e+04  3.422617e+04  1.440101e-01         7   1
         3   1.757821e+04  9.848588e+04  1.253701e+00        53   1
         4   8.181228e+05  1.294654e+05  3.018575e+00       112   1
         5   7.437527e+05  1.873774e+05  7.243789e+00       251   1
         8   2.636613e+06  3.719799e+05  2.844087e+01       812   1
        10   8.477483e+06  3.762158e+05  6.794539e+01      1438   1
-------------------------------------------------------------------
status         : iteration_limit
total time (s) : 6.794539e+01
total solves   : 1438
best bound     :  3.762158e+05
simulation ci  :  1.409269e+06 ± 1.612332e+06
numeric issues : 0
-------------------------------------------------------------------

-------------------------------------------------------------------
         SDDP.jl (c) Oscar Dowson and contributors, 2017-23
-------------------------------------------------------------------
problem
  nodes           : 1
  state variables : 1
  scenarios       : Inf
  existing cuts   : false
options
  solver          : serial mode
  risk measure    : SDDP.Expectation()
  sampling scheme : SDDP.InSampleMonteCarlo
subproblem structure
  VariableRef                             : [20, 20]
  AffExpr in MOI.EqualTo{Float64}         : [13, 13]
  AffExpr in MOI.GreaterThan{Float64}     : [6, 6]
  AffExpr in MOI.LessThan{Float64}        : [6, 6]
  VariableRef in MOI.GreaterThan{Float64} : [14, 14]
  VariableRef in MOI.LessThan{Float64}    : [11, 11]
numerical stability report
  matrix range     [1e+00, 2e+02]
  objective range  [1e+00, 1e+06]
  bounds range     [4e-01, 6e+00]
  rhs range        [5e-01, 5e+00]
-------------------------------------------------------------------
 iteration    simulation      bound        time (s)     solves  pid
-------------------------------------------------------------------
         1   2.507412e+06  8.488726e+04  1.135007e+00        81   1
         2   1.158427e+06  1.013246e+05  3.693230e+00       189   1
         4   3.006199e+06  2.574180e+05  6.049755e+00       294   1
         5   1.165674e+06  2.902658e+05  7.831576e+00       363   1
         6   3.615220e+05  2.973772e+05  9.099130e+00       417   1
         8   2.895395e+06  4.219854e+05  1.460128e+01       654   1
        10   8.811078e+04  4.250965e+05  1.601225e+01       711   1
-------------------------------------------------------------------
status         : iteration_limit
total time (s) : 1.601225e+01
total solves   : 711
best bound     :  4.250965e+05
simulation ci  :  1.227684e+06 ± 7.148882e+05
numeric issues : 0
-------------------------------------------------------------------

-------------------------------------------------------------------
         SDDP.jl (c) Oscar Dowson and contributors, 2017-23
-------------------------------------------------------------------
problem
  nodes           : 5
  state variables : 1
  scenarios       : 1.08000e+02
  existing cuts   : false
options
  solver          : serial mode
  risk measure    : SDDP.Expectation()
  sampling scheme : SDDP.InSampleMonteCarlo
subproblem structure
  VariableRef                             : [7, 7]
  AffExpr in MOI.EqualTo{Float64}         : [2, 2]
  VariableRef in MOI.GreaterThan{Float64} : [5, 5]
  VariableRef in MOI.LessThan{Float64}    : [1, 2]
-------------------------------------------------------------------
 iteration    simulation      bound        time (s)     solves  pid
-------------------------------------------------------------------
         1   5.625000e+04  1.991887e+03  1.783800e-02        18   1
        20   5.000000e+03  8.072917e+03  7.084799e-02       360   1
-------------------------------------------------------------------
status         : iteration_limit
total time (s) : 7.084799e-02
total solves   : 360
best bound     :  8.072917e+03
simulation ci  :  1.434848e+04 ± 6.300394e+03
numeric issues : 0
-------------------------------------------------------------------

-------------------------------------------------------------------
         SDDP.jl (c) Oscar Dowson and contributors, 2017-23
-------------------------------------------------------------------
problem
  nodes           : 3
  state variables : 1
  scenarios       : 1.00000e+00
  existing cuts   : false
options
  solver          : serial mode
  risk measure    : SDDP.Expectation()
  sampling scheme : SDDP.InSampleMonteCarlo
subproblem structure
  VariableRef                             : [5, 5]
  AffExpr in MOI.EqualTo{Float64}         : [2, 2]
  VariableRef in MOI.GreaterThan{Float64} : [4, 4]
  VariableRef in MOI.LessThan{Float64}    : [1, 1]
-------------------------------------------------------------------
 iteration    simulation      bound        time (s)     solves  pid
-------------------------------------------------------------------
         1   6.500000e+00  3.000000e+00  3.601074e-03         6   1
         5   3.500000e+00  3.500000e+00  7.644892e-03        30   1
-------------------------------------------------------------------
status         : iteration_limit
total time (s) : 7.644892e-03
total solves   : 30
best bound     :  3.500000e+00
simulation ci  :  4.100000e+00 ± 1.176000e+00
numeric issues : 0
-------------------------------------------------------------------

-------------------------------------------------------------------
         SDDP.jl (c) Oscar Dowson and contributors, 2017-23
-------------------------------------------------------------------
problem
  nodes           : 3
  state variables : 1
  scenarios       : 1.00000e+00
  existing cuts   : false
options
  solver          : serial mode
  risk measure    : SDDP.Expectation()
  sampling scheme : SDDP.InSampleMonteCarlo
subproblem structure
  VariableRef                             : [5, 5]
  AffExpr in MOI.EqualTo{Float64}         : [2, 2]
  VariableRef in MOI.GreaterThan{Float64} : [4, 4]
  VariableRef in MOI.LessThan{Float64}    : [1, 1]
-------------------------------------------------------------------
 iteration    simulation      bound        time (s)     solves  pid
-------------------------------------------------------------------
         1   6.500000e+00  1.100000e+01  3.383875e-03         6   1
         5   5.500000e+00  1.100000e+01  6.653070e-03        30   1
-------------------------------------------------------------------
status         : iteration_limit
total time (s) : 6.653070e-03
total solves   : 30
best bound     :  1.100000e+01
simulation ci  :  5.700000e+00 ± 3.920000e-01
numeric issues : 0
-------------------------------------------------------------------

