-------------------------------------------------------------------
         SDDP.jl (c) Oscar Dowson and contributors, 2017-25
-------------------------------------------------------------------
problem
  nodes           : 3
  state variables : 1
  scenarios       : 1.00000e+00
  existing cuts   : false
options
  solver          : serial mode
  risk measure    : SDDP.Expectation()
  sampling scheme : SDDP.InSampleMonteCarlo
subproblem structure
  VariableRef                             : [5, 5]
  AffExpr in MOI.EqualTo{Float64}         : [1, 1]
  VariableRef in MOI.GreaterThan{Float64} : [4, 4]
  VariableRef in MOI.Integer              : [2, 2]
  VariableRef in MOI.LessThan{Float64}    : [2, 3]
numerical stability report
  matrix range     [1e+00, 1e+00]
  objective range  [1e+00, 6e+00]
  bounds range     [1e+02, 2e+02]
  rhs range        [2e+02, 2e+02]
-------------------------------------------------------------------
 iteration    simulation      bound        time (s)     solves  pid
-------------------------------------------------------------------
         1   9.000000e+02  9.000000e+02  3.506260e-01         6   1
         2   9.000000e+02  9.000000e+02  4.076099e-01        15   1
         3S  9.000000e+02  9.000000e+02  5.407670e-01        21   1
         4   9.000000e+02  9.000000e+02  5.735080e-01        27   1
         5S  9.000000e+02  9.000000e+02  6.221690e-01        33   1
         6   9.000000e+02  9.000000e+02  6.546810e-01        39   1
         7S  9.000000e+02  9.000000e+02  7.032650e-01        45   1
         8   9.000000e+02  9.000000e+02  7.358181e-01        51   1
         9S  9.000000e+02  9.000000e+02  7.839820e-01        57   1
        10   9.000000e+02  9.000000e+02  8.164830e-01        63   1
        11S  9.000000e+02  9.000000e+02  8.647339e-01        69   1
        12   9.000000e+02  9.000000e+02  8.972750e-01        75   1
        13S  9.000000e+02  9.000000e+02  9.458461e-01        81   1
        14   9.000000e+02  9.000000e+02  9.789159e-01        87   1
        15S  9.000000e+02  9.000000e+02  1.027538e+00        93   1
        16   9.000000e+02  9.000000e+02  1.060301e+00        99   1
        17S  9.000000e+02  9.000000e+02  1.108965e+00       105   1
        18   9.000000e+02  9.000000e+02  1.141985e+00       111   1
        19S  9.000000e+02  9.000000e+02  1.214816e+00       117   1
        20   9.000000e+02  9.000000e+02  1.247521e+00       123   1
-------------------------------------------------------------------
status         : simulation_stopping
total time (s) : 1.247521e+00
total solves   : 123
best bound     :  9.000000e+02
simulation ci  :  9.000000e+02 ± 0.000000e+00
numeric issues : 0
-------------------------------------------------------------------

-------------------------------------------------------------------
         SDDP.jl (c) Oscar Dowson and contributors, 2017-25
-------------------------------------------------------------------
problem
  nodes           : 3
  state variables : 1
  scenarios       : 1.00000e+00
  existing cuts   : false
options
  solver          : serial mode
  risk measure    : SDDP.Expectation()
  sampling scheme : SDDP.InSampleMonteCarlo
subproblem structure
  VariableRef                             : [5, 5]
  AffExpr in MOI.EqualTo{Float64}         : [1, 1]
  VariableRef in MOI.GreaterThan{Float64} : [4, 4]
  VariableRef in MOI.Integer              : [2, 2]
  VariableRef in MOI.LessThan{Float64}    : [2, 3]
numerical stability report
  matrix range     [1e+00, 1e+00]
  objective range  [1e+00, 6e+00]
  bounds range     [1e+02, 2e+02]
  rhs range        [2e+02, 2e+02]
-------------------------------------------------------------------
 iteration    simulation      bound        time (s)     solves  pid
-------------------------------------------------------------------
         1   9.000000e+02  9.000000e+02  4.302211e-01         6   1
        20   9.000000e+02  9.000000e+02  1.262338e+00       123   1
-------------------------------------------------------------------
status         : simulation_stopping
total time (s) : 1.262338e+00
total solves   : 123
best bound     :  9.000000e+02
simulation ci  :  9.000000e+02 ± 0.000000e+00
numeric issues : 0
-------------------------------------------------------------------

-------------------------------------------------------------------
         SDDP.jl (c) Oscar Dowson and contributors, 2017-25
-------------------------------------------------------------------
problem
  nodes           : 12
  state variables : 1
  scenarios       : 1.00000e+00
  existing cuts   : false
options
  solver          : Threaded()
  risk measure    : SDDP.Expectation()
  sampling scheme : SDDP.InSampleMonteCarlo
subproblem structure
  VariableRef                             : [3, 3]
  VariableRef in MOI.GreaterThan{Float64} : [2, 2]
  VariableRef in MOI.LessThan{Float64}    : [1, 1]
numerical stability report
  matrix range     [0e+00, 0e+00]
  objective range  [1e+00, 1e+00]
  bounds range     [0e+00, 0e+00]
  rhs range        [0e+00, 0e+00]
-------------------------------------------------------------------
 iteration    simulation      bound        time (s)     solves  pid
-------------------------------------------------------------------
         1   0.000000e+00  0.000000e+00  4.838800e-02        87   3
         2   0.000000e+00  0.000000e+00  4.879808e-02        93   1
         3   0.000000e+00  0.000000e+00  4.896522e-02        96   1
         4   0.000000e+00  0.000000e+00  4.915714e-02       101   1
         5   0.000000e+00  0.000000e+00  5.129004e-02       166   1
         6   0.000000e+00  0.000000e+00  5.154419e-02       174   1
         7   0.000000e+00  0.000000e+00  5.179811e-02       183   2
         8   0.000000e+00  0.000000e+00  5.353403e-02       240   3
         9   0.000000e+00  0.000000e+00  5.510902e-02       261   4
        10   0.000000e+00  0.000000e+00  5.527711e-02       263   3
        11   0.000000e+00  0.000000e+00  5.556822e-02       269   2
        13   0.000000e+00  0.000000e+00  9.034705e-02       312   4
-------------------------------------------------------------------
status         : iteration_limit
total time (s) : 9.034705e-02
total solves   : 312
best bound     :  0.000000e+00
simulation ci  :  0.000000e+00 ± 0.000000e+00
numeric issues : 0
-------------------------------------------------------------------

