-------------------------------------------------------------------
         SDDP.jl (c) Oscar Dowson and contributors, 2017-25
-------------------------------------------------------------------
problem
  nodes           : 3
  state variables : 1
  scenarios       : 1.00000e+00
  existing cuts   : false
options
  solver          : serial mode
  risk measure    : SDDP.Expectation()
  sampling scheme : SDDP.InSampleMonteCarlo
subproblem structure
  VariableRef                             : [5, 5]
  AffExpr in MOI.EqualTo{Float64}         : [1, 1]
  VariableRef in MOI.GreaterThan{Float64} : [4, 4]
  VariableRef in MOI.Integer              : [2, 2]
  VariableRef in MOI.LessThan{Float64}    : [2, 3]
numerical stability report
  matrix range     [1e+00, 1e+00]
  objective range  [1e+00, 6e+00]
  bounds range     [1e+02, 2e+02]
  rhs range        [2e+02, 2e+02]
-------------------------------------------------------------------
 iteration    simulation      bound        time (s)     solves  pid
-------------------------------------------------------------------
         1   9.000000e+02  9.000000e+02  4.219432e-01         6   1
         2   9.000000e+02  9.000000e+02  4.842000e-01        15   1
         3S  9.000000e+02  9.000000e+02  6.170752e-01        21   1
         4   9.000000e+02  9.000000e+02  6.529231e-01        27   1
         5S  9.000000e+02  9.000000e+02  7.014930e-01        33   1
         6   9.000000e+02  9.000000e+02  7.339032e-01        39   1
         7S  9.000000e+02  9.000000e+02  7.820132e-01        45   1
         8   9.000000e+02  9.000000e+02  8.144860e-01        51   1
         9S  9.000000e+02  9.000000e+02  8.626392e-01        57   1
        10   9.000000e+02  9.000000e+02  8.950341e-01        63   1
        11S  9.000000e+02  9.000000e+02  9.433742e-01        69   1
        12   9.000000e+02  9.000000e+02  9.759412e-01        75   1
        13S  9.000000e+02  9.000000e+02  1.024134e+00        81   1
        14   9.000000e+02  9.000000e+02  1.057513e+00        87   1
        15S  9.000000e+02  9.000000e+02  1.106172e+00        93   1
        16   9.000000e+02  9.000000e+02  1.138918e+00        99   1
        17S  9.000000e+02  9.000000e+02  1.188305e+00       105   1
        18   9.000000e+02  9.000000e+02  1.220950e+00       111   1
        19S  9.000000e+02  9.000000e+02  1.269134e+00       117   1
        20   9.000000e+02  9.000000e+02  1.301679e+00       123   1
-------------------------------------------------------------------
status         : simulation_stopping
total time (s) : 1.301679e+00
total solves   : 123
best bound     :  9.000000e+02
simulation ci  :  9.000000e+02 ± 0.000000e+00
numeric issues : 0
-------------------------------------------------------------------

-------------------------------------------------------------------
         SDDP.jl (c) Oscar Dowson and contributors, 2017-25
-------------------------------------------------------------------
problem
  nodes           : 3
  state variables : 1
  scenarios       : 1.00000e+00
  existing cuts   : false
options
  solver          : serial mode
  risk measure    : SDDP.Expectation()
  sampling scheme : SDDP.InSampleMonteCarlo
subproblem structure
  VariableRef                             : [5, 5]
  AffExpr in MOI.EqualTo{Float64}         : [1, 1]
  VariableRef in MOI.GreaterThan{Float64} : [4, 4]
  VariableRef in MOI.Integer              : [2, 2]
  VariableRef in MOI.LessThan{Float64}    : [2, 3]
numerical stability report
  matrix range     [1e+00, 1e+00]
  objective range  [1e+00, 6e+00]
  bounds range     [1e+02, 2e+02]
  rhs range        [2e+02, 2e+02]
-------------------------------------------------------------------
 iteration    simulation      bound        time (s)     solves  pid
-------------------------------------------------------------------
         1   9.000000e+02  9.000000e+02  4.349158e-01         6   1
        20   9.000000e+02  9.000000e+02  1.282414e+00       123   1
-------------------------------------------------------------------
status         : simulation_stopping
total time (s) : 1.282414e+00
total solves   : 123
best bound     :  9.000000e+02
simulation ci  :  9.000000e+02 ± 0.000000e+00
numeric issues : 0
-------------------------------------------------------------------

-------------------------------------------------------------------
         SDDP.jl (c) Oscar Dowson and contributors, 2017-25
-------------------------------------------------------------------
problem
  nodes           : 12
  state variables : 1
  scenarios       : 1.00000e+00
  existing cuts   : false
options
  solver          : Threaded()
  risk measure    : SDDP.Expectation()
  sampling scheme : SDDP.InSampleMonteCarlo
subproblem structure
  VariableRef                             : [3, 3]
  VariableRef in MOI.GreaterThan{Float64} : [2, 2]
  VariableRef in MOI.LessThan{Float64}    : [1, 1]
numerical stability report
  matrix range     [0e+00, 0e+00]
  objective range  [1e+00, 1e+00]
  bounds range     [0e+00, 0e+00]
  rhs range        [0e+00, 0e+00]
-------------------------------------------------------------------
 iteration    simulation      bound        time (s)     solves  pid
-------------------------------------------------------------------
         1   0.000000e+00  0.000000e+00  4.946303e-02        90   4
         2   0.000000e+00  0.000000e+00  4.983997e-02        95   2
         3   0.000000e+00  0.000000e+00  4.999995e-02        97   3
         4   0.000000e+00  0.000000e+00  5.017710e-02       101   4
         5   0.000000e+00  0.000000e+00  5.225492e-02       178   4
         6   0.000000e+00  0.000000e+00  5.282593e-02       187   3
         7   0.000000e+00  0.000000e+00  5.299401e-02       191   1
         8   0.000000e+00  0.000000e+00  5.352497e-02       209   2
         9   0.000000e+00  0.000000e+00  5.565310e-02       275   4
        10   0.000000e+00  0.000000e+00  5.688000e-02       288   3
        11   0.000000e+00  0.000000e+00  5.703807e-02       290   2
        12   0.000000e+00  0.000000e+00  5.722690e-02       292   3
        13   0.000000e+00  0.000000e+00  5.897498e-02       312   4
-------------------------------------------------------------------
status         : iteration_limit
total time (s) : 5.897498e-02
total solves   : 312
best bound     :  0.000000e+00
simulation ci  :  0.000000e+00 ± 0.000000e+00
numeric issues : 0
-------------------------------------------------------------------

