------------------------------------------------------------------------------
          SDDP.jl (c) Oscar Dowson and SDDP.jl contributors, 2017-22

Problem
  Nodes           : 3
  State variables : 1
  Scenarios       : 1.33100e+03
  Existing cuts   : true
  Subproblem structure                      : (min, max)
    Variables                               : (9, 9)
    VariableRef in MOI.EqualTo{Float64}     : (1, 1)
    VariableRef in MOI.LessThan{Float64}    : (5, 6)
    AffExpr in MOI.GreaterThan{Float64}     : (3, 34)
    AffExpr in MOI.EqualTo{Float64}         : (2, 4)
    VariableRef in MOI.GreaterThan{Float64} : (8, 8)
Options
  Solver          : serial mode
  Risk measure    : SDDP.Expectation()
  Sampling scheme : SDDP.InSampleMonteCarlo

 Iteration    Simulation       Bound         Time (s)    Proc. ID   # Solves
        1    4.562500e+02   2.788383e+02   3.512144e-03          1       2262
        2    3.187500e+02   2.788383e+02   7.393122e-03          1       2298
        3    4.000000e+02   2.788383e+02   1.128006e-02          1       2334
        4    2.062500e+02   2.791205e+02   1.504517e-02          1       2370
        5    1.750000e+02   2.792989e+02   1.865506e-02          1       2406
        6    1.593750e+02   2.793496e+02   2.234602e-02          1       2442
        7    3.625000e+02   2.793496e+02   2.635813e-02          1       2478
        8    1.906250e+02   2.793496e+02   2.991819e-02          1       2514
        9    2.593750e+02   2.794553e+02   3.361201e-02          1       2550
       10    1.625000e+02   2.794553e+02   3.756618e-02          1       2586

Terminating training
  Status         : iteration_limit
  Total time (s) : 3.756618e-02
  Total solves   : 2586
  Best bound     :  2.794553e+02
  Simulation CI  :  2.690625e+02 ± 6.720434e+01
------------------------------------------------------------------------------
