------------------------------------------------------------------------------
          SDDP.jl (c) Oscar Dowson and SDDP.jl contributors, 2017-22

Problem
  Nodes           : 3
  State variables : 1
  Scenarios       : 1.33100e+03
  Existing cuts   : false
  Subproblem structure                      : (min, max)
    Variables                               : (9, 9)
    VariableRef in MOI.LessThan{Float64}    : (5, 6)
    AffExpr in MOI.GreaterThan{Float64}     : (3, 5)
    AffExpr in MOI.EqualTo{Float64}         : (2, 4)
    VariableRef in MOI.GreaterThan{Float64} : (8, 8)
Options
  Solver          : serial mode
  Risk measure    : SDDP.Expectation()
  Sampling scheme : SDDP.InSampleMonteCarlo

 Iteration    Simulation       Bound         Time (s)    Proc. ID   # Solves
        1    0.000000e+00   0.000000e+00   5.242019e-01          1         36
        2    0.000000e+00   0.000000e+00   5.305059e-01          1         72
        3    0.000000e+00   0.000000e+00   5.328600e-01          1        108
        4    0.000000e+00   0.000000e+00   5.351810e-01          1        144
        5    0.000000e+00   0.000000e+00   5.374749e-01          1        180
        6    0.000000e+00   0.000000e+00   5.398180e-01          1        216
        7    0.000000e+00   0.000000e+00   5.421700e-01          1        252
        8    0.000000e+00   0.000000e+00   5.445180e-01          1        288
        9    0.000000e+00   0.000000e+00   5.469179e-01          1        324
       10    0.000000e+00   0.000000e+00   5.493040e-01          1        360

Terminating training
  Status         : iteration_limit
  Total time (s) : 5.493040e-01
  Total solves   : 360
  Best bound     :  0.000000e+00
  Simulation CI  :  0.000000e+00 ± 0.000000e+00
------------------------------------------------------------------------------
