------------------------------------------------------------------------------
          SDDP.jl (c) Oscar Dowson and SDDP.jl contributors, 2017-22

Problem
  Nodes           : 3
  State variables : 1
  Scenarios       : 1.33100e+03
  Existing cuts   : true
  Subproblem structure                      : (min, max)
    Variables                               : (9, 9)
    VariableRef in MOI.EqualTo{Float64}     : (1, 1)
    VariableRef in MOI.LessThan{Float64}    : (5, 6)
    AffExpr in MOI.GreaterThan{Float64}     : (3, 24)
    AffExpr in MOI.EqualTo{Float64}         : (2, 4)
    VariableRef in MOI.GreaterThan{Float64} : (8, 8)
Options
  Solver          : serial mode
  Risk measure    : SDDP.Expectation()
  Sampling scheme : SDDP.InSampleMonteCarlo

 Iteration    Simulation       Bound         Time (s)    Proc. ID   # Solves
        1    9.375000e+02   4.637735e+02   3.641129e-03          1       1520
        2    5.225000e+02   4.643539e+02   7.275105e-03          1       1556
        3    4.850000e+02   4.645718e+02   1.096010e-02          1       1592
        4    5.925000e+02   4.648507e+02   1.468205e-02          1       1628
        5    6.012500e+02   4.650676e+02   1.848006e-02          1       1664
        6    2.287500e+02   4.657992e+02   2.245021e-02          1       1700
        7    3.725000e+02   4.657992e+02   2.612805e-02          1       1736
        8    2.212500e+02   4.660255e+02   3.011703e-02          1       1772
        9    8.262500e+02   4.660255e+02   3.411818e-02          1       1808
       10    2.875000e+02   4.661908e+02   3.793621e-02          1       1844

Terminating training
  Status         : iteration_limit
  Total time (s) : 3.793621e-02
  Total solves   : 1844
  Best bound     :  4.661908e+02
  Simulation CI  :  5.075000e+02 ± 1.503394e+02
------------------------------------------------------------------------------
