------------------------------------------------------------------------------
          SDDP.jl (c) Oscar Dowson and SDDP.jl contributors, 2017-22

Problem
  Nodes           : 3
  State variables : 1
  Scenarios       : 1.33100e+03
  Existing cuts   : true
  Subproblem structure                      : (min, max)
    Variables                               : (9, 9)
    VariableRef in MOI.EqualTo{Float64}     : (1, 1)
    VariableRef in MOI.LessThan{Float64}    : (5, 6)
    AffExpr in MOI.GreaterThan{Float64}     : (3, 44)
    AffExpr in MOI.EqualTo{Float64}         : (2, 4)
    VariableRef in MOI.GreaterThan{Float64} : (8, 8)
Options
  Solver          : serial mode
  Risk measure    : SDDP.Expectation()
  Sampling scheme : SDDP.InSampleMonteCarlo

 Iteration    Simulation       Bound         Time (s)    Proc. ID   # Solves
        1    2.718750e+02   5.198033e+02   4.288912e-03          1       3004
        2    8.123750e+02   5.204128e+02   7.910967e-03          1       3040
        3    6.357143e+02   5.205507e+02   1.188898e-02          1       3076
        4    8.115650e+02   5.205703e+02   1.582408e-02          1       3112
        5    5.375000e+02   5.208074e+02   2.016401e-02          1       3148
        6    3.175000e+02   5.209056e+02   2.434611e-02          1       3184
        7    7.237500e+02   5.209074e+02   2.855992e-02          1       3220
        8    7.218750e+02   5.209896e+02   3.280210e-02          1       3256
        9    3.218750e+02   5.209896e+02   3.747296e-02          1       3292
       10    6.771875e+02   5.210100e+02   4.178905e-02          1       3328

Terminating training
  Status         : iteration_limit
  Total time (s) : 4.178905e-02
  Total solves   : 3328
  Best bound     :  5.210100e+02
  Simulation CI  :  5.831217e+02 ± 1.295425e+02
------------------------------------------------------------------------------
