------------------------------------------------------------------------------
          SDDP.jl (c) Oscar Dowson and SDDP.jl contributors, 2017-23

Problem
  Nodes           : 3
  State variables : 1
  Scenarios       : 1.33100e+03
  Existing cuts   : false
  Subproblem structure                      : (min, max)
    Variables                               : (9, 9)
    VariableRef in MOI.LessThan{Float64}    : (5, 6)
    AffExpr in MOI.GreaterThan{Float64}     : (3, 5)
    AffExpr in MOI.EqualTo{Float64}         : (2, 4)
    VariableRef in MOI.GreaterThan{Float64} : (8, 8)
Options
  Solver          : serial mode
  Risk measure    : SDDP.Expectation()
  Sampling scheme : SDDP.InSampleMonteCarlo

 Iteration    Simulation       Bound         Time (s)    Proc. ID   # Solves
        1    0.000000e+00   0.000000e+00   8.558035e-03          1         36
        2    0.000000e+00   0.000000e+00   1.108503e-02          1         72
        3    0.000000e+00   0.000000e+00   1.364398e-02          1        108
        4    0.000000e+00   0.000000e+00   1.616693e-02          1        144
        5    0.000000e+00   0.000000e+00   1.866198e-02          1        180
        6    0.000000e+00   0.000000e+00   2.121711e-02          1        216
        7    0.000000e+00   0.000000e+00   2.378607e-02          1        252
        8    0.000000e+00   0.000000e+00   2.634406e-02          1        288
        9    0.000000e+00   0.000000e+00   2.898288e-02          1        324
       10    0.000000e+00   0.000000e+00   3.157997e-02          1        360

Terminating training
  Status         : iteration_limit
  Total time (s) : 3.157997e-02
  Total solves   : 360
  Best bound     :  0.000000e+00
  Simulation CI  :  0.000000e+00 ± 0.000000e+00
------------------------------------------------------------------------------
