------------------------------------------------------------------------------
          SDDP.jl (c) Oscar Dowson and SDDP.jl contributors, 2017-22

Problem
  Nodes           : 3
  State variables : 1
  Scenarios       : 1.33100e+03
  Existing cuts   : true
  Subproblem structure                      : (min, max)
    Variables                               : (9, 9)
    VariableRef in MOI.EqualTo{Float64}     : (1, 1)
    VariableRef in MOI.LessThan{Float64}    : (5, 6)
    AffExpr in MOI.GreaterThan{Float64}     : (3, 37)
    AffExpr in MOI.EqualTo{Float64}         : (2, 4)
    VariableRef in MOI.GreaterThan{Float64} : (8, 8)
Options
  Solver          : serial mode
  Risk measure    : SDDP.Expectation()
  Sampling scheme : SDDP.InSampleMonteCarlo

 Iteration    Simulation       Bound         Time (s)    Proc. ID   # Solves
        1    4.810804e+02   4.073537e+02   4.029989e-03          1       2633
        2    5.818750e+02   4.073537e+02   8.411884e-03          1       2669
        3    6.150000e+02   4.073693e+02   1.250696e-02          1       2705
        4    2.695248e+02   4.073864e+02   1.672077e-02          1       2741
        5    2.637500e+02   4.074862e+02   2.074385e-02          1       2777
        6    4.200000e+02   4.076751e+02   2.522087e-02          1       2813
        7    2.390625e+02   4.076889e+02   2.936101e-02          1       2849
        8    2.268750e+02   4.077332e+02   3.334999e-02          1       2885
        9    2.175000e+02   4.077573e+02   3.784680e-02          1       2921
       10    5.487500e+02   4.077594e+02   4.223299e-02          1       2957

Terminating training
  Status         : iteration_limit
  Total time (s) : 4.223299e-02
  Total solves   : 2957
  Best bound     :  4.077594e+02
  Simulation CI  :  3.863418e+02 ± 9.936379e+01
------------------------------------------------------------------------------
