-------------------------------------------------------------------
         SDDP.jl (c) Oscar Dowson and contributors, 2017-23
-------------------------------------------------------------------
problem
  nodes           : 60
  state variables : 9
  scenarios       : 3.06542e+14
  existing cuts   : false
options
  solver          : serial mode
  risk measure    : A convex combination of 0.5 * SDDP.Expectation() + 0.5 * SDDP.AVaR(0.25)
  sampling scheme : SDDP.SimulatorSamplingScheme{typeof(Main.__atexample__named__example_milk_producer.simulator)}
subproblem structure
  VariableRef                             : [35, 35]
  AffExpr in MOI.EqualTo{Float64}         : [10, 10]
  VariableRef in MOI.EqualTo{Float64}     : [1, 4]
  VariableRef in MOI.GreaterThan{Float64} : [21, 25]
  VariableRef in MOI.LessThan{Float64}    : [1, 5]
numerical stability report
  matrix range     [9e-01, 1e+00]
  objective range  [1e+00, 1e+01]
  bounds range     [1e-01, 1e+04]
  rhs range        [0e+00, 0e+00]
-------------------------------------------------------------------
 iteration    simulation      bound        time (s)     solves  pid
-------------------------------------------------------------------
         1  -5.659351e+02  6.048821e+02  8.355470e-01       197   1
        22   7.358342e+00  7.408487e+00  2.040732e+00      6069   1
        65   8.448252e+00  6.467915e+00  4.002934e+00     15700   1
        97   8.407852e+00  6.328128e+00  6.012932e+00     23964   1
       132   5.894072e+00  6.281437e+00  8.054635e+00     31724   1
       163   8.747398e+00  6.277870e+00  1.003520e+01     38641   1
       187   7.364216e+00  6.272042e+00  1.200927e+01     45269   1
       214   7.963590e+00  6.266555e+00  1.401064e+01     51303   1
       240   8.833260e+00  6.264013e+00  1.602526e+01     57070   1
       264   8.148575e+00  6.263117e+00  1.801085e+01     62478   1
       285   8.030177e+00  6.261738e+00  2.004698e+01     68325   1
-------------------------------------------------------------------
status         : time_limit
total time (s) : 2.004698e+01
total solves   : 68325
best bound     :  6.261738e+00
simulation ci  : -2.991534e+01 ± 6.045057e+01
numeric issues : 0
-------------------------------------------------------------------

-------------------------------------------------------------------
         SDDP.jl (c) Oscar Dowson and contributors, 2017-23
-------------------------------------------------------------------
problem
  nodes           : 2
  state variables : 1
  scenarios       : 1.00000e+01
  existing cuts   : false
options
  solver          : serial mode
  risk measure    : SDDP.Expectation()
  sampling scheme : SDDP.InSampleMonteCarlo
subproblem structure
  VariableRef                             : [4, 4]
  AffExpr in MOI.EqualTo{Float64}         : [1, 1]
  AffExpr in MOI.LessThan{Float64}        : [1, 1]
  VariableRef in MOI.GreaterThan{Float64} : [2, 3]
  VariableRef in MOI.LessThan{Float64}    : [1, 1]
numerical stability report
  matrix range     [1e+00, 1e+00]
  objective range  [1e+00, 1e+00]
  bounds range     [7e-01, 3e+00]
  rhs range        [0e+00, 0e+00]
-------------------------------------------------------------------
 iteration    simulation      bound        time (s)     solves  pid
-------------------------------------------------------------------
         1   0.000000e+00  4.488459e-01  2.510786e-03        13   1
         2  -4.814196e-01  3.284564e-01  4.893780e-03        46   1
         3   3.284564e-01  2.435571e-01  6.382942e-03        59   1
         4   2.435571e-01  1.866985e-01  7.586956e-03        72   1
         5   1.866985e-01  1.772858e-01  8.709908e-03        85   1
         6   2.337620e-01  1.772858e-01  9.899855e-03        98   1
         7  -3.310004e-01  1.772858e-01  1.125789e-02       111   1
         8   2.337620e-01  1.772858e-01  1.245379e-02       124   1
         9   2.337620e-01  1.772858e-01  1.364899e-02       137   1
        10   2.337620e-01  1.772858e-01  1.488996e-02       150   1
        11   2.337620e-01  1.772858e-01  1.609397e-02       163   1
        12   2.337620e-01  1.772858e-01  1.732302e-02       176   1
        13  -3.310004e-01  1.772858e-01  1.873589e-02       189   1
        14   2.337620e-01  1.772858e-01  1.996994e-02       202   1
        15   2.337620e-01  1.772858e-01  2.121282e-02       215   1
        16   2.337620e-01  1.772858e-01  2.252293e-02       228   1
        17  -3.310004e-01  1.772858e-01  2.392292e-02       241   1
        18   2.337620e-01  1.772858e-01  2.519083e-02       254   1
        19   2.337620e-01  1.772858e-01  2.648783e-02       267   1
        20   2.337620e-01  1.772858e-01  2.775884e-02       280   1
        21   2.337620e-01  1.772858e-01  3.058290e-02       313   1
        22  -3.310004e-01  1.772858e-01  3.200793e-02       326   1
        23   2.337620e-01  1.772858e-01  3.330898e-02       339   1
        24   2.337620e-01  1.772858e-01  3.464794e-02       352   1
        25   2.337620e-01  1.772858e-01  3.596783e-02       365   1
        26   2.337620e-01  1.772858e-01  3.730297e-02       378   1
        27   2.337620e-01  1.772858e-01  3.868484e-02       391   1
        28   2.337620e-01  1.772858e-01  4.002094e-02       404   1
        29   2.337620e-01  1.772858e-01  4.136682e-02       417   1
        30   2.337620e-01  1.772858e-01  4.273701e-02       430   1
        31   2.337620e-01  1.772858e-01  4.410195e-02       443   1
        32   2.337620e-01  1.772858e-01  4.547501e-02       456   1
        33   2.337620e-01  1.772858e-01  4.688978e-02       469   1
        34   2.337620e-01  1.772858e-01  4.828191e-02       482   1
        35   2.337620e-01  1.772858e-01  4.967380e-02       495   1
        36   2.337620e-01  1.772858e-01  5.115986e-02       508   1
        37   2.337620e-01  1.772858e-01  5.256200e-02       521   1
        38  -3.310004e-01  1.772858e-01  5.412793e-02       534   1
        39   2.337620e-01  1.772858e-01  5.570197e-02       547   1
        40   2.337620e-01  1.772858e-01  5.719185e-02       560   1
-------------------------------------------------------------------
status         : simulation_stopping
total time (s) : 5.719185e-02
total solves   : 560
best bound     :  1.772858e-01
simulation ci  :  1.408788e-01 ± 6.707717e-02
numeric issues : 0
-------------------------------------------------------------------

-------------------------------------------------------------------
         SDDP.jl (c) Oscar Dowson and contributors, 2017-23
-------------------------------------------------------------------
problem
  nodes           : 52
  state variables : 1
  scenarios       : 1.00000e+00
  existing cuts   : false
options
  solver          : serial mode
  risk measure    : SDDP.Expectation()
  sampling scheme : SDDP.InSampleMonteCarlo
subproblem structure
  VariableRef                             : [7, 7]
  AffExpr in MOI.EqualTo{Float64}         : [2, 2]
  VariableRef in MOI.EqualTo{Float64}     : [1, 1]
  VariableRef in MOI.GreaterThan{Float64} : [5, 5]
  VariableRef in MOI.LessThan{Float64}    : [2, 3]
numerical stability report
  matrix range     [1e+00, 1e+00]
  objective range  [1e+00, 2e+01]
  bounds range     [1e+01, 3e+02]
  rhs range        [7e+00, 1e+01]
-------------------------------------------------------------------
 iteration    simulation      bound        time (s)     solves  pid
-------------------------------------------------------------------
         1   1.079600e+03  3.157700e+02  4.074287e-02       104   1
         2   7.437727e+02  6.288200e+02  5.462480e-02       208   1
         3   6.861466e+02  6.829100e+02  6.526995e-02       312   1
         4   6.829100e+02  6.829100e+02  7.592487e-02       416   1
         5   6.829100e+02  6.829100e+02  8.832884e-02       520   1
         6   6.829100e+02  6.829100e+02  1.012728e-01       624   1
         7   6.829100e+02  6.829100e+02  1.144629e-01       728   1
         8   6.829100e+02  6.829100e+02  1.281149e-01       832   1
         9   6.829100e+02  6.829100e+02  1.425078e-01       936   1
        10   6.829100e+02  6.829100e+02  1.574128e-01      1040   1
-------------------------------------------------------------------
status         : iteration_limit
total time (s) : 1.574128e-01
total solves   : 1040
best bound     :  6.829100e+02
simulation ci  :  7.289889e+02 ± 7.726064e+01
numeric issues : 0
-------------------------------------------------------------------

-------------------------------------------------------------------
         SDDP.jl (c) Oscar Dowson and contributors, 2017-23
-------------------------------------------------------------------
problem
  nodes           : 52
  state variables : 1
  scenarios       : 6.46108e+24
  existing cuts   : false
options
  solver          : serial mode
  risk measure    : SDDP.Expectation()
  sampling scheme : SDDP.InSampleMonteCarlo
subproblem structure
  VariableRef                             : [7, 7]
  AffExpr in MOI.EqualTo{Float64}         : [2, 2]
  VariableRef in MOI.GreaterThan{Float64} : [5, 5]
  VariableRef in MOI.LessThan{Float64}    : [2, 3]
numerical stability report
  matrix range     [1e+00, 1e+00]
  objective range  [1e+00, 2e+01]
  bounds range     [1e+01, 3e+02]
  rhs range        [7e+00, 1e+01]
-------------------------------------------------------------------
 iteration    simulation      bound        time (s)     solves  pid
-------------------------------------------------------------------
         1   0.000000e+00  0.000000e+00  3.892398e-02       208   1
         2   1.009300e+03  1.150170e+01  5.736685e-02       416   1
         3   7.868693e+02  1.563670e+02  7.680202e-02       624   1
         4   3.119382e+02  1.563670e+02  9.805989e-02       832   1
         5   1.013494e+02  1.563670e+02  1.227908e-01      1040   1
         6   2.138233e+02  1.670122e+02  1.479318e-01      1248   1
         7   3.312610e+02  1.730377e+02  1.736419e-01      1456   1
         8   5.756203e+02  1.936292e+02  1.995940e-01      1664   1
         9   9.986440e+02  1.941165e+02  2.238338e-01      1872   1
        10   1.151015e+02  2.074045e+02  2.504220e-01      2080   1
        11   1.452400e+02  2.093565e+02  2.769270e-01      2288   1
        12   2.695762e+02  2.094656e+02  3.023338e-01      2496   1
        13   1.706686e+02  2.095639e+02  3.291399e-01      2704   1
        14   1.088007e+02  2.103608e+02  3.549578e-01      2912   1
        15   1.078762e+02  2.133752e+02  3.804479e-01      3120   1
        16   2.130552e+02  2.149387e+02  4.093530e-01      3328   1
        17   1.175602e+02  2.158331e+02  4.360690e-01      3536   1
        18   7.807447e+02  2.159722e+02  4.639659e-01      3744   1
        19   8.183315e+01  2.164031e+02  4.924269e-01      3952   1
        20   1.740904e+02  2.179907e+02  5.217710e-01      4160   1
        21   3.731142e+02  2.225925e+02  5.507660e-01      4368   1
        22   2.997062e+02  2.232996e+02  5.789330e-01      4576   1
        23   2.666000e+02  2.245564e+02  6.087019e-01      4784   1
        24   7.140000e+01  2.253916e+02  6.365018e-01      4992   1
        25   2.082015e+02  2.299969e+02  6.651690e-01      5200   1
        26   2.049839e+02  2.333744e+02  6.962779e-01      5408   1
        27   1.871152e+02  2.344463e+02  7.259278e-01      5616   1
        28   9.362785e+01  2.355886e+02  7.527268e-01      5824   1
        29   8.359920e+01  2.361325e+02  7.842050e-01      6032   1
        30   1.452400e+02  2.385079e+02  8.135049e-01      6240   1
        31   7.452447e+01  2.388104e+02  8.422210e-01      6448   1
        32   1.452400e+02  2.397878e+02  8.679390e-01      6656   1
        33   1.512673e+02  2.402358e+02  9.005518e-01      6864   1
        34   1.575909e+02  2.405694e+02  1.017777e+00      7072   1
        35   5.909443e+02  2.420953e+02  1.048330e+00      7280   1
        36   2.942491e+02  2.422476e+02  1.078657e+00      7488   1
        37   3.336718e+02  2.436998e+02  1.110136e+00      7696   1
        38   2.308000e+02  2.442497e+02  1.142072e+00      7904   1
        39   7.140000e+01  2.443372e+02  1.172049e+00      8112   1
        40   1.740668e+02  2.450277e+02  1.202705e+00      8320   1
        41   1.828168e+02  2.460392e+02  1.231442e+00      8528   1
        42   2.553056e+02  2.460921e+02  1.264013e+00      8736   1
        43   5.329068e+02  2.462242e+02  1.294797e+00      8944   1
        44   3.553100e+02  2.465505e+02  1.326973e+00      9152   1
        45   7.140000e+01  2.468455e+02  1.359157e+00      9360   1
        46   1.040639e+02  2.475495e+02  1.388423e+00      9568   1
        47   2.490000e+02  2.475912e+02  1.422949e+00      9776   1
        48   6.291142e+02  2.482664e+02  1.456250e+00      9984   1
        49   6.224502e+02  2.501962e+02  1.487644e+00     10192   1
        50   3.571693e+02  2.502463e+02  1.520244e+00     10400   1
        51   1.452400e+02  2.512494e+02  1.553804e+00     10608   1
        52   1.452400e+02  2.515327e+02  1.583812e+00     10816   1
        53   1.263601e+02  2.517644e+02  1.614852e+00     11024   1
        54   7.895988e+02  2.517838e+02  1.648365e+00     11232   1
        55   1.042035e+02  2.518539e+02  1.681489e+00     11440   1
        56   8.287093e+01  2.535982e+02  1.712646e+00     11648   1
        57   1.426585e+02  2.538690e+02  1.743956e+00     11856   1
        58   5.577674e+02  2.539411e+02  1.779732e+00     12064   1
        59   7.140000e+01  2.540169e+02  1.816294e+00     12272   1
        60   7.140000e+01  2.544432e+02  1.850873e+00     12480   1
        61   7.143623e+02  2.553169e+02  1.886893e+00     12688   1
        62   5.926746e+02  2.556312e+02  1.920759e+00     12896   1
        63   7.140000e+01  2.563076e+02  1.955737e+00     13104   1
        64   1.441811e+02  2.566718e+02  1.988995e+00     13312   1
        65   4.956024e+02  2.585827e+02  2.024341e+00     13520   1
        66   1.855389e+02  2.589076e+02  2.059099e+00     13728   1
        67   1.710795e+02  2.592060e+02  2.092988e+00     13936   1
        68   1.415502e+02  2.599567e+02  2.128967e+00     14144   1
        69   4.198035e+02  2.605677e+02  2.163696e+00     14352   1
        70   4.967006e+02  2.613672e+02  2.198175e+00     14560   1
        71   7.358913e+01  2.613882e+02  2.232248e+00     14768   1
        72   7.140000e+01  2.621117e+02  2.267777e+00     14976   1
        73   1.938583e+02  2.627399e+02  2.301895e+00     15184   1
        74   5.290024e+02  2.629252e+02  2.337508e+00     15392   1
        75   1.655234e+02  2.630845e+02  2.370727e+00     15600   1
        76   7.140000e+01  2.633625e+02  2.404829e+00     15808   1
        77   2.037701e+02  2.636124e+02  2.440103e+00     16016   1
        78   2.799563e+02  2.637508e+02  2.477397e+00     16224   1
        79   1.603215e+02  2.644634e+02  2.512992e+00     16432   1
        80   5.615328e+02  2.644834e+02  2.551134e+00     16640   1
        81   8.719491e+01  2.646157e+02  2.586625e+00     16848   1
        82   3.087473e+02  2.648491e+02  2.625015e+00     17056   1
        83   5.501916e+02  2.648630e+02  2.661000e+00     17264   1
        84   9.231260e+01  2.648859e+02  2.696008e+00     17472   1
        85   1.628692e+02  2.649591e+02  2.734502e+00     17680   1
        86   4.652496e+02  2.656204e+02  2.771452e+00     17888   1
        87   2.511637e+02  2.662152e+02  2.808347e+00     18096   1
        88   9.951365e+01  2.664102e+02  2.846681e+00     18304   1
        89   5.858312e+02  2.665455e+02  2.884382e+00     18512   1
        90   4.693284e+02  2.667203e+02  2.923352e+00     18720   1
        91   2.234210e+02  2.669365e+02  2.961257e+00     18928   1
        92   1.452400e+02  2.669488e+02  3.000004e+00     19136   1
        93   3.388924e+02  2.671328e+02  3.038063e+00     19344   1
        94   4.773854e+02  2.674159e+02  3.075488e+00     19552   1
        95   1.087090e+02  2.674794e+02  3.114219e+00     19760   1
        96   2.563912e+02  2.676701e+02  3.154274e+00     19968   1
        97   3.013100e+02  2.677354e+02  3.194414e+00     20176   1
        98   6.467908e+01  2.678844e+02  3.230622e+00     20384   1
        99   4.276032e+02  2.679848e+02  3.271161e+00     20592   1
       100   4.991453e+02  2.681862e+02  3.309618e+00     20800   1
-------------------------------------------------------------------
status         : iteration_limit
total time (s) : 3.309618e+00
total solves   : 20800
best bound     :  2.681862e+02
simulation ci  :  2.802540e+02 ± 4.281852e+01
numeric issues : 0
-------------------------------------------------------------------

-------------------------------------------------------------------
         SDDP.jl (c) Oscar Dowson and contributors, 2017-23
-------------------------------------------------------------------
problem
  nodes           : 3
  state variables : 1
  scenarios       : 2.70000e+01
  existing cuts   : false
options
  solver          : serial mode
  risk measure    : SDDP.Expectation()
  sampling scheme : SDDP.InSampleMonteCarlo
subproblem structure
  VariableRef                             : [7, 7]
  AffExpr in MOI.EqualTo{Float64}         : [2, 2]
  VariableRef in MOI.GreaterThan{Float64} : [5, 5]
  VariableRef in MOI.LessThan{Float64}    : [1, 2]
numerical stability report
  matrix range     [1e+00, 1e+00]
  objective range  [1e+00, 2e+02]
  bounds range     [2e+02, 2e+02]
  rhs range        [2e+02, 2e+02]
-------------------------------------------------------------------
 iteration    simulation      bound        time (s)     solves  pid
-------------------------------------------------------------------
         1   2.750000e+04  2.500000e+03  3.136873e-03        12   1
         2   1.250000e+04  7.500000e+03  4.351854e-03        24   1
         3   1.375000e+04  7.916667e+03  5.775928e-03        36   1
         4   1.375000e+04  8.333333e+03  7.249832e-03        48   1
         5   1.000000e+04  8.333333e+03  8.932829e-03        60   1
         6   5.000000e+03  8.333333e+03  1.017880e-02        72   1
         7   2.000000e+04  8.333333e+03  1.189590e-02        84   1
         8   1.000000e+04  8.333333e+03  1.353598e-02        96   1
         9   7.500000e+03  8.333333e+03  1.523089e-02       108   1
        10   7.500000e+03  8.333333e+03  1.673079e-02       120   1
-------------------------------------------------------------------
status         : iteration_limit
total time (s) : 1.673079e-02
total solves   : 120
best bound     :  8.333333e+03
simulation ci  :  1.275000e+04 ± 4.144935e+03
numeric issues : 0
-------------------------------------------------------------------

-------------------------------------------------------------------
         SDDP.jl (c) Oscar Dowson and contributors, 2017-23
-------------------------------------------------------------------
problem
  nodes           : 5
  state variables : 1
  scenarios       : 1.08000e+02
  existing cuts   : false
options
  solver          : serial mode
  risk measure    : SDDP.Expectation()
  sampling scheme : SDDP.InSampleMonteCarlo
subproblem structure
  VariableRef                             : [7, 7]
  AffExpr in MOI.EqualTo{Float64}         : [2, 2]
  VariableRef in MOI.GreaterThan{Float64} : [5, 5]
  VariableRef in MOI.LessThan{Float64}    : [1, 2]
numerical stability report
  matrix range     [1e+00, 1e+00]
  objective range  [1e+00, 2e+02]
  bounds range     [2e+02, 2e+02]
  rhs range        [2e+02, 2e+02]
-------------------------------------------------------------------
 iteration    simulation      bound        time (s)     solves  pid
-------------------------------------------------------------------
         1   5.625000e+04  1.991887e+03  4.914999e-03        18   1
         2   2.649071e+04  7.701344e+03  3.479695e-02       336   1
         3   5.000000e+03  7.975336e+03  3.662896e-02       354   1
         4   1.875000e+03  7.975336e+03  3.895402e-02       372   1
         5   1.250000e+04  8.072917e+03  4.144502e-02       390   1
         6   1.875000e+03  8.072917e+03  4.390311e-02       408   1
         7   1.875000e+03  8.072917e+03  4.622316e-02       426   1
         8   5.000000e+03  8.072917e+03  4.860401e-02       444   1
         9   1.125000e+04  8.072917e+03  5.128813e-02       462   1
        10   1.875000e+03  8.072917e+03  5.379701e-02       480   1
        11   5.000000e+03  8.072917e+03  5.618811e-02       498   1
        12   1.875000e+03  8.072917e+03  5.862117e-02       516   1
        13   1.125000e+04  8.072917e+03  6.138515e-02       534   1
        14   1.875000e+03  8.072917e+03  6.421804e-02       552   1
        15   5.000000e+03  8.072917e+03  6.675911e-02       570   1
        16   1.875000e+03  8.072917e+03  6.955194e-02       588   1
        17   1.875000e+03  8.072917e+03  7.227302e-02       606   1
        18   1.875000e+03  8.072917e+03  7.513905e-02       624   1
        19   5.000000e+03  8.072917e+03  7.790112e-02       642   1
        20   2.437500e+04  8.072917e+03  8.078408e-02       660   1
        21   1.875000e+03  8.072917e+03  1.093080e-01       978   1
        22   2.437500e+04  8.072917e+03  1.122260e-01       996   1
        23   1.875000e+03  8.072917e+03  1.151731e-01      1014   1
        24   2.437500e+04  8.072917e+03  1.180780e-01      1032   1
        25   1.875000e+03  8.072917e+03  1.209590e-01      1050   1
        26   5.000000e+03  8.072917e+03  1.239841e-01      1068   1
        27   1.125000e+04  8.072917e+03  1.267171e-01      1086   1
        28   1.875000e+03  8.072917e+03  1.294360e-01      1104   1
        29   1.875000e+04  8.072917e+03  1.324711e-01      1122   1
        30   9.375000e+03  8.072917e+03  1.353581e-01      1140   1
        31   2.750000e+04  8.072917e+03  1.382291e-01      1158   1
        32   1.875000e+03  8.072917e+03  1.412621e-01      1176   1
        33   1.875000e+03  8.072917e+03  1.440840e-01      1194   1
        34   1.875000e+04  8.072917e+03  1.472192e-01      1212   1
        35   1.875000e+03  8.072917e+03  1.502512e-01      1230   1
        36   9.375000e+03  8.072917e+03  1.534500e-01      1248   1
        37   2.437500e+04  8.072917e+03  1.565120e-01      1266   1
        38   1.875000e+03  8.072917e+03  1.596191e-01      1284   1
        39   1.875000e+03  8.072917e+03  1.625412e-01      1302   1
        40   2.250000e+04  8.072917e+03  1.657162e-01      1320   1
-------------------------------------------------------------------
status         : simulation_stopping
total time (s) : 1.657162e-01
total solves   : 1320
best bound     :  8.072917e+03
simulation ci  :  9.912268e+03 ± 3.579447e+03
numeric issues : 0
-------------------------------------------------------------------

-------------------------------------------------------------------
         SDDP.jl (c) Oscar Dowson and contributors, 2017-23
-------------------------------------------------------------------
problem
  nodes           : 3
  state variables : 1
  scenarios       : 1.00000e+00
  existing cuts   : false
options
  solver          : serial mode
  risk measure    : SDDP.Expectation()
  sampling scheme : SDDP.InSampleMonteCarlo
subproblem structure
  VariableRef                             : [4, 4]
  AffExpr in MOI.EqualTo{Float64}         : [1, 1]
  AffExpr in MOI.LessThan{Float64}        : [1, 1]
  VariableRef in MOI.EqualTo{Float64}     : [1, 1]
  VariableRef in MOI.GreaterThan{Float64} : [2, 3]
  VariableRef in MOI.LessThan{Float64}    : [1, 1]
numerical stability report
  matrix range     [1e+00, 1e+00]
  objective range  [0e+00, 0e+00]
  bounds range     [0e+00, 0e+00]
  rhs range        [0e+00, 0e+00]
-------------------------------------------------------------------
 iteration    simulation      bound        time (s)     solves  pid
-------------------------------------------------------------------
         1   2.499895e+01  1.562631e+00  2.806187e-02         6   1
        28   8.333333e+00  8.333333e+00  1.022137e+00       174   1
-------------------------------------------------------------------
status         : simulation_stopping
total time (s) : 1.489646e+00
total solves   : 246
best bound     :  8.333333e+00
simulation ci  :  8.810723e+00 ± 8.167195e-01
numeric issues : 0
-------------------------------------------------------------------

-------------------------------------------------------------------
         SDDP.jl (c) Oscar Dowson and contributors, 2017-23
-------------------------------------------------------------------
problem
  nodes           : 1
  state variables : 12
  scenarios       : Inf
  existing cuts   : false
options
  solver          : serial mode
  risk measure    : SDDP.Expectation()
  sampling scheme : SDDP.InSampleMonteCarlo
subproblem structure
  VariableRef                          : [25, 25]
  AffExpr in MOI.EqualTo{Float64}      : [1, 1]
  AffExpr in MOI.LessThan{Float64}     : [13, 13]
  VariableRef in MOI.LessThan{Float64} : [1, 1]
  VariableRef in MOI.ZeroOne           : [12, 12]
numerical stability report
  matrix range     [1e+00, 1e+00]
  objective range  [1e+00, 1e+00]
  bounds range     [1e+01, 1e+01]
  rhs range        [1e+00, 1e+00]
-------------------------------------------------------------------
 iteration    simulation      bound        time (s)     solves  pid
-------------------------------------------------------------------
         1   0.000000e+00  9.958140e+00  9.088993e-03        25   1
        21   0.000000e+00  6.561000e+00  1.039534e+00      2191   1
-------------------------------------------------------------------
status         : simulation_stopping
total time (s) : 1.676739e+00
total solves   : 3820
best bound     :  6.561000e+00
simulation ci  :  5.783333e+00 ± 2.174240e+00
numeric issues : 0
-------------------------------------------------------------------

-------------------------------------------------------------------
         SDDP.jl (c) Oscar Dowson and contributors, 2017-23
-------------------------------------------------------------------
problem
  nodes           : 3
  state variables : 1
  scenarios       : 1.72800e+03
  existing cuts   : false
options
  solver          : serial mode
  risk measure    : SDDP.Expectation()
  sampling scheme : SDDP.InSampleMonteCarlo
subproblem structure
  VariableRef                             : [8, 8]
  AffExpr in MOI.EqualTo{Float64}         : [2, 4]
  AffExpr in MOI.GreaterThan{Float64}     : [2, 2]
  VariableRef in MOI.GreaterThan{Float64} : [6, 6]
  VariableRef in MOI.LessThan{Float64}    : [2, 3]
-------------------------------------------------------------------
 iteration    simulation      bound        time (s)     solves  pid
-------------------------------------------------------------------
         1   1.100000e+04  4.703947e+03  2.540994e-02        39   1
        11   1.172396e-13  5.090589e+03  1.008329e-01       729   1
        27   5.328125e+03  5.090589e+03  2.021580e-01      1653   1
        42   4.950000e+03  5.090589e+03  3.023930e-01      2538   1
        61   3.281250e+03  5.092593e+03  4.222550e-01      3579   1
        81   9.843750e+03  5.092593e+03  5.404770e-01      4659   1
        96   6.328125e+03  5.092593e+03  6.025829e-01      5244   1
-------------------------------------------------------------------
status         : simulation_stopping
total time (s) : 6.196699e-01
total solves   : 5400
best bound     :  5.092593e+03
simulation ci  :  4.991302e+03 ± 7.385041e+02
numeric issues : 0
-------------------------------------------------------------------

-------------------------------------------------------------------
         SDDP.jl (c) Oscar Dowson and contributors, 2017-23
-------------------------------------------------------------------
problem
  nodes           : 3
  state variables : 1
  scenarios       : 1.72800e+03
  existing cuts   : false
options
  solver          : serial mode
  risk measure    : SDDP.Expectation()
  sampling scheme : SDDP.InSampleMonteCarlo
subproblem structure
  VariableRef                             : [9, 9]
  AffExpr in MOI.EqualTo{Float64}         : [2, 10]
  AffExpr in MOI.GreaterThan{Float64}     : [4, 4]
  VariableRef in MOI.GreaterThan{Float64} : [7, 7]
  VariableRef in MOI.LessThan{Float64}    : [3, 4]
-------------------------------------------------------------------
 iteration    simulation      bound        time (s)     solves  pid
-------------------------------------------------------------------
         1   8.000000e+03  2.888258e+03  3.240013e-02        39   1
        70   7.125000e+03  5.135984e+03  5.100012e-01      3930   1
       159   2.312500e+03  5.135984e+03  1.003446e+00      7701   1
       242   9.318768e-11  5.135984e+03  1.505095e+00     11238   1
       317   3.750000e+03  5.135984e+03  2.003230e+00     14463   1
       390   8.125000e+02  5.135984e+03  2.506898e+00     17610   1
       453   2.812500e+03  5.135984e+03  3.000962e+00     20067   1
       521   6.125000e+03  5.135984e+03  3.500540e+00     23019   1
       590   2.125000e+03  5.135984e+03  4.045787e+00     26010   1
       653   1.500000e+03  5.135984e+03  4.507030e+00     28467   1
-------------------------------------------------------------------
status         : simulation_stopping
total time (s) : 4.774382e+00
total solves   : 29871
best bound     :  5.135984e+03
simulation ci  :  4.994961e+03 ± 2.940078e+02
numeric issues : 0
-------------------------------------------------------------------

-------------------------------------------------------------------
         SDDP.jl (c) Oscar Dowson and contributors, 2017-23
-------------------------------------------------------------------
problem
  nodes           : 3
  state variables : 1
  scenarios       : 2.70000e+01
  existing cuts   : false
options
  solver          : serial mode
  risk measure    : SDDP.Expectation()
  sampling scheme : SDDP.InSampleMonteCarlo
subproblem structure
  VariableRef                             : [7, 7]
  AffExpr in MOI.EqualTo{Float64}         : [2, 2]
  VariableRef in MOI.GreaterThan{Float64} : [5, 5]
  VariableRef in MOI.LessThan{Float64}    : [1, 2]
numerical stability report
  matrix range     [1e+00, 1e+00]
  objective range  [1e+00, 2e+02]
  bounds range     [2e+02, 2e+02]
  rhs range        [2e+02, 2e+02]
-------------------------------------------------------------------
 iteration    simulation      bound        time (s)     solves  pid
-------------------------------------------------------------------
         1   5.625000e+04  3.958333e+03  3.371954e-03        12   1
         2   5.432692e+03  1.032738e+04  1.181006e-02       105   1
         3   5.000000e+03  1.062500e+04  1.326513e-02       117   1
         4   2.437500e+04  1.062500e+04  1.508307e-02       129   1
         5   5.000000e+03  1.062500e+04  1.677203e-02       141   1
         6   1.875000e+03  1.062500e+04  1.824903e-02       153   1
         7   1.625000e+04  1.062500e+04  2.001691e-02       165   1
         8   1.875000e+03  1.062500e+04  2.160192e-02       177   1
         9   1.875000e+03  1.062500e+04  2.328706e-02       189   1
        10   2.250000e+04  1.062500e+04  2.509809e-02       201   1
        11   3.375000e+04  1.062500e+04  2.697802e-02       213   1
        12   1.875000e+04  1.062500e+04  2.875805e-02       225   1
        13   1.125000e+04  1.062500e+04  3.073692e-02       237   1
        14   1.125000e+04  1.062500e+04  3.259110e-02       249   1
        15   5.000000e+03  1.062500e+04  3.449106e-02       261   1
        16   1.875000e+03  1.062500e+04  3.618002e-02       273   1
        17   2.437500e+04  1.062500e+04  3.816390e-02       285   1
        18   1.312500e+04  1.062500e+04  3.997707e-02       297   1
        19   1.875000e+04  1.062500e+04  4.194999e-02       309   1
        20   1.312500e+04  1.062500e+04  4.386210e-02       321   1
        21   5.000000e+03  1.062500e+04  5.352592e-02       414   1
        22   1.125000e+04  1.062500e+04  5.553412e-02       426   1
        23   1.312500e+04  1.062500e+04  5.752897e-02       438   1
        24   1.125000e+04  1.062500e+04  5.957699e-02       450   1
        25   2.250000e+04  1.062500e+04  6.159592e-02       462   1
        26   1.875000e+03  1.062500e+04  6.369996e-02       474   1
        27   1.875000e+03  1.062500e+04  6.574607e-02       486   1
        28   1.125000e+04  1.062500e+04  6.772709e-02       498   1
        29   2.750000e+04  1.062500e+04  6.986904e-02       510   1
        30   5.000000e+03  1.062500e+04  7.199192e-02       522   1
        31   3.375000e+04  1.062500e+04  7.412910e-02       534   1
        32   5.000000e+03  1.062500e+04  7.615805e-02       546   1
        33   1.625000e+04  1.062500e+04  7.830691e-02       558   1
        34   9.375000e+03  1.062500e+04  8.053708e-02       570   1
        35   1.625000e+04  1.062500e+04  8.263707e-02       582   1
        36   1.875000e+03  1.062500e+04  8.454204e-02       594   1
        37   1.875000e+03  1.062500e+04  8.648205e-02       606   1
        38   1.125000e+04  1.062500e+04  8.866596e-02       618   1
        39   1.875000e+03  1.062500e+04  9.090304e-02       630   1
        40   5.000000e+03  1.062500e+04  9.284997e-02       642   1
-------------------------------------------------------------------
status         : simulation_stopping
total time (s) : 9.284997e-02
total solves   : 642
best bound     :  1.062500e+04
simulation ci  :  1.262019e+04 ± 3.552200e+03
numeric issues : 0
-------------------------------------------------------------------

-------------------------------------------------------------------
         SDDP.jl (c) Oscar Dowson and contributors, 2017-23
-------------------------------------------------------------------
problem
  nodes           : 5
  state variables : 1
  scenarios       : 1.08000e+02
  existing cuts   : false
options
  solver          : serial mode
  risk measure    : SDDP.Expectation()
  sampling scheme : SDDP.InSampleMonteCarlo
subproblem structure
  VariableRef                             : [7, 7]
  AffExpr in MOI.EqualTo{Float64}         : [2, 2]
  VariableRef in MOI.GreaterThan{Float64} : [5, 5]
  VariableRef in MOI.LessThan{Float64}    : [1, 2]
-------------------------------------------------------------------
 iteration    simulation      bound        time (s)     solves  pid
-------------------------------------------------------------------
         1   1.562500e+04  1.991887e+03  1.564288e-02        18   1
         2   2.144202e+04  7.701344e+03  1.776695e-02        36   1
         3   1.125000e+04  7.975336e+03  1.958394e-02        54   1
         4   9.375000e+03  8.072917e+03  2.204800e-02        72   1
         5   1.125000e+04  8.072917e+03  2.442884e-02        90   1
         6   2.437500e+04  8.072917e+03  2.710891e-02       108   1
         7   1.125000e+04  8.072917e+03  2.932191e-02       126   1
         8   1.625000e+04  8.072917e+03  3.198504e-02       144   1
         9   1.875000e+03  8.072917e+03  3.441501e-02       162   1
        10   1.125000e+04  8.072917e+03  3.722692e-02       180   1
        11   1.875000e+03  8.072917e+03  3.965592e-02       198   1
        12   2.437500e+04  8.072917e+03  4.237390e-02       216   1
        13   1.125000e+04  8.072917e+03  4.498601e-02       234   1
        14   3.375000e+04  8.072917e+03  4.777789e-02       252   1
        15   1.875000e+03  8.072917e+03  5.040693e-02       270   1
        16   9.375000e+03  8.072917e+03  5.316782e-02       288   1
        17   1.875000e+03  8.072917e+03  5.595303e-02       306   1
        18   5.000000e+03  8.072917e+03  5.878401e-02       324   1
        19   1.250000e+04  8.072917e+03  6.150985e-02       342   1
        20   1.250000e+04  8.072917e+03  6.426287e-02       360   1
-------------------------------------------------------------------
status         : iteration_limit
total time (s) : 6.426287e-02
total solves   : 360
best bound     :  8.072917e+03
simulation ci  :  1.241585e+04 ± 3.724809e+03
numeric issues : 0
-------------------------------------------------------------------

-------------------------------------------------------------------
         SDDP.jl (c) Oscar Dowson and contributors, 2017-23
-------------------------------------------------------------------
problem
  nodes           : 3
  state variables : 1
  scenarios       : 1.00000e+00
  existing cuts   : false
options
  solver          : serial mode
  risk measure    : SDDP.Expectation()
  sampling scheme : SDDP.InSampleMonteCarlo
subproblem structure
  VariableRef                             : [5, 5]
  AffExpr in MOI.EqualTo{Float64}         : [2, 2]
  VariableRef in MOI.GreaterThan{Float64} : [4, 4]
  VariableRef in MOI.LessThan{Float64}    : [1, 1]
-------------------------------------------------------------------
 iteration    simulation      bound        time (s)     solves  pid
-------------------------------------------------------------------
         1   6.500000e+00  3.000000e+00  2.938986e-03         6   1
         2   3.500000e+00  3.500000e+00  4.060030e-03        12   1
         3   3.500000e+00  3.500000e+00  5.120993e-03        18   1
         4   3.500000e+00  3.500000e+00  6.143093e-03        24   1
         5   3.500000e+00  3.500000e+00  7.205009e-03        30   1
-------------------------------------------------------------------
status         : iteration_limit
total time (s) : 7.205009e-03
total solves   : 30
best bound     :  3.500000e+00
simulation ci  :  4.100000e+00 ± 1.176000e+00
numeric issues : 0
-------------------------------------------------------------------

-------------------------------------------------------------------
         SDDP.jl (c) Oscar Dowson and contributors, 2017-23
-------------------------------------------------------------------
problem
  nodes           : 3
  state variables : 1
  scenarios       : 1.00000e+00
  existing cuts   : false
options
  solver          : serial mode
  risk measure    : SDDP.Expectation()
  sampling scheme : SDDP.InSampleMonteCarlo
subproblem structure
  VariableRef                             : [5, 5]
  AffExpr in MOI.EqualTo{Float64}         : [2, 2]
  VariableRef in MOI.GreaterThan{Float64} : [4, 4]
  VariableRef in MOI.LessThan{Float64}    : [1, 1]
-------------------------------------------------------------------
 iteration    simulation      bound        time (s)     solves  pid
-------------------------------------------------------------------
         1   6.500000e+00  1.100000e+01  2.851963e-03         6   1
         2   5.500000e+00  1.100000e+01  3.597021e-03        12   1
         3   5.500000e+00  1.100000e+01  4.508018e-03        18   1
         4   5.500000e+00  1.100000e+01  5.424023e-03        24   1
         5   5.500000e+00  1.100000e+01  6.346941e-03        30   1
-------------------------------------------------------------------
status         : iteration_limit
total time (s) : 6.346941e-03
total solves   : 30
best bound     :  1.100000e+01
simulation ci  :  5.700000e+00 ± 3.920000e-01
numeric issues : 0
-------------------------------------------------------------------

