-------------------------------------------------------------------
         SDDP.jl (c) Oscar Dowson and contributors, 2017-23
-------------------------------------------------------------------
problem
  nodes           : 3
  state variables : 1
  scenarios       : 1.33100e+03
  existing cuts   : true
options
  solver          : serial mode
  risk measure    : SDDP.Expectation()
  sampling scheme : SDDP.InSampleMonteCarlo
subproblem structure
  VariableRef                             : [9, 9]
  AffExpr in MOI.EqualTo{Float64}         : [2, 4]
  AffExpr in MOI.GreaterThan{Float64}     : [3, 14]
  VariableRef in MOI.EqualTo{Float64}     : [1, 1]
  VariableRef in MOI.GreaterThan{Float64} : [8, 8]
  VariableRef in MOI.LessThan{Float64}    : [5, 6]
-------------------------------------------------------------------
 iteration    simulation      bound        time (s)     solves  pid
-------------------------------------------------------------------
         1   4.850000e+02  3.349793e+02  3.985882e-03       778   1
        10   3.550000e+02  3.468286e+02  3.765488e-02      1102   1
-------------------------------------------------------------------
status         : iteration_limit
total time (s) : 3.765488e-02
total solves   : 1102
best bound     :  3.468286e+02
simulation ci  :  3.948309e+02 ± 7.954180e+01
numeric issues : 0
-------------------------------------------------------------------

