-------------------------------------------------------------------
         SDDP.jl (c) Oscar Dowson and contributors, 2017-23
-------------------------------------------------------------------
problem
  nodes           : 3
  state variables : 1
  scenarios       : 1.33100e+03
  existing cuts   : true
options
  solver          : serial mode
  risk measure    : SDDP.Expectation()
  sampling scheme : SDDP.InSampleMonteCarlo
subproblem structure
  VariableRef                             : [9, 9]
  AffExpr in MOI.EqualTo{Float64}         : [2, 4]
  AffExpr in MOI.GreaterThan{Float64}     : [3, 41]
  VariableRef in MOI.EqualTo{Float64}     : [1, 1]
  VariableRef in MOI.GreaterThan{Float64} : [8, 8]
  VariableRef in MOI.LessThan{Float64}    : [5, 6]
-------------------------------------------------------------------
 iteration    simulation      bound        time (s)     solves  pid
-------------------------------------------------------------------
         1   3.812500e+02  4.072952e+02  3.790140e-03      2633   1
        10   5.818750e+02  4.080500e+02  3.705001e-02      2957   1
-------------------------------------------------------------------
status         : iteration_limit
total time (s) : 3.705001e-02
total solves   : 2957
best bound     :  4.080500e+02
simulation ci  :  4.235323e+02 ± 1.029245e+02
numeric issues : 0
-------------------------------------------------------------------

