-------------------------------------------------------------------
         SDDP.jl (c) Oscar Dowson and contributors, 2017-23
-------------------------------------------------------------------
problem
  nodes           : 3
  state variables : 1
  scenarios       : 1.33100e+03
  existing cuts   : true
options
  solver          : serial mode
  risk measure    : SDDP.Expectation()
  sampling scheme : SDDP.InSampleMonteCarlo
subproblem structure
  VariableRef                             : [9, 9]
  AffExpr in MOI.EqualTo{Float64}         : [2, 4]
  AffExpr in MOI.GreaterThan{Float64}     : [3, 47]
  VariableRef in MOI.EqualTo{Float64}     : [1, 1]
  VariableRef in MOI.GreaterThan{Float64} : [8, 8]
  VariableRef in MOI.LessThan{Float64}    : [5, 6]
-------------------------------------------------------------------
 iteration    simulation      bound        time (s)     solves  pid
-------------------------------------------------------------------
         1   8.525000e+02  5.197742e+02  4.091024e-03      3004   1
        10   4.493750e+02  5.211793e+02  3.809404e-02      3328   1
-------------------------------------------------------------------
status         : iteration_limit
total time (s) : 3.809404e-02
total solves   : 3328
best bound     :  5.211793e+02
simulation ci  :  5.268125e+02 ± 1.227709e+02
numeric issues : 0
-------------------------------------------------------------------

