-------------------------------------------------------------------
         SDDP.jl (c) Oscar Dowson and contributors, 2017-24
-------------------------------------------------------------------
problem
  nodes           : 2
  state variables : 1
  scenarios       : 2.00000e+00
  existing cuts   : false
options
  solver          : serial mode
  risk measure    : SDDP.Expectation()
  sampling scheme : SDDP.InSampleMonteCarlo
subproblem structure
  VariableRef                             : [6, 6]
  AffExpr in MOI.GreaterThan{Float64}     : [1, 1]
  AffExpr in MOI.LessThan{Float64}        : [1, 1]
  VariableRef in MOI.EqualTo{Float64}     : [1, 1]
  VariableRef in MOI.GreaterThan{Float64} : [3, 4]
  VariableRef in MOI.LessThan{Float64}    : [2, 2]
numerical stability report
  matrix range     [1e+00, 1e+00]
  objective range  [1e+00, 5e+00]
  bounds range     [8e+00, 8e+00]
  rhs range        [6e+00, 6e+00]
-------------------------------------------------------------------
 iteration    simulation      bound        time (s)     solves  pid
-------------------------------------------------------------------
         1   0.000000e+00 -1.000000e+01  2.496004e-03         5   1
        20   0.000000e+00 -1.000000e+01  1.441097e-02       104   1
-------------------------------------------------------------------
status         : simulation_stopping
total time (s) : 1.441097e-02
total solves   : 104
best bound     : -1.000000e+01
simulation ci  : -9.000000e+00 ± 4.474009e+00
numeric issues : 0
-------------------------------------------------------------------

-------------------------------------------------------------------
         SDDP.jl (c) Oscar Dowson and contributors, 2017-24
-------------------------------------------------------------------
problem
  nodes           : 3
  state variables : 2
  scenarios       : 4.00000e+00
  existing cuts   : false
options
  solver          : serial mode
  risk measure    : SDDP.Expectation()
  sampling scheme : SDDP.InSampleMonteCarlo
subproblem structure
  VariableRef                             : [8, 8]
  AffExpr in MOI.LessThan{Float64}        : [3, 3]
  VariableRef in MOI.GreaterThan{Float64} : [5, 5]
  VariableRef in MOI.LessThan{Float64}    : [1, 1]
numerical stability report
  matrix range     [1e+00, 1e+00]
  objective range  [2e-01, 3e+00]
  bounds range     [5e+01, 5e+01]
  rhs range        [0e+00, 0e+00]
-------------------------------------------------------------------
 iteration    simulation      bound        time (s)     solves  pid
-------------------------------------------------------------------
         5  -2.396000e+01 -2.396000e+01  7.124186e-03        52   1
        10  -4.260000e+01 -2.396000e+01  1.078105e-02        92   1
        15  -4.260000e+01 -2.396000e+01  1.464200e-02       132   1
        20  -4.260000e+01 -2.396000e+01  1.871800e-02       172   1
        25  -2.396000e+01 -2.396000e+01  2.388906e-02       224   1
        30  -4.260000e+01 -2.396000e+01  2.853107e-02       264   1
        35  -2.396000e+01 -2.396000e+01  3.351617e-02       304   1
        40  -2.396000e+01 -2.396000e+01  3.883219e-02       344   1
-------------------------------------------------------------------
status         : simulation_stopping
total time (s) : 3.883219e-02
total solves   : 344
best bound     : -2.396000e+01
simulation ci  : -2.660914e+01 ± 3.908038e+00
numeric issues : 0
-------------------------------------------------------------------

────────────────────────────────────────────────────────────────────────────────
                                       Time                    Allocations      
                              ───────────────────────   ────────────────────────
      Tot / % measured:           89.3ms /  38.5%           33.0MiB /  21.1%    

Section               ncalls     time    %tot     avg     alloc    %tot      avg
────────────────────────────────────────────────────────────────────────────────
backward_pass             40   21.2ms   61.7%   530μs   5.99MiB   86.0%   153KiB
  solve_subproblem       160   12.0ms   34.8%  74.8μs    871KiB   12.2%  5.44KiB
    get_dual_solution    160    603μs    1.8%  3.77μs    190KiB    2.7%  1.19KiB
  prepare_backward...    160   25.8μs    0.1%   161ns     0.00B    0.0%    0.00B
forward_pass              40   7.96ms   23.2%   199μs    768KiB   10.8%  19.2KiB
  solve_subproblem       120   7.06ms   20.5%  58.8μs    588KiB    8.2%  4.90KiB
    get_dual_solution    120   72.6μs    0.2%   605ns   16.9KiB    0.2%     144B
  sample_scenario         40    137μs    0.4%  3.41μs   24.5KiB    0.3%     628B
calculate_bound           40   5.19ms   15.1%   130μs    224KiB    3.1%  5.59KiB
  get_dual_solution       40   36.3μs    0.1%   908ns   5.62KiB    0.1%     144B
get_dual_solution         36   20.0μs    0.1%   555ns   5.06KiB    0.1%     144B
────────────────────────────────────────────────────────────────────────────────

-------------------------------------------------------------------
         SDDP.jl (c) Oscar Dowson and contributors, 2017-24
-------------------------------------------------------------------
problem
  nodes           : 3
  state variables : 2
  scenarios       : 4.00000e+00
  existing cuts   : false
options
  solver          : serial mode
  risk measure    : SDDP.Expectation()
  sampling scheme : SDDP.InSampleMonteCarlo
subproblem structure
  VariableRef                             : [8, 8]
  AffExpr in MOI.LessThan{Float64}        : [3, 3]
  VariableRef in MOI.GreaterThan{Float64} : [5, 5]
  VariableRef in MOI.LessThan{Float64}    : [1, 1]
numerical stability report
  matrix range     [1e+00, 1e+00]
  objective range  [2e-01, 3e+00]
  bounds range     [5e+01, 5e+01]
  rhs range        [0e+00, 0e+00]
-------------------------------------------------------------------
 iteration    simulation      bound        time (s)     solves  pid
-------------------------------------------------------------------
         5  -5.320000e+00 -2.396000e+01  7.328987e-03        52   1
        10  -5.320000e+00 -2.396000e+01  1.134205e-02        92   1
        15  -2.396000e+01 -2.396000e+01  1.581502e-02       132   1
        20  -5.320000e+00 -2.396000e+01  2.074194e-02       172   1
        25  -4.260000e+01 -2.396000e+01  2.707791e-02       224   1
        30  -2.396000e+01 -2.396000e+01  3.305602e-02       264   1
        35  -2.396000e+01 -2.396000e+01  3.965497e-02       304   1
        40  -2.396000e+01 -2.396000e+01  4.686713e-02       344   1
-------------------------------------------------------------------
status         : simulation_stopping
total time (s) : 4.686713e-02
total solves   : 344
best bound     : -2.396000e+01
simulation ci  : -1.957570e+01 ± 3.890802e+00
numeric issues : 0
-------------------------------------------------------------------

────────────────────────────────────────────────────────────────────────────────
                                       Time                    Allocations      
                              ───────────────────────   ────────────────────────
      Tot / % measured:           51.3ms /  82.9%           39.2MiB /  33.5%    

Section               ncalls     time    %tot     avg     alloc    %tot      avg
────────────────────────────────────────────────────────────────────────────────
backward_pass             40   28.7ms   67.5%   717μs   12.2MiB   92.6%   311KiB
  solve_subproblem       160   12.3ms   28.9%  76.7μs    872KiB    6.5%  5.45KiB
    get_dual_solution    160    580μs    1.4%  3.63μs    190KiB    1.4%  1.19KiB
  prepare_backward...    160   26.4μs    0.1%   165ns     0.00B    0.0%    0.00B
forward_pass              40   8.14ms   19.1%   203μs    768KiB    5.7%  19.2KiB
  solve_subproblem       120   7.21ms   17.0%  60.1μs    588KiB    4.4%  4.90KiB
    get_dual_solution    120   62.0μs    0.1%   517ns   16.9KiB    0.1%     144B
  sample_scenario         40    155μs    0.4%  3.87μs   24.2KiB    0.2%     620B
calculate_bound           40   5.68ms   13.4%   142μs    226KiB    1.7%  5.64KiB
  get_dual_solution       40   36.1μs    0.1%   902ns   5.62KiB    0.0%     144B
get_dual_solution         36   17.4μs    0.0%   483ns   5.06KiB    0.0%     144B
────────────────────────────────────────────────────────────────────────────────

-------------------------------------------------------------------
         SDDP.jl (c) Oscar Dowson and contributors, 2017-24
-------------------------------------------------------------------
problem
  nodes           : 2
  state variables : 1
  scenarios       : 2.00000e+00
  existing cuts   : false
options
  solver          : serial mode
  risk measure    : SDDP.Expectation()
  sampling scheme : SDDP.InSampleMonteCarlo
subproblem structure
  VariableRef                             : [3, 4]
  AffExpr in MOI.LessThan{Float64}        : [1, 1]
  VariableRef in MOI.GreaterThan{Float64} : [2, 3]
  VariableRef in MOI.LessThan{Float64}    : [2, 2]
numerical stability report
  matrix range     [1e+00, 1e+00]
  objective range  [1e+00, 2e+00]
  bounds range     [2e+00, 5e+00]
  rhs range        [0e+00, 0e+00]
-------------------------------------------------------------------
 iteration    simulation      bound        time (s)     solves  pid
-------------------------------------------------------------------
         1   0.000000e+00 -2.500000e+00  2.224207e-03         5   1
         2  -1.500000e+00 -2.000000e+00  3.190041e-03        14   1
         3  -1.000000e+00 -2.000000e+00  3.660202e-03        19   1
         4  -1.000000e+00 -2.000000e+00  4.245996e-03        24   1
         5  -2.000000e+00 -2.000000e+00  4.856110e-03        29   1
         6  -2.000000e+00 -2.000000e+00  5.428076e-03        34   1
         7  -2.000000e+00 -2.000000e+00  5.999088e-03        39   1
         8  -2.000000e+00 -2.000000e+00  6.551027e-03        44   1
         9  -2.000000e+00 -2.000000e+00  7.116079e-03        49   1
        10  -2.000000e+00 -2.000000e+00  7.678986e-03        54   1
        11  -2.000000e+00 -2.000000e+00  8.273125e-03        59   1
        12  -2.000000e+00 -2.000000e+00  8.848190e-03        64   1
        13  -2.000000e+00 -2.000000e+00  9.424210e-03        69   1
        14  -2.000000e+00 -2.000000e+00  1.000309e-02        74   1
        15  -2.000000e+00 -2.000000e+00  1.058912e-02        79   1
        16  -2.000000e+00 -2.000000e+00  1.117802e-02        84   1
        17  -2.000000e+00 -2.000000e+00  1.179600e-02        89   1
        18  -2.000000e+00 -2.000000e+00  1.239800e-02        94   1
        19  -2.000000e+00 -2.000000e+00  1.300406e-02        99   1
        20  -2.000000e+00 -2.000000e+00  1.360703e-02       104   1
        21  -2.000000e+00 -2.000000e+00  1.453805e-02       113   1
        22  -2.000000e+00 -2.000000e+00  1.519418e-02       118   1
        23  -2.000000e+00 -2.000000e+00  1.584411e-02       123   1
        24  -2.000000e+00 -2.000000e+00  1.647902e-02       128   1
        25  -2.000000e+00 -2.000000e+00  1.710606e-02       133   1
        26  -2.000000e+00 -2.000000e+00  1.773715e-02       138   1
        27  -2.000000e+00 -2.000000e+00  1.837707e-02       143   1
        28  -2.000000e+00 -2.000000e+00  1.903605e-02       148   1
        29  -2.000000e+00 -2.000000e+00  1.969099e-02       153   1
        30  -2.000000e+00 -2.000000e+00  2.038717e-02       158   1
        31  -2.000000e+00 -2.000000e+00  2.104115e-02       163   1
        32  -2.000000e+00 -2.000000e+00  2.171898e-02       168   1
        33  -2.000000e+00 -2.000000e+00  2.238917e-02       173   1
        34  -2.000000e+00 -2.000000e+00  2.307200e-02       178   1
        35  -2.000000e+00 -2.000000e+00  2.377105e-02       183   1
        36  -2.000000e+00 -2.000000e+00  2.446103e-02       188   1
        37  -2.000000e+00 -2.000000e+00  2.515411e-02       193   1
        38  -2.000000e+00 -2.000000e+00  2.584100e-02       198   1
        39  -2.000000e+00 -2.000000e+00  2.653408e-02       203   1
        40  -2.000000e+00 -2.000000e+00  2.723718e-02       208   1
-------------------------------------------------------------------
status         : simulation_stopping
total time (s) : 2.723718e-02
total solves   : 208
best bound     : -2.000000e+00
simulation ci  : -1.887500e+00 ± 1.189300e-01
numeric issues : 0
-------------------------------------------------------------------

-------------------------------------------------------------------
         SDDP.jl (c) Oscar Dowson and contributors, 2017-24
-------------------------------------------------------------------
problem
  nodes           : 3
  state variables : 1
  scenarios       : Inf
  existing cuts   : false
options
  solver          : serial mode
  risk measure    : SDDP.Expectation()
  sampling scheme : SDDP.InSampleMonteCarlo
subproblem structure
  VariableRef                             : [6, 6]
  AffExpr in MOI.EqualTo{Float64}         : [2, 2]
  VariableRef in MOI.GreaterThan{Float64} : [5, 5]
  VariableRef in MOI.LessThan{Float64}    : [1, 1]
numerical stability report
  matrix range     [1e+00, 1e+00]
  objective range  [1e+00, 3e+00]
  bounds range     [5e+00, 2e+01]
  rhs range        [2e+00, 1e+01]
-------------------------------------------------------------------
 iteration    simulation      bound        time (s)     solves  pid
-------------------------------------------------------------------
         1   2.390000e+02  6.304440e+01  1.030769e-01       183   1
        33   9.486954e+02  2.352911e+02  1.233220e+00      8715   1
        58   3.590389e+02  2.362865e+02  2.268257e+00     15078   1
        74   9.520993e+02  2.364084e+02  3.425349e+00     21198   1
        97   4.635087e+02  2.364284e+02  4.435602e+00     26115   1
       100   1.135002e+02  2.364293e+02  4.546116e+00     26640   1
-------------------------------------------------------------------
status         : iteration_limit
total time (s) : 4.546116e+00
total solves   : 26640
best bound     :  2.364293e+02
simulation ci  :  2.593398e+02 ± 5.186931e+01
numeric issues : 0
-------------------------------------------------------------------

-------------------------------------------------------------------
         SDDP.jl (c) Oscar Dowson and contributors, 2017-24
-------------------------------------------------------------------
problem
  nodes           : 5
  state variables : 3
  scenarios       : 1.43489e+07
  existing cuts   : false
options
  solver          : serial mode
  risk measure    : SDDP.Expectation()
  sampling scheme : SDDP.InSampleMonteCarlo
subproblem structure
  VariableRef                             : [13, 13]
  AffExpr in MOI.EqualTo{Float64}         : [3, 3]
  AffExpr in MOI.LessThan{Float64}        : [1, 1]
  VariableRef in MOI.GreaterThan{Float64} : [7, 7]
  VariableRef in MOI.LessThan{Float64}    : [6, 7]
numerical stability report
  matrix range     [1e+00, 1e+00]
  objective range  [3e-01, 2e+00]
  bounds range     [5e-01, 5e+00]
  rhs range        [2e+00, 2e+00]
-------------------------------------------------------------------
 iteration    simulation      bound        time (s)     solves  pid
-------------------------------------------------------------------
        10  -3.878303e+00 -4.434982e+00  1.908901e-01      1400   1
        20  -4.262885e+00 -4.399265e+00  3.112590e-01      2800   1
        30  -3.075162e+00 -4.382527e+00  4.354939e-01      4200   1
        40  -3.761147e+00 -4.369587e+00  5.673990e-01      5600   1
        50  -4.323162e+00 -4.362199e+00  7.051539e-01      7000   1
        60  -3.654943e+00 -4.358401e+00  8.452201e-01      8400   1
        70  -4.010883e+00 -4.357368e+00  9.869311e-01      9800   1
        80  -4.314412e+00 -4.355714e+00  1.133201e+00     11200   1
        90  -4.542422e+00 -4.353708e+00  1.286285e+00     12600   1
       100  -4.178952e+00 -4.351685e+00  1.432026e+00     14000   1
-------------------------------------------------------------------
status         : iteration_limit
total time (s) : 1.432026e+00
total solves   : 14000
best bound     : -4.351685e+00
simulation ci  : -4.246786e+00 ± 8.703997e-02
numeric issues : 0
-------------------------------------------------------------------

-------------------------------------------------------------------
         SDDP.jl (c) Oscar Dowson and contributors, 2017-24
-------------------------------------------------------------------
problem
  nodes           : 5
  state variables : 1
  scenarios       : 1.00000e+05
  existing cuts   : false
options
  solver          : serial mode
  risk measure    : SDDP.Expectation()
  sampling scheme : SDDP.InSampleMonteCarlo
subproblem structure
  VariableRef                             : [5, 5]
  AffExpr in MOI.EqualTo{Float64}         : [1, 1]
  VariableRef in MOI.GreaterThan{Float64} : [3, 3]
  VariableRef in MOI.LessThan{Float64}    : [2, 3]
numerical stability report
  matrix range     [1e+00, 1e+00]
  objective range  [3e-01, 2e+00]
  bounds range     [5e-01, 2e+00]
  rhs range        [0e+00, 0e+00]
-------------------------------------------------------------------
 iteration    simulation      bound        time (s)     solves  pid
-------------------------------------------------------------------
        10  -1.573154e+00 -1.474247e+00  6.975102e-02      1050   1
        20  -1.346690e+00 -1.471483e+00  1.081121e-01      1600   1
        30  -1.308031e+00 -1.471307e+00  1.910810e-01      2650   1
        40  -1.401200e+00 -1.471167e+00  2.325580e-01      3200   1
        50  -1.557483e+00 -1.471097e+00  3.199930e-01      4250   1
        60  -1.534169e+00 -1.471075e+00  3.656101e-01      4800   1
        65  -1.689864e+00 -1.471075e+00  3.882182e-01      5075   1
-------------------------------------------------------------------
status         : simulation_stopping
total time (s) : 3.882182e-01
total solves   : 5075
best bound     : -1.471075e+00
simulation ci  : -1.484094e+00 ± 4.058993e-02
numeric issues : 0
-------------------------------------------------------------------

-------------------------------------------------------------------
         SDDP.jl (c) Oscar Dowson and contributors, 2017-24
-------------------------------------------------------------------
problem
  nodes           : 2
  state variables : 4
  scenarios       : 2.00000e+00
  existing cuts   : false
options
  solver          : serial mode
  risk measure    : SDDP.Expectation()
  sampling scheme : SDDP.InSampleMonteCarlo
subproblem structure
  VariableRef                             : [29, 29]
  AffExpr in MOI.EqualTo{Float64}         : [4, 5]
  AffExpr in MOI.GreaterThan{Float64}     : [3, 3]
  AffExpr in MOI.LessThan{Float64}        : [4, 4]
  VariableRef in MOI.GreaterThan{Float64} : [22, 22]
  VariableRef in MOI.LessThan{Float64}    : [1, 1]
numerical stability report
  matrix range     [1e+00, 1e+00]
  objective range  [1e+00, 1e+06]
  bounds range     [0e+00, 0e+00]
  rhs range        [0e+00, 0e+00]
-------------------------------------------------------------------
 iteration    simulation      bound        time (s)     solves  pid
-------------------------------------------------------------------
        10   3.455904e+05  3.147347e+05  8.116007e-03        54   1
        20   3.336455e+05  3.402383e+05  1.436710e-02       104   1
        30   3.337559e+05  3.403155e+05  2.151203e-02       158   1
        40   3.337559e+05  3.403155e+05  2.855706e-02       208   1
        48   3.337559e+05  3.403155e+05  3.471708e-02       248   1
-------------------------------------------------------------------
status         : simulation_stopping
total time (s) : 3.471708e-02
total solves   : 248
best bound     :  3.403155e+05
simulation ci  :  1.351676e+08 ± 1.785770e+08
numeric issues : 0
-------------------------------------------------------------------

-------------------------------------------------------------------
         SDDP.jl (c) Oscar Dowson and contributors, 2017-24
-------------------------------------------------------------------
problem
  nodes           : 3
  state variables : 4
  scenarios       : 4.00000e+00
  existing cuts   : false
options
  solver          : serial mode
  risk measure    : SDDP.Expectation()
  sampling scheme : SDDP.InSampleMonteCarlo
subproblem structure
  VariableRef                             : [29, 29]
  AffExpr in MOI.EqualTo{Float64}         : [4, 5]
  AffExpr in MOI.GreaterThan{Float64}     : [3, 3]
  AffExpr in MOI.LessThan{Float64}        : [4, 4]
  VariableRef in MOI.EqualTo{Float64}     : [3, 3]
  VariableRef in MOI.GreaterThan{Float64} : [22, 22]
  VariableRef in MOI.LessThan{Float64}    : [1, 1]
numerical stability report
  matrix range     [1e+00, 1e+00]
  objective range  [1e+00, 1e+05]
  bounds range     [0e+00, 0e+00]
  rhs range        [0e+00, 0e+00]
-------------------------------------------------------------------
 iteration    simulation      bound        time (s)     solves  pid
-------------------------------------------------------------------
        10   4.403329e+05  3.509666e+05  1.316905e-02        92   1
        20   4.055335e+05  4.054833e+05  2.368498e-02       172   1
        30   3.959476e+05  4.067125e+05  3.677797e-02       264   1
        40   3.959476e+05  4.067125e+05  4.994607e-02       344   1
        47   3.959476e+05  4.067125e+05  5.996799e-02       400   1
-------------------------------------------------------------------
status         : simulation_stopping
total time (s) : 5.996799e-02
total solves   : 400
best bound     :  4.067125e+05
simulation ci  :  2.695623e+07 ± 3.645336e+07
numeric issues : 0
-------------------------------------------------------------------

-------------------------------------------------------------------
         SDDP.jl (c) Oscar Dowson and contributors, 2017-24
-------------------------------------------------------------------
problem
  nodes           : 10
  state variables : 4
  scenarios       : 2.70000e+01
  existing cuts   : false
options
  solver          : serial mode
  risk measure    : SDDP.Expectation()
  sampling scheme : SDDP.InSampleMonteCarlo
subproblem structure
  VariableRef                             : [24, 24]
  AffExpr in MOI.EqualTo{Float64}         : [3, 3]
  AffExpr in MOI.GreaterThan{Float64}     : [1, 1]
  AffExpr in MOI.LessThan{Float64}        : [1, 6]
  VariableRef in MOI.GreaterThan{Float64} : [20, 20]
  VariableRef in MOI.LessThan{Float64}    : [1, 2]
numerical stability report
  matrix range     [1e+00, 8e+01]
  objective range  [1e+00, 1e+03]
  bounds range     [6e+01, 6e+01]
  rhs range        [2e+02, 3e+03]
-------------------------------------------------------------------
 iteration    simulation      bound        time (s)     solves  pid
-------------------------------------------------------------------
         1   8.316000e+03  0.000000e+00  9.080291e-02        14   1
        40   4.716000e+03  4.074139e+03  2.180810e-01       776   1
-------------------------------------------------------------------
status         : simulation_stopping
total time (s) : 2.180810e-01
total solves   : 776
best bound     :  4.074139e+03
simulation ci  :  4.477341e+03 ± 6.593738e+02
numeric issues : 0
-------------------------------------------------------------------

-------------------------------------------------------------------
         SDDP.jl (c) Oscar Dowson and contributors, 2017-24
-------------------------------------------------------------------
problem
  nodes           : 3
  state variables : 1
  scenarios       : 4.00000e+00
  existing cuts   : false
options
  solver          : serial mode
  risk measure    : SDDP.Expectation()
  sampling scheme : SDDP.InSampleMonteCarlo
subproblem structure
  VariableRef                             : [6, 6]
  AffExpr in MOI.EqualTo{Float64}         : [1, 1]
  VariableRef in MOI.GreaterThan{Float64} : [4, 4]
  VariableRef in MOI.Integer              : [3, 3]
  VariableRef in MOI.LessThan{Float64}    : [2, 3]
numerical stability report
  matrix range     [1e+00, 1e+00]
  objective range  [1e+00, 3e+02]
  bounds range     [1e+02, 2e+02]
  rhs range        [0e+00, 0e+00]
-------------------------------------------------------------------
 iteration    simulation      bound        time (s)     solves  pid
-------------------------------------------------------------------
         1L  7.000000e+04  6.166667e+04  5.716741e-01         8   1
        40L  5.500000e+04  6.250000e+04  8.101599e-01       344   1
-------------------------------------------------------------------
status         : simulation_stopping
total time (s) : 8.101599e-01
total solves   : 344
best bound     :  6.250000e+04
simulation ci  :  6.091250e+04 ± 6.325667e+03
numeric issues : 0
-------------------------------------------------------------------

-------------------------------------------------------------------
         SDDP.jl (c) Oscar Dowson and contributors, 2017-24
-------------------------------------------------------------------
problem
  nodes           : 3
  state variables : 1
  scenarios       : 4.00000e+00
  existing cuts   : false
options
  solver          : serial mode
  risk measure    : SDDP.Expectation()
  sampling scheme : SDDP.InSampleMonteCarlo
subproblem structure
  VariableRef                             : [6, 6]
  AffExpr in MOI.EqualTo{Float64}         : [1, 1]
  VariableRef in MOI.GreaterThan{Float64} : [4, 4]
  VariableRef in MOI.Integer              : [3, 3]
  VariableRef in MOI.LessThan{Float64}    : [2, 3]
numerical stability report
  matrix range     [1e+00, 1e+00]
  objective range  [1e+00, 3e+02]
  bounds range     [1e+02, 2e+02]
  rhs range        [0e+00, 0e+00]
-------------------------------------------------------------------
 iteration    simulation      bound        time (s)     solves  pid
-------------------------------------------------------------------
         1   3.000000e+04  6.250000e+04  3.796816e-03         8   1
        20   4.000000e+04  6.250000e+04  4.328179e-02       172   1
-------------------------------------------------------------------
status         : simulation_stopping
total time (s) : 4.328179e-02
total solves   : 172
best bound     :  6.250000e+04
simulation ci  :  5.650000e+04 ± 6.785916e+03
numeric issues : 0
-------------------------------------------------------------------

-------------------------------------------------------------------
         SDDP.jl (c) Oscar Dowson and contributors, 2017-24
-------------------------------------------------------------------
problem
  nodes           : 3
  state variables : 1
  scenarios       : 4.00000e+00
  existing cuts   : false
options
  solver          : serial mode
  risk measure    : SDDP.Expectation()
  sampling scheme : SDDP.InSampleMonteCarlo
subproblem structure
  VariableRef                             : [5, 5]
  AffExpr in MOI.EqualTo{Float64}         : [1, 1]
  VariableRef in MOI.GreaterThan{Float64} : [4, 4]
  VariableRef in MOI.LessThan{Float64}    : [2, 3]
numerical stability report
  matrix range     [1e+00, 1e+00]
  objective range  [1e+00, 3e+02]
  bounds range     [1e+02, 2e+02]
  rhs range        [1e+02, 3e+02]
-------------------------------------------------------------------
 iteration    simulation      bound        time (s)     solves  pid
-------------------------------------------------------------------
         1   7.000000e+04  6.250000e+04  5.423069e-03         5   1
        10   6.000000e+04  6.250000e+04  2.032804e-02        50   1
-------------------------------------------------------------------
status         : iteration_limit
total time (s) : 2.032804e-02
total solves   : 50
best bound     :  6.250000e+04
simulation ci  :  6.150000e+04 ± 1.265596e+04
numeric issues : 0
-------------------------------------------------------------------

-------------------------------------------------------------------
         SDDP.jl (c) Oscar Dowson and contributors, 2017-24
-------------------------------------------------------------------
problem
  nodes           : 3
  state variables : 2
  scenarios       : 1.00000e+00
  existing cuts   : false
options
  solver          : serial mode
  risk measure    : SDDP.Expectation()
  sampling scheme : SDDP.InSampleMonteCarlo
subproblem structure
  VariableRef                             : [6, 6]
  AffExpr in MOI.EqualTo{Float64}         : [2, 2]
  VariableRef in MOI.GreaterThan{Float64} : [2, 3]
  VariableRef in MOI.LessThan{Float64}    : [3, 3]
  VariableRef in MOI.ZeroOne              : [3, 3]
numerical stability report
  matrix range     [1e+00, 1e+00]
  objective range  [1e+00, 6e+00]
  bounds range     [1e+00, 1e+02]
  rhs range        [0e+00, 0e+00]
-------------------------------------------------------------------
 iteration    simulation      bound        time (s)     solves  pid
-------------------------------------------------------------------
         1L  6.000000e+00  9.000000e+00  3.841400e-02         6   1
        20L  9.000000e+00  9.000000e+00  7.976294e-02       123   1
-------------------------------------------------------------------
status         : simulation_stopping
total time (s) : 7.976294e-02
total solves   : 123
best bound     :  9.000000e+00
simulation ci  :  8.850000e+00 ± 2.940000e-01
numeric issues : 0
-------------------------------------------------------------------

-------------------------------------------------------------------
         SDDP.jl (c) Oscar Dowson and contributors, 2017-24
-------------------------------------------------------------------
problem
  nodes           : 7
  state variables : 2
  scenarios       : 8.00000e+00
  existing cuts   : false
options
  solver          : serial mode
  risk measure    : SDDP.Expectation()
  sampling scheme : SDDP.InSampleMonteCarlo
subproblem structure
  VariableRef                             : [5, 7]
  AffExpr in MOI.EqualTo{Float64}         : [1, 1]
  VariableRef in MOI.GreaterThan{Float64} : [3, 5]
  VariableRef in MOI.LessThan{Float64}    : [1, 1]
numerical stability report
  matrix range     [1e+00, 1e+00]
  objective range  [1e+00, 4e+00]
  bounds range     [1e+03, 1e+03]
  rhs range        [6e+01, 8e+01]
-------------------------------------------------------------------
 iteration    simulation      bound        time (s)     solves  pid
-------------------------------------------------------------------
         5  -1.620000e+00 -8.522173e-01  1.297283e-02        87   1
        10  -1.847411e-13  1.392784e+00  1.983500e-02       142   1
        15  -6.963319e-13  1.514085e+00  2.730584e-02       197   1
        20   1.136868e-13  1.514085e+00  3.498602e-02       252   1
        25  -1.080025e-12  1.514085e+00  8.789992e-02       339   1
        30   1.136868e-13  1.514085e+00  9.640384e-02       394   1
        35  -2.479988e+01  1.514085e+00  1.054289e-01       449   1
        40   1.136868e-13  1.514085e+00  1.148210e-01       504   1
-------------------------------------------------------------------
status         : simulation_stopping
total time (s) : 1.148210e-01
total solves   : 504
best bound     :  1.514085e+00
simulation ci  :  3.429060e+00 ± 6.665883e+00
numeric issues : 0
-------------------------------------------------------------------

-------------------------------------------------------------------
         SDDP.jl (c) Oscar Dowson and contributors, 2017-24
-------------------------------------------------------------------
problem
  nodes           : 7
  state variables : 2
  scenarios       : 3.20000e+01
  existing cuts   : false
options
  solver          : serial mode
  risk measure    : #4
  sampling scheme : SDDP.InSampleMonteCarlo
subproblem structure
  VariableRef                             : [5, 7]
  AffExpr in MOI.EqualTo{Float64}         : [1, 1]
  VariableRef in MOI.GreaterThan{Float64} : [2, 5]
  VariableRef in MOI.LessThan{Float64}    : [1, 1]
numerical stability report
  matrix range     [1e+00, 1e+00]
  objective range  [2e-02, 4e+00]
  bounds range     [1e+03, 1e+03]
  rhs range        [6e+01, 8e+01]
-------------------------------------------------------------------
 iteration    simulation      bound        time (s)     solves  pid
-------------------------------------------------------------------
        10   4.375000e+00  6.798204e+00  1.517129e-01       278   1
        20   1.230957e+01  1.358825e+00  1.694040e-01       428   1
        30   8.859026e+00  1.278410e+00  2.016251e-01       706   1
        40  -2.315795e+01  1.278410e+00  2.244811e-01       856   1
        49   3.014193e+01  1.278410e+00  2.457769e-01       991   1
-------------------------------------------------------------------
status         : simulation_stopping
total time (s) : 2.457769e-01
total solves   : 991
best bound     :  1.278410e+00
simulation ci  : -1.755629e+00 ± 5.526921e+00
numeric issues : 0
-------------------------------------------------------------------

-------------------------------------------------------------------
         SDDP.jl (c) Oscar Dowson and contributors, 2017-24
-------------------------------------------------------------------
problem
  nodes           : 7
  state variables : 2
  scenarios       : 3.20000e+01
  existing cuts   : false
options
  solver          : serial mode
  risk measure    : #4
  sampling scheme : SDDP.InSampleMonteCarlo
subproblem structure
  VariableRef                             : [5, 7]
  AffExpr in MOI.EqualTo{Float64}         : [1, 1]
  VariableRef in MOI.GreaterThan{Float64} : [2, 5]
  VariableRef in MOI.LessThan{Float64}    : [1, 1]
numerical stability report
  matrix range     [1e+00, 1e+00]
  objective range  [2e-02, 4e+00]
  bounds range     [1e+03, 1e+03]
  rhs range        [6e+01, 8e+01]
-------------------------------------------------------------------
 iteration    simulation      bound        time (s)     solves  pid
-------------------------------------------------------------------
        10  -2.454000e+00  1.647363e+00  3.590894e-02       278   1
        20  -3.575118e+00  1.278410e+00  6.415296e-02       428   1
        30  -5.003795e+01  1.278410e+00  1.099081e-01       706   1
        40   6.835609e+00  1.278410e+00  1.490061e-01       856   1
-------------------------------------------------------------------
status         : simulation_stopping
total time (s) : 1.490061e-01
total solves   : 856
best bound     :  1.278410e+00
simulation ci  :  4.369345e+00 ± 4.780393e+00
numeric issues : 0
-------------------------------------------------------------------

-------------------------------------------------------------------
         SDDP.jl (c) Oscar Dowson and contributors, 2017-24
-------------------------------------------------------------------
problem
  nodes           : 4
  state variables : 1
  scenarios       : Inf
  existing cuts   : false
options
  solver          : serial mode
  risk measure    : SDDP.Expectation()
  sampling scheme : SDDP.InSampleMonteCarlo
subproblem structure
  VariableRef                             : [7, 7]
  AffExpr in MOI.EqualTo{Float64}         : [1, 1]
  AffExpr in MOI.GreaterThan{Float64}     : [2, 2]
  VariableRef in MOI.EqualTo{Float64}     : [1, 1]
  VariableRef in MOI.GreaterThan{Float64} : [5, 5]
  VariableRef in MOI.LessThan{Float64}    : [3, 3]
numerical stability report
  matrix range     [1e+00, 1e+00]
  objective range  [1e+00, 2e+00]
  bounds range     [2e+00, 1e+02]
  rhs range        [0e+00, 0e+00]
-------------------------------------------------------------------
 iteration    simulation      bound        time (s)     solves  pid
-------------------------------------------------------------------
        10   4.787277e+00  9.346930e+00  1.374094e+00       900   1
        20   6.374753e+00  1.361934e+01  1.550801e+00      1720   1
        30   2.813321e+01  1.651297e+01  1.912451e+00      3036   1
        40   1.654759e+01  1.632970e+01  2.252663e+00      4192   1
        50   3.570941e+00  1.846889e+01  2.526152e+00      5020   1
        60   1.087425e+01  1.890254e+01  2.816322e+00      5808   1
        70   9.381610e+00  1.940320e+01  3.112580e+00      6540   1
        80   5.648731e+01  1.962435e+01  3.324955e+00      7088   1
        90   3.879273e+01  1.981008e+01  3.818506e+00      8180   1
       100   7.870187e+00  1.997117e+01  4.044076e+00      8664   1
-------------------------------------------------------------------
status         : iteration_limit
total time (s) : 4.044076e+00
total solves   : 8664
best bound     :  1.997117e+01
simulation ci  :  2.275399e+01 ± 4.541987e+00
numeric issues : 0
-------------------------------------------------------------------

-------------------------------------------------------------------
         SDDP.jl (c) Oscar Dowson and contributors, 2017-24
-------------------------------------------------------------------
problem
  nodes           : 5
  state variables : 2
  scenarios       : 3.20000e+01
  existing cuts   : false
options
  solver          : serial mode
  risk measure    : SDDP.Expectation()
  sampling scheme : SDDP.InSampleMonteCarlo
subproblem structure
  VariableRef                             : [10, 10]
  AffExpr in MOI.EqualTo{Float64}         : [2, 2]
  AffExpr in MOI.GreaterThan{Float64}     : [2, 2]
  AffExpr in MOI.LessThan{Float64}        : [6, 6]
  VariableRef in MOI.GreaterThan{Float64} : [5, 6]
  VariableRef in MOI.LessThan{Float64}    : [6, 6]
  VariableRef in MOI.ZeroOne              : [5, 5]
numerical stability report
  matrix range     [1e+00, 1e+00]
  objective range  [1e+00, 6e+00]
  bounds range     [1e+00, 1e+01]
  rhs range        [1e+00, 1e+00]
-------------------------------------------------------------------
 iteration    simulation      bound        time (s)     solves  pid
-------------------------------------------------------------------
         5   9.000000e+00  9.002950e+00  1.319761e-01       235   1
        10   4.000000e+00  9.002950e+00  1.520951e-01       310   1
        15   4.000000e+00  9.002950e+00  1.730530e-01       385   1
        20   4.000000e+00  9.002950e+00  1.941390e-01       460   1
        25   1.000000e+01  9.002950e+00  2.660050e-01       695   1
        30   5.000000e+00  9.002950e+00  2.878890e-01       770   1
        35   1.000000e+01  9.002950e+00  3.111141e-01       845   1
        40   5.000000e+00  9.002950e+00  3.348022e-01       920   1
-------------------------------------------------------------------
status         : simulation_stopping
total time (s) : 3.348022e-01
total solves   : 920
best bound     :  9.002950e+00
simulation ci  :  6.375000e+00 ± 7.930178e-01
numeric issues : 0
-------------------------------------------------------------------

-------------------------------------------------------------------
         SDDP.jl (c) Oscar Dowson and contributors, 2017-24
-------------------------------------------------------------------
problem
  nodes           : 3
  state variables : 4
  scenarios       : 2.16000e+02
  existing cuts   : false
options
  solver          : serial mode
  risk measure    : SDDP.Expectation()
  sampling scheme : SDDP.InSampleMonteCarlo
subproblem structure
  VariableRef                             : [18, 18]
  AffExpr in MOI.EqualTo{Float64}         : [4, 4]
  AffExpr in MOI.GreaterThan{Float64}     : [4, 4]
  AffExpr in MOI.LessThan{Float64}        : [12, 12]
  VariableRef in MOI.GreaterThan{Float64} : [9, 10]
  VariableRef in MOI.LessThan{Float64}    : [10, 10]
  VariableRef in MOI.ZeroOne              : [9, 9]
numerical stability report
  matrix range     [1e+00, 1e+00]
  objective range  [1e+00, 4e+00]
  bounds range     [1e+00, 2e+01]
  rhs range        [1e+00, 1e+00]
-------------------------------------------------------------------
 iteration    simulation      bound        time (s)     solves  pid
-------------------------------------------------------------------
        10   1.000000e+01  6.868919e+00  1.021500e-01       510   1
        20   2.000000e+00  6.834387e+00  1.542859e-01       720   1
        30   1.200000e+01  6.834387e+00  2.925680e-01      1230   1
        40   7.000000e+00  6.823805e+00  3.440180e-01      1440   1
        50   7.000000e+00  6.823805e+00  4.948139e-01      1950   1
        60   5.000000e+00  6.823805e+00  5.480340e-01      2160   1
-------------------------------------------------------------------
status         : simulation_stopping
total time (s) : 5.480340e-01
total solves   : 2160
best bound     :  6.823805e+00
simulation ci  :  6.183333e+00 ± 6.258900e-01
numeric issues : 0
-------------------------------------------------------------------

-------------------------------------------------------------------
         SDDP.jl (c) Oscar Dowson and contributors, 2017-24
-------------------------------------------------------------------
problem
  nodes           : 5
  state variables : 5
  scenarios       : 3.27680e+04
  existing cuts   : false
options
  solver          : serial mode
  risk measure    : SDDP.Expectation()
  sampling scheme : SDDP.InSampleMonteCarlo
subproblem structure
  VariableRef                             : [14, 14]
  AffExpr in MOI.GreaterThan{Float64}     : [7, 7]
  AffExpr in MOI.LessThan{Float64}        : [4, 4]
  VariableRef in MOI.GreaterThan{Float64} : [8, 8]
  VariableRef in MOI.Integer              : [5, 5]
  VariableRef in MOI.LessThan{Float64}    : [5, 6]
numerical stability report
  matrix range     [1e+00, 1e+00]
  objective range  [1e+00, 5e+05]
  bounds range     [1e+00, 1e+00]
  rhs range        [0e+00, 0e+00]
-------------------------------------------------------------------
 iteration    simulation      bound        time (s)     solves  pid
-------------------------------------------------------------------
        10   2.549668e+06  2.078257e+06  5.013959e-01       920   1
        20   5.494568e+05  2.078257e+06  6.915550e-01      1340   1
        30   4.985879e+04  2.078257e+06  1.221496e+00      2260   1
        40   3.799447e+06  2.078257e+06  1.415113e+00      2680   1
        50   1.049867e+06  2.078257e+06  1.949249e+00      3600   1
        60   3.985191e+04  2.078257e+06  2.155351e+00      4020   1
-------------------------------------------------------------------
status         : simulation_stopping
total time (s) : 2.155351e+00
total solves   : 4020
best bound     :  2.078257e+06
simulation ci  :  2.031697e+06 ± 3.922745e+05
numeric issues : 0
-------------------------------------------------------------------

-------------------------------------------------------------------
         SDDP.jl (c) Oscar Dowson and contributors, 2017-24
-------------------------------------------------------------------
problem
  nodes           : 5
  state variables : 5
  scenarios       : 3.27680e+04
  existing cuts   : false
options
  solver          : serial mode
  risk measure    : SDDP.Expectation()
  sampling scheme : SDDP.InSampleMonteCarlo
subproblem structure
  VariableRef                             : [14, 14]
  AffExpr in MOI.GreaterThan{Float64}     : [7, 7]
  AffExpr in MOI.LessThan{Float64}        : [4, 4]
  VariableRef in MOI.GreaterThan{Float64} : [8, 8]
  VariableRef in MOI.Integer              : [5, 5]
  VariableRef in MOI.LessThan{Float64}    : [5, 6]
numerical stability report
  matrix range     [1e+00, 1e+00]
  objective range  [1e+00, 5e+05]
  bounds range     [1e+00, 1e+00]
  rhs range        [0e+00, 0e+00]
-------------------------------------------------------------------
 iteration    simulation      bound        time (s)     solves  pid
-------------------------------------------------------------------
        10L  4.986663e+04  2.079119e+06  9.145181e-01       920   1
        20L  3.799878e+06  2.079330e+06  1.670062e+00      1340   1
        30L  3.003923e+04  2.079457e+06  2.771324e+00      2260   1
        40L  5.549882e+06  2.079457e+06  3.558889e+00      2680   1
        50L  2.799466e+06  2.079457e+06  4.723545e+00      3600   1
        60L  3.549880e+06  2.079457e+06  5.478823e+00      4020   1
-------------------------------------------------------------------
status         : simulation_stopping
total time (s) : 5.478823e+00
total solves   : 4020
best bound     :  2.079457e+06
simulation ci  :  2.352204e+06 ± 5.377531e+05
numeric issues : 0
-------------------------------------------------------------------

-------------------------------------------------------------------
         SDDP.jl (c) Oscar Dowson and contributors, 2017-24
-------------------------------------------------------------------
problem
  nodes           : 1
  state variables : 1
  scenarios       : Inf
  existing cuts   : false
options
  solver          : serial mode
  risk measure    : SDDP.Expectation()
  sampling scheme : SDDP.InSampleMonteCarlo
subproblem structure
  VariableRef                             : [8, 8]
  AffExpr in MOI.EqualTo{Float64}         : [2, 2]
  VariableRef in MOI.GreaterThan{Float64} : [5, 5]
  VariableRef in MOI.LessThan{Float64}    : [1, 1]
numerical stability report
  matrix range     [1e+00, 1e+00]
  objective range  [1e+00, 1e+01]
  bounds range     [5e+00, 2e+01]
  rhs range        [0e+00, 0e+00]
-------------------------------------------------------------------
 iteration    simulation      bound        time (s)     solves  pid
-------------------------------------------------------------------
       100   2.500000e+01  1.188965e+02  8.197572e-01      1946   1
       200   2.500000e+01  1.191634e+02  1.023789e+00      3920   1
       300   0.000000e+00  1.191666e+02  1.234053e+00      5902   1
       330   2.500000e+01  1.191667e+02  1.274899e+00      6224   1
-------------------------------------------------------------------
status         : simulation_stopping
total time (s) : 1.274899e+00
total solves   : 6224
best bound     :  1.191667e+02
simulation ci  :  2.158333e+01 ± 3.290252e+00
numeric issues : 0
-------------------------------------------------------------------

-------------------------------------------------------------------
         SDDP.jl (c) Oscar Dowson and contributors, 2017-24
-------------------------------------------------------------------
problem
  nodes           : 1
  state variables : 1
  scenarios       : Inf
  existing cuts   : false
options
  solver          : serial mode
  risk measure    : SDDP.Expectation()
  sampling scheme : SDDP.InSampleMonteCarlo
subproblem structure
  VariableRef                             : [8, 8]
  AffExpr in MOI.EqualTo{Float64}         : [2, 2]
  VariableRef in MOI.GreaterThan{Float64} : [5, 5]
  VariableRef in MOI.LessThan{Float64}    : [1, 1]
numerical stability report
  matrix range     [1e+00, 1e+00]
  objective range  [1e+00, 1e+01]
  bounds range     [5e+00, 2e+01]
  rhs range        [0e+00, 0e+00]
-------------------------------------------------------------------
 iteration    simulation      bound        time (s)     solves  pid
-------------------------------------------------------------------
       100   0.000000e+00  1.191285e+02  2.992182e-01      2874   1
       200   2.500000e+00  1.191666e+02  5.311570e-01      4855   1
       282   7.500000e+00  1.191667e+02  6.675100e-01      5733   1
-------------------------------------------------------------------
status         : simulation_stopping
total time (s) : 6.675100e-01
total solves   : 5733
best bound     :  1.191667e+02
simulation ci  :  2.104610e+01 ± 3.492245e+00
numeric issues : 0
-------------------------------------------------------------------

-------------------------------------------------------------------
         SDDP.jl (c) Oscar Dowson and contributors, 2017-24
-------------------------------------------------------------------
problem
  nodes           : 1
  state variables : 1
  scenarios       : Inf
  existing cuts   : false
options
  solver          : serial mode
  risk measure    : SDDP.Expectation()
  sampling scheme : SDDP.InSampleMonteCarlo
subproblem structure
  VariableRef                             : [3, 3]
  AffExpr in MOI.EqualTo{Float64}         : [1, 1]
  VariableRef in MOI.GreaterThan{Float64} : [1, 1]
numerical stability report
  matrix range     [1e+00, 1e+00]
  objective range  [1e+00, 1e+00]
  bounds range     [0e+00, 0e+00]
  rhs range        [0e+00, 0e+00]
-------------------------------------------------------------------
 iteration    simulation      bound        time (s)     solves  pid
-------------------------------------------------------------------
        10   4.000000e+00  1.997089e+01  6.968212e-02      1204   1
        20   8.000000e+00  2.000000e+01  9.026909e-02      1420   1
        30   1.600000e+01  2.000000e+01  1.583190e-01      2628   1
        40   8.000000e+00  2.000000e+01  1.801732e-01      2834   1
-------------------------------------------------------------------
status         : simulation_stopping
total time (s) : 1.801732e-01
total solves   : 2834
best bound     :  2.000000e+01
simulation ci  :  1.625000e+01 ± 4.766381e+00
numeric issues : 0
-------------------------------------------------------------------

-------------------------------------------------------------------
         SDDP.jl (c) Oscar Dowson and contributors, 2017-24
-------------------------------------------------------------------
problem
  nodes           : 1
  state variables : 1
  scenarios       : Inf
  existing cuts   : false
options
  solver          : serial mode
  risk measure    : SDDP.Expectation()
  sampling scheme : SDDP.InSampleMonteCarlo
subproblem structure
  VariableRef                             : [3, 3]
  AffExpr in MOI.EqualTo{Float64}         : [1, 1]
  VariableRef in MOI.GreaterThan{Float64} : [1, 1]
numerical stability report
  matrix range     [1e+00, 1e+00]
  objective range  [1e+00, 1e+00]
  bounds range     [0e+00, 0e+00]
  rhs range        [0e+00, 0e+00]
-------------------------------------------------------------------
 iteration    simulation      bound        time (s)     solves  pid
-------------------------------------------------------------------
         1   1.000000e+00  1.500000e+00  1.703024e-03         3   1
        40   4.000000e+00  2.000000e+00  4.368114e-02       578   1
-------------------------------------------------------------------
status         : simulation_stopping
total time (s) : 4.368114e-02
total solves   : 578
best bound     :  2.000000e+00
simulation ci  :  1.950000e+00 ± 5.568095e-01
numeric issues : 0
-------------------------------------------------------------------

-------------------------------------------------------------------
         SDDP.jl (c) Oscar Dowson and contributors, 2017-24
-------------------------------------------------------------------
problem
  nodes           : 3
  state variables : 1
  scenarios       : 8.51840e+04
  existing cuts   : false
options
  solver          : serial mode
  risk measure    : SDDP.Expectation()
  sampling scheme : SDDP.InSampleMonteCarlo
subproblem structure
  VariableRef                             : [6, 6]
  AffExpr in MOI.EqualTo{Float64}         : [1, 3]
  AffExpr in MOI.LessThan{Float64}        : [2, 2]
  VariableRef in MOI.GreaterThan{Float64} : [3, 4]
  VariableRef in MOI.LessThan{Float64}    : [3, 3]
numerical stability report
  matrix range     [8e-01, 2e+00]
  objective range  [1e+00, 2e+00]
  bounds range     [1e+00, 1e+02]
  rhs range        [5e+01, 5e+01]
-------------------------------------------------------------------
 iteration    simulation      bound        time (s)     solves  pid
-------------------------------------------------------------------
        10   5.250000e+00  4.888859e+00  1.668239e-01      1350   1
        20   4.350000e+00  4.105855e+00  2.514379e-01      2700   1
        30   5.000000e+00  4.100490e+00  3.462679e-01      4050   1
        40   3.500000e+00  4.097376e+00  4.490581e-01      5400   1
        50   5.250000e+00  4.095859e+00  5.559750e-01      6750   1
        60   3.643750e+00  4.093342e+00  6.681221e-01      8100   1
        70   2.643750e+00  4.091818e+00  7.796280e-01      9450   1
        80   5.087500e+00  4.091591e+00  8.918359e-01     10800   1
        90   5.062500e+00  4.091309e+00  1.005379e+00     12150   1
       100   4.843750e+00  4.087004e+00  1.166160e+00     13500   1
       110   3.437500e+00  4.086094e+00  1.289257e+00     14850   1
       120   3.375000e+00  4.085926e+00  1.414143e+00     16200   1
       130   5.025000e+00  4.085866e+00  1.542431e+00     17550   1
       140   5.000000e+00  4.085734e+00  1.670545e+00     18900   1
       150   3.500000e+00  4.085655e+00  1.801552e+00     20250   1
       160   4.281250e+00  4.085454e+00  1.927792e+00     21600   1
       170   4.562500e+00  4.085425e+00  2.056816e+00     22950   1
       180   5.768750e+00  4.085425e+00  2.186395e+00     24300   1
       190   3.468750e+00  4.085359e+00  2.324602e+00     25650   1
       200   4.131250e+00  4.085225e+00  2.460845e+00     27000   1
       210   4.512500e+00  4.085157e+00  2.593678e+00     28350   1
       220   4.900000e+00  4.085153e+00  2.727597e+00     29700   1
       230   4.025000e+00  4.085134e+00  2.866008e+00     31050   1
       240   4.468750e+00  4.085116e+00  3.006929e+00     32400   1
       250   4.062500e+00  4.085075e+00  3.145295e+00     33750   1
       260   4.875000e+00  4.085037e+00  3.286186e+00     35100   1
       270   3.850000e+00  4.085011e+00  3.429653e+00     36450   1
       280   4.912500e+00  4.084992e+00  3.572477e+00     37800   1
       290   2.987500e+00  4.084986e+00  3.720042e+00     39150   1
       300   3.825000e+00  4.084957e+00  3.870404e+00     40500   1
       310   3.250000e+00  4.084911e+00  4.018517e+00     41850   1
       320   3.600000e+00  4.084896e+00  4.165326e+00     43200   1
       330   3.925000e+00  4.084896e+00  4.340263e+00     44550   1
       340   4.500000e+00  4.084893e+00  4.485984e+00     45900   1
       350   5.000000e+00  4.084891e+00  4.631307e+00     47250   1
       360   3.075000e+00  4.084866e+00  4.776324e+00     48600   1
       370   3.500000e+00  4.084861e+00  4.930167e+00     49950   1
       380   3.356250e+00  4.084857e+00  5.081453e+00     51300   1
       390   5.500000e+00  4.084846e+00  5.240325e+00     52650   1
       400   4.475000e+00  4.084846e+00  5.390183e+00     54000   1
       410   3.750000e+00  4.084843e+00  5.542750e+00     55350   1
       420   3.687500e+00  4.084843e+00  5.698982e+00     56700   1
       430   4.337500e+00  4.084825e+00  5.858965e+00     58050   1
       440   5.750000e+00  4.084825e+00  6.001635e+00     59400   1
       450   4.925000e+00  4.084792e+00  6.160964e+00     60750   1
       460   3.600000e+00  4.084792e+00  6.316223e+00     62100   1
       470   4.387500e+00  4.084792e+00  6.468032e+00     63450   1
       480   4.000000e+00  4.084792e+00  6.630517e+00     64800   1
       490   2.975000e+00  4.084788e+00  6.785730e+00     66150   1
       500   3.125000e+00  4.084788e+00  6.940334e+00     67500   1
       510   4.250000e+00  4.084788e+00  7.103361e+00     68850   1
       520   4.512500e+00  4.084786e+00  7.254521e+00     70200   1
       530   3.875000e+00  4.084786e+00  7.419585e+00     71550   1
       540   4.387500e+00  4.084781e+00  7.583982e+00     72900   1
       550   5.281250e+00  4.084780e+00  7.774725e+00     74250   1
       560   4.650000e+00  4.084780e+00  7.928742e+00     75600   1
       570   3.062500e+00  4.084780e+00  8.085243e+00     76950   1
       580   3.187500e+00  4.084780e+00  8.251960e+00     78300   1
       590   3.812500e+00  4.084780e+00  8.416607e+00     79650   1
       600   3.637500e+00  4.084774e+00  8.577410e+00     81000   1
       610   3.950000e+00  4.084765e+00  8.734398e+00     82350   1
       620   4.625000e+00  4.084760e+00  8.891967e+00     83700   1
       630   4.218750e+00  4.084760e+00  9.057577e+00     85050   1
       640   3.025000e+00  4.084755e+00  9.217613e+00     86400   1
       650   2.993750e+00  4.084751e+00  9.369488e+00     87750   1
       660   3.262500e+00  4.084746e+00  9.529459e+00     89100   1
       670   3.625000e+00  4.084746e+00  9.694121e+00     90450   1
       680   2.981250e+00  4.084746e+00  9.856116e+00     91800   1
       690   4.187500e+00  4.084746e+00  1.001548e+01     93150   1
       700   4.500000e+00  4.084746e+00  1.017078e+01     94500   1
       710   3.225000e+00  4.084746e+00  1.033128e+01     95850   1
       720   4.375000e+00  4.084746e+00  1.049240e+01     97200   1
       730   2.650000e+00  4.084746e+00  1.066405e+01     98550   1
       740   3.250000e+00  4.084746e+00  1.084922e+01     99900   1
       750   4.725000e+00  4.084746e+00  1.102624e+01    101250   1
       760   3.375000e+00  4.084746e+00  1.119846e+01    102600   1
       770   5.375000e+00  4.084746e+00  1.136661e+01    103950   1
       780   4.068750e+00  4.084746e+00  1.153953e+01    105300   1
       790   4.412500e+00  4.084746e+00  1.171524e+01    106650   1
       800   4.350000e+00  4.084746e+00  1.188789e+01    108000   1
       810   5.887500e+00  4.084746e+00  1.206410e+01    109350   1
       820   4.912500e+00  4.084746e+00  1.223121e+01    110700   1
       830   4.387500e+00  4.084746e+00  1.239326e+01    112050   1
       840   3.675000e+00  4.084746e+00  1.256232e+01    113400   1
       850   5.375000e+00  4.084746e+00  1.272768e+01    114750   1
       860   3.562500e+00  4.084746e+00  1.290208e+01    116100   1
       870   3.075000e+00  4.084746e+00  1.307895e+01    117450   1
       880   3.625000e+00  4.084746e+00  1.324619e+01    118800   1
       890   2.937500e+00  4.084746e+00  1.340950e+01    120150   1
       900   4.450000e+00  4.084746e+00  1.358456e+01    121500   1
       910   4.200000e+00  4.084746e+00  1.376052e+01    122850   1
       920   3.687500e+00  4.084746e+00  1.396408e+01    124200   1
       930   4.725000e+00  4.084746e+00  1.414046e+01    125550   1
       940   4.018750e+00  4.084746e+00  1.430736e+01    126900   1
       950   4.675000e+00  4.084746e+00  1.447304e+01    128250   1
       960   3.375000e+00  4.084746e+00  1.463760e+01    129600   1
       970   3.812500e+00  4.084746e+00  1.479992e+01    130950   1
       980   3.112500e+00  4.084746e+00  1.497126e+01    132300   1
       990   3.600000e+00  4.084746e+00  1.514449e+01    133650   1
      1000   5.500000e+00  4.084746e+00  1.532153e+01    135000   1
      1010   3.187500e+00  4.084746e+00  1.549404e+01    136350   1
      1020   4.900000e+00  4.084746e+00  1.566742e+01    137700   1
      1030   3.637500e+00  4.084746e+00  1.585340e+01    139050   1
      1040   3.975000e+00  4.084746e+00  1.602804e+01    140400   1
      1050   4.750000e+00  4.084746e+00  1.620731e+01    141750   1
      1060   4.437500e+00  4.084746e+00  1.641860e+01    143100   1
      1070   5.000000e+00  4.084746e+00  1.659755e+01    144450   1
      1080   4.143750e+00  4.084746e+00  1.677963e+01    145800   1
      1090   5.625000e+00  4.084746e+00  1.695181e+01    147150   1
      1100   3.475000e+00  4.084746e+00  1.713196e+01    148500   1
      1110   4.156250e+00  4.084746e+00  1.732032e+01    149850   1
      1120   4.450000e+00  4.084746e+00  1.750303e+01    151200   1
      1130   3.312500e+00  4.084741e+00  1.769216e+01    152550   1
      1140   5.375000e+00  4.084741e+00  1.787064e+01    153900   1
      1150   4.800000e+00  4.084737e+00  1.806157e+01    155250   1
      1160   3.300000e+00  4.084737e+00  1.824762e+01    156600   1
      1170   4.356250e+00  4.084737e+00  1.842635e+01    157950   1
      1180   3.900000e+00  4.084737e+00  1.861139e+01    159300   1
      1190   4.450000e+00  4.084737e+00  1.882170e+01    160650   1
      1200   5.156250e+00  4.084737e+00  1.901110e+01    162000   1
      1210   4.500000e+00  4.084737e+00  1.918554e+01    163350   1
      1220   4.875000e+00  4.084737e+00  1.937978e+01    164700   1
      1230   4.000000e+00  4.084737e+00  1.955930e+01    166050   1
      1240   4.062500e+00  4.084737e+00  1.974694e+01    167400   1
      1250   5.450000e+00  4.084737e+00  1.993543e+01    168750   1
      1254   5.875000e+00  4.084737e+00  2.000948e+01    169290   1
-------------------------------------------------------------------
status         : time_limit
total time (s) : 2.000948e+01
total solves   : 169290
best bound     :  4.084737e+00
simulation ci  :  4.072041e+00 ± 4.039338e-02
numeric issues : 0
-------------------------------------------------------------------

-------------------------------------------------------------------
         SDDP.jl (c) Oscar Dowson and contributors, 2017-24
-------------------------------------------------------------------
problem
  nodes           : 3
  state variables : 1
  scenarios       : 8.51840e+04
  existing cuts   : false
options
  solver          : serial mode
  risk measure    : SDDP.Expectation()
  sampling scheme : SDDP.InSampleMonteCarlo
subproblem structure
  VariableRef                             : [6, 6]
  AffExpr in MOI.EqualTo{Float64}         : [1, 3]
  AffExpr in MOI.LessThan{Float64}        : [2, 2]
  VariableRef in MOI.GreaterThan{Float64} : [3, 4]
  VariableRef in MOI.LessThan{Float64}    : [3, 3]
numerical stability report
  matrix range     [8e-01, 2e+00]
  objective range  [1e+00, 2e+00]
  bounds range     [1e+00, 1e+02]
  rhs range        [5e+01, 5e+01]
-------------------------------------------------------------------
 iteration    simulation      bound        time (s)     solves  pid
-------------------------------------------------------------------
        10   3.750000e+00  4.359034e+00  1.911690e-01      1350   1
        20   4.462500e+00  4.049653e+00  5.842011e-01      2700   1
        30   4.637500e+00  4.043918e+00  1.073465e+00      4050   1
        40   4.625000e+00  4.041046e+00  1.711153e+00      5400   1
        50   3.200000e+00  4.040648e+00  2.428319e+00      6750   1
        60   3.250000e+00  4.040389e+00  3.290397e+00      8100   1
        70   4.556250e+00  4.039296e+00  4.253254e+00      9450   1
        80   3.425000e+00  4.039130e+00  5.308921e+00     10800   1
        90   5.412500e+00  4.039082e+00  6.493186e+00     12150   1
       100   3.975000e+00  4.038938e+00  7.799838e+00     13500   1
       110   5.000000e+00  4.038876e+00  9.170047e+00     14850   1
       120   4.256250e+00  4.038847e+00  1.066041e+01     16200   1
       130   3.250000e+00  4.038806e+00  1.232465e+01     17550   1
       140   3.050000e+00  4.038784e+00  1.407245e+01     18900   1
       150   4.625000e+00  4.038774e+00  1.585379e+01     20250   1
       160   3.475000e+00  4.037591e+00  1.777366e+01     21600   1
       170   5.112500e+00  4.037579e+00  1.978401e+01     22950   1
       172   4.500000e+00  4.037578e+00  2.021512e+01     23220   1
-------------------------------------------------------------------
status         : time_limit
total time (s) : 2.021512e+01
total solves   : 23220
best bound     :  4.037578e+00
simulation ci  :  4.051718e+00 ± 1.137264e-01
numeric issues : 0
-------------------------------------------------------------------

-------------------------------------------------------------------
         SDDP.jl (c) Oscar Dowson and contributors, 2017-24
-------------------------------------------------------------------
problem
  nodes           : 8
  state variables : 1
  scenarios       : 1.00000e+08
  existing cuts   : false
options
  solver          : serial mode
  risk measure    : SDDP.Expectation()
  sampling scheme : SDDP.InSampleMonteCarlo
subproblem structure
  VariableRef                             : [7, 7]
  AffExpr in MOI.EqualTo{Float64}         : [1, 1]
  AffExpr in MOI.GreaterThan{Float64}     : [2, 2]
  VariableRef in MOI.GreaterThan{Float64} : [4, 4]
  VariableRef in MOI.LessThan{Float64}    : [1, 2]
  VariableRef in MOI.ZeroOne              : [1, 1]
numerical stability report
  matrix range     [1e+00, 2e+00]
  objective range  [5e-01, 1e+00]
  bounds range     [1e+00, 1e+00]
  rhs range        [1e+00, 1e+00]
-------------------------------------------------------------------
 iteration    simulation      bound        time (s)     solves  pid
-------------------------------------------------------------------
        10   3.785215e+00  1.166861e+00  3.658221e-01      1680   1
        20   2.812407e+00  1.167299e+00  4.571249e-01      2560   1
        30   2.828561e+00  1.167299e+00  8.262761e-01      4240   1
        40   3.470837e+00  1.167299e+00  9.217100e-01      5120   1
        50   2.832678e+00  1.167299e+00  1.292830e+00      6800   1
        60   3.234686e+00  1.167299e+00  1.392885e+00      7680   1
        70   3.192636e+00  1.167299e+00  1.771367e+00      9360   1
        80   2.722614e+00  1.167299e+00  1.872901e+00     10240   1
-------------------------------------------------------------------
status         : simulation_stopping
total time (s) : 1.872901e+00
total solves   : 10240
best bound     :  1.167299e+00
simulation ci  :  3.241472e+00 ± 9.570211e-02
numeric issues : 0
-------------------------------------------------------------------

-------------------------------------------------------------------
         SDDP.jl (c) Oscar Dowson and contributors, 2017-24
-------------------------------------------------------------------
problem
  nodes           : 2
  state variables : 2
  scenarios       : 4.00000e+00
  existing cuts   : false
options
  solver          : serial mode
  risk measure    : SDDP.Expectation()
  sampling scheme : SDDP.InSampleMonteCarlo
subproblem structure
  VariableRef                             : [7, 11]
  AffExpr in MOI.EqualTo{Float64}         : [2, 2]
  AffExpr in MOI.LessThan{Float64}        : [2, 2]
  VariableRef in MOI.GreaterThan{Float64} : [5, 7]
  VariableRef in MOI.Integer              : [2, 2]
  VariableRef in MOI.LessThan{Float64}    : [4, 7]
  VariableRef in MOI.ZeroOne              : [4, 4]
numerical stability report
  matrix range     [1e+00, 6e+00]
  objective range  [1e+00, 3e+01]
  bounds range     [1e+00, 1e+02]
  rhs range        [0e+00, 0e+00]
-------------------------------------------------------------------
 iteration    simulation      bound        time (s)     solves  pid
-------------------------------------------------------------------
        10  -4.700000e+01 -5.809615e+01  3.097701e-02        78   1
        20  -4.700000e+01 -5.809615e+01  6.278205e-02       148   1
        30  -4.700000e+01 -5.809615e+01  1.006291e-01       226   1
        40  -4.700000e+01 -5.809615e+01  1.328311e-01       296   1
-------------------------------------------------------------------
status         : simulation_stopping
total time (s) : 1.328311e-01
total solves   : 296
best bound     : -5.809615e+01
simulation ci  : -5.821250e+01 ± 8.353903e+00
numeric issues : 0
-------------------------------------------------------------------

-------------------------------------------------------------------
         SDDP.jl (c) Oscar Dowson and contributors, 2017-24
-------------------------------------------------------------------
problem
  nodes           : 2
  state variables : 2
  scenarios       : 9.00000e+00
  existing cuts   : false
options
  solver          : serial mode
  risk measure    : SDDP.Expectation()
  sampling scheme : SDDP.InSampleMonteCarlo
subproblem structure
  VariableRef                             : [7, 11]
  AffExpr in MOI.EqualTo{Float64}         : [2, 2]
  AffExpr in MOI.LessThan{Float64}        : [2, 2]
  VariableRef in MOI.GreaterThan{Float64} : [5, 7]
  VariableRef in MOI.Integer              : [2, 2]
  VariableRef in MOI.LessThan{Float64}    : [4, 7]
  VariableRef in MOI.ZeroOne              : [4, 4]
numerical stability report
  matrix range     [1e+00, 6e+00]
  objective range  [1e+00, 3e+01]
  bounds range     [1e+00, 1e+02]
  rhs range        [0e+00, 0e+00]
-------------------------------------------------------------------
 iteration    simulation      bound        time (s)     solves  pid
-------------------------------------------------------------------
        10  -7.500000e+01 -6.196125e+01  3.748894e-02       138   1
        20  -7.500000e+01 -6.196125e+01  7.142305e-02       258   1
        30  -4.000000e+01 -6.196125e+01  1.182330e-01       396   1
        40  -4.000000e+01 -6.196125e+01  1.540360e-01       516   1
-------------------------------------------------------------------
status         : simulation_stopping
total time (s) : 1.540360e-01
total solves   : 516
best bound     : -6.196125e+01
simulation ci  : -5.753750e+01 ± 6.415492e+00
numeric issues : 0
-------------------------------------------------------------------

-------------------------------------------------------------------
         SDDP.jl (c) Oscar Dowson and contributors, 2017-24
-------------------------------------------------------------------
problem
  nodes           : 2
  state variables : 2
  scenarios       : 3.60000e+01
  existing cuts   : false
options
  solver          : serial mode
  risk measure    : SDDP.Expectation()
  sampling scheme : SDDP.InSampleMonteCarlo
subproblem structure
  VariableRef                             : [7, 11]
  AffExpr in MOI.EqualTo{Float64}         : [2, 2]
  AffExpr in MOI.LessThan{Float64}        : [2, 2]
  VariableRef in MOI.GreaterThan{Float64} : [5, 7]
  VariableRef in MOI.Integer              : [2, 2]
  VariableRef in MOI.LessThan{Float64}    : [4, 7]
  VariableRef in MOI.ZeroOne              : [4, 4]
numerical stability report
  matrix range     [1e+00, 6e+00]
  objective range  [1e+00, 3e+01]
  bounds range     [1e+00, 1e+02]
  rhs range        [0e+00, 0e+00]
-------------------------------------------------------------------
 iteration    simulation      bound        time (s)     solves  pid
-------------------------------------------------------------------
        10  -7.000000e+01 -6.546793e+01  7.494402e-02       462   1
        20  -6.300000e+01 -6.546793e+01  1.326711e-01       852   1
        30  -4.000000e+01 -6.546793e+01  2.408290e-01      1314   1
        40  -8.200000e+01 -6.546793e+01  2.982910e-01      1704   1
-------------------------------------------------------------------
status         : simulation_stopping
total time (s) : 2.982910e-01
total solves   : 1704
best bound     : -6.546793e+01
simulation ci  : -6.206250e+01 ± 4.415467e+00
numeric issues : 0
-------------------------------------------------------------------

-------------------------------------------------------------------
         SDDP.jl (c) Oscar Dowson and contributors, 2017-24
-------------------------------------------------------------------
problem
  nodes           : 3
  state variables : 2
  scenarios       : 2.70000e+01
  existing cuts   : false
options
  solver          : serial mode
  risk measure    : SDDP.Expectation()
  sampling scheme : SDDP.InSampleMonteCarlo
subproblem structure
  VariableRef                             : [9, 9]
  AffExpr in MOI.EqualTo{Float64}         : [2, 2]
  AffExpr in MOI.LessThan{Float64}        : [2, 2]
  VariableRef in MOI.GreaterThan{Float64} : [2, 3]
  VariableRef in MOI.LessThan{Float64}    : [3, 3]
  VariableRef in MOI.ZeroOne              : [4, 4]
numerical stability report
  matrix range     [1e+00, 1e+00]
  objective range  [1e+00, 6e+00]
  bounds range     [1e+00, 1e+02]
  rhs range        [0e+00, 0e+00]
-------------------------------------------------------------------
 iteration    simulation      bound        time (s)     solves  pid
-------------------------------------------------------------------
         1L  6.000000e+00  1.200000e+01  4.043317e-02        11   1
        40L  1.200000e+01  8.000000e+00  4.001372e-01       602   1
-------------------------------------------------------------------
status         : simulation_stopping
total time (s) : 4.001372e-01
total solves   : 602
best bound     :  8.000000e+00
simulation ci  :  8.100000e+00 ± 9.693887e-01
numeric issues : 0
-------------------------------------------------------------------

-------------------------------------------------------------------
         SDDP.jl (c) Oscar Dowson and contributors, 2017-24
-------------------------------------------------------------------
problem
  nodes           : 2
  state variables : 3
  scenarios       : 3.00000e+00
  existing cuts   : false
options
  solver          : serial mode
  risk measure    : SDDP.Expectation()
  sampling scheme : SDDP.InSampleMonteCarlo
subproblem structure
  VariableRef                             : [7, 19]
  AffExpr in MOI.EqualTo{Float64}         : [3, 3]
  AffExpr in MOI.GreaterThan{Float64}     : [3, 3]
  AffExpr in MOI.LessThan{Float64}        : [1, 1]
  VariableRef in MOI.GreaterThan{Float64} : [3, 16]
  VariableRef in MOI.LessThan{Float64}    : [1, 2]
numerical stability report
  matrix range     [1e+00, 2e+01]
  objective range  [1e+00, 1e+03]
  bounds range     [6e+03, 5e+05]
  rhs range        [2e+02, 5e+02]
-------------------------------------------------------------------
 iteration    simulation      bound        time (s)     solves  pid
-------------------------------------------------------------------
         1  -9.800000e+04  4.922260e+05  8.350205e-02         6   1
        40   1.093500e+05  1.083900e+05  1.123719e-01       240   1
-------------------------------------------------------------------
status         : iteration_limit
total time (s) : 1.123719e-01
total solves   : 240
best bound     :  1.083900e+05
simulation ci  :  1.008813e+05 ± 2.001742e+04
numeric issues : 0
-------------------------------------------------------------------

