-------------------------------------------------------------------
         SDDP.jl (c) Oscar Dowson and contributors, 2017-25
-------------------------------------------------------------------
problem
  nodes           : 2
  state variables : 1
  scenarios       : 2.00000e+00
  existing cuts   : false
options
  solver          : serial mode
  risk measure    : SDDP.Expectation()
  sampling scheme : SDDP.InSampleMonteCarlo
subproblem structure
  VariableRef                             : [6, 6]
  AffExpr in MOI.GreaterThan{Float64}     : [1, 1]
  AffExpr in MOI.LessThan{Float64}        : [1, 1]
  VariableRef in MOI.EqualTo{Float64}     : [1, 1]
  VariableRef in MOI.GreaterThan{Float64} : [3, 4]
  VariableRef in MOI.LessThan{Float64}    : [2, 2]
numerical stability report
  matrix range     [1e+00, 1e+00]
  objective range  [1e+00, 5e+00]
  bounds range     [8e+00, 8e+00]
  rhs range        [6e+00, 6e+00]
-------------------------------------------------------------------
 iteration    simulation      bound        time (s)     solves  pid
-------------------------------------------------------------------
         1   0.000000e+00 -1.000000e+01  3.417969e-03         5   1
        20   0.000000e+00 -1.000000e+01  1.345801e-02       104   1
-------------------------------------------------------------------
status         : simulation_stopping
total time (s) : 1.345801e-02
total solves   : 104
best bound     : -1.000000e+01
simulation ci  : -9.000000e+00 ± 4.474009e+00
numeric issues : 0
-------------------------------------------------------------------

-------------------------------------------------------------------
         SDDP.jl (c) Oscar Dowson and contributors, 2017-25
-------------------------------------------------------------------
problem
  nodes           : 3
  state variables : 2
  scenarios       : 4.00000e+00
  existing cuts   : false
options
  solver          : serial mode
  risk measure    : SDDP.Expectation()
  sampling scheme : SDDP.InSampleMonteCarlo
subproblem structure
  VariableRef                             : [8, 8]
  AffExpr in MOI.LessThan{Float64}        : [3, 3]
  VariableRef in MOI.EqualTo{Float64}     : [1, 1]
  VariableRef in MOI.GreaterThan{Float64} : [5, 5]
  VariableRef in MOI.LessThan{Float64}    : [1, 1]
numerical stability report
  matrix range     [1e+00, 1e+00]
  objective range  [2e-01, 3e+00]
  bounds range     [5e+01, 5e+01]
  rhs range        [0e+00, 0e+00]
-------------------------------------------------------------------
 iteration    simulation      bound        time (s)     solves  pid
-------------------------------------------------------------------
         5  -2.396000e+01 -2.396000e+01  7.893085e-03        52   1
        10  -4.260000e+01 -2.396000e+01  1.113510e-02        92   1
        15  -4.260000e+01 -2.396000e+01  1.453209e-02       132   1
        20  -4.260000e+01 -2.396000e+01  1.817513e-02       172   1
        25  -2.396000e+01 -2.396000e+01  2.286005e-02       224   1
        30  -4.260000e+01 -2.396000e+01  2.706814e-02       264   1
        35  -2.396000e+01 -2.396000e+01  3.177714e-02       304   1
        40  -2.396000e+01 -2.396000e+01  3.652716e-02       344   1
-------------------------------------------------------------------
status         : simulation_stopping
total time (s) : 3.652716e-02
total solves   : 344
best bound     : -2.396000e+01
simulation ci  : -2.660914e+01 ± 3.908038e+00
numeric issues : 0
-------------------------------------------------------------------

────────────────────────────────────────────────────────────────────
                           Time                    Allocations      
                  ───────────────────────   ────────────────────────
Tot / % measured:     40.2ms /   0.0%           23.5MiB /   0.0%    

Section   ncalls     time    %tot     avg     alloc    %tot      avg
────────────────────────────────────────────────────────────────────
────────────────────────────────────────────────────────────────────

-------------------------------------------------------------------
         SDDP.jl (c) Oscar Dowson and contributors, 2017-25
-------------------------------------------------------------------
problem
  nodes           : 3
  state variables : 2
  scenarios       : 4.00000e+00
  existing cuts   : false
options
  solver          : serial mode
  risk measure    : SDDP.Expectation()
  sampling scheme : SDDP.InSampleMonteCarlo
subproblem structure
  VariableRef                             : [8, 8]
  AffExpr in MOI.LessThan{Float64}        : [3, 3]
  VariableRef in MOI.EqualTo{Float64}     : [1, 1]
  VariableRef in MOI.GreaterThan{Float64} : [5, 5]
  VariableRef in MOI.LessThan{Float64}    : [1, 1]
numerical stability report
  matrix range     [1e+00, 1e+00]
  objective range  [2e-01, 3e+00]
  bounds range     [5e+01, 5e+01]
  rhs range        [0e+00, 0e+00]
-------------------------------------------------------------------
 iteration    simulation      bound        time (s)     solves  pid
-------------------------------------------------------------------
         5  -5.320000e+00 -2.396000e+01  7.853031e-03        52   1
        10  -5.320000e+00 -2.396000e+01  1.156998e-02        92   1
        15  -2.396000e+01 -2.396000e+01  1.589203e-02       132   1
        20  -5.320000e+00 -2.396000e+01  2.051306e-02       172   1
        25  -4.260000e+01 -2.396000e+01  2.641702e-02       224   1
        30  -2.396000e+01 -2.396000e+01  3.196883e-02       264   1
        35  -2.396000e+01 -2.396000e+01  3.822088e-02       304   1
        40  -2.396000e+01 -2.396000e+01  4.502487e-02       344   1
-------------------------------------------------------------------
status         : simulation_stopping
total time (s) : 4.502487e-02
total solves   : 344
best bound     : -2.396000e+01
simulation ci  : -1.957570e+01 ± 3.890802e+00
numeric issues : 0
-------------------------------------------------------------------

────────────────────────────────────────────────────────────────────
                           Time                    Allocations      
                  ───────────────────────   ────────────────────────
Tot / % measured:     48.9ms /   0.0%           29.4MiB /   0.0%    

Section   ncalls     time    %tot     avg     alloc    %tot      avg
────────────────────────────────────────────────────────────────────
────────────────────────────────────────────────────────────────────

-------------------------------------------------------------------
         SDDP.jl (c) Oscar Dowson and contributors, 2017-25
-------------------------------------------------------------------
problem
  nodes           : 2
  state variables : 1
  scenarios       : 2.00000e+00
  existing cuts   : false
options
  solver          : serial mode
  risk measure    : SDDP.Expectation()
  sampling scheme : SDDP.InSampleMonteCarlo
subproblem structure
  VariableRef                             : [3, 4]
  AffExpr in MOI.LessThan{Float64}        : [1, 1]
  VariableRef in MOI.GreaterThan{Float64} : [2, 3]
  VariableRef in MOI.LessThan{Float64}    : [2, 2]
numerical stability report
  matrix range     [1e+00, 1e+00]
  objective range  [1e+00, 2e+00]
  bounds range     [2e+00, 5e+00]
  rhs range        [0e+00, 0e+00]
-------------------------------------------------------------------
 iteration    simulation      bound        time (s)     solves  pid
-------------------------------------------------------------------
         1   0.000000e+00 -2.500000e+00  3.127098e-03         5   1
         2  -1.500000e+00 -2.000000e+00  4.077911e-03        14   1
         3  -1.000000e+00 -2.000000e+00  4.527092e-03        19   1
         4  -1.000000e+00 -2.000000e+00  4.926920e-03        24   1
         5  -1.000000e+00 -2.000000e+00  5.297899e-03        29   1
         6  -1.000000e+00 -2.000000e+00  5.693913e-03        34   1
         7  -3.000000e+00 -2.000000e+00  6.072998e-03        39   1
         8  -1.000000e+00 -2.000000e+00  6.442070e-03        44   1
         9  -3.000000e+00 -2.000000e+00  6.840944e-03        49   1
        10  -3.000000e+00 -2.000000e+00  7.227898e-03        54   1
        11  -1.000000e+00 -2.000000e+00  7.637024e-03        59   1
        12  -3.000000e+00 -2.000000e+00  8.033037e-03        64   1
        13  -3.000000e+00 -2.000000e+00  8.421898e-03        69   1
        14  -1.000000e+00 -2.000000e+00  8.846045e-03        74   1
        15  -1.000000e+00 -2.000000e+00  9.253979e-03        79   1
        16  -1.000000e+00 -2.000000e+00  9.684086e-03        84   1
        17  -1.000000e+00 -2.000000e+00  1.010609e-02        89   1
        18  -3.000000e+00 -2.000000e+00  1.051903e-02        94   1
        19  -1.000000e+00 -2.000000e+00  1.096392e-02        99   1
        20  -1.000000e+00 -2.000000e+00  1.138806e-02       104   1
        21  -1.000000e+00 -2.000000e+00  1.221895e-02       113   1
        22  -3.000000e+00 -2.000000e+00  1.268792e-02       118   1
        23  -3.000000e+00 -2.000000e+00  1.313400e-02       123   1
        24  -1.000000e+00 -2.000000e+00  1.360106e-02       128   1
        25  -1.000000e+00 -2.000000e+00  1.405191e-02       133   1
        26  -1.000000e+00 -2.000000e+00  1.450109e-02       138   1
        27  -3.000000e+00 -2.000000e+00  1.504207e-02       143   1
        28  -1.000000e+00 -2.000000e+00  1.551509e-02       148   1
        29  -3.000000e+00 -2.000000e+00  1.603103e-02       153   1
        30  -3.000000e+00 -2.000000e+00  1.656389e-02       158   1
        31  -3.000000e+00 -2.000000e+00  1.708198e-02       163   1
        32  -1.000000e+00 -2.000000e+00  1.761794e-02       168   1
        33  -3.000000e+00 -2.000000e+00  1.814604e-02       173   1
        34  -3.000000e+00 -2.000000e+00  1.870203e-02       178   1
        35  -3.000000e+00 -2.000000e+00  1.923394e-02       183   1
        36  -3.000000e+00 -2.000000e+00  1.978803e-02       188   1
        37  -3.000000e+00 -2.000000e+00  2.032709e-02       193   1
        38  -3.000000e+00 -2.000000e+00  2.089095e-02       198   1
        39  -1.000000e+00 -2.000000e+00  2.144289e-02       203   1
        40  -3.000000e+00 -2.000000e+00  2.201295e-02       208   1
-------------------------------------------------------------------
status         : simulation_stopping
total time (s) : 2.201295e-02
total solves   : 208
best bound     : -2.000000e+00
simulation ci  : -1.937500e+00 ± 3.219605e-01
numeric issues : 0
-------------------------------------------------------------------

-------------------------------------------------------------------
         SDDP.jl (c) Oscar Dowson and contributors, 2017-25
-------------------------------------------------------------------
problem
  nodes           : 3
  state variables : 1
  scenarios       : Inf
  existing cuts   : false
options
  solver          : serial mode
  risk measure    : SDDP.Expectation()
  sampling scheme : SDDP.InSampleMonteCarlo
subproblem structure
  VariableRef                             : [6, 6]
  AffExpr in MOI.EqualTo{Float64}         : [2, 2]
  VariableRef in MOI.GreaterThan{Float64} : [5, 5]
  VariableRef in MOI.LessThan{Float64}    : [1, 1]
numerical stability report
  matrix range     [1e+00, 1e+00]
  objective range  [1e+00, 3e+00]
  bounds range     [5e+00, 2e+01]
  rhs range        [2e+00, 1e+01]
-------------------------------------------------------------------
 iteration    simulation      bound        time (s)     solves  pid
-------------------------------------------------------------------
         1   2.390000e+02  6.216295e+01  1.048110e-01       183   1
        33   9.531154e+02  2.351331e+02  1.139702e+00      8715   1
        59   4.476384e+02  2.363016e+02  2.170978e+00     15513   1
        74   9.550751e+02  2.364090e+02  3.176785e+00     21198   1
        98   2.615032e+02  2.364299e+02  4.223431e+00     26370   1
       100   1.164997e+02  2.364302e+02  4.281132e+00     26640   1
-------------------------------------------------------------------
status         : iteration_limit
total time (s) : 4.281132e+00
total solves   : 26640
best bound     :  2.364302e+02
simulation ci  :  2.593751e+02 ± 5.185751e+01
numeric issues : 0
-------------------------------------------------------------------

-------------------------------------------------------------------
         SDDP.jl (c) Oscar Dowson and contributors, 2017-25
-------------------------------------------------------------------
problem
  nodes           : 5
  state variables : 3
  scenarios       : 1.43489e+07
  existing cuts   : false
options
  solver          : serial mode
  risk measure    : SDDP.Expectation()
  sampling scheme : SDDP.InSampleMonteCarlo
subproblem structure
  VariableRef                             : [13, 13]
  AffExpr in MOI.EqualTo{Float64}         : [3, 3]
  AffExpr in MOI.LessThan{Float64}        : [1, 1]
  VariableRef in MOI.EqualTo{Float64}     : [3, 3]
  VariableRef in MOI.GreaterThan{Float64} : [7, 7]
  VariableRef in MOI.LessThan{Float64}    : [6, 7]
numerical stability report
  matrix range     [1e+00, 1e+00]
  objective range  [3e-01, 2e+00]
  bounds range     [5e-01, 5e+00]
  rhs range        [2e+00, 2e+00]
-------------------------------------------------------------------
 iteration    simulation      bound        time (s)     solves  pid
-------------------------------------------------------------------
        10  -3.878303e+00 -4.434982e+00  1.956601e-01      1400   1
        20  -4.235800e+00 -4.403620e+00  3.129771e-01      2800   1
        30  -3.115997e+00 -4.381585e+00  4.376512e-01      4200   1
        40  -3.761147e+00 -4.369123e+00  5.729740e-01      5600   1
        50  -4.230230e+00 -4.363943e+00  7.151151e-01      7000   1
        60  -3.653084e+00 -4.360307e+00  8.529921e-01      8400   1
        70  -4.031867e+00 -4.357925e+00  9.957862e-01      9800   1
        80  -4.295091e+00 -4.355584e+00  1.139585e+00     11200   1
        90  -4.509140e+00 -4.354336e+00  1.289350e+00     12600   1
       100  -4.178952e+00 -4.352075e+00  1.435330e+00     14000   1
-------------------------------------------------------------------
status         : iteration_limit
total time (s) : 1.435330e+00
total solves   : 14000
best bound     : -4.352075e+00
simulation ci  : -4.250177e+00 ± 8.656179e-02
numeric issues : 0
-------------------------------------------------------------------

-------------------------------------------------------------------
         SDDP.jl (c) Oscar Dowson and contributors, 2017-25
-------------------------------------------------------------------
problem
  nodes           : 5
  state variables : 1
  scenarios       : 1.00000e+05
  existing cuts   : false
options
  solver          : serial mode
  risk measure    : SDDP.Expectation()
  sampling scheme : SDDP.InSampleMonteCarlo
subproblem structure
  VariableRef                             : [5, 5]
  AffExpr in MOI.EqualTo{Float64}         : [1, 1]
  VariableRef in MOI.EqualTo{Float64}     : [1, 1]
  VariableRef in MOI.GreaterThan{Float64} : [3, 3]
  VariableRef in MOI.LessThan{Float64}    : [2, 3]
numerical stability report
  matrix range     [1e+00, 1e+00]
  objective range  [3e-01, 2e+00]
  bounds range     [5e-01, 2e+00]
  rhs range        [0e+00, 0e+00]
-------------------------------------------------------------------
 iteration    simulation      bound        time (s)     solves  pid
-------------------------------------------------------------------
        10  -1.573154e+00 -1.474247e+00  6.794000e-02      1050   1
        20  -1.346690e+00 -1.471483e+00  1.048660e-01      1600   1
        30  -1.308031e+00 -1.471307e+00  1.864171e-01      2650   1
        40  -1.401200e+00 -1.471167e+00  2.255170e-01      3200   1
        50  -1.557483e+00 -1.471097e+00  3.137822e-01      4250   1
        60  -1.534169e+00 -1.471075e+00  3.619480e-01      4800   1
        65  -1.689864e+00 -1.471075e+00  3.832171e-01      5075   1
-------------------------------------------------------------------
status         : simulation_stopping
total time (s) : 3.832171e-01
total solves   : 5075
best bound     : -1.471075e+00
simulation ci  : -1.484084e+00 ± 4.058719e-02
numeric issues : 0
-------------------------------------------------------------------

-------------------------------------------------------------------
         SDDP.jl (c) Oscar Dowson and contributors, 2017-25
-------------------------------------------------------------------
problem
  nodes           : 2
  state variables : 4
  scenarios       : 2.00000e+00
  existing cuts   : false
options
  solver          : serial mode
  risk measure    : SDDP.Expectation()
  sampling scheme : SDDP.InSampleMonteCarlo
subproblem structure
  VariableRef                             : [29, 29]
  AffExpr in MOI.EqualTo{Float64}         : [4, 5]
  AffExpr in MOI.GreaterThan{Float64}     : [3, 3]
  AffExpr in MOI.LessThan{Float64}        : [4, 4]
  VariableRef in MOI.EqualTo{Float64}     : [3, 3]
  VariableRef in MOI.GreaterThan{Float64} : [22, 22]
  VariableRef in MOI.LessThan{Float64}    : [1, 1]
numerical stability report
  matrix range     [1e+00, 1e+00]
  objective range  [1e+00, 1e+06]
  bounds range     [0e+00, 0e+00]
  rhs range        [0e+00, 0e+00]
-------------------------------------------------------------------
 iteration    simulation      bound        time (s)     solves  pid
-------------------------------------------------------------------
        10   3.455904e+05  3.147347e+05  9.082079e-03        54   1
        20   3.336455e+05  3.402383e+05  1.512814e-02       104   1
        30   3.337559e+05  3.403155e+05  2.008295e-02       158   1
        40   3.337559e+05  3.403155e+05  2.446198e-02       208   1
        47   3.337559e+05  3.403155e+05  2.792907e-02       243   1
-------------------------------------------------------------------
status         : simulation_stopping
total time (s) : 2.792907e-02
total solves   : 243
best bound     :  3.403155e+05
simulation ci  :  1.380364e+08 ± 1.823274e+08
numeric issues : 0
-------------------------------------------------------------------

-------------------------------------------------------------------
         SDDP.jl (c) Oscar Dowson and contributors, 2017-25
-------------------------------------------------------------------
problem
  nodes           : 3
  state variables : 4
  scenarios       : 4.00000e+00
  existing cuts   : false
options
  solver          : serial mode
  risk measure    : SDDP.Expectation()
  sampling scheme : SDDP.InSampleMonteCarlo
subproblem structure
  VariableRef                             : [29, 29]
  AffExpr in MOI.EqualTo{Float64}         : [4, 5]
  AffExpr in MOI.GreaterThan{Float64}     : [3, 3]
  AffExpr in MOI.LessThan{Float64}        : [4, 4]
  VariableRef in MOI.EqualTo{Float64}     : [3, 3]
  VariableRef in MOI.GreaterThan{Float64} : [22, 22]
  VariableRef in MOI.LessThan{Float64}    : [1, 1]
numerical stability report
  matrix range     [1e+00, 1e+00]
  objective range  [1e+00, 1e+05]
  bounds range     [0e+00, 0e+00]
  rhs range        [0e+00, 0e+00]
-------------------------------------------------------------------
 iteration    simulation      bound        time (s)     solves  pid
-------------------------------------------------------------------
        10   5.099074e+05  3.509666e+05  1.401305e-02        92   1
        20   4.055335e+05  4.054833e+05  2.420902e-02       172   1
        30   3.959476e+05  4.067125e+05  3.259110e-02       264   1
        40   4.497721e+05  4.067125e+05  4.006410e-02       344   1
        47   3.959476e+05  4.067125e+05  4.612017e-02       400   1
-------------------------------------------------------------------
status         : simulation_stopping
total time (s) : 4.612017e-02
total solves   : 400
best bound     :  4.067125e+05
simulation ci  :  2.748575e+07 ± 3.643795e+07
numeric issues : 0
-------------------------------------------------------------------

-------------------------------------------------------------------
         SDDP.jl (c) Oscar Dowson and contributors, 2017-25
-------------------------------------------------------------------
problem
  nodes           : 10
  state variables : 4
  scenarios       : 2.70000e+01
  existing cuts   : false
options
  solver          : serial mode
  risk measure    : SDDP.Expectation()
  sampling scheme : SDDP.InSampleMonteCarlo
subproblem structure
  VariableRef                             : [24, 24]
  AffExpr in MOI.EqualTo{Float64}         : [3, 3]
  AffExpr in MOI.GreaterThan{Float64}     : [1, 1]
  AffExpr in MOI.LessThan{Float64}        : [1, 6]
  VariableRef in MOI.GreaterThan{Float64} : [20, 20]
  VariableRef in MOI.LessThan{Float64}    : [1, 2]
numerical stability report
  matrix range     [1e+00, 8e+01]
  objective range  [1e+00, 1e+03]
  bounds range     [6e+01, 6e+01]
  rhs range        [2e+02, 3e+03]
-------------------------------------------------------------------
 iteration    simulation      bound        time (s)     solves  pid
-------------------------------------------------------------------
         1   8.316000e+03  0.000000e+00  9.713697e-02        14   1
        40   5.132230e+03  4.074139e+03  1.573870e-01       776   1
-------------------------------------------------------------------
status         : simulation_stopping
total time (s) : 1.573870e-01
total solves   : 776
best bound     :  4.074139e+03
simulation ci  :  4.614472e+03 ± 6.483882e+02
numeric issues : 0
-------------------------------------------------------------------

-------------------------------------------------------------------
         SDDP.jl (c) Oscar Dowson and contributors, 2017-25
-------------------------------------------------------------------
problem
  nodes           : 3
  state variables : 1
  scenarios       : 4.00000e+00
  existing cuts   : false
options
  solver          : serial mode
  risk measure    : SDDP.Expectation()
  sampling scheme : SDDP.InSampleMonteCarlo
subproblem structure
  VariableRef                             : [6, 6]
  AffExpr in MOI.EqualTo{Float64}         : [1, 1]
  VariableRef in MOI.EqualTo{Float64}     : [1, 1]
  VariableRef in MOI.GreaterThan{Float64} : [4, 4]
  VariableRef in MOI.Integer              : [3, 3]
  VariableRef in MOI.LessThan{Float64}    : [2, 3]
numerical stability report
  matrix range     [1e+00, 1e+00]
  objective range  [1e+00, 3e+02]
  bounds range     [1e+02, 2e+02]
  rhs range        [0e+00, 0e+00]
-------------------------------------------------------------------
 iteration    simulation      bound        time (s)     solves  pid
-------------------------------------------------------------------
         1L  1.100000e+05  6.250000e+04  5.763111e-01         8   1
        20L  9.500000e+04  6.250000e+04  6.718481e-01       172   1
-------------------------------------------------------------------
status         : simulation_stopping
total time (s) : 6.718481e-01
total solves   : 172
best bound     :  6.250000e+04
simulation ci  :  6.625000e+04 ± 8.732889e+03
numeric issues : 0
-------------------------------------------------------------------

-------------------------------------------------------------------
         SDDP.jl (c) Oscar Dowson and contributors, 2017-25
-------------------------------------------------------------------
problem
  nodes           : 3
  state variables : 1
  scenarios       : 4.00000e+00
  existing cuts   : false
options
  solver          : serial mode
  risk measure    : SDDP.Expectation()
  sampling scheme : SDDP.InSampleMonteCarlo
subproblem structure
  VariableRef                             : [6, 6]
  AffExpr in MOI.EqualTo{Float64}         : [1, 1]
  VariableRef in MOI.EqualTo{Float64}     : [1, 1]
  VariableRef in MOI.GreaterThan{Float64} : [4, 4]
  VariableRef in MOI.Integer              : [3, 3]
  VariableRef in MOI.LessThan{Float64}    : [2, 3]
numerical stability report
  matrix range     [1e+00, 1e+00]
  objective range  [1e+00, 3e+02]
  bounds range     [1e+02, 2e+02]
  rhs range        [0e+00, 0e+00]
-------------------------------------------------------------------
 iteration    simulation      bound        time (s)     solves  pid
-------------------------------------------------------------------
         1   3.000000e+04  6.250000e+04  4.894018e-03         8   1
        20   5.500000e+04  6.250000e+04  4.660416e-02       172   1
-------------------------------------------------------------------
status         : simulation_stopping
total time (s) : 4.660416e-02
total solves   : 172
best bound     :  6.250000e+04
simulation ci  :  5.975000e+04 ± 8.921853e+03
numeric issues : 0
-------------------------------------------------------------------

-------------------------------------------------------------------
         SDDP.jl (c) Oscar Dowson and contributors, 2017-25
-------------------------------------------------------------------
problem
  nodes           : 3
  state variables : 1
  scenarios       : 4.00000e+00
  existing cuts   : false
options
  solver          : serial mode
  risk measure    : SDDP.Expectation()
  sampling scheme : SDDP.InSampleMonteCarlo
subproblem structure
  VariableRef                             : [5, 5]
  AffExpr in MOI.EqualTo{Float64}         : [1, 1]
  VariableRef in MOI.GreaterThan{Float64} : [4, 4]
  VariableRef in MOI.LessThan{Float64}    : [2, 3]
numerical stability report
  matrix range     [1e+00, 1e+00]
  objective range  [1e+00, 3e+02]
  bounds range     [1e+02, 2e+02]
  rhs range        [1e+02, 3e+02]
-------------------------------------------------------------------
 iteration    simulation      bound        time (s)     solves  pid
-------------------------------------------------------------------
         1   3.000000e+04  6.250000e+04  7.210970e-03         5   1
        10   9.500000e+04  6.250000e+04  2.000093e-02        50   1
-------------------------------------------------------------------
status         : iteration_limit
total time (s) : 2.000093e-02
total solves   : 50
best bound     :  6.250000e+04
simulation ci  :  5.850000e+04 ± 1.339333e+04
numeric issues : 0
-------------------------------------------------------------------

-------------------------------------------------------------------
         SDDP.jl (c) Oscar Dowson and contributors, 2017-25
-------------------------------------------------------------------
problem
  nodes           : 3
  state variables : 2
  scenarios       : 1.00000e+00
  existing cuts   : false
options
  solver          : serial mode
  risk measure    : SDDP.Expectation()
  sampling scheme : SDDP.InSampleMonteCarlo
subproblem structure
  VariableRef                             : [6, 6]
  AffExpr in MOI.EqualTo{Float64}         : [2, 2]
  VariableRef in MOI.GreaterThan{Float64} : [2, 3]
  VariableRef in MOI.LessThan{Float64}    : [3, 3]
  VariableRef in MOI.ZeroOne              : [3, 3]
numerical stability report
  matrix range     [1e+00, 1e+00]
  objective range  [1e+00, 6e+00]
  bounds range     [1e+00, 1e+02]
  rhs range        [0e+00, 0e+00]
-------------------------------------------------------------------
 iteration    simulation      bound        time (s)     solves  pid
-------------------------------------------------------------------
         1L  6.000000e+00  9.000000e+00  4.027891e-02         6   1
        20L  9.000000e+00  9.000000e+00  8.250999e-02       123   1
-------------------------------------------------------------------
status         : simulation_stopping
total time (s) : 8.250999e-02
total solves   : 123
best bound     :  9.000000e+00
simulation ci  :  8.850000e+00 ± 2.940000e-01
numeric issues : 0
-------------------------------------------------------------------

-------------------------------------------------------------------
         SDDP.jl (c) Oscar Dowson and contributors, 2017-25
-------------------------------------------------------------------
problem
  nodes           : 7
  state variables : 2
  scenarios       : 8.00000e+00
  existing cuts   : false
options
  solver          : serial mode
  risk measure    : SDDP.Expectation()
  sampling scheme : SDDP.InSampleMonteCarlo
subproblem structure
  VariableRef                             : [5, 7]
  AffExpr in MOI.EqualTo{Float64}         : [1, 1]
  VariableRef in MOI.GreaterThan{Float64} : [3, 5]
  VariableRef in MOI.LessThan{Float64}    : [1, 1]
numerical stability report
  matrix range     [1e+00, 1e+00]
  objective range  [1e+00, 4e+00]
  bounds range     [1e+03, 1e+03]
  rhs range        [6e+01, 8e+01]
-------------------------------------------------------------------
 iteration    simulation      bound        time (s)     solves  pid
-------------------------------------------------------------------
         5  -2.742188e+01  2.605769e-01  1.346493e-02        87   1
        10  -2.742188e+01  2.605769e-01  1.851392e-02       142   1
        15   6.813781e+00  1.253721e+00  2.385402e-02       197   1
        20   0.000000e+00  1.514085e+00  2.988696e-02       252   1
        25   4.864000e+01  1.514085e+00  8.345103e-02       339   1
        30  -1.428571e+00  1.514085e+00  8.894897e-02       394   1
        35   3.979039e-13  1.514085e+00  9.443212e-02       449   1
        40  -3.979039e-13  1.514085e+00  1.009371e-01       504   1
        43   4.864000e+01  1.514085e+00  1.045289e-01       537   1
-------------------------------------------------------------------
status         : simulation_stopping
total time (s) : 1.045289e-01
total solves   : 537
best bound     :  1.514085e+00
simulation ci  :  9.362303e-02 ± 6.246351e+00
numeric issues : 0
-------------------------------------------------------------------

-------------------------------------------------------------------
         SDDP.jl (c) Oscar Dowson and contributors, 2017-25
-------------------------------------------------------------------
problem
  nodes           : 7
  state variables : 2
  scenarios       : 3.20000e+01
  existing cuts   : false
options
  solver          : serial mode
  risk measure    : #4
  sampling scheme : SDDP.InSampleMonteCarlo
subproblem structure
  VariableRef                             : [5, 7]
  AffExpr in MOI.EqualTo{Float64}         : [1, 1]
  VariableRef in MOI.EqualTo{Float64}     : [1, 1]
  VariableRef in MOI.GreaterThan{Float64} : [2, 5]
  VariableRef in MOI.LessThan{Float64}    : [1, 1]
numerical stability report
  matrix range     [1e+00, 1e+00]
  objective range  [2e-02, 4e+00]
  bounds range     [1e+03, 1e+03]
  rhs range        [6e+01, 8e+01]
-------------------------------------------------------------------
 iteration    simulation      bound        time (s)     solves  pid
-------------------------------------------------------------------
        10  -7.690656e+00  2.366592e+00  1.629970e-01       278   1
        20   1.266135e+00  1.306623e+00  1.788061e-01       428   1
        30   2.252026e-01  1.280382e+00  1.951411e-01       578   1
        40  -1.051817e+00  1.278410e+00  2.232220e-01       856   1
        50   7.320288e+00  1.278410e+00  2.397749e-01      1006   1
        56   1.111084e+01  1.278410e+00  2.503700e-01      1096   1
-------------------------------------------------------------------
status         : simulation_stopping
total time (s) : 2.503700e-01
total solves   : 1096
best bound     :  1.278410e+00
simulation ci  :  3.912743e+00 ± 4.211699e+00
numeric issues : 0
-------------------------------------------------------------------

-------------------------------------------------------------------
         SDDP.jl (c) Oscar Dowson and contributors, 2017-25
-------------------------------------------------------------------
problem
  nodes           : 7
  state variables : 2
  scenarios       : 3.20000e+01
  existing cuts   : false
options
  solver          : serial mode
  risk measure    : #4
  sampling scheme : SDDP.InSampleMonteCarlo
subproblem structure
  VariableRef                             : [5, 7]
  AffExpr in MOI.EqualTo{Float64}         : [1, 1]
  VariableRef in MOI.EqualTo{Float64}     : [1, 1]
  VariableRef in MOI.GreaterThan{Float64} : [2, 5]
  VariableRef in MOI.LessThan{Float64}    : [1, 1]
numerical stability report
  matrix range     [1e+00, 1e+00]
  objective range  [2e-02, 4e+00]
  bounds range     [1e+03, 1e+03]
  rhs range        [6e+01, 8e+01]
-------------------------------------------------------------------
 iteration    simulation      bound        time (s)     solves  pid
-------------------------------------------------------------------
        10   2.007061e+00  1.281639e+00  3.391314e-02       278   1
        20   1.426676e+01  1.278410e+00  5.518222e-02       428   1
        30   1.522212e+00  1.278410e+00  9.444499e-02       706   1
        40  -4.523775e+01  1.278410e+00  1.213410e-01       856   1
-------------------------------------------------------------------
status         : simulation_stopping
total time (s) : 1.213410e-01
total solves   : 856
best bound     :  1.278410e+00
simulation ci  :  1.019480e+00 ± 6.246418e+00
numeric issues : 0
-------------------------------------------------------------------

-------------------------------------------------------------------
         SDDP.jl (c) Oscar Dowson and contributors, 2017-25
-------------------------------------------------------------------
problem
  nodes           : 4
  state variables : 1
  scenarios       : Inf
  existing cuts   : false
options
  solver          : serial mode
  risk measure    : SDDP.Expectation()
  sampling scheme : SDDP.InSampleMonteCarlo
subproblem structure
  VariableRef                             : [7, 7]
  AffExpr in MOI.EqualTo{Float64}         : [1, 1]
  AffExpr in MOI.GreaterThan{Float64}     : [2, 2]
  VariableRef in MOI.EqualTo{Float64}     : [1, 1]
  VariableRef in MOI.GreaterThan{Float64} : [5, 5]
  VariableRef in MOI.LessThan{Float64}    : [3, 3]
numerical stability report
  matrix range     [1e+00, 1e+00]
  objective range  [1e+00, 2e+00]
  bounds range     [2e+00, 1e+02]
  rhs range        [0e+00, 0e+00]
-------------------------------------------------------------------
 iteration    simulation      bound        time (s)     solves  pid
-------------------------------------------------------------------
        10   4.787277e+00  9.346930e+00  1.537768e+00       900   1
        20   6.374753e+00  1.361934e+01  1.673747e+00      1720   1
        30   2.848217e+01  1.624016e+01  1.942665e+00      3036   1
        40   1.973944e+01  1.776547e+01  2.242120e+00      4192   1
        50   4.000000e+00  1.889360e+01  2.488425e+00      5020   1
        60   1.143524e+01  1.907862e+01  2.776679e+00      5808   1
        70   9.386174e+00  1.961343e+01  3.131644e+00      6540   1
        80   5.667808e+01  1.890971e+01  3.322850e+00      7088   1
        90   3.740638e+01  1.993168e+01  3.768203e+00      8180   1
       100   9.867073e+00  2.001710e+01  3.950295e+00      8664   1
-------------------------------------------------------------------
status         : iteration_limit
total time (s) : 3.950295e+00
total solves   : 8664
best bound     :  2.001710e+01
simulation ci  :  2.301353e+01 ± 4.670835e+00
numeric issues : 0
-------------------------------------------------------------------

-------------------------------------------------------------------
         SDDP.jl (c) Oscar Dowson and contributors, 2017-25
-------------------------------------------------------------------
problem
  nodes           : 5
  state variables : 2
  scenarios       : 3.20000e+01
  existing cuts   : false
options
  solver          : serial mode
  risk measure    : SDDP.Expectation()
  sampling scheme : SDDP.InSampleMonteCarlo
subproblem structure
  VariableRef                             : [10, 10]
  AffExpr in MOI.EqualTo{Float64}         : [2, 2]
  AffExpr in MOI.GreaterThan{Float64}     : [2, 2]
  AffExpr in MOI.LessThan{Float64}        : [6, 6]
  VariableRef in MOI.EqualTo{Float64}     : [2, 2]
  VariableRef in MOI.GreaterThan{Float64} : [5, 6]
  VariableRef in MOI.LessThan{Float64}    : [6, 6]
  VariableRef in MOI.ZeroOne              : [5, 5]
numerical stability report
  matrix range     [1e+00, 1e+00]
  objective range  [1e+00, 6e+00]
  bounds range     [1e+00, 1e+01]
  rhs range        [1e+00, 1e+00]
-------------------------------------------------------------------
 iteration    simulation      bound        time (s)     solves  pid
-------------------------------------------------------------------
         5   9.000000e+00  9.002950e+00  1.367960e-01       235   1
        10   4.000000e+00  9.002950e+00  1.573339e-01       310   1
        15   4.000000e+00  9.002950e+00  1.788750e-01       385   1
        20   4.000000e+00  9.002950e+00  2.003748e-01       460   1
        25   1.000000e+01  9.002950e+00  2.790339e-01       695   1
        30   5.000000e+00  9.002950e+00  3.056049e-01       770   1
        35   1.000000e+01  9.002950e+00  3.295140e-01       845   1
        40   5.000000e+00  9.002950e+00  3.535590e-01       920   1
-------------------------------------------------------------------
status         : simulation_stopping
total time (s) : 3.535590e-01
total solves   : 920
best bound     :  9.002950e+00
simulation ci  :  6.375000e+00 ± 7.930178e-01
numeric issues : 0
-------------------------------------------------------------------

-------------------------------------------------------------------
         SDDP.jl (c) Oscar Dowson and contributors, 2017-25
-------------------------------------------------------------------
problem
  nodes           : 3
  state variables : 4
  scenarios       : 2.16000e+02
  existing cuts   : false
options
  solver          : serial mode
  risk measure    : SDDP.Expectation()
  sampling scheme : SDDP.InSampleMonteCarlo
subproblem structure
  VariableRef                             : [18, 18]
  AffExpr in MOI.EqualTo{Float64}         : [4, 4]
  AffExpr in MOI.GreaterThan{Float64}     : [4, 4]
  AffExpr in MOI.LessThan{Float64}        : [12, 12]
  VariableRef in MOI.EqualTo{Float64}     : [4, 4]
  VariableRef in MOI.GreaterThan{Float64} : [9, 10]
  VariableRef in MOI.LessThan{Float64}    : [10, 10]
  VariableRef in MOI.ZeroOne              : [9, 9]
numerical stability report
  matrix range     [1e+00, 1e+00]
  objective range  [1e+00, 4e+00]
  bounds range     [1e+00, 2e+01]
  rhs range        [1e+00, 1e+00]
-------------------------------------------------------------------
 iteration    simulation      bound        time (s)     solves  pid
-------------------------------------------------------------------
        10   1.000000e+01  6.868919e+00  1.066980e-01       510   1
        20   2.000000e+00  6.834387e+00  1.597800e-01       720   1
        30   1.200000e+01  6.834387e+00  3.028040e-01      1230   1
        40   7.000000e+00  6.823805e+00  3.563669e-01      1440   1
        50   7.000000e+00  6.823805e+00  5.038331e-01      1950   1
        60   5.000000e+00  6.823805e+00  5.588720e-01      2160   1
-------------------------------------------------------------------
status         : simulation_stopping
total time (s) : 5.588720e-01
total solves   : 2160
best bound     :  6.823805e+00
simulation ci  :  6.183333e+00 ± 6.258900e-01
numeric issues : 0
-------------------------------------------------------------------

-------------------------------------------------------------------
         SDDP.jl (c) Oscar Dowson and contributors, 2017-25
-------------------------------------------------------------------
problem
  nodes           : 5
  state variables : 5
  scenarios       : 3.27680e+04
  existing cuts   : false
options
  solver          : serial mode
  risk measure    : SDDP.Expectation()
  sampling scheme : SDDP.InSampleMonteCarlo
subproblem structure
  VariableRef                             : [14, 14]
  AffExpr in MOI.GreaterThan{Float64}     : [7, 7]
  AffExpr in MOI.LessThan{Float64}        : [4, 4]
  VariableRef in MOI.EqualTo{Float64}     : [1, 1]
  VariableRef in MOI.GreaterThan{Float64} : [8, 8]
  VariableRef in MOI.Integer              : [5, 5]
  VariableRef in MOI.LessThan{Float64}    : [5, 6]
numerical stability report
  matrix range     [1e+00, 1e+00]
  objective range  [1e+00, 5e+05]
  bounds range     [1e+00, 1e+00]
  rhs range        [0e+00, 0e+00]
-------------------------------------------------------------------
 iteration    simulation      bound        time (s)     solves  pid
-------------------------------------------------------------------
        10   2.549668e+06  2.078257e+06  5.238831e-01       920   1
        20   5.494568e+05  2.078257e+06  7.207921e-01      1340   1
        30   4.985879e+04  2.078257e+06  1.264047e+00      2260   1
        40   3.799447e+06  2.078257e+06  1.466180e+00      2680   1
        50   1.049867e+06  2.078257e+06  2.025318e+00      3600   1
        60   3.985191e+04  2.078257e+06  2.231297e+00      4020   1
-------------------------------------------------------------------
status         : simulation_stopping
total time (s) : 2.231297e+00
total solves   : 4020
best bound     :  2.078257e+06
simulation ci  :  2.031697e+06 ± 3.922745e+05
numeric issues : 0
-------------------------------------------------------------------

-------------------------------------------------------------------
         SDDP.jl (c) Oscar Dowson and contributors, 2017-25
-------------------------------------------------------------------
problem
  nodes           : 5
  state variables : 5
  scenarios       : 3.27680e+04
  existing cuts   : false
options
  solver          : serial mode
  risk measure    : SDDP.Expectation()
  sampling scheme : SDDP.InSampleMonteCarlo
subproblem structure
  VariableRef                             : [14, 14]
  AffExpr in MOI.GreaterThan{Float64}     : [7, 7]
  AffExpr in MOI.LessThan{Float64}        : [4, 4]
  VariableRef in MOI.EqualTo{Float64}     : [1, 1]
  VariableRef in MOI.GreaterThan{Float64} : [8, 8]
  VariableRef in MOI.Integer              : [5, 5]
  VariableRef in MOI.LessThan{Float64}    : [5, 6]
numerical stability report
  matrix range     [1e+00, 1e+00]
  objective range  [1e+00, 5e+05]
  bounds range     [1e+00, 1e+00]
  rhs range        [0e+00, 0e+00]
-------------------------------------------------------------------
 iteration    simulation      bound        time (s)     solves  pid
-------------------------------------------------------------------
        10L  4.986663e+04  2.079119e+06  1.115420e+00       920   1
        20L  3.799878e+06  2.079330e+06  2.005868e+00      1340   1
        30L  3.003923e+04  2.079457e+06  3.257614e+00      2260   1
        40L  5.549882e+06  2.079457e+06  4.232261e+00      2680   1
        50L  2.799466e+06  2.079457e+06  5.565035e+00      3600   1
        60L  3.549880e+06  2.079457e+06  6.532795e+00      4020   1
-------------------------------------------------------------------
status         : simulation_stopping
total time (s) : 6.532795e+00
total solves   : 4020
best bound     :  2.079457e+06
simulation ci  :  2.352204e+06 ± 5.377531e+05
numeric issues : 0
-------------------------------------------------------------------

-------------------------------------------------------------------
         SDDP.jl (c) Oscar Dowson and contributors, 2017-25
-------------------------------------------------------------------
problem
  nodes           : 1
  state variables : 1
  scenarios       : Inf
  existing cuts   : false
options
  solver          : serial mode
  risk measure    : SDDP.Expectation()
  sampling scheme : SDDP.InSampleMonteCarlo
subproblem structure
  VariableRef                             : [8, 8]
  AffExpr in MOI.EqualTo{Float64}         : [2, 2]
  VariableRef in MOI.EqualTo{Float64}     : [2, 2]
  VariableRef in MOI.GreaterThan{Float64} : [5, 5]
  VariableRef in MOI.LessThan{Float64}    : [1, 1]
numerical stability report
  matrix range     [1e+00, 1e+00]
  objective range  [1e+00, 1e+01]
  bounds range     [5e+00, 2e+01]
  rhs range        [0e+00, 0e+00]
-------------------------------------------------------------------
 iteration    simulation      bound        time (s)     solves  pid
-------------------------------------------------------------------
       100   2.500000e+01  1.189023e+02  7.968280e-01      1946   1
       200   2.500000e+01  1.191635e+02  9.947031e-01      3920   1
       300   0.000000e+00  1.191666e+02  1.204151e+00      5902   1
       330   2.500000e+01  1.191667e+02  1.243590e+00      6224   1
-------------------------------------------------------------------
status         : simulation_stopping
total time (s) : 1.243590e+00
total solves   : 6224
best bound     :  1.191667e+02
simulation ci  :  2.158333e+01 ± 3.290252e+00
numeric issues : 0
-------------------------------------------------------------------

-------------------------------------------------------------------
         SDDP.jl (c) Oscar Dowson and contributors, 2017-25
-------------------------------------------------------------------
problem
  nodes           : 1
  state variables : 1
  scenarios       : Inf
  existing cuts   : false
options
  solver          : serial mode
  risk measure    : SDDP.Expectation()
  sampling scheme : SDDP.InSampleMonteCarlo
subproblem structure
  VariableRef                             : [8, 8]
  AffExpr in MOI.EqualTo{Float64}         : [2, 2]
  VariableRef in MOI.EqualTo{Float64}     : [2, 2]
  VariableRef in MOI.GreaterThan{Float64} : [5, 5]
  VariableRef in MOI.LessThan{Float64}    : [1, 1]
numerical stability report
  matrix range     [1e+00, 1e+00]
  objective range  [1e+00, 1e+01]
  bounds range     [5e+00, 2e+01]
  rhs range        [0e+00, 0e+00]
-------------------------------------------------------------------
 iteration    simulation      bound        time (s)     solves  pid
-------------------------------------------------------------------
       100   0.000000e+00  1.191283e+02  2.891848e-01      2874   1
       200   2.500000e+00  1.191666e+02  5.210700e-01      4855   1
       282   7.500000e+00  1.191667e+02  6.544099e-01      5733   1
-------------------------------------------------------------------
status         : simulation_stopping
total time (s) : 6.544099e-01
total solves   : 5733
best bound     :  1.191667e+02
simulation ci  :  2.104610e+01 ± 3.492245e+00
numeric issues : 0
-------------------------------------------------------------------

-------------------------------------------------------------------
         SDDP.jl (c) Oscar Dowson and contributors, 2017-25
-------------------------------------------------------------------
problem
  nodes           : 1
  state variables : 1
  scenarios       : Inf
  existing cuts   : false
options
  solver          : serial mode
  risk measure    : SDDP.Expectation()
  sampling scheme : SDDP.InSampleMonteCarlo
subproblem structure
  VariableRef                             : [3, 3]
  AffExpr in MOI.EqualTo{Float64}         : [1, 1]
  VariableRef in MOI.GreaterThan{Float64} : [1, 1]
numerical stability report
  matrix range     [1e+00, 1e+00]
  objective range  [1e+00, 1e+00]
  bounds range     [0e+00, 0e+00]
  rhs range        [0e+00, 0e+00]
-------------------------------------------------------------------
 iteration    simulation      bound        time (s)     solves  pid
-------------------------------------------------------------------
        10   4.000000e+00  1.997089e+01  6.159687e-02      1204   1
        20   8.000000e+00  2.000000e+01  7.559109e-02      1420   1
        30   1.600000e+01  2.000000e+01  1.362851e-01      2628   1
        40   8.000000e+00  2.000000e+01  1.514130e-01      2834   1
-------------------------------------------------------------------
status         : simulation_stopping
total time (s) : 1.514130e-01
total solves   : 2834
best bound     :  2.000000e+01
simulation ci  :  1.625000e+01 ± 4.766381e+00
numeric issues : 0
-------------------------------------------------------------------

-------------------------------------------------------------------
         SDDP.jl (c) Oscar Dowson and contributors, 2017-25
-------------------------------------------------------------------
problem
  nodes           : 1
  state variables : 1
  scenarios       : Inf
  existing cuts   : false
options
  solver          : serial mode
  risk measure    : SDDP.Expectation()
  sampling scheme : SDDP.InSampleMonteCarlo
subproblem structure
  VariableRef                             : [3, 3]
  AffExpr in MOI.EqualTo{Float64}         : [1, 1]
  VariableRef in MOI.GreaterThan{Float64} : [1, 1]
numerical stability report
  matrix range     [1e+00, 1e+00]
  objective range  [1e+00, 1e+00]
  bounds range     [0e+00, 0e+00]
  rhs range        [0e+00, 0e+00]
-------------------------------------------------------------------
 iteration    simulation      bound        time (s)     solves  pid
-------------------------------------------------------------------
         1   1.000000e+00  1.500000e+00  2.257824e-03         3   1
        40   4.000000e+00  2.000000e+00  3.873992e-02       578   1
-------------------------------------------------------------------
status         : simulation_stopping
total time (s) : 3.873992e-02
total solves   : 578
best bound     :  2.000000e+00
simulation ci  :  1.950000e+00 ± 5.568095e-01
numeric issues : 0
-------------------------------------------------------------------

-------------------------------------------------------------------
         SDDP.jl (c) Oscar Dowson and contributors, 2017-25
-------------------------------------------------------------------
problem
  nodes           : 3
  state variables : 1
  scenarios       : 8.51840e+04
  existing cuts   : false
options
  solver          : serial mode
  risk measure    : SDDP.Expectation()
  sampling scheme : SDDP.InSampleMonteCarlo
subproblem structure
  VariableRef                             : [6, 6]
  AffExpr in MOI.EqualTo{Float64}         : [1, 3]
  AffExpr in MOI.LessThan{Float64}        : [2, 2]
  VariableRef in MOI.EqualTo{Float64}     : [1, 1]
  VariableRef in MOI.GreaterThan{Float64} : [3, 4]
  VariableRef in MOI.LessThan{Float64}    : [3, 3]
numerical stability report
  matrix range     [8e-01, 2e+00]
  objective range  [1e+00, 2e+00]
  bounds range     [1e+00, 1e+02]
  rhs range        [5e+01, 5e+01]
-------------------------------------------------------------------
 iteration    simulation      bound        time (s)     solves  pid
-------------------------------------------------------------------
        10   5.250000e+00  4.888859e+00  1.675820e-01      1350   1
        20   4.350000e+00  4.105855e+00  2.497749e-01      2700   1
        30   5.000000e+00  4.100490e+00  3.431380e-01      4050   1
        40   3.475000e+00  4.097376e+00  4.444411e-01      5400   1
        50   5.250000e+00  4.095862e+00  5.495839e-01      6750   1
        60   3.643750e+00  4.093345e+00  6.578441e-01      8100   1
        70   2.643750e+00  4.091824e+00  7.646499e-01      9450   1
        80   5.087500e+00  4.091594e+00  8.764999e-01     10800   1
        90   5.062500e+00  4.091314e+00  9.903738e-01     12150   1
       100   4.843750e+00  4.086999e+00  1.123239e+00     13500   1
       110   3.437500e+00  4.086095e+00  1.244562e+00     14850   1
       120   3.375000e+00  4.085928e+00  1.369515e+00     16200   1
       130   5.025000e+00  4.085864e+00  1.496244e+00     17550   1
       140   5.000000e+00  4.085733e+00  1.623205e+00     18900   1
       150   3.500000e+00  4.085659e+00  1.750879e+00     20250   1
       160   4.281250e+00  4.085459e+00  1.876628e+00     21600   1
       170   4.500000e+00  4.085433e+00  2.005596e+00     22950   1
       180   5.768750e+00  4.085431e+00  2.142365e+00     24300   1
       190   3.468750e+00  4.085369e+00  2.282908e+00     25650   1
       200   4.131250e+00  4.085231e+00  2.421000e+00     27000   1
       210   4.506250e+00  4.085165e+00  2.556142e+00     28350   1
       220   4.900000e+00  4.085162e+00  2.692902e+00     29700   1
       230   4.025000e+00  4.085143e+00  2.828479e+00     31050   1
       240   4.468750e+00  4.085124e+00  2.971859e+00     32400   1
       250   4.062500e+00  4.085084e+00  3.114455e+00     33750   1
       260   4.875000e+00  4.085047e+00  3.257683e+00     35100   1
       270   3.850000e+00  4.085019e+00  3.400055e+00     36450   1
       280   4.912500e+00  4.085000e+00  3.544051e+00     37800   1
       290   2.987500e+00  4.084993e+00  3.691814e+00     39150   1
       300   3.825000e+00  4.084961e+00  3.839112e+00     40500   1
       310   3.250000e+00  4.084914e+00  3.986342e+00     41850   1
       320   3.537500e+00  4.084897e+00  4.143347e+00     43200   1
       330   3.950000e+00  4.084897e+00  4.285436e+00     44550   1
       340   4.500000e+00  4.084895e+00  4.432721e+00     45900   1
       350   5.000000e+00  4.084893e+00  4.580276e+00     47250   1
       360   3.075000e+00  4.084867e+00  4.727575e+00     48600   1
       370   3.500000e+00  4.084862e+00  4.884782e+00     49950   1
       380   3.356250e+00  4.084857e+00  5.041604e+00     51300   1
       390   5.500000e+00  4.084841e+00  5.212269e+00     52650   1
       400   4.475000e+00  4.084837e+00  5.366868e+00     54000   1
       410   3.750000e+00  4.084834e+00  5.518940e+00     55350   1
       420   3.687500e+00  4.084834e+00  5.676538e+00     56700   1
       430   4.337500e+00  4.084813e+00  5.833630e+00     58050   1
       440   5.750000e+00  4.084813e+00  5.974493e+00     59400   1
       450   4.937500e+00  4.084776e+00  6.134839e+00     60750   1
       460   3.600000e+00  4.084776e+00  6.293279e+00     62100   1
       470   4.387500e+00  4.084776e+00  6.441488e+00     63450   1
       480   4.000000e+00  4.084771e+00  6.669733e+00     64800   1
       490   2.975000e+00  4.084769e+00  6.815785e+00     66150   1
       500   3.125000e+00  4.084769e+00  6.960740e+00     67500   1
       510   4.250000e+00  4.084769e+00  7.114111e+00     68850   1
       520   4.512500e+00  4.084767e+00  7.258338e+00     70200   1
       530   3.875000e+00  4.084767e+00  7.411554e+00     71550   1
       540   4.387500e+00  4.084762e+00  7.565168e+00     72900   1
       550   5.287500e+00  4.084762e+00  7.718960e+00     74250   1
       560   4.650000e+00  4.084762e+00  7.861921e+00     75600   1
       570   3.062500e+00  4.084762e+00  8.011297e+00     76950   1
       580   3.187500e+00  4.084758e+00  8.153386e+00     78300   1
       590   3.812500e+00  4.084758e+00  8.293032e+00     79650   1
       600   3.637500e+00  4.084746e+00  8.438891e+00     81000   1
       610   3.925000e+00  4.084746e+00  8.585727e+00     82350   1
       620   4.625000e+00  4.084746e+00  8.734653e+00     83700   1
       630   4.218750e+00  4.084746e+00  8.887553e+00     85050   1
       640   3.025000e+00  4.084746e+00  9.037821e+00     86400   1
       650   2.993750e+00  4.084746e+00  9.181978e+00     87750   1
       660   3.262500e+00  4.084746e+00  9.333720e+00     89100   1
       670   3.575000e+00  4.084746e+00  9.488937e+00     90450   1
       680   2.981250e+00  4.084746e+00  9.643725e+00     91800   1
       690   4.187500e+00  4.084746e+00  9.797189e+00     93150   1
       700   4.500000e+00  4.084746e+00  9.950998e+00     94500   1
       710   3.225000e+00  4.084746e+00  1.010616e+01     95850   1
       720   4.375000e+00  4.084746e+00  1.026470e+01     97200   1
       730   2.650000e+00  4.084746e+00  1.042976e+01     98550   1
       740   3.312500e+00  4.084746e+00  1.058225e+01     99900   1
       750   4.725000e+00  4.084746e+00  1.074951e+01    101250   1
       760   3.375000e+00  4.084746e+00  1.091268e+01    102600   1
       770   5.375000e+00  4.084746e+00  1.107408e+01    103950   1
       780   4.068750e+00  4.084746e+00  1.127435e+01    105300   1
       790   4.412500e+00  4.084746e+00  1.143774e+01    106650   1
       800   4.350000e+00  4.084746e+00  1.160191e+01    108000   1
       810   5.887500e+00  4.084746e+00  1.176793e+01    109350   1
       820   4.912500e+00  4.084746e+00  1.193141e+01    110700   1
       830   4.400000e+00  4.084746e+00  1.208746e+01    112050   1
       840   3.675000e+00  4.084746e+00  1.225328e+01    113400   1
       850   5.375000e+00  4.084746e+00  1.241784e+01    114750   1
       860   3.562500e+00  4.084746e+00  1.258429e+01    116100   1
       870   3.075000e+00  4.084746e+00  1.275599e+01    117450   1
       880   3.625000e+00  4.084746e+00  1.292233e+01    118800   1
       890   2.937500e+00  4.084746e+00  1.308960e+01    120150   1
       900   4.450000e+00  4.084746e+00  1.326191e+01    121500   1
       910   4.200000e+00  4.084746e+00  1.343460e+01    122850   1
       920   3.687500e+00  4.084746e+00  1.360789e+01    124200   1
       930   4.725000e+00  4.084746e+00  1.377699e+01    125550   1
       940   4.018750e+00  4.084746e+00  1.393729e+01    126900   1
       950   4.675000e+00  4.084746e+00  1.409754e+01    128250   1
       960   3.375000e+00  4.084746e+00  1.425413e+01    129600   1
       970   3.812500e+00  4.084746e+00  1.441065e+01    130950   1
       980   3.112500e+00  4.084746e+00  1.457113e+01    132300   1
       990   3.600000e+00  4.084746e+00  1.473684e+01    133650   1
      1000   5.500000e+00  4.084746e+00  1.490612e+01    135000   1
      1010   3.187500e+00  4.084746e+00  1.507169e+01    136350   1
      1020   4.900000e+00  4.084746e+00  1.524018e+01    137700   1
      1030   3.637500e+00  4.084746e+00  1.542039e+01    139050   1
      1040   3.975000e+00  4.084746e+00  1.561518e+01    140400   1
      1050   4.750000e+00  4.084746e+00  1.578585e+01    141750   1
      1060   4.437500e+00  4.084746e+00  1.597421e+01    143100   1
      1070   5.000000e+00  4.084746e+00  1.614749e+01    144450   1
      1080   4.143750e+00  4.084746e+00  1.632049e+01    145800   1
      1090   5.625000e+00  4.084746e+00  1.648225e+01    147150   1
      1100   3.475000e+00  4.084746e+00  1.665528e+01    148500   1
      1110   4.156250e+00  4.084746e+00  1.683047e+01    149850   1
      1120   4.450000e+00  4.084746e+00  1.699928e+01    151200   1
      1130   3.225000e+00  4.084741e+00  1.717384e+01    152550   1
      1140   5.375000e+00  4.084741e+00  1.733927e+01    153900   1
      1150   4.800000e+00  4.084737e+00  1.751739e+01    155250   1
      1160   3.300000e+00  4.084737e+00  1.768420e+01    156600   1
      1170   4.356250e+00  4.084737e+00  1.784497e+01    157950   1
      1180   3.906250e+00  4.084737e+00  1.801109e+01    159300   1
      1190   4.450000e+00  4.084737e+00  1.818305e+01    160650   1
      1200   5.156250e+00  4.084737e+00  1.835529e+01    162000   1
      1210   4.512500e+00  4.084737e+00  1.852676e+01    163350   1
      1220   4.875000e+00  4.084737e+00  1.870499e+01    164700   1
      1230   4.000000e+00  4.084737e+00  1.889124e+01    166050   1
      1240   4.050000e+00  4.084737e+00  1.906525e+01    167400   1
      1250   5.450000e+00  4.084737e+00  1.924081e+01    168750   1
      1260   4.500000e+00  4.084737e+00  1.941549e+01    170100   1
      1270   4.125000e+00  4.084737e+00  1.959263e+01    171450   1
      1280   3.750000e+00  4.084737e+00  1.977332e+01    172800   1
      1290   4.437500e+00  4.084737e+00  1.994940e+01    174150   1
      1293   4.800000e+00  4.084737e+00  2.000233e+01    174555   1
-------------------------------------------------------------------
status         : time_limit
total time (s) : 2.000233e+01
total solves   : 174555
best bound     :  4.084737e+00
simulation ci  :  4.072566e+00 ± 3.988114e-02
numeric issues : 0
-------------------------------------------------------------------

-------------------------------------------------------------------
         SDDP.jl (c) Oscar Dowson and contributors, 2017-25
-------------------------------------------------------------------
problem
  nodes           : 3
  state variables : 1
  scenarios       : 8.51840e+04
  existing cuts   : false
options
  solver          : serial mode
  risk measure    : SDDP.Expectation()
  sampling scheme : SDDP.InSampleMonteCarlo
subproblem structure
  VariableRef                             : [6, 6]
  AffExpr in MOI.EqualTo{Float64}         : [1, 3]
  AffExpr in MOI.LessThan{Float64}        : [2, 2]
  VariableRef in MOI.EqualTo{Float64}     : [1, 1]
  VariableRef in MOI.GreaterThan{Float64} : [3, 4]
  VariableRef in MOI.LessThan{Float64}    : [3, 3]
numerical stability report
  matrix range     [8e-01, 2e+00]
  objective range  [1e+00, 2e+00]
  bounds range     [1e+00, 1e+02]
  rhs range        [5e+01, 5e+01]
-------------------------------------------------------------------
 iteration    simulation      bound        time (s)     solves  pid
-------------------------------------------------------------------
        10   3.625000e+00  9.112067e+00  1.865778e-01      1350   1
        20   5.168750e+00  4.852831e+00  5.177579e-01      2700   1
        30   4.725000e+00  4.731752e+00  9.447508e-01      4050   1
        40   4.275000e+00  4.045725e+00  1.463321e+00      5400   1
        50   5.156250e+00  4.043287e+00  2.051642e+00      6750   1
        60   5.200000e+00  4.042279e+00  2.784606e+00      8100   1
        70   5.437500e+00  4.041048e+00  3.605488e+00      9450   1
        80   5.218750e+00  4.040993e+00  4.521494e+00     10800   1
        90   3.575000e+00  4.040928e+00  5.653127e+00     12150   1
       100   2.650000e+00  4.040648e+00  6.895877e+00     13500   1
       110   4.043750e+00  4.039579e+00  8.224623e+00     14850   1
       120   5.556250e+00  4.037631e+00  9.664943e+00     16200   1
       130   2.925000e+00  4.037627e+00  1.118327e+01     17550   1
       140   4.000000e+00  4.037579e+00  1.289384e+01     18900   1
       150   3.843750e+00  4.037579e+00  1.458532e+01     20250   1
       160   3.968750e+00  4.037579e+00  1.659832e+01     21600   1
       170   3.975000e+00  4.037555e+00  1.865331e+01     22950   1
       177   5.750000e+00  4.037552e+00  2.008518e+01     23895   1
-------------------------------------------------------------------
status         : time_limit
total time (s) : 2.008518e+01
total solves   : 23895
best bound     :  4.037552e+00
simulation ci  :  4.016914e+00 ± 1.167442e-01
numeric issues : 0
-------------------------------------------------------------------

-------------------------------------------------------------------
         SDDP.jl (c) Oscar Dowson and contributors, 2017-25
-------------------------------------------------------------------
problem
  nodes           : 8
  state variables : 1
  scenarios       : 1.00000e+08
  existing cuts   : false
options
  solver          : serial mode
  risk measure    : SDDP.Expectation()
  sampling scheme : SDDP.InSampleMonteCarlo
subproblem structure
  VariableRef                             : [7, 7]
  AffExpr in MOI.EqualTo{Float64}         : [1, 1]
  AffExpr in MOI.GreaterThan{Float64}     : [2, 2]
  VariableRef in MOI.EqualTo{Float64}     : [1, 1]
  VariableRef in MOI.GreaterThan{Float64} : [4, 4]
  VariableRef in MOI.LessThan{Float64}    : [1, 2]
  VariableRef in MOI.ZeroOne              : [1, 1]
numerical stability report
  matrix range     [1e+00, 2e+00]
  objective range  [5e-01, 1e+00]
  bounds range     [1e+00, 1e+00]
  rhs range        [1e+00, 1e+00]
-------------------------------------------------------------------
 iteration    simulation      bound        time (s)     solves  pid
-------------------------------------------------------------------
        10   3.218675e+00  1.167150e+00  3.796971e-01      1680   1
        20   3.869465e+00  1.167254e+00  4.733210e-01      2560   1
        30   3.717812e+00  1.167299e+00  8.558710e-01      4240   1
        40   3.106758e+00  1.167299e+00  9.546540e-01      5120   1
        50   3.464243e+00  1.167416e+00  1.354951e+00      6800   1
        60   3.700538e+00  1.167416e+00  1.456999e+00      7680   1
        70   3.231771e+00  1.167416e+00  1.853981e+00      9360   1
        80   3.235803e+00  1.167416e+00  1.959856e+00     10240   1
-------------------------------------------------------------------
status         : simulation_stopping
total time (s) : 1.959856e+00
total solves   : 10240
best bound     :  1.167416e+00
simulation ci  :  3.316211e+00 ± 9.758902e-02
numeric issues : 0
-------------------------------------------------------------------

-------------------------------------------------------------------
         SDDP.jl (c) Oscar Dowson and contributors, 2017-25
-------------------------------------------------------------------
problem
  nodes           : 2
  state variables : 2
  scenarios       : 4.00000e+00
  existing cuts   : false
options
  solver          : serial mode
  risk measure    : SDDP.Expectation()
  sampling scheme : SDDP.InSampleMonteCarlo
subproblem structure
  VariableRef                             : [7, 11]
  AffExpr in MOI.EqualTo{Float64}         : [2, 2]
  AffExpr in MOI.LessThan{Float64}        : [2, 2]
  VariableRef in MOI.EqualTo{Float64}     : [2, 2]
  VariableRef in MOI.GreaterThan{Float64} : [5, 7]
  VariableRef in MOI.Integer              : [2, 2]
  VariableRef in MOI.LessThan{Float64}    : [4, 7]
  VariableRef in MOI.ZeroOne              : [4, 4]
numerical stability report
  matrix range     [1e+00, 6e+00]
  objective range  [1e+00, 3e+01]
  bounds range     [1e+00, 1e+02]
  rhs range        [0e+00, 0e+00]
-------------------------------------------------------------------
 iteration    simulation      bound        time (s)     solves  pid
-------------------------------------------------------------------
        10  -9.800000e+01 -5.809615e+01  3.329587e-02        78   1
        20  -4.000000e+01 -5.809615e+01  6.532788e-02       148   1
        30  -4.000000e+01 -5.809615e+01  1.034150e-01       226   1
        40  -4.000000e+01 -5.809615e+01  1.367118e-01       296   1
-------------------------------------------------------------------
status         : simulation_stopping
total time (s) : 1.367118e-01
total solves   : 296
best bound     : -5.809615e+01
simulation ci  : -5.728750e+01 ± 8.336419e+00
numeric issues : 0
-------------------------------------------------------------------

-------------------------------------------------------------------
         SDDP.jl (c) Oscar Dowson and contributors, 2017-25
-------------------------------------------------------------------
problem
  nodes           : 2
  state variables : 2
  scenarios       : 9.00000e+00
  existing cuts   : false
options
  solver          : serial mode
  risk measure    : SDDP.Expectation()
  sampling scheme : SDDP.InSampleMonteCarlo
subproblem structure
  VariableRef                             : [7, 11]
  AffExpr in MOI.EqualTo{Float64}         : [2, 2]
  AffExpr in MOI.LessThan{Float64}        : [2, 2]
  VariableRef in MOI.EqualTo{Float64}     : [2, 2]
  VariableRef in MOI.GreaterThan{Float64} : [5, 7]
  VariableRef in MOI.Integer              : [2, 2]
  VariableRef in MOI.LessThan{Float64}    : [4, 7]
  VariableRef in MOI.ZeroOne              : [4, 4]
numerical stability report
  matrix range     [1e+00, 6e+00]
  objective range  [1e+00, 3e+01]
  bounds range     [1e+00, 1e+02]
  rhs range        [0e+00, 0e+00]
-------------------------------------------------------------------
 iteration    simulation      bound        time (s)     solves  pid
-------------------------------------------------------------------
        10  -9.800000e+01 -6.196125e+01  4.442883e-02       138   1
        20  -4.000000e+01 -6.196125e+01  8.039689e-02       258   1
        30  -9.800000e+01 -6.196125e+01  1.301539e-01       396   1
        40  -7.500000e+01 -6.196125e+01  1.681509e-01       516   1
-------------------------------------------------------------------
status         : simulation_stopping
total time (s) : 1.681509e-01
total solves   : 516
best bound     : -6.196125e+01
simulation ci  : -5.741250e+01 ± 6.554052e+00
numeric issues : 0
-------------------------------------------------------------------

-------------------------------------------------------------------
         SDDP.jl (c) Oscar Dowson and contributors, 2017-25
-------------------------------------------------------------------
problem
  nodes           : 2
  state variables : 2
  scenarios       : 3.60000e+01
  existing cuts   : false
options
  solver          : serial mode
  risk measure    : SDDP.Expectation()
  sampling scheme : SDDP.InSampleMonteCarlo
subproblem structure
  VariableRef                             : [7, 11]
  AffExpr in MOI.EqualTo{Float64}         : [2, 2]
  AffExpr in MOI.LessThan{Float64}        : [2, 2]
  VariableRef in MOI.EqualTo{Float64}     : [2, 2]
  VariableRef in MOI.GreaterThan{Float64} : [5, 7]
  VariableRef in MOI.Integer              : [2, 2]
  VariableRef in MOI.LessThan{Float64}    : [4, 7]
  VariableRef in MOI.ZeroOne              : [4, 4]
numerical stability report
  matrix range     [1e+00, 6e+00]
  objective range  [1e+00, 3e+01]
  bounds range     [1e+00, 1e+02]
  rhs range        [0e+00, 0e+00]
-------------------------------------------------------------------
 iteration    simulation      bound        time (s)     solves  pid
-------------------------------------------------------------------
        10  -7.500000e+01 -6.546793e+01  7.681799e-02       462   1
        20  -9.800000e+01 -6.546793e+01  1.364021e-01       852   1
        30  -7.500000e+01 -6.546793e+01  2.496021e-01      1314   1
        40  -4.000000e+01 -6.546793e+01  3.115890e-01      1704   1
-------------------------------------------------------------------
status         : simulation_stopping
total time (s) : 3.115890e-01
total solves   : 1704
best bound     : -6.546793e+01
simulation ci  : -6.428750e+01 ± 4.630753e+00
numeric issues : 0
-------------------------------------------------------------------

-------------------------------------------------------------------
         SDDP.jl (c) Oscar Dowson and contributors, 2017-25
-------------------------------------------------------------------
problem
  nodes           : 3
  state variables : 2
  scenarios       : 2.70000e+01
  existing cuts   : false
options
  solver          : serial mode
  risk measure    : SDDP.Expectation()
  sampling scheme : SDDP.InSampleMonteCarlo
subproblem structure
  VariableRef                             : [9, 9]
  AffExpr in MOI.EqualTo{Float64}         : [2, 2]
  AffExpr in MOI.LessThan{Float64}        : [2, 2]
  VariableRef in MOI.EqualTo{Float64}     : [2, 2]
  VariableRef in MOI.GreaterThan{Float64} : [2, 3]
  VariableRef in MOI.LessThan{Float64}    : [3, 3]
  VariableRef in MOI.ZeroOne              : [4, 4]
numerical stability report
  matrix range     [1e+00, 1e+00]
  objective range  [1e+00, 6e+00]
  bounds range     [1e+00, 1e+02]
  rhs range        [0e+00, 0e+00]
-------------------------------------------------------------------
 iteration    simulation      bound        time (s)     solves  pid
-------------------------------------------------------------------
         1L  6.000000e+00  1.414815e+01  4.319787e-02        11   1
        40L  6.000000e+00  8.000000e+00  4.133940e-01       602   1
-------------------------------------------------------------------
status         : simulation_stopping
total time (s) : 4.133940e-01
total solves   : 602
best bound     :  8.000000e+00
simulation ci  :  7.800000e+00 ± 8.882598e-01
numeric issues : 0
-------------------------------------------------------------------

-------------------------------------------------------------------
         SDDP.jl (c) Oscar Dowson and contributors, 2017-25
-------------------------------------------------------------------
problem
  nodes           : 2
  state variables : 3
  scenarios       : 3.00000e+00
  existing cuts   : false
options
  solver          : serial mode
  risk measure    : SDDP.Expectation()
  sampling scheme : SDDP.InSampleMonteCarlo
subproblem structure
  VariableRef                             : [7, 19]
  AffExpr in MOI.EqualTo{Float64}         : [3, 3]
  AffExpr in MOI.GreaterThan{Float64}     : [3, 3]
  AffExpr in MOI.LessThan{Float64}        : [1, 1]
  VariableRef in MOI.GreaterThan{Float64} : [3, 16]
  VariableRef in MOI.LessThan{Float64}    : [1, 2]
numerical stability report
  matrix range     [1e+00, 2e+01]
  objective range  [1e+00, 1e+03]
  bounds range     [6e+03, 5e+05]
  rhs range        [2e+02, 5e+02]
-------------------------------------------------------------------
 iteration    simulation      bound        time (s)     solves  pid
-------------------------------------------------------------------
         1  -9.800000e+04  4.922260e+05  8.615208e-02         6   1
        40   1.093500e+05  1.083900e+05  1.087351e-01       240   1
-------------------------------------------------------------------
status         : iteration_limit
total time (s) : 1.087351e-01
total solves   : 240
best bound     :  1.083900e+05
simulation ci  :  8.526924e+04 ± 1.876176e+04
numeric issues : 0
-------------------------------------------------------------------

