-------------------------------------------------------------------
         SDDP.jl (c) Oscar Dowson and contributors, 2017-23
-------------------------------------------------------------------
problem
  nodes           : 3
  state variables : 1
  scenarios       : 1.33100e+03
  existing cuts   : false
options
  solver          : serial mode
  risk measure    : SDDP.Expectation()
  sampling scheme : SDDP.InSampleMonteCarlo
subproblem structure
  VariableRef                             : [9, 9]
  VariableRef in MOI.LessThan{Float64}    : [5, 6]
  AffExpr in MOI.GreaterThan{Float64}     : [3, 5]
  AffExpr in MOI.EqualTo{Float64}         : [2, 4]
  VariableRef in MOI.GreaterThan{Float64} : [8, 8]
-------------------------------------------------------------------
 iteration    simulation      bound        time (s)     solves  pid
-------------------------------------------------------------------
         1   0.000000e+00  0.000000e+00  7.773876e-03        36   1
         2   0.000000e+00  0.000000e+00  1.020598e-02        72   1
         3   0.000000e+00  0.000000e+00  1.260304e-02       108   1
         4   0.000000e+00  0.000000e+00  1.499009e-02       144   1
         5   0.000000e+00  0.000000e+00  1.736593e-02       180   1
         6   0.000000e+00  0.000000e+00  1.978397e-02       216   1
         7   0.000000e+00  0.000000e+00  2.221704e-02       252   1
         8   0.000000e+00  0.000000e+00  2.465105e-02       288   1
         9   0.000000e+00  0.000000e+00  2.717400e-02       324   1
        10   0.000000e+00  0.000000e+00  2.963996e-02       360   1
-------------------------------------------------------------------
status         : iteration_limit
total time (s) : 2.963996e-02
total solves   : 360
best bound     :  0.000000e+00
simulation ci  :  0.000000e+00 ± 0.000000e+00
numeric issues : 0
-------------------------------------------------------------------

