-------------------------------------------------------------------
         SDDP.jl (c) Oscar Dowson and contributors, 2017-23
-------------------------------------------------------------------
problem
  nodes           : 3
  state variables : 1
  scenarios       : 1.33100e+03
  existing cuts   : true
options
  solver          : serial mode
  risk measure    : SDDP.Expectation()
  sampling scheme : SDDP.InSampleMonteCarlo
subproblem structure
  VariableRef                             : [9, 9]
  VariableRef in MOI.EqualTo{Float64}     : [1, 1]
  VariableRef in MOI.LessThan{Float64}    : [5, 6]
  AffExpr in MOI.GreaterThan{Float64}     : [3, 53]
  AffExpr in MOI.EqualTo{Float64}         : [2, 4]
  VariableRef in MOI.GreaterThan{Float64} : [8, 8]
-------------------------------------------------------------------
 iteration    simulation      bound        time (s)     solves  pid
-------------------------------------------------------------------
         1   3.437500e+01  5.937500e+01  3.743172e-03      3375   1
         2   6.875000e+01  5.937500e+01  7.167101e-03      3411   1
         3   7.500000e+01  5.937500e+01  1.061916e-02      3447   1
         4   1.062500e+02  5.938345e+01  1.428199e-02      3483   1
         5   4.687500e+01  5.938557e+01  1.822805e-02      3519   1
         6   5.625000e+01  5.938557e+01  2.212000e-02      3555   1
         7   7.187500e+01  5.938557e+01  2.584100e-02      3591   1
         8   5.000000e+01  5.938557e+01  2.954698e-02      3627   1
         9   4.375000e+01  5.938557e+01  3.332901e-02      3663   1
        10   3.750000e+01  5.938557e+01  3.714705e-02      3699   1
-------------------------------------------------------------------
status         : iteration_limit
total time (s) : 3.714705e-02
total solves   : 3699
best bound     :  5.938557e+01
simulation ci  :  5.906250e+01 ± 1.352595e+01
numeric issues : 0
-------------------------------------------------------------------

