-------------------------------------------------------------------
         SDDP.jl (c) Oscar Dowson and contributors, 2017-23
-------------------------------------------------------------------
problem
  nodes           : 30
  state variables : 5
  scenarios       : 9.08203e+11
  existing cuts   : false
options
  solver          : serial mode
  risk measure    : A convex combination of 0.5 * SDDP.Expectation() + 0.5 * SDDP.AVaR(0.25)
  sampling scheme : SDDP.SimulatorSamplingScheme{typeof(Main.__atexample__named__example_milk_producer.simulator)}
subproblem structure
  VariableRef                             : [15, 15]
  AffExpr in MOI.EqualTo{Float64}         : [5, 5]
  VariableRef in MOI.GreaterThan{Float64} : [8, 9]
  VariableRef in MOI.LessThan{Float64}    : [4, 4]
numerical stability report
  matrix range     [1e+00, 1e+00]
  objective range  [1e+00, 1e+01]
  bounds range     [2e+00, 1e+02]
  rhs range        [0e+00, 0e+00]
-------------------------------------------------------------------
 iteration    simulation      bound        time (s)     solves  pid
-------------------------------------------------------------------
         1  -4.978912e+01  4.136757e+01  2.062888e-01       142   1
        50   1.121084e+01  7.623289e+00  1.227603e+00      7130   1
        92   9.852116e+00  7.590059e+00  2.249122e+00     13199   1
       130   1.241890e+01  7.589997e+00  3.276652e+00     18420   1
       164   8.700402e+00  7.589354e+00  4.284579e+00     23268   1
       196   1.001972e+01  7.585713e+00  5.318781e+00     27807   1
       226   8.708780e+00  7.585669e+00  6.328894e+00     32082   1
       255   8.103129e+00  7.581436e+00  7.356020e+00     36255   1
       281   9.977623e+00  7.581423e+00  8.369895e+00     40012   1
       307   1.128216e+01  7.581423e+00  9.385437e+00     43714   1
       424   1.085770e+01  7.580894e+00  1.443303e+01     60378   1
       524   8.779261e+00  7.577782e+00  1.946078e+01     74868   1
       535   9.417575e+00  7.577090e+00  2.002652e+01     76440   1
-------------------------------------------------------------------
status         : time_limit
total time (s) : 2.002652e+01
total solves   : 76440
best bound     :  7.577090e+00
simulation ci  :  8.616496e+00 ± 3.258118e-01
numeric issues : 0
-------------------------------------------------------------------

-------------------------------------------------------------------
         SDDP.jl (c) Oscar Dowson and contributors, 2017-23
-------------------------------------------------------------------
problem
  nodes           : 2
  state variables : 1
  scenarios       : 1.00000e+01
  existing cuts   : false
options
  solver          : serial mode
  risk measure    : SDDP.Expectation()
  sampling scheme : SDDP.InSampleMonteCarlo
subproblem structure
  VariableRef                             : [4, 4]
  AffExpr in MOI.EqualTo{Float64}         : [1, 1]
  AffExpr in MOI.LessThan{Float64}        : [1, 1]
  VariableRef in MOI.GreaterThan{Float64} : [2, 3]
  VariableRef in MOI.LessThan{Float64}    : [1, 1]
numerical stability report
  matrix range     [1e+00, 1e+00]
  objective range  [1e+00, 1e+00]
  bounds range     [3e-01, 3e+00]
  rhs range        [0e+00, 0e+00]
-------------------------------------------------------------------
 iteration    simulation      bound        time (s)     solves  pid
-------------------------------------------------------------------
         1   0.000000e+00  4.457030e-01  2.789021e-03        13   1
        40   1.528791e-01  9.701201e-02  5.155897e-02       560   1
-------------------------------------------------------------------
status         : simulation_stopping
total time (s) : 5.155897e-02
total solves   : 560
best bound     :  9.701201e-02
simulation ci  :  8.459740e-02 ± 5.854915e-02
numeric issues : 0
-------------------------------------------------------------------

-------------------------------------------------------------------
         SDDP.jl (c) Oscar Dowson and contributors, 2017-23
-------------------------------------------------------------------
problem
  nodes           : 52
  state variables : 1
  scenarios       : 1.00000e+00
  existing cuts   : false
options
  solver          : serial mode
  risk measure    : SDDP.Expectation()
  sampling scheme : SDDP.InSampleMonteCarlo
subproblem structure
  VariableRef                             : [7, 7]
  AffExpr in MOI.EqualTo{Float64}         : [2, 2]
  VariableRef in MOI.EqualTo{Float64}     : [1, 1]
  VariableRef in MOI.GreaterThan{Float64} : [5, 5]
  VariableRef in MOI.LessThan{Float64}    : [2, 3]
numerical stability report
  matrix range     [1e+00, 1e+00]
  objective range  [1e+00, 2e+01]
  bounds range     [1e+01, 3e+02]
  rhs range        [7e+00, 1e+01]
-------------------------------------------------------------------
 iteration    simulation      bound        time (s)     solves  pid
-------------------------------------------------------------------
         1   1.079600e+03  3.157700e+02  4.769206e-02       104   1
        10   6.829100e+02  6.829100e+02  1.729760e-01      1040   1
-------------------------------------------------------------------
status         : iteration_limit
total time (s) : 1.729760e-01
total solves   : 1040
best bound     :  6.829100e+02
simulation ci  :  7.289889e+02 ± 7.726064e+01
numeric issues : 0
-------------------------------------------------------------------

-------------------------------------------------------------------
         SDDP.jl (c) Oscar Dowson and contributors, 2017-23
-------------------------------------------------------------------
problem
  nodes           : 52
  state variables : 1
  scenarios       : 6.46108e+24
  existing cuts   : false
options
  solver          : serial mode
  risk measure    : SDDP.Expectation()
  sampling scheme : SDDP.InSampleMonteCarlo
subproblem structure
  VariableRef                             : [7, 7]
  AffExpr in MOI.EqualTo{Float64}         : [2, 2]
  VariableRef in MOI.GreaterThan{Float64} : [5, 5]
  VariableRef in MOI.LessThan{Float64}    : [2, 3]
numerical stability report
  matrix range     [1e+00, 1e+00]
  objective range  [1e+00, 2e+01]
  bounds range     [1e+01, 3e+02]
  rhs range        [7e+00, 1e+01]
-------------------------------------------------------------------
 iteration    simulation      bound        time (s)     solves  pid
-------------------------------------------------------------------
         1   4.047200e+02  1.178347e+01  5.268908e-02       208   1
        35   8.897640e+01  2.413350e+02  1.076257e+00      7280   1
        63   4.557990e+02  2.611982e+02  2.080083e+00     13104   1
        89   2.146600e+02  2.647910e+02  3.095670e+00     18512   1
       100   7.140000e+01  2.676780e+02  3.520868e+00     20800   1
-------------------------------------------------------------------
status         : iteration_limit
total time (s) : 3.520868e+00
total solves   : 20800
best bound     :  2.676780e+02
simulation ci  :  2.676710e+02 ± 4.098450e+01
numeric issues : 0
-------------------------------------------------------------------

-------------------------------------------------------------------
         SDDP.jl (c) Oscar Dowson and contributors, 2017-23
-------------------------------------------------------------------
problem
  nodes           : 3
  state variables : 1
  scenarios       : 2.70000e+01
  existing cuts   : false
options
  solver          : serial mode
  risk measure    : SDDP.Expectation()
  sampling scheme : SDDP.InSampleMonteCarlo
subproblem structure
  VariableRef                             : [7, 7]
  AffExpr in MOI.EqualTo{Float64}         : [2, 2]
  VariableRef in MOI.GreaterThan{Float64} : [5, 5]
  VariableRef in MOI.LessThan{Float64}    : [1, 2]
numerical stability report
  matrix range     [1e+00, 1e+00]
  objective range  [1e+00, 2e+02]
  bounds range     [2e+02, 2e+02]
  rhs range        [2e+02, 2e+02]
-------------------------------------------------------------------
 iteration    simulation      bound        time (s)     solves  pid
-------------------------------------------------------------------
         1   2.500000e+04  2.500000e+03  3.678799e-03        12   1
        10   7.500000e+03  8.333333e+03  6.834197e-02       120   1
-------------------------------------------------------------------
status         : iteration_limit
total time (s) : 6.834197e-02
total solves   : 120
best bound     :  8.333333e+03
simulation ci  :  1.025000e+04 ± 3.684968e+03
numeric issues : 0
-------------------------------------------------------------------

-------------------------------------------------------------------
         SDDP.jl (c) Oscar Dowson and contributors, 2017-23
-------------------------------------------------------------------
problem
  nodes           : 5
  state variables : 1
  scenarios       : 1.08000e+02
  existing cuts   : false
options
  solver          : serial mode
  risk measure    : SDDP.Expectation()
  sampling scheme : SDDP.InSampleMonteCarlo
subproblem structure
  VariableRef                             : [7, 7]
  AffExpr in MOI.EqualTo{Float64}         : [2, 2]
  VariableRef in MOI.GreaterThan{Float64} : [5, 5]
  VariableRef in MOI.LessThan{Float64}    : [1, 2]
numerical stability report
  matrix range     [1e+00, 1e+00]
  objective range  [1e+00, 2e+02]
  bounds range     [2e+02, 2e+02]
  rhs range        [2e+02, 2e+02]
-------------------------------------------------------------------
 iteration    simulation      bound        time (s)     solves  pid
-------------------------------------------------------------------
         1   5.625000e+04  1.991887e+03  5.563974e-03        18   1
        40   1.875000e+03  8.072917e+03  1.693339e-01      1320   1
-------------------------------------------------------------------
status         : simulation_stopping
total time (s) : 1.693339e-01
total solves   : 1320
best bound     :  8.072917e+03
simulation ci  :  7.869087e+03 ± 3.068853e+03
numeric issues : 0
-------------------------------------------------------------------

-------------------------------------------------------------------
         SDDP.jl (c) Oscar Dowson and contributors, 2017-23
-------------------------------------------------------------------
problem
  nodes           : 3
  state variables : 1
  scenarios       : 1.00000e+00
  existing cuts   : false
options
  solver          : serial mode
  risk measure    : SDDP.Expectation()
  sampling scheme : SDDP.InSampleMonteCarlo
subproblem structure
  VariableRef                             : [4, 4]
  AffExpr in MOI.EqualTo{Float64}         : [1, 1]
  AffExpr in MOI.LessThan{Float64}        : [1, 1]
  VariableRef in MOI.EqualTo{Float64}     : [1, 1]
  VariableRef in MOI.GreaterThan{Float64} : [2, 3]
  VariableRef in MOI.LessThan{Float64}    : [1, 1]
numerical stability report
  matrix range     [1e+00, 1e+00]
  objective range  [0e+00, 0e+00]
  bounds range     [0e+00, 0e+00]
  rhs range        [0e+00, 0e+00]
-------------------------------------------------------------------
 iteration    simulation      bound        time (s)     solves  pid
-------------------------------------------------------------------
         1   2.499895e+01  1.562631e+00  2.878308e-02         6   1
        32   8.333333e+00  8.333333e+00  1.031897e+00       198   1
        40   8.333333e+00  8.333333e+00  1.296981e+00       246   1
-------------------------------------------------------------------
status         : simulation_stopping
total time (s) : 1.296981e+00
total solves   : 246
best bound     :  8.333333e+00
simulation ci  :  8.810723e+00 ± 8.167195e-01
numeric issues : 0
-------------------------------------------------------------------

-------------------------------------------------------------------
         SDDP.jl (c) Oscar Dowson and contributors, 2017-23
-------------------------------------------------------------------
problem
  nodes           : 1
  state variables : 12
  scenarios       : Inf
  existing cuts   : false
options
  solver          : serial mode
  risk measure    : SDDP.Expectation()
  sampling scheme : SDDP.InSampleMonteCarlo
subproblem structure
  VariableRef                          : [25, 25]
  AffExpr in MOI.EqualTo{Float64}      : [1, 1]
  AffExpr in MOI.LessThan{Float64}     : [13, 13]
  VariableRef in MOI.LessThan{Float64} : [1, 1]
  VariableRef in MOI.ZeroOne           : [12, 12]
numerical stability report
  matrix range     [1e+00, 1e+00]
  objective range  [1e+00, 1e+00]
  bounds range     [1e+01, 1e+01]
  rhs range        [1e+00, 1e+00]
-------------------------------------------------------------------
 iteration    simulation      bound        time (s)     solves  pid
-------------------------------------------------------------------
         1   0.000000e+00  8.100000e+00  3.756046e-03         5   1
        40   7.200000e+01  6.561000e+00  1.048192e+00      2966   1
-------------------------------------------------------------------
status         : simulation_stopping
total time (s) : 1.048192e+00
total solves   : 2966
best bound     :  6.561000e+00
simulation ci  :  8.475000e+00 ± 4.230586e+00
numeric issues : 0
-------------------------------------------------------------------

-------------------------------------------------------------------
         SDDP.jl (c) Oscar Dowson and contributors, 2017-23
-------------------------------------------------------------------
problem
  nodes           : 3
  state variables : 1
  scenarios       : 1.72800e+03
  existing cuts   : false
options
  solver          : serial mode
  risk measure    : SDDP.Expectation()
  sampling scheme : SDDP.InSampleMonteCarlo
subproblem structure
  VariableRef                             : [8, 8]
  AffExpr in MOI.EqualTo{Float64}         : [2, 4]
  AffExpr in MOI.GreaterThan{Float64}     : [2, 2]
  VariableRef in MOI.GreaterThan{Float64} : [6, 6]
  VariableRef in MOI.LessThan{Float64}    : [2, 3]
-------------------------------------------------------------------
 iteration    simulation      bound        time (s)     solves  pid
-------------------------------------------------------------------
         1   3.645000e+03  3.261069e+03  2.619910e-02        39   1
       166   8.681250e+03  5.092593e+03  1.049115e+00      7974   1
       345   1.875000e+03  5.092593e+03  2.071142e+00     15555   1
       507   3.375000e+03  5.092593e+03  3.072918e+00     22473   1
       655   4.606250e+03  5.092593e+03  4.075847e+00     28545   1
       784   5.906250e+03  5.092593e+03  5.002048e+00     33876   1
-------------------------------------------------------------------
status         : simulation_stopping
total time (s) : 5.002048e+00
total solves   : 33876
best bound     :  5.092593e+03
simulation ci  :  5.048799e+03 ± 2.659413e+02
numeric issues : 0
-------------------------------------------------------------------

-------------------------------------------------------------------
         SDDP.jl (c) Oscar Dowson and contributors, 2017-23
-------------------------------------------------------------------
problem
  nodes           : 3
  state variables : 1
  scenarios       : 1.72800e+03
  existing cuts   : false
options
  solver          : serial mode
  risk measure    : SDDP.Expectation()
  sampling scheme : SDDP.InSampleMonteCarlo
subproblem structure
  VariableRef                             : [9, 9]
  AffExpr in MOI.EqualTo{Float64}         : [2, 10]
  AffExpr in MOI.GreaterThan{Float64}     : [4, 4]
  VariableRef in MOI.GreaterThan{Float64} : [7, 7]
  VariableRef in MOI.LessThan{Float64}    : [3, 4]
-------------------------------------------------------------------
 iteration    simulation      bound        time (s)     solves  pid
-------------------------------------------------------------------
         1   5.937500e+03  4.411361e+03  3.068709e-02        39   1
       155   1.562500e+03  5.135984e+03  1.032056e+00      7545   1
       301   4.312500e+03  5.135984e+03  2.032461e+00     13839   1
       442   7.105427e-14  5.135984e+03  3.037030e+00     19638   1
       484   1.187500e+04  5.135984e+03  3.317813e+00     21276   1
-------------------------------------------------------------------
status         : simulation_stopping
total time (s) : 3.317813e+00
total solves   : 21276
best bound     :  5.135984e+03
simulation ci  :  5.205335e+03 ± 3.532701e+02
numeric issues : 0
-------------------------------------------------------------------

-------------------------------------------------------------------
         SDDP.jl (c) Oscar Dowson and contributors, 2017-23
-------------------------------------------------------------------
problem
  nodes           : 3
  state variables : 1
  scenarios       : 2.70000e+01
  existing cuts   : false
options
  solver          : serial mode
  risk measure    : SDDP.Expectation()
  sampling scheme : SDDP.InSampleMonteCarlo
subproblem structure
  VariableRef                             : [7, 7]
  AffExpr in MOI.EqualTo{Float64}         : [2, 2]
  VariableRef in MOI.GreaterThan{Float64} : [5, 5]
  VariableRef in MOI.LessThan{Float64}    : [1, 2]
numerical stability report
  matrix range     [1e+00, 1e+00]
  objective range  [1e+00, 2e+02]
  bounds range     [2e+02, 2e+02]
  rhs range        [2e+02, 2e+02]
-------------------------------------------------------------------
 iteration    simulation      bound        time (s)     solves  pid
-------------------------------------------------------------------
         1   1.062500e+04  5.735677e+03  3.970861e-03        12   1
        40   5.000000e+03  1.062500e+04  8.916187e-02       642   1
-------------------------------------------------------------------
status         : simulation_stopping
total time (s) : 8.916187e-02
total solves   : 642
best bound     :  1.062500e+04
simulation ci  :  1.031437e+04 ± 2.349194e+03
numeric issues : 0
-------------------------------------------------------------------

-------------------------------------------------------------------
         SDDP.jl (c) Oscar Dowson and contributors, 2017-23
-------------------------------------------------------------------
problem
  nodes           : 1
  state variables : 1
  scenarios       : Inf
  existing cuts   : false
options
  solver          : serial mode
  risk measure    : SDDP.Expectation()
  sampling scheme : SDDP.InSampleMonteCarlo
subproblem structure
  VariableRef                             : [20, 20]
  AffExpr in MOI.EqualTo{Float64}         : [13, 13]
  AffExpr in MOI.GreaterThan{Float64}     : [6, 6]
  AffExpr in MOI.LessThan{Float64}        : [6, 6]
  VariableRef in MOI.GreaterThan{Float64} : [14, 14]
  VariableRef in MOI.LessThan{Float64}    : [11, 11]
numerical stability report
  matrix range     [1e+00, 2e+02]
  objective range  [1e+00, 1e+06]
  bounds range     [4e-01, 6e+00]
  rhs range        [5e-01, 5e+00]
-------------------------------------------------------------------
 iteration    simulation      bound        time (s)     solves  pid
-------------------------------------------------------------------
         1   9.808323e+05  4.875067e+04  3.882470e-01        51   1
         4   4.764050e+05  1.994791e+05  1.855158e+00       176   1
         5   9.613519e+05  3.563764e+05  3.794459e+00       351   1
         6   2.219674e+06  3.595956e+05  6.039855e+00       538   1
        10   2.140999e+05  4.059448e+05  7.614943e+00       662   1
-------------------------------------------------------------------
status         : iteration_limit
total time (s) : 7.614943e+00
total solves   : 662
best bound     :  4.059448e+05
simulation ci  :  5.755857e+05 ± 4.180163e+05
numeric issues : 0
-------------------------------------------------------------------

-------------------------------------------------------------------
         SDDP.jl (c) Oscar Dowson and contributors, 2017-23
-------------------------------------------------------------------
problem
  nodes           : 1
  state variables : 1
  scenarios       : Inf
  existing cuts   : false
options
  solver          : serial mode
  risk measure    : SDDP.Expectation()
  sampling scheme : SDDP.InSampleMonteCarlo
subproblem structure
  VariableRef                             : [48, 48]
  AffExpr in MOI.EqualTo{Float64}         : [12, 12]
  AffExpr in MOI.GreaterThan{Float64}     : [6, 6]
  AffExpr in MOI.LessThan{Float64}        : [6, 6]
  QuadExpr in MOI.LessThan{Float64}       : [12, 12]
  VariableRef in MOI.GreaterThan{Float64} : [42, 42]
  VariableRef in MOI.LessThan{Float64}    : [39, 39]
numerical stability report
  matrix range     [1e+00, 1e+00]
  objective range  [1e+00, 1e+06]
  bounds range     [3e-01, 6e+00]
  rhs range        [5e-01, 2e+01]
-------------------------------------------------------------------
 iteration    simulation      bound        time (s)     solves  pid
-------------------------------------------------------------------
         1   7.378006e+04  6.704418e+04  4.598620e-01        19   1
         3   3.599570e+04  1.006927e+05  1.632472e+00        57   1
         4   4.698964e+05  1.006562e+05  4.039426e+00       144   1
         5   1.415163e+06  3.494011e+05  1.183077e+01       383   1
         8   1.412643e+05  3.656866e+05  1.704894e+01       572   1
        10   3.109656e+05  3.981138e+05  2.054514e+01       690   1
-------------------------------------------------------------------
status         : iteration_limit
total time (s) : 2.054514e+01
total solves   : 690
best bound     :  3.981138e+05
simulation ci  :  4.832509e+05 ± 2.988466e+05
numeric issues : 0
-------------------------------------------------------------------

-------------------------------------------------------------------
         SDDP.jl (c) Oscar Dowson and contributors, 2017-23
-------------------------------------------------------------------
problem
  nodes           : 1
  state variables : 1
  scenarios       : Inf
  existing cuts   : false
options
  solver          : serial mode
  risk measure    : SDDP.Expectation()
  sampling scheme : SDDP.InSampleMonteCarlo
subproblem structure
  VariableRef                             : [20, 20]
  AffExpr in MOI.EqualTo{Float64}         : [13, 13]
  AffExpr in MOI.GreaterThan{Float64}     : [6, 6]
  AffExpr in MOI.LessThan{Float64}        : [6, 6]
  VariableRef in MOI.GreaterThan{Float64} : [14, 14]
  VariableRef in MOI.LessThan{Float64}    : [11, 11]
numerical stability report
  matrix range     [1e+00, 2e+02]
  objective range  [1e+00, 1e+06]
  bounds range     [4e-01, 6e+00]
  rhs range        [5e-01, 5e+00]
-------------------------------------------------------------------
 iteration    simulation      bound        time (s)     solves  pid
-------------------------------------------------------------------
         1   3.256209e+06  4.849381e+04  7.930820e-01        57   1
         3   5.353521e+06  1.026601e+05  4.924485e+00       252   1
         4   6.969796e+05  3.460277e+05  6.849219e+00       342   1
         5   1.659624e+06  3.530729e+05  8.602374e+00       411   1
         6   4.744200e+05  3.836278e+05  9.872013e+00       474   1
        10   2.626750e+05  4.045338e+05  1.469110e+01       693   1
-------------------------------------------------------------------
status         : iteration_limit
total time (s) : 1.469110e+01
total solves   : 693
best bound     :  4.045338e+05
simulation ci  :  1.301299e+06 ± 1.075577e+06
numeric issues : 0
-------------------------------------------------------------------

-------------------------------------------------------------------
         SDDP.jl (c) Oscar Dowson and contributors, 2017-23
-------------------------------------------------------------------
problem
  nodes           : 5
  state variables : 1
  scenarios       : 1.08000e+02
  existing cuts   : false
options
  solver          : serial mode
  risk measure    : SDDP.Expectation()
  sampling scheme : SDDP.InSampleMonteCarlo
subproblem structure
  VariableRef                             : [7, 7]
  AffExpr in MOI.EqualTo{Float64}         : [2, 2]
  VariableRef in MOI.GreaterThan{Float64} : [5, 5]
  VariableRef in MOI.LessThan{Float64}    : [1, 2]
-------------------------------------------------------------------
 iteration    simulation      bound        time (s)     solves  pid
-------------------------------------------------------------------
         1   1.562500e+04  1.991887e+03  1.837492e-02        18   1
        20   5.000000e+03  8.072917e+03  6.906390e-02       360   1
-------------------------------------------------------------------
status         : iteration_limit
total time (s) : 6.906390e-02
total solves   : 360
best bound     :  8.072917e+03
simulation ci  :  8.739598e+03 ± 3.883680e+03
numeric issues : 0
-------------------------------------------------------------------

-------------------------------------------------------------------
         SDDP.jl (c) Oscar Dowson and contributors, 2017-23
-------------------------------------------------------------------
problem
  nodes           : 3
  state variables : 1
  scenarios       : 1.00000e+00
  existing cuts   : false
options
  solver          : serial mode
  risk measure    : SDDP.Expectation()
  sampling scheme : SDDP.InSampleMonteCarlo
subproblem structure
  VariableRef                             : [5, 5]
  AffExpr in MOI.EqualTo{Float64}         : [2, 2]
  VariableRef in MOI.GreaterThan{Float64} : [4, 4]
  VariableRef in MOI.LessThan{Float64}    : [1, 1]
-------------------------------------------------------------------
 iteration    simulation      bound        time (s)     solves  pid
-------------------------------------------------------------------
         1   6.500000e+00  3.000000e+00  3.520966e-03         6   1
         5   3.500000e+00  3.500000e+00  7.472992e-03        30   1
-------------------------------------------------------------------
status         : iteration_limit
total time (s) : 7.472992e-03
total solves   : 30
best bound     :  3.500000e+00
simulation ci  :  4.100000e+00 ± 1.176000e+00
numeric issues : 0
-------------------------------------------------------------------

-------------------------------------------------------------------
         SDDP.jl (c) Oscar Dowson and contributors, 2017-23
-------------------------------------------------------------------
problem
  nodes           : 3
  state variables : 1
  scenarios       : 1.00000e+00
  existing cuts   : false
options
  solver          : serial mode
  risk measure    : SDDP.Expectation()
  sampling scheme : SDDP.InSampleMonteCarlo
subproblem structure
  VariableRef                             : [5, 5]
  AffExpr in MOI.EqualTo{Float64}         : [2, 2]
  VariableRef in MOI.GreaterThan{Float64} : [4, 4]
  VariableRef in MOI.LessThan{Float64}    : [1, 1]
-------------------------------------------------------------------
 iteration    simulation      bound        time (s)     solves  pid
-------------------------------------------------------------------
         1   6.500000e+00  1.100000e+01  3.417015e-03         6   1
         5   5.500000e+00  1.100000e+01  6.633997e-03        30   1
-------------------------------------------------------------------
status         : iteration_limit
total time (s) : 6.633997e-03
total solves   : 30
best bound     :  1.100000e+01
simulation ci  :  5.700000e+00 ± 3.920000e-01
numeric issues : 0
-------------------------------------------------------------------

